Mplus VERSION 8.8 (Mac)
MUTHEN & MUTHEN
08/21/2024  12:22 AM

INPUT INSTRUCTIONS

  TITLE: Data Analysis for SEM with Latent Interaction

  DATA:
    FILE = /Users/jimmy_z/desktop/Temp_Data/temp_data_195.dat;
    FORMAT = FREE;

  VARIABLE:
    NAMES ARE x1 x2 x3 m1 m2 m3 y;
    USEVARIABLES ARE x1 x2 x3 m1 m2 m3 y;

  ANALYSIS:
    TYPE = RANDOM;
    ESTIMATOR = MLR;
    ALGORITHM = INTEGRATION;
    INTEGRATION = MONTECARLO;

  MODEL:
    eta1 BY x1 x2 x3;
    eta2 BY m1 m2 m3;
    eta3 | eta1 XWITH eta2;
    y ON eta1 eta2 eta3;

  OUTPUT:
    STANDARDIZED;
    TECH1;
    TECH4;





INPUT READING TERMINATED NORMALLY



Data Analysis for SEM with Latent Interaction

SUMMARY OF ANALYSIS

Number of groups                                                 1
Number of observations                                         250

Number of dependent variables                                    7
Number of independent variables                                  0
Number of continuous latent variables                            3

Observed dependent variables

  Continuous
   X1          X2          X3          M1          M2          M3
   Y

Continuous latent variables
   ETA1        ETA2        ETA3


Estimator                                                      MLR
Information matrix                                        OBSERVED
Optimization Specifications for the Quasi-Newton Algorithm for
Continuous Outcomes
  Maximum number of iterations                                 100
  Convergence criterion                                  0.100D-05
Optimization Specifications for the EM Algorithm
  Maximum number of iterations                                 500
  Convergence criteria
    Loglikelihood change                                 0.100D-02
    Relative loglikelihood change                        0.100D-05
    Derivative                                           0.100D-02
Optimization Specifications for the M step of the EM Algorithm for
Categorical Latent variables
  Number of M step iterations                                    1
  M step convergence criterion                           0.100D-02
  Basis for M step termination                           ITERATION
Optimization Specifications for the M step of the EM Algorithm for
Censored, Binary or Ordered Categorical (Ordinal), Unordered
Categorical (Nominal) and Count Outcomes
  Number of M step iterations                                    1
  M step convergence criterion                           0.100D-02
  Basis for M step termination                           ITERATION
  Maximum value for logit thresholds                            15
  Minimum value for logit thresholds                           -15
  Minimum expected cell size for chi-square              0.100D-01
Optimization algorithm                                         EMA
Integration Specifications
  Type                                                  MONTECARLO
  Number of integration points                                2000
  Dimensions of numerical integration                            2
  Adaptive quadrature                                           ON
  Monte Carlo integration seed                                   0
Cholesky                                                       OFF

Input data file(s)
  /Users/jimmy_z/desktop/Temp_Data/temp_data_195.dat
Input data format  FREE



UNIVARIATE SAMPLE STATISTICS


     UNIVARIATE HIGHER-ORDER MOMENT DESCRIPTIVE STATISTICS

         Variable/         Mean/     Skewness/   Minimum/ % with                Percentiles
        Sample Size      Variance    Kurtosis    Maximum  Min/Max      20%/60%    40%/80%    Median

     X1                    0.112       0.296      -3.389    0.40%      -0.987     -0.343      0.018
             250.000       1.733      -0.050       3.977    0.40%       0.303      1.199
     X2                    0.054       0.057      -4.060    0.40%      -1.110     -0.333      0.041
             250.000       1.746       0.022       3.950    0.40%       0.385      1.158
     X3                    0.080       0.021      -2.494    0.40%      -0.690     -0.203      0.008
             250.000       0.920      -0.279       2.935    0.40%       0.310      0.970
     M1                   -0.040       0.013      -3.217    0.40%      -1.088     -0.373     -0.084
             250.000       1.849      -0.208       3.829    0.40%       0.284      1.139
     M2                   -0.049      -0.048      -3.391    0.40%      -1.159     -0.337     -0.014
             250.000       1.518      -0.276       3.383    0.40%       0.243      0.952
     M3                   -0.076      -0.063      -3.247    0.40%      -0.898     -0.300     -0.103
             250.000       1.133       0.435       2.871    0.40%       0.166      0.751
     Y                    -0.026       0.238      -2.757    0.40%      -0.769     -0.283     -0.040
             250.000       0.950       0.851       3.661    0.40%       0.156      0.664


THE MODEL ESTIMATION TERMINATED NORMALLY



MODEL FIT INFORMATION

Number of Free Parameters                       24

Loglikelihood

          H0 Value                       -2449.356
          H0 Scaling Correction Factor      0.9925
            for MLR

Information Criteria

          Akaike (AIC)                    4946.712
          Bayesian (BIC)                  5031.227
          Sample-Size Adjusted BIC        4955.145
            (n* = (n + 2) / 24)



MODEL RESULTS

                                                    Two-Tailed
                    Estimate       S.E.  Est./S.E.    P-Value

 ETA1     BY
    X1                 1.000      0.000    999.000    999.000
    X2                 1.032      0.112      9.241      0.000
    X3                 0.703      0.072      9.739      0.000

 ETA2     BY
    M1                 1.000      0.000    999.000    999.000
    M2                 0.998      0.076     13.214      0.000
    M3                 0.850      0.074     11.479      0.000

 Y          ON
    ETA1               0.343      0.061      5.597      0.000
    ETA2               0.372      0.059      6.301      0.000
    ETA3               0.338      0.056      6.079      0.000

 ETA2     WITH
    ETA1               0.014      0.082      0.174      0.862

 Intercepts
    X1                 0.112      0.083      1.345      0.179
    X2                 0.053      0.083      0.639      0.523
    X3                 0.080      0.060      1.325      0.185
    M1                -0.040      0.086     -0.465      0.642
    M2                -0.049      0.078     -0.624      0.533
    M3                -0.075      0.067     -1.116      0.264
    Y                 -0.031      0.060     -0.508      0.611

 Variances
    ETA1               0.991      0.157      6.318      0.000
    ETA2               1.005      0.152      6.619      0.000

 Residual Variances
    X1                 0.738      0.099      7.487      0.000
    X2                 0.689      0.104      6.641      0.000
    X3                 0.430      0.049      8.824      0.000
    M1                 0.838      0.112      7.514      0.000
    M2                 0.517      0.082      6.282      0.000
    M3                 0.407      0.055      7.445      0.000
    Y                  0.584      0.067      8.653      0.000


QUALITY OF NUMERICAL RESULTS

     Condition Number for the Information Matrix              0.297E-01
       (ratio of smallest to largest eigenvalue)


STANDARDIZED MODEL RESULTS


STDYX Standardization

                                                    Two-Tailed
                    Estimate       S.E.  Est./S.E.    P-Value

 ETA1     BY
    X1                 0.757      0.039     19.465      0.000
    X2                 0.778      0.040     19.667      0.000
    X3                 0.730      0.038     19.281      0.000

 ETA2     BY
    M1                 0.738      0.039     18.820      0.000
    M2                 0.812      0.033     24.453      0.000
    M3                 0.800      0.033     24.548      0.000

 Y          ON
    ETA1               0.349      0.055      6.386      0.000
    ETA2               0.381      0.055      6.885      0.000
    ETA3               0.345      0.052      6.617      0.000

 ETA2     WITH
    ETA1               0.014      0.082      0.174      0.862

 Intercepts
    X1                 0.085      0.062      1.358      0.174
    X2                 0.040      0.063      0.640      0.522
    X3                 0.083      0.063      1.325      0.185
    M1                -0.029      0.063     -0.465      0.642
    M2                -0.039      0.063     -0.624      0.533
    M3                -0.071      0.063     -1.117      0.264
    Y                 -0.031      0.062     -0.507      0.612

 Variances
    ETA1               1.000      0.000    999.000    999.000
    ETA2               1.000      0.000    999.000    999.000

 Residual Variances
    X1                 0.427      0.059      7.248      0.000
    X2                 0.395      0.062      6.419      0.000
    X3                 0.468      0.055      8.470      0.000
    M1                 0.455      0.058      7.848      0.000
    M2                 0.340      0.054      6.312      0.000
    M3                 0.360      0.052      6.889      0.000
    Y                  0.610      0.064      9.498      0.000


STDY Standardization

                                                    Two-Tailed
                    Estimate       S.E.  Est./S.E.    P-Value

 ETA1     BY
    X1                 0.757      0.039     19.465      0.000
    X2                 0.778      0.040     19.667      0.000
    X3                 0.730      0.038     19.281      0.000

 ETA2     BY
    M1                 0.738      0.039     18.820      0.000
    M2                 0.812      0.033     24.453      0.000
    M3                 0.800      0.033     24.548      0.000

 Y          ON
    ETA1               0.349      0.055      6.386      0.000
    ETA2               0.381      0.055      6.885      0.000
    ETA3               0.345      0.052      6.617      0.000

 ETA2     WITH
    ETA1               0.014      0.082      0.174      0.862

 Intercepts
    X1                 0.085      0.062      1.358      0.174
    X2                 0.040      0.063      0.640      0.522
    X3                 0.083      0.063      1.325      0.185
    M1                -0.029      0.063     -0.465      0.642
    M2                -0.039      0.063     -0.624      0.533
    M3                -0.071      0.063     -1.117      0.264
    Y                 -0.031      0.062     -0.507      0.612

 Variances
    ETA1               1.000      0.000    999.000    999.000
    ETA2               1.000      0.000    999.000    999.000

 Residual Variances
    X1                 0.427      0.059      7.248      0.000
    X2                 0.395      0.062      6.419      0.000
    X3                 0.468      0.055      8.470      0.000
    M1                 0.455      0.058      7.848      0.000
    M2                 0.340      0.054      6.312      0.000
    M3                 0.360      0.052      6.889      0.000
    Y                  0.610      0.064      9.498      0.000


STD Standardization

                                                    Two-Tailed
                    Estimate       S.E.  Est./S.E.    P-Value

 ETA1     BY
    X1                 0.995      0.079     12.636      0.000
    X2                 1.028      0.081     12.716      0.000
    X3                 0.700      0.055     12.739      0.000

 ETA2     BY
    M1                 1.002      0.076     13.239      0.000
    M2                 1.001      0.065     15.337      0.000
    M3                 0.852      0.065     13.041      0.000

 Y          ON
    ETA1               0.341      0.060      5.728      0.000
    ETA2               0.373      0.062      5.997      0.000
    ETA3               0.337      0.055      6.152      0.000

 ETA2     WITH
    ETA1               0.014      0.082      0.174      0.862

 Intercepts
    X1                 0.112      0.083      1.345      0.179
    X2                 0.053      0.083      0.639      0.523
    X3                 0.080      0.060      1.325      0.185
    M1                -0.040      0.086     -0.465      0.642
    M2                -0.049      0.078     -0.624      0.533
    M3                -0.075      0.067     -1.116      0.264
    Y                 -0.031      0.060     -0.508      0.611

 Variances
    ETA1               1.000      0.000    999.000    999.000
    ETA2               1.000      0.000    999.000    999.000

 Residual Variances
    X1                 0.738      0.099      7.487      0.000
    X2                 0.689      0.104      6.641      0.000
    X3                 0.430      0.049      8.824      0.000
    M1                 0.838      0.112      7.514      0.000
    M2                 0.517      0.082      6.282      0.000
    M3                 0.407      0.055      7.445      0.000
    Y                  0.584      0.067      8.653      0.000


R-SQUARE

    Observed                                        Two-Tailed
    Variable        Estimate       S.E.  Est./S.E.    P-Value

    X1                 0.573      0.059      9.733      0.000
    X2                 0.605      0.062      9.834      0.000
    X3                 0.532      0.055      9.641      0.000
    M1                 0.545      0.058      9.410      0.000
    M2                 0.660      0.054     12.227      0.000
    M3                 0.640      0.052     12.274      0.000
    Y                  0.390      0.064      6.064      0.000


TECHNICAL 1 OUTPUT


     PARAMETER SPECIFICATION


           NU
              X1            X2            X3            M1            M2
              ________      ________      ________      ________      ________
                    1             2             3             4             5


           NU
              M3            Y
              ________      ________
                    6             0


           LAMBDA
              ETA1          ETA2          ETA3          Y
              ________      ________      ________      ________
 X1                 0             0             0             0
 X2                 7             0             0             0
 X3                 8             0             0             0
 M1                 0             0             0             0
 M2                 0             9             0             0
 M3                 0            10             0             0
 Y                  0             0             0             0


           THETA
              X1            X2            X3            M1            M2
              ________      ________      ________      ________      ________
 X1                11
 X2                 0            12
 X3                 0             0            13
 M1                 0             0             0            14
 M2                 0             0             0             0            15
 M3                 0             0             0             0             0
 Y                  0             0             0             0             0


           THETA
              M3            Y
              ________      ________
 M3                16
 Y                  0             0


           ALPHA
              ETA1          ETA2          ETA3          Y
              ________      ________      ________      ________
                    0             0             0            17


           BETA
              ETA1          ETA2          ETA3          Y
              ________      ________      ________      ________
 ETA1               0             0             0             0
 ETA2               0             0             0             0
 ETA3               0             0             0             0
 Y                 18            19            20             0


           PSI
              ETA1          ETA2          ETA3          Y
              ________      ________      ________      ________
 ETA1              21
 ETA2              22            23
 ETA3               0             0             0
 Y                  0             0             0            24


     STARTING VALUES


           NU
              X1            X2            X3            M1            M2
              ________      ________      ________      ________      ________
                0.112         0.054         0.080        -0.040        -0.049


           NU
              M3            Y
              ________      ________
               -0.076         0.000


           LAMBDA
              ETA1          ETA2          ETA3          Y
              ________      ________      ________      ________
 X1             1.000         0.000         0.000         0.000
 X2             1.000         0.000         0.000         0.000
 X3             1.000         0.000         0.000         0.000
 M1             0.000         1.000         0.000         0.000
 M2             0.000         1.000         0.000         0.000
 M3             0.000         1.000         0.000         0.000
 Y              0.000         0.000         0.000         1.000


           THETA
              X1            X2            X3            M1            M2
              ________      ________      ________      ________      ________
 X1             0.866
 X2             0.000         0.873
 X3             0.000         0.000         0.460
 M1             0.000         0.000         0.000         0.925
 M2             0.000         0.000         0.000         0.000         0.759
 M3             0.000         0.000         0.000         0.000         0.000
 Y              0.000         0.000         0.000         0.000         0.000


           THETA
              M3            Y
              ________      ________
 M3             0.567
 Y              0.000         0.000


           ALPHA
              ETA1          ETA2          ETA3          Y
              ________      ________      ________      ________
                0.000         0.000         0.000        -0.026


           BETA
              ETA1          ETA2          ETA3          Y
              ________      ________      ________      ________
 ETA1           0.000         0.000         0.000         0.000
 ETA2           0.000         0.000         0.000         0.000
 ETA3           0.000         0.000         0.000         0.000
 Y              0.000         0.000         0.000         0.000


           PSI
              ETA1          ETA2          ETA3          Y
              ________      ________      ________      ________
 ETA1           0.050
 ETA2           0.000         0.050
 ETA3           0.000         0.000         0.000
 Y              0.000         0.000         0.000         0.475


TECHNICAL 4 OUTPUT


     ESTIMATES DERIVED FROM THE MODEL


           ESTIMATED MEANS FOR THE LATENT VARIABLES
              ETA1          ETA2          ETA3          Y
              ________      ________      ________      ________
                0.000         0.000         0.014        -0.026


           S.E. FOR ESTIMATED MEANS FOR THE LATENT VARIABLES
              ETA1          ETA2          ETA3          Y
              ________      ________      ________      ________
                0.000         0.000         0.082         0.062


           EST./S.E. FOR ESTIMATED MEANS FOR THE LATENT VARIABLES
              ETA1          ETA2          ETA3          Y
              ________      ________      ________      ________
                0.000         0.000         0.174        -0.418


           TWO-TAILED P-VALUE FOR ESTIMATED MEANS FOR THE LATENT VARIABLES
              ETA1          ETA2          ETA3          Y
              ________      ________      ________      ________
                1.000         1.000         0.862         0.676


           ESTIMATED COVARIANCE MATRIX FOR THE LATENT VARIABLES
              ETA1          ETA2          ETA3          Y
              ________      ________      ________      ________
 ETA1           0.991
 ETA2           0.014         1.005
 ETA3           0.000         0.000         0.996
 Y              0.345         0.379         0.336         0.957


           S.E. FOR ESTIMATED COVARIANCE MATRIX FOR THE LATENT VARIABLES
              ETA1          ETA2          ETA3          Y
              ________      ________      ________      ________
 ETA1           0.157
 ETA2           0.082         0.152
 ETA3           0.000         0.000         0.221
 Y              0.074         0.079         0.076         0.099


           EST./S.E. FOR ESTIMATED COVARIANCE MATRIX FOR THE LATENT VARIABLES
              ETA1          ETA2          ETA3          Y
              ________      ________      ________      ________
 ETA1           6.318
 ETA2           0.174         6.619
 ETA3           0.000         0.000         4.500
 Y              4.660         4.788         4.452         9.672


           TWO-TAILED P-VALUE FOR ESTIMATED COVARIANCE MATRIX FOR THE LATENT VARIABLES
              ETA1          ETA2          ETA3          Y
              ________      ________      ________      ________
 ETA1           0.000
 ETA2           0.862         0.000
 ETA3           1.000         1.000         0.000
 Y              0.000         0.000         0.000         0.000


           ESTIMATED CORRELATION MATRIX FOR THE LATENT VARIABLES
              ETA1          ETA2          ETA3          Y
              ________      ________      ________      ________
 ETA1           1.000
 ETA2           0.014         1.000
 ETA3           0.000         0.000         1.000
 Y              0.354         0.386         0.345         1.000


           S.E. FOR ESTIMATED CORRELATION MATRIX FOR THE LATENT VARIABLES
              ETA1          ETA2          ETA3          Y
              ________      ________      ________      ________
 ETA1           0.000
 ETA2           0.082         0.000
 ETA3           0.000         0.000         0.000
 Y              0.058         0.057         0.052         0.000


           EST./S.E. FOR ESTIMATED CORRELATION MATRIX FOR THE LATENT VARIABLES
              ETA1          ETA2          ETA3          Y
              ________      ________      ________      ________
 ETA1         999.000
 ETA2           0.174       999.000
 ETA3           0.000         0.000       999.000
 Y              6.143         6.720         6.621       999.000


           TWO-TAILED P-VALUE FOR ESTIMATED CORRELATION MATRIX FOR THE LATENT VARIABLES
              ETA1          ETA2          ETA3          Y
              ________      ________      ________      ________
 ETA1           0.000
 ETA2           0.862         0.000
 ETA3           1.000         1.000         0.000
 Y              0.000         0.000         0.000         0.000


     Beginning Time:  00:22:58
        Ending Time:  01:19:13
       Elapsed Time:  00:56:15



MUTHEN & MUTHEN
3463 Stoner Ave.
Los Angeles, CA  90066

Tel: (310) 391-9971
Fax: (310) 391-8971
Web: www.StatModel.com
Support: Support@StatModel.com

Copyright (c) 1998-2022 Muthen & Muthen
