Mplus VERSION 8.8 (Mac)
MUTHEN & MUTHEN
08/20/2024  11:31 PM

INPUT INSTRUCTIONS

  TITLE: Data Analysis for SEM with Latent Interaction

  DATA:
    FILE = /Users/jimmy_z/desktop/Temp_Data/temp_data_45.dat;
    FORMAT = FREE;

  VARIABLE:
    NAMES ARE x1 x2 x3 m1 m2 m3 y;
    USEVARIABLES ARE x1 x2 x3 m1 m2 m3 y;

  ANALYSIS:
    TYPE = RANDOM;
    ESTIMATOR = MLR;
    ALGORITHM = INTEGRATION;
    INTEGRATION = MONTECARLO;

  MODEL:
    eta1 BY x1 x2 x3;
    eta2 BY m1 m2 m3;
    eta3 | eta1 XWITH eta2;
    y ON eta1 eta2 eta3;

  OUTPUT:
    STANDARDIZED;
    TECH1;
    TECH4;





INPUT READING TERMINATED NORMALLY



Data Analysis for SEM with Latent Interaction

SUMMARY OF ANALYSIS

Number of groups                                                 1
Number of observations                                         250

Number of dependent variables                                    7
Number of independent variables                                  0
Number of continuous latent variables                            3

Observed dependent variables

  Continuous
   X1          X2          X3          M1          M2          M3
   Y

Continuous latent variables
   ETA1        ETA2        ETA3


Estimator                                                      MLR
Information matrix                                        OBSERVED
Optimization Specifications for the Quasi-Newton Algorithm for
Continuous Outcomes
  Maximum number of iterations                                 100
  Convergence criterion                                  0.100D-05
Optimization Specifications for the EM Algorithm
  Maximum number of iterations                                 500
  Convergence criteria
    Loglikelihood change                                 0.100D-02
    Relative loglikelihood change                        0.100D-05
    Derivative                                           0.100D-02
Optimization Specifications for the M step of the EM Algorithm for
Categorical Latent variables
  Number of M step iterations                                    1
  M step convergence criterion                           0.100D-02
  Basis for M step termination                           ITERATION
Optimization Specifications for the M step of the EM Algorithm for
Censored, Binary or Ordered Categorical (Ordinal), Unordered
Categorical (Nominal) and Count Outcomes
  Number of M step iterations                                    1
  M step convergence criterion                           0.100D-02
  Basis for M step termination                           ITERATION
  Maximum value for logit thresholds                            15
  Minimum value for logit thresholds                           -15
  Minimum expected cell size for chi-square              0.100D-01
Optimization algorithm                                         EMA
Integration Specifications
  Type                                                  MONTECARLO
  Number of integration points                                2000
  Dimensions of numerical integration                            2
  Adaptive quadrature                                           ON
  Monte Carlo integration seed                                   0
Cholesky                                                       OFF

Input data file(s)
  /Users/jimmy_z/desktop/Temp_Data/temp_data_45.dat
Input data format  FREE



UNIVARIATE SAMPLE STATISTICS


     UNIVARIATE HIGHER-ORDER MOMENT DESCRIPTIVE STATISTICS

         Variable/         Mean/     Skewness/   Minimum/ % with                Percentiles
        Sample Size      Variance    Kurtosis    Maximum  Min/Max      20%/60%    40%/80%    Median

     X1                    0.034      -0.169      -3.548    0.40%      -1.050     -0.322      0.120
             250.000       1.795      -0.324       3.504    0.40%       0.395      1.197
     X2                    0.101      -0.178      -2.777    0.40%      -0.982     -0.115      0.203
             250.000       1.347      -0.454       3.598    0.40%       0.529      1.050
     X3                    0.011       0.047      -2.386    0.40%      -0.795     -0.258      0.031
             250.000       1.045      -0.110       2.605    0.40%       0.246      0.789
     M1                   -0.173       0.083      -3.421    0.40%      -1.373     -0.537     -0.189
             250.000       1.599      -0.351       2.940    0.40%       0.115      0.937
     M2                   -0.115       0.019      -3.541    0.40%      -1.044     -0.457     -0.142
             250.000       1.152      -0.178       2.674    0.40%       0.142      0.905
     M3                   -0.115      -0.126      -2.908    0.40%      -0.894     -0.352     -0.088
             250.000       0.730       0.122       2.137    0.40%       0.123      0.626
     Y                    -0.081       0.000      -2.647    0.40%      -0.853     -0.290     -0.052
             250.000       0.910      -0.053       3.277    0.40%       0.204      0.760


THE MODEL ESTIMATION TERMINATED NORMALLY



MODEL FIT INFORMATION

Number of Free Parameters                       24

Loglikelihood

          H0 Value                       -2398.083
          H0 Scaling Correction Factor      0.9666
            for MLR

Information Criteria

          Akaike (AIC)                    4844.165
          Bayesian (BIC)                  4928.680
          Sample-Size Adjusted BIC        4852.598
            (n* = (n + 2) / 24)



MODEL RESULTS

                                                    Two-Tailed
                    Estimate       S.E.  Est./S.E.    P-Value

 ETA1     BY
    X1                 1.000      0.000    999.000    999.000
    X2                 1.079      0.117      9.235      0.000
    X3                 0.895      0.091      9.862      0.000

 ETA2     BY
    M1                 1.000      0.000    999.000    999.000
    M2                 0.864      0.093      9.255      0.000
    M3                 0.630      0.076      8.237      0.000

 Y          ON
    ETA1               0.204      0.072      2.823      0.005
    ETA2               0.341      0.066      5.199      0.000
    ETA3               0.274      0.088      3.116      0.002

 ETA2     WITH
    ETA1               0.002      0.067      0.033      0.974

 Intercepts
    X1                 0.034      0.085      0.403      0.687
    X2                 0.100      0.073      1.368      0.171
    X3                 0.010      0.065      0.159      0.874
    M1                -0.174      0.080     -2.169      0.030
    M2                -0.115      0.068     -1.695      0.090
    M3                -0.115      0.054     -2.124      0.034
    Y                 -0.082      0.060     -1.358      0.175

 Variances
    ETA1               0.765      0.139      5.507      0.000
    ETA2               0.866      0.140      6.185      0.000

 Residual Variances
    X1                 1.024      0.106      9.683      0.000
    X2                 0.457      0.084      5.427      0.000
    X3                 0.432      0.065      6.614      0.000
    M1                 0.732      0.119      6.174      0.000
    M2                 0.506      0.074      6.877      0.000
    M3                 0.386      0.051      7.529      0.000
    Y                  0.738      0.072     10.281      0.000


QUALITY OF NUMERICAL RESULTS

     Condition Number for the Information Matrix              0.674E-03
       (ratio of smallest to largest eigenvalue)


STANDARDIZED MODEL RESULTS


STDYX Standardization

                                                    Two-Tailed
                    Estimate       S.E.  Est./S.E.    P-Value

 ETA1     BY
    X1                 0.654      0.044     14.822      0.000
    X2                 0.813      0.038     21.183      0.000
    X3                 0.766      0.039     19.499      0.000

 ETA2     BY
    M1                 0.736      0.047     15.504      0.000
    M2                 0.749      0.045     16.475      0.000
    M3                 0.686      0.049     14.077      0.000

 Y          ON
    ETA1               0.186      0.065      2.874      0.004
    ETA2               0.330      0.065      5.068      0.000
    ETA3               0.233      0.065      3.593      0.000

 ETA2     WITH
    ETA1               0.003      0.082      0.033      0.974

 Intercepts
    X1                 0.026      0.064      0.402      0.688
    X2                 0.087      0.064      1.356      0.175
    X3                 0.010      0.063      0.159      0.874
    M1                -0.137      0.064     -2.148      0.032
    M2                -0.107      0.064     -1.690      0.091
    M3                -0.134      0.063     -2.132      0.033
    Y                 -0.085      0.063     -1.355      0.175

 Variances
    ETA1               1.000      0.000    999.000    999.000
    ETA2               1.000      0.000    999.000    999.000

 Residual Variances
    X1                 0.572      0.058      9.918      0.000
    X2                 0.339      0.062      5.438      0.000
    X3                 0.414      0.060      6.881      0.000
    M1                 0.458      0.070      6.552      0.000
    M2                 0.439      0.068      6.458      0.000
    M3                 0.529      0.067      7.912      0.000
    Y                  0.802      0.053     15.165      0.000


STDY Standardization

                                                    Two-Tailed
                    Estimate       S.E.  Est./S.E.    P-Value

 ETA1     BY
    X1                 0.654      0.044     14.822      0.000
    X2                 0.813      0.038     21.183      0.000
    X3                 0.766      0.039     19.499      0.000

 ETA2     BY
    M1                 0.736      0.047     15.504      0.000
    M2                 0.749      0.045     16.475      0.000
    M3                 0.686      0.049     14.077      0.000

 Y          ON
    ETA1               0.186      0.065      2.874      0.004
    ETA2               0.330      0.065      5.068      0.000
    ETA3               0.233      0.065      3.593      0.000

 ETA2     WITH
    ETA1               0.003      0.082      0.033      0.974

 Intercepts
    X1                 0.026      0.064      0.402      0.688
    X2                 0.087      0.064      1.356      0.175
    X3                 0.010      0.063      0.159      0.874
    M1                -0.137      0.064     -2.148      0.032
    M2                -0.107      0.064     -1.690      0.091
    M3                -0.134      0.063     -2.132      0.033
    Y                 -0.085      0.063     -1.355      0.175

 Variances
    ETA1               1.000      0.000    999.000    999.000
    ETA2               1.000      0.000    999.000    999.000

 Residual Variances
    X1                 0.572      0.058      9.918      0.000
    X2                 0.339      0.062      5.438      0.000
    X3                 0.414      0.060      6.881      0.000
    M1                 0.458      0.070      6.552      0.000
    M2                 0.439      0.068      6.458      0.000
    M3                 0.529      0.067      7.912      0.000
    Y                  0.802      0.053     15.165      0.000


STD Standardization

                                                    Two-Tailed
                    Estimate       S.E.  Est./S.E.    P-Value

 ETA1     BY
    X1                 0.875      0.079     11.015      0.000
    X2                 0.944      0.064     14.829      0.000
    X3                 0.783      0.058     13.431      0.000

 ETA2     BY
    M1                 0.931      0.075     12.370      0.000
    M2                 0.804      0.070     11.555      0.000
    M3                 0.586      0.056     10.492      0.000

 Y          ON
    ETA1               0.178      0.062      2.866      0.004
    ETA2               0.317      0.067      4.708      0.000
    ETA3               0.223      0.064      3.478      0.001

 ETA2     WITH
    ETA1               0.003      0.082      0.033      0.974

 Intercepts
    X1                 0.034      0.085      0.403      0.687
    X2                 0.100      0.073      1.368      0.171
    X3                 0.010      0.065      0.159      0.874
    M1                -0.174      0.080     -2.169      0.030
    M2                -0.115      0.068     -1.695      0.090
    M3                -0.115      0.054     -2.124      0.034
    Y                 -0.082      0.060     -1.358      0.175

 Variances
    ETA1               1.000      0.000    999.000    999.000
    ETA2               1.000      0.000    999.000    999.000

 Residual Variances
    X1                 1.024      0.106      9.683      0.000
    X2                 0.457      0.084      5.427      0.000
    X3                 0.432      0.065      6.614      0.000
    M1                 0.732      0.119      6.174      0.000
    M2                 0.506      0.074      6.877      0.000
    M3                 0.386      0.051      7.529      0.000
    Y                  0.738      0.072     10.281      0.000


R-SQUARE

    Observed                                        Two-Tailed
    Variable        Estimate       S.E.  Est./S.E.    P-Value

    X1                 0.428      0.058      7.411      0.000
    X2                 0.661      0.062     10.592      0.000
    X3                 0.586      0.060      9.750      0.000
    M1                 0.542      0.070      7.752      0.000
    M2                 0.561      0.068      8.238      0.000
    M3                 0.471      0.067      7.039      0.000
    Y                  0.198      0.053      3.749      0.000


TECHNICAL 1 OUTPUT


     PARAMETER SPECIFICATION


           NU
              X1            X2            X3            M1            M2
              ________      ________      ________      ________      ________
                    1             2             3             4             5


           NU
              M3            Y
              ________      ________
                    6             0


           LAMBDA
              ETA1          ETA2          ETA3          Y
              ________      ________      ________      ________
 X1                 0             0             0             0
 X2                 7             0             0             0
 X3                 8             0             0             0
 M1                 0             0             0             0
 M2                 0             9             0             0
 M3                 0            10             0             0
 Y                  0             0             0             0


           THETA
              X1            X2            X3            M1            M2
              ________      ________      ________      ________      ________
 X1                11
 X2                 0            12
 X3                 0             0            13
 M1                 0             0             0            14
 M2                 0             0             0             0            15
 M3                 0             0             0             0             0
 Y                  0             0             0             0             0


           THETA
              M3            Y
              ________      ________
 M3                16
 Y                  0             0


           ALPHA
              ETA1          ETA2          ETA3          Y
              ________      ________      ________      ________
                    0             0             0            17


           BETA
              ETA1          ETA2          ETA3          Y
              ________      ________      ________      ________
 ETA1               0             0             0             0
 ETA2               0             0             0             0
 ETA3               0             0             0             0
 Y                 18            19            20             0


           PSI
              ETA1          ETA2          ETA3          Y
              ________      ________      ________      ________
 ETA1              21
 ETA2              22            23
 ETA3               0             0             0
 Y                  0             0             0            24


     STARTING VALUES


           NU
              X1            X2            X3            M1            M2
              ________      ________      ________      ________      ________
                0.034         0.101         0.011        -0.173        -0.115


           NU
              M3            Y
              ________      ________
               -0.115         0.000


           LAMBDA
              ETA1          ETA2          ETA3          Y
              ________      ________      ________      ________
 X1             1.000         0.000         0.000         0.000
 X2             1.000         0.000         0.000         0.000
 X3             1.000         0.000         0.000         0.000
 M1             0.000         1.000         0.000         0.000
 M2             0.000         1.000         0.000         0.000
 M3             0.000         1.000         0.000         0.000
 Y              0.000         0.000         0.000         1.000


           THETA
              X1            X2            X3            M1            M2
              ________      ________      ________      ________      ________
 X1             0.897
 X2             0.000         0.674
 X3             0.000         0.000         0.523
 M1             0.000         0.000         0.000         0.800
 M2             0.000         0.000         0.000         0.000         0.576
 M3             0.000         0.000         0.000         0.000         0.000
 Y              0.000         0.000         0.000         0.000         0.000


           THETA
              M3            Y
              ________      ________
 M3             0.365
 Y              0.000         0.000


           ALPHA
              ETA1          ETA2          ETA3          Y
              ________      ________      ________      ________
                0.000         0.000         0.000        -0.081


           BETA
              ETA1          ETA2          ETA3          Y
              ________      ________      ________      ________
 ETA1           0.000         0.000         0.000         0.000
 ETA2           0.000         0.000         0.000         0.000
 ETA3           0.000         0.000         0.000         0.000
 Y              0.000         0.000         0.000         0.000


           PSI
              ETA1          ETA2          ETA3          Y
              ________      ________      ________      ________
 ETA1           0.050
 ETA2           0.000         0.050
 ETA3           0.000         0.000         0.000
 Y              0.000         0.000         0.000         0.455


TECHNICAL 4 OUTPUT


     ESTIMATES DERIVED FROM THE MODEL


           ESTIMATED MEANS FOR THE LATENT VARIABLES
              ETA1          ETA2          ETA3          Y
              ________      ________      ________      ________
                0.000         0.000         0.002        -0.081


           S.E. FOR ESTIMATED MEANS FOR THE LATENT VARIABLES
              ETA1          ETA2          ETA3          Y
              ________      ________      ________      ________
                0.000         0.000         0.067         0.060


           EST./S.E. FOR ESTIMATED MEANS FOR THE LATENT VARIABLES
              ETA1          ETA2          ETA3          Y
              ________      ________      ________      ________
                0.000         0.000         0.033        -1.342


           TWO-TAILED P-VALUE FOR ESTIMATED MEANS FOR THE LATENT VARIABLES
              ETA1          ETA2          ETA3          Y
              ________      ________      ________      ________
                1.000         1.000         0.974         0.180


           ESTIMATED COVARIANCE MATRIX FOR THE LATENT VARIABLES
              ETA1          ETA2          ETA3          Y
              ________      ________      ________      ________
 ETA1           0.765
 ETA2           0.002         0.866
 ETA3           0.000         0.000         0.663
 Y              0.157         0.295         0.182         0.920


           S.E. FOR ESTIMATED COVARIANCE MATRIX FOR THE LATENT VARIABLES
              ETA1          ETA2          ETA3          Y
              ________      ________      ________      ________
 ETA1           0.139
 ETA2           0.067         0.140
 ETA3           0.000         0.000         0.164
 Y              0.060         0.076         0.055         0.083


           EST./S.E. FOR ESTIMATED COVARIANCE MATRIX FOR THE LATENT VARIABLES
              ETA1          ETA2          ETA3          Y
              ________      ________      ________      ________
 ETA1           5.507
 ETA2           0.033         6.185
 ETA3           0.000         0.000         4.045
 Y              2.592         3.878         3.283        11.153


           TWO-TAILED P-VALUE FOR ESTIMATED COVARIANCE MATRIX FOR THE LATENT VARIABLES
              ETA1          ETA2          ETA3          Y
              ________      ________      ________      ________
 ETA1           0.000
 ETA2           0.974         0.000
 ETA3           1.000         1.000         0.000
 Y              0.010         0.000         0.001         0.000


           ESTIMATED CORRELATION MATRIX FOR THE LATENT VARIABLES
              ETA1          ETA2          ETA3          Y
              ________      ________      ________      ________
 ETA1           1.000
 ETA2           0.003         1.000
 ETA3           0.000         0.000         1.000
 Y              0.187         0.331         0.233         1.000


           S.E. FOR ESTIMATED CORRELATION MATRIX FOR THE LATENT VARIABLES
              ETA1          ETA2          ETA3          Y
              ________      ________      ________      ________
 ETA1           0.000
 ETA2           0.082         0.000
 ETA3           0.000         0.000         0.000
 Y              0.069         0.066         0.065         0.000


           EST./S.E. FOR ESTIMATED CORRELATION MATRIX FOR THE LATENT VARIABLES
              ETA1          ETA2          ETA3          Y
              ________      ________      ________      ________
 ETA1         999.000
 ETA2           0.033       999.000
 ETA3           0.000         0.000       999.000
 Y              2.696         5.016         3.593       999.000


           TWO-TAILED P-VALUE FOR ESTIMATED CORRELATION MATRIX FOR THE LATENT VARIABLES
              ETA1          ETA2          ETA3          Y
              ________      ________      ________      ________
 ETA1           0.000
 ETA2           0.974         0.000
 ETA3           1.000         1.000         0.000
 Y              0.007         0.000         0.000         0.000


     Beginning Time:  23:31:47
        Ending Time:  23:32:39
       Elapsed Time:  00:00:52



MUTHEN & MUTHEN
3463 Stoner Ave.
Los Angeles, CA  90066

Tel: (310) 391-9971
Fax: (310) 391-8971
Web: www.StatModel.com
Support: Support@StatModel.com

Copyright (c) 1998-2022 Muthen & Muthen
