Mplus VERSION 8.8 (Mac)
MUTHEN & MUTHEN
08/20/2024  11:31 PM

INPUT INSTRUCTIONS

  TITLE: Data Analysis for SEM with Latent Interaction

  DATA:
    FILE = /Users/jimmy_z/desktop/Temp_Data/temp_data_47.dat;
    FORMAT = FREE;

  VARIABLE:
    NAMES ARE x1 x2 x3 m1 m2 m3 y;
    USEVARIABLES ARE x1 x2 x3 m1 m2 m3 y;

  ANALYSIS:
    TYPE = RANDOM;
    ESTIMATOR = MLR;
    ALGORITHM = INTEGRATION;
    INTEGRATION = MONTECARLO;

  MODEL:
    eta1 BY x1 x2 x3;
    eta2 BY m1 m2 m3;
    eta3 | eta1 XWITH eta2;
    y ON eta1 eta2 eta3;

  OUTPUT:
    STANDARDIZED;
    TECH1;
    TECH4;





INPUT READING TERMINATED NORMALLY



Data Analysis for SEM with Latent Interaction

SUMMARY OF ANALYSIS

Number of groups                                                 1
Number of observations                                         250

Number of dependent variables                                    7
Number of independent variables                                  0
Number of continuous latent variables                            3

Observed dependent variables

  Continuous
   X1          X2          X3          M1          M2          M3
   Y

Continuous latent variables
   ETA1        ETA2        ETA3


Estimator                                                      MLR
Information matrix                                        OBSERVED
Optimization Specifications for the Quasi-Newton Algorithm for
Continuous Outcomes
  Maximum number of iterations                                 100
  Convergence criterion                                  0.100D-05
Optimization Specifications for the EM Algorithm
  Maximum number of iterations                                 500
  Convergence criteria
    Loglikelihood change                                 0.100D-02
    Relative loglikelihood change                        0.100D-05
    Derivative                                           0.100D-02
Optimization Specifications for the M step of the EM Algorithm for
Categorical Latent variables
  Number of M step iterations                                    1
  M step convergence criterion                           0.100D-02
  Basis for M step termination                           ITERATION
Optimization Specifications for the M step of the EM Algorithm for
Censored, Binary or Ordered Categorical (Ordinal), Unordered
Categorical (Nominal) and Count Outcomes
  Number of M step iterations                                    1
  M step convergence criterion                           0.100D-02
  Basis for M step termination                           ITERATION
  Maximum value for logit thresholds                            15
  Minimum value for logit thresholds                           -15
  Minimum expected cell size for chi-square              0.100D-01
Optimization algorithm                                         EMA
Integration Specifications
  Type                                                  MONTECARLO
  Number of integration points                                2000
  Dimensions of numerical integration                            2
  Adaptive quadrature                                           ON
  Monte Carlo integration seed                                   0
Cholesky                                                       OFF

Input data file(s)
  /Users/jimmy_z/desktop/Temp_Data/temp_data_47.dat
Input data format  FREE



UNIVARIATE SAMPLE STATISTICS


     UNIVARIATE HIGHER-ORDER MOMENT DESCRIPTIVE STATISTICS

         Variable/         Mean/     Skewness/   Minimum/ % with                Percentiles
        Sample Size      Variance    Kurtosis    Maximum  Min/Max      20%/60%    40%/80%    Median

     X1                   -0.017      -0.122      -4.103    0.40%      -1.178     -0.331     -0.018
             250.000       1.978      -0.094       3.355    0.40%       0.213      1.237
     X2                    0.023       0.248      -2.798    0.40%      -0.985     -0.346     -0.028
             250.000       1.449      -0.094       3.633    0.40%       0.250      1.050
     X3                    0.031       0.108      -2.625    0.40%      -0.844     -0.246      0.107
             250.000       0.960      -0.178       2.937    0.40%       0.301      0.844
     M1                   -0.132      -0.146      -4.647    0.40%      -1.228     -0.472     -0.054
             250.000       1.775       0.485       4.271    0.40%       0.248      0.942
     M2                   -0.117      -0.151      -3.843    0.40%      -1.128     -0.342     -0.113
             250.000       1.343       0.221       3.223    0.40%       0.162      0.821
     M3                    0.008       0.066      -3.409    0.40%      -0.790     -0.226     -0.043
             250.000       0.900       0.729       3.175    0.40%       0.194      0.757
     Y                    -0.052      -0.213      -3.573    0.40%      -0.894     -0.359     -0.008
             250.000       1.200       0.282       3.113    0.40%       0.271      0.888


THE MODEL ESTIMATION TERMINATED NORMALLY



MODEL FIT INFORMATION

Number of Free Parameters                       24

Loglikelihood

          H0 Value                       -2450.706
          H0 Scaling Correction Factor      1.0348
            for MLR

Information Criteria

          Akaike (AIC)                    4949.412
          Bayesian (BIC)                  5033.928
          Sample-Size Adjusted BIC        4957.845
            (n* = (n + 2) / 24)



MODEL RESULTS

                                                    Two-Tailed
                    Estimate       S.E.  Est./S.E.    P-Value

 ETA1     BY
    X1                 1.000      0.000    999.000    999.000
    X2                 0.900      0.108      8.316      0.000
    X3                 0.703      0.074      9.435      0.000

 ETA2     BY
    M1                 1.000      0.000    999.000    999.000
    M2                 1.034      0.105      9.850      0.000
    M3                 0.785      0.081      9.640      0.000

 Y          ON
    ETA1               0.242      0.068      3.569      0.000
    ETA2               0.471      0.095      4.948      0.000
    ETA3               0.222      0.088      2.514      0.012

 ETA2     WITH
    ETA1              -0.028      0.073     -0.382      0.703

 Intercepts
    X1                -0.017      0.089     -0.192      0.848
    X2                 0.023      0.076      0.297      0.767
    X3                 0.030      0.062      0.489      0.624
    M1                -0.132      0.084     -1.568      0.117
    M2                -0.118      0.073     -1.604      0.109
    M3                 0.007      0.060      0.124      0.901
    Y                 -0.046      0.068     -0.684      0.494

 Variances
    ETA1               1.078      0.189      5.695      0.000
    ETA2               0.884      0.146      6.066      0.000

 Residual Variances
    X1                 0.897      0.122      7.337      0.000
    X2                 0.576      0.093      6.203      0.000
    X3                 0.427      0.051      8.438      0.000
    M1                 0.886      0.106      8.328      0.000
    M2                 0.398      0.069      5.778      0.000
    M3                 0.355      0.058      6.127      0.000
    Y                  0.891      0.090      9.871      0.000


QUALITY OF NUMERICAL RESULTS

     Condition Number for the Information Matrix              0.651E-03
       (ratio of smallest to largest eigenvalue)


STANDARDIZED MODEL RESULTS


STDYX Standardization

                                                    Two-Tailed
                    Estimate       S.E.  Est./S.E.    P-Value

 ETA1     BY
    X1                 0.739      0.045     16.548      0.000
    X2                 0.776      0.044     17.731      0.000
    X3                 0.745      0.039     19.197      0.000

 ETA2     BY
    M1                 0.707      0.037     19.194      0.000
    M2                 0.839      0.034     24.344      0.000
    M3                 0.778      0.043     18.220      0.000

 Y          ON
    ETA1               0.231      0.059      3.890      0.000
    ETA2               0.406      0.069      5.897      0.000
    ETA3               0.198      0.078      2.542      0.011

 ETA2     WITH
    ETA1              -0.028      0.074     -0.383      0.702

 Intercepts
    X1                -0.012      0.063     -0.192      0.847
    X2                 0.019      0.063      0.297      0.766
    X3                 0.031      0.063      0.490      0.624
    M1                -0.099      0.063     -1.574      0.116
    M2                -0.102      0.063     -1.612      0.107
    M3                 0.008      0.063      0.124      0.901
    Y                 -0.042      0.062     -0.687      0.492

 Variances
    ETA1               1.000      0.000    999.000    999.000
    ETA2               1.000      0.000    999.000    999.000

 Residual Variances
    X1                 0.454      0.066      6.885      0.000
    X2                 0.398      0.068      5.854      0.000
    X3                 0.445      0.058      7.701      0.000
    M1                 0.501      0.052      9.616      0.000
    M2                 0.297      0.058      5.134      0.000
    M3                 0.394      0.066      5.929      0.000
    Y                  0.748      0.054     13.973      0.000


STDY Standardization

                                                    Two-Tailed
                    Estimate       S.E.  Est./S.E.    P-Value

 ETA1     BY
    X1                 0.739      0.045     16.548      0.000
    X2                 0.776      0.044     17.731      0.000
    X3                 0.745      0.039     19.197      0.000

 ETA2     BY
    M1                 0.707      0.037     19.194      0.000
    M2                 0.839      0.034     24.344      0.000
    M3                 0.778      0.043     18.220      0.000

 Y          ON
    ETA1               0.231      0.059      3.890      0.000
    ETA2               0.406      0.069      5.897      0.000
    ETA3               0.198      0.078      2.542      0.011

 ETA2     WITH
    ETA1              -0.028      0.074     -0.383      0.702

 Intercepts
    X1                -0.012      0.063     -0.192      0.847
    X2                 0.019      0.063      0.297      0.766
    X3                 0.031      0.063      0.490      0.624
    M1                -0.099      0.063     -1.574      0.116
    M2                -0.102      0.063     -1.612      0.107
    M3                 0.008      0.063      0.124      0.901
    Y                 -0.042      0.062     -0.687      0.492

 Variances
    ETA1               1.000      0.000    999.000    999.000
    ETA2               1.000      0.000    999.000    999.000

 Residual Variances
    X1                 0.454      0.066      6.885      0.000
    X2                 0.398      0.068      5.854      0.000
    X3                 0.445      0.058      7.701      0.000
    M1                 0.501      0.052      9.616      0.000
    M2                 0.297      0.058      5.134      0.000
    M3                 0.394      0.066      5.929      0.000
    Y                  0.748      0.054     13.973      0.000


STD Standardization

                                                    Two-Tailed
                    Estimate       S.E.  Est./S.E.    P-Value

 ETA1     BY
    X1                 1.038      0.091     11.390      0.000
    X2                 0.934      0.077     12.064      0.000
    X3                 0.730      0.059     12.346      0.000

 ETA2     BY
    M1                 0.940      0.077     12.133      0.000
    M2                 0.972      0.073     13.264      0.000
    M3                 0.738      0.065     11.317      0.000

 Y          ON
    ETA1               0.252      0.065      3.849      0.000
    ETA2               0.442      0.085      5.230      0.000
    ETA3               0.216      0.085      2.547      0.011

 ETA2     WITH
    ETA1              -0.028      0.074     -0.383      0.702

 Intercepts
    X1                -0.017      0.089     -0.192      0.848
    X2                 0.023      0.076      0.297      0.767
    X3                 0.030      0.062      0.489      0.624
    M1                -0.132      0.084     -1.568      0.117
    M2                -0.118      0.073     -1.604      0.109
    M3                 0.007      0.060      0.124      0.901
    Y                 -0.046      0.068     -0.684      0.494

 Variances
    ETA1               1.000      0.000    999.000    999.000
    ETA2               1.000      0.000    999.000    999.000

 Residual Variances
    X1                 0.897      0.122      7.337      0.000
    X2                 0.576      0.093      6.203      0.000
    X3                 0.427      0.051      8.438      0.000
    M1                 0.886      0.106      8.328      0.000
    M2                 0.398      0.069      5.778      0.000
    M3                 0.355      0.058      6.127      0.000
    Y                  0.891      0.090      9.871      0.000


R-SQUARE

    Observed                                        Two-Tailed
    Variable        Estimate       S.E.  Est./S.E.    P-Value

    X1                 0.546      0.066      8.274      0.000
    X2                 0.602      0.068      8.866      0.000
    X3                 0.555      0.058      9.598      0.000
    M1                 0.499      0.052      9.597      0.000
    M2                 0.703      0.058     12.172      0.000
    M3                 0.606      0.066      9.110      0.000
    Y                  0.252      0.054      4.700      0.000


TECHNICAL 1 OUTPUT


     PARAMETER SPECIFICATION


           NU
              X1            X2            X3            M1            M2
              ________      ________      ________      ________      ________
                    1             2             3             4             5


           NU
              M3            Y
              ________      ________
                    6             0


           LAMBDA
              ETA1          ETA2          ETA3          Y
              ________      ________      ________      ________
 X1                 0             0             0             0
 X2                 7             0             0             0
 X3                 8             0             0             0
 M1                 0             0             0             0
 M2                 0             9             0             0
 M3                 0            10             0             0
 Y                  0             0             0             0


           THETA
              X1            X2            X3            M1            M2
              ________      ________      ________      ________      ________
 X1                11
 X2                 0            12
 X3                 0             0            13
 M1                 0             0             0            14
 M2                 0             0             0             0            15
 M3                 0             0             0             0             0
 Y                  0             0             0             0             0


           THETA
              M3            Y
              ________      ________
 M3                16
 Y                  0             0


           ALPHA
              ETA1          ETA2          ETA3          Y
              ________      ________      ________      ________
                    0             0             0            17


           BETA
              ETA1          ETA2          ETA3          Y
              ________      ________      ________      ________
 ETA1               0             0             0             0
 ETA2               0             0             0             0
 ETA3               0             0             0             0
 Y                 18            19            20             0


           PSI
              ETA1          ETA2          ETA3          Y
              ________      ________      ________      ________
 ETA1              21
 ETA2              22            23
 ETA3               0             0             0
 Y                  0             0             0            24


     STARTING VALUES


           NU
              X1            X2            X3            M1            M2
              ________      ________      ________      ________      ________
               -0.017         0.023         0.031        -0.132        -0.117


           NU
              M3            Y
              ________      ________
                0.008         0.000


           LAMBDA
              ETA1          ETA2          ETA3          Y
              ________      ________      ________      ________
 X1             1.000         0.000         0.000         0.000
 X2             1.000         0.000         0.000         0.000
 X3             1.000         0.000         0.000         0.000
 M1             0.000         1.000         0.000         0.000
 M2             0.000         1.000         0.000         0.000
 M3             0.000         1.000         0.000         0.000
 Y              0.000         0.000         0.000         1.000


           THETA
              X1            X2            X3            M1            M2
              ________      ________      ________      ________      ________
 X1             0.989
 X2             0.000         0.725
 X3             0.000         0.000         0.480
 M1             0.000         0.000         0.000         0.887
 M2             0.000         0.000         0.000         0.000         0.671
 M3             0.000         0.000         0.000         0.000         0.000
 Y              0.000         0.000         0.000         0.000         0.000


           THETA
              M3            Y
              ________      ________
 M3             0.450
 Y              0.000         0.000


           ALPHA
              ETA1          ETA2          ETA3          Y
              ________      ________      ________      ________
                0.000         0.000         0.000        -0.052


           BETA
              ETA1          ETA2          ETA3          Y
              ________      ________      ________      ________
 ETA1           0.000         0.000         0.000         0.000
 ETA2           0.000         0.000         0.000         0.000
 ETA3           0.000         0.000         0.000         0.000
 Y              0.000         0.000         0.000         0.000


           PSI
              ETA1          ETA2          ETA3          Y
              ________      ________      ________      ________
 ETA1           0.050
 ETA2           0.000         0.050
 ETA3           0.000         0.000         0.000
 Y              0.000         0.000         0.000         0.600


TECHNICAL 4 OUTPUT


     ESTIMATES DERIVED FROM THE MODEL


           ESTIMATED MEANS FOR THE LATENT VARIABLES
              ETA1          ETA2          ETA3          Y
              ________      ________      ________      ________
                0.000         0.000        -0.028        -0.052


           S.E. FOR ESTIMATED MEANS FOR THE LATENT VARIABLES
              ETA1          ETA2          ETA3          Y
              ________      ________      ________      ________
                0.000         0.000         0.073         0.069


           EST./S.E. FOR ESTIMATED MEANS FOR THE LATENT VARIABLES
              ETA1          ETA2          ETA3          Y
              ________      ________      ________      ________
                0.000         0.000        -0.382        -0.758


           TWO-TAILED P-VALUE FOR ESTIMATED MEANS FOR THE LATENT VARIABLES
              ETA1          ETA2          ETA3          Y
              ________      ________      ________      ________
                1.000         1.000         0.703         0.449


           ESTIMATED COVARIANCE MATRIX FOR THE LATENT VARIABLES
              ETA1          ETA2          ETA3          Y
              ________      ________      ________      ________
 ETA1           1.078
 ETA2          -0.028         0.884
 ETA3           0.000         0.000         0.954
 Y              0.248         0.409         0.211         1.190


           S.E. FOR ESTIMATED COVARIANCE MATRIX FOR THE LATENT VARIABLES
              ETA1          ETA2          ETA3          Y
              ________      ________      ________      ________
 ETA1           0.189
 ETA2           0.073         0.146
 ETA3           0.000         0.000         0.219
 Y              0.073         0.089         0.089         0.114


           EST./S.E. FOR ESTIMATED COVARIANCE MATRIX FOR THE LATENT VARIABLES
              ETA1          ETA2          ETA3          Y
              ________      ________      ________      ________
 ETA1           5.695
 ETA2          -0.382         6.066
 ETA3           0.000         0.000         4.356
 Y              3.416         4.593         2.379        10.460


           TWO-TAILED P-VALUE FOR ESTIMATED COVARIANCE MATRIX FOR THE LATENT VARIABLES
              ETA1          ETA2          ETA3          Y
              ________      ________      ________      ________
 ETA1           0.000
 ETA2           0.703         0.000
 ETA3           1.000         1.000         0.000
 Y              0.001         0.000         0.017         0.000


           ESTIMATED CORRELATION MATRIX FOR THE LATENT VARIABLES
              ETA1          ETA2          ETA3          Y
              ________      ________      ________      ________
 ETA1           1.000
 ETA2          -0.028         1.000
 ETA3           0.000         0.000         1.000
 Y              0.219         0.399         0.198         1.000


           S.E. FOR ESTIMATED CORRELATION MATRIX FOR THE LATENT VARIABLES
              ETA1          ETA2          ETA3          Y
              ________      ________      ________      ________
 ETA1           0.000
 ETA2           0.074         0.000
 ETA3           0.000         0.000         0.000
 Y              0.061         0.071         0.078         0.000


           EST./S.E. FOR ESTIMATED CORRELATION MATRIX FOR THE LATENT VARIABLES
              ETA1          ETA2          ETA3          Y
              ________      ________      ________      ________
 ETA1         999.000
 ETA2          -0.383       999.000
 ETA3           0.000         0.000       999.000
 Y              3.606         5.619         2.541       999.000


           TWO-TAILED P-VALUE FOR ESTIMATED CORRELATION MATRIX FOR THE LATENT VARIABLES
              ETA1          ETA2          ETA3          Y
              ________      ________      ________      ________
 ETA1           0.000
 ETA2           0.702         0.000
 ETA3           1.000         1.000         0.000
 Y              0.000         0.000         0.011         0.000


     Beginning Time:  23:31:54
        Ending Time:  23:32:48
       Elapsed Time:  00:00:54



MUTHEN & MUTHEN
3463 Stoner Ave.
Los Angeles, CA  90066

Tel: (310) 391-9971
Fax: (310) 391-8971
Web: www.StatModel.com
Support: Support@StatModel.com

Copyright (c) 1998-2022 Muthen & Muthen
