Mplus VERSION 8.8 (Mac)
MUTHEN & MUTHEN
08/20/2024  10:48 PM

INPUT INSTRUCTIONS

  TITLE: Data Analysis for SEM with Latent Interaction

  DATA:
    FILE = /Users/jimmy_z/desktop/Temp_Data/temp_data_298.dat;
    FORMAT = FREE;

  VARIABLE:
    NAMES ARE x1 x2 x3 m1 m2 m3 y;
    USEVARIABLES ARE x1 x2 x3 m1 m2 m3 y;

  ANALYSIS:
    TYPE = RANDOM;
    ESTIMATOR = MLR;
    ALGORITHM = INTEGRATION;
    INTEGRATION = MONTECARLO;

  MODEL:
    eta1 BY x1 x2 x3;
    eta2 BY m1 m2 m3;
    eta3 | eta1 XWITH eta2;
    y ON eta1 eta2 eta3;

  OUTPUT:
    STANDARDIZED;
    TECH1;
    TECH4;





INPUT READING TERMINATED NORMALLY



Data Analysis for SEM with Latent Interaction

SUMMARY OF ANALYSIS

Number of groups                                                 1
Number of observations                                         250

Number of dependent variables                                    7
Number of independent variables                                  0
Number of continuous latent variables                            3

Observed dependent variables

  Continuous
   X1          X2          X3          M1          M2          M3
   Y

Continuous latent variables
   ETA1        ETA2        ETA3


Estimator                                                      MLR
Information matrix                                        OBSERVED
Optimization Specifications for the Quasi-Newton Algorithm for
Continuous Outcomes
  Maximum number of iterations                                 100
  Convergence criterion                                  0.100D-05
Optimization Specifications for the EM Algorithm
  Maximum number of iterations                                 500
  Convergence criteria
    Loglikelihood change                                 0.100D-02
    Relative loglikelihood change                        0.100D-05
    Derivative                                           0.100D-02
Optimization Specifications for the M step of the EM Algorithm for
Categorical Latent variables
  Number of M step iterations                                    1
  M step convergence criterion                           0.100D-02
  Basis for M step termination                           ITERATION
Optimization Specifications for the M step of the EM Algorithm for
Censored, Binary or Ordered Categorical (Ordinal), Unordered
Categorical (Nominal) and Count Outcomes
  Number of M step iterations                                    1
  M step convergence criterion                           0.100D-02
  Basis for M step termination                           ITERATION
  Maximum value for logit thresholds                            15
  Minimum value for logit thresholds                           -15
  Minimum expected cell size for chi-square              0.100D-01
Optimization algorithm                                         EMA
Integration Specifications
  Type                                                  MONTECARLO
  Number of integration points                                2000
  Dimensions of numerical integration                            2
  Adaptive quadrature                                           ON
  Monte Carlo integration seed                                   0
Cholesky                                                       OFF

Input data file(s)
  /Users/jimmy_z/desktop/Temp_Data/temp_data_298.dat
Input data format  FREE



UNIVARIATE SAMPLE STATISTICS


     UNIVARIATE HIGHER-ORDER MOMENT DESCRIPTIVE STATISTICS

         Variable/         Mean/     Skewness/   Minimum/ % with                Percentiles
        Sample Size      Variance    Kurtosis    Maximum  Min/Max      20%/60%    40%/80%    Median

     X1                    0.029       0.172      -3.202    0.40%      -1.088     -0.452     -0.019
             250.000       2.044      -0.258       3.929    0.40%       0.345      1.222
     X2                   -0.038      -0.177      -4.712    0.40%      -1.067     -0.390     -0.036
             250.000       1.628       0.665       3.417    0.40%       0.308      0.961
     X3                    0.121       0.316      -3.248    0.40%      -0.950     -0.244      0.103
             250.000       1.330       0.037       3.188    0.40%       0.416      1.002
     M1                    0.010      -0.032      -4.472    0.40%      -1.416     -0.424     -0.024
             250.000       2.694      -0.288       4.301    0.40%       0.393      1.474
     M2                    0.054       0.257      -3.758    0.40%      -1.058     -0.329      0.024
             250.000       1.805       0.799       5.245    0.40%       0.311      1.078
     M3                    0.035       0.100      -2.833    0.40%      -0.867     -0.213     -0.005
             250.000       1.193       0.226       3.419    0.40%       0.239      0.863
     Y                     0.030       0.338      -2.342    0.40%      -0.873     -0.255     -0.063
             250.000       0.965       0.001       2.898    0.40%       0.170      0.952


THE MODEL ESTIMATION TERMINATED NORMALLY



MODEL FIT INFORMATION

Number of Free Parameters                       24

Loglikelihood

          H0 Value                       -2740.601
          H0 Scaling Correction Factor      1.0218
            for MLR

Information Criteria

          Akaike (AIC)                    5529.201
          Bayesian (BIC)                  5613.716
          Sample-Size Adjusted BIC        5537.634
            (n* = (n + 2) / 24)



MODEL RESULTS

                                                    Two-Tailed
                    Estimate       S.E.  Est./S.E.    P-Value

 ETA1     BY
    X1                 1.000      0.000    999.000    999.000
    X2                 0.824      0.136      6.045      0.000
    X3                 0.773      0.131      5.924      0.000

 ETA2     BY
    M1                 1.000      0.000    999.000    999.000
    M2                 0.800      0.108      7.392      0.000
    M3                 0.702      0.088      8.004      0.000

 Y          ON
    ETA1               0.212      0.080      2.653      0.008
    ETA2               0.257      0.074      3.447      0.001
    ETA3               0.271      0.084      3.207      0.001

 ETA2     WITH
    ETA1              -0.037      0.095     -0.387      0.699

 Intercepts
    X1                 0.029      0.090      0.319      0.750
    X2                -0.038      0.081     -0.468      0.640
    X3                 0.121      0.073      1.661      0.097
    M1                 0.011      0.104      0.105      0.916
    M2                 0.055      0.085      0.645      0.519
    M3                 0.036      0.069      0.516      0.606
    Y                  0.040      0.062      0.652      0.515

 Variances
    ETA1               0.892      0.209      4.258      0.000
    ETA2               1.193      0.239      4.993      0.000

 Residual Variances
    X1                 1.155      0.183      6.292      0.000
    X2                 1.022      0.141      7.238      0.000
    X3                 0.797      0.111      7.147      0.000
    M1                 1.508      0.199      7.572      0.000
    M2                 1.042      0.133      7.837      0.000
    M3                 0.605      0.085      7.153      0.000
    Y                  0.756      0.073     10.296      0.000


QUALITY OF NUMERICAL RESULTS

     Condition Number for the Information Matrix              0.194E-01
       (ratio of smallest to largest eigenvalue)


STANDARDIZED MODEL RESULTS


STDYX Standardization

                                                    Two-Tailed
                    Estimate       S.E.  Est./S.E.    P-Value

 ETA1     BY
    X1                 0.660      0.067      9.926      0.000
    X2                 0.610      0.064      9.511      0.000
    X3                 0.633      0.065      9.695      0.000

 ETA2     BY
    M1                 0.665      0.054     12.379      0.000
    M2                 0.650      0.056     11.548      0.000
    M3                 0.702      0.051     13.858      0.000

 Y          ON
    ETA1               0.206      0.075      2.734      0.006
    ETA2               0.288      0.073      3.920      0.000
    ETA3               0.287      0.075      3.811      0.000

 ETA2     WITH
    ETA1              -0.036      0.091     -0.393      0.695

 Intercepts
    X1                 0.020      0.063      0.320      0.749
    X2                -0.030      0.063     -0.469      0.639
    X3                 0.105      0.062      1.684      0.092
    M1                 0.007      0.063      0.105      0.916
    M2                 0.041      0.063      0.648      0.517
    M3                 0.033      0.063      0.516      0.606
    Y                  0.041      0.063      0.656      0.512

 Variances
    ETA1               1.000      0.000    999.000    999.000
    ETA2               1.000      0.000    999.000    999.000

 Residual Variances
    X1                 0.564      0.088      6.424      0.000
    X2                 0.628      0.078      8.027      0.000
    X3                 0.599      0.083      7.240      0.000
    M1                 0.558      0.071      7.824      0.000
    M2                 0.577      0.073      7.885      0.000
    M3                 0.508      0.071      7.143      0.000
    Y                  0.797      0.070     11.369      0.000


STDY Standardization

                                                    Two-Tailed
                    Estimate       S.E.  Est./S.E.    P-Value

 ETA1     BY
    X1                 0.660      0.067      9.926      0.000
    X2                 0.610      0.064      9.511      0.000
    X3                 0.633      0.065      9.695      0.000

 ETA2     BY
    M1                 0.665      0.054     12.379      0.000
    M2                 0.650      0.056     11.548      0.000
    M3                 0.702      0.051     13.858      0.000

 Y          ON
    ETA1               0.206      0.075      2.734      0.006
    ETA2               0.288      0.073      3.920      0.000
    ETA3               0.287      0.075      3.811      0.000

 ETA2     WITH
    ETA1              -0.036      0.091     -0.393      0.695

 Intercepts
    X1                 0.020      0.063      0.320      0.749
    X2                -0.030      0.063     -0.469      0.639
    X3                 0.105      0.062      1.684      0.092
    M1                 0.007      0.063      0.105      0.916
    M2                 0.041      0.063      0.648      0.517
    M3                 0.033      0.063      0.516      0.606
    Y                  0.041      0.063      0.656      0.512

 Variances
    ETA1               1.000      0.000    999.000    999.000
    ETA2               1.000      0.000    999.000    999.000

 Residual Variances
    X1                 0.564      0.088      6.424      0.000
    X2                 0.628      0.078      8.027      0.000
    X3                 0.599      0.083      7.240      0.000
    M1                 0.558      0.071      7.824      0.000
    M2                 0.577      0.073      7.885      0.000
    M3                 0.508      0.071      7.143      0.000
    Y                  0.797      0.070     11.369      0.000


STD Standardization

                                                    Two-Tailed
                    Estimate       S.E.  Est./S.E.    P-Value

 ETA1     BY
    X1                 0.944      0.111      8.517      0.000
    X2                 0.778      0.101      7.735      0.000
    X3                 0.730      0.091      8.023      0.000

 ETA2     BY
    M1                 1.092      0.109      9.985      0.000
    M2                 0.874      0.104      8.434      0.000
    M3                 0.766      0.076     10.130      0.000

 Y          ON
    ETA1               0.201      0.075      2.679      0.007
    ETA2               0.280      0.077      3.619      0.000
    ETA3               0.279      0.076      3.660      0.000

 ETA2     WITH
    ETA1              -0.036      0.091     -0.393      0.695

 Intercepts
    X1                 0.029      0.090      0.319      0.750
    X2                -0.038      0.081     -0.468      0.640
    X3                 0.121      0.073      1.661      0.097
    M1                 0.011      0.104      0.105      0.916
    M2                 0.055      0.085      0.645      0.519
    M3                 0.036      0.069      0.516      0.606
    Y                  0.040      0.062      0.652      0.515

 Variances
    ETA1               1.000      0.000    999.000    999.000
    ETA2               1.000      0.000    999.000    999.000

 Residual Variances
    X1                 1.155      0.183      6.292      0.000
    X2                 1.022      0.141      7.238      0.000
    X3                 0.797      0.111      7.147      0.000
    M1                 1.508      0.199      7.572      0.000
    M2                 1.042      0.133      7.837      0.000
    M3                 0.605      0.085      7.153      0.000
    Y                  0.756      0.073     10.296      0.000


R-SQUARE

    Observed                                        Two-Tailed
    Variable        Estimate       S.E.  Est./S.E.    P-Value

    X1                 0.436      0.088      4.963      0.000
    X2                 0.372      0.078      4.755      0.000
    X3                 0.401      0.083      4.847      0.000
    M1                 0.442      0.071      6.189      0.000
    M2                 0.423      0.073      5.774      0.000
    M3                 0.492      0.071      6.929      0.000
    Y                  0.203      0.070      2.900      0.004


TECHNICAL 1 OUTPUT


     PARAMETER SPECIFICATION


           NU
              X1            X2            X3            M1            M2
              ________      ________      ________      ________      ________
                    1             2             3             4             5


           NU
              M3            Y
              ________      ________
                    6             0


           LAMBDA
              ETA1          ETA2          ETA3          Y
              ________      ________      ________      ________
 X1                 0             0             0             0
 X2                 7             0             0             0
 X3                 8             0             0             0
 M1                 0             0             0             0
 M2                 0             9             0             0
 M3                 0            10             0             0
 Y                  0             0             0             0


           THETA
              X1            X2            X3            M1            M2
              ________      ________      ________      ________      ________
 X1                11
 X2                 0            12
 X3                 0             0            13
 M1                 0             0             0            14
 M2                 0             0             0             0            15
 M3                 0             0             0             0             0
 Y                  0             0             0             0             0


           THETA
              M3            Y
              ________      ________
 M3                16
 Y                  0             0


           ALPHA
              ETA1          ETA2          ETA3          Y
              ________      ________      ________      ________
                    0             0             0            17


           BETA
              ETA1          ETA2          ETA3          Y
              ________      ________      ________      ________
 ETA1               0             0             0             0
 ETA2               0             0             0             0
 ETA3               0             0             0             0
 Y                 18            19            20             0


           PSI
              ETA1          ETA2          ETA3          Y
              ________      ________      ________      ________
 ETA1              21
 ETA2              22            23
 ETA3               0             0             0
 Y                  0             0             0            24


     STARTING VALUES


           NU
              X1            X2            X3            M1            M2
              ________      ________      ________      ________      ________
                0.029        -0.038         0.121         0.010         0.054


           NU
              M3            Y
              ________      ________
                0.035         0.000


           LAMBDA
              ETA1          ETA2          ETA3          Y
              ________      ________      ________      ________
 X1             1.000         0.000         0.000         0.000
 X2             1.000         0.000         0.000         0.000
 X3             1.000         0.000         0.000         0.000
 M1             0.000         1.000         0.000         0.000
 M2             0.000         1.000         0.000         0.000
 M3             0.000         1.000         0.000         0.000
 Y              0.000         0.000         0.000         1.000


           THETA
              X1            X2            X3            M1            M2
              ________      ________      ________      ________      ________
 X1             1.022
 X2             0.000         0.814
 X3             0.000         0.000         0.665
 M1             0.000         0.000         0.000         1.347
 M2             0.000         0.000         0.000         0.000         0.903
 M3             0.000         0.000         0.000         0.000         0.000
 Y              0.000         0.000         0.000         0.000         0.000


           THETA
              M3            Y
              ________      ________
 M3             0.596
 Y              0.000         0.000


           ALPHA
              ETA1          ETA2          ETA3          Y
              ________      ________      ________      ________
                0.000         0.000         0.000         0.030


           BETA
              ETA1          ETA2          ETA3          Y
              ________      ________      ________      ________
 ETA1           0.000         0.000         0.000         0.000
 ETA2           0.000         0.000         0.000         0.000
 ETA3           0.000         0.000         0.000         0.000
 Y              0.000         0.000         0.000         0.000


           PSI
              ETA1          ETA2          ETA3          Y
              ________      ________      ________      ________
 ETA1           0.050
 ETA2           0.000         0.050
 ETA3           0.000         0.000         0.000
 Y              0.000         0.000         0.000         0.483


TECHNICAL 4 OUTPUT


     ESTIMATES DERIVED FROM THE MODEL


           ESTIMATED MEANS FOR THE LATENT VARIABLES
              ETA1          ETA2          ETA3          Y
              ________      ________      ________      ________
                0.000         0.000        -0.037         0.030


           S.E. FOR ESTIMATED MEANS FOR THE LATENT VARIABLES
              ETA1          ETA2          ETA3          Y
              ________      ________      ________      ________
                0.000         0.000         0.095         0.062


           EST./S.E. FOR ESTIMATED MEANS FOR THE LATENT VARIABLES
              ETA1          ETA2          ETA3          Y
              ________      ________      ________      ________
                0.000         0.000        -0.387         0.489


           TWO-TAILED P-VALUE FOR ESTIMATED MEANS FOR THE LATENT VARIABLES
              ETA1          ETA2          ETA3          Y
              ________      ________      ________      ________
                1.000         1.000         0.699         0.625


           ESTIMATED COVARIANCE MATRIX FOR THE LATENT VARIABLES
              ETA1          ETA2          ETA3          Y
              ________      ________      ________      ________
 ETA1           0.892
 ETA2          -0.037         1.193
 ETA3           0.000         0.000         1.065
 Y              0.180         0.298         0.288         0.949


           S.E. FOR ESTIMATED COVARIANCE MATRIX FOR THE LATENT VARIABLES
              ETA1          ETA2          ETA3          Y
              ________      ________      ________      ________
 ETA1           0.209
 ETA2           0.095         0.239
 ETA3           0.000         0.000         0.349
 Y              0.078         0.090         0.094         0.084


           EST./S.E. FOR ESTIMATED COVARIANCE MATRIX FOR THE LATENT VARIABLES
              ETA1          ETA2          ETA3          Y
              ________      ________      ________      ________
 ETA1           4.258
 ETA2          -0.387         4.993
 ETA3           0.000         0.000         3.052
 Y              2.308         3.320         3.079        11.255


           TWO-TAILED P-VALUE FOR ESTIMATED COVARIANCE MATRIX FOR THE LATENT VARIABLES
              ETA1          ETA2          ETA3          Y
              ________      ________      ________      ________
 ETA1           0.000
 ETA2           0.699         0.000
 ETA3           1.000         1.000         0.002
 Y              0.021         0.001         0.002         0.000


           ESTIMATED CORRELATION MATRIX FOR THE LATENT VARIABLES
              ETA1          ETA2          ETA3          Y
              ________      ________      ________      ________
 ETA1           1.000
 ETA2          -0.036         1.000
 ETA3           0.000         0.000         1.000
 Y              0.196         0.280         0.287         1.000


           S.E. FOR ESTIMATED CORRELATION MATRIX FOR THE LATENT VARIABLES
              ETA1          ETA2          ETA3          Y
              ________      ________      ________      ________
 ETA1           0.000
 ETA2           0.091         0.000
 ETA3           0.000         0.000         0.000
 Y              0.078         0.074         0.075         0.000


           EST./S.E. FOR ESTIMATED CORRELATION MATRIX FOR THE LATENT VARIABLES
              ETA1          ETA2          ETA3          Y
              ________      ________      ________      ________
 ETA1         999.000
 ETA2          -0.393       999.000
 ETA3           0.000         0.000       999.000
 Y              2.518         3.773         3.815       999.000


           TWO-TAILED P-VALUE FOR ESTIMATED CORRELATION MATRIX FOR THE LATENT VARIABLES
              ETA1          ETA2          ETA3          Y
              ________      ________      ________      ________
 ETA1           0.000
 ETA2           0.695         0.000
 ETA3           1.000         1.000         0.000
 Y              0.012         0.000         0.000         0.000


     Beginning Time:  22:48:27
        Ending Time:  22:49:26
       Elapsed Time:  00:00:59



MUTHEN & MUTHEN
3463 Stoner Ave.
Los Angeles, CA  90066

Tel: (310) 391-9971
Fax: (310) 391-8971
Web: www.StatModel.com
Support: Support@StatModel.com

Copyright (c) 1998-2022 Muthen & Muthen
