Mplus VERSION 8.8 (Mac)
MUTHEN & MUTHEN
08/20/2024  11:47 PM

INPUT INSTRUCTIONS

  TITLE: Data Analysis for SEM with Latent Interaction

  DATA:
    FILE = /Users/jimmy_z/desktop/Temp_Data/temp_data_174.dat;
    FORMAT = FREE;

  VARIABLE:
    NAMES ARE x1 x2 x3 m1 m2 m3 y;
    USEVARIABLES ARE x1 x2 x3 m1 m2 m3 y;

  ANALYSIS:
    TYPE = RANDOM;
    ESTIMATOR = MLR;
    ALGORITHM = INTEGRATION;
    INTEGRATION = MONTECARLO;

  MODEL:
    eta1 BY x1 x2 x3;
    eta2 BY m1 m2 m3;
    eta3 | eta1 XWITH eta2;
    y ON eta1 eta2 eta3;

  OUTPUT:
    STANDARDIZED;
    TECH1;
    TECH4;





INPUT READING TERMINATED NORMALLY



Data Analysis for SEM with Latent Interaction

SUMMARY OF ANALYSIS

Number of groups                                                 1
Number of observations                                         250

Number of dependent variables                                    7
Number of independent variables                                  0
Number of continuous latent variables                            3

Observed dependent variables

  Continuous
   X1          X2          X3          M1          M2          M3
   Y

Continuous latent variables
   ETA1        ETA2        ETA3


Estimator                                                      MLR
Information matrix                                        OBSERVED
Optimization Specifications for the Quasi-Newton Algorithm for
Continuous Outcomes
  Maximum number of iterations                                 100
  Convergence criterion                                  0.100D-05
Optimization Specifications for the EM Algorithm
  Maximum number of iterations                                 500
  Convergence criteria
    Loglikelihood change                                 0.100D-02
    Relative loglikelihood change                        0.100D-05
    Derivative                                           0.100D-02
Optimization Specifications for the M step of the EM Algorithm for
Categorical Latent variables
  Number of M step iterations                                    1
  M step convergence criterion                           0.100D-02
  Basis for M step termination                           ITERATION
Optimization Specifications for the M step of the EM Algorithm for
Censored, Binary or Ordered Categorical (Ordinal), Unordered
Categorical (Nominal) and Count Outcomes
  Number of M step iterations                                    1
  M step convergence criterion                           0.100D-02
  Basis for M step termination                           ITERATION
  Maximum value for logit thresholds                            15
  Minimum value for logit thresholds                           -15
  Minimum expected cell size for chi-square              0.100D-01
Optimization algorithm                                         EMA
Integration Specifications
  Type                                                  MONTECARLO
  Number of integration points                                2000
  Dimensions of numerical integration                            2
  Adaptive quadrature                                           ON
  Monte Carlo integration seed                                   0
Cholesky                                                       OFF

Input data file(s)
  /Users/jimmy_z/desktop/Temp_Data/temp_data_174.dat
Input data format  FREE



UNIVARIATE SAMPLE STATISTICS


     UNIVARIATE HIGHER-ORDER MOMENT DESCRIPTIVE STATISTICS

         Variable/         Mean/     Skewness/   Minimum/ % with                Percentiles
        Sample Size      Variance    Kurtosis    Maximum  Min/Max      20%/60%    40%/80%    Median

     X1                    0.013       0.031      -2.908    0.40%      -1.061     -0.307     -0.004
             250.000       1.511      -0.376       3.468    0.40%       0.332      1.121
     X2                   -0.019       0.085      -3.000    0.40%      -0.944     -0.401     -0.137
             250.000       1.277      -0.152       3.059    0.40%       0.294      0.935
     X3                    0.061      -0.010      -2.968    0.40%      -0.788     -0.259      0.066
             250.000       1.090      -0.133       2.754    0.40%       0.284      0.960
     M1                    0.006      -0.011      -3.097    0.40%      -1.131     -0.418     -0.028
             250.000       1.749      -0.383       3.351    0.40%       0.280      1.207
     M2                    0.075       0.121      -2.466    0.40%      -0.909     -0.225      0.100
             250.000       1.311      -0.331       3.052    0.40%       0.328      1.104
     M3                    0.004      -0.048      -2.651    0.40%      -0.773     -0.199      0.045
             250.000       0.853      -0.353       2.250    0.40%       0.224      0.823
     Y                     0.032       0.108      -3.161    0.40%      -0.743     -0.305      0.026
             250.000       1.058       0.337       3.163    0.40%       0.246      0.868


THE MODEL ESTIMATION TERMINATED NORMALLY



MODEL FIT INFORMATION

Number of Free Parameters                       24

Loglikelihood

          H0 Value                       -2387.716
          H0 Scaling Correction Factor      0.9776
            for MLR

Information Criteria

          Akaike (AIC)                    4823.433
          Bayesian (BIC)                  4907.948
          Sample-Size Adjusted BIC        4831.866
            (n* = (n + 2) / 24)



MODEL RESULTS

                                                    Two-Tailed
                    Estimate       S.E.  Est./S.E.    P-Value

 ETA1     BY
    X1                 1.000      0.000    999.000    999.000
    X2                 0.928      0.101      9.178      0.000
    X3                 0.934      0.098      9.489      0.000

 ETA2     BY
    M1                 1.000      0.000    999.000    999.000
    M2                 0.790      0.072     10.960      0.000
    M3                 0.661      0.066     10.077      0.000

 Y          ON
    ETA1               0.342      0.076      4.517      0.000
    ETA2               0.345      0.076      4.516      0.000
    ETA3               0.377      0.074      5.077      0.000

 ETA2     WITH
    ETA1              -0.074      0.075     -0.985      0.325

 Intercepts
    X1                 0.012      0.078      0.159      0.874
    X2                -0.019      0.072     -0.264      0.792
    X3                 0.060      0.066      0.913      0.361
    M1                 0.006      0.084      0.072      0.943
    M2                 0.076      0.072      1.047      0.295
    M3                 0.004      0.058      0.070      0.944
    Y                  0.059      0.062      0.958      0.338

 Variances
    ETA1               0.825      0.131      6.294      0.000
    ETA2               1.102      0.161      6.865      0.000

 Residual Variances
    X1                 0.682      0.096      7.083      0.000
    X2                 0.565      0.064      8.789      0.000
    X3                 0.370      0.067      5.484      0.000
    M1                 0.643      0.111      5.821      0.000
    M2                 0.623      0.070      8.893      0.000
    M3                 0.372      0.047      7.925      0.000
    Y                  0.709      0.072      9.857      0.000


QUALITY OF NUMERICAL RESULTS

     Condition Number for the Information Matrix              0.405E-03
       (ratio of smallest to largest eigenvalue)


STANDARDIZED MODEL RESULTS


STDYX Standardization

                                                    Two-Tailed
                    Estimate       S.E.  Est./S.E.    P-Value

 ETA1     BY
    X1                 0.740      0.043     17.212      0.000
    X2                 0.746      0.036     20.612      0.000
    X3                 0.813      0.039     20.742      0.000

 ETA2     BY
    M1                 0.795      0.041     19.565      0.000
    M2                 0.724      0.037     19.413      0.000
    M3                 0.751      0.040     18.960      0.000

 Y          ON
    ETA1               0.304      0.059      5.176      0.000
    ETA2               0.353      0.064      5.500      0.000
    ETA3               0.351      0.065      5.410      0.000

 ETA2     WITH
    ETA1              -0.077      0.078     -0.993      0.321

 Intercepts
    X1                 0.010      0.063      0.159      0.874
    X2                -0.017      0.063     -0.264      0.792
    X3                 0.058      0.063      0.913      0.361
    M1                 0.005      0.063      0.072      0.943
    M2                 0.066      0.063      1.050      0.294
    M3                 0.004      0.063      0.070      0.944
    Y                  0.058      0.060      0.961      0.336

 Variances
    ETA1               1.000      0.000    999.000    999.000
    ETA2               1.000      0.000    999.000    999.000

 Residual Variances
    X1                 0.452      0.064      7.105      0.000
    X2                 0.443      0.054      8.188      0.000
    X3                 0.339      0.064      5.325      0.000
    M1                 0.369      0.065      5.710      0.000
    M2                 0.476      0.054      8.800      0.000
    M3                 0.436      0.059      7.336      0.000
    Y                  0.676      0.062     10.933      0.000


STDY Standardization

                                                    Two-Tailed
                    Estimate       S.E.  Est./S.E.    P-Value

 ETA1     BY
    X1                 0.740      0.043     17.212      0.000
    X2                 0.746      0.036     20.612      0.000
    X3                 0.813      0.039     20.742      0.000

 ETA2     BY
    M1                 0.795      0.041     19.565      0.000
    M2                 0.724      0.037     19.413      0.000
    M3                 0.751      0.040     18.960      0.000

 Y          ON
    ETA1               0.304      0.059      5.176      0.000
    ETA2               0.353      0.064      5.500      0.000
    ETA3               0.351      0.065      5.410      0.000

 ETA2     WITH
    ETA1              -0.077      0.078     -0.993      0.321

 Intercepts
    X1                 0.010      0.063      0.159      0.874
    X2                -0.017      0.063     -0.264      0.792
    X3                 0.058      0.063      0.913      0.361
    M1                 0.005      0.063      0.072      0.943
    M2                 0.066      0.063      1.050      0.294
    M3                 0.004      0.063      0.070      0.944
    Y                  0.058      0.060      0.961      0.336

 Variances
    ETA1               1.000      0.000    999.000    999.000
    ETA2               1.000      0.000    999.000    999.000

 Residual Variances
    X1                 0.452      0.064      7.105      0.000
    X2                 0.443      0.054      8.188      0.000
    X3                 0.339      0.064      5.325      0.000
    M1                 0.369      0.065      5.710      0.000
    M2                 0.476      0.054      8.800      0.000
    M3                 0.436      0.059      7.336      0.000
    Y                  0.676      0.062     10.933      0.000


STD Standardization

                                                    Two-Tailed
                    Estimate       S.E.  Est./S.E.    P-Value

 ETA1     BY
    X1                 0.909      0.072     12.587      0.000
    X2                 0.843      0.066     12.846      0.000
    X3                 0.849      0.062     13.600      0.000

 ETA2     BY
    M1                 1.050      0.076     13.731      0.000
    M2                 0.829      0.064     13.023      0.000
    M3                 0.693      0.055     12.685      0.000

 Y          ON
    ETA1               0.311      0.064      4.876      0.000
    ETA2               0.362      0.072      4.995      0.000
    ETA3               0.360      0.072      4.988      0.000

 ETA2     WITH
    ETA1              -0.077      0.078     -0.993      0.321

 Intercepts
    X1                 0.012      0.078      0.159      0.874
    X2                -0.019      0.072     -0.264      0.792
    X3                 0.060      0.066      0.913      0.361
    M1                 0.006      0.084      0.072      0.943
    M2                 0.076      0.072      1.047      0.295
    M3                 0.004      0.058      0.070      0.944
    Y                  0.059      0.062      0.958      0.338

 Variances
    ETA1               1.000      0.000    999.000    999.000
    ETA2               1.000      0.000    999.000    999.000

 Residual Variances
    X1                 0.682      0.096      7.083      0.000
    X2                 0.565      0.064      8.789      0.000
    X3                 0.370      0.067      5.484      0.000
    M1                 0.643      0.111      5.821      0.000
    M2                 0.623      0.070      8.893      0.000
    M3                 0.372      0.047      7.925      0.000
    Y                  0.709      0.072      9.857      0.000


R-SQUARE

    Observed                                        Two-Tailed
    Variable        Estimate       S.E.  Est./S.E.    P-Value

    X1                 0.548      0.064      8.606      0.000
    X2                 0.557      0.054     10.306      0.000
    X3                 0.661      0.064     10.371      0.000
    M1                 0.631      0.065      9.783      0.000
    M2                 0.524      0.054      9.706      0.000
    M3                 0.564      0.059      9.480      0.000
    Y                  0.324      0.062      5.249      0.000


TECHNICAL 1 OUTPUT


     PARAMETER SPECIFICATION


           NU
              X1            X2            X3            M1            M2
              ________      ________      ________      ________      ________
                    1             2             3             4             5


           NU
              M3            Y
              ________      ________
                    6             0


           LAMBDA
              ETA1          ETA2          ETA3          Y
              ________      ________      ________      ________
 X1                 0             0             0             0
 X2                 7             0             0             0
 X3                 8             0             0             0
 M1                 0             0             0             0
 M2                 0             9             0             0
 M3                 0            10             0             0
 Y                  0             0             0             0


           THETA
              X1            X2            X3            M1            M2
              ________      ________      ________      ________      ________
 X1                11
 X2                 0            12
 X3                 0             0            13
 M1                 0             0             0            14
 M2                 0             0             0             0            15
 M3                 0             0             0             0             0
 Y                  0             0             0             0             0


           THETA
              M3            Y
              ________      ________
 M3                16
 Y                  0             0


           ALPHA
              ETA1          ETA2          ETA3          Y
              ________      ________      ________      ________
                    0             0             0            17


           BETA
              ETA1          ETA2          ETA3          Y
              ________      ________      ________      ________
 ETA1               0             0             0             0
 ETA2               0             0             0             0
 ETA3               0             0             0             0
 Y                 18            19            20             0


           PSI
              ETA1          ETA2          ETA3          Y
              ________      ________      ________      ________
 ETA1              21
 ETA2              22            23
 ETA3               0             0             0
 Y                  0             0             0            24


     STARTING VALUES


           NU
              X1            X2            X3            M1            M2
              ________      ________      ________      ________      ________
                0.013        -0.019         0.061         0.006         0.075


           NU
              M3            Y
              ________      ________
                0.004         0.000


           LAMBDA
              ETA1          ETA2          ETA3          Y
              ________      ________      ________      ________
 X1             1.000         0.000         0.000         0.000
 X2             1.000         0.000         0.000         0.000
 X3             1.000         0.000         0.000         0.000
 M1             0.000         1.000         0.000         0.000
 M2             0.000         1.000         0.000         0.000
 M3             0.000         1.000         0.000         0.000
 Y              0.000         0.000         0.000         1.000


           THETA
              X1            X2            X3            M1            M2
              ________      ________      ________      ________      ________
 X1             0.755
 X2             0.000         0.638
 X3             0.000         0.000         0.545
 M1             0.000         0.000         0.000         0.874
 M2             0.000         0.000         0.000         0.000         0.655
 M3             0.000         0.000         0.000         0.000         0.000
 Y              0.000         0.000         0.000         0.000         0.000


           THETA
              M3            Y
              ________      ________
 M3             0.427
 Y              0.000         0.000


           ALPHA
              ETA1          ETA2          ETA3          Y
              ________      ________      ________      ________
                0.000         0.000         0.000         0.032


           BETA
              ETA1          ETA2          ETA3          Y
              ________      ________      ________      ________
 ETA1           0.000         0.000         0.000         0.000
 ETA2           0.000         0.000         0.000         0.000
 ETA3           0.000         0.000         0.000         0.000
 Y              0.000         0.000         0.000         0.000


           PSI
              ETA1          ETA2          ETA3          Y
              ________      ________      ________      ________
 ETA1           0.050
 ETA2           0.000         0.050
 ETA3           0.000         0.000         0.000
 Y              0.000         0.000         0.000         0.529


TECHNICAL 4 OUTPUT


     ESTIMATES DERIVED FROM THE MODEL


           ESTIMATED MEANS FOR THE LATENT VARIABLES
              ETA1          ETA2          ETA3          Y
              ________      ________      ________      ________
                0.000         0.000        -0.074         0.032


           S.E. FOR ESTIMATED MEANS FOR THE LATENT VARIABLES
              ETA1          ETA2          ETA3          Y
              ________      ________      ________      ________
                0.000         0.000         0.075         0.065


           EST./S.E. FOR ESTIMATED MEANS FOR THE LATENT VARIABLES
              ETA1          ETA2          ETA3          Y
              ________      ________      ________      ________
                0.000         0.000        -0.985         0.486


           TWO-TAILED P-VALUE FOR ESTIMATED MEANS FOR THE LATENT VARIABLES
              ETA1          ETA2          ETA3          Y
              ________      ________      ________      ________
                1.000         1.000         0.325         0.627


           ESTIMATED COVARIANCE MATRIX FOR THE LATENT VARIABLES
              ETA1          ETA2          ETA3          Y
              ________      ________      ________      ________
 ETA1           0.825
 ETA2          -0.074         1.102
 ETA3           0.000         0.000         0.915
 Y              0.257         0.354         0.345         1.049


           S.E. FOR ESTIMATED COVARIANCE MATRIX FOR THE LATENT VARIABLES
              ETA1          ETA2          ETA3          Y
              ________      ________      ________      ________
 ETA1           0.131
 ETA2           0.075         0.161
 ETA3           0.000         0.000         0.196
 Y              0.065         0.079         0.088         0.101


           EST./S.E. FOR ESTIMATED COVARIANCE MATRIX FOR THE LATENT VARIABLES
              ETA1          ETA2          ETA3          Y
              ________      ________      ________      ________
 ETA1           6.294
 ETA2          -0.985         6.865
 ETA3           0.000         0.000         4.658
 Y              3.983         4.511         3.926        10.421


           TWO-TAILED P-VALUE FOR ESTIMATED COVARIANCE MATRIX FOR THE LATENT VARIABLES
              ETA1          ETA2          ETA3          Y
              ________      ________      ________      ________
 ETA1           0.000
 ETA2           0.325         0.000
 ETA3           1.000         1.000         0.000
 Y              0.000         0.000         0.000         0.000


           ESTIMATED CORRELATION MATRIX FOR THE LATENT VARIABLES
              ETA1          ETA2          ETA3          Y
              ________      ________      ________      ________
 ETA1           1.000
 ETA2          -0.077         1.000
 ETA3           0.000         0.000         1.000
 Y              0.276         0.330         0.352         1.000


           S.E. FOR ESTIMATED CORRELATION MATRIX FOR THE LATENT VARIABLES
              ETA1          ETA2          ETA3          Y
              ________      ________      ________      ________
 ETA1           0.000
 ETA2           0.078         0.000
 ETA3           0.000         0.000         0.000
 Y              0.065         0.065         0.065         0.000


           EST./S.E. FOR ESTIMATED CORRELATION MATRIX FOR THE LATENT VARIABLES
              ETA1          ETA2          ETA3          Y
              ________      ________      ________      ________
 ETA1         999.000
 ETA2          -0.993       999.000
 ETA3           0.000         0.000       999.000
 Y              4.268         5.054         5.399       999.000


           TWO-TAILED P-VALUE FOR ESTIMATED CORRELATION MATRIX FOR THE LATENT VARIABLES
              ETA1          ETA2          ETA3          Y
              ________      ________      ________      ________
 ETA1           0.000
 ETA2           0.321         0.000
 ETA3           1.000         1.000         0.000
 Y              0.000         0.000         0.000         0.000


     Beginning Time:  23:47:20
        Ending Time:  23:47:57
       Elapsed Time:  00:00:37



MUTHEN & MUTHEN
3463 Stoner Ave.
Los Angeles, CA  90066

Tel: (310) 391-9971
Fax: (310) 391-8971
Web: www.StatModel.com
Support: Support@StatModel.com

Copyright (c) 1998-2022 Muthen & Muthen
