Mplus VERSION 8.8 (Mac)
MUTHEN & MUTHEN
08/20/2024  11:38 PM

INPUT INSTRUCTIONS

  TITLE: Data Analysis for SEM with Latent Interaction

  DATA:
    FILE = /Users/jimmy_z/desktop/Temp_Data/temp_data_88.dat;
    FORMAT = FREE;

  VARIABLE:
    NAMES ARE x1 x2 x3 m1 m2 m3 y;
    USEVARIABLES ARE x1 x2 x3 m1 m2 m3 y;

  ANALYSIS:
    TYPE = RANDOM;
    ESTIMATOR = MLR;
    ALGORITHM = INTEGRATION;
    INTEGRATION = MONTECARLO;

  MODEL:
    eta1 BY x1 x2 x3;
    eta2 BY m1 m2 m3;
    eta3 | eta1 XWITH eta2;
    y ON eta1 eta2 eta3;

  OUTPUT:
    STANDARDIZED;
    TECH1;
    TECH4;





INPUT READING TERMINATED NORMALLY



Data Analysis for SEM with Latent Interaction

SUMMARY OF ANALYSIS

Number of groups                                                 1
Number of observations                                         250

Number of dependent variables                                    7
Number of independent variables                                  0
Number of continuous latent variables                            3

Observed dependent variables

  Continuous
   X1          X2          X3          M1          M2          M3
   Y

Continuous latent variables
   ETA1        ETA2        ETA3


Estimator                                                      MLR
Information matrix                                        OBSERVED
Optimization Specifications for the Quasi-Newton Algorithm for
Continuous Outcomes
  Maximum number of iterations                                 100
  Convergence criterion                                  0.100D-05
Optimization Specifications for the EM Algorithm
  Maximum number of iterations                                 500
  Convergence criteria
    Loglikelihood change                                 0.100D-02
    Relative loglikelihood change                        0.100D-05
    Derivative                                           0.100D-02
Optimization Specifications for the M step of the EM Algorithm for
Categorical Latent variables
  Number of M step iterations                                    1
  M step convergence criterion                           0.100D-02
  Basis for M step termination                           ITERATION
Optimization Specifications for the M step of the EM Algorithm for
Censored, Binary or Ordered Categorical (Ordinal), Unordered
Categorical (Nominal) and Count Outcomes
  Number of M step iterations                                    1
  M step convergence criterion                           0.100D-02
  Basis for M step termination                           ITERATION
  Maximum value for logit thresholds                            15
  Minimum value for logit thresholds                           -15
  Minimum expected cell size for chi-square              0.100D-01
Optimization algorithm                                         EMA
Integration Specifications
  Type                                                  MONTECARLO
  Number of integration points                                2000
  Dimensions of numerical integration                            2
  Adaptive quadrature                                           ON
  Monte Carlo integration seed                                   0
Cholesky                                                       OFF

Input data file(s)
  /Users/jimmy_z/desktop/Temp_Data/temp_data_88.dat
Input data format  FREE



UNIVARIATE SAMPLE STATISTICS


     UNIVARIATE HIGHER-ORDER MOMENT DESCRIPTIVE STATISTICS

         Variable/         Mean/     Skewness/   Minimum/ % with                Percentiles
        Sample Size      Variance    Kurtosis    Maximum  Min/Max      20%/60%    40%/80%    Median

     X1                   -0.036      -0.086      -3.081    0.40%      -1.127     -0.239      0.009
             250.000       1.522      -0.264       3.237    0.40%       0.264      1.045
     X2                   -0.050      -0.221      -3.192    0.40%      -0.987     -0.349      0.019
             250.000       1.178      -0.058       2.668    0.40%       0.252      0.929
     X3                   -0.055      -0.101      -2.591    0.40%      -0.940     -0.278     -0.058
             250.000       0.953      -0.382       2.372    0.40%       0.294      0.771
     M1                   -0.101      -0.112      -3.245    0.40%      -1.069     -0.340     -0.039
             250.000       1.515       0.108       3.553    0.40%       0.269      0.890
     M2                    0.072       0.218      -2.790    0.40%      -0.868     -0.249      0.042
             250.000       1.167      -0.110       2.923    0.40%       0.255      0.899
     M3                    0.053       0.157      -2.044    0.40%      -0.769     -0.179      0.060
             250.000       0.867      -0.075       2.984    0.40%       0.298      0.840
     Y                    -0.078       0.435      -2.420    0.40%      -0.996     -0.397     -0.034
             250.000       0.996       0.857       4.192    0.40%       0.139      0.738


THE MODEL ESTIMATION TERMINATED NORMALLY



MODEL FIT INFORMATION

Number of Free Parameters                       24

Loglikelihood

          H0 Value                       -2355.621
          H0 Scaling Correction Factor      0.9760
            for MLR

Information Criteria

          Akaike (AIC)                    4759.242
          Bayesian (BIC)                  4843.757
          Sample-Size Adjusted BIC        4767.675
            (n* = (n + 2) / 24)



MODEL RESULTS

                                                    Two-Tailed
                    Estimate       S.E.  Est./S.E.    P-Value

 ETA1     BY
    X1                 1.000      0.000    999.000    999.000
    X2                 0.846      0.096      8.779      0.000
    X3                 0.848      0.091      9.359      0.000

 ETA2     BY
    M1                 1.000      0.000    999.000    999.000
    M2                 0.866      0.087     10.002      0.000
    M3                 0.858      0.098      8.773      0.000

 Y          ON
    ETA1               0.384      0.079      4.894      0.000
    ETA2               0.320      0.087      3.666      0.000
    ETA3               0.536      0.106      5.069      0.000

 ETA2     WITH
    ETA1               0.029      0.065      0.442      0.658

 Intercepts
    X1                -0.036      0.078     -0.466      0.641
    X2                -0.050      0.069     -0.728      0.466
    X3                -0.055      0.062     -0.895      0.371
    M1                -0.101      0.078     -1.299      0.194
    M2                 0.073      0.068      1.065      0.287
    M3                 0.053      0.059      0.900      0.368
    Y                 -0.093      0.060     -1.549      0.121

 Variances
    ETA1               0.800      0.132      6.041      0.000
    ETA2               0.753      0.139      5.410      0.000

 Residual Variances
    X1                 0.721      0.096      7.468      0.000
    X2                 0.605      0.070      8.677      0.000
    X3                 0.377      0.061      6.203      0.000
    M1                 0.760      0.091      8.370      0.000
    M2                 0.602      0.077      7.818      0.000
    M3                 0.314      0.059      5.277      0.000
    Y                  0.606      0.063      9.647      0.000


QUALITY OF NUMERICAL RESULTS

     Condition Number for the Information Matrix              0.277E-01
       (ratio of smallest to largest eigenvalue)


STANDARDIZED MODEL RESULTS


STDYX Standardization

                                                    Two-Tailed
                    Estimate       S.E.  Est./S.E.    P-Value

 ETA1     BY
    X1                 0.725      0.043     16.689      0.000
    X2                 0.697      0.043     16.158      0.000
    X3                 0.777      0.041     18.809      0.000

 ETA2     BY
    M1                 0.705      0.045     15.776      0.000
    M2                 0.696      0.047     14.652      0.000
    M3                 0.799      0.042     18.965      0.000

 Y          ON
    ETA1               0.347      0.061      5.736      0.000
    ETA2               0.280      0.063      4.415      0.000
    ETA3               0.420      0.056      7.560      0.000

 ETA2     WITH
    ETA1               0.037      0.083      0.445      0.656

 Intercepts
    X1                -0.030      0.063     -0.466      0.641
    X2                -0.046      0.063     -0.732      0.464
    X3                -0.057      0.063     -0.897      0.370
    M1                -0.082      0.063     -1.303      0.193
    M2                 0.067      0.063      1.072      0.284
    M3                 0.057      0.063      0.903      0.366
    Y                 -0.094      0.062     -1.525      0.127

 Variances
    ETA1               1.000      0.000    999.000    999.000
    ETA2               1.000      0.000    999.000    999.000

 Residual Variances
    X1                 0.474      0.063      7.518      0.000
    X2                 0.514      0.060      8.530      0.000
    X3                 0.396      0.064      6.167      0.000
    M1                 0.502      0.063      7.966      0.000
    M2                 0.516      0.066      7.810      0.000
    M3                 0.362      0.067      5.371      0.000
    Y                  0.617      0.071      8.707      0.000


STDY Standardization

                                                    Two-Tailed
                    Estimate       S.E.  Est./S.E.    P-Value

 ETA1     BY
    X1                 0.725      0.043     16.689      0.000
    X2                 0.697      0.043     16.158      0.000
    X3                 0.777      0.041     18.809      0.000

 ETA2     BY
    M1                 0.705      0.045     15.776      0.000
    M2                 0.696      0.047     14.652      0.000
    M3                 0.799      0.042     18.965      0.000

 Y          ON
    ETA1               0.347      0.061      5.736      0.000
    ETA2               0.280      0.063      4.415      0.000
    ETA3               0.420      0.056      7.560      0.000

 ETA2     WITH
    ETA1               0.037      0.083      0.445      0.656

 Intercepts
    X1                -0.030      0.063     -0.466      0.641
    X2                -0.046      0.063     -0.732      0.464
    X3                -0.057      0.063     -0.897      0.370
    M1                -0.082      0.063     -1.303      0.193
    M2                 0.067      0.063      1.072      0.284
    M3                 0.057      0.063      0.903      0.366
    Y                 -0.094      0.062     -1.525      0.127

 Variances
    ETA1               1.000      0.000    999.000    999.000
    ETA2               1.000      0.000    999.000    999.000

 Residual Variances
    X1                 0.474      0.063      7.518      0.000
    X2                 0.514      0.060      8.530      0.000
    X3                 0.396      0.064      6.167      0.000
    M1                 0.502      0.063      7.966      0.000
    M2                 0.516      0.066      7.810      0.000
    M3                 0.362      0.067      5.371      0.000
    Y                  0.617      0.071      8.707      0.000


STD Standardization

                                                    Two-Tailed
                    Estimate       S.E.  Est./S.E.    P-Value

 ETA1     BY
    X1                 0.894      0.074     12.082      0.000
    X2                 0.757      0.067     11.220      0.000
    X3                 0.759      0.057     13.418      0.000

 ETA2     BY
    M1                 0.868      0.080     10.820      0.000
    M2                 0.752      0.070     10.801      0.000
    M3                 0.744      0.056     13.341      0.000

 Y          ON
    ETA1               0.344      0.065      5.265      0.000
    ETA2               0.278      0.069      4.049      0.000
    ETA3               0.416      0.065      6.374      0.000

 ETA2     WITH
    ETA1               0.037      0.083      0.445      0.656

 Intercepts
    X1                -0.036      0.078     -0.466      0.641
    X2                -0.050      0.069     -0.728      0.466
    X3                -0.055      0.062     -0.895      0.371
    M1                -0.101      0.078     -1.299      0.194
    M2                 0.073      0.068      1.065      0.287
    M3                 0.053      0.059      0.900      0.368
    Y                 -0.093      0.060     -1.549      0.121

 Variances
    ETA1               1.000      0.000    999.000    999.000
    ETA2               1.000      0.000    999.000    999.000

 Residual Variances
    X1                 0.721      0.096      7.468      0.000
    X2                 0.605      0.070      8.677      0.000
    X3                 0.377      0.061      6.203      0.000
    M1                 0.760      0.091      8.370      0.000
    M2                 0.602      0.077      7.818      0.000
    M3                 0.314      0.059      5.277      0.000
    Y                  0.606      0.063      9.647      0.000


R-SQUARE

    Observed                                        Two-Tailed
    Variable        Estimate       S.E.  Est./S.E.    P-Value

    X1                 0.526      0.063      8.345      0.000
    X2                 0.486      0.060      8.079      0.000
    X3                 0.604      0.064      9.404      0.000
    M1                 0.498      0.063      7.888      0.000
    M2                 0.484      0.066      7.326      0.000
    M3                 0.638      0.067      9.482      0.000
    Y                  0.383      0.071      5.399      0.000


TECHNICAL 1 OUTPUT


     PARAMETER SPECIFICATION


           NU
              X1            X2            X3            M1            M2
              ________      ________      ________      ________      ________
                    1             2             3             4             5


           NU
              M3            Y
              ________      ________
                    6             0


           LAMBDA
              ETA1          ETA2          ETA3          Y
              ________      ________      ________      ________
 X1                 0             0             0             0
 X2                 7             0             0             0
 X3                 8             0             0             0
 M1                 0             0             0             0
 M2                 0             9             0             0
 M3                 0            10             0             0
 Y                  0             0             0             0


           THETA
              X1            X2            X3            M1            M2
              ________      ________      ________      ________      ________
 X1                11
 X2                 0            12
 X3                 0             0            13
 M1                 0             0             0            14
 M2                 0             0             0             0            15
 M3                 0             0             0             0             0
 Y                  0             0             0             0             0


           THETA
              M3            Y
              ________      ________
 M3                16
 Y                  0             0


           ALPHA
              ETA1          ETA2          ETA3          Y
              ________      ________      ________      ________
                    0             0             0            17


           BETA
              ETA1          ETA2          ETA3          Y
              ________      ________      ________      ________
 ETA1               0             0             0             0
 ETA2               0             0             0             0
 ETA3               0             0             0             0
 Y                 18            19            20             0


           PSI
              ETA1          ETA2          ETA3          Y
              ________      ________      ________      ________
 ETA1              21
 ETA2              22            23
 ETA3               0             0             0
 Y                  0             0             0            24


     STARTING VALUES


           NU
              X1            X2            X3            M1            M2
              ________      ________      ________      ________      ________
               -0.036        -0.050        -0.055        -0.101         0.072


           NU
              M3            Y
              ________      ________
                0.053         0.000


           LAMBDA
              ETA1          ETA2          ETA3          Y
              ________      ________      ________      ________
 X1             1.000         0.000         0.000         0.000
 X2             1.000         0.000         0.000         0.000
 X3             1.000         0.000         0.000         0.000
 M1             0.000         1.000         0.000         0.000
 M2             0.000         1.000         0.000         0.000
 M3             0.000         1.000         0.000         0.000
 Y              0.000         0.000         0.000         1.000


           THETA
              X1            X2            X3            M1            M2
              ________      ________      ________      ________      ________
 X1             0.761
 X2             0.000         0.589
 X3             0.000         0.000         0.477
 M1             0.000         0.000         0.000         0.758
 M2             0.000         0.000         0.000         0.000         0.584
 M3             0.000         0.000         0.000         0.000         0.000
 Y              0.000         0.000         0.000         0.000         0.000


           THETA
              M3            Y
              ________      ________
 M3             0.434
 Y              0.000         0.000


           ALPHA
              ETA1          ETA2          ETA3          Y
              ________      ________      ________      ________
                0.000         0.000         0.000        -0.078


           BETA
              ETA1          ETA2          ETA3          Y
              ________      ________      ________      ________
 ETA1           0.000         0.000         0.000         0.000
 ETA2           0.000         0.000         0.000         0.000
 ETA3           0.000         0.000         0.000         0.000
 Y              0.000         0.000         0.000         0.000


           PSI
              ETA1          ETA2          ETA3          Y
              ________      ________      ________      ________
 ETA1           0.050
 ETA2           0.000         0.050
 ETA3           0.000         0.000         0.000
 Y              0.000         0.000         0.000         0.498


TECHNICAL 4 OUTPUT


     ESTIMATES DERIVED FROM THE MODEL


           ESTIMATED MEANS FOR THE LATENT VARIABLES
              ETA1          ETA2          ETA3          Y
              ________      ________      ________      ________
                0.000         0.000         0.029        -0.078


           S.E. FOR ESTIMATED MEANS FOR THE LATENT VARIABLES
              ETA1          ETA2          ETA3          Y
              ________      ________      ________      ________
                0.000         0.000         0.065         0.063


           EST./S.E. FOR ESTIMATED MEANS FOR THE LATENT VARIABLES
              ETA1          ETA2          ETA3          Y
              ________      ________      ________      ________
                0.000         0.000         0.442        -1.232


           TWO-TAILED P-VALUE FOR ESTIMATED MEANS FOR THE LATENT VARIABLES
              ETA1          ETA2          ETA3          Y
              ________      ________      ________      ________
                1.000         1.000         0.658         0.218


           ESTIMATED COVARIANCE MATRIX FOR THE LATENT VARIABLES
              ETA1          ETA2          ETA3          Y
              ________      ________      ________      ________
 ETA1           0.800
 ETA2           0.029         0.753
 ETA3           0.000         0.000         0.603
 Y              0.317         0.252         0.323         0.981


           S.E. FOR ESTIMATED COVARIANCE MATRIX FOR THE LATENT VARIABLES
              ETA1          ETA2          ETA3          Y
              ________      ________      ________      ________
 ETA1           0.132
 ETA2           0.065         0.139
 ETA3           0.000         0.000         0.151
 Y              0.068         0.066         0.066         0.098


           EST./S.E. FOR ESTIMATED COVARIANCE MATRIX FOR THE LATENT VARIABLES
              ETA1          ETA2          ETA3          Y
              ________      ________      ________      ________
 ETA1           6.041
 ETA2           0.442         5.410
 ETA3           0.000         0.000         4.001
 Y              4.634         3.816         4.916        10.020


           TWO-TAILED P-VALUE FOR ESTIMATED COVARIANCE MATRIX FOR THE LATENT VARIABLES
              ETA1          ETA2          ETA3          Y
              ________      ________      ________      ________
 ETA1           0.000
 ETA2           0.658         0.000
 ETA3           1.000         1.000         0.000
 Y              0.000         0.000         0.000         0.000


           ESTIMATED CORRELATION MATRIX FOR THE LATENT VARIABLES
              ETA1          ETA2          ETA3          Y
              ________      ________      ________      ________
 ETA1           1.000
 ETA2           0.037         1.000
 ETA3           0.000         0.000         1.000
 Y              0.357         0.293         0.420         1.000


           S.E. FOR ESTIMATED CORRELATION MATRIX FOR THE LATENT VARIABLES
              ETA1          ETA2          ETA3          Y
              ________      ________      ________      ________
 ETA1           0.000
 ETA2           0.083         0.000
 ETA3           0.000         0.000         0.000
 Y              0.063         0.067         0.055         0.000


           EST./S.E. FOR ESTIMATED CORRELATION MATRIX FOR THE LATENT VARIABLES
              ETA1          ETA2          ETA3          Y
              ________      ________      ________      ________
 ETA1         999.000
 ETA2           0.445       999.000
 ETA3           0.000         0.000       999.000
 Y              5.657         4.345         7.587       999.000


           TWO-TAILED P-VALUE FOR ESTIMATED CORRELATION MATRIX FOR THE LATENT VARIABLES
              ETA1          ETA2          ETA3          Y
              ________      ________      ________      ________
 ETA1           0.000
 ETA2           0.656         0.000
 ETA3           1.000         1.000         0.000
 Y              0.000         0.000         0.000         0.000


     Beginning Time:  23:38:43
        Ending Time:  23:39:49
       Elapsed Time:  00:01:06



MUTHEN & MUTHEN
3463 Stoner Ave.
Los Angeles, CA  90066

Tel: (310) 391-9971
Fax: (310) 391-8971
Web: www.StatModel.com
Support: Support@StatModel.com

Copyright (c) 1998-2022 Muthen & Muthen
