Mplus VERSION 8.8 (Mac)
MUTHEN & MUTHEN
08/20/2024  11:38 PM

INPUT INSTRUCTIONS

  TITLE: Data Analysis for SEM with Latent Interaction

  DATA:
    FILE = /Users/jimmy_z/desktop/Temp_Data/temp_data_86.dat;
    FORMAT = FREE;

  VARIABLE:
    NAMES ARE x1 x2 x3 m1 m2 m3 y;
    USEVARIABLES ARE x1 x2 x3 m1 m2 m3 y;

  ANALYSIS:
    TYPE = RANDOM;
    ESTIMATOR = MLR;
    ALGORITHM = INTEGRATION;
    INTEGRATION = MONTECARLO;

  MODEL:
    eta1 BY x1 x2 x3;
    eta2 BY m1 m2 m3;
    eta3 | eta1 XWITH eta2;
    y ON eta1 eta2 eta3;

  OUTPUT:
    STANDARDIZED;
    TECH1;
    TECH4;





INPUT READING TERMINATED NORMALLY



Data Analysis for SEM with Latent Interaction

SUMMARY OF ANALYSIS

Number of groups                                                 1
Number of observations                                         250

Number of dependent variables                                    7
Number of independent variables                                  0
Number of continuous latent variables                            3

Observed dependent variables

  Continuous
   X1          X2          X3          M1          M2          M3
   Y

Continuous latent variables
   ETA1        ETA2        ETA3


Estimator                                                      MLR
Information matrix                                        OBSERVED
Optimization Specifications for the Quasi-Newton Algorithm for
Continuous Outcomes
  Maximum number of iterations                                 100
  Convergence criterion                                  0.100D-05
Optimization Specifications for the EM Algorithm
  Maximum number of iterations                                 500
  Convergence criteria
    Loglikelihood change                                 0.100D-02
    Relative loglikelihood change                        0.100D-05
    Derivative                                           0.100D-02
Optimization Specifications for the M step of the EM Algorithm for
Categorical Latent variables
  Number of M step iterations                                    1
  M step convergence criterion                           0.100D-02
  Basis for M step termination                           ITERATION
Optimization Specifications for the M step of the EM Algorithm for
Censored, Binary or Ordered Categorical (Ordinal), Unordered
Categorical (Nominal) and Count Outcomes
  Number of M step iterations                                    1
  M step convergence criterion                           0.100D-02
  Basis for M step termination                           ITERATION
  Maximum value for logit thresholds                            15
  Minimum value for logit thresholds                           -15
  Minimum expected cell size for chi-square              0.100D-01
Optimization algorithm                                         EMA
Integration Specifications
  Type                                                  MONTECARLO
  Number of integration points                                2000
  Dimensions of numerical integration                            2
  Adaptive quadrature                                           ON
  Monte Carlo integration seed                                   0
Cholesky                                                       OFF

Input data file(s)
  /Users/jimmy_z/desktop/Temp_Data/temp_data_86.dat
Input data format  FREE



UNIVARIATE SAMPLE STATISTICS


     UNIVARIATE HIGHER-ORDER MOMENT DESCRIPTIVE STATISTICS

         Variable/         Mean/     Skewness/   Minimum/ % with                Percentiles
        Sample Size      Variance    Kurtosis    Maximum  Min/Max      20%/60%    40%/80%    Median

     X1                   -0.012       0.142      -3.457    0.40%      -1.216     -0.321     -0.019
             250.000       1.715      -0.143       4.121    0.40%       0.297      1.053
     X2                    0.071       0.051      -2.744    0.40%      -0.925     -0.265      0.099
             250.000       1.299      -0.210       3.692    0.40%       0.338      1.048
     X3                   -0.088       0.070      -2.560    0.40%      -0.812     -0.322     -0.052
             250.000       0.789       0.164       2.850    0.40%       0.195      0.590
     M1                    0.033      -0.044      -3.578    0.40%      -1.199     -0.310     -0.006
             250.000       1.849      -0.259       3.650    0.40%       0.325      1.237
     M2                    0.006       0.077      -2.986    0.40%      -0.926     -0.282     -0.005
             250.000       1.248      -0.007       3.046    0.40%       0.296      0.887
     M3                    0.016      -0.213      -2.864    0.40%      -0.694     -0.203     -0.002
             250.000       0.889       0.078       2.288    0.40%       0.264      0.802
     Y                     0.062       0.142      -2.310    0.40%      -0.865     -0.217      0.080
             250.000       1.064      -0.015       3.385    0.40%       0.343      0.939


THE MODEL ESTIMATION TERMINATED NORMALLY



MODEL FIT INFORMATION

Number of Free Parameters                       24

Loglikelihood

          H0 Value                       -2395.113
          H0 Scaling Correction Factor      0.9829
            for MLR

Information Criteria

          Akaike (AIC)                    4838.225
          Bayesian (BIC)                  4922.741
          Sample-Size Adjusted BIC        4846.659
            (n* = (n + 2) / 24)



MODEL RESULTS

                                                    Two-Tailed
                    Estimate       S.E.  Est./S.E.    P-Value

 ETA1     BY
    X1                 1.000      0.000    999.000    999.000
    X2                 0.904      0.097      9.311      0.000
    X3                 0.536      0.063      8.514      0.000

 ETA2     BY
    M1                 1.000      0.000    999.000    999.000
    M2                 0.845      0.083     10.201      0.000
    M3                 0.727      0.069     10.594      0.000

 Y          ON
    ETA1               0.319      0.083      3.862      0.000
    ETA2               0.242      0.061      3.982      0.000
    ETA3               0.329      0.069      4.758      0.000

 ETA2     WITH
    ETA1               0.075      0.086      0.867      0.386

 Intercepts
    X1                -0.013      0.083     -0.154      0.877
    X2                 0.071      0.072      0.981      0.327
    X3                -0.088      0.056     -1.570      0.116
    M1                 0.033      0.086      0.380      0.704
    M2                 0.006      0.071      0.082      0.935
    M3                 0.015      0.060      0.259      0.796
    Y                  0.037      0.065      0.576      0.565

 Variances
    ETA1               0.975      0.160      6.073      0.000
    ETA2               1.072      0.171      6.275      0.000

 Residual Variances
    X1                 0.739      0.108      6.828      0.000
    X2                 0.504      0.097      5.182      0.000
    X3                 0.510      0.055      9.205      0.000
    M1                 0.776      0.093      8.312      0.000
    M2                 0.483      0.072      6.691      0.000
    M3                 0.323      0.044      7.415      0.000
    Y                  0.777      0.067     11.620      0.000


QUALITY OF NUMERICAL RESULTS

     Condition Number for the Information Matrix              0.564E-03
       (ratio of smallest to largest eigenvalue)


STANDARDIZED MODEL RESULTS


STDYX Standardization

                                                    Two-Tailed
                    Estimate       S.E.  Est./S.E.    P-Value

 ETA1     BY
    X1                 0.754      0.043     17.455      0.000
    X2                 0.783      0.048     16.352      0.000
    X3                 0.595      0.049     12.202      0.000

 ETA2     BY
    M1                 0.762      0.038     19.961      0.000
    M2                 0.783      0.040     19.520      0.000
    M3                 0.798      0.035     22.918      0.000

 Y          ON
    ETA1               0.305      0.070      4.371      0.000
    ETA2               0.243      0.061      3.964      0.000
    ETA3               0.326      0.060      5.437      0.000

 ETA2     WITH
    ETA1               0.073      0.085      0.864      0.388

 Intercepts
    X1                -0.010      0.063     -0.154      0.878
    X2                 0.062      0.063      0.982      0.326
    X3                -0.099      0.064     -1.561      0.119
    M1                 0.024      0.063      0.379      0.704
    M2                 0.005      0.063      0.082      0.935
    M3                 0.016      0.063      0.258      0.796
    Y                  0.036      0.063      0.576      0.565

 Variances
    ETA1               1.000      0.000    999.000    999.000
    ETA2               1.000      0.000    999.000    999.000

 Residual Variances
    X1                 0.431      0.065      6.615      0.000
    X2                 0.388      0.075      5.176      0.000
    X3                 0.646      0.058     11.126      0.000
    M1                 0.420      0.058      7.227      0.000
    M2                 0.387      0.063      6.162      0.000
    M3                 0.363      0.056      6.530      0.000
    Y                  0.730      0.062     11.713      0.000


STDY Standardization

                                                    Two-Tailed
                    Estimate       S.E.  Est./S.E.    P-Value

 ETA1     BY
    X1                 0.754      0.043     17.455      0.000
    X2                 0.783      0.048     16.352      0.000
    X3                 0.595      0.049     12.202      0.000

 ETA2     BY
    M1                 0.762      0.038     19.961      0.000
    M2                 0.783      0.040     19.520      0.000
    M3                 0.798      0.035     22.918      0.000

 Y          ON
    ETA1               0.305      0.070      4.371      0.000
    ETA2               0.243      0.061      3.964      0.000
    ETA3               0.326      0.060      5.437      0.000

 ETA2     WITH
    ETA1               0.073      0.085      0.864      0.388

 Intercepts
    X1                -0.010      0.063     -0.154      0.878
    X2                 0.062      0.063      0.982      0.326
    X3                -0.099      0.064     -1.561      0.119
    M1                 0.024      0.063      0.379      0.704
    M2                 0.005      0.063      0.082      0.935
    M3                 0.016      0.063      0.258      0.796
    Y                  0.036      0.063      0.576      0.565

 Variances
    ETA1               1.000      0.000    999.000    999.000
    ETA2               1.000      0.000    999.000    999.000

 Residual Variances
    X1                 0.431      0.065      6.615      0.000
    X2                 0.388      0.075      5.176      0.000
    X3                 0.646      0.058     11.126      0.000
    M1                 0.420      0.058      7.227      0.000
    M2                 0.387      0.063      6.162      0.000
    M3                 0.363      0.056      6.530      0.000
    Y                  0.730      0.062     11.713      0.000


STD Standardization

                                                    Two-Tailed
                    Estimate       S.E.  Est./S.E.    P-Value

 ETA1     BY
    X1                 0.987      0.081     12.146      0.000
    X2                 0.892      0.073     12.240      0.000
    X3                 0.529      0.056      9.480      0.000

 ETA2     BY
    M1                 1.035      0.083     12.550      0.000
    M2                 0.875      0.071     12.399      0.000
    M3                 0.753      0.058     13.003      0.000

 Y          ON
    ETA1               0.315      0.078      4.046      0.000
    ETA2               0.251      0.065      3.853      0.000
    ETA3               0.336      0.067      5.004      0.000

 ETA2     WITH
    ETA1               0.073      0.085      0.864      0.388

 Intercepts
    X1                -0.013      0.083     -0.154      0.877
    X2                 0.071      0.072      0.981      0.327
    X3                -0.088      0.056     -1.570      0.116
    M1                 0.033      0.086      0.380      0.704
    M2                 0.006      0.071      0.082      0.935
    M3                 0.015      0.060      0.259      0.796
    Y                  0.037      0.065      0.576      0.565

 Variances
    ETA1               1.000      0.000    999.000    999.000
    ETA2               1.000      0.000    999.000    999.000

 Residual Variances
    X1                 0.739      0.108      6.828      0.000
    X2                 0.504      0.097      5.182      0.000
    X3                 0.510      0.055      9.205      0.000
    M1                 0.776      0.093      8.312      0.000
    M2                 0.483      0.072      6.691      0.000
    M3                 0.323      0.044      7.415      0.000
    Y                  0.777      0.067     11.620      0.000


R-SQUARE

    Observed                                        Two-Tailed
    Variable        Estimate       S.E.  Est./S.E.    P-Value

    X1                 0.569      0.065      8.728      0.000
    X2                 0.612      0.075      8.176      0.000
    X3                 0.354      0.058      6.101      0.000
    M1                 0.580      0.058      9.981      0.000
    M2                 0.613      0.063      9.760      0.000
    M3                 0.637      0.056     11.459      0.000
    Y                  0.270      0.062      4.333      0.000


TECHNICAL 1 OUTPUT


     PARAMETER SPECIFICATION


           NU
              X1            X2            X3            M1            M2
              ________      ________      ________      ________      ________
                    1             2             3             4             5


           NU
              M3            Y
              ________      ________
                    6             0


           LAMBDA
              ETA1          ETA2          ETA3          Y
              ________      ________      ________      ________
 X1                 0             0             0             0
 X2                 7             0             0             0
 X3                 8             0             0             0
 M1                 0             0             0             0
 M2                 0             9             0             0
 M3                 0            10             0             0
 Y                  0             0             0             0


           THETA
              X1            X2            X3            M1            M2
              ________      ________      ________      ________      ________
 X1                11
 X2                 0            12
 X3                 0             0            13
 M1                 0             0             0            14
 M2                 0             0             0             0            15
 M3                 0             0             0             0             0
 Y                  0             0             0             0             0


           THETA
              M3            Y
              ________      ________
 M3                16
 Y                  0             0


           ALPHA
              ETA1          ETA2          ETA3          Y
              ________      ________      ________      ________
                    0             0             0            17


           BETA
              ETA1          ETA2          ETA3          Y
              ________      ________      ________      ________
 ETA1               0             0             0             0
 ETA2               0             0             0             0
 ETA3               0             0             0             0
 Y                 18            19            20             0


           PSI
              ETA1          ETA2          ETA3          Y
              ________      ________      ________      ________
 ETA1              21
 ETA2              22            23
 ETA3               0             0             0
 Y                  0             0             0            24


     STARTING VALUES


           NU
              X1            X2            X3            M1            M2
              ________      ________      ________      ________      ________
               -0.012         0.071        -0.088         0.033         0.006


           NU
              M3            Y
              ________      ________
                0.016         0.000


           LAMBDA
              ETA1          ETA2          ETA3          Y
              ________      ________      ________      ________
 X1             1.000         0.000         0.000         0.000
 X2             1.000         0.000         0.000         0.000
 X3             1.000         0.000         0.000         0.000
 M1             0.000         1.000         0.000         0.000
 M2             0.000         1.000         0.000         0.000
 M3             0.000         1.000         0.000         0.000
 Y              0.000         0.000         0.000         1.000


           THETA
              X1            X2            X3            M1            M2
              ________      ________      ________      ________      ________
 X1             0.858
 X2             0.000         0.650
 X3             0.000         0.000         0.395
 M1             0.000         0.000         0.000         0.924
 M2             0.000         0.000         0.000         0.000         0.624
 M3             0.000         0.000         0.000         0.000         0.000
 Y              0.000         0.000         0.000         0.000         0.000


           THETA
              M3            Y
              ________      ________
 M3             0.445
 Y              0.000         0.000


           ALPHA
              ETA1          ETA2          ETA3          Y
              ________      ________      ________      ________
                0.000         0.000         0.000         0.062


           BETA
              ETA1          ETA2          ETA3          Y
              ________      ________      ________      ________
 ETA1           0.000         0.000         0.000         0.000
 ETA2           0.000         0.000         0.000         0.000
 ETA3           0.000         0.000         0.000         0.000
 Y              0.000         0.000         0.000         0.000


           PSI
              ETA1          ETA2          ETA3          Y
              ________      ________      ________      ________
 ETA1           0.050
 ETA2           0.000         0.050
 ETA3           0.000         0.000         0.000
 Y              0.000         0.000         0.000         0.532


TECHNICAL 4 OUTPUT


     ESTIMATES DERIVED FROM THE MODEL


           ESTIMATED MEANS FOR THE LATENT VARIABLES
              ETA1          ETA2          ETA3          Y
              ________      ________      ________      ________
                0.000         0.000         0.075         0.062


           S.E. FOR ESTIMATED MEANS FOR THE LATENT VARIABLES
              ETA1          ETA2          ETA3          Y
              ________      ________      ________      ________
                0.000         0.000         0.086         0.065


           EST./S.E. FOR ESTIMATED MEANS FOR THE LATENT VARIABLES
              ETA1          ETA2          ETA3          Y
              ________      ________      ________      ________
                0.000         0.000         0.867         0.951


           TWO-TAILED P-VALUE FOR ESTIMATED MEANS FOR THE LATENT VARIABLES
              ETA1          ETA2          ETA3          Y
              ________      ________      ________      ________
                1.000         1.000         0.386         0.342


           ESTIMATED COVARIANCE MATRIX FOR THE LATENT VARIABLES
              ETA1          ETA2          ETA3          Y
              ________      ________      ________      ________
 ETA1           0.975
 ETA2           0.075         1.072
 ETA3           0.000         0.000         1.050
 Y              0.329         0.284         0.346         1.065


           S.E. FOR ESTIMATED COVARIANCE MATRIX FOR THE LATENT VARIABLES
              ETA1          ETA2          ETA3          Y
              ________      ________      ________      ________
 ETA1           0.160
 ETA2           0.086         0.171
 ETA3           0.000         0.000         0.227
 Y              0.083         0.081         0.085         0.092


           EST./S.E. FOR ESTIMATED COVARIANCE MATRIX FOR THE LATENT VARIABLES
              ETA1          ETA2          ETA3          Y
              ________      ________      ________      ________
 ETA1           6.073
 ETA2           0.867         6.275
 ETA3           0.000         0.000         4.627
 Y              3.988         3.498         4.073        11.516


           TWO-TAILED P-VALUE FOR ESTIMATED COVARIANCE MATRIX FOR THE LATENT VARIABLES
              ETA1          ETA2          ETA3          Y
              ________      ________      ________      ________
 ETA1           0.000
 ETA2           0.386         0.000
 ETA3           1.000         1.000         0.000
 Y              0.000         0.000         0.000         0.000


           ESTIMATED CORRELATION MATRIX FOR THE LATENT VARIABLES
              ETA1          ETA2          ETA3          Y
              ________      ________      ________      ________
 ETA1           1.000
 ETA2           0.073         1.000
 ETA3           0.000         0.000         1.000
 Y              0.323         0.265         0.327         1.000


           S.E. FOR ESTIMATED CORRELATION MATRIX FOR THE LATENT VARIABLES
              ETA1          ETA2          ETA3          Y
              ________      ________      ________      ________
 ETA1           0.000
 ETA2           0.085         0.000
 ETA3           0.000         0.000         0.000
 Y              0.070         0.066         0.061         0.000


           EST./S.E. FOR ESTIMATED CORRELATION MATRIX FOR THE LATENT VARIABLES
              ETA1          ETA2          ETA3          Y
              ________      ________      ________      ________
 ETA1         999.000
 ETA2           0.864       999.000
 ETA3           0.000         0.000       999.000
 Y              4.643         4.041         5.396       999.000


           TWO-TAILED P-VALUE FOR ESTIMATED CORRELATION MATRIX FOR THE LATENT VARIABLES
              ETA1          ETA2          ETA3          Y
              ________      ________      ________      ________
 ETA1           0.000
 ETA2           0.388         0.000
 ETA3           1.000         1.000         0.000
 Y              0.000         0.000         0.000         0.000


     Beginning Time:  23:38:58
        Ending Time:  23:39:38
       Elapsed Time:  00:00:40



MUTHEN & MUTHEN
3463 Stoner Ave.
Los Angeles, CA  90066

Tel: (310) 391-9971
Fax: (310) 391-8971
Web: www.StatModel.com
Support: Support@StatModel.com

Copyright (c) 1998-2022 Muthen & Muthen
