Mplus VERSION 8.8 (Mac)
MUTHEN & MUTHEN
08/20/2024  11:28 PM

INPUT INSTRUCTIONS

  TITLE: Data Analysis for SEM with Latent Interaction

  DATA:
    FILE = /Users/jimmy_z/desktop/Temp_Data/temp_data_21.dat;
    FORMAT = FREE;

  VARIABLE:
    NAMES ARE x1 x2 x3 m1 m2 m3 y;
    USEVARIABLES ARE x1 x2 x3 m1 m2 m3 y;

  ANALYSIS:
    TYPE = RANDOM;
    ESTIMATOR = MLR;
    ALGORITHM = INTEGRATION;
    INTEGRATION = MONTECARLO;

  MODEL:
    eta1 BY x1 x2 x3;
    eta2 BY m1 m2 m3;
    eta3 | eta1 XWITH eta2;
    y ON eta1 eta2 eta3;

  OUTPUT:
    STANDARDIZED;
    TECH1;
    TECH4;





INPUT READING TERMINATED NORMALLY



Data Analysis for SEM with Latent Interaction

SUMMARY OF ANALYSIS

Number of groups                                                 1
Number of observations                                         250

Number of dependent variables                                    7
Number of independent variables                                  0
Number of continuous latent variables                            3

Observed dependent variables

  Continuous
   X1          X2          X3          M1          M2          M3
   Y

Continuous latent variables
   ETA1        ETA2        ETA3


Estimator                                                      MLR
Information matrix                                        OBSERVED
Optimization Specifications for the Quasi-Newton Algorithm for
Continuous Outcomes
  Maximum number of iterations                                 100
  Convergence criterion                                  0.100D-05
Optimization Specifications for the EM Algorithm
  Maximum number of iterations                                 500
  Convergence criteria
    Loglikelihood change                                 0.100D-02
    Relative loglikelihood change                        0.100D-05
    Derivative                                           0.100D-02
Optimization Specifications for the M step of the EM Algorithm for
Categorical Latent variables
  Number of M step iterations                                    1
  M step convergence criterion                           0.100D-02
  Basis for M step termination                           ITERATION
Optimization Specifications for the M step of the EM Algorithm for
Censored, Binary or Ordered Categorical (Ordinal), Unordered
Categorical (Nominal) and Count Outcomes
  Number of M step iterations                                    1
  M step convergence criterion                           0.100D-02
  Basis for M step termination                           ITERATION
  Maximum value for logit thresholds                            15
  Minimum value for logit thresholds                           -15
  Minimum expected cell size for chi-square              0.100D-01
Optimization algorithm                                         EMA
Integration Specifications
  Type                                                  MONTECARLO
  Number of integration points                                2000
  Dimensions of numerical integration                            2
  Adaptive quadrature                                           ON
  Monte Carlo integration seed                                   0
Cholesky                                                       OFF

Input data file(s)
  /Users/jimmy_z/desktop/Temp_Data/temp_data_21.dat
Input data format  FREE



UNIVARIATE SAMPLE STATISTICS


     UNIVARIATE HIGHER-ORDER MOMENT DESCRIPTIVE STATISTICS

         Variable/         Mean/     Skewness/   Minimum/ % with                Percentiles
        Sample Size      Variance    Kurtosis    Maximum  Min/Max      20%/60%    40%/80%    Median

     X1                   -0.059       0.121      -3.198    0.40%      -1.253     -0.524     -0.108
             250.000       1.748      -0.540       3.219    0.40%       0.278      1.076
     X2                   -0.046       0.080      -2.824    0.40%      -1.166     -0.363     -0.015
             250.000       1.393      -0.603       2.968    0.40%       0.256      1.074
     X3                   -0.080      -0.047      -2.850    0.40%      -0.925     -0.268     -0.062
             250.000       0.982      -0.256       2.162    0.40%       0.144      0.822
     M1                    0.077       0.431      -3.054    0.40%      -0.969     -0.409     -0.056
             250.000       1.663       0.095       4.314    0.40%       0.299      1.119
     M2                    0.030       0.231      -3.288    0.40%      -1.088     -0.312      0.020
             250.000       1.334      -0.032       3.589    0.40%       0.282      0.973
     M3                    0.114       0.183      -2.171    0.40%      -0.599     -0.169      0.012
             250.000       0.788      -0.008       2.877    0.40%       0.281      0.913
     Y                    -0.031       0.229      -2.813    0.40%      -0.730     -0.258     -0.026
             250.000       0.893       1.705       4.339    0.40%       0.162      0.690


THE MODEL ESTIMATION TERMINATED NORMALLY



MODEL FIT INFORMATION

Number of Free Parameters                       24

Loglikelihood

          H0 Value                       -2412.613
          H0 Scaling Correction Factor      1.0009
            for MLR

Information Criteria

          Akaike (AIC)                    4873.226
          Bayesian (BIC)                  4957.741
          Sample-Size Adjusted BIC        4881.659
            (n* = (n + 2) / 24)



MODEL RESULTS

                                                    Two-Tailed
                    Estimate       S.E.  Est./S.E.    P-Value

 ETA1     BY
    X1                 1.000      0.000    999.000    999.000
    X2                 0.905      0.088     10.275      0.000
    X3                 0.712      0.076      9.382      0.000

 ETA2     BY
    M1                 1.000      0.000    999.000    999.000
    M2                 1.009      0.127      7.945      0.000
    M3                 0.668      0.075      8.878      0.000

 Y          ON
    ETA1               0.310      0.067      4.655      0.000
    ETA2               0.218      0.071      3.093      0.002
    ETA3               0.410      0.089      4.601      0.000

 ETA2     WITH
    ETA1               0.070      0.074      0.944      0.345

 Intercepts
    X1                -0.059      0.084     -0.703      0.482
    X2                -0.046      0.075     -0.623      0.533
    X3                -0.080      0.063     -1.274      0.203
    M1                 0.078      0.082      0.954      0.340
    M2                 0.031      0.073      0.419      0.675
    M3                 0.115      0.056      2.041      0.041
    Y                 -0.060      0.057     -1.055      0.291

 Variances
    ETA1               0.979      0.140      6.989      0.000
    ETA2               0.799      0.154      5.174      0.000

 Residual Variances
    X1                 0.765      0.106      7.244      0.000
    X2                 0.591      0.087      6.779      0.000
    X3                 0.485      0.067      7.294      0.000
    M1                 0.858      0.102      8.403      0.000
    M2                 0.520      0.085      6.123      0.000
    M3                 0.431      0.056      7.680      0.000
    Y                  0.592      0.067      8.795      0.000


QUALITY OF NUMERICAL RESULTS

     Condition Number for the Information Matrix              0.253E-01
       (ratio of smallest to largest eigenvalue)


STANDARDIZED MODEL RESULTS


STDYX Standardization

                                                    Two-Tailed
                    Estimate       S.E.  Est./S.E.    P-Value

 ETA1     BY
    X1                 0.749      0.039     19.062      0.000
    X2                 0.759      0.041     18.578      0.000
    X3                 0.711      0.046     15.313      0.000

 ETA2     BY
    M1                 0.694      0.047     14.691      0.000
    M2                 0.781      0.042     18.429      0.000
    M3                 0.673      0.051     13.232      0.000

 Y          ON
    ETA1               0.329      0.065      5.096      0.000
    ETA2               0.210      0.068      3.101      0.002
    ETA3               0.390      0.066      5.875      0.000

 ETA2     WITH
    ETA1               0.079      0.082      0.960      0.337

 Intercepts
    X1                -0.044      0.063     -0.701      0.483
    X2                -0.039      0.063     -0.622      0.534
    X3                -0.081      0.063     -1.275      0.202
    M1                 0.060      0.063      0.965      0.334
    M2                 0.026      0.063      0.420      0.674
    M3                 0.129      0.063      2.058      0.040
    Y                 -0.064      0.061     -1.059      0.290

 Variances
    ETA1               1.000      0.000    999.000    999.000
    ETA2               1.000      0.000    999.000    999.000

 Residual Variances
    X1                 0.439      0.059      7.448      0.000
    X2                 0.424      0.062      6.843      0.000
    X3                 0.494      0.066      7.479      0.000
    M1                 0.518      0.066      7.884      0.000
    M2                 0.390      0.066      5.889      0.000
    M3                 0.547      0.068      7.987      0.000
    Y                  0.684      0.065     10.558      0.000


STDY Standardization

                                                    Two-Tailed
                    Estimate       S.E.  Est./S.E.    P-Value

 ETA1     BY
    X1                 0.749      0.039     19.062      0.000
    X2                 0.759      0.041     18.578      0.000
    X3                 0.711      0.046     15.313      0.000

 ETA2     BY
    M1                 0.694      0.047     14.691      0.000
    M2                 0.781      0.042     18.429      0.000
    M3                 0.673      0.051     13.232      0.000

 Y          ON
    ETA1               0.329      0.065      5.096      0.000
    ETA2               0.210      0.068      3.101      0.002
    ETA3               0.390      0.066      5.875      0.000

 ETA2     WITH
    ETA1               0.079      0.082      0.960      0.337

 Intercepts
    X1                -0.044      0.063     -0.701      0.483
    X2                -0.039      0.063     -0.622      0.534
    X3                -0.081      0.063     -1.275      0.202
    M1                 0.060      0.063      0.965      0.334
    M2                 0.026      0.063      0.420      0.674
    M3                 0.129      0.063      2.058      0.040
    Y                 -0.064      0.061     -1.059      0.290

 Variances
    ETA1               1.000      0.000    999.000    999.000
    ETA2               1.000      0.000    999.000    999.000

 Residual Variances
    X1                 0.439      0.059      7.448      0.000
    X2                 0.424      0.062      6.843      0.000
    X3                 0.494      0.066      7.479      0.000
    M1                 0.518      0.066      7.884      0.000
    M2                 0.390      0.066      5.889      0.000
    M3                 0.547      0.068      7.987      0.000
    Y                  0.684      0.065     10.558      0.000


STD Standardization

                                                    Two-Tailed
                    Estimate       S.E.  Est./S.E.    P-Value

 ETA1     BY
    X1                 0.990      0.071     13.977      0.000
    X2                 0.896      0.065     13.804      0.000
    X3                 0.705      0.061     11.557      0.000

 ETA2     BY
    M1                 0.894      0.086     10.348      0.000
    M2                 0.902      0.073     12.393      0.000
    M3                 0.597      0.059     10.144      0.000

 Y          ON
    ETA1               0.306      0.064      4.783      0.000
    ETA2               0.195      0.064      3.056      0.002
    ETA3               0.363      0.069      5.257      0.000

 ETA2     WITH
    ETA1               0.079      0.082      0.960      0.337

 Intercepts
    X1                -0.059      0.084     -0.703      0.482
    X2                -0.046      0.075     -0.623      0.533
    X3                -0.080      0.063     -1.274      0.203
    M1                 0.078      0.082      0.954      0.340
    M2                 0.031      0.073      0.419      0.675
    M3                 0.115      0.056      2.041      0.041
    Y                 -0.060      0.057     -1.055      0.291

 Variances
    ETA1               1.000      0.000    999.000    999.000
    ETA2               1.000      0.000    999.000    999.000

 Residual Variances
    X1                 0.765      0.106      7.244      0.000
    X2                 0.591      0.087      6.779      0.000
    X3                 0.485      0.067      7.294      0.000
    M1                 0.858      0.102      8.403      0.000
    M2                 0.520      0.085      6.123      0.000
    M3                 0.431      0.056      7.680      0.000
    Y                  0.592      0.067      8.795      0.000


R-SQUARE

    Observed                                        Two-Tailed
    Variable        Estimate       S.E.  Est./S.E.    P-Value

    X1                 0.561      0.059      9.531      0.000
    X2                 0.576      0.062      9.289      0.000
    X3                 0.506      0.066      7.657      0.000
    M1                 0.482      0.066      7.345      0.000
    M2                 0.610      0.066      9.215      0.000
    M3                 0.453      0.068      6.616      0.000
    Y                  0.316      0.065      4.888      0.000


TECHNICAL 1 OUTPUT


     PARAMETER SPECIFICATION


           NU
              X1            X2            X3            M1            M2
              ________      ________      ________      ________      ________
                    1             2             3             4             5


           NU
              M3            Y
              ________      ________
                    6             0


           LAMBDA
              ETA1          ETA2          ETA3          Y
              ________      ________      ________      ________
 X1                 0             0             0             0
 X2                 7             0             0             0
 X3                 8             0             0             0
 M1                 0             0             0             0
 M2                 0             9             0             0
 M3                 0            10             0             0
 Y                  0             0             0             0


           THETA
              X1            X2            X3            M1            M2
              ________      ________      ________      ________      ________
 X1                11
 X2                 0            12
 X3                 0             0            13
 M1                 0             0             0            14
 M2                 0             0             0             0            15
 M3                 0             0             0             0             0
 Y                  0             0             0             0             0


           THETA
              M3            Y
              ________      ________
 M3                16
 Y                  0             0


           ALPHA
              ETA1          ETA2          ETA3          Y
              ________      ________      ________      ________
                    0             0             0            17


           BETA
              ETA1          ETA2          ETA3          Y
              ________      ________      ________      ________
 ETA1               0             0             0             0
 ETA2               0             0             0             0
 ETA3               0             0             0             0
 Y                 18            19            20             0


           PSI
              ETA1          ETA2          ETA3          Y
              ________      ________      ________      ________
 ETA1              21
 ETA2              22            23
 ETA3               0             0             0
 Y                  0             0             0            24


     STARTING VALUES


           NU
              X1            X2            X3            M1            M2
              ________      ________      ________      ________      ________
               -0.059        -0.046        -0.080         0.077         0.030


           NU
              M3            Y
              ________      ________
                0.114         0.000


           LAMBDA
              ETA1          ETA2          ETA3          Y
              ________      ________      ________      ________
 X1             1.000         0.000         0.000         0.000
 X2             1.000         0.000         0.000         0.000
 X3             1.000         0.000         0.000         0.000
 M1             0.000         1.000         0.000         0.000
 M2             0.000         1.000         0.000         0.000
 M3             0.000         1.000         0.000         0.000
 Y              0.000         0.000         0.000         1.000


           THETA
              X1            X2            X3            M1            M2
              ________      ________      ________      ________      ________
 X1             0.874
 X2             0.000         0.697
 X3             0.000         0.000         0.491
 M1             0.000         0.000         0.000         0.831
 M2             0.000         0.000         0.000         0.000         0.667
 M3             0.000         0.000         0.000         0.000         0.000
 Y              0.000         0.000         0.000         0.000         0.000


           THETA
              M3            Y
              ________      ________
 M3             0.394
 Y              0.000         0.000


           ALPHA
              ETA1          ETA2          ETA3          Y
              ________      ________      ________      ________
                0.000         0.000         0.000        -0.031


           BETA
              ETA1          ETA2          ETA3          Y
              ________      ________      ________      ________
 ETA1           0.000         0.000         0.000         0.000
 ETA2           0.000         0.000         0.000         0.000
 ETA3           0.000         0.000         0.000         0.000
 Y              0.000         0.000         0.000         0.000


           PSI
              ETA1          ETA2          ETA3          Y
              ________      ________      ________      ________
 ETA1           0.050
 ETA2           0.000         0.050
 ETA3           0.000         0.000         0.000
 Y              0.000         0.000         0.000         0.447


TECHNICAL 4 OUTPUT


     ESTIMATES DERIVED FROM THE MODEL


           ESTIMATED MEANS FOR THE LATENT VARIABLES
              ETA1          ETA2          ETA3          Y
              ________      ________      ________      ________
                0.000         0.000         0.070        -0.031


           S.E. FOR ESTIMATED MEANS FOR THE LATENT VARIABLES
              ETA1          ETA2          ETA3          Y
              ________      ________      ________      ________
                0.000         0.000         0.074         0.060


           EST./S.E. FOR ESTIMATED MEANS FOR THE LATENT VARIABLES
              ETA1          ETA2          ETA3          Y
              ________      ________      ________      ________
                0.000         0.000         0.944        -0.525


           TWO-TAILED P-VALUE FOR ESTIMATED MEANS FOR THE LATENT VARIABLES
              ETA1          ETA2          ETA3          Y
              ________      ________      ________      ________
                1.000         1.000         0.345         0.599


           ESTIMATED COVARIANCE MATRIX FOR THE LATENT VARIABLES
              ETA1          ETA2          ETA3          Y
              ________      ________      ________      ________
 ETA1           0.979
 ETA2           0.070         0.799
 ETA3           0.000         0.000         0.787
 Y              0.318         0.196         0.323         0.866


           S.E. FOR ESTIMATED COVARIANCE MATRIX FOR THE LATENT VARIABLES
              ETA1          ETA2          ETA3          Y
              ________      ________      ________      ________
 ETA1           0.140
 ETA2           0.074         0.154
 ETA3           0.000         0.000         0.191
 Y              0.070         0.068         0.076         0.089


           EST./S.E. FOR ESTIMATED COVARIANCE MATRIX FOR THE LATENT VARIABLES
              ETA1          ETA2          ETA3          Y
              ________      ________      ________      ________
 ETA1           6.989
 ETA2           0.944         5.174
 ETA3           0.000         0.000         4.129
 Y              4.569         2.881         4.252         9.714


           TWO-TAILED P-VALUE FOR ESTIMATED COVARIANCE MATRIX FOR THE LATENT VARIABLES
              ETA1          ETA2          ETA3          Y
              ________      ________      ________      ________
 ETA1           0.000
 ETA2           0.345         0.000
 ETA3           1.000         1.000         0.000
 Y              0.000         0.004         0.000         0.000


           ESTIMATED CORRELATION MATRIX FOR THE LATENT VARIABLES
              ETA1          ETA2          ETA3          Y
              ________      ________      ________      ________
 ETA1           1.000
 ETA2           0.079         1.000
 ETA3           0.000         0.000         1.000
 Y              0.346         0.235         0.391         1.000


           S.E. FOR ESTIMATED CORRELATION MATRIX FOR THE LATENT VARIABLES
              ETA1          ETA2          ETA3          Y
              ________      ________      ________      ________
 ETA1           0.000
 ETA2           0.082         0.000
 ETA3           0.000         0.000         0.000
 Y              0.065         0.071         0.067         0.000


           EST./S.E. FOR ESTIMATED CORRELATION MATRIX FOR THE LATENT VARIABLES
              ETA1          ETA2          ETA3          Y
              ________      ________      ________      ________
 ETA1         999.000
 ETA2           0.960       999.000
 ETA3           0.000         0.000       999.000
 Y              5.351         3.329         5.844       999.000


           TWO-TAILED P-VALUE FOR ESTIMATED CORRELATION MATRIX FOR THE LATENT VARIABLES
              ETA1          ETA2          ETA3          Y
              ________      ________      ________      ________
 ETA1           0.000
 ETA2           0.337         0.000
 ETA3           1.000         1.000         0.000
 Y              0.000         0.001         0.000         0.000


     Beginning Time:  23:28:58
        Ending Time:  23:29:46
       Elapsed Time:  00:00:48



MUTHEN & MUTHEN
3463 Stoner Ave.
Los Angeles, CA  90066

Tel: (310) 391-9971
Fax: (310) 391-8971
Web: www.StatModel.com
Support: Support@StatModel.com

Copyright (c) 1998-2022 Muthen & Muthen
