Mplus VERSION 8.8 (Mac)
MUTHEN & MUTHEN
08/20/2024  10:57 PM

INPUT INSTRUCTIONS

  TITLE: Data Analysis for SEM with Latent Interaction

  DATA:
    FILE = /Users/jimmy_z/desktop/Temp_Data/temp_data_345.dat;
    FORMAT = FREE;

  VARIABLE:
    NAMES ARE x1 x2 x3 m1 m2 m3 y;
    USEVARIABLES ARE x1 x2 x3 m1 m2 m3 y;

  ANALYSIS:
    TYPE = RANDOM;
    ESTIMATOR = MLR;
    ALGORITHM = INTEGRATION;
    INTEGRATION = MONTECARLO;

  MODEL:
    eta1 BY x1 x2 x3;
    eta2 BY m1 m2 m3;
    eta3 | eta1 XWITH eta2;
    y ON eta1 eta2 eta3;

  OUTPUT:
    STANDARDIZED;
    TECH1;
    TECH4;





INPUT READING TERMINATED NORMALLY



Data Analysis for SEM with Latent Interaction

SUMMARY OF ANALYSIS

Number of groups                                                 1
Number of observations                                         250

Number of dependent variables                                    7
Number of independent variables                                  0
Number of continuous latent variables                            3

Observed dependent variables

  Continuous
   X1          X2          X3          M1          M2          M3
   Y

Continuous latent variables
   ETA1        ETA2        ETA3


Estimator                                                      MLR
Information matrix                                        OBSERVED
Optimization Specifications for the Quasi-Newton Algorithm for
Continuous Outcomes
  Maximum number of iterations                                 100
  Convergence criterion                                  0.100D-05
Optimization Specifications for the EM Algorithm
  Maximum number of iterations                                 500
  Convergence criteria
    Loglikelihood change                                 0.100D-02
    Relative loglikelihood change                        0.100D-05
    Derivative                                           0.100D-02
Optimization Specifications for the M step of the EM Algorithm for
Categorical Latent variables
  Number of M step iterations                                    1
  M step convergence criterion                           0.100D-02
  Basis for M step termination                           ITERATION
Optimization Specifications for the M step of the EM Algorithm for
Censored, Binary or Ordered Categorical (Ordinal), Unordered
Categorical (Nominal) and Count Outcomes
  Number of M step iterations                                    1
  M step convergence criterion                           0.100D-02
  Basis for M step termination                           ITERATION
  Maximum value for logit thresholds                            15
  Minimum value for logit thresholds                           -15
  Minimum expected cell size for chi-square              0.100D-01
Optimization algorithm                                         EMA
Integration Specifications
  Type                                                  MONTECARLO
  Number of integration points                                2000
  Dimensions of numerical integration                            2
  Adaptive quadrature                                           ON
  Monte Carlo integration seed                                   0
Cholesky                                                       OFF

Input data file(s)
  /Users/jimmy_z/desktop/Temp_Data/temp_data_345.dat
Input data format  FREE



UNIVARIATE SAMPLE STATISTICS


     UNIVARIATE HIGHER-ORDER MOMENT DESCRIPTIVE STATISTICS

         Variable/         Mean/     Skewness/   Minimum/ % with                Percentiles
        Sample Size      Variance    Kurtosis    Maximum  Min/Max      20%/60%    40%/80%    Median

     X1                    0.034       0.059      -4.011    0.40%      -1.394     -0.383      0.005
             250.000       2.408      -0.253       4.366    0.40%       0.430      1.334
     X2                    0.009       0.001      -3.756    0.40%      -1.162     -0.284      0.083
             250.000       1.847      -0.115       3.517    0.40%       0.349      1.092
     X3                   -0.015       0.047      -2.866    0.40%      -1.105     -0.252      0.110
             250.000       1.534      -0.112       3.626    0.40%       0.388      0.970
     M1                   -0.125       0.220      -3.373    0.40%      -1.400     -0.561     -0.132
             250.000       2.145      -0.260       4.190    0.40%       0.234      1.203
     M2                   -0.176      -0.054      -4.305    0.40%      -1.309     -0.500     -0.174
             250.000       1.899      -0.014       3.603    0.40%       0.086      0.978
     M3                   -0.030      -0.088      -3.058    0.40%      -0.870     -0.266     -0.012
             250.000       1.269       0.044       3.257    0.40%       0.244      0.885
     Y                     0.033      -0.164      -2.612    0.40%      -0.824     -0.132      0.037
             250.000       0.921      -0.420       2.146    0.40%       0.287      0.840


THE MODEL ESTIMATION TERMINATED NORMALLY



MODEL FIT INFORMATION

Number of Free Parameters                       24

Loglikelihood

          H0 Value                       -2780.904
          H0 Scaling Correction Factor      0.9402
            for MLR

Information Criteria

          Akaike (AIC)                    5609.809
          Bayesian (BIC)                  5694.324
          Sample-Size Adjusted BIC        5618.242
            (n* = (n + 2) / 24)



MODEL RESULTS

                                                    Two-Tailed
                    Estimate       S.E.  Est./S.E.    P-Value

 ETA1     BY
    X1                 1.000      0.000    999.000    999.000
    X2                 1.093      0.175      6.247      0.000
    X3                 0.899      0.148      6.078      0.000

 ETA2     BY
    M1                 1.000      0.000    999.000    999.000
    M2                 0.769      0.126      6.110      0.000
    M3                 0.723      0.107      6.792      0.000

 Y          ON
    ETA1               0.262      0.078      3.370      0.001
    ETA2               0.136      0.071      1.917      0.055
    ETA3               0.273      0.072      3.781      0.000

 ETA2     WITH
    ETA1               0.147      0.089      1.662      0.097

 Intercepts
    X1                 0.033      0.098      0.336      0.737
    X2                 0.008      0.086      0.093      0.926
    X3                -0.016      0.078     -0.204      0.839
    M1                -0.126      0.093     -1.363      0.173
    M2                -0.178      0.087     -2.036      0.042
    M3                -0.031      0.071     -0.435      0.664
    Y                 -0.007      0.061     -0.118      0.906

 Variances
    ETA1               0.812      0.203      3.994      0.000
    ETA2               1.063      0.206      5.168      0.000

 Residual Variances
    X1                 1.601      0.188      8.521      0.000
    X2                 0.876      0.146      6.020      0.000
    X3                 0.876      0.108      8.147      0.000
    M1                 1.087      0.170      6.406      0.000
    M2                 1.270      0.149      8.534      0.000
    M3                 0.713      0.090      7.910      0.000
    Y                  0.772      0.071     10.858      0.000


QUALITY OF NUMERICAL RESULTS

     Condition Number for the Information Matrix              0.802E-03
       (ratio of smallest to largest eigenvalue)


STANDARDIZED MODEL RESULTS


STDYX Standardization

                                                    Two-Tailed
                    Estimate       S.E.  Est./S.E.    P-Value

 ETA1     BY
    X1                 0.580      0.062      9.344      0.000
    X2                 0.725      0.056     12.930      0.000
    X3                 0.655      0.053     12.262      0.000

 ETA2     BY
    M1                 0.703      0.055     12.776      0.000
    M2                 0.575      0.065      8.897      0.000
    M3                 0.662      0.054     12.310      0.000

 Y          ON
    ETA1               0.246      0.075      3.276      0.001
    ETA2               0.146      0.071      2.050      0.040
    ETA3               0.264      0.065      4.055      0.000

 ETA2     WITH
    ETA1               0.158      0.095      1.668      0.095

 Intercepts
    X1                 0.021      0.063      0.336      0.737
    X2                 0.006      0.063      0.093      0.926
    X3                -0.013      0.063     -0.204      0.839
    M1                -0.086      0.064     -1.348      0.178
    M2                -0.129      0.063     -2.035      0.042
    M3                -0.027      0.063     -0.435      0.664
    Y                 -0.008      0.064     -0.118      0.906

 Variances
    ETA1               1.000      0.000    999.000    999.000
    ETA2               1.000      0.000    999.000    999.000

 Residual Variances
    X1                 0.663      0.072      9.206      0.000
    X2                 0.474      0.081      5.837      0.000
    X3                 0.571      0.070      8.174      0.000
    M1                 0.506      0.077      6.537      0.000
    M2                 0.669      0.074      8.989      0.000
    M3                 0.562      0.071      7.893      0.000
    Y                  0.836      0.048     17.254      0.000


STDY Standardization

                                                    Two-Tailed
                    Estimate       S.E.  Est./S.E.    P-Value

 ETA1     BY
    X1                 0.580      0.062      9.344      0.000
    X2                 0.725      0.056     12.930      0.000
    X3                 0.655      0.053     12.262      0.000

 ETA2     BY
    M1                 0.703      0.055     12.776      0.000
    M2                 0.575      0.065      8.897      0.000
    M3                 0.662      0.054     12.310      0.000

 Y          ON
    ETA1               0.246      0.075      3.276      0.001
    ETA2               0.146      0.071      2.050      0.040
    ETA3               0.264      0.065      4.055      0.000

 ETA2     WITH
    ETA1               0.158      0.095      1.668      0.095

 Intercepts
    X1                 0.021      0.063      0.336      0.737
    X2                 0.006      0.063      0.093      0.926
    X3                -0.013      0.063     -0.204      0.839
    M1                -0.086      0.064     -1.348      0.178
    M2                -0.129      0.063     -2.035      0.042
    M3                -0.027      0.063     -0.435      0.664
    Y                 -0.008      0.064     -0.118      0.906

 Variances
    ETA1               1.000      0.000    999.000    999.000
    ETA2               1.000      0.000    999.000    999.000

 Residual Variances
    X1                 0.663      0.072      9.206      0.000
    X2                 0.474      0.081      5.837      0.000
    X3                 0.571      0.070      8.174      0.000
    M1                 0.506      0.077      6.537      0.000
    M2                 0.669      0.074      8.989      0.000
    M3                 0.562      0.071      7.893      0.000
    Y                  0.836      0.048     17.254      0.000


STD Standardization

                                                    Two-Tailed
                    Estimate       S.E.  Est./S.E.    P-Value

 ETA1     BY
    X1                 0.901      0.113      7.987      0.000
    X2                 0.985      0.098     10.016      0.000
    X3                 0.811      0.085      9.524      0.000

 ETA2     BY
    M1                 1.031      0.100     10.335      0.000
    M2                 0.793      0.106      7.463      0.000
    M3                 0.746      0.079      9.412      0.000

 Y          ON
    ETA1               0.236      0.072      3.260      0.001
    ETA2               0.140      0.070      2.010      0.044
    ETA3               0.254      0.064      3.955      0.000

 ETA2     WITH
    ETA1               0.158      0.095      1.668      0.095

 Intercepts
    X1                 0.033      0.098      0.336      0.737
    X2                 0.008      0.086      0.093      0.926
    X3                -0.016      0.078     -0.204      0.839
    M1                -0.126      0.093     -1.363      0.173
    M2                -0.178      0.087     -2.036      0.042
    M3                -0.031      0.071     -0.435      0.664
    Y                 -0.007      0.061     -0.118      0.906

 Variances
    ETA1               1.000      0.000    999.000    999.000
    ETA2               1.000      0.000    999.000    999.000

 Residual Variances
    X1                 1.601      0.188      8.521      0.000
    X2                 0.876      0.146      6.020      0.000
    X3                 0.876      0.108      8.147      0.000
    M1                 1.087      0.170      6.406      0.000
    M2                 1.270      0.149      8.534      0.000
    M3                 0.713      0.090      7.910      0.000
    Y                  0.772      0.071     10.858      0.000


R-SQUARE

    Observed                                        Two-Tailed
    Variable        Estimate       S.E.  Est./S.E.    P-Value

    X1                 0.337      0.072      4.672      0.000
    X2                 0.526      0.081      6.465      0.000
    X3                 0.429      0.070      6.131      0.000
    M1                 0.494      0.077      6.388      0.000
    M2                 0.331      0.074      4.449      0.000
    M3                 0.438      0.071      6.155      0.000
    Y                  0.164      0.048      3.388      0.001


TECHNICAL 1 OUTPUT


     PARAMETER SPECIFICATION


           NU
              X1            X2            X3            M1            M2
              ________      ________      ________      ________      ________
                    1             2             3             4             5


           NU
              M3            Y
              ________      ________
                    6             0


           LAMBDA
              ETA1          ETA2          ETA3          Y
              ________      ________      ________      ________
 X1                 0             0             0             0
 X2                 7             0             0             0
 X3                 8             0             0             0
 M1                 0             0             0             0
 M2                 0             9             0             0
 M3                 0            10             0             0
 Y                  0             0             0             0


           THETA
              X1            X2            X3            M1            M2
              ________      ________      ________      ________      ________
 X1                11
 X2                 0            12
 X3                 0             0            13
 M1                 0             0             0            14
 M2                 0             0             0             0            15
 M3                 0             0             0             0             0
 Y                  0             0             0             0             0


           THETA
              M3            Y
              ________      ________
 M3                16
 Y                  0             0


           ALPHA
              ETA1          ETA2          ETA3          Y
              ________      ________      ________      ________
                    0             0             0            17


           BETA
              ETA1          ETA2          ETA3          Y
              ________      ________      ________      ________
 ETA1               0             0             0             0
 ETA2               0             0             0             0
 ETA3               0             0             0             0
 Y                 18            19            20             0


           PSI
              ETA1          ETA2          ETA3          Y
              ________      ________      ________      ________
 ETA1              21
 ETA2              22            23
 ETA3               0             0             0
 Y                  0             0             0            24


     STARTING VALUES


           NU
              X1            X2            X3            M1            M2
              ________      ________      ________      ________      ________
                0.034         0.009        -0.015        -0.125        -0.176


           NU
              M3            Y
              ________      ________
               -0.030         0.000


           LAMBDA
              ETA1          ETA2          ETA3          Y
              ________      ________      ________      ________
 X1             1.000         0.000         0.000         0.000
 X2             1.000         0.000         0.000         0.000
 X3             1.000         0.000         0.000         0.000
 M1             0.000         1.000         0.000         0.000
 M2             0.000         1.000         0.000         0.000
 M3             0.000         1.000         0.000         0.000
 Y              0.000         0.000         0.000         1.000


           THETA
              X1            X2            X3            M1            M2
              ________      ________      ________      ________      ________
 X1             1.204
 X2             0.000         0.924
 X3             0.000         0.000         0.767
 M1             0.000         0.000         0.000         1.073
 M2             0.000         0.000         0.000         0.000         0.950
 M3             0.000         0.000         0.000         0.000         0.000
 Y              0.000         0.000         0.000         0.000         0.000


           THETA
              M3            Y
              ________      ________
 M3             0.635
 Y              0.000         0.000


           ALPHA
              ETA1          ETA2          ETA3          Y
              ________      ________      ________      ________
                0.000         0.000         0.000         0.033


           BETA
              ETA1          ETA2          ETA3          Y
              ________      ________      ________      ________
 ETA1           0.000         0.000         0.000         0.000
 ETA2           0.000         0.000         0.000         0.000
 ETA3           0.000         0.000         0.000         0.000
 Y              0.000         0.000         0.000         0.000


           PSI
              ETA1          ETA2          ETA3          Y
              ________      ________      ________      ________
 ETA1           0.050
 ETA2           0.000         0.050
 ETA3           0.000         0.000         0.000
 Y              0.000         0.000         0.000         0.461


TECHNICAL 4 OUTPUT


     ESTIMATES DERIVED FROM THE MODEL


           ESTIMATED MEANS FOR THE LATENT VARIABLES
              ETA1          ETA2          ETA3          Y
              ________      ________      ________      ________
                0.000         0.000         0.147         0.033


           S.E. FOR ESTIMATED MEANS FOR THE LATENT VARIABLES
              ETA1          ETA2          ETA3          Y
              ________      ________      ________      ________
                0.000         0.000         0.089         0.061


           EST./S.E. FOR ESTIMATED MEANS FOR THE LATENT VARIABLES
              ETA1          ETA2          ETA3          Y
              ________      ________      ________      ________
                0.000         0.000         1.662         0.542


           TWO-TAILED P-VALUE FOR ESTIMATED MEANS FOR THE LATENT VARIABLES
              ETA1          ETA2          ETA3          Y
              ________      ________      ________      ________
                1.000         1.000         0.097         0.588


           ESTIMATED COVARIANCE MATRIX FOR THE LATENT VARIABLES
              ETA1          ETA2          ETA3          Y
              ________      ________      ________      ________
 ETA1           0.812
 ETA2           0.147         1.063
 ETA3           0.000         0.000         0.885
 Y              0.233         0.183         0.241         0.924


           S.E. FOR ESTIMATED COVARIANCE MATRIX FOR THE LATENT VARIABLES
              ETA1          ETA2          ETA3          Y
              ________      ________      ________      ________
 ETA1           0.203
 ETA2           0.089         0.206
 ETA3           0.000         0.000         0.272
 Y              0.077         0.067         0.076         0.073


           EST./S.E. FOR ESTIMATED COVARIANCE MATRIX FOR THE LATENT VARIABLES
              ETA1          ETA2          ETA3          Y
              ________      ________      ________      ________
 ETA1           3.994
 ETA2           1.662         5.168
 ETA3           0.000         0.000         3.256
 Y              3.041         2.721         3.177        12.574


           TWO-TAILED P-VALUE FOR ESTIMATED COVARIANCE MATRIX FOR THE LATENT VARIABLES
              ETA1          ETA2          ETA3          Y
              ________      ________      ________      ________
 ETA1           0.000
 ETA2           0.097         0.000
 ETA3           1.000         1.000         0.001
 Y              0.002         0.007         0.001         0.000


           ESTIMATED CORRELATION MATRIX FOR THE LATENT VARIABLES
              ETA1          ETA2          ETA3          Y
              ________      ________      ________      ________
 ETA1           1.000
 ETA2           0.158         1.000
 ETA3           0.000         0.000         1.000
 Y              0.269         0.185         0.267         1.000


           S.E. FOR ESTIMATED CORRELATION MATRIX FOR THE LATENT VARIABLES
              ETA1          ETA2          ETA3          Y
              ________      ________      ________      ________
 ETA1           0.000
 ETA2           0.095         0.000
 ETA3           0.000         0.000         0.000
 Y              0.072         0.068         0.064         0.000


           EST./S.E. FOR ESTIMATED CORRELATION MATRIX FOR THE LATENT VARIABLES
              ETA1          ETA2          ETA3          Y
              ________      ________      ________      ________
 ETA1         999.000
 ETA2           1.668       999.000
 ETA3           0.000         0.000       999.000
 Y              3.735         2.725         4.155       999.000


           TWO-TAILED P-VALUE FOR ESTIMATED CORRELATION MATRIX FOR THE LATENT VARIABLES
              ETA1          ETA2          ETA3          Y
              ________      ________      ________      ________
 ETA1           0.000
 ETA2           0.095         0.000
 ETA3           1.000         1.000         0.000
 Y              0.000         0.006         0.000         0.000


     Beginning Time:  22:57:43
        Ending Time:  22:58:49
       Elapsed Time:  00:01:06



MUTHEN & MUTHEN
3463 Stoner Ave.
Los Angeles, CA  90066

Tel: (310) 391-9971
Fax: (310) 391-8971
Web: www.StatModel.com
Support: Support@StatModel.com

Copyright (c) 1998-2022 Muthen & Muthen
