Mplus VERSION 8.8 (Mac)
MUTHEN & MUTHEN
08/20/2024  11:30 PM

INPUT INSTRUCTIONS

  TITLE: Data Analysis for SEM with Latent Interaction

  DATA:
    FILE = /Users/jimmy_z/desktop/Temp_Data/temp_data_34.dat;
    FORMAT = FREE;

  VARIABLE:
    NAMES ARE x1 x2 x3 m1 m2 m3 y;
    USEVARIABLES ARE x1 x2 x3 m1 m2 m3 y;

  ANALYSIS:
    TYPE = RANDOM;
    ESTIMATOR = MLR;
    ALGORITHM = INTEGRATION;
    INTEGRATION = MONTECARLO;

  MODEL:
    eta1 BY x1 x2 x3;
    eta2 BY m1 m2 m3;
    eta3 | eta1 XWITH eta2;
    y ON eta1 eta2 eta3;

  OUTPUT:
    STANDARDIZED;
    TECH1;
    TECH4;





INPUT READING TERMINATED NORMALLY



Data Analysis for SEM with Latent Interaction

SUMMARY OF ANALYSIS

Number of groups                                                 1
Number of observations                                         250

Number of dependent variables                                    7
Number of independent variables                                  0
Number of continuous latent variables                            3

Observed dependent variables

  Continuous
   X1          X2          X3          M1          M2          M3
   Y

Continuous latent variables
   ETA1        ETA2        ETA3


Estimator                                                      MLR
Information matrix                                        OBSERVED
Optimization Specifications for the Quasi-Newton Algorithm for
Continuous Outcomes
  Maximum number of iterations                                 100
  Convergence criterion                                  0.100D-05
Optimization Specifications for the EM Algorithm
  Maximum number of iterations                                 500
  Convergence criteria
    Loglikelihood change                                 0.100D-02
    Relative loglikelihood change                        0.100D-05
    Derivative                                           0.100D-02
Optimization Specifications for the M step of the EM Algorithm for
Categorical Latent variables
  Number of M step iterations                                    1
  M step convergence criterion                           0.100D-02
  Basis for M step termination                           ITERATION
Optimization Specifications for the M step of the EM Algorithm for
Censored, Binary or Ordered Categorical (Ordinal), Unordered
Categorical (Nominal) and Count Outcomes
  Number of M step iterations                                    1
  M step convergence criterion                           0.100D-02
  Basis for M step termination                           ITERATION
  Maximum value for logit thresholds                            15
  Minimum value for logit thresholds                           -15
  Minimum expected cell size for chi-square              0.100D-01
Optimization algorithm                                         EMA
Integration Specifications
  Type                                                  MONTECARLO
  Number of integration points                                2000
  Dimensions of numerical integration                            2
  Adaptive quadrature                                           ON
  Monte Carlo integration seed                                   0
Cholesky                                                       OFF

Input data file(s)
  /Users/jimmy_z/desktop/Temp_Data/temp_data_34.dat
Input data format  FREE



UNIVARIATE SAMPLE STATISTICS


     UNIVARIATE HIGHER-ORDER MOMENT DESCRIPTIVE STATISTICS

         Variable/         Mean/     Skewness/   Minimum/ % with                Percentiles
        Sample Size      Variance    Kurtosis    Maximum  Min/Max      20%/60%    40%/80%    Median

     X1                    0.033       0.023      -3.439    0.40%      -1.117     -0.358      0.043
             250.000       1.553      -0.224       3.180    0.40%       0.420      1.014
     X2                    0.064      -0.044      -2.993    0.40%      -0.805     -0.201      0.073
             250.000       1.041       0.164       3.081    0.40%       0.331      0.915
     X3                    0.099       0.062      -2.547    0.40%      -0.665     -0.137      0.116
             250.000       0.827       0.302       2.759    0.40%       0.301      0.850
     M1                   -0.079      -0.054      -4.356    0.40%      -1.177     -0.384     -0.057
             250.000       1.677       0.284       3.373    0.40%       0.206      0.991
     M2                    0.097       0.107      -3.187    0.40%      -0.964     -0.265      0.065
             250.000       1.430      -0.191       3.669    0.40%       0.388      1.123
     M3                   -0.024       0.005      -2.528    0.40%      -0.840     -0.197     -0.010
             250.000       0.908      -0.186       2.473    0.40%       0.221      0.731
     Y                     0.025       0.270      -2.139    0.40%      -0.908     -0.236      0.035
             250.000       1.006       0.214       3.860    0.40%       0.311      0.809


THE MODEL ESTIMATION TERMINATED NORMALLY



MODEL FIT INFORMATION

Number of Free Parameters                       24

Loglikelihood

          H0 Value                       -2376.815
          H0 Scaling Correction Factor      0.9750
            for MLR

Information Criteria

          Akaike (AIC)                    4801.631
          Bayesian (BIC)                  4886.146
          Sample-Size Adjusted BIC        4810.064
            (n* = (n + 2) / 24)



MODEL RESULTS

                                                    Two-Tailed
                    Estimate       S.E.  Est./S.E.    P-Value

 ETA1     BY
    X1                 1.000      0.000    999.000    999.000
    X2                 0.961      0.103      9.343      0.000
    X3                 0.815      0.080     10.159      0.000

 ETA2     BY
    M1                 1.000      0.000    999.000    999.000
    M2                 1.131      0.124      9.138      0.000
    M3                 0.794      0.090      8.784      0.000

 Y          ON
    ETA1               0.406      0.083      4.883      0.000
    ETA2               0.358      0.085      4.197      0.000
    ETA3               0.338      0.123      2.747      0.006

 ETA2     WITH
    ETA1              -0.096      0.054     -1.760      0.078

 Intercepts
    X1                 0.032      0.079      0.408      0.683
    X2                 0.064      0.065      0.983      0.325
    X3                 0.098      0.057      1.708      0.088
    M1                -0.079      0.082     -0.961      0.336
    M2                 0.097      0.076      1.278      0.201
    M3                -0.024      0.060     -0.394      0.693
    Y                  0.057      0.062      0.924      0.355

 Variances
    ETA1               0.686      0.133      5.152      0.000
    ETA2               0.764      0.150      5.081      0.000

 Residual Variances
    X1                 0.862      0.092      9.328      0.000
    X2                 0.407      0.063      6.441      0.000
    X3                 0.371      0.046      8.156      0.000
    M1                 0.908      0.104      8.719      0.000
    M2                 0.453      0.090      5.054      0.000
    M3                 0.427      0.054      7.919      0.000
    Y                  0.739      0.070     10.614      0.000


QUALITY OF NUMERICAL RESULTS

     Condition Number for the Information Matrix              0.292E-01
       (ratio of smallest to largest eigenvalue)


STANDARDIZED MODEL RESULTS


STDYX Standardization

                                                    Two-Tailed
                    Estimate       S.E.  Est./S.E.    P-Value

 ETA1     BY
    X1                 0.666      0.047     14.098      0.000
    X2                 0.780      0.041     18.893      0.000
    X3                 0.742      0.043     17.436      0.000

 ETA2     BY
    M1                 0.676      0.046     14.595      0.000
    M2                 0.827      0.040     20.759      0.000
    M3                 0.728      0.043     16.914      0.000

 Y          ON
    ETA1               0.339      0.064      5.281      0.000
    ETA2               0.316      0.065      4.866      0.000
    ETA3               0.247      0.081      3.058      0.002

 ETA2     WITH
    ETA1              -0.132      0.075     -1.763      0.078

 Intercepts
    X1                 0.026      0.063      0.408      0.683
    X2                 0.062      0.063      0.981      0.327
    X3                 0.108      0.063      1.707      0.088
    M1                -0.061      0.063     -0.962      0.336
    M2                 0.081      0.063      1.281      0.200
    M3                -0.025      0.063     -0.394      0.694
    Y                  0.058      0.062      0.931      0.352

 Variances
    ETA1               1.000      0.000    999.000    999.000
    ETA2               1.000      0.000    999.000    999.000

 Residual Variances
    X1                 0.557      0.063      8.852      0.000
    X2                 0.391      0.064      6.066      0.000
    X3                 0.449      0.063      7.103      0.000
    M1                 0.543      0.063      8.672      0.000
    M2                 0.317      0.066      4.810      0.000
    M3                 0.470      0.063      7.496      0.000
    Y                  0.752      0.051     14.848      0.000


STDY Standardization

                                                    Two-Tailed
                    Estimate       S.E.  Est./S.E.    P-Value

 ETA1     BY
    X1                 0.666      0.047     14.098      0.000
    X2                 0.780      0.041     18.893      0.000
    X3                 0.742      0.043     17.436      0.000

 ETA2     BY
    M1                 0.676      0.046     14.595      0.000
    M2                 0.827      0.040     20.759      0.000
    M3                 0.728      0.043     16.914      0.000

 Y          ON
    ETA1               0.339      0.064      5.281      0.000
    ETA2               0.316      0.065      4.866      0.000
    ETA3               0.247      0.081      3.058      0.002

 ETA2     WITH
    ETA1              -0.132      0.075     -1.763      0.078

 Intercepts
    X1                 0.026      0.063      0.408      0.683
    X2                 0.062      0.063      0.981      0.327
    X3                 0.108      0.063      1.707      0.088
    M1                -0.061      0.063     -0.962      0.336
    M2                 0.081      0.063      1.281      0.200
    M3                -0.025      0.063     -0.394      0.694
    Y                  0.058      0.062      0.931      0.352

 Variances
    ETA1               1.000      0.000    999.000    999.000
    ETA2               1.000      0.000    999.000    999.000

 Residual Variances
    X1                 0.557      0.063      8.852      0.000
    X2                 0.391      0.064      6.066      0.000
    X3                 0.449      0.063      7.103      0.000
    M1                 0.543      0.063      8.672      0.000
    M2                 0.317      0.066      4.810      0.000
    M3                 0.470      0.063      7.496      0.000
    Y                  0.752      0.051     14.848      0.000


STD Standardization

                                                    Two-Tailed
                    Estimate       S.E.  Est./S.E.    P-Value

 ETA1     BY
    X1                 0.829      0.080     10.305      0.000
    X2                 0.796      0.066     12.087      0.000
    X3                 0.675      0.062     10.887      0.000

 ETA2     BY
    M1                 0.874      0.086     10.162      0.000
    M2                 0.989      0.073     13.563      0.000
    M3                 0.694      0.059     11.685      0.000

 Y          ON
    ETA1               0.336      0.068      4.940      0.000
    ETA2               0.313      0.070      4.479      0.000
    ETA3               0.245      0.081      3.019      0.003

 ETA2     WITH
    ETA1              -0.132      0.075     -1.763      0.078

 Intercepts
    X1                 0.032      0.079      0.408      0.683
    X2                 0.064      0.065      0.983      0.325
    X3                 0.098      0.057      1.708      0.088
    M1                -0.079      0.082     -0.961      0.336
    M2                 0.097      0.076      1.278      0.201
    M3                -0.024      0.060     -0.394      0.693
    Y                  0.057      0.062      0.924      0.355

 Variances
    ETA1               1.000      0.000    999.000    999.000
    ETA2               1.000      0.000    999.000    999.000

 Residual Variances
    X1                 0.862      0.092      9.328      0.000
    X2                 0.407      0.063      6.441      0.000
    X3                 0.371      0.046      8.156      0.000
    M1                 0.908      0.104      8.719      0.000
    M2                 0.453      0.090      5.054      0.000
    M3                 0.427      0.054      7.919      0.000
    Y                  0.739      0.070     10.614      0.000


R-SQUARE

    Observed                                        Two-Tailed
    Variable        Estimate       S.E.  Est./S.E.    P-Value

    X1                 0.443      0.063      7.049      0.000
    X2                 0.609      0.064      9.446      0.000
    X3                 0.551      0.063      8.718      0.000
    M1                 0.457      0.063      7.297      0.000
    M2                 0.683      0.066     10.379      0.000
    M3                 0.530      0.063      8.457      0.000
    Y                  0.248      0.051      4.903      0.000


TECHNICAL 1 OUTPUT


     PARAMETER SPECIFICATION


           NU
              X1            X2            X3            M1            M2
              ________      ________      ________      ________      ________
                    1             2             3             4             5


           NU
              M3            Y
              ________      ________
                    6             0


           LAMBDA
              ETA1          ETA2          ETA3          Y
              ________      ________      ________      ________
 X1                 0             0             0             0
 X2                 7             0             0             0
 X3                 8             0             0             0
 M1                 0             0             0             0
 M2                 0             9             0             0
 M3                 0            10             0             0
 Y                  0             0             0             0


           THETA
              X1            X2            X3            M1            M2
              ________      ________      ________      ________      ________
 X1                11
 X2                 0            12
 X3                 0             0            13
 M1                 0             0             0            14
 M2                 0             0             0             0            15
 M3                 0             0             0             0             0
 Y                  0             0             0             0             0


           THETA
              M3            Y
              ________      ________
 M3                16
 Y                  0             0


           ALPHA
              ETA1          ETA2          ETA3          Y
              ________      ________      ________      ________
                    0             0             0            17


           BETA
              ETA1          ETA2          ETA3          Y
              ________      ________      ________      ________
 ETA1               0             0             0             0
 ETA2               0             0             0             0
 ETA3               0             0             0             0
 Y                 18            19            20             0


           PSI
              ETA1          ETA2          ETA3          Y
              ________      ________      ________      ________
 ETA1              21
 ETA2              22            23
 ETA3               0             0             0
 Y                  0             0             0            24


     STARTING VALUES


           NU
              X1            X2            X3            M1            M2
              ________      ________      ________      ________      ________
                0.033         0.064         0.099        -0.079         0.097


           NU
              M3            Y
              ________      ________
               -0.024         0.000


           LAMBDA
              ETA1          ETA2          ETA3          Y
              ________      ________      ________      ________
 X1             1.000         0.000         0.000         0.000
 X2             1.000         0.000         0.000         0.000
 X3             1.000         0.000         0.000         0.000
 M1             0.000         1.000         0.000         0.000
 M2             0.000         1.000         0.000         0.000
 M3             0.000         1.000         0.000         0.000
 Y              0.000         0.000         0.000         1.000


           THETA
              X1            X2            X3            M1            M2
              ________      ________      ________      ________      ________
 X1             0.777
 X2             0.000         0.521
 X3             0.000         0.000         0.413
 M1             0.000         0.000         0.000         0.839
 M2             0.000         0.000         0.000         0.000         0.715
 M3             0.000         0.000         0.000         0.000         0.000
 Y              0.000         0.000         0.000         0.000         0.000


           THETA
              M3            Y
              ________      ________
 M3             0.454
 Y              0.000         0.000


           ALPHA
              ETA1          ETA2          ETA3          Y
              ________      ________      ________      ________
                0.000         0.000         0.000         0.025


           BETA
              ETA1          ETA2          ETA3          Y
              ________      ________      ________      ________
 ETA1           0.000         0.000         0.000         0.000
 ETA2           0.000         0.000         0.000         0.000
 ETA3           0.000         0.000         0.000         0.000
 Y              0.000         0.000         0.000         0.000


           PSI
              ETA1          ETA2          ETA3          Y
              ________      ________      ________      ________
 ETA1           0.050
 ETA2           0.000         0.050
 ETA3           0.000         0.000         0.000
 Y              0.000         0.000         0.000         0.503


TECHNICAL 4 OUTPUT


     ESTIMATES DERIVED FROM THE MODEL


           ESTIMATED MEANS FOR THE LATENT VARIABLES
              ETA1          ETA2          ETA3          Y
              ________      ________      ________      ________
                0.000         0.000        -0.096         0.025


           S.E. FOR ESTIMATED MEANS FOR THE LATENT VARIABLES
              ETA1          ETA2          ETA3          Y
              ________      ________      ________      ________
                0.000         0.000         0.054         0.063


           EST./S.E. FOR ESTIMATED MEANS FOR THE LATENT VARIABLES
              ETA1          ETA2          ETA3          Y
              ________      ________      ________      ________
                0.000         0.000        -1.760         0.394


           TWO-TAILED P-VALUE FOR ESTIMATED MEANS FOR THE LATENT VARIABLES
              ETA1          ETA2          ETA3          Y
              ________      ________      ________      ________
                1.000         1.000         0.078         0.694


           ESTIMATED COVARIANCE MATRIX FOR THE LATENT VARIABLES
              ETA1          ETA2          ETA3          Y
              ________      ________      ________      ________
 ETA1           0.686
 ETA2          -0.096         0.764
 ETA3           0.000         0.000         0.534
 Y              0.244         0.234         0.180         0.983


           S.E. FOR ESTIMATED COVARIANCE MATRIX FOR THE LATENT VARIABLES
              ETA1          ETA2          ETA3          Y
              ________      ________      ________      ________
 ETA1           0.133
 ETA2           0.054         0.150
 ETA3           0.000         0.000         0.142
 Y              0.070         0.066         0.063         0.092


           EST./S.E. FOR ESTIMATED COVARIANCE MATRIX FOR THE LATENT VARIABLES
              ETA1          ETA2          ETA3          Y
              ________      ________      ________      ________
 ETA1           5.152
 ETA2          -1.760         5.081
 ETA3           0.000         0.000         3.747
 Y              3.511         3.528         2.840        10.668


           TWO-TAILED P-VALUE FOR ESTIMATED COVARIANCE MATRIX FOR THE LATENT VARIABLES
              ETA1          ETA2          ETA3          Y
              ________      ________      ________      ________
 ETA1           0.000
 ETA2           0.078         0.000
 ETA3           1.000         1.000         0.000
 Y              0.000         0.000         0.005         0.000


           ESTIMATED CORRELATION MATRIX FOR THE LATENT VARIABLES
              ETA1          ETA2          ETA3          Y
              ________      ________      ________      ________
 ETA1           1.000
 ETA2          -0.132         1.000
 ETA3           0.000         0.000         1.000
 Y              0.297         0.271         0.249         1.000


           S.E. FOR ESTIMATED CORRELATION MATRIX FOR THE LATENT VARIABLES
              ETA1          ETA2          ETA3          Y
              ________      ________      ________      ________
 ETA1           0.000
 ETA2           0.075         0.000
 ETA3           0.000         0.000         0.000
 Y              0.070         0.065         0.082         0.000


           EST./S.E. FOR ESTIMATED CORRELATION MATRIX FOR THE LATENT VARIABLES
              ETA1          ETA2          ETA3          Y
              ________      ________      ________      ________
 ETA1         999.000
 ETA2          -1.763       999.000
 ETA3           0.000         0.000       999.000
 Y              4.273         4.132         3.046       999.000


           TWO-TAILED P-VALUE FOR ESTIMATED CORRELATION MATRIX FOR THE LATENT VARIABLES
              ETA1          ETA2          ETA3          Y
              ________      ________      ________      ________
 ETA1           0.000
 ETA2           0.078         0.000
 ETA3           1.000         1.000         0.000
 Y              0.000         0.000         0.002         0.000


     Beginning Time:  23:30:51
        Ending Time:  23:31:35
       Elapsed Time:  00:00:44



MUTHEN & MUTHEN
3463 Stoner Ave.
Los Angeles, CA  90066

Tel: (310) 391-9971
Fax: (310) 391-8971
Web: www.StatModel.com
Support: Support@StatModel.com

Copyright (c) 1998-2022 Muthen & Muthen
