Mplus VERSION 8.8 (Mac)
MUTHEN & MUTHEN
08/20/2024  11:29 PM

INPUT INSTRUCTIONS

  TITLE: Data Analysis for SEM with Latent Interaction

  DATA:
    FILE = /Users/jimmy_z/desktop/Temp_Data/temp_data_26.dat;
    FORMAT = FREE;

  VARIABLE:
    NAMES ARE x1 x2 x3 m1 m2 m3 y;
    USEVARIABLES ARE x1 x2 x3 m1 m2 m3 y;

  ANALYSIS:
    TYPE = RANDOM;
    ESTIMATOR = MLR;
    ALGORITHM = INTEGRATION;
    INTEGRATION = MONTECARLO;

  MODEL:
    eta1 BY x1 x2 x3;
    eta2 BY m1 m2 m3;
    eta3 | eta1 XWITH eta2;
    y ON eta1 eta2 eta3;

  OUTPUT:
    STANDARDIZED;
    TECH1;
    TECH4;





INPUT READING TERMINATED NORMALLY



Data Analysis for SEM with Latent Interaction

SUMMARY OF ANALYSIS

Number of groups                                                 1
Number of observations                                         250

Number of dependent variables                                    7
Number of independent variables                                  0
Number of continuous latent variables                            3

Observed dependent variables

  Continuous
   X1          X2          X3          M1          M2          M3
   Y

Continuous latent variables
   ETA1        ETA2        ETA3


Estimator                                                      MLR
Information matrix                                        OBSERVED
Optimization Specifications for the Quasi-Newton Algorithm for
Continuous Outcomes
  Maximum number of iterations                                 100
  Convergence criterion                                  0.100D-05
Optimization Specifications for the EM Algorithm
  Maximum number of iterations                                 500
  Convergence criteria
    Loglikelihood change                                 0.100D-02
    Relative loglikelihood change                        0.100D-05
    Derivative                                           0.100D-02
Optimization Specifications for the M step of the EM Algorithm for
Categorical Latent variables
  Number of M step iterations                                    1
  M step convergence criterion                           0.100D-02
  Basis for M step termination                           ITERATION
Optimization Specifications for the M step of the EM Algorithm for
Censored, Binary or Ordered Categorical (Ordinal), Unordered
Categorical (Nominal) and Count Outcomes
  Number of M step iterations                                    1
  M step convergence criterion                           0.100D-02
  Basis for M step termination                           ITERATION
  Maximum value for logit thresholds                            15
  Minimum value for logit thresholds                           -15
  Minimum expected cell size for chi-square              0.100D-01
Optimization algorithm                                         EMA
Integration Specifications
  Type                                                  MONTECARLO
  Number of integration points                                2000
  Dimensions of numerical integration                            2
  Adaptive quadrature                                           ON
  Monte Carlo integration seed                                   0
Cholesky                                                       OFF

Input data file(s)
  /Users/jimmy_z/desktop/Temp_Data/temp_data_26.dat
Input data format  FREE



UNIVARIATE SAMPLE STATISTICS


     UNIVARIATE HIGHER-ORDER MOMENT DESCRIPTIVE STATISTICS

         Variable/         Mean/     Skewness/   Minimum/ % with                Percentiles
        Sample Size      Variance    Kurtosis    Maximum  Min/Max      20%/60%    40%/80%    Median

     X1                   -0.086      -0.059      -3.613    0.40%      -1.289     -0.444     -0.081
             250.000       1.820      -0.243       3.592    0.40%       0.346      1.023
     X2                   -0.100      -0.317      -3.411    0.40%      -1.152     -0.363      0.066
             250.000       1.413      -0.360       2.751    0.40%       0.324      0.920
     X3                   -0.073      -0.207      -2.592    0.40%      -0.952     -0.292     -0.006
             250.000       0.914      -0.382       2.259    0.40%       0.286      0.709
     M1                   -0.063      -0.053      -3.907    0.40%      -1.200     -0.470     -0.055
             250.000       1.788      -0.143       3.434    0.40%       0.370      1.043
     M2                   -0.081       0.405      -3.258    0.40%      -1.024     -0.337     -0.084
             250.000       1.214       1.204       4.212    0.40%       0.085      0.682
     M3                   -0.028       0.266      -2.574    0.40%      -0.725     -0.247     -0.032
             250.000       0.733       0.890       3.314    0.40%       0.161      0.571
     Y                    -0.250      -0.178      -3.300    0.40%      -0.957     -0.472     -0.211
             250.000       0.866       0.257       2.154    0.40%      -0.018      0.556


THE MODEL ESTIMATION TERMINATED NORMALLY



MODEL FIT INFORMATION

Number of Free Parameters                       24

Loglikelihood

          H0 Value                       -2373.731
          H0 Scaling Correction Factor      1.0287
            for MLR

Information Criteria

          Akaike (AIC)                    4795.462
          Bayesian (BIC)                  4879.977
          Sample-Size Adjusted BIC        4803.895
            (n* = (n + 2) / 24)



MODEL RESULTS

                                                    Two-Tailed
                    Estimate       S.E.  Est./S.E.    P-Value

 ETA1     BY
    X1                 1.000      0.000    999.000    999.000
    X2                 0.936      0.087     10.761      0.000
    X3                 0.702      0.060     11.784      0.000

 ETA2     BY
    M1                 1.000      0.000    999.000    999.000
    M2                 0.845      0.089      9.463      0.000
    M3                 0.640      0.077      8.305      0.000

 Y          ON
    ETA1               0.247      0.067      3.657      0.000
    ETA2               0.272      0.073      3.706      0.000
    ETA3               0.348      0.092      3.794      0.000

 ETA2     WITH
    ETA1              -0.065      0.073     -0.890      0.374

 Intercepts
    X1                -0.086      0.085     -1.006      0.314
    X2                -0.099      0.075     -1.327      0.184
    X3                -0.072      0.060     -1.200      0.230
    M1                -0.063      0.085     -0.748      0.455
    M2                -0.081      0.070     -1.164      0.244
    M3                -0.028      0.054     -0.513      0.608
    Y                 -0.227      0.058     -3.945      0.000

 Variances
    ETA1               1.070      0.156      6.843      0.000
    ETA2               0.916      0.158      5.783      0.000

 Residual Variances
    X1                 0.745      0.091      8.189      0.000
    X2                 0.476      0.078      6.135      0.000
    X3                 0.387      0.048      8.138      0.000
    M1                 0.868      0.118      7.388      0.000
    M2                 0.560      0.082      6.843      0.000
    M3                 0.358      0.044      8.133      0.000
    Y                  0.639      0.068      9.373      0.000


QUALITY OF NUMERICAL RESULTS

     Condition Number for the Information Matrix              0.198E-01
       (ratio of smallest to largest eigenvalue)


STANDARDIZED MODEL RESULTS


STDYX Standardization

                                                    Two-Tailed
                    Estimate       S.E.  Est./S.E.    P-Value

 ETA1     BY
    X1                 0.768      0.035     22.192      0.000
    X2                 0.815      0.036     22.913      0.000
    X3                 0.759      0.036     20.860      0.000

 ETA2     BY
    M1                 0.716      0.045     15.798      0.000
    M2                 0.734      0.045     16.154      0.000
    M3                 0.715      0.049     14.444      0.000

 Y          ON
    ETA1               0.272      0.070      3.902      0.000
    ETA2               0.277      0.065      4.247      0.000
    ETA3               0.367      0.086      4.269      0.000

 ETA2     WITH
    ETA1              -0.066      0.074     -0.896      0.370

 Intercepts
    X1                -0.064      0.063     -1.008      0.314
    X2                -0.084      0.062     -1.343      0.179
    X3                -0.076      0.063     -1.208      0.227
    M1                -0.047      0.063     -0.748      0.454
    M2                -0.074      0.064     -1.145      0.252
    M3                -0.033      0.064     -0.511      0.609
    Y                 -0.242      0.062     -3.877      0.000

 Variances
    ETA1               1.000      0.000    999.000    999.000
    ETA2               1.000      0.000    999.000    999.000

 Residual Variances
    X1                 0.411      0.053      7.730      0.000
    X2                 0.337      0.058      5.812      0.000
    X3                 0.423      0.055      7.662      0.000
    M1                 0.487      0.065      7.490      0.000
    M2                 0.462      0.067      6.922      0.000
    M3                 0.489      0.071      6.910      0.000
    Y                  0.724      0.069     10.576      0.000


STDY Standardization

                                                    Two-Tailed
                    Estimate       S.E.  Est./S.E.    P-Value

 ETA1     BY
    X1                 0.768      0.035     22.192      0.000
    X2                 0.815      0.036     22.913      0.000
    X3                 0.759      0.036     20.860      0.000

 ETA2     BY
    M1                 0.716      0.045     15.798      0.000
    M2                 0.734      0.045     16.154      0.000
    M3                 0.715      0.049     14.444      0.000

 Y          ON
    ETA1               0.272      0.070      3.902      0.000
    ETA2               0.277      0.065      4.247      0.000
    ETA3               0.367      0.086      4.269      0.000

 ETA2     WITH
    ETA1              -0.066      0.074     -0.896      0.370

 Intercepts
    X1                -0.064      0.063     -1.008      0.314
    X2                -0.084      0.062     -1.343      0.179
    X3                -0.076      0.063     -1.208      0.227
    M1                -0.047      0.063     -0.748      0.454
    M2                -0.074      0.064     -1.145      0.252
    M3                -0.033      0.064     -0.511      0.609
    Y                 -0.242      0.062     -3.877      0.000

 Variances
    ETA1               1.000      0.000    999.000    999.000
    ETA2               1.000      0.000    999.000    999.000

 Residual Variances
    X1                 0.411      0.053      7.730      0.000
    X2                 0.337      0.058      5.812      0.000
    X3                 0.423      0.055      7.662      0.000
    M1                 0.487      0.065      7.490      0.000
    M2                 0.462      0.067      6.922      0.000
    M3                 0.489      0.071      6.910      0.000
    Y                  0.724      0.069     10.576      0.000


STD Standardization

                                                    Two-Tailed
                    Estimate       S.E.  Est./S.E.    P-Value

 ETA1     BY
    X1                 1.034      0.076     13.685      0.000
    X2                 0.968      0.067     14.496      0.000
    X3                 0.726      0.054     13.537      0.000

 ETA2     BY
    M1                 0.957      0.083     11.565      0.000
    M2                 0.809      0.080     10.168      0.000
    M3                 0.612      0.067      9.192      0.000

 Y          ON
    ETA1               0.255      0.064      3.961      0.000
    ETA2               0.260      0.067      3.906      0.000
    ETA3               0.345      0.088      3.902      0.000

 ETA2     WITH
    ETA1              -0.066      0.074     -0.896      0.370

 Intercepts
    X1                -0.086      0.085     -1.006      0.314
    X2                -0.099      0.075     -1.327      0.184
    X3                -0.072      0.060     -1.200      0.230
    M1                -0.063      0.085     -0.748      0.455
    M2                -0.081      0.070     -1.164      0.244
    M3                -0.028      0.054     -0.513      0.608
    Y                 -0.227      0.058     -3.945      0.000

 Variances
    ETA1               1.000      0.000    999.000    999.000
    ETA2               1.000      0.000    999.000    999.000

 Residual Variances
    X1                 0.745      0.091      8.189      0.000
    X2                 0.476      0.078      6.135      0.000
    X3                 0.387      0.048      8.138      0.000
    M1                 0.868      0.118      7.388      0.000
    M2                 0.560      0.082      6.843      0.000
    M3                 0.358      0.044      8.133      0.000
    Y                  0.639      0.068      9.373      0.000


R-SQUARE

    Observed                                        Two-Tailed
    Variable        Estimate       S.E.  Est./S.E.    P-Value

    X1                 0.589      0.053     11.096      0.000
    X2                 0.663      0.058     11.457      0.000
    X3                 0.577      0.055     10.430      0.000
    M1                 0.513      0.065      7.899      0.000
    M2                 0.538      0.067      8.077      0.000
    M3                 0.511      0.071      7.222      0.000
    Y                  0.276      0.069      4.023      0.000


TECHNICAL 1 OUTPUT


     PARAMETER SPECIFICATION


           NU
              X1            X2            X3            M1            M2
              ________      ________      ________      ________      ________
                    1             2             3             4             5


           NU
              M3            Y
              ________      ________
                    6             0


           LAMBDA
              ETA1          ETA2          ETA3          Y
              ________      ________      ________      ________
 X1                 0             0             0             0
 X2                 7             0             0             0
 X3                 8             0             0             0
 M1                 0             0             0             0
 M2                 0             9             0             0
 M3                 0            10             0             0
 Y                  0             0             0             0


           THETA
              X1            X2            X3            M1            M2
              ________      ________      ________      ________      ________
 X1                11
 X2                 0            12
 X3                 0             0            13
 M1                 0             0             0            14
 M2                 0             0             0             0            15
 M3                 0             0             0             0             0
 Y                  0             0             0             0             0


           THETA
              M3            Y
              ________      ________
 M3                16
 Y                  0             0


           ALPHA
              ETA1          ETA2          ETA3          Y
              ________      ________      ________      ________
                    0             0             0            17


           BETA
              ETA1          ETA2          ETA3          Y
              ________      ________      ________      ________
 ETA1               0             0             0             0
 ETA2               0             0             0             0
 ETA3               0             0             0             0
 Y                 18            19            20             0


           PSI
              ETA1          ETA2          ETA3          Y
              ________      ________      ________      ________
 ETA1              21
 ETA2              22            23
 ETA3               0             0             0
 Y                  0             0             0            24


     STARTING VALUES


           NU
              X1            X2            X3            M1            M2
              ________      ________      ________      ________      ________
               -0.086        -0.100        -0.073        -0.063        -0.081


           NU
              M3            Y
              ________      ________
               -0.028         0.000


           LAMBDA
              ETA1          ETA2          ETA3          Y
              ________      ________      ________      ________
 X1             1.000         0.000         0.000         0.000
 X2             1.000         0.000         0.000         0.000
 X3             1.000         0.000         0.000         0.000
 M1             0.000         1.000         0.000         0.000
 M2             0.000         1.000         0.000         0.000
 M3             0.000         1.000         0.000         0.000
 Y              0.000         0.000         0.000         1.000


           THETA
              X1            X2            X3            M1            M2
              ________      ________      ________      ________      ________
 X1             0.910
 X2             0.000         0.706
 X3             0.000         0.000         0.457
 M1             0.000         0.000         0.000         0.894
 M2             0.000         0.000         0.000         0.000         0.607
 M3             0.000         0.000         0.000         0.000         0.000
 Y              0.000         0.000         0.000         0.000         0.000


           THETA
              M3            Y
              ________      ________
 M3             0.366
 Y              0.000         0.000


           ALPHA
              ETA1          ETA2          ETA3          Y
              ________      ________      ________      ________
                0.000         0.000         0.000        -0.250


           BETA
              ETA1          ETA2          ETA3          Y
              ________      ________      ________      ________
 ETA1           0.000         0.000         0.000         0.000
 ETA2           0.000         0.000         0.000         0.000
 ETA3           0.000         0.000         0.000         0.000
 Y              0.000         0.000         0.000         0.000


           PSI
              ETA1          ETA2          ETA3          Y
              ________      ________      ________      ________
 ETA1           0.050
 ETA2           0.000         0.050
 ETA3           0.000         0.000         0.000
 Y              0.000         0.000         0.000         0.433


TECHNICAL 4 OUTPUT


     ESTIMATES DERIVED FROM THE MODEL


           ESTIMATED MEANS FOR THE LATENT VARIABLES
              ETA1          ETA2          ETA3          Y
              ________      ________      ________      ________
                0.000         0.000        -0.065        -0.250


           S.E. FOR ESTIMATED MEANS FOR THE LATENT VARIABLES
              ETA1          ETA2          ETA3          Y
              ________      ________      ________      ________
                0.000         0.000         0.073         0.059


           EST./S.E. FOR ESTIMATED MEANS FOR THE LATENT VARIABLES
              ETA1          ETA2          ETA3          Y
              ________      ________      ________      ________
                0.000         0.000        -0.890        -4.251


           TWO-TAILED P-VALUE FOR ESTIMATED MEANS FOR THE LATENT VARIABLES
              ETA1          ETA2          ETA3          Y
              ________      ________      ________      ________
                1.000         1.000         0.374         0.000


           ESTIMATED COVARIANCE MATRIX FOR THE LATENT VARIABLES
              ETA1          ETA2          ETA3          Y
              ________      ________      ________      ________
 ETA1           1.070
 ETA2          -0.065         0.916
 ETA3           0.000         0.000         0.984
 Y              0.246         0.233         0.343         0.883


           S.E. FOR ESTIMATED COVARIANCE MATRIX FOR THE LATENT VARIABLES
              ETA1          ETA2          ETA3          Y
              ________      ________      ________      ________
 ETA1           0.156
 ETA2           0.073         0.158
 ETA3           0.000         0.000         0.211
 Y              0.070         0.067         0.101         0.087


           EST./S.E. FOR ESTIMATED COVARIANCE MATRIX FOR THE LATENT VARIABLES
              ETA1          ETA2          ETA3          Y
              ________      ________      ________      ________
 ETA1           6.843
 ETA2          -0.890         5.783
 ETA3           0.000         0.000         4.674
 Y              3.528         3.450         3.408        10.154


           TWO-TAILED P-VALUE FOR ESTIMATED COVARIANCE MATRIX FOR THE LATENT VARIABLES
              ETA1          ETA2          ETA3          Y
              ________      ________      ________      ________
 ETA1           0.000
 ETA2           0.374         0.000
 ETA3           1.000         1.000         0.000
 Y              0.000         0.001         0.001         0.000


           ESTIMATED CORRELATION MATRIX FOR THE LATENT VARIABLES
              ETA1          ETA2          ETA3          Y
              ________      ________      ________      ________
 ETA1           1.000
 ETA2          -0.066         1.000
 ETA3           0.000         0.000         1.000
 Y              0.253         0.259         0.368         1.000


           S.E. FOR ESTIMATED CORRELATION MATRIX FOR THE LATENT VARIABLES
              ETA1          ETA2          ETA3          Y
              ________      ________      ________      ________
 ETA1           0.000
 ETA2           0.074         0.000
 ETA3           0.000         0.000         0.000
 Y              0.075         0.066         0.087         0.000


           EST./S.E. FOR ESTIMATED CORRELATION MATRIX FOR THE LATENT VARIABLES
              ETA1          ETA2          ETA3          Y
              ________      ________      ________      ________
 ETA1         999.000
 ETA2          -0.896       999.000
 ETA3           0.000         0.000       999.000
 Y              3.397         3.907         4.245       999.000


           TWO-TAILED P-VALUE FOR ESTIMATED CORRELATION MATRIX FOR THE LATENT VARIABLES
              ETA1          ETA2          ETA3          Y
              ________      ________      ________      ________
 ETA1           0.000
 ETA2           0.370         0.000
 ETA3           1.000         1.000         0.000
 Y              0.001         0.000         0.000         0.000


     Beginning Time:  23:29:41
        Ending Time:  23:30:23
       Elapsed Time:  00:00:42



MUTHEN & MUTHEN
3463 Stoner Ave.
Los Angeles, CA  90066

Tel: (310) 391-9971
Fax: (310) 391-8971
Web: www.StatModel.com
Support: Support@StatModel.com

Copyright (c) 1998-2022 Muthen & Muthen
