Mplus VERSION 8.8 (Mac)
MUTHEN & MUTHEN
08/20/2024  11:19 PM

INPUT INSTRUCTIONS

  TITLE: Data Analysis for SEM with Latent Interaction

  DATA:
    FILE = /Users/jimmy_z/desktop/Temp_Data/temp_data_458.dat;
    FORMAT = FREE;

  VARIABLE:
    NAMES ARE x1 x2 x3 m1 m2 m3 y;
    USEVARIABLES ARE x1 x2 x3 m1 m2 m3 y;

  ANALYSIS:
    TYPE = RANDOM;
    ESTIMATOR = MLR;
    ALGORITHM = INTEGRATION;
    INTEGRATION = MONTECARLO;

  MODEL:
    eta1 BY x1 x2 x3;
    eta2 BY m1 m2 m3;
    eta3 | eta1 XWITH eta2;
    y ON eta1 eta2 eta3;

  OUTPUT:
    STANDARDIZED;
    TECH1;
    TECH4;





INPUT READING TERMINATED NORMALLY



Data Analysis for SEM with Latent Interaction

SUMMARY OF ANALYSIS

Number of groups                                                 1
Number of observations                                         250

Number of dependent variables                                    7
Number of independent variables                                  0
Number of continuous latent variables                            3

Observed dependent variables

  Continuous
   X1          X2          X3          M1          M2          M3
   Y

Continuous latent variables
   ETA1        ETA2        ETA3


Estimator                                                      MLR
Information matrix                                        OBSERVED
Optimization Specifications for the Quasi-Newton Algorithm for
Continuous Outcomes
  Maximum number of iterations                                 100
  Convergence criterion                                  0.100D-05
Optimization Specifications for the EM Algorithm
  Maximum number of iterations                                 500
  Convergence criteria
    Loglikelihood change                                 0.100D-02
    Relative loglikelihood change                        0.100D-05
    Derivative                                           0.100D-02
Optimization Specifications for the M step of the EM Algorithm for
Categorical Latent variables
  Number of M step iterations                                    1
  M step convergence criterion                           0.100D-02
  Basis for M step termination                           ITERATION
Optimization Specifications for the M step of the EM Algorithm for
Censored, Binary or Ordered Categorical (Ordinal), Unordered
Categorical (Nominal) and Count Outcomes
  Number of M step iterations                                    1
  M step convergence criterion                           0.100D-02
  Basis for M step termination                           ITERATION
  Maximum value for logit thresholds                            15
  Minimum value for logit thresholds                           -15
  Minimum expected cell size for chi-square              0.100D-01
Optimization algorithm                                         EMA
Integration Specifications
  Type                                                  MONTECARLO
  Number of integration points                                2000
  Dimensions of numerical integration                            2
  Adaptive quadrature                                           ON
  Monte Carlo integration seed                                   0
Cholesky                                                       OFF

Input data file(s)
  /Users/jimmy_z/desktop/Temp_Data/temp_data_458.dat
Input data format  FREE



UNIVARIATE SAMPLE STATISTICS


     UNIVARIATE HIGHER-ORDER MOMENT DESCRIPTIVE STATISTICS

         Variable/         Mean/     Skewness/   Minimum/ % with                Percentiles
        Sample Size      Variance    Kurtosis    Maximum  Min/Max      20%/60%    40%/80%    Median

     X1                   -0.108      -0.280      -5.535    0.40%      -1.491     -0.544      0.020
             250.000       2.609      -0.010       3.731    0.40%       0.353      1.327
     X2                   -0.143      -0.054      -4.555    0.40%      -1.489     -0.494     -0.117
             250.000       2.197      -0.231       3.710    0.40%       0.285      1.197
     X3                   -0.002      -0.064      -2.988    0.40%      -0.947     -0.294      0.114
             250.000       1.312      -0.011       3.255    0.40%       0.344      0.954
     M1                   -0.195      -0.231      -4.467    0.40%      -1.403     -0.473     -0.099
             250.000       1.949      -0.256       3.088    0.40%       0.123      1.009
     M2                    0.061      -0.049      -4.512    0.40%      -1.000     -0.337      0.067
             250.000       1.957       0.206       3.724    0.40%       0.335      1.240
     M3                   -0.001      -0.072      -3.012    0.40%      -0.893     -0.262     -0.009
             250.000       1.077       0.070       2.721    0.40%       0.241      0.871
     Y                    -0.073       0.281      -3.069    0.40%      -1.083     -0.377     -0.103
             250.000       1.142       0.254       3.948    0.40%       0.110      0.830


THE MODEL ESTIMATION TERMINATED NORMALLY



MODEL FIT INFORMATION

Number of Free Parameters                       24

Loglikelihood

          H0 Value                       -2739.608
          H0 Scaling Correction Factor      0.9915
            for MLR

Information Criteria

          Akaike (AIC)                    5527.216
          Bayesian (BIC)                  5611.731
          Sample-Size Adjusted BIC        5535.649
            (n* = (n + 2) / 24)



MODEL RESULTS

                                                    Two-Tailed
                    Estimate       S.E.  Est./S.E.    P-Value

 ETA1     BY
    X1                 1.000      0.000    999.000    999.000
    X2                 0.844      0.094      9.004      0.000
    X3                 0.671      0.076      8.785      0.000

 ETA2     BY
    M1                 1.000      0.000    999.000    999.000
    M2                 1.132      0.136      8.314      0.000
    M3                 0.757      0.106      7.123      0.000

 Y          ON
    ETA1               0.284      0.073      3.867      0.000
    ETA2               0.317      0.093      3.402      0.001
    ETA3               0.391      0.085      4.580      0.000

 ETA2     WITH
    ETA1               0.023      0.102      0.224      0.823

 Intercepts
    X1                -0.107      0.102     -1.044      0.297
    X2                -0.143      0.094     -1.520      0.129
    X3                -0.001      0.073     -0.021      0.984
    M1                -0.195      0.088     -2.213      0.027
    M2                 0.060      0.088      0.675      0.499
    M3                -0.002      0.066     -0.028      0.977
    Y                 -0.083      0.067     -1.235      0.217

 Variances
    ETA1               1.440      0.271      5.310      0.000
    ETA2               0.788      0.164      4.814      0.000

 Residual Variances
    X1                 1.166      0.192      6.072      0.000
    X2                 1.169      0.134      8.697      0.000
    X3                 0.663      0.094      7.037      0.000
    M1                 1.161      0.133      8.742      0.000
    M2                 0.948      0.141      6.733      0.000
    M3                 0.626      0.080      7.795      0.000
    Y                  0.756      0.081      9.281      0.000


QUALITY OF NUMERICAL RESULTS

     Condition Number for the Information Matrix              0.100E-02
       (ratio of smallest to largest eigenvalue)


STANDARDIZED MODEL RESULTS


STDYX Standardization

                                                    Two-Tailed
                    Estimate       S.E.  Est./S.E.    P-Value

 ETA1     BY
    X1                 0.743      0.052     14.401      0.000
    X2                 0.684      0.045     15.105      0.000
    X3                 0.703      0.048     14.513      0.000

 ETA2     BY
    M1                 0.636      0.053     12.108      0.000
    M2                 0.718      0.047     15.256      0.000
    M3                 0.647      0.055     11.725      0.000

 Y          ON
    ETA1               0.321      0.066      4.842      0.000
    ETA2               0.265      0.070      3.758      0.000
    ETA3               0.392      0.064      6.087      0.000

 ETA2     WITH
    ETA1               0.021      0.094      0.226      0.821

 Intercepts
    X1                -0.066      0.063     -1.053      0.292
    X2                -0.096      0.063     -1.521      0.128
    X3                -0.001      0.063     -0.021      0.984
    M1                -0.140      0.062     -2.239      0.025
    M2                 0.043      0.063      0.674      0.500
    M3                -0.002      0.063     -0.028      0.977
    Y                 -0.078      0.063     -1.232      0.218

 Variances
    ETA1               1.000      0.000    999.000    999.000
    ETA2               1.000      0.000    999.000    999.000

 Residual Variances
    X1                 0.447      0.077      5.830      0.000
    X2                 0.533      0.062      8.607      0.000
    X3                 0.506      0.068      7.421      0.000
    M1                 0.596      0.067      8.920      0.000
    M2                 0.484      0.068      7.160      0.000
    M3                 0.581      0.071      8.139      0.000
    Y                  0.669      0.067      9.995      0.000


STDY Standardization

                                                    Two-Tailed
                    Estimate       S.E.  Est./S.E.    P-Value

 ETA1     BY
    X1                 0.743      0.052     14.401      0.000
    X2                 0.684      0.045     15.105      0.000
    X3                 0.703      0.048     14.513      0.000

 ETA2     BY
    M1                 0.636      0.053     12.108      0.000
    M2                 0.718      0.047     15.256      0.000
    M3                 0.647      0.055     11.725      0.000

 Y          ON
    ETA1               0.321      0.066      4.842      0.000
    ETA2               0.265      0.070      3.758      0.000
    ETA3               0.392      0.064      6.087      0.000

 ETA2     WITH
    ETA1               0.021      0.094      0.226      0.821

 Intercepts
    X1                -0.066      0.063     -1.053      0.292
    X2                -0.096      0.063     -1.521      0.128
    X3                -0.001      0.063     -0.021      0.984
    M1                -0.140      0.062     -2.239      0.025
    M2                 0.043      0.063      0.674      0.500
    M3                -0.002      0.063     -0.028      0.977
    Y                 -0.078      0.063     -1.232      0.218

 Variances
    ETA1               1.000      0.000    999.000    999.000
    ETA2               1.000      0.000    999.000    999.000

 Residual Variances
    X1                 0.447      0.077      5.830      0.000
    X2                 0.533      0.062      8.607      0.000
    X3                 0.506      0.068      7.421      0.000
    M1                 0.596      0.067      8.920      0.000
    M2                 0.484      0.068      7.160      0.000
    M3                 0.581      0.071      8.139      0.000
    Y                  0.669      0.067      9.995      0.000


STD Standardization

                                                    Two-Tailed
                    Estimate       S.E.  Est./S.E.    P-Value

 ETA1     BY
    X1                 1.200      0.113     10.620      0.000
    X2                 1.013      0.092     11.013      0.000
    X3                 0.805      0.073     11.012      0.000

 ETA2     BY
    M1                 0.888      0.092      9.628      0.000
    M2                 1.005      0.090     11.198      0.000
    M3                 0.672      0.073      9.227      0.000

 Y          ON
    ETA1               0.341      0.076      4.504      0.000
    ETA2               0.281      0.076      3.683      0.000
    ETA3               0.417      0.073      5.705      0.000

 ETA2     WITH
    ETA1               0.021      0.094      0.226      0.821

 Intercepts
    X1                -0.107      0.102     -1.044      0.297
    X2                -0.143      0.094     -1.520      0.129
    X3                -0.001      0.073     -0.021      0.984
    M1                -0.195      0.088     -2.213      0.027
    M2                 0.060      0.088      0.675      0.499
    M3                -0.002      0.066     -0.028      0.977
    Y                 -0.083      0.067     -1.235      0.217

 Variances
    ETA1               1.000      0.000    999.000    999.000
    ETA2               1.000      0.000    999.000    999.000

 Residual Variances
    X1                 1.166      0.192      6.072      0.000
    X2                 1.169      0.134      8.697      0.000
    X3                 0.663      0.094      7.037      0.000
    M1                 1.161      0.133      8.742      0.000
    M2                 0.948      0.141      6.733      0.000
    M3                 0.626      0.080      7.795      0.000
    Y                  0.756      0.081      9.281      0.000


R-SQUARE

    Observed                                        Two-Tailed
    Variable        Estimate       S.E.  Est./S.E.    P-Value

    X1                 0.553      0.077      7.201      0.000
    X2                 0.467      0.062      7.552      0.000
    X3                 0.494      0.068      7.257      0.000
    M1                 0.404      0.067      6.054      0.000
    M2                 0.516      0.068      7.628      0.000
    M3                 0.419      0.071      5.863      0.000
    Y                  0.331      0.067      4.938      0.000


TECHNICAL 1 OUTPUT


     PARAMETER SPECIFICATION


           NU
              X1            X2            X3            M1            M2
              ________      ________      ________      ________      ________
                    1             2             3             4             5


           NU
              M3            Y
              ________      ________
                    6             0


           LAMBDA
              ETA1          ETA2          ETA3          Y
              ________      ________      ________      ________
 X1                 0             0             0             0
 X2                 7             0             0             0
 X3                 8             0             0             0
 M1                 0             0             0             0
 M2                 0             9             0             0
 M3                 0            10             0             0
 Y                  0             0             0             0


           THETA
              X1            X2            X3            M1            M2
              ________      ________      ________      ________      ________
 X1                11
 X2                 0            12
 X3                 0             0            13
 M1                 0             0             0            14
 M2                 0             0             0             0            15
 M3                 0             0             0             0             0
 Y                  0             0             0             0             0


           THETA
              M3            Y
              ________      ________
 M3                16
 Y                  0             0


           ALPHA
              ETA1          ETA2          ETA3          Y
              ________      ________      ________      ________
                    0             0             0            17


           BETA
              ETA1          ETA2          ETA3          Y
              ________      ________      ________      ________
 ETA1               0             0             0             0
 ETA2               0             0             0             0
 ETA3               0             0             0             0
 Y                 18            19            20             0


           PSI
              ETA1          ETA2          ETA3          Y
              ________      ________      ________      ________
 ETA1              21
 ETA2              22            23
 ETA3               0             0             0
 Y                  0             0             0            24


     STARTING VALUES


           NU
              X1            X2            X3            M1            M2
              ________      ________      ________      ________      ________
               -0.108        -0.143        -0.002        -0.195         0.061


           NU
              M3            Y
              ________      ________
               -0.001         0.000


           LAMBDA
              ETA1          ETA2          ETA3          Y
              ________      ________      ________      ________
 X1             1.000         0.000         0.000         0.000
 X2             1.000         0.000         0.000         0.000
 X3             1.000         0.000         0.000         0.000
 M1             0.000         1.000         0.000         0.000
 M2             0.000         1.000         0.000         0.000
 M3             0.000         1.000         0.000         0.000
 Y              0.000         0.000         0.000         1.000


           THETA
              X1            X2            X3            M1            M2
              ________      ________      ________      ________      ________
 X1             1.305
 X2             0.000         1.098
 X3             0.000         0.000         0.656
 M1             0.000         0.000         0.000         0.974
 M2             0.000         0.000         0.000         0.000         0.979
 M3             0.000         0.000         0.000         0.000         0.000
 Y              0.000         0.000         0.000         0.000         0.000


           THETA
              M3            Y
              ________      ________
 M3             0.538
 Y              0.000         0.000


           ALPHA
              ETA1          ETA2          ETA3          Y
              ________      ________      ________      ________
                0.000         0.000         0.000        -0.073


           BETA
              ETA1          ETA2          ETA3          Y
              ________      ________      ________      ________
 ETA1           0.000         0.000         0.000         0.000
 ETA2           0.000         0.000         0.000         0.000
 ETA3           0.000         0.000         0.000         0.000
 Y              0.000         0.000         0.000         0.000


           PSI
              ETA1          ETA2          ETA3          Y
              ________      ________      ________      ________
 ETA1           0.050
 ETA2           0.000         0.050
 ETA3           0.000         0.000         0.000
 Y              0.000         0.000         0.000         0.571


TECHNICAL 4 OUTPUT


     ESTIMATES DERIVED FROM THE MODEL


           ESTIMATED MEANS FOR THE LATENT VARIABLES
              ETA1          ETA2          ETA3          Y
              ________      ________      ________      ________
                0.000         0.000         0.023        -0.074


           S.E. FOR ESTIMATED MEANS FOR THE LATENT VARIABLES
              ETA1          ETA2          ETA3          Y
              ________      ________      ________      ________
                0.000         0.000         0.102         0.068


           EST./S.E. FOR ESTIMATED MEANS FOR THE LATENT VARIABLES
              ETA1          ETA2          ETA3          Y
              ________      ________      ________      ________
                0.000         0.000         0.224        -1.093


           TWO-TAILED P-VALUE FOR ESTIMATED MEANS FOR THE LATENT VARIABLES
              ETA1          ETA2          ETA3          Y
              ________      ________      ________      ________
                1.000         1.000         0.823         0.274


           ESTIMATED COVARIANCE MATRIX FOR THE LATENT VARIABLES
              ETA1          ETA2          ETA3          Y
              ________      ________      ________      ________
 ETA1           1.440
 ETA2           0.023         0.788
 ETA3           0.000         0.000         1.136
 Y              0.416         0.256         0.444         1.129


           S.E. FOR ESTIMATED COVARIANCE MATRIX FOR THE LATENT VARIABLES
              ETA1          ETA2          ETA3          Y
              ________      ________      ________      ________
 ETA1           0.271
 ETA2           0.102         0.164
 ETA3           0.000         0.000         0.351
 Y              0.097         0.075         0.110         0.099


           EST./S.E. FOR ESTIMATED COVARIANCE MATRIX FOR THE LATENT VARIABLES
              ETA1          ETA2          ETA3          Y
              ________      ________      ________      ________
 ETA1           5.310
 ETA2           0.224         4.814
 ETA3           0.000         0.000         3.240
 Y              4.292         3.402         4.025        11.439


           TWO-TAILED P-VALUE FOR ESTIMATED COVARIANCE MATRIX FOR THE LATENT VARIABLES
              ETA1          ETA2          ETA3          Y
              ________      ________      ________      ________
 ETA1           0.000
 ETA2           0.823         0.000
 ETA3           1.000         1.000         0.001
 Y              0.000         0.001         0.000         0.000


           ESTIMATED CORRELATION MATRIX FOR THE LATENT VARIABLES
              ETA1          ETA2          ETA3          Y
              ________      ________      ________      ________
 ETA1           1.000
 ETA2           0.021         1.000
 ETA3           0.000         0.000         1.000
 Y              0.327         0.272         0.392         1.000


           S.E. FOR ESTIMATED CORRELATION MATRIX FOR THE LATENT VARIABLES
              ETA1          ETA2          ETA3          Y
              ________      ________      ________      ________
 ETA1           0.000
 ETA2           0.094         0.000
 ETA3           0.000         0.000         0.000
 Y              0.066         0.071         0.065         0.000


           EST./S.E. FOR ESTIMATED CORRELATION MATRIX FOR THE LATENT VARIABLES
              ETA1          ETA2          ETA3          Y
              ________      ________      ________      ________
 ETA1         999.000
 ETA2           0.226       999.000
 ETA3           0.000         0.000       999.000
 Y              4.923         3.801         6.074       999.000


           TWO-TAILED P-VALUE FOR ESTIMATED CORRELATION MATRIX FOR THE LATENT VARIABLES
              ETA1          ETA2          ETA3          Y
              ________      ________      ________      ________
 ETA1           0.000
 ETA2           0.821         0.000
 ETA3           1.000         1.000         0.000
 Y              0.000         0.000         0.000         0.000


     Beginning Time:  23:19:20
        Ending Time:  23:20:46
       Elapsed Time:  00:01:26



MUTHEN & MUTHEN
3463 Stoner Ave.
Los Angeles, CA  90066

Tel: (310) 391-9971
Fax: (310) 391-8971
Web: www.StatModel.com
Support: Support@StatModel.com

Copyright (c) 1998-2022 Muthen & Muthen
