Mplus VERSION 8.8 (Mac)
MUTHEN & MUTHEN
08/20/2024  10:40 PM

INPUT INSTRUCTIONS

  TITLE: Data Analysis for SEM with Latent Interaction

  DATA:
    FILE = /Users/jimmy_z/desktop/Temp_Data/temp_data_250.dat;
    FORMAT = FREE;

  VARIABLE:
    NAMES ARE x1 x2 x3 m1 m2 m3 y;
    USEVARIABLES ARE x1 x2 x3 m1 m2 m3 y;

  ANALYSIS:
    TYPE = RANDOM;
    ESTIMATOR = MLR;
    ALGORITHM = INTEGRATION;
    INTEGRATION = MONTECARLO;

  MODEL:
    eta1 BY x1 x2 x3;
    eta2 BY m1 m2 m3;
    eta3 | eta1 XWITH eta2;
    y ON eta1 eta2 eta3;

  OUTPUT:
    STANDARDIZED;
    TECH1;
    TECH4;





INPUT READING TERMINATED NORMALLY



Data Analysis for SEM with Latent Interaction

SUMMARY OF ANALYSIS

Number of groups                                                 1
Number of observations                                         250

Number of dependent variables                                    7
Number of independent variables                                  0
Number of continuous latent variables                            3

Observed dependent variables

  Continuous
   X1          X2          X3          M1          M2          M3
   Y

Continuous latent variables
   ETA1        ETA2        ETA3


Estimator                                                      MLR
Information matrix                                        OBSERVED
Optimization Specifications for the Quasi-Newton Algorithm for
Continuous Outcomes
  Maximum number of iterations                                 100
  Convergence criterion                                  0.100D-05
Optimization Specifications for the EM Algorithm
  Maximum number of iterations                                 500
  Convergence criteria
    Loglikelihood change                                 0.100D-02
    Relative loglikelihood change                        0.100D-05
    Derivative                                           0.100D-02
Optimization Specifications for the M step of the EM Algorithm for
Categorical Latent variables
  Number of M step iterations                                    1
  M step convergence criterion                           0.100D-02
  Basis for M step termination                           ITERATION
Optimization Specifications for the M step of the EM Algorithm for
Censored, Binary or Ordered Categorical (Ordinal), Unordered
Categorical (Nominal) and Count Outcomes
  Number of M step iterations                                    1
  M step convergence criterion                           0.100D-02
  Basis for M step termination                           ITERATION
  Maximum value for logit thresholds                            15
  Minimum value for logit thresholds                           -15
  Minimum expected cell size for chi-square              0.100D-01
Optimization algorithm                                         EMA
Integration Specifications
  Type                                                  MONTECARLO
  Number of integration points                                2000
  Dimensions of numerical integration                            2
  Adaptive quadrature                                           ON
  Monte Carlo integration seed                                   0
Cholesky                                                       OFF

Input data file(s)
  /Users/jimmy_z/desktop/Temp_Data/temp_data_250.dat
Input data format  FREE



UNIVARIATE SAMPLE STATISTICS


     UNIVARIATE HIGHER-ORDER MOMENT DESCRIPTIVE STATISTICS

         Variable/         Mean/     Skewness/   Minimum/ % with                Percentiles
        Sample Size      Variance    Kurtosis    Maximum  Min/Max      20%/60%    40%/80%    Median

     X1                    0.068      -0.149      -4.419    0.40%      -1.188     -0.257      0.118
             250.000       2.374      -0.231       3.654    0.40%       0.488      1.282
     X2                   -0.005      -0.065      -3.605    0.40%      -1.036     -0.289     -0.061
             250.000       1.634       0.193       3.432    0.40%       0.205      1.161
     X3                   -0.065      -0.039      -2.952    0.40%      -0.987     -0.369     -0.036
             250.000       1.199      -0.172       2.716    0.40%       0.255      0.891
     M1                   -0.240      -0.203      -4.222    0.40%      -1.520     -0.499     -0.221
             250.000       1.968      -0.220       3.137    0.40%       0.130      0.955
     M2                   -0.241       0.290      -4.211    0.40%      -1.394     -0.664     -0.276
             250.000       1.778       0.512       4.740    0.40%       0.009      0.933
     M3                   -0.077      -0.287      -3.408    0.40%      -0.951     -0.288     -0.074
             250.000       1.220      -0.097       2.715    0.40%       0.206      0.928
     Y                     0.041       0.204      -3.133    0.40%      -0.741     -0.295      0.017
             250.000       0.962       0.710       3.175    0.40%       0.269      0.757


THE MODEL ESTIMATION TERMINATED NORMALLY



MODEL FIT INFORMATION

Number of Free Parameters                       24

Loglikelihood

          H0 Value                       -2703.479
          H0 Scaling Correction Factor      1.0059
            for MLR

Information Criteria

          Akaike (AIC)                    5454.958
          Bayesian (BIC)                  5539.473
          Sample-Size Adjusted BIC        5463.391
            (n* = (n + 2) / 24)



MODEL RESULTS

                                                    Two-Tailed
                    Estimate       S.E.  Est./S.E.    P-Value

 ETA1     BY
    X1                 1.000      0.000    999.000    999.000
    X2                 0.970      0.153      6.339      0.000
    X3                 0.771      0.106      7.304      0.000

 ETA2     BY
    M1                 1.000      0.000    999.000    999.000
    M2                 1.011      0.138      7.298      0.000
    M3                 0.895      0.133      6.743      0.000

 Y          ON
    ETA1               0.220      0.086      2.566      0.010
    ETA2               0.508      0.114      4.471      0.000
    ETA3               0.560      0.169      3.317      0.001

 ETA2     WITH
    ETA1               0.033      0.062      0.528      0.597

 Intercepts
    X1                 0.067      0.098      0.684      0.494
    X2                -0.006      0.081     -0.071      0.944
    X3                -0.066      0.069     -0.954      0.340
    M1                -0.240      0.089     -2.707      0.007
    M2                -0.241      0.084     -2.853      0.004
    M3                -0.077      0.070     -1.100      0.271
    Y                  0.023      0.064      0.357      0.721

 Variances
    ETA1               0.877      0.204      4.299      0.000
    ETA2               0.679      0.143      4.737      0.000

 Residual Variances
    X1                 1.492      0.176      8.459      0.000
    X2                 0.809      0.125      6.459      0.000
    X3                 0.677      0.090      7.527      0.000
    M1                 1.278      0.137      9.354      0.000
    M2                 1.084      0.144      7.548      0.000
    M3                 0.676      0.085      7.968      0.000
    Y                  0.593      0.088      6.765      0.000


QUALITY OF NUMERICAL RESULTS

     Condition Number for the Information Matrix              0.785E-03
       (ratio of smallest to largest eigenvalue)


STANDARDIZED MODEL RESULTS


STDYX Standardization

                                                    Two-Tailed
                    Estimate       S.E.  Est./S.E.    P-Value

 ETA1     BY
    X1                 0.609      0.059     10.390      0.000
    X2                 0.710      0.057     12.394      0.000
    X3                 0.660      0.058     11.425      0.000

 ETA2     BY
    M1                 0.589      0.051     11.523      0.000
    M2                 0.625      0.060     10.408      0.000
    M3                 0.668      0.054     12.419      0.000

 Y          ON
    ETA1               0.206      0.071      2.918      0.004
    ETA2               0.418      0.065      6.438      0.000
    ETA3               0.431      0.101      4.264      0.000

 ETA2     WITH
    ETA1               0.043      0.081      0.524      0.600

 Intercepts
    X1                 0.043      0.064      0.681      0.496
    X2                -0.004      0.063     -0.071      0.944
    X3                -0.060      0.063     -0.954      0.340
    M1                -0.172      0.063     -2.735      0.006
    M2                -0.180      0.065     -2.755      0.006
    M3                -0.070      0.063     -1.110      0.267
    Y                  0.023      0.064      0.358      0.721

 Variances
    ETA1               1.000      0.000    999.000    999.000
    ETA2               1.000      0.000    999.000    999.000

 Residual Variances
    X1                 0.630      0.071      8.835      0.000
    X2                 0.495      0.081      6.082      0.000
    X3                 0.565      0.076      7.414      0.000
    M1                 0.653      0.060     10.840      0.000
    M2                 0.610      0.075      8.134      0.000
    M3                 0.554      0.072      7.716      0.000
    Y                  0.590      0.106      5.586      0.000


STDY Standardization

                                                    Two-Tailed
                    Estimate       S.E.  Est./S.E.    P-Value

 ETA1     BY
    X1                 0.609      0.059     10.390      0.000
    X2                 0.710      0.057     12.394      0.000
    X3                 0.660      0.058     11.425      0.000

 ETA2     BY
    M1                 0.589      0.051     11.523      0.000
    M2                 0.625      0.060     10.408      0.000
    M3                 0.668      0.054     12.419      0.000

 Y          ON
    ETA1               0.206      0.071      2.918      0.004
    ETA2               0.418      0.065      6.438      0.000
    ETA3               0.431      0.101      4.264      0.000

 ETA2     WITH
    ETA1               0.043      0.081      0.524      0.600

 Intercepts
    X1                 0.043      0.064      0.681      0.496
    X2                -0.004      0.063     -0.071      0.944
    X3                -0.060      0.063     -0.954      0.340
    M1                -0.172      0.063     -2.735      0.006
    M2                -0.180      0.065     -2.755      0.006
    M3                -0.070      0.063     -1.110      0.267
    Y                  0.023      0.064      0.358      0.721

 Variances
    ETA1               1.000      0.000    999.000    999.000
    ETA2               1.000      0.000    999.000    999.000

 Residual Variances
    X1                 0.630      0.071      8.835      0.000
    X2                 0.495      0.081      6.082      0.000
    X3                 0.565      0.076      7.414      0.000
    M1                 0.653      0.060     10.840      0.000
    M2                 0.610      0.075      8.134      0.000
    M3                 0.554      0.072      7.716      0.000
    Y                  0.590      0.106      5.586      0.000


STD Standardization

                                                    Two-Tailed
                    Estimate       S.E.  Est./S.E.    P-Value

 ETA1     BY
    X1                 0.937      0.109      8.597      0.000
    X2                 0.908      0.098      9.283      0.000
    X3                 0.722      0.079      9.115      0.000

 ETA2     BY
    M1                 0.824      0.087      9.474      0.000
    M2                 0.833      0.101      8.244      0.000
    M3                 0.738      0.078      9.504      0.000

 Y          ON
    ETA1               0.206      0.074      2.802      0.005
    ETA2               0.419      0.077      5.441      0.000
    ETA3               0.432      0.114      3.800      0.000

 ETA2     WITH
    ETA1               0.043      0.081      0.524      0.600

 Intercepts
    X1                 0.067      0.098      0.684      0.494
    X2                -0.006      0.081     -0.071      0.944
    X3                -0.066      0.069     -0.954      0.340
    M1                -0.240      0.089     -2.707      0.007
    M2                -0.241      0.084     -2.853      0.004
    M3                -0.077      0.070     -1.100      0.271
    Y                  0.023      0.064      0.357      0.721

 Variances
    ETA1               1.000      0.000    999.000    999.000
    ETA2               1.000      0.000    999.000    999.000

 Residual Variances
    X1                 1.492      0.176      8.459      0.000
    X2                 0.809      0.125      6.459      0.000
    X3                 0.677      0.090      7.527      0.000
    M1                 1.278      0.137      9.354      0.000
    M2                 1.084      0.144      7.548      0.000
    M3                 0.676      0.085      7.968      0.000
    Y                  0.593      0.088      6.765      0.000


R-SQUARE

    Observed                                        Two-Tailed
    Variable        Estimate       S.E.  Est./S.E.    P-Value

    X1                 0.370      0.071      5.195      0.000
    X2                 0.505      0.081      6.197      0.000
    X3                 0.435      0.076      5.712      0.000
    M1                 0.347      0.060      5.762      0.000
    M2                 0.390      0.075      5.204      0.000
    M3                 0.446      0.072      6.209      0.000
    Y                  0.410      0.106      3.889      0.000


TECHNICAL 1 OUTPUT


     PARAMETER SPECIFICATION


           NU
              X1            X2            X3            M1            M2
              ________      ________      ________      ________      ________
                    1             2             3             4             5


           NU
              M3            Y
              ________      ________
                    6             0


           LAMBDA
              ETA1          ETA2          ETA3          Y
              ________      ________      ________      ________
 X1                 0             0             0             0
 X2                 7             0             0             0
 X3                 8             0             0             0
 M1                 0             0             0             0
 M2                 0             9             0             0
 M3                 0            10             0             0
 Y                  0             0             0             0


           THETA
              X1            X2            X3            M1            M2
              ________      ________      ________      ________      ________
 X1                11
 X2                 0            12
 X3                 0             0            13
 M1                 0             0             0            14
 M2                 0             0             0             0            15
 M3                 0             0             0             0             0
 Y                  0             0             0             0             0


           THETA
              M3            Y
              ________      ________
 M3                16
 Y                  0             0


           ALPHA
              ETA1          ETA2          ETA3          Y
              ________      ________      ________      ________
                    0             0             0            17


           BETA
              ETA1          ETA2          ETA3          Y
              ________      ________      ________      ________
 ETA1               0             0             0             0
 ETA2               0             0             0             0
 ETA3               0             0             0             0
 Y                 18            19            20             0


           PSI
              ETA1          ETA2          ETA3          Y
              ________      ________      ________      ________
 ETA1              21
 ETA2              22            23
 ETA3               0             0             0
 Y                  0             0             0            24


     STARTING VALUES


           NU
              X1            X2            X3            M1            M2
              ________      ________      ________      ________      ________
                0.068        -0.005        -0.065        -0.240        -0.241


           NU
              M3            Y
              ________      ________
               -0.077         0.000


           LAMBDA
              ETA1          ETA2          ETA3          Y
              ________      ________      ________      ________
 X1             1.000         0.000         0.000         0.000
 X2             1.000         0.000         0.000         0.000
 X3             1.000         0.000         0.000         0.000
 M1             0.000         1.000         0.000         0.000
 M2             0.000         1.000         0.000         0.000
 M3             0.000         1.000         0.000         0.000
 Y              0.000         0.000         0.000         1.000


           THETA
              X1            X2            X3            M1            M2
              ________      ________      ________      ________      ________
 X1             1.187
 X2             0.000         0.817
 X3             0.000         0.000         0.600
 M1             0.000         0.000         0.000         0.984
 M2             0.000         0.000         0.000         0.000         0.889
 M3             0.000         0.000         0.000         0.000         0.000
 Y              0.000         0.000         0.000         0.000         0.000


           THETA
              M3            Y
              ________      ________
 M3             0.610
 Y              0.000         0.000


           ALPHA
              ETA1          ETA2          ETA3          Y
              ________      ________      ________      ________
                0.000         0.000         0.000         0.041


           BETA
              ETA1          ETA2          ETA3          Y
              ________      ________      ________      ________
 ETA1           0.000         0.000         0.000         0.000
 ETA2           0.000         0.000         0.000         0.000
 ETA3           0.000         0.000         0.000         0.000
 Y              0.000         0.000         0.000         0.000


           PSI
              ETA1          ETA2          ETA3          Y
              ________      ________      ________      ________
 ETA1           0.050
 ETA2           0.000         0.050
 ETA3           0.000         0.000         0.000
 Y              0.000         0.000         0.000         0.481


TECHNICAL 4 OUTPUT


     ESTIMATES DERIVED FROM THE MODEL


           ESTIMATED MEANS FOR THE LATENT VARIABLES
              ETA1          ETA2          ETA3          Y
              ________      ________      ________      ________
                0.000         0.000         0.033         0.041


           S.E. FOR ESTIMATED MEANS FOR THE LATENT VARIABLES
              ETA1          ETA2          ETA3          Y
              ________      ________      ________      ________
                0.000         0.000         0.062         0.062


           EST./S.E. FOR ESTIMATED MEANS FOR THE LATENT VARIABLES
              ETA1          ETA2          ETA3          Y
              ________      ________      ________      ________
                0.000         0.000         0.528         0.664


           TWO-TAILED P-VALUE FOR ESTIMATED MEANS FOR THE LATENT VARIABLES
              ETA1          ETA2          ETA3          Y
              ________      ________      ________      ________
                1.000         1.000         0.597         0.507


           ESTIMATED COVARIANCE MATRIX FOR THE LATENT VARIABLES
              ETA1          ETA2          ETA3          Y
              ________      ________      ________      ________
 ETA1           0.877
 ETA2           0.033         0.679
 ETA3           0.000         0.000         0.597
 Y              0.210         0.353         0.334         1.005


           S.E. FOR ESTIMATED COVARIANCE MATRIX FOR THE LATENT VARIABLES
              ETA1          ETA2          ETA3          Y
              ________      ________      ________      ________
 ETA1           0.204
 ETA2           0.062         0.143
 ETA3           0.000         0.000         0.188
 Y              0.073         0.069         0.103         0.114


           EST./S.E. FOR ESTIMATED COVARIANCE MATRIX FOR THE LATENT VARIABLES
              ETA1          ETA2          ETA3          Y
              ________      ________      ________      ________
 ETA1           4.299
 ETA2           0.528         4.737
 ETA3           0.000         0.000         3.185
 Y              2.886         5.140         3.235         8.822


           TWO-TAILED P-VALUE FOR ESTIMATED COVARIANCE MATRIX FOR THE LATENT VARIABLES
              ETA1          ETA2          ETA3          Y
              ________      ________      ________      ________
 ETA1           0.000
 ETA2           0.597         0.000
 ETA3           1.000         1.000         0.001
 Y              0.004         0.000         0.001         0.000


           ESTIMATED CORRELATION MATRIX FOR THE LATENT VARIABLES
              ETA1          ETA2          ETA3          Y
              ________      ________      ________      ________
 ETA1           1.000
 ETA2           0.043         1.000
 ETA3           0.000         0.000         1.000
 Y              0.224         0.427         0.431         1.000


           S.E. FOR ESTIMATED CORRELATION MATRIX FOR THE LATENT VARIABLES
              ETA1          ETA2          ETA3          Y
              ________      ________      ________      ________
 ETA1           0.000
 ETA2           0.081         0.000
 ETA3           0.000         0.000         0.000
 Y              0.076         0.065         0.101         0.000


           EST./S.E. FOR ESTIMATED CORRELATION MATRIX FOR THE LATENT VARIABLES
              ETA1          ETA2          ETA3          Y
              ________      ________      ________      ________
 ETA1         999.000
 ETA2           0.524       999.000
 ETA3           0.000         0.000       999.000
 Y              2.957         6.613         4.289       999.000


           TWO-TAILED P-VALUE FOR ESTIMATED CORRELATION MATRIX FOR THE LATENT VARIABLES
              ETA1          ETA2          ETA3          Y
              ________      ________      ________      ________
 ETA1           0.000
 ETA2           0.600         0.000
 ETA3           1.000         1.000         0.000
 Y              0.003         0.000         0.000         0.000


     Beginning Time:  22:40:36
        Ending Time:  22:41:01
       Elapsed Time:  00:00:25



MUTHEN & MUTHEN
3463 Stoner Ave.
Los Angeles, CA  90066

Tel: (310) 391-9971
Fax: (310) 391-8971
Web: www.StatModel.com
Support: Support@StatModel.com

Copyright (c) 1998-2022 Muthen & Muthen
