Mplus VERSION 8.8 (Mac)
MUTHEN & MUTHEN
08/21/2024  12:22 AM

INPUT INSTRUCTIONS

  TITLE: Data Generation for SEM with Latent Interaction

  MONTECARLO:
    NAMES ARE x1 x2 x3 m1 m2 m3 y;
    NOBSERVATIONS = 250;
    NREPS = 1;
    SEED = 902875;
    SAVE = /Users/jimmy_z/desktop/Temp_Data/temp_data_194.dat;

  MODEL POPULATION:
    eta1 BY x1*1 x2*0.9 x3*0.75;
    eta2 BY m1*1 m2*0.9 m3*0.75;
    [eta1@0 eta2@0];
    eta1*1 eta2*1;
    eta3 | eta1 XWITH eta2;
    eta1 WITH eta2*0;
    y ON eta1*0.3 eta2*0.3 eta3*0.3;
    x1*0.772475 x2*0.57935625 x3*0.40379375;
    m1*0.772475 m2*0.57935625 m3*0.40379375;
    y*0.73;

  ANALYSIS:
    TYPE = RANDOM;
    ESTIMATOR = MLR;
    ALGORITHM = INTEGRATION;
    INTEGRATION = MONTECARLO;

  OUTPUT:
    TECH9;





*** WARNING in MODEL command
  All variables are uncorrelated with all other variables in the model.
  Check that this is what is intended.
   1 WARNING(S) FOUND IN THE INPUT INSTRUCTIONS



Data Generation for SEM with Latent Interaction

SUMMARY OF ANALYSIS

Number of groups                                                 1
Number of observations                                         250

Number of replications
    Requested                                                    1
    Completed                                                    1
Value of seed                                               902875

Number of dependent variables                                    7
Number of independent variables                                  0
Number of continuous latent variables                            0

Observed dependent variables

  Continuous
   X1          X2          X3          M1          M2          M3
   Y


Estimator                                                      MLR
Information matrix                                        OBSERVED
Optimization Specifications for the Quasi-Newton Algorithm for
Continuous Outcomes
  Maximum number of iterations                                 100
  Convergence criterion                                  0.100D-05
Optimization Specifications for the EM Algorithm
  Maximum number of iterations                                 500
  Convergence criteria
    Loglikelihood change                                 0.100D-02
    Relative loglikelihood change                        0.100D-05
    Derivative                                           0.100D-02
Optimization Specifications for the M step of the EM Algorithm for
Categorical Latent variables
  Number of M step iterations                                    1
  M step convergence criterion                           0.100D-02
  Basis for M step termination                           ITERATION
Optimization Specifications for the M step of the EM Algorithm for
Censored, Binary or Ordered Categorical (Ordinal), Unordered
Categorical (Nominal) and Count Outcomes
  Number of M step iterations                                    1
  M step convergence criterion                           0.100D-02
  Basis for M step termination                           ITERATION
  Maximum value for logit thresholds                            15
  Minimum value for logit thresholds                           -15
  Minimum expected cell size for chi-square              0.100D-01
Optimization algorithm                                         EMA
Integration Specifications
  Type                                                  MONTECARLO
  Number of integration points                                   1
  Dimensions of numerical integration                            0
  Adaptive quadrature                                           ON
  Monte Carlo integration seed                                   0
Cholesky                                                       OFF


SAMPLE STATISTICS FOR THE FIRST REPLICATION


     SAMPLE STATISTICS


           Means
              X1            X2            X3            M1            M2
              ________      ________      ________      ________      ________
                0.052         0.046         0.013         0.023         0.034


           Means
              M3            Y
              ________      ________
                0.055         0.031


           Covariances
              X1            X2            X3            M1            M2
              ________      ________      ________      ________      ________
 X1             1.767
 X2             0.843         1.348
 X3             0.740         0.651         0.841
 M1            -0.193        -0.086        -0.030         1.803
 M2            -0.150         0.006        -0.044         0.892         1.434
 M3            -0.176        -0.018        -0.080         0.812         0.641
 Y              0.232         0.212         0.207         0.148         0.245


           Covariances
              M3            Y
              ________      ________
 M3             1.034
 Y              0.182         0.926


           Correlations
              X1            X2            X3            M1            M2
              ________      ________      ________      ________      ________
 X1             1.000
 X2             0.547         1.000
 X3             0.607         0.611         1.000
 M1            -0.108        -0.055        -0.024         1.000
 M2            -0.094         0.004        -0.040         0.555         1.000
 M3            -0.131        -0.015        -0.085         0.595         0.526
 Y              0.181         0.189         0.235         0.114         0.213


           Correlations
              M3            Y
              ________      ________
 M3             1.000
 Y              0.186         1.000




MODEL FIT INFORMATION

Number of Free Parameters                       14

Loglikelihood

    H0 Value

        Mean                             -2683.358
        Std Dev                              0.000
        Number of successful computations        1

             Proportions                   Percentiles
        Expected    Observed         Expected       Observed
           0.990       0.000        -2683.358      -2683.358
           0.980       0.000        -2683.358      -2683.358
           0.950       0.000        -2683.358      -2683.358
           0.900       0.000        -2683.358      -2683.358
           0.800       0.000        -2683.358      -2683.358
           0.700       0.000        -2683.358      -2683.358
           0.500       0.000        -2683.358      -2683.358
           0.300       0.000        -2683.358      -2683.358
           0.200       0.000        -2683.358      -2683.358
           0.100       0.000        -2683.358      -2683.358
           0.050       0.000        -2683.358      -2683.358
           0.020       0.000        -2683.358      -2683.358
           0.010       0.000        -2683.358      -2683.358

Information Criteria

    Akaike (AIC)

        Mean                              5394.717
        Std Dev                              0.000
        Number of successful computations        1

             Proportions                   Percentiles
        Expected    Observed         Expected       Observed
           0.990       0.000         5394.717       5394.717
           0.980       0.000         5394.717       5394.717
           0.950       0.000         5394.717       5394.717
           0.900       0.000         5394.717       5394.717
           0.800       0.000         5394.717       5394.717
           0.700       0.000         5394.717       5394.717
           0.500       0.000         5394.717       5394.717
           0.300       0.000         5394.717       5394.717
           0.200       0.000         5394.717       5394.717
           0.100       0.000         5394.717       5394.717
           0.050       0.000         5394.717       5394.717
           0.020       0.000         5394.717       5394.717
           0.010       0.000         5394.717       5394.717

    Bayesian (BIC)

        Mean                              5444.017
        Std Dev                              0.000
        Number of successful computations        1

             Proportions                   Percentiles
        Expected    Observed         Expected       Observed
           0.990       0.000         5444.017       5444.017
           0.980       0.000         5444.017       5444.017
           0.950       0.000         5444.017       5444.017
           0.900       0.000         5444.017       5444.017
           0.800       0.000         5444.017       5444.017
           0.700       0.000         5444.017       5444.017
           0.500       0.000         5444.017       5444.017
           0.300       0.000         5444.017       5444.017
           0.200       0.000         5444.017       5444.017
           0.100       0.000         5444.017       5444.017
           0.050       0.000         5444.017       5444.017
           0.020       0.000         5444.017       5444.017
           0.010       0.000         5444.017       5444.017

    Sample-Size Adjusted BIC (n* = (n + 2) / 24)

        Mean                              5399.636
        Std Dev                              0.000
        Number of successful computations        1

             Proportions                   Percentiles
        Expected    Observed         Expected       Observed
           0.990       0.000         5399.636       5399.636
           0.980       0.000         5399.636       5399.636
           0.950       0.000         5399.636       5399.636
           0.900       0.000         5399.636       5399.636
           0.800       0.000         5399.636       5399.636
           0.700       0.000         5399.636       5399.636
           0.500       0.000         5399.636       5399.636
           0.300       0.000         5399.636       5399.636
           0.200       0.000         5399.636       5399.636
           0.100       0.000         5399.636       5399.636
           0.050       0.000         5399.636       5399.636
           0.020       0.000         5399.636       5399.636
           0.010       0.000         5399.636       5399.636



MODEL RESULTS

                              ESTIMATES              S. E.     M. S. E.  95%  % Sig
                 Population   Average   Std. Dev.   Average             Cover Coeff

 Means
  X1                  0.000     0.0519     0.0000     0.0841     0.0027 1.000 0.000
  X2                  0.000     0.0465     0.0000     0.0734     0.0022 1.000 0.000
  X3                  0.000     0.0130     0.0000     0.0580     0.0002 1.000 0.000
  M1                  0.000     0.0234     0.0000     0.0849     0.0005 1.000 0.000
  M2                  0.000     0.0342     0.0000     0.0757     0.0012 1.000 0.000
  M3                  0.000     0.0554     0.0000     0.0643     0.0031 1.000 0.000
  Y                   0.000     0.0305     0.0000     0.0609     0.0009 1.000 0.000

 Variances
  X1                  0.500     1.7668     0.0000     0.1593     1.6048 0.000 1.000
  X2                  0.500     1.3479     0.0000     0.1368     0.7189 0.000 1.000
  X3                  0.500     0.8414     0.0000     0.0747     0.1165 0.000 1.000
  M1                  0.500     1.8035     0.0000     0.1804     1.6990 0.000 1.000
  M2                  0.500     1.4343     0.0000     0.1497     0.8730 0.000 1.000
  M3                  0.500     1.0338     0.0000     0.0956     0.2849 0.000 1.000
  Y                   0.500     0.9260     0.0000     0.0852     0.1814 0.000 1.000


QUALITY OF NUMERICAL RESULTS

     Average Condition Number for the Information Matrix      0.504E-01
       (ratio of smallest to largest eigenvalue)


TECHNICAL 1 OUTPUT


     PARAMETER SPECIFICATION


           NU
              X1            X2            X3            M1            M2
              ________      ________      ________      ________      ________
                    1             2             3             4             5


           NU
              M3            Y
              ________      ________
                    6             7


           THETA
              X1            X2            X3            M1            M2
              ________      ________      ________      ________      ________
 X1                 8
 X2                 0             9
 X3                 0             0            10
 M1                 0             0             0            11
 M2                 0             0             0             0            12
 M3                 0             0             0             0             0
 Y                  0             0             0             0             0


           THETA
              M3            Y
              ________      ________
 M3                13
 Y                  0            14


     STARTING VALUES


           NU
              X1            X2            X3            M1            M2
              ________      ________      ________      ________      ________
                0.000         0.000         0.000         0.000         0.000


           NU
              M3            Y
              ________      ________
                0.000         0.000


           THETA
              X1            X2            X3            M1            M2
              ________      ________      ________      ________      ________
 X1             0.500
 X2             0.000         0.500
 X3             0.000         0.000         0.500
 M1             0.000         0.000         0.000         0.500
 M2             0.000         0.000         0.000         0.000         0.500
 M3             0.000         0.000         0.000         0.000         0.000
 Y              0.000         0.000         0.000         0.000         0.000


           THETA
              M3            Y
              ________      ________
 M3             0.500
 Y              0.000         0.500


     POPULATION VALUES


           NU
              X1            X2            X3            M1            M2
              ________      ________      ________      ________      ________
                0.000         0.000         0.000         0.000         0.000


           NU
              M3            Y
              ________      ________
                0.000         0.000


           LAMBDA
              ETA1          ETA2          ETA3          Y
              ________      ________      ________      ________
 X1             1.000         0.000         0.000         0.000
 X2             0.900         0.000         0.000         0.000
 X3             0.750         0.000         0.000         0.000
 M1             0.000         1.000         0.000         0.000
 M2             0.000         0.900         0.000         0.000
 M3             0.000         0.750         0.000         0.000
 Y              0.000         0.000         0.000         1.000


           THETA
              X1            X2            X3            M1            M2
              ________      ________      ________      ________      ________
 X1             0.772
 X2             0.000         0.579
 X3             0.000         0.000         0.404
 M1             0.000         0.000         0.000         0.772
 M2             0.000         0.000         0.000         0.000         0.579
 M3             0.000         0.000         0.000         0.000         0.000
 Y              0.000         0.000         0.000         0.000         0.000


           THETA
              M3            Y
              ________      ________
 M3             0.404
 Y              0.000         0.000


           ALPHA
              ETA1          ETA2          ETA3          Y
              ________      ________      ________      ________
                0.000         0.000         0.000         0.000


           BETA
              ETA1          ETA2          ETA3          Y
              ________      ________      ________      ________
 ETA1           0.000         0.000         0.000         0.000
 ETA2           0.000         0.000         0.000         0.000
 ETA3           0.000         0.000         0.000         0.000
 Y              0.300         0.300         0.300         0.000


           PSI
              ETA1          ETA2          ETA3          Y
              ________      ________      ________      ________
 ETA1           1.000
 ETA2           0.000         1.000
 ETA3           0.000         0.000         0.000
 Y              0.000         0.000         0.000         0.730


TECHNICAL 9 OUTPUT

  Error messages for each replication (if any)



SAVEDATA INFORMATION

  Order of variables

    X1
    X2
    X3
    M1
    M2
    M3
    Y

  Save file
    /Users/jimmy_z/desktop/Temp_Data/temp_data_194.dat

  Save file format           Free
  Save file record length    10000


     Beginning Time:  00:22:36
        Ending Time:  00:22:36
       Elapsed Time:  00:00:00



MUTHEN & MUTHEN
3463 Stoner Ave.
Los Angeles, CA  90066

Tel: (310) 391-9971
Fax: (310) 391-8971
Web: www.StatModel.com
Support: Support@StatModel.com

Copyright (c) 1998-2022 Muthen & Muthen
