Mplus VERSION 8.8 (Mac)
MUTHEN & MUTHEN
08/20/2024  10:37 PM

INPUT INSTRUCTIONS

  TITLE: Data Analysis for SEM with Latent Interaction

  DATA:
    FILE = /Users/jimmy_z/desktop/Temp_Data/temp_data_229.dat;
    FORMAT = FREE;

  VARIABLE:
    NAMES ARE x1 x2 x3 m1 m2 m3 y;
    USEVARIABLES ARE x1 x2 x3 m1 m2 m3 y;

  ANALYSIS:
    TYPE = RANDOM;
    ESTIMATOR = MLR;
    ALGORITHM = INTEGRATION;
    INTEGRATION = MONTECARLO;

  MODEL:
    eta1 BY x1 x2 x3;
    eta2 BY m1 m2 m3;
    eta3 | eta1 XWITH eta2;
    y ON eta1 eta2 eta3;

  OUTPUT:
    STANDARDIZED;
    TECH1;
    TECH4;





INPUT READING TERMINATED NORMALLY



Data Analysis for SEM with Latent Interaction

SUMMARY OF ANALYSIS

Number of groups                                                 1
Number of observations                                         250

Number of dependent variables                                    7
Number of independent variables                                  0
Number of continuous latent variables                            3

Observed dependent variables

  Continuous
   X1          X2          X3          M1          M2          M3
   Y

Continuous latent variables
   ETA1        ETA2        ETA3


Estimator                                                      MLR
Information matrix                                        OBSERVED
Optimization Specifications for the Quasi-Newton Algorithm for
Continuous Outcomes
  Maximum number of iterations                                 100
  Convergence criterion                                  0.100D-05
Optimization Specifications for the EM Algorithm
  Maximum number of iterations                                 500
  Convergence criteria
    Loglikelihood change                                 0.100D-02
    Relative loglikelihood change                        0.100D-05
    Derivative                                           0.100D-02
Optimization Specifications for the M step of the EM Algorithm for
Categorical Latent variables
  Number of M step iterations                                    1
  M step convergence criterion                           0.100D-02
  Basis for M step termination                           ITERATION
Optimization Specifications for the M step of the EM Algorithm for
Censored, Binary or Ordered Categorical (Ordinal), Unordered
Categorical (Nominal) and Count Outcomes
  Number of M step iterations                                    1
  M step convergence criterion                           0.100D-02
  Basis for M step termination                           ITERATION
  Maximum value for logit thresholds                            15
  Minimum value for logit thresholds                           -15
  Minimum expected cell size for chi-square              0.100D-01
Optimization algorithm                                         EMA
Integration Specifications
  Type                                                  MONTECARLO
  Number of integration points                                2000
  Dimensions of numerical integration                            2
  Adaptive quadrature                                           ON
  Monte Carlo integration seed                                   0
Cholesky                                                       OFF

Input data file(s)
  /Users/jimmy_z/desktop/Temp_Data/temp_data_229.dat
Input data format  FREE



UNIVARIATE SAMPLE STATISTICS


     UNIVARIATE HIGHER-ORDER MOMENT DESCRIPTIVE STATISTICS

         Variable/         Mean/     Skewness/   Minimum/ % with                Percentiles
        Sample Size      Variance    Kurtosis    Maximum  Min/Max      20%/60%    40%/80%    Median

     X1                    0.200       0.097      -3.499    0.40%      -1.147     -0.185      0.201
             250.000       2.345      -0.423       4.116    0.40%       0.572      1.547
     X2                   -0.065       0.099      -3.324    0.40%      -1.165     -0.374     -0.111
             250.000       1.751       0.121       4.186    0.40%       0.165      1.068
     X3                    0.024      -0.090      -2.743    0.40%      -0.892     -0.160      0.035
             250.000       1.175      -0.232       3.174    0.40%       0.361      0.980
     M1                    0.083      -0.214      -5.588    0.40%      -1.215     -0.299      0.102
             250.000       2.390       0.236       4.117    0.40%       0.557      1.243
     M2                   -0.023      -0.133      -3.734    0.40%      -1.078     -0.345     -0.061
             250.000       1.617       0.135       3.446    0.40%       0.335      1.010
     M3                   -0.027      -0.068      -2.995    0.40%      -0.973     -0.274     -0.032
             250.000       1.277      -0.190       3.396    0.40%       0.308      0.997
     Y                     0.079       0.031      -3.265    0.40%      -0.890     -0.174      0.139
             250.000       1.133       0.174       3.549    0.40%       0.340      0.950


THE MODEL ESTIMATION TERMINATED NORMALLY



MODEL FIT INFORMATION

Number of Free Parameters                       24

Loglikelihood

          H0 Value                       -2719.285
          H0 Scaling Correction Factor      1.0118
            for MLR

Information Criteria

          Akaike (AIC)                    5486.571
          Bayesian (BIC)                  5571.086
          Sample-Size Adjusted BIC        5495.004
            (n* = (n + 2) / 24)



MODEL RESULTS

                                                    Two-Tailed
                    Estimate       S.E.  Est./S.E.    P-Value

 ETA1     BY
    X1                 1.000      0.000    999.000    999.000
    X2                 0.859      0.110      7.834      0.000
    X3                 0.595      0.077      7.745      0.000

 ETA2     BY
    M1                 1.000      0.000    999.000    999.000
    M2                 0.728      0.112      6.498      0.000
    M3                 0.888      0.158      5.624      0.000

 Y          ON
    ETA1               0.275      0.070      3.914      0.000
    ETA2               0.316      0.072      4.396      0.000
    ETA3               0.217      0.073      2.977      0.003

 ETA2     WITH
    ETA1               0.083      0.120      0.698      0.485

 Intercepts
    X1                 0.199      0.097      2.054      0.040
    X2                -0.066      0.084     -0.785      0.432
    X3                 0.024      0.069      0.345      0.730
    M1                 0.083      0.098      0.853      0.394
    M2                -0.023      0.080     -0.281      0.779
    M3                -0.027      0.071     -0.384      0.701
    Y                  0.060      0.067      0.900      0.368

 Variances
    ETA1               1.289      0.227      5.674      0.000
    ETA2               0.976      0.235      4.155      0.000

 Residual Variances
    X1                 1.057      0.190      5.558      0.000
    X2                 0.801      0.123      6.511      0.000
    X3                 0.719      0.075      9.586      0.000
    M1                 1.407      0.189      7.456      0.000
    M2                 1.100      0.135      8.153      0.000
    M3                 0.508      0.121      4.185      0.000
    Y                  0.855      0.087      9.800      0.000


QUALITY OF NUMERICAL RESULTS

     Condition Number for the Information Matrix              0.220E-01
       (ratio of smallest to largest eigenvalue)


STANDARDIZED MODEL RESULTS


STDYX Standardization

                                                    Two-Tailed
                    Estimate       S.E.  Est./S.E.    P-Value

 ETA1     BY
    X1                 0.741      0.053     13.865      0.000
    X2                 0.737      0.047     15.514      0.000
    X3                 0.623      0.047     13.367      0.000

 ETA2     BY
    M1                 0.640      0.061     10.423      0.000
    M2                 0.565      0.062      9.104      0.000
    M3                 0.776      0.064     12.222      0.000

 Y          ON
    ETA1               0.294      0.066      4.471      0.000
    ETA2               0.294      0.064      4.619      0.000
    ETA3               0.230      0.068      3.368      0.001

 ETA2     WITH
    ETA1               0.074      0.112      0.663      0.508

 Intercepts
    X1                 0.130      0.063      2.058      0.040
    X2                -0.050      0.064     -0.783      0.434
    X3                 0.022      0.063      0.345      0.730
    M1                 0.054      0.064      0.848      0.397
    M2                -0.018      0.063     -0.281      0.779
    M3                -0.024      0.063     -0.384      0.701
    Y                  0.057      0.063      0.896      0.370

 Variances
    ETA1               1.000      0.000    999.000    999.000
    ETA2               1.000      0.000    999.000    999.000

 Residual Variances
    X1                 0.451      0.079      5.686      0.000
    X2                 0.457      0.070      6.536      0.000
    X3                 0.612      0.058     10.551      0.000
    M1                 0.590      0.079      7.512      0.000
    M2                 0.680      0.070      9.689      0.000
    M3                 0.398      0.099      4.033      0.000
    Y                  0.761      0.062     12.250      0.000


STDY Standardization

                                                    Two-Tailed
                    Estimate       S.E.  Est./S.E.    P-Value

 ETA1     BY
    X1                 0.741      0.053     13.865      0.000
    X2                 0.737      0.047     15.514      0.000
    X3                 0.623      0.047     13.367      0.000

 ETA2     BY
    M1                 0.640      0.061     10.423      0.000
    M2                 0.565      0.062      9.104      0.000
    M3                 0.776      0.064     12.222      0.000

 Y          ON
    ETA1               0.294      0.066      4.471      0.000
    ETA2               0.294      0.064      4.619      0.000
    ETA3               0.230      0.068      3.368      0.001

 ETA2     WITH
    ETA1               0.074      0.112      0.663      0.508

 Intercepts
    X1                 0.130      0.063      2.058      0.040
    X2                -0.050      0.064     -0.783      0.434
    X3                 0.022      0.063      0.345      0.730
    M1                 0.054      0.064      0.848      0.397
    M2                -0.018      0.063     -0.281      0.779
    M3                -0.024      0.063     -0.384      0.701
    Y                  0.057      0.063      0.896      0.370

 Variances
    ETA1               1.000      0.000    999.000    999.000
    ETA2               1.000      0.000    999.000    999.000

 Residual Variances
    X1                 0.451      0.079      5.686      0.000
    X2                 0.457      0.070      6.536      0.000
    X3                 0.612      0.058     10.551      0.000
    M1                 0.590      0.079      7.512      0.000
    M2                 0.680      0.070      9.689      0.000
    M3                 0.398      0.099      4.033      0.000
    Y                  0.761      0.062     12.250      0.000


STD Standardization

                                                    Two-Tailed
                    Estimate       S.E.  Est./S.E.    P-Value

 ETA1     BY
    X1                 1.135      0.100     11.348      0.000
    X2                 0.975      0.087     11.163      0.000
    X3                 0.675      0.065     10.311      0.000

 ETA2     BY
    M1                 0.988      0.119      8.310      0.000
    M2                 0.719      0.092      7.807      0.000
    M3                 0.877      0.090      9.797      0.000

 Y          ON
    ETA1               0.312      0.074      4.200      0.000
    ETA2               0.312      0.071      4.366      0.000
    ETA3               0.244      0.073      3.324      0.001

 ETA2     WITH
    ETA1               0.074      0.112      0.663      0.508

 Intercepts
    X1                 0.199      0.097      2.054      0.040
    X2                -0.066      0.084     -0.785      0.432
    X3                 0.024      0.069      0.345      0.730
    M1                 0.083      0.098      0.853      0.394
    M2                -0.023      0.080     -0.281      0.779
    M3                -0.027      0.071     -0.384      0.701
    Y                  0.060      0.067      0.900      0.368

 Variances
    ETA1               1.000      0.000    999.000    999.000
    ETA2               1.000      0.000    999.000    999.000

 Residual Variances
    X1                 1.057      0.190      5.558      0.000
    X2                 0.801      0.123      6.511      0.000
    X3                 0.719      0.075      9.586      0.000
    M1                 1.407      0.189      7.456      0.000
    M2                 1.100      0.135      8.153      0.000
    M3                 0.508      0.121      4.185      0.000
    Y                  0.855      0.087      9.800      0.000


R-SQUARE

    Observed                                        Two-Tailed
    Variable        Estimate       S.E.  Est./S.E.    P-Value

    X1                 0.549      0.079      6.932      0.000
    X2                 0.543      0.070      7.757      0.000
    X3                 0.388      0.058      6.683      0.000
    M1                 0.410      0.079      5.211      0.000
    M2                 0.320      0.070      4.552      0.000
    M3                 0.602      0.099      6.111      0.000
    Y                  0.239      0.062      3.855      0.000


TECHNICAL 1 OUTPUT


     PARAMETER SPECIFICATION


           NU
              X1            X2            X3            M1            M2
              ________      ________      ________      ________      ________
                    1             2             3             4             5


           NU
              M3            Y
              ________      ________
                    6             0


           LAMBDA
              ETA1          ETA2          ETA3          Y
              ________      ________      ________      ________
 X1                 0             0             0             0
 X2                 7             0             0             0
 X3                 8             0             0             0
 M1                 0             0             0             0
 M2                 0             9             0             0
 M3                 0            10             0             0
 Y                  0             0             0             0


           THETA
              X1            X2            X3            M1            M2
              ________      ________      ________      ________      ________
 X1                11
 X2                 0            12
 X3                 0             0            13
 M1                 0             0             0            14
 M2                 0             0             0             0            15
 M3                 0             0             0             0             0
 Y                  0             0             0             0             0


           THETA
              M3            Y
              ________      ________
 M3                16
 Y                  0             0


           ALPHA
              ETA1          ETA2          ETA3          Y
              ________      ________      ________      ________
                    0             0             0            17


           BETA
              ETA1          ETA2          ETA3          Y
              ________      ________      ________      ________
 ETA1               0             0             0             0
 ETA2               0             0             0             0
 ETA3               0             0             0             0
 Y                 18            19            20             0


           PSI
              ETA1          ETA2          ETA3          Y
              ________      ________      ________      ________
 ETA1              21
 ETA2              22            23
 ETA3               0             0             0
 Y                  0             0             0            24


     STARTING VALUES


           NU
              X1            X2            X3            M1            M2
              ________      ________      ________      ________      ________
                0.200        -0.065         0.024         0.083        -0.023


           NU
              M3            Y
              ________      ________
               -0.027         0.000


           LAMBDA
              ETA1          ETA2          ETA3          Y
              ________      ________      ________      ________
 X1             1.000         0.000         0.000         0.000
 X2             1.000         0.000         0.000         0.000
 X3             1.000         0.000         0.000         0.000
 M1             0.000         1.000         0.000         0.000
 M2             0.000         1.000         0.000         0.000
 M3             0.000         1.000         0.000         0.000
 Y              0.000         0.000         0.000         1.000


           THETA
              X1            X2            X3            M1            M2
              ________      ________      ________      ________      ________
 X1             1.172
 X2             0.000         0.875
 X3             0.000         0.000         0.588
 M1             0.000         0.000         0.000         1.195
 M2             0.000         0.000         0.000         0.000         0.809
 M3             0.000         0.000         0.000         0.000         0.000
 Y              0.000         0.000         0.000         0.000         0.000


           THETA
              M3            Y
              ________      ________
 M3             0.638
 Y              0.000         0.000


           ALPHA
              ETA1          ETA2          ETA3          Y
              ________      ________      ________      ________
                0.000         0.000         0.000         0.079


           BETA
              ETA1          ETA2          ETA3          Y
              ________      ________      ________      ________
 ETA1           0.000         0.000         0.000         0.000
 ETA2           0.000         0.000         0.000         0.000
 ETA3           0.000         0.000         0.000         0.000
 Y              0.000         0.000         0.000         0.000


           PSI
              ETA1          ETA2          ETA3          Y
              ________      ________      ________      ________
 ETA1           0.050
 ETA2           0.000         0.050
 ETA3           0.000         0.000         0.000
 Y              0.000         0.000         0.000         0.566


TECHNICAL 4 OUTPUT


     ESTIMATES DERIVED FROM THE MODEL


           ESTIMATED MEANS FOR THE LATENT VARIABLES
              ETA1          ETA2          ETA3          Y
              ________      ________      ________      ________
                0.000         0.000         0.083         0.078


           S.E. FOR ESTIMATED MEANS FOR THE LATENT VARIABLES
              ETA1          ETA2          ETA3          Y
              ________      ________      ________      ________
                0.000         0.000         0.120         0.067


           EST./S.E. FOR ESTIMATED MEANS FOR THE LATENT VARIABLES
              ETA1          ETA2          ETA3          Y
              ________      ________      ________      ________
                0.000         0.000         0.698         1.166


           TWO-TAILED P-VALUE FOR ESTIMATED MEANS FOR THE LATENT VARIABLES
              ETA1          ETA2          ETA3          Y
              ________      ________      ________      ________
                1.000         1.000         0.485         0.243


           ESTIMATED COVARIANCE MATRIX FOR THE LATENT VARIABLES
              ETA1          ETA2          ETA3          Y
              ________      ________      ________      ________
 ETA1           1.289
 ETA2           0.083         0.976
 ETA3           0.000         0.000         1.265
 Y              0.381         0.331         0.275         1.124


           S.E. FOR ESTIMATED COVARIANCE MATRIX FOR THE LATENT VARIABLES
              ETA1          ETA2          ETA3          Y
              ________      ________      ________      ________
 ETA1           0.227
 ETA2           0.120         0.235
 ETA3           0.000         0.000         0.379
 Y              0.093         0.084         0.093         0.105


           EST./S.E. FOR ESTIMATED COVARIANCE MATRIX FOR THE LATENT VARIABLES
              ETA1          ETA2          ETA3          Y
              ________      ________      ________      ________
 ETA1           5.674
 ETA2           0.698         4.155
 ETA3           0.000         0.000         3.336
 Y              4.108         3.922         2.967        10.736


           TWO-TAILED P-VALUE FOR ESTIMATED COVARIANCE MATRIX FOR THE LATENT VARIABLES
              ETA1          ETA2          ETA3          Y
              ________      ________      ________      ________
 ETA1           0.000
 ETA2           0.485         0.000
 ETA3           1.000         1.000         0.001
 Y              0.000         0.000         0.003         0.000


           ESTIMATED CORRELATION MATRIX FOR THE LATENT VARIABLES
              ETA1          ETA2          ETA3          Y
              ________      ________      ________      ________
 ETA1           1.000
 ETA2           0.074         1.000
 ETA3           0.000         0.000         1.000
 Y              0.316         0.316         0.231         1.000


           S.E. FOR ESTIMATED CORRELATION MATRIX FOR THE LATENT VARIABLES
              ETA1          ETA2          ETA3          Y
              ________      ________      ________      ________
 ETA1           0.000
 ETA2           0.112         0.000
 ETA3           0.000         0.000         0.000
 Y              0.070         0.064         0.069         0.000


           EST./S.E. FOR ESTIMATED CORRELATION MATRIX FOR THE LATENT VARIABLES
              ETA1          ETA2          ETA3          Y
              ________      ________      ________      ________
 ETA1         999.000
 ETA2           0.663       999.000
 ETA3           0.000         0.000       999.000
 Y              4.518         4.959         3.367       999.000


           TWO-TAILED P-VALUE FOR ESTIMATED CORRELATION MATRIX FOR THE LATENT VARIABLES
              ETA1          ETA2          ETA3          Y
              ________      ________      ________      ________
 ETA1           0.000
 ETA2           0.508         0.000
 ETA3           1.000         1.000         0.000
 Y              0.000         0.000         0.001         0.000


     Beginning Time:  22:37:12
        Ending Time:  22:38:28
       Elapsed Time:  00:01:16



MUTHEN & MUTHEN
3463 Stoner Ave.
Los Angeles, CA  90066

Tel: (310) 391-9971
Fax: (310) 391-8971
Web: www.StatModel.com
Support: Support@StatModel.com

Copyright (c) 1998-2022 Muthen & Muthen
