Mplus VERSION 8.8 (Mac)
MUTHEN & MUTHEN
08/20/2024  11:42 PM

INPUT INSTRUCTIONS

  TITLE: Data Analysis for SEM with Latent Interaction

  DATA:
    FILE = /Users/jimmy_z/desktop/Temp_Data/temp_data_122.dat;
    FORMAT = FREE;

  VARIABLE:
    NAMES ARE x1 x2 x3 m1 m2 m3 y;
    USEVARIABLES ARE x1 x2 x3 m1 m2 m3 y;

  ANALYSIS:
    TYPE = RANDOM;
    ESTIMATOR = MLR;
    ALGORITHM = INTEGRATION;
    INTEGRATION = MONTECARLO;

  MODEL:
    eta1 BY x1 x2 x3;
    eta2 BY m1 m2 m3;
    eta3 | eta1 XWITH eta2;
    y ON eta1 eta2 eta3;

  OUTPUT:
    STANDARDIZED;
    TECH1;
    TECH4;





INPUT READING TERMINATED NORMALLY



Data Analysis for SEM with Latent Interaction

SUMMARY OF ANALYSIS

Number of groups                                                 1
Number of observations                                         250

Number of dependent variables                                    7
Number of independent variables                                  0
Number of continuous latent variables                            3

Observed dependent variables

  Continuous
   X1          X2          X3          M1          M2          M3
   Y

Continuous latent variables
   ETA1        ETA2        ETA3


Estimator                                                      MLR
Information matrix                                        OBSERVED
Optimization Specifications for the Quasi-Newton Algorithm for
Continuous Outcomes
  Maximum number of iterations                                 100
  Convergence criterion                                  0.100D-05
Optimization Specifications for the EM Algorithm
  Maximum number of iterations                                 500
  Convergence criteria
    Loglikelihood change                                 0.100D-02
    Relative loglikelihood change                        0.100D-05
    Derivative                                           0.100D-02
Optimization Specifications for the M step of the EM Algorithm for
Categorical Latent variables
  Number of M step iterations                                    1
  M step convergence criterion                           0.100D-02
  Basis for M step termination                           ITERATION
Optimization Specifications for the M step of the EM Algorithm for
Censored, Binary or Ordered Categorical (Ordinal), Unordered
Categorical (Nominal) and Count Outcomes
  Number of M step iterations                                    1
  M step convergence criterion                           0.100D-02
  Basis for M step termination                           ITERATION
  Maximum value for logit thresholds                            15
  Minimum value for logit thresholds                           -15
  Minimum expected cell size for chi-square              0.100D-01
Optimization algorithm                                         EMA
Integration Specifications
  Type                                                  MONTECARLO
  Number of integration points                                2000
  Dimensions of numerical integration                            2
  Adaptive quadrature                                           ON
  Monte Carlo integration seed                                   0
Cholesky                                                       OFF

Input data file(s)
  /Users/jimmy_z/desktop/Temp_Data/temp_data_122.dat
Input data format  FREE



UNIVARIATE SAMPLE STATISTICS


     UNIVARIATE HIGHER-ORDER MOMENT DESCRIPTIVE STATISTICS

         Variable/         Mean/     Skewness/   Minimum/ % with                Percentiles
        Sample Size      Variance    Kurtosis    Maximum  Min/Max      20%/60%    40%/80%    Median

     X1                   -0.050      -0.128      -4.081    0.40%      -1.285     -0.428     -0.078
             250.000       1.929       0.010       3.405    0.40%       0.340      1.119
     X2                    0.104      -0.087      -3.348    0.40%      -0.857     -0.191      0.187
             250.000       1.421       0.000       3.867    0.40%       0.408      1.119
     X3                   -0.010       0.067      -2.853    0.40%      -0.807     -0.286     -0.062
             250.000       1.023      -0.058       2.662    0.40%       0.187      0.788
     M1                   -0.140       0.204      -3.415    0.40%      -1.317     -0.444     -0.182
             250.000       1.724      -0.099       3.739    0.40%       0.181      0.943
     M2                   -0.091      -0.153      -2.880    0.40%      -0.992     -0.368     -0.125
             250.000       1.176      -0.248       2.688    0.40%       0.155      0.914
     M3                   -0.077       0.021      -2.796    0.40%      -0.883     -0.333     -0.101
             250.000       0.896      -0.188       2.418    0.40%       0.146      0.746
     Y                     0.012       0.043      -2.849    0.40%      -0.904     -0.240      0.009
             250.000       0.938      -0.162       2.477    0.40%       0.239      0.875


THE MODEL ESTIMATION TERMINATED NORMALLY



MODEL FIT INFORMATION

Number of Free Parameters                       24

Loglikelihood

          H0 Value                       -2430.563
          H0 Scaling Correction Factor      1.0263
            for MLR

Information Criteria

          Akaike (AIC)                    4909.125
          Bayesian (BIC)                  4993.640
          Sample-Size Adjusted BIC        4917.558
            (n* = (n + 2) / 24)



MODEL RESULTS

                                                    Two-Tailed
                    Estimate       S.E.  Est./S.E.    P-Value

 ETA1     BY
    X1                 1.000      0.000    999.000    999.000
    X2                 0.812      0.075     10.769      0.000
    X3                 0.709      0.063     11.215      0.000

 ETA2     BY
    M1                 1.000      0.000    999.000    999.000
    M2                 0.863      0.109      7.890      0.000
    M3                 0.758      0.099      7.643      0.000

 Y          ON
    ETA1               0.188      0.063      2.973      0.003
    ETA2               0.262      0.076      3.442      0.001
    ETA3               0.225      0.074      3.033      0.002

 ETA2     WITH
    ETA1               0.091      0.083      1.089      0.276

 Intercepts
    X1                -0.051      0.088     -0.575      0.565
    X2                 0.103      0.076      1.367      0.172
    X3                -0.010      0.064     -0.159      0.874
    M1                -0.140      0.083     -1.686      0.092
    M2                -0.092      0.069     -1.338      0.181
    M3                -0.077      0.060     -1.293      0.196
    Y                 -0.009      0.060     -0.145      0.885

 Variances
    ETA1               1.220      0.181      6.733      0.000
    ETA2               0.860      0.154      5.593      0.000

 Residual Variances
    X1                 0.708      0.099      7.116      0.000
    X2                 0.617      0.080      7.666      0.000
    X3                 0.410      0.054      7.578      0.000
    M1                 0.858      0.129      6.632      0.000
    M2                 0.535      0.085      6.277      0.000
    M3                 0.402      0.061      6.541      0.000
    Y                  0.774      0.076     10.244      0.000


QUALITY OF NUMERICAL RESULTS

     Condition Number for the Information Matrix              0.790E-03
       (ratio of smallest to largest eigenvalue)


STANDARDIZED MODEL RESULTS


STDYX Standardization

                                                    Two-Tailed
                    Estimate       S.E.  Est./S.E.    P-Value

 ETA1     BY
    X1                 0.795      0.035     22.892      0.000
    X2                 0.752      0.040     18.687      0.000
    X3                 0.774      0.035     21.947      0.000

 ETA2     BY
    M1                 0.707      0.050     14.207      0.000
    M2                 0.738      0.050     14.744      0.000
    M3                 0.743      0.047     15.874      0.000

 Y          ON
    ETA1               0.215      0.073      2.944      0.003
    ETA2               0.251      0.066      3.781      0.000
    ETA3               0.237      0.076      3.126      0.002

 ETA2     WITH
    ETA1               0.089      0.083      1.075      0.282

 Intercepts
    X1                -0.036      0.063     -0.576      0.564
    X2                 0.087      0.064      1.359      0.174
    X3                -0.010      0.063     -0.159      0.874
    M1                -0.107      0.064     -1.663      0.096
    M2                -0.085      0.063     -1.345      0.179
    M3                -0.082      0.063     -1.290      0.197
    Y                 -0.009      0.062     -0.145      0.885

 Variances
    ETA1               1.000      0.000    999.000    999.000
    ETA2               1.000      0.000    999.000    999.000

 Residual Variances
    X1                 0.367      0.055      6.642      0.000
    X2                 0.434      0.061      7.171      0.000
    X3                 0.401      0.055      7.344      0.000
    M1                 0.500      0.070      7.093      0.000
    M2                 0.455      0.074      6.164      0.000
    M3                 0.448      0.069      6.454      0.000
    Y                  0.825      0.049     16.696      0.000


STDY Standardization

                                                    Two-Tailed
                    Estimate       S.E.  Est./S.E.    P-Value

 ETA1     BY
    X1                 0.795      0.035     22.892      0.000
    X2                 0.752      0.040     18.687      0.000
    X3                 0.774      0.035     21.947      0.000

 ETA2     BY
    M1                 0.707      0.050     14.207      0.000
    M2                 0.738      0.050     14.744      0.000
    M3                 0.743      0.047     15.874      0.000

 Y          ON
    ETA1               0.215      0.073      2.944      0.003
    ETA2               0.251      0.066      3.781      0.000
    ETA3               0.237      0.076      3.126      0.002

 ETA2     WITH
    ETA1               0.089      0.083      1.075      0.282

 Intercepts
    X1                -0.036      0.063     -0.576      0.564
    X2                 0.087      0.064      1.359      0.174
    X3                -0.010      0.063     -0.159      0.874
    M1                -0.107      0.064     -1.663      0.096
    M2                -0.085      0.063     -1.345      0.179
    M3                -0.082      0.063     -1.290      0.197
    Y                 -0.009      0.062     -0.145      0.885

 Variances
    ETA1               1.000      0.000    999.000    999.000
    ETA2               1.000      0.000    999.000    999.000

 Residual Variances
    X1                 0.367      0.055      6.642      0.000
    X2                 0.434      0.061      7.171      0.000
    X3                 0.401      0.055      7.344      0.000
    M1                 0.500      0.070      7.093      0.000
    M2                 0.455      0.074      6.164      0.000
    M3                 0.448      0.069      6.454      0.000
    Y                  0.825      0.049     16.696      0.000


STD Standardization

                                                    Two-Tailed
                    Estimate       S.E.  Est./S.E.    P-Value

 ETA1     BY
    X1                 1.104      0.082     13.466      0.000
    X2                 0.897      0.074     12.071      0.000
    X3                 0.783      0.058     13.479      0.000

 ETA2     BY
    M1                 0.927      0.083     11.186      0.000
    M2                 0.800      0.072     11.173      0.000
    M3                 0.703      0.060     11.640      0.000

 Y          ON
    ETA1               0.208      0.071      2.941      0.003
    ETA2               0.243      0.067      3.655      0.000
    ETA3               0.230      0.075      3.069      0.002

 ETA2     WITH
    ETA1               0.089      0.083      1.075      0.282

 Intercepts
    X1                -0.051      0.088     -0.575      0.565
    X2                 0.103      0.076      1.367      0.172
    X3                -0.010      0.064     -0.159      0.874
    M1                -0.140      0.083     -1.686      0.092
    M2                -0.092      0.069     -1.338      0.181
    M3                -0.077      0.060     -1.293      0.196
    Y                 -0.009      0.060     -0.145      0.885

 Variances
    ETA1               1.000      0.000    999.000    999.000
    ETA2               1.000      0.000    999.000    999.000

 Residual Variances
    X1                 0.708      0.099      7.116      0.000
    X2                 0.617      0.080      7.666      0.000
    X3                 0.410      0.054      7.578      0.000
    M1                 0.858      0.129      6.632      0.000
    M2                 0.535      0.085      6.277      0.000
    M3                 0.402      0.061      6.541      0.000
    Y                  0.774      0.076     10.244      0.000


R-SQUARE

    Observed                                        Two-Tailed
    Variable        Estimate       S.E.  Est./S.E.    P-Value

    X1                 0.633      0.055     11.446      0.000
    X2                 0.566      0.061      9.344      0.000
    X3                 0.599      0.055     10.974      0.000
    M1                 0.500      0.070      7.104      0.000
    M2                 0.545      0.074      7.372      0.000
    M3                 0.552      0.069      7.937      0.000
    Y                  0.175      0.049      3.552      0.000


TECHNICAL 1 OUTPUT


     PARAMETER SPECIFICATION


           NU
              X1            X2            X3            M1            M2
              ________      ________      ________      ________      ________
                    1             2             3             4             5


           NU
              M3            Y
              ________      ________
                    6             0


           LAMBDA
              ETA1          ETA2          ETA3          Y
              ________      ________      ________      ________
 X1                 0             0             0             0
 X2                 7             0             0             0
 X3                 8             0             0             0
 M1                 0             0             0             0
 M2                 0             9             0             0
 M3                 0            10             0             0
 Y                  0             0             0             0


           THETA
              X1            X2            X3            M1            M2
              ________      ________      ________      ________      ________
 X1                11
 X2                 0            12
 X3                 0             0            13
 M1                 0             0             0            14
 M2                 0             0             0             0            15
 M3                 0             0             0             0             0
 Y                  0             0             0             0             0


           THETA
              M3            Y
              ________      ________
 M3                16
 Y                  0             0


           ALPHA
              ETA1          ETA2          ETA3          Y
              ________      ________      ________      ________
                    0             0             0            17


           BETA
              ETA1          ETA2          ETA3          Y
              ________      ________      ________      ________
 ETA1               0             0             0             0
 ETA2               0             0             0             0
 ETA3               0             0             0             0
 Y                 18            19            20             0


           PSI
              ETA1          ETA2          ETA3          Y
              ________      ________      ________      ________
 ETA1              21
 ETA2              22            23
 ETA3               0             0             0
 Y                  0             0             0            24


     STARTING VALUES


           NU
              X1            X2            X3            M1            M2
              ________      ________      ________      ________      ________
               -0.050         0.104        -0.010        -0.140        -0.091


           NU
              M3            Y
              ________      ________
               -0.077         0.000


           LAMBDA
              ETA1          ETA2          ETA3          Y
              ________      ________      ________      ________
 X1             1.000         0.000         0.000         0.000
 X2             1.000         0.000         0.000         0.000
 X3             1.000         0.000         0.000         0.000
 M1             0.000         1.000         0.000         0.000
 M2             0.000         1.000         0.000         0.000
 M3             0.000         1.000         0.000         0.000
 Y              0.000         0.000         0.000         1.000


           THETA
              X1            X2            X3            M1            M2
              ________      ________      ________      ________      ________
 X1             0.964
 X2             0.000         0.710
 X3             0.000         0.000         0.512
 M1             0.000         0.000         0.000         0.862
 M2             0.000         0.000         0.000         0.000         0.588
 M3             0.000         0.000         0.000         0.000         0.000
 Y              0.000         0.000         0.000         0.000         0.000


           THETA
              M3            Y
              ________      ________
 M3             0.448
 Y              0.000         0.000


           ALPHA
              ETA1          ETA2          ETA3          Y
              ________      ________      ________      ________
                0.000         0.000         0.000         0.012


           BETA
              ETA1          ETA2          ETA3          Y
              ________      ________      ________      ________
 ETA1           0.000         0.000         0.000         0.000
 ETA2           0.000         0.000         0.000         0.000
 ETA3           0.000         0.000         0.000         0.000
 Y              0.000         0.000         0.000         0.000


           PSI
              ETA1          ETA2          ETA3          Y
              ________      ________      ________      ________
 ETA1           0.050
 ETA2           0.000         0.050
 ETA3           0.000         0.000         0.000
 Y              0.000         0.000         0.000         0.469


TECHNICAL 4 OUTPUT


     ESTIMATES DERIVED FROM THE MODEL


           ESTIMATED MEANS FOR THE LATENT VARIABLES
              ETA1          ETA2          ETA3          Y
              ________      ________      ________      ________
                0.000         0.000         0.091         0.012


           S.E. FOR ESTIMATED MEANS FOR THE LATENT VARIABLES
              ETA1          ETA2          ETA3          Y
              ________      ________      ________      ________
                0.000         0.000         0.083         0.061


           EST./S.E. FOR ESTIMATED MEANS FOR THE LATENT VARIABLES
              ETA1          ETA2          ETA3          Y
              ________      ________      ________      ________
                0.000         0.000         1.089         0.192


           TWO-TAILED P-VALUE FOR ESTIMATED MEANS FOR THE LATENT VARIABLES
              ETA1          ETA2          ETA3          Y
              ________      ________      ________      ________
                1.000         1.000         0.276         0.848


           ESTIMATED COVARIANCE MATRIX FOR THE LATENT VARIABLES
              ETA1          ETA2          ETA3          Y
              ________      ________      ________      ________
 ETA1           1.220
 ETA2           0.091         0.860
 ETA3           0.000         0.000         1.057
 Y              0.253         0.243         0.237         0.939


           S.E. FOR ESTIMATED COVARIANCE MATRIX FOR THE LATENT VARIABLES
              ETA1          ETA2          ETA3          Y
              ________      ________      ________      ________
 ETA1           0.181
 ETA2           0.083         0.154
 ETA3           0.000         0.000         0.258
 Y              0.084         0.065         0.087         0.081


           EST./S.E. FOR ESTIMATED COVARIANCE MATRIX FOR THE LATENT VARIABLES
              ETA1          ETA2          ETA3          Y
              ________      ________      ________      ________
 ETA1           6.733
 ETA2           1.089         5.593
 ETA3           0.000         0.000         4.089
 Y              3.004         3.747         2.738        11.638


           TWO-TAILED P-VALUE FOR ESTIMATED COVARIANCE MATRIX FOR THE LATENT VARIABLES
              ETA1          ETA2          ETA3          Y
              ________      ________      ________      ________
 ETA1           0.000
 ETA2           0.276         0.000
 ETA3           1.000         1.000         0.000
 Y              0.003         0.000         0.006         0.000


           ESTIMATED CORRELATION MATRIX FOR THE LATENT VARIABLES
              ETA1          ETA2          ETA3          Y
              ________      ________      ________      ________
 ETA1           1.000
 ETA2           0.089         1.000
 ETA3           0.000         0.000         1.000
 Y              0.237         0.270         0.238         1.000


           S.E. FOR ESTIMATED CORRELATION MATRIX FOR THE LATENT VARIABLES
              ETA1          ETA2          ETA3          Y
              ________      ________      ________      ________
 ETA1           0.000
 ETA2           0.083         0.000
 ETA3           0.000         0.000         0.000
 Y              0.073         0.067         0.076         0.000


           EST./S.E. FOR ESTIMATED CORRELATION MATRIX FOR THE LATENT VARIABLES
              ETA1          ETA2          ETA3          Y
              ________      ________      ________      ________
 ETA1         999.000
 ETA2           1.075       999.000
 ETA3           0.000         0.000       999.000
 Y              3.228         4.012         3.128       999.000


           TWO-TAILED P-VALUE FOR ESTIMATED CORRELATION MATRIX FOR THE LATENT VARIABLES
              ETA1          ETA2          ETA3          Y
              ________      ________      ________      ________
 ETA1           0.000
 ETA2           0.282         0.000
 ETA3           1.000         1.000         0.000
 Y              0.001         0.000         0.002         0.000


     Beginning Time:  23:42:27
        Ending Time:  23:43:04
       Elapsed Time:  00:00:37



MUTHEN & MUTHEN
3463 Stoner Ave.
Los Angeles, CA  90066

Tel: (310) 391-9971
Fax: (310) 391-8971
Web: www.StatModel.com
Support: Support@StatModel.com

Copyright (c) 1998-2022 Muthen & Muthen
