Mplus VERSION 8.8 (Mac)
MUTHEN & MUTHEN
08/20/2024  10:47 PM

INPUT INSTRUCTIONS

  TITLE: Data Analysis for SEM with Latent Interaction

  DATA:
    FILE = /Users/jimmy_z/desktop/Temp_Data/temp_data_297.dat;
    FORMAT = FREE;

  VARIABLE:
    NAMES ARE x1 x2 x3 m1 m2 m3 y;
    USEVARIABLES ARE x1 x2 x3 m1 m2 m3 y;

  ANALYSIS:
    TYPE = RANDOM;
    ESTIMATOR = MLR;
    ALGORITHM = INTEGRATION;
    INTEGRATION = MONTECARLO;

  MODEL:
    eta1 BY x1 x2 x3;
    eta2 BY m1 m2 m3;
    eta3 | eta1 XWITH eta2;
    y ON eta1 eta2 eta3;

  OUTPUT:
    STANDARDIZED;
    TECH1;
    TECH4;





INPUT READING TERMINATED NORMALLY



Data Analysis for SEM with Latent Interaction

SUMMARY OF ANALYSIS

Number of groups                                                 1
Number of observations                                         250

Number of dependent variables                                    7
Number of independent variables                                  0
Number of continuous latent variables                            3

Observed dependent variables

  Continuous
   X1          X2          X3          M1          M2          M3
   Y

Continuous latent variables
   ETA1        ETA2        ETA3


Estimator                                                      MLR
Information matrix                                        OBSERVED
Optimization Specifications for the Quasi-Newton Algorithm for
Continuous Outcomes
  Maximum number of iterations                                 100
  Convergence criterion                                  0.100D-05
Optimization Specifications for the EM Algorithm
  Maximum number of iterations                                 500
  Convergence criteria
    Loglikelihood change                                 0.100D-02
    Relative loglikelihood change                        0.100D-05
    Derivative                                           0.100D-02
Optimization Specifications for the M step of the EM Algorithm for
Categorical Latent variables
  Number of M step iterations                                    1
  M step convergence criterion                           0.100D-02
  Basis for M step termination                           ITERATION
Optimization Specifications for the M step of the EM Algorithm for
Censored, Binary or Ordered Categorical (Ordinal), Unordered
Categorical (Nominal) and Count Outcomes
  Number of M step iterations                                    1
  M step convergence criterion                           0.100D-02
  Basis for M step termination                           ITERATION
  Maximum value for logit thresholds                            15
  Minimum value for logit thresholds                           -15
  Minimum expected cell size for chi-square              0.100D-01
Optimization algorithm                                         EMA
Integration Specifications
  Type                                                  MONTECARLO
  Number of integration points                                2000
  Dimensions of numerical integration                            2
  Adaptive quadrature                                           ON
  Monte Carlo integration seed                                   0
Cholesky                                                       OFF

Input data file(s)
  /Users/jimmy_z/desktop/Temp_Data/temp_data_297.dat
Input data format  FREE



UNIVARIATE SAMPLE STATISTICS


     UNIVARIATE HIGHER-ORDER MOMENT DESCRIPTIVE STATISTICS

         Variable/         Mean/     Skewness/   Minimum/ % with                Percentiles
        Sample Size      Variance    Kurtosis    Maximum  Min/Max      20%/60%    40%/80%    Median

     X1                    0.135      -0.234      -4.224    0.40%      -1.184     -0.163      0.206
             250.000       2.298      -0.107       4.131    0.40%       0.590      1.279
     X2                    0.005      -0.033      -4.300    0.40%      -1.222     -0.366     -0.009
             250.000       1.843      -0.078       3.492    0.40%       0.361      1.156
     X3                    0.003      -0.015      -2.883    0.40%      -0.947     -0.282     -0.022
             250.000       1.327      -0.235       3.421    0.40%       0.284      1.023
     M1                   -0.028      -0.223      -3.641    0.40%      -1.385     -0.263      0.106
             250.000       2.167      -0.449       3.202    0.40%       0.412      1.247
     M2                    0.002       0.020      -4.336    0.40%      -1.194     -0.315      0.062
             250.000       1.762       0.026       3.905    0.40%       0.301      1.107
     M3                   -0.054      -0.215      -3.755    0.40%      -0.906     -0.298      0.020
             250.000       1.266       0.527       3.082    0.40%       0.211      0.905
     Y                     0.046       0.363      -2.456    0.40%      -0.705     -0.259     -0.073
             250.000       1.011       0.296       3.573    0.40%       0.147      0.800


THE MODEL ESTIMATION TERMINATED NORMALLY



MODEL FIT INFORMATION

Number of Free Parameters                       24

Loglikelihood

          H0 Value                       -2743.605
          H0 Scaling Correction Factor      1.0040
            for MLR

Information Criteria

          Akaike (AIC)                    5535.209
          Bayesian (BIC)                  5619.724
          Sample-Size Adjusted BIC        5543.642
            (n* = (n + 2) / 24)



MODEL RESULTS

                                                    Two-Tailed
                    Estimate       S.E.  Est./S.E.    P-Value

 ETA1     BY
    X1                 1.000      0.000    999.000    999.000
    X2                 0.809      0.109      7.390      0.000
    X3                 0.679      0.111      6.143      0.000

 ETA2     BY
    M1                 1.000      0.000    999.000    999.000
    M2                 0.769      0.118      6.489      0.000
    M3                 0.589      0.105      5.599      0.000

 Y          ON
    ETA1               0.322      0.068      4.724      0.000
    ETA2               0.414      0.080      5.207      0.000
    ETA3               0.214      0.071      3.030      0.002

 ETA2     WITH
    ETA1               0.127      0.115      1.104      0.269

 Intercepts
    X1                 0.135      0.096      1.404      0.160
    X2                 0.005      0.086      0.062      0.951
    X3                 0.004      0.073      0.049      0.961
    M1                -0.027      0.093     -0.293      0.769
    M2                 0.002      0.084      0.024      0.981
    M3                -0.054      0.071     -0.754      0.451
    Y                  0.019      0.065      0.293      0.770

 Variances
    ETA1               1.131      0.240      4.718      0.000
    ETA2               1.117      0.231      4.833      0.000

 Residual Variances
    X1                 1.172      0.174      6.725      0.000
    X2                 1.103      0.136      8.120      0.000
    X3                 0.805      0.096      8.419      0.000
    M1                 1.049      0.195      5.394      0.000
    M2                 1.102      0.140      7.858      0.000
    M3                 0.879      0.103      8.545      0.000
    Y                  0.623      0.072      8.698      0.000


QUALITY OF NUMERICAL RESULTS

     Condition Number for the Information Matrix              0.612E-03
       (ratio of smallest to largest eigenvalue)


STANDARDIZED MODEL RESULTS


STDYX Standardization

                                                    Two-Tailed
                    Estimate       S.E.  Est./S.E.    P-Value

 ETA1     BY
    X1                 0.701      0.057     12.234      0.000
    X2                 0.634      0.052     12.277      0.000
    X3                 0.627      0.059     10.543      0.000

 ETA2     BY
    M1                 0.718      0.063     11.425      0.000
    M2                 0.612      0.058     10.486      0.000
    M3                 0.553      0.065      8.478      0.000

 Y          ON
    ETA1               0.338      0.067      5.040      0.000
    ETA2               0.432      0.063      6.821      0.000
    ETA3               0.238      0.065      3.672      0.000

 ETA2     WITH
    ETA1               0.113      0.097      1.158      0.247

 Intercepts
    X1                 0.089      0.064      1.386      0.166
    X2                 0.004      0.063      0.062      0.951
    X3                 0.003      0.063      0.049      0.961
    M1                -0.019      0.063     -0.294      0.769
    M2                 0.002      0.063      0.024      0.981
    M3                -0.048      0.063     -0.758      0.449
    Y                  0.019      0.064      0.293      0.769

 Variances
    ETA1               1.000      0.000    999.000    999.000
    ETA2               1.000      0.000    999.000    999.000

 Residual Variances
    X1                 0.509      0.080      6.336      0.000
    X2                 0.598      0.065      9.148      0.000
    X3                 0.607      0.075      8.131      0.000
    M1                 0.484      0.090      5.367      0.000
    M2                 0.625      0.071      8.751      0.000
    M3                 0.694      0.072      9.615      0.000
    Y                  0.608      0.074      8.213      0.000


STDY Standardization

                                                    Two-Tailed
                    Estimate       S.E.  Est./S.E.    P-Value

 ETA1     BY
    X1                 0.701      0.057     12.234      0.000
    X2                 0.634      0.052     12.277      0.000
    X3                 0.627      0.059     10.543      0.000

 ETA2     BY
    M1                 0.718      0.063     11.425      0.000
    M2                 0.612      0.058     10.486      0.000
    M3                 0.553      0.065      8.478      0.000

 Y          ON
    ETA1               0.338      0.067      5.040      0.000
    ETA2               0.432      0.063      6.821      0.000
    ETA3               0.238      0.065      3.672      0.000

 ETA2     WITH
    ETA1               0.113      0.097      1.158      0.247

 Intercepts
    X1                 0.089      0.064      1.386      0.166
    X2                 0.004      0.063      0.062      0.951
    X3                 0.003      0.063      0.049      0.961
    M1                -0.019      0.063     -0.294      0.769
    M2                 0.002      0.063      0.024      0.981
    M3                -0.048      0.063     -0.758      0.449
    Y                  0.019      0.064      0.293      0.769

 Variances
    ETA1               1.000      0.000    999.000    999.000
    ETA2               1.000      0.000    999.000    999.000

 Residual Variances
    X1                 0.509      0.080      6.336      0.000
    X2                 0.598      0.065      9.148      0.000
    X3                 0.607      0.075      8.131      0.000
    M1                 0.484      0.090      5.367      0.000
    M2                 0.625      0.071      8.751      0.000
    M3                 0.694      0.072      9.615      0.000
    Y                  0.608      0.074      8.213      0.000


STD Standardization

                                                    Two-Tailed
                    Estimate       S.E.  Est./S.E.    P-Value

 ETA1     BY
    X1                 1.063      0.113      9.436      0.000
    X2                 0.860      0.087      9.890      0.000
    X3                 0.722      0.085      8.489      0.000

 ETA2     BY
    M1                 1.057      0.109      9.666      0.000
    M2                 0.812      0.093      8.706      0.000
    M3                 0.622      0.089      6.978      0.000

 Y          ON
    ETA1               0.342      0.073      4.658      0.000
    ETA2               0.438      0.071      6.163      0.000
    ETA3               0.241      0.068      3.541      0.000

 ETA2     WITH
    ETA1               0.113      0.097      1.158      0.247

 Intercepts
    X1                 0.135      0.096      1.404      0.160
    X2                 0.005      0.086      0.062      0.951
    X3                 0.004      0.073      0.049      0.961
    M1                -0.027      0.093     -0.293      0.769
    M2                 0.002      0.084      0.024      0.981
    M3                -0.054      0.071     -0.754      0.451
    Y                  0.019      0.065      0.293      0.770

 Variances
    ETA1               1.000      0.000    999.000    999.000
    ETA2               1.000      0.000    999.000    999.000

 Residual Variances
    X1                 1.172      0.174      6.725      0.000
    X2                 1.103      0.136      8.120      0.000
    X3                 0.805      0.096      8.419      0.000
    M1                 1.049      0.195      5.394      0.000
    M2                 1.102      0.140      7.858      0.000
    M3                 0.879      0.103      8.545      0.000
    Y                  0.623      0.072      8.698      0.000


R-SQUARE

    Observed                                        Two-Tailed
    Variable        Estimate       S.E.  Est./S.E.    P-Value

    X1                 0.491      0.080      6.117      0.000
    X2                 0.402      0.065      6.139      0.000
    X3                 0.393      0.075      5.271      0.000
    M1                 0.516      0.090      5.713      0.000
    M2                 0.375      0.071      5.243      0.000
    M3                 0.306      0.072      4.239      0.000
    Y                  0.392      0.074      5.286      0.000


TECHNICAL 1 OUTPUT


     PARAMETER SPECIFICATION


           NU
              X1            X2            X3            M1            M2
              ________      ________      ________      ________      ________
                    1             2             3             4             5


           NU
              M3            Y
              ________      ________
                    6             0


           LAMBDA
              ETA1          ETA2          ETA3          Y
              ________      ________      ________      ________
 X1                 0             0             0             0
 X2                 7             0             0             0
 X3                 8             0             0             0
 M1                 0             0             0             0
 M2                 0             9             0             0
 M3                 0            10             0             0
 Y                  0             0             0             0


           THETA
              X1            X2            X3            M1            M2
              ________      ________      ________      ________      ________
 X1                11
 X2                 0            12
 X3                 0             0            13
 M1                 0             0             0            14
 M2                 0             0             0             0            15
 M3                 0             0             0             0             0
 Y                  0             0             0             0             0


           THETA
              M3            Y
              ________      ________
 M3                16
 Y                  0             0


           ALPHA
              ETA1          ETA2          ETA3          Y
              ________      ________      ________      ________
                    0             0             0            17


           BETA
              ETA1          ETA2          ETA3          Y
              ________      ________      ________      ________
 ETA1               0             0             0             0
 ETA2               0             0             0             0
 ETA3               0             0             0             0
 Y                 18            19            20             0


           PSI
              ETA1          ETA2          ETA3          Y
              ________      ________      ________      ________
 ETA1              21
 ETA2              22            23
 ETA3               0             0             0
 Y                  0             0             0            24


     STARTING VALUES


           NU
              X1            X2            X3            M1            M2
              ________      ________      ________      ________      ________
                0.135         0.005         0.003        -0.028         0.002


           NU
              M3            Y
              ________      ________
               -0.054         0.000


           LAMBDA
              ETA1          ETA2          ETA3          Y
              ________      ________      ________      ________
 X1             1.000         0.000         0.000         0.000
 X2             1.000         0.000         0.000         0.000
 X3             1.000         0.000         0.000         0.000
 M1             0.000         1.000         0.000         0.000
 M2             0.000         1.000         0.000         0.000
 M3             0.000         1.000         0.000         0.000
 Y              0.000         0.000         0.000         1.000


           THETA
              X1            X2            X3            M1            M2
              ________      ________      ________      ________      ________
 X1             1.149
 X2             0.000         0.922
 X3             0.000         0.000         0.663
 M1             0.000         0.000         0.000         1.083
 M2             0.000         0.000         0.000         0.000         0.881
 M3             0.000         0.000         0.000         0.000         0.000
 Y              0.000         0.000         0.000         0.000         0.000


           THETA
              M3            Y
              ________      ________
 M3             0.633
 Y              0.000         0.000


           ALPHA
              ETA1          ETA2          ETA3          Y
              ________      ________      ________      ________
                0.000         0.000         0.000         0.046


           BETA
              ETA1          ETA2          ETA3          Y
              ________      ________      ________      ________
 ETA1           0.000         0.000         0.000         0.000
 ETA2           0.000         0.000         0.000         0.000
 ETA3           0.000         0.000         0.000         0.000
 Y              0.000         0.000         0.000         0.000


           PSI
              ETA1          ETA2          ETA3          Y
              ________      ________      ________      ________
 ETA1           0.050
 ETA2           0.000         0.050
 ETA3           0.000         0.000         0.000
 Y              0.000         0.000         0.000         0.505


TECHNICAL 4 OUTPUT


     ESTIMATES DERIVED FROM THE MODEL


           ESTIMATED MEANS FOR THE LATENT VARIABLES
              ETA1          ETA2          ETA3          Y
              ________      ________      ________      ________
                0.000         0.000         0.127         0.046


           S.E. FOR ESTIMATED MEANS FOR THE LATENT VARIABLES
              ETA1          ETA2          ETA3          Y
              ________      ________      ________      ________
                0.000         0.000         0.115         0.064


           EST./S.E. FOR ESTIMATED MEANS FOR THE LATENT VARIABLES
              ETA1          ETA2          ETA3          Y
              ________      ________      ________      ________
                0.000         0.000         1.104         0.724


           TWO-TAILED P-VALUE FOR ESTIMATED MEANS FOR THE LATENT VARIABLES
              ETA1          ETA2          ETA3          Y
              ________      ________      ________      ________
                1.000         1.000         0.269         0.469


           ESTIMATED COVARIANCE MATRIX FOR THE LATENT VARIABLES
              ETA1          ETA2          ETA3          Y
              ________      ________      ________      ________
 ETA1           1.131
 ETA2           0.127         1.117
 ETA3           0.000         0.000         1.279
 Y              0.416         0.503         0.274         1.024


           S.E. FOR ESTIMATED COVARIANCE MATRIX FOR THE LATENT VARIABLES
              ETA1          ETA2          ETA3          Y
              ________      ________      ________      ________
 ETA1           0.240
 ETA2           0.115         0.231
 ETA3           0.000         0.000         0.388
 Y              0.112         0.095         0.085         0.097


           EST./S.E. FOR ESTIMATED COVARIANCE MATRIX FOR THE LATENT VARIABLES
              ETA1          ETA2          ETA3          Y
              ________      ________      ________      ________
 ETA1           4.718
 ETA2           1.104         4.833
 ETA3           0.000         0.000         3.294
 Y              3.731         5.325         3.241        10.546


           TWO-TAILED P-VALUE FOR ESTIMATED COVARIANCE MATRIX FOR THE LATENT VARIABLES
              ETA1          ETA2          ETA3          Y
              ________      ________      ________      ________
 ETA1           0.000
 ETA2           0.269         0.000
 ETA3           1.000         1.000         0.001
 Y              0.000         0.000         0.001         0.000


           ESTIMATED CORRELATION MATRIX FOR THE LATENT VARIABLES
              ETA1          ETA2          ETA3          Y
              ________      ________      ________      ________
 ETA1           1.000
 ETA2           0.113         1.000
 ETA3           0.000         0.000         1.000
 Y              0.387         0.471         0.239         1.000


           S.E. FOR ESTIMATED CORRELATION MATRIX FOR THE LATENT VARIABLES
              ETA1          ETA2          ETA3          Y
              ________      ________      ________      ________
 ETA1           0.000
 ETA2           0.097         0.000
 ETA3           0.000         0.000         0.000
 Y              0.073         0.062         0.065         0.000


           EST./S.E. FOR ESTIMATED CORRELATION MATRIX FOR THE LATENT VARIABLES
              ETA1          ETA2          ETA3          Y
              ________      ________      ________      ________
 ETA1         999.000
 ETA2           1.158       999.000
 ETA3           0.000         0.000       999.000
 Y              5.313         7.537         3.696       999.000


           TWO-TAILED P-VALUE FOR ESTIMATED CORRELATION MATRIX FOR THE LATENT VARIABLES
              ETA1          ETA2          ETA3          Y
              ________      ________      ________      ________
 ETA1           0.000
 ETA2           0.247         0.000
 ETA3           1.000         1.000         0.000
 Y              0.000         0.000         0.000         0.000


     Beginning Time:  22:47:51
        Ending Time:  22:49:01
       Elapsed Time:  00:01:10



MUTHEN & MUTHEN
3463 Stoner Ave.
Los Angeles, CA  90066

Tel: (310) 391-9971
Fax: (310) 391-8971
Web: www.StatModel.com
Support: Support@StatModel.com

Copyright (c) 1998-2022 Muthen & Muthen
