Mplus VERSION 8.8 (Mac)
MUTHEN & MUTHEN
08/20/2024  11:39 PM

INPUT INSTRUCTIONS

  TITLE: Data Analysis for SEM with Latent Interaction

  DATA:
    FILE = /Users/jimmy_z/desktop/Temp_Data/temp_data_99.dat;
    FORMAT = FREE;

  VARIABLE:
    NAMES ARE x1 x2 x3 m1 m2 m3 y;
    USEVARIABLES ARE x1 x2 x3 m1 m2 m3 y;

  ANALYSIS:
    TYPE = RANDOM;
    ESTIMATOR = MLR;
    ALGORITHM = INTEGRATION;
    INTEGRATION = MONTECARLO;

  MODEL:
    eta1 BY x1 x2 x3;
    eta2 BY m1 m2 m3;
    eta3 | eta1 XWITH eta2;
    y ON eta1 eta2 eta3;

  OUTPUT:
    STANDARDIZED;
    TECH1;
    TECH4;





INPUT READING TERMINATED NORMALLY



Data Analysis for SEM with Latent Interaction

SUMMARY OF ANALYSIS

Number of groups                                                 1
Number of observations                                         250

Number of dependent variables                                    7
Number of independent variables                                  0
Number of continuous latent variables                            3

Observed dependent variables

  Continuous
   X1          X2          X3          M1          M2          M3
   Y

Continuous latent variables
   ETA1        ETA2        ETA3


Estimator                                                      MLR
Information matrix                                        OBSERVED
Optimization Specifications for the Quasi-Newton Algorithm for
Continuous Outcomes
  Maximum number of iterations                                 100
  Convergence criterion                                  0.100D-05
Optimization Specifications for the EM Algorithm
  Maximum number of iterations                                 500
  Convergence criteria
    Loglikelihood change                                 0.100D-02
    Relative loglikelihood change                        0.100D-05
    Derivative                                           0.100D-02
Optimization Specifications for the M step of the EM Algorithm for
Categorical Latent variables
  Number of M step iterations                                    1
  M step convergence criterion                           0.100D-02
  Basis for M step termination                           ITERATION
Optimization Specifications for the M step of the EM Algorithm for
Censored, Binary or Ordered Categorical (Ordinal), Unordered
Categorical (Nominal) and Count Outcomes
  Number of M step iterations                                    1
  M step convergence criterion                           0.100D-02
  Basis for M step termination                           ITERATION
  Maximum value for logit thresholds                            15
  Minimum value for logit thresholds                           -15
  Minimum expected cell size for chi-square              0.100D-01
Optimization algorithm                                         EMA
Integration Specifications
  Type                                                  MONTECARLO
  Number of integration points                                2000
  Dimensions of numerical integration                            2
  Adaptive quadrature                                           ON
  Monte Carlo integration seed                                   0
Cholesky                                                       OFF

Input data file(s)
  /Users/jimmy_z/desktop/Temp_Data/temp_data_99.dat
Input data format  FREE



UNIVARIATE SAMPLE STATISTICS


     UNIVARIATE HIGHER-ORDER MOMENT DESCRIPTIVE STATISTICS

         Variable/         Mean/     Skewness/   Minimum/ % with                Percentiles
        Sample Size      Variance    Kurtosis    Maximum  Min/Max      20%/60%    40%/80%    Median

     X1                   -0.058      -0.031      -3.725    0.40%      -1.275     -0.446     -0.004
             250.000       1.751      -0.247       3.499    0.40%       0.381      1.123
     X2                   -0.018       0.009      -4.038    0.40%      -0.999     -0.319     -0.103
             250.000       1.398      -0.051       2.926    0.40%       0.227      0.952
     X3                    0.005      -0.296      -3.489    0.40%      -0.657     -0.270      0.045
             250.000       0.978       0.980       2.961    0.40%       0.249      0.763
     M1                    0.090       0.069      -3.344    0.40%      -1.042     -0.261      0.118
             250.000       1.938      -0.188       4.225    0.40%       0.408      1.267
     M2                    0.068      -0.070      -3.744    0.40%      -0.900     -0.290      0.072
             250.000       1.298      -0.228       2.591    0.40%       0.299      1.101
     M3                    0.018      -0.043      -2.741    0.40%      -0.725     -0.227      0.032
             250.000       0.932       0.094       2.667    0.40%       0.292      0.746
     Y                     0.051       0.255      -2.346    0.40%      -0.765     -0.283      0.007
             250.000       0.994       0.038       3.028    0.40%       0.273      0.858


THE MODEL ESTIMATION TERMINATED NORMALLY



MODEL FIT INFORMATION

Number of Free Parameters                       24

Loglikelihood

          H0 Value                       -2380.578
          H0 Scaling Correction Factor      0.9857
            for MLR

Information Criteria

          Akaike (AIC)                    4809.156
          Bayesian (BIC)                  4893.671
          Sample-Size Adjusted BIC        4817.589
            (n* = (n + 2) / 24)



MODEL RESULTS

                                                    Two-Tailed
                    Estimate       S.E.  Est./S.E.    P-Value

 ETA1     BY
    X1                 1.000      0.000    999.000    999.000
    X2                 0.785      0.068     11.602      0.000
    X3                 0.668      0.055     12.148      0.000

 ETA2     BY
    M1                 1.000      0.000    999.000    999.000
    M2                 0.772      0.071     10.821      0.000
    M3                 0.685      0.065     10.569      0.000

 Y          ON
    ETA1               0.258      0.057      4.485      0.000
    ETA2               0.220      0.062      3.577      0.000
    ETA3               0.272      0.045      6.079      0.000

 ETA2     WITH
    ETA1               0.209      0.108      1.937      0.053

 Intercepts
    X1                -0.057      0.084     -0.677      0.498
    X2                -0.018      0.075     -0.239      0.811
    X3                 0.006      0.063      0.089      0.929
    M1                 0.090      0.088      1.028      0.304
    M2                 0.068      0.072      0.945      0.344
    M3                 0.018      0.061      0.300      0.764
    Y                 -0.006      0.061     -0.094      0.925

 Variances
    ETA1               1.281      0.150      8.557      0.000
    ETA2               1.223      0.163      7.494      0.000

 Residual Variances
    X1                 0.470      0.083      5.676      0.000
    X2                 0.608      0.068      8.967      0.000
    X3                 0.407      0.055      7.406      0.000
    M1                 0.711      0.096      7.372      0.000
    M2                 0.569      0.060      9.405      0.000
    M3                 0.357      0.050      7.177      0.000
    Y                  0.682      0.066     10.312      0.000


QUALITY OF NUMERICAL RESULTS

     Condition Number for the Information Matrix              0.375E-03
       (ratio of smallest to largest eigenvalue)


STANDARDIZED MODEL RESULTS


STDYX Standardization

                                                    Two-Tailed
                    Estimate       S.E.  Est./S.E.    P-Value

 ETA1     BY
    X1                 0.855      0.028     31.016      0.000
    X2                 0.752      0.037     20.418      0.000
    X3                 0.764      0.034     22.534      0.000

 ETA2     BY
    M1                 0.795      0.032     25.192      0.000
    M2                 0.749      0.038     19.894      0.000
    M3                 0.785      0.037     21.136      0.000

 Y          ON
    ETA1               0.296      0.062      4.813      0.000
    ETA2               0.248      0.066      3.779      0.000
    ETA3               0.345      0.052      6.601      0.000

 ETA2     WITH
    ETA1               0.167      0.082      2.033      0.042

 Intercepts
    X1                -0.043      0.064     -0.678      0.498
    X2                -0.015      0.064     -0.239      0.811
    X3                 0.006      0.064      0.089      0.929
    M1                 0.065      0.063      1.030      0.303
    M2                 0.060      0.063      0.943      0.346
    M3                 0.019      0.063      0.300      0.764
    Y                 -0.006      0.062     -0.094      0.925

 Variances
    ETA1               1.000      0.000    999.000    999.000
    ETA2               1.000      0.000    999.000    999.000

 Residual Variances
    X1                 0.268      0.047      5.692      0.000
    X2                 0.435      0.055      7.857      0.000
    X3                 0.416      0.052      8.012      0.000
    M1                 0.368      0.050      7.324      0.000
    M2                 0.438      0.056      7.764      0.000
    M3                 0.383      0.058      6.573      0.000
    Y                  0.704      0.061     11.562      0.000


STDY Standardization

                                                    Two-Tailed
                    Estimate       S.E.  Est./S.E.    P-Value

 ETA1     BY
    X1                 0.855      0.028     31.016      0.000
    X2                 0.752      0.037     20.418      0.000
    X3                 0.764      0.034     22.534      0.000

 ETA2     BY
    M1                 0.795      0.032     25.192      0.000
    M2                 0.749      0.038     19.894      0.000
    M3                 0.785      0.037     21.136      0.000

 Y          ON
    ETA1               0.296      0.062      4.813      0.000
    ETA2               0.248      0.066      3.779      0.000
    ETA3               0.345      0.052      6.601      0.000

 ETA2     WITH
    ETA1               0.167      0.082      2.033      0.042

 Intercepts
    X1                -0.043      0.064     -0.678      0.498
    X2                -0.015      0.064     -0.239      0.811
    X3                 0.006      0.064      0.089      0.929
    M1                 0.065      0.063      1.030      0.303
    M2                 0.060      0.063      0.943      0.346
    M3                 0.019      0.063      0.300      0.764
    Y                 -0.006      0.062     -0.094      0.925

 Variances
    ETA1               1.000      0.000    999.000    999.000
    ETA2               1.000      0.000    999.000    999.000

 Residual Variances
    X1                 0.268      0.047      5.692      0.000
    X2                 0.435      0.055      7.857      0.000
    X3                 0.416      0.052      8.012      0.000
    M1                 0.368      0.050      7.324      0.000
    M2                 0.438      0.056      7.764      0.000
    M3                 0.383      0.058      6.573      0.000
    Y                  0.704      0.061     11.562      0.000


STD Standardization

                                                    Two-Tailed
                    Estimate       S.E.  Est./S.E.    P-Value

 ETA1     BY
    X1                 1.132      0.066     17.113      0.000
    X2                 0.889      0.072     12.338      0.000
    X3                 0.756      0.061     12.313      0.000

 ETA2     BY
    M1                 1.106      0.074     14.988      0.000
    M2                 0.854      0.070     12.209      0.000
    M3                 0.758      0.060     12.688      0.000

 Y          ON
    ETA1               0.291      0.064      4.556      0.000
    ETA2               0.244      0.068      3.593      0.000
    ETA3               0.340      0.055      6.130      0.000

 ETA2     WITH
    ETA1               0.167      0.082      2.033      0.042

 Intercepts
    X1                -0.057      0.084     -0.677      0.498
    X2                -0.018      0.075     -0.239      0.811
    X3                 0.006      0.063      0.089      0.929
    M1                 0.090      0.088      1.028      0.304
    M2                 0.068      0.072      0.945      0.344
    M3                 0.018      0.061      0.300      0.764
    Y                 -0.006      0.061     -0.094      0.925

 Variances
    ETA1               1.000      0.000    999.000    999.000
    ETA2               1.000      0.000    999.000    999.000

 Residual Variances
    X1                 0.470      0.083      5.676      0.000
    X2                 0.608      0.068      8.967      0.000
    X3                 0.407      0.055      7.406      0.000
    M1                 0.711      0.096      7.372      0.000
    M2                 0.569      0.060      9.405      0.000
    M3                 0.357      0.050      7.177      0.000
    Y                  0.682      0.066     10.312      0.000


R-SQUARE

    Observed                                        Two-Tailed
    Variable        Estimate       S.E.  Est./S.E.    P-Value

    X1                 0.732      0.047     15.508      0.000
    X2                 0.565      0.055     10.209      0.000
    X3                 0.584      0.052     11.267      0.000
    M1                 0.632      0.050     12.596      0.000
    M2                 0.562      0.056      9.947      0.000
    M3                 0.617      0.058     10.568      0.000
    Y                  0.296      0.061      4.859      0.000


TECHNICAL 1 OUTPUT


     PARAMETER SPECIFICATION


           NU
              X1            X2            X3            M1            M2
              ________      ________      ________      ________      ________
                    1             2             3             4             5


           NU
              M3            Y
              ________      ________
                    6             0


           LAMBDA
              ETA1          ETA2          ETA3          Y
              ________      ________      ________      ________
 X1                 0             0             0             0
 X2                 7             0             0             0
 X3                 8             0             0             0
 M1                 0             0             0             0
 M2                 0             9             0             0
 M3                 0            10             0             0
 Y                  0             0             0             0


           THETA
              X1            X2            X3            M1            M2
              ________      ________      ________      ________      ________
 X1                11
 X2                 0            12
 X3                 0             0            13
 M1                 0             0             0            14
 M2                 0             0             0             0            15
 M3                 0             0             0             0             0
 Y                  0             0             0             0             0


           THETA
              M3            Y
              ________      ________
 M3                16
 Y                  0             0


           ALPHA
              ETA1          ETA2          ETA3          Y
              ________      ________      ________      ________
                    0             0             0            17


           BETA
              ETA1          ETA2          ETA3          Y
              ________      ________      ________      ________
 ETA1               0             0             0             0
 ETA2               0             0             0             0
 ETA3               0             0             0             0
 Y                 18            19            20             0


           PSI
              ETA1          ETA2          ETA3          Y
              ________      ________      ________      ________
 ETA1              21
 ETA2              22            23
 ETA3               0             0             0
 Y                  0             0             0            24


     STARTING VALUES


           NU
              X1            X2            X3            M1            M2
              ________      ________      ________      ________      ________
               -0.058        -0.018         0.005         0.090         0.068


           NU
              M3            Y
              ________      ________
                0.018         0.000


           LAMBDA
              ETA1          ETA2          ETA3          Y
              ________      ________      ________      ________
 X1             1.000         0.000         0.000         0.000
 X2             1.000         0.000         0.000         0.000
 X3             1.000         0.000         0.000         0.000
 M1             0.000         1.000         0.000         0.000
 M2             0.000         1.000         0.000         0.000
 M3             0.000         1.000         0.000         0.000
 Y              0.000         0.000         0.000         1.000


           THETA
              X1            X2            X3            M1            M2
              ________      ________      ________      ________      ________
 X1             0.876
 X2             0.000         0.699
 X3             0.000         0.000         0.489
 M1             0.000         0.000         0.000         0.969
 M2             0.000         0.000         0.000         0.000         0.649
 M3             0.000         0.000         0.000         0.000         0.000
 Y              0.000         0.000         0.000         0.000         0.000


           THETA
              M3            Y
              ________      ________
 M3             0.466
 Y              0.000         0.000


           ALPHA
              ETA1          ETA2          ETA3          Y
              ________      ________      ________      ________
                0.000         0.000         0.000         0.051


           BETA
              ETA1          ETA2          ETA3          Y
              ________      ________      ________      ________
 ETA1           0.000         0.000         0.000         0.000
 ETA2           0.000         0.000         0.000         0.000
 ETA3           0.000         0.000         0.000         0.000
 Y              0.000         0.000         0.000         0.000


           PSI
              ETA1          ETA2          ETA3          Y
              ________      ________      ________      ________
 ETA1           0.050
 ETA2           0.000         0.050
 ETA3           0.000         0.000         0.000
 Y              0.000         0.000         0.000         0.497


TECHNICAL 4 OUTPUT


     ESTIMATES DERIVED FROM THE MODEL


           ESTIMATED MEANS FOR THE LATENT VARIABLES
              ETA1          ETA2          ETA3          Y
              ________      ________      ________      ________
                0.000         0.000         0.209         0.051


           S.E. FOR ESTIMATED MEANS FOR THE LATENT VARIABLES
              ETA1          ETA2          ETA3          Y
              ________      ________      ________      ________
                0.000         0.000         0.108         0.063


           EST./S.E. FOR ESTIMATED MEANS FOR THE LATENT VARIABLES
              ETA1          ETA2          ETA3          Y
              ________      ________      ________      ________
                0.000         0.000         1.937         0.807


           TWO-TAILED P-VALUE FOR ESTIMATED MEANS FOR THE LATENT VARIABLES
              ETA1          ETA2          ETA3          Y
              ________      ________      ________      ________
                1.000         1.000         0.053         0.420


           ESTIMATED COVARIANCE MATRIX FOR THE LATENT VARIABLES
              ETA1          ETA2          ETA3          Y
              ________      ________      ________      ________
 ETA1           1.281
 ETA2           0.209         1.223
 ETA3           0.000         0.000         1.610
 Y              0.376         0.323         0.437         0.969


           S.E. FOR ESTIMATED COVARIANCE MATRIX FOR THE LATENT VARIABLES
              ETA1          ETA2          ETA3          Y
              ________      ________      ________      ________
 ETA1           0.150
 ETA2           0.108         0.163
 ETA3           0.000         0.000         0.309
 Y              0.078         0.084         0.093         0.085


           EST./S.E. FOR ESTIMATED COVARIANCE MATRIX FOR THE LATENT VARIABLES
              ETA1          ETA2          ETA3          Y
              ________      ________      ________      ________
 ETA1           8.557
 ETA2           1.937         7.494
 ETA3           0.000         0.000         5.218
 Y              4.837         3.838         4.725        11.407


           TWO-TAILED P-VALUE FOR ESTIMATED COVARIANCE MATRIX FOR THE LATENT VARIABLES
              ETA1          ETA2          ETA3          Y
              ________      ________      ________      ________
 ETA1           0.000
 ETA2           0.053         0.000
 ETA3           1.000         1.000         0.000
 Y              0.000         0.000         0.000         0.000


           ESTIMATED CORRELATION MATRIX FOR THE LATENT VARIABLES
              ETA1          ETA2          ETA3          Y
              ________      ________      ________      ________
 ETA1           1.000
 ETA2           0.167         1.000
 ETA3           0.000         0.000         1.000
 Y              0.337         0.297         0.350         1.000


           S.E. FOR ESTIMATED CORRELATION MATRIX FOR THE LATENT VARIABLES
              ETA1          ETA2          ETA3          Y
              ________      ________      ________      ________
 ETA1           0.000
 ETA2           0.082         0.000
 ETA3           0.000         0.000         0.000
 Y              0.060         0.067         0.053         0.000


           EST./S.E. FOR ESTIMATED CORRELATION MATRIX FOR THE LATENT VARIABLES
              ETA1          ETA2          ETA3          Y
              ________      ________      ________      ________
 ETA1         999.000
 ETA2           2.033       999.000
 ETA3           0.000         0.000       999.000
 Y              5.639         4.460         6.604       999.000


           TWO-TAILED P-VALUE FOR ESTIMATED CORRELATION MATRIX FOR THE LATENT VARIABLES
              ETA1          ETA2          ETA3          Y
              ________      ________      ________      ________
 ETA1           0.000
 ETA2           0.042         0.000
 ETA3           1.000         1.000         0.000
 Y              0.000         0.000         0.000         0.000


     Beginning Time:  23:39:19
        Ending Time:  23:39:56
       Elapsed Time:  00:00:37



MUTHEN & MUTHEN
3463 Stoner Ave.
Los Angeles, CA  90066

Tel: (310) 391-9971
Fax: (310) 391-8971
Web: www.StatModel.com
Support: Support@StatModel.com

Copyright (c) 1998-2022 Muthen & Muthen
