Mplus VERSION 8.8 (Mac)
MUTHEN & MUTHEN
08/20/2024  11:20 PM

INPUT INSTRUCTIONS

  TITLE: Data Analysis for SEM with Latent Interaction

  DATA:
    FILE = /Users/jimmy_z/desktop/Temp_Data/temp_data_466.dat;
    FORMAT = FREE;

  VARIABLE:
    NAMES ARE x1 x2 x3 m1 m2 m3 y;
    USEVARIABLES ARE x1 x2 x3 m1 m2 m3 y;

  ANALYSIS:
    TYPE = RANDOM;
    ESTIMATOR = MLR;
    ALGORITHM = INTEGRATION;
    INTEGRATION = MONTECARLO;

  MODEL:
    eta1 BY x1 x2 x3;
    eta2 BY m1 m2 m3;
    eta3 | eta1 XWITH eta2;
    y ON eta1 eta2 eta3;

  OUTPUT:
    STANDARDIZED;
    TECH1;
    TECH4;





INPUT READING TERMINATED NORMALLY



Data Analysis for SEM with Latent Interaction

SUMMARY OF ANALYSIS

Number of groups                                                 1
Number of observations                                         250

Number of dependent variables                                    7
Number of independent variables                                  0
Number of continuous latent variables                            3

Observed dependent variables

  Continuous
   X1          X2          X3          M1          M2          M3
   Y

Continuous latent variables
   ETA1        ETA2        ETA3


Estimator                                                      MLR
Information matrix                                        OBSERVED
Optimization Specifications for the Quasi-Newton Algorithm for
Continuous Outcomes
  Maximum number of iterations                                 100
  Convergence criterion                                  0.100D-05
Optimization Specifications for the EM Algorithm
  Maximum number of iterations                                 500
  Convergence criteria
    Loglikelihood change                                 0.100D-02
    Relative loglikelihood change                        0.100D-05
    Derivative                                           0.100D-02
Optimization Specifications for the M step of the EM Algorithm for
Categorical Latent variables
  Number of M step iterations                                    1
  M step convergence criterion                           0.100D-02
  Basis for M step termination                           ITERATION
Optimization Specifications for the M step of the EM Algorithm for
Censored, Binary or Ordered Categorical (Ordinal), Unordered
Categorical (Nominal) and Count Outcomes
  Number of M step iterations                                    1
  M step convergence criterion                           0.100D-02
  Basis for M step termination                           ITERATION
  Maximum value for logit thresholds                            15
  Minimum value for logit thresholds                           -15
  Minimum expected cell size for chi-square              0.100D-01
Optimization algorithm                                         EMA
Integration Specifications
  Type                                                  MONTECARLO
  Number of integration points                                2000
  Dimensions of numerical integration                            2
  Adaptive quadrature                                           ON
  Monte Carlo integration seed                                   0
Cholesky                                                       OFF

Input data file(s)
  /Users/jimmy_z/desktop/Temp_Data/temp_data_466.dat
Input data format  FREE



UNIVARIATE SAMPLE STATISTICS


     UNIVARIATE HIGHER-ORDER MOMENT DESCRIPTIVE STATISTICS

         Variable/         Mean/     Skewness/   Minimum/ % with                Percentiles
        Sample Size      Variance    Kurtosis    Maximum  Min/Max      20%/60%    40%/80%    Median

     X1                   -0.131      -0.095      -3.874    0.40%      -1.372     -0.527     -0.054
             250.000       2.097      -0.429       3.564    0.40%       0.292      1.101
     X2                   -0.028       0.038      -5.084    0.40%      -1.156     -0.389     -0.009
             250.000       1.649       0.768       4.014    0.40%       0.335      0.962
     X3                    0.019       0.127      -2.659    0.40%      -1.019     -0.247      0.025
             250.000       1.204      -0.392       2.861    0.40%       0.286      0.941
     M1                    0.082      -0.181      -3.794    0.40%      -1.294     -0.141      0.127
             250.000       2.075      -0.395       3.837    0.40%       0.546      1.342
     M2                   -0.081       0.015      -3.216    0.40%      -1.036     -0.357     -0.068
             250.000       1.439      -0.022       3.571    0.40%       0.155      0.951
     M3                    0.022       0.109      -3.221    0.40%      -0.770     -0.245     -0.041
             250.000       1.014       0.227       2.864    0.40%       0.271      0.775
     Y                    -0.079       0.133      -2.958    0.40%      -0.921     -0.273     -0.055
             250.000       0.909       0.068       2.720    0.40%       0.139      0.666


THE MODEL ESTIMATION TERMINATED NORMALLY



MODEL FIT INFORMATION

Number of Free Parameters                       24

Loglikelihood

          H0 Value                       -2649.747
          H0 Scaling Correction Factor      0.9955
            for MLR

Information Criteria

          Akaike (AIC)                    5347.494
          Bayesian (BIC)                  5432.010
          Sample-Size Adjusted BIC        5355.928
            (n* = (n + 2) / 24)



MODEL RESULTS

                                                    Two-Tailed
                    Estimate       S.E.  Est./S.E.    P-Value

 ETA1     BY
    X1                 1.000      0.000    999.000    999.000
    X2                 0.881      0.131      6.708      0.000
    X3                 0.824      0.120      6.850      0.000

 ETA2     BY
    M1                 1.000      0.000    999.000    999.000
    M2                 0.716      0.116      6.150      0.000
    M3                 0.655      0.117      5.607      0.000

 Y          ON
    ETA1               0.357      0.085      4.225      0.000
    ETA2               0.238      0.086      2.751      0.006
    ETA3               0.124      0.078      1.599      0.110

 ETA2     WITH
    ETA1               0.084      0.084      0.997      0.319

 Intercepts
    X1                -0.131      0.092     -1.427      0.153
    X2                -0.027      0.081     -0.338      0.735
    X3                 0.019      0.069      0.274      0.784
    M1                 0.083      0.091      0.916      0.360
    M2                -0.080      0.076     -1.060      0.289
    M3                 0.023      0.064      0.367      0.714
    Y                 -0.089      0.061     -1.457      0.145

 Variances
    ETA1               0.822      0.176      4.675      0.000
    ETA2               1.002      0.225      4.453      0.000

 Residual Variances
    X1                 1.278      0.155      8.234      0.000
    X2                 1.011      0.137      7.374      0.000
    X3                 0.645      0.102      6.329      0.000
    M1                 1.073      0.182      5.901      0.000
    M2                 0.925      0.101      9.169      0.000
    M3                 0.584      0.081      7.222      0.000
    Y                  0.720      0.084      8.609      0.000


QUALITY OF NUMERICAL RESULTS

     Condition Number for the Information Matrix              0.258E-01
       (ratio of smallest to largest eigenvalue)


STANDARDIZED MODEL RESULTS


STDYX Standardization

                                                    Two-Tailed
                    Estimate       S.E.  Est./S.E.    P-Value

 ETA1     BY
    X1                 0.626      0.056     11.154      0.000
    X2                 0.622      0.054     11.419      0.000
    X3                 0.681      0.060     11.279      0.000

 ETA2     BY
    M1                 0.695      0.065     10.648      0.000
    M2                 0.598      0.058     10.297      0.000
    M3                 0.651      0.062     10.535      0.000

 Y          ON
    ETA1               0.340      0.066      5.119      0.000
    ETA2               0.250      0.083      3.024      0.002
    ETA3               0.118      0.072      1.650      0.099

 ETA2     WITH
    ETA1               0.092      0.096      0.957      0.339

 Intercepts
    X1                -0.090      0.063     -1.432      0.152
    X2                -0.021      0.063     -0.338      0.736
    X3                 0.017      0.063      0.274      0.784
    M1                 0.058      0.064      0.911      0.362
    M2                -0.067      0.063     -1.058      0.290
    M3                 0.023      0.063      0.367      0.714
    Y                 -0.093      0.064     -1.450      0.147

 Variances
    ETA1               1.000      0.000    999.000    999.000
    ETA2               1.000      0.000    999.000    999.000

 Residual Variances
    X1                 0.609      0.070      8.673      0.000
    X2                 0.613      0.068      9.055      0.000
    X3                 0.536      0.082      6.517      0.000
    M1                 0.517      0.091      5.704      0.000
    M2                 0.643      0.069      9.265      0.000
    M3                 0.576      0.081      7.143      0.000
    Y                  0.792      0.064     12.461      0.000


STDY Standardization

                                                    Two-Tailed
                    Estimate       S.E.  Est./S.E.    P-Value

 ETA1     BY
    X1                 0.626      0.056     11.154      0.000
    X2                 0.622      0.054     11.419      0.000
    X3                 0.681      0.060     11.279      0.000

 ETA2     BY
    M1                 0.695      0.065     10.648      0.000
    M2                 0.598      0.058     10.297      0.000
    M3                 0.651      0.062     10.535      0.000

 Y          ON
    ETA1               0.340      0.066      5.119      0.000
    ETA2               0.250      0.083      3.024      0.002
    ETA3               0.118      0.072      1.650      0.099

 ETA2     WITH
    ETA1               0.092      0.096      0.957      0.339

 Intercepts
    X1                -0.090      0.063     -1.432      0.152
    X2                -0.021      0.063     -0.338      0.736
    X3                 0.017      0.063      0.274      0.784
    M1                 0.058      0.064      0.911      0.362
    M2                -0.067      0.063     -1.058      0.290
    M3                 0.023      0.063      0.367      0.714
    Y                 -0.093      0.064     -1.450      0.147

 Variances
    ETA1               1.000      0.000    999.000    999.000
    ETA2               1.000      0.000    999.000    999.000

 Residual Variances
    X1                 0.609      0.070      8.673      0.000
    X2                 0.613      0.068      9.055      0.000
    X3                 0.536      0.082      6.517      0.000
    M1                 0.517      0.091      5.704      0.000
    M2                 0.643      0.069      9.265      0.000
    M3                 0.576      0.081      7.143      0.000
    Y                  0.792      0.064     12.461      0.000


STD Standardization

                                                    Two-Tailed
                    Estimate       S.E.  Est./S.E.    P-Value

 ETA1     BY
    X1                 0.906      0.097      9.350      0.000
    X2                 0.799      0.089      8.991      0.000
    X3                 0.747      0.078      9.570      0.000

 ETA2     BY
    M1                 1.001      0.112      8.906      0.000
    M2                 0.717      0.087      8.203      0.000
    M3                 0.656      0.079      8.332      0.000

 Y          ON
    ETA1               0.324      0.066      4.931      0.000
    ETA2               0.238      0.079      3.018      0.003
    ETA3               0.113      0.069      1.626      0.104

 ETA2     WITH
    ETA1               0.092      0.096      0.957      0.339

 Intercepts
    X1                -0.131      0.092     -1.427      0.153
    X2                -0.027      0.081     -0.338      0.735
    X3                 0.019      0.069      0.274      0.784
    M1                 0.083      0.091      0.916      0.360
    M2                -0.080      0.076     -1.060      0.289
    M3                 0.023      0.064      0.367      0.714
    Y                 -0.089      0.061     -1.457      0.145

 Variances
    ETA1               1.000      0.000    999.000    999.000
    ETA2               1.000      0.000    999.000    999.000

 Residual Variances
    X1                 1.278      0.155      8.234      0.000
    X2                 1.011      0.137      7.374      0.000
    X3                 0.645      0.102      6.329      0.000
    M1                 1.073      0.182      5.901      0.000
    M2                 0.925      0.101      9.169      0.000
    M3                 0.584      0.081      7.222      0.000
    Y                  0.720      0.084      8.609      0.000


R-SQUARE

    Observed                                        Two-Tailed
    Variable        Estimate       S.E.  Est./S.E.    P-Value

    X1                 0.391      0.070      5.577      0.000
    X2                 0.387      0.068      5.710      0.000
    X3                 0.464      0.082      5.640      0.000
    M1                 0.483      0.091      5.324      0.000
    M2                 0.357      0.069      5.148      0.000
    M3                 0.424      0.081      5.267      0.000
    Y                  0.208      0.064      3.265      0.001


TECHNICAL 1 OUTPUT


     PARAMETER SPECIFICATION


           NU
              X1            X2            X3            M1            M2
              ________      ________      ________      ________      ________
                    1             2             3             4             5


           NU
              M3            Y
              ________      ________
                    6             0


           LAMBDA
              ETA1          ETA2          ETA3          Y
              ________      ________      ________      ________
 X1                 0             0             0             0
 X2                 7             0             0             0
 X3                 8             0             0             0
 M1                 0             0             0             0
 M2                 0             9             0             0
 M3                 0            10             0             0
 Y                  0             0             0             0


           THETA
              X1            X2            X3            M1            M2
              ________      ________      ________      ________      ________
 X1                11
 X2                 0            12
 X3                 0             0            13
 M1                 0             0             0            14
 M2                 0             0             0             0            15
 M3                 0             0             0             0             0
 Y                  0             0             0             0             0


           THETA
              M3            Y
              ________      ________
 M3                16
 Y                  0             0


           ALPHA
              ETA1          ETA2          ETA3          Y
              ________      ________      ________      ________
                    0             0             0            17


           BETA
              ETA1          ETA2          ETA3          Y
              ________      ________      ________      ________
 ETA1               0             0             0             0
 ETA2               0             0             0             0
 ETA3               0             0             0             0
 Y                 18            19            20             0


           PSI
              ETA1          ETA2          ETA3          Y
              ________      ________      ________      ________
 ETA1              21
 ETA2              22            23
 ETA3               0             0             0
 Y                  0             0             0            24


     STARTING VALUES


           NU
              X1            X2            X3            M1            M2
              ________      ________      ________      ________      ________
               -0.131        -0.028         0.019         0.082        -0.081


           NU
              M3            Y
              ________      ________
                0.022         0.000


           LAMBDA
              ETA1          ETA2          ETA3          Y
              ________      ________      ________      ________
 X1             1.000         0.000         0.000         0.000
 X2             1.000         0.000         0.000         0.000
 X3             1.000         0.000         0.000         0.000
 M1             0.000         1.000         0.000         0.000
 M2             0.000         1.000         0.000         0.000
 M3             0.000         1.000         0.000         0.000
 Y              0.000         0.000         0.000         1.000


           THETA
              X1            X2            X3            M1            M2
              ________      ________      ________      ________      ________
 X1             1.049
 X2             0.000         0.825
 X3             0.000         0.000         0.602
 M1             0.000         0.000         0.000         1.037
 M2             0.000         0.000         0.000         0.000         0.719
 M3             0.000         0.000         0.000         0.000         0.000
 Y              0.000         0.000         0.000         0.000         0.000


           THETA
              M3            Y
              ________      ________
 M3             0.507
 Y              0.000         0.000


           ALPHA
              ETA1          ETA2          ETA3          Y
              ________      ________      ________      ________
                0.000         0.000         0.000        -0.079


           BETA
              ETA1          ETA2          ETA3          Y
              ________      ________      ________      ________
 ETA1           0.000         0.000         0.000         0.000
 ETA2           0.000         0.000         0.000         0.000
 ETA3           0.000         0.000         0.000         0.000
 Y              0.000         0.000         0.000         0.000


           PSI
              ETA1          ETA2          ETA3          Y
              ________      ________      ________      ________
 ETA1           0.050
 ETA2           0.000         0.050
 ETA3           0.000         0.000         0.000
 Y              0.000         0.000         0.000         0.454


TECHNICAL 4 OUTPUT


     ESTIMATES DERIVED FROM THE MODEL


           ESTIMATED MEANS FOR THE LATENT VARIABLES
              ETA1          ETA2          ETA3          Y
              ________      ________      ________      ________
                0.000         0.000         0.084        -0.079


           S.E. FOR ESTIMATED MEANS FOR THE LATENT VARIABLES
              ETA1          ETA2          ETA3          Y
              ________      ________      ________      ________
                0.000         0.000         0.084         0.060


           EST./S.E. FOR ESTIMATED MEANS FOR THE LATENT VARIABLES
              ETA1          ETA2          ETA3          Y
              ________      ________      ________      ________
                0.000         0.000         0.997        -1.303


           TWO-TAILED P-VALUE FOR ESTIMATED MEANS FOR THE LATENT VARIABLES
              ETA1          ETA2          ETA3          Y
              ________      ________      ________      ________
                1.000         1.000         0.319         0.192


           ESTIMATED COVARIANCE MATRIX FOR THE LATENT VARIABLES
              ETA1          ETA2          ETA3          Y
              ________      ________      ________      ________
 ETA1           0.822
 ETA2           0.084         1.002
 ETA3           0.000         0.000         0.830
 Y              0.314         0.268         0.103         0.909


           S.E. FOR ESTIMATED COVARIANCE MATRIX FOR THE LATENT VARIABLES
              ETA1          ETA2          ETA3          Y
              ________      ________      ________      ________
 ETA1           0.176
 ETA2           0.084         0.225
 ETA3           0.000         0.000         0.245
 Y              0.068         0.079         0.066         0.082


           EST./S.E. FOR ESTIMATED COVARIANCE MATRIX FOR THE LATENT VARIABLES
              ETA1          ETA2          ETA3          Y
              ________      ________      ________      ________
 ETA1           4.675
 ETA2           0.997         4.453
 ETA3           0.000         0.000         3.385
 Y              4.624         3.410         1.560        11.019


           TWO-TAILED P-VALUE FOR ESTIMATED COVARIANCE MATRIX FOR THE LATENT VARIABLES
              ETA1          ETA2          ETA3          Y
              ________      ________      ________      ________
 ETA1           0.000
 ETA2           0.319         0.000
 ETA3           1.000         1.000         0.001
 Y              0.000         0.001         0.119         0.000


           ESTIMATED CORRELATION MATRIX FOR THE LATENT VARIABLES
              ETA1          ETA2          ETA3          Y
              ________      ________      ________      ________
 ETA1           1.000
 ETA2           0.092         1.000
 ETA3           0.000         0.000         1.000
 Y              0.363         0.281         0.119         1.000


           S.E. FOR ESTIMATED CORRELATION MATRIX FOR THE LATENT VARIABLES
              ETA1          ETA2          ETA3          Y
              ________      ________      ________      ________
 ETA1           0.000
 ETA2           0.096         0.000
 ETA3           0.000         0.000         0.000
 Y              0.069         0.083         0.072         0.000


           EST./S.E. FOR ESTIMATED CORRELATION MATRIX FOR THE LATENT VARIABLES
              ETA1          ETA2          ETA3          Y
              ________      ________      ________      ________
 ETA1         999.000
 ETA2           0.957       999.000
 ETA3           0.000         0.000       999.000
 Y              5.232         3.404         1.648       999.000


           TWO-TAILED P-VALUE FOR ESTIMATED CORRELATION MATRIX FOR THE LATENT VARIABLES
              ETA1          ETA2          ETA3          Y
              ________      ________      ________      ________
 ETA1           0.000
 ETA2           0.339         0.000
 ETA3           1.000         1.000         0.000
 Y              0.000         0.001         0.099         0.000


     Beginning Time:  23:20:31
        Ending Time:  23:21:51
       Elapsed Time:  00:01:20



MUTHEN & MUTHEN
3463 Stoner Ave.
Los Angeles, CA  90066

Tel: (310) 391-9971
Fax: (310) 391-8971
Web: www.StatModel.com
Support: Support@StatModel.com

Copyright (c) 1998-2022 Muthen & Muthen
