Mplus VERSION 8.8 (Mac)
MUTHEN & MUTHEN
08/20/2024  11:27 PM

INPUT INSTRUCTIONS

  TITLE: Data Analysis for SEM with Latent Interaction

  DATA:
    FILE = /Users/jimmy_z/desktop/Temp_Data/temp_data_6.dat;
    FORMAT = FREE;

  VARIABLE:
    NAMES ARE x1 x2 x3 m1 m2 m3 y;
    USEVARIABLES ARE x1 x2 x3 m1 m2 m3 y;

  ANALYSIS:
    TYPE = RANDOM;
    ESTIMATOR = MLR;
    ALGORITHM = INTEGRATION;
    INTEGRATION = MONTECARLO;

  MODEL:
    eta1 BY x1 x2 x3;
    eta2 BY m1 m2 m3;
    eta3 | eta1 XWITH eta2;
    y ON eta1 eta2 eta3;

  OUTPUT:
    STANDARDIZED;
    TECH1;
    TECH4;





INPUT READING TERMINATED NORMALLY



Data Analysis for SEM with Latent Interaction

SUMMARY OF ANALYSIS

Number of groups                                                 1
Number of observations                                         250

Number of dependent variables                                    7
Number of independent variables                                  0
Number of continuous latent variables                            3

Observed dependent variables

  Continuous
   X1          X2          X3          M1          M2          M3
   Y

Continuous latent variables
   ETA1        ETA2        ETA3


Estimator                                                      MLR
Information matrix                                        OBSERVED
Optimization Specifications for the Quasi-Newton Algorithm for
Continuous Outcomes
  Maximum number of iterations                                 100
  Convergence criterion                                  0.100D-05
Optimization Specifications for the EM Algorithm
  Maximum number of iterations                                 500
  Convergence criteria
    Loglikelihood change                                 0.100D-02
    Relative loglikelihood change                        0.100D-05
    Derivative                                           0.100D-02
Optimization Specifications for the M step of the EM Algorithm for
Categorical Latent variables
  Number of M step iterations                                    1
  M step convergence criterion                           0.100D-02
  Basis for M step termination                           ITERATION
Optimization Specifications for the M step of the EM Algorithm for
Censored, Binary or Ordered Categorical (Ordinal), Unordered
Categorical (Nominal) and Count Outcomes
  Number of M step iterations                                    1
  M step convergence criterion                           0.100D-02
  Basis for M step termination                           ITERATION
  Maximum value for logit thresholds                            15
  Minimum value for logit thresholds                           -15
  Minimum expected cell size for chi-square              0.100D-01
Optimization algorithm                                         EMA
Integration Specifications
  Type                                                  MONTECARLO
  Number of integration points                                2000
  Dimensions of numerical integration                            2
  Adaptive quadrature                                           ON
  Monte Carlo integration seed                                   0
Cholesky                                                       OFF

Input data file(s)
  /Users/jimmy_z/desktop/Temp_Data/temp_data_6.dat
Input data format  FREE



UNIVARIATE SAMPLE STATISTICS


     UNIVARIATE HIGHER-ORDER MOMENT DESCRIPTIVE STATISTICS

         Variable/         Mean/     Skewness/   Minimum/ % with                Percentiles
        Sample Size      Variance    Kurtosis    Maximum  Min/Max      20%/60%    40%/80%    Median

     X1                   -0.008       0.128      -3.658    0.40%      -1.235     -0.415      0.079
             250.000       1.722      -0.233       4.328    0.40%       0.327      1.140
     X2                    0.115      -0.154      -2.621    0.40%      -0.899     -0.161      0.122
             250.000       1.297      -0.635       2.716    0.40%       0.421      1.155
     X3                    0.169      -0.074      -2.498    0.40%      -0.656     -0.072      0.167
             250.000       0.925      -0.367       2.623    0.40%       0.413      1.013
     M1                    0.057      -0.257      -5.235    0.40%      -1.046     -0.246      0.136
             250.000       1.848       0.701       4.042    0.40%       0.444      1.174
     M2                   -0.074      -0.130      -3.568    0.40%      -1.188     -0.288      0.079
             250.000       1.403       0.121       3.264    0.40%       0.293      0.799
     M3                    0.076       0.008      -3.485    0.40%      -0.644     -0.143      0.036
             250.000       0.780       0.705       2.649    0.40%       0.259      0.810
     Y                     0.131       0.071      -2.958    0.40%      -0.788     -0.121      0.140
             250.000       1.125       0.173       3.771    0.40%       0.329      1.059


THE MODEL ESTIMATION TERMINATED NORMALLY



MODEL FIT INFORMATION

Number of Free Parameters                       24

Loglikelihood

          H0 Value                       -2409.758
          H0 Scaling Correction Factor      0.9775
            for MLR

Information Criteria

          Akaike (AIC)                    4867.516
          Bayesian (BIC)                  4952.031
          Sample-Size Adjusted BIC        4875.949
            (n* = (n + 2) / 24)



MODEL RESULTS

                                                    Two-Tailed
                    Estimate       S.E.  Est./S.E.    P-Value

 ETA1     BY
    X1                 1.000      0.000    999.000    999.000
    X2                 0.813      0.080     10.173      0.000
    X3                 0.822      0.081     10.190      0.000

 ETA2     BY
    M1                 1.000      0.000    999.000    999.000
    M2                 0.931      0.118      7.857      0.000
    M3                 0.666      0.066     10.076      0.000

 Y          ON
    ETA1               0.290      0.072      4.038      0.000
    ETA2               0.383      0.071      5.387      0.000
    ETA3               0.367      0.063      5.866      0.000

 ETA2     WITH
    ETA1               0.031      0.080      0.389      0.697

 Intercepts
    X1                -0.008      0.083     -0.092      0.927
    X2                 0.115      0.072      1.588      0.112
    X3                 0.169      0.061      2.763      0.006
    M1                 0.057      0.086      0.663      0.507
    M2                -0.073      0.075     -0.982      0.326
    M3                 0.076      0.056      1.361      0.174
    Y                  0.120      0.065      1.857      0.063

 Variances
    ETA1               0.905      0.140      6.486      0.000
    ETA2               1.008      0.206      4.883      0.000

 Residual Variances
    X1                 0.816      0.112      7.312      0.000
    X2                 0.699      0.075      9.265      0.000
    X3                 0.314      0.055      5.694      0.000
    M1                 0.837      0.095      8.782      0.000
    M2                 0.530      0.089      5.930      0.000
    M3                 0.332      0.041      8.067      0.000
    Y                  0.741      0.068     10.831      0.000


QUALITY OF NUMERICAL RESULTS

     Condition Number for the Information Matrix              0.299E-03
       (ratio of smallest to largest eigenvalue)


STANDARDIZED MODEL RESULTS


STDYX Standardization

                                                    Two-Tailed
                    Estimate       S.E.  Est./S.E.    P-Value

 ETA1     BY
    X1                 0.725      0.041     17.574      0.000
    X2                 0.679      0.042     16.164      0.000
    X3                 0.813      0.036     22.576      0.000

 ETA2     BY
    M1                 0.739      0.045     16.401      0.000
    M2                 0.789      0.044     18.065      0.000
    M3                 0.758      0.040     18.805      0.000

 Y          ON
    ETA1               0.264      0.059      4.473      0.000
    ETA2               0.368      0.058      6.330      0.000
    ETA3               0.335      0.049      6.777      0.000

 ETA2     WITH
    ETA1               0.033      0.084      0.388      0.698

 Intercepts
    X1                -0.006      0.063     -0.092      0.927
    X2                 0.101      0.064      1.573      0.116
    X3                 0.175      0.064      2.729      0.006
    M1                 0.042      0.063      0.660      0.509
    M2                -0.062      0.063     -0.985      0.325
    M3                 0.086      0.063      1.358      0.174
    Y                  0.115      0.062      1.847      0.065

 Variances
    ETA1               1.000      0.000    999.000    999.000
    ETA2               1.000      0.000    999.000    999.000

 Residual Variances
    X1                 0.474      0.060      7.918      0.000
    X2                 0.539      0.057      9.449      0.000
    X3                 0.339      0.059      5.793      0.000
    M1                 0.454      0.067      6.811      0.000
    M2                 0.377      0.069      5.478      0.000
    M3                 0.426      0.061      6.984      0.000
    Y                  0.677      0.057     11.917      0.000


STDY Standardization

                                                    Two-Tailed
                    Estimate       S.E.  Est./S.E.    P-Value

 ETA1     BY
    X1                 0.725      0.041     17.574      0.000
    X2                 0.679      0.042     16.164      0.000
    X3                 0.813      0.036     22.576      0.000

 ETA2     BY
    M1                 0.739      0.045     16.401      0.000
    M2                 0.789      0.044     18.065      0.000
    M3                 0.758      0.040     18.805      0.000

 Y          ON
    ETA1               0.264      0.059      4.473      0.000
    ETA2               0.368      0.058      6.330      0.000
    ETA3               0.335      0.049      6.777      0.000

 ETA2     WITH
    ETA1               0.033      0.084      0.388      0.698

 Intercepts
    X1                -0.006      0.063     -0.092      0.927
    X2                 0.101      0.064      1.573      0.116
    X3                 0.175      0.064      2.729      0.006
    M1                 0.042      0.063      0.660      0.509
    M2                -0.062      0.063     -0.985      0.325
    M3                 0.086      0.063      1.358      0.174
    Y                  0.115      0.062      1.847      0.065

 Variances
    ETA1               1.000      0.000    999.000    999.000
    ETA2               1.000      0.000    999.000    999.000

 Residual Variances
    X1                 0.474      0.060      7.918      0.000
    X2                 0.539      0.057      9.449      0.000
    X3                 0.339      0.059      5.793      0.000
    M1                 0.454      0.067      6.811      0.000
    M2                 0.377      0.069      5.478      0.000
    M3                 0.426      0.061      6.984      0.000
    Y                  0.677      0.057     11.917      0.000


STD Standardization

                                                    Two-Tailed
                    Estimate       S.E.  Est./S.E.    P-Value

 ETA1     BY
    X1                 0.951      0.073     12.972      0.000
    X2                 0.773      0.063     12.257      0.000
    X3                 0.782      0.051     15.254      0.000

 ETA2     BY
    M1                 1.004      0.103      9.765      0.000
    M2                 0.934      0.079     11.776      0.000
    M3                 0.669      0.062     10.852      0.000

 Y          ON
    ETA1               0.276      0.063      4.391      0.000
    ETA2               0.385      0.067      5.721      0.000
    ETA3               0.351      0.057      6.120      0.000

 ETA2     WITH
    ETA1               0.033      0.084      0.388      0.698

 Intercepts
    X1                -0.008      0.083     -0.092      0.927
    X2                 0.115      0.072      1.588      0.112
    X3                 0.169      0.061      2.763      0.006
    M1                 0.057      0.086      0.663      0.507
    M2                -0.073      0.075     -0.982      0.326
    M3                 0.076      0.056      1.361      0.174
    Y                  0.120      0.065      1.857      0.063

 Variances
    ETA1               1.000      0.000    999.000    999.000
    ETA2               1.000      0.000    999.000    999.000

 Residual Variances
    X1                 0.816      0.112      7.312      0.000
    X2                 0.699      0.075      9.265      0.000
    X3                 0.314      0.055      5.694      0.000
    M1                 0.837      0.095      8.782      0.000
    M2                 0.530      0.089      5.930      0.000
    M3                 0.332      0.041      8.067      0.000
    Y                  0.741      0.068     10.831      0.000


R-SQUARE

    Observed                                        Two-Tailed
    Variable        Estimate       S.E.  Est./S.E.    P-Value

    X1                 0.526      0.060      8.787      0.000
    X2                 0.461      0.057      8.082      0.000
    X3                 0.661      0.059     11.288      0.000
    M1                 0.546      0.067      8.200      0.000
    M2                 0.623      0.069      9.033      0.000
    M3                 0.574      0.061      9.403      0.000
    Y                  0.323      0.057      5.698      0.000


TECHNICAL 1 OUTPUT


     PARAMETER SPECIFICATION


           NU
              X1            X2            X3            M1            M2
              ________      ________      ________      ________      ________
                    1             2             3             4             5


           NU
              M3            Y
              ________      ________
                    6             0


           LAMBDA
              ETA1          ETA2          ETA3          Y
              ________      ________      ________      ________
 X1                 0             0             0             0
 X2                 7             0             0             0
 X3                 8             0             0             0
 M1                 0             0             0             0
 M2                 0             9             0             0
 M3                 0            10             0             0
 Y                  0             0             0             0


           THETA
              X1            X2            X3            M1            M2
              ________      ________      ________      ________      ________
 X1                11
 X2                 0            12
 X3                 0             0            13
 M1                 0             0             0            14
 M2                 0             0             0             0            15
 M3                 0             0             0             0             0
 Y                  0             0             0             0             0


           THETA
              M3            Y
              ________      ________
 M3                16
 Y                  0             0


           ALPHA
              ETA1          ETA2          ETA3          Y
              ________      ________      ________      ________
                    0             0             0            17


           BETA
              ETA1          ETA2          ETA3          Y
              ________      ________      ________      ________
 ETA1               0             0             0             0
 ETA2               0             0             0             0
 ETA3               0             0             0             0
 Y                 18            19            20             0


           PSI
              ETA1          ETA2          ETA3          Y
              ________      ________      ________      ________
 ETA1              21
 ETA2              22            23
 ETA3               0             0             0
 Y                  0             0             0            24


     STARTING VALUES


           NU
              X1            X2            X3            M1            M2
              ________      ________      ________      ________      ________
               -0.008         0.115         0.169         0.057        -0.074


           NU
              M3            Y
              ________      ________
                0.076         0.000


           LAMBDA
              ETA1          ETA2          ETA3          Y
              ________      ________      ________      ________
 X1             1.000         0.000         0.000         0.000
 X2             1.000         0.000         0.000         0.000
 X3             1.000         0.000         0.000         0.000
 M1             0.000         1.000         0.000         0.000
 M2             0.000         1.000         0.000         0.000
 M3             0.000         1.000         0.000         0.000
 Y              0.000         0.000         0.000         1.000


           THETA
              X1            X2            X3            M1            M2
              ________      ________      ________      ________      ________
 X1             0.861
 X2             0.000         0.648
 X3             0.000         0.000         0.462
 M1             0.000         0.000         0.000         0.924
 M2             0.000         0.000         0.000         0.000         0.701
 M3             0.000         0.000         0.000         0.000         0.000
 Y              0.000         0.000         0.000         0.000         0.000


           THETA
              M3            Y
              ________      ________
 M3             0.390
 Y              0.000         0.000


           ALPHA
              ETA1          ETA2          ETA3          Y
              ________      ________      ________      ________
                0.000         0.000         0.000         0.131


           BETA
              ETA1          ETA2          ETA3          Y
              ________      ________      ________      ________
 ETA1           0.000         0.000         0.000         0.000
 ETA2           0.000         0.000         0.000         0.000
 ETA3           0.000         0.000         0.000         0.000
 Y              0.000         0.000         0.000         0.000


           PSI
              ETA1          ETA2          ETA3          Y
              ________      ________      ________      ________
 ETA1           0.050
 ETA2           0.000         0.050
 ETA3           0.000         0.000         0.000
 Y              0.000         0.000         0.000         0.563


TECHNICAL 4 OUTPUT


     ESTIMATES DERIVED FROM THE MODEL


           ESTIMATED MEANS FOR THE LATENT VARIABLES
              ETA1          ETA2          ETA3          Y
              ________      ________      ________      ________
                0.000         0.000         0.031         0.131


           S.E. FOR ESTIMATED MEANS FOR THE LATENT VARIABLES
              ETA1          ETA2          ETA3          Y
              ________      ________      ________      ________
                0.000         0.000         0.080         0.067


           EST./S.E. FOR ESTIMATED MEANS FOR THE LATENT VARIABLES
              ETA1          ETA2          ETA3          Y
              ________      ________      ________      ________
                0.000         0.000         0.389         1.959


           TWO-TAILED P-VALUE FOR ESTIMATED MEANS FOR THE LATENT VARIABLES
              ETA1          ETA2          ETA3          Y
              ________      ________      ________      ________
                1.000         1.000         0.697         0.050


           ESTIMATED COVARIANCE MATRIX FOR THE LATENT VARIABLES
              ETA1          ETA2          ETA3          Y
              ________      ________      ________      ________
 ETA1           0.905
 ETA2           0.031         1.008
 ETA3           0.000         0.000         0.914
 Y              0.275         0.395         0.335         1.095


           S.E. FOR ESTIMATED COVARIANCE MATRIX FOR THE LATENT VARIABLES
              ETA1          ETA2          ETA3          Y
              ________      ________      ________      ________
 ETA1           0.140
 ETA2           0.080         0.206
 ETA3           0.000         0.000         0.246
 Y              0.071         0.085         0.082         0.093


           EST./S.E. FOR ESTIMATED COVARIANCE MATRIX FOR THE LATENT VARIABLES
              ETA1          ETA2          ETA3          Y
              ________      ________      ________      ________
 ETA1           6.486
 ETA2           0.389         4.883
 ETA3           0.000         0.000         3.711
 Y              3.865         4.661         4.068        11.785


           TWO-TAILED P-VALUE FOR ESTIMATED COVARIANCE MATRIX FOR THE LATENT VARIABLES
              ETA1          ETA2          ETA3          Y
              ________      ________      ________      ________
 ETA1           0.000
 ETA2           0.697         0.000
 ETA3           1.000         1.000         0.000
 Y              0.000         0.000         0.000         0.000


           ESTIMATED CORRELATION MATRIX FOR THE LATENT VARIABLES
              ETA1          ETA2          ETA3          Y
              ________      ________      ________      ________
 ETA1           1.000
 ETA2           0.033         1.000
 ETA3           0.000         0.000         1.000
 Y              0.276         0.376         0.335         1.000


           S.E. FOR ESTIMATED CORRELATION MATRIX FOR THE LATENT VARIABLES
              ETA1          ETA2          ETA3          Y
              ________      ________      ________      ________
 ETA1           0.000
 ETA2           0.084         0.000
 ETA3           0.000         0.000         0.000
 Y              0.067         0.060         0.049         0.000


           EST./S.E. FOR ESTIMATED CORRELATION MATRIX FOR THE LATENT VARIABLES
              ETA1          ETA2          ETA3          Y
              ________      ________      ________      ________
 ETA1         999.000
 ETA2           0.388       999.000
 ETA3           0.000         0.000       999.000
 Y              4.104         6.269         6.798       999.000


           TWO-TAILED P-VALUE FOR ESTIMATED CORRELATION MATRIX FOR THE LATENT VARIABLES
              ETA1          ETA2          ETA3          Y
              ________      ________      ________      ________
 ETA1           0.000
 ETA2           0.698         0.000
 ETA3           1.000         1.000         0.000
 Y              0.000         0.000         0.000         0.000


     Beginning Time:  23:27:36
        Ending Time:  23:28:23
       Elapsed Time:  00:00:47



MUTHEN & MUTHEN
3463 Stoner Ave.
Los Angeles, CA  90066

Tel: (310) 391-9971
Fax: (310) 391-8971
Web: www.StatModel.com
Support: Support@StatModel.com

Copyright (c) 1998-2022 Muthen & Muthen
