Mplus VERSION 8.8 (Mac)
MUTHEN & MUTHEN
08/20/2024  10:49 PM

INPUT INSTRUCTIONS

  TITLE: Data Analysis for SEM with Latent Interaction

  DATA:
    FILE = /Users/jimmy_z/desktop/Temp_Data/temp_data_307.dat;
    FORMAT = FREE;

  VARIABLE:
    NAMES ARE x1 x2 x3 m1 m2 m3 y;
    USEVARIABLES ARE x1 x2 x3 m1 m2 m3 y;

  ANALYSIS:
    TYPE = RANDOM;
    ESTIMATOR = MLR;
    ALGORITHM = INTEGRATION;
    INTEGRATION = MONTECARLO;

  MODEL:
    eta1 BY x1 x2 x3;
    eta2 BY m1 m2 m3;
    eta3 | eta1 XWITH eta2;
    y ON eta1 eta2 eta3;

  OUTPUT:
    STANDARDIZED;
    TECH1;
    TECH4;





INPUT READING TERMINATED NORMALLY



Data Analysis for SEM with Latent Interaction

SUMMARY OF ANALYSIS

Number of groups                                                 1
Number of observations                                         250

Number of dependent variables                                    7
Number of independent variables                                  0
Number of continuous latent variables                            3

Observed dependent variables

  Continuous
   X1          X2          X3          M1          M2          M3
   Y

Continuous latent variables
   ETA1        ETA2        ETA3


Estimator                                                      MLR
Information matrix                                        OBSERVED
Optimization Specifications for the Quasi-Newton Algorithm for
Continuous Outcomes
  Maximum number of iterations                                 100
  Convergence criterion                                  0.100D-05
Optimization Specifications for the EM Algorithm
  Maximum number of iterations                                 500
  Convergence criteria
    Loglikelihood change                                 0.100D-02
    Relative loglikelihood change                        0.100D-05
    Derivative                                           0.100D-02
Optimization Specifications for the M step of the EM Algorithm for
Categorical Latent variables
  Number of M step iterations                                    1
  M step convergence criterion                           0.100D-02
  Basis for M step termination                           ITERATION
Optimization Specifications for the M step of the EM Algorithm for
Censored, Binary or Ordered Categorical (Ordinal), Unordered
Categorical (Nominal) and Count Outcomes
  Number of M step iterations                                    1
  M step convergence criterion                           0.100D-02
  Basis for M step termination                           ITERATION
  Maximum value for logit thresholds                            15
  Minimum value for logit thresholds                           -15
  Minimum expected cell size for chi-square              0.100D-01
Optimization algorithm                                         EMA
Integration Specifications
  Type                                                  MONTECARLO
  Number of integration points                                2000
  Dimensions of numerical integration                            2
  Adaptive quadrature                                           ON
  Monte Carlo integration seed                                   0
Cholesky                                                       OFF

Input data file(s)
  /Users/jimmy_z/desktop/Temp_Data/temp_data_307.dat
Input data format  FREE



UNIVARIATE SAMPLE STATISTICS


     UNIVARIATE HIGHER-ORDER MOMENT DESCRIPTIVE STATISTICS

         Variable/         Mean/     Skewness/   Minimum/ % with                Percentiles
        Sample Size      Variance    Kurtosis    Maximum  Min/Max      20%/60%    40%/80%    Median

     X1                   -0.128       0.110      -4.325    0.40%      -1.491     -0.611     -0.055
             250.000       2.383      -0.292       4.082    0.40%       0.269      1.140
     X2                   -0.040       0.036      -3.670    0.40%      -1.204     -0.460     -0.043
             250.000       1.791      -0.306       3.729    0.40%       0.303      1.076
     X3                    0.038       0.176      -2.860    0.40%      -0.895     -0.315     -0.024
             250.000       1.154      -0.236       3.420    0.40%       0.181      1.042
     M1                   -0.108      -0.011      -4.149    0.40%      -1.251     -0.510     -0.103
             250.000       2.042       0.039       4.445    0.40%       0.193      1.175
     M2                   -0.024       0.094      -3.704    0.40%      -1.236     -0.417     -0.139
             250.000       2.002      -0.234       3.676    0.40%       0.329      1.102
     M3                    0.122       0.340      -3.167    0.40%      -0.754     -0.166      0.062
             250.000       1.114       0.720       4.163    0.40%       0.330      0.920
     Y                     0.017       0.194      -1.954    0.40%      -0.758     -0.232      0.053
             250.000       0.742       0.112       3.075    0.40%       0.214      0.775


THE MODEL ESTIMATION TERMINATED NORMALLY



MODEL FIT INFORMATION

Number of Free Parameters                       24

Loglikelihood

          H0 Value                       -2696.693
          H0 Scaling Correction Factor      1.0105
            for MLR

Information Criteria

          Akaike (AIC)                    5441.387
          Bayesian (BIC)                  5525.902
          Sample-Size Adjusted BIC        5449.820
            (n* = (n + 2) / 24)



MODEL RESULTS

                                                    Two-Tailed
                    Estimate       S.E.  Est./S.E.    P-Value

 ETA1     BY
    X1                 1.000      0.000    999.000    999.000
    X2                 0.707      0.116      6.080      0.000
    X3                 0.673      0.090      7.506      0.000

 ETA2     BY
    M1                 1.000      0.000    999.000    999.000
    M2                 1.243      0.207      6.006      0.000
    M3                 0.842      0.135      6.255      0.000

 Y          ON
    ETA1               0.301      0.071      4.228      0.000
    ETA2               0.230      0.088      2.600      0.009
    ETA3               0.295      0.097      3.049      0.002

 ETA2     WITH
    ETA1              -0.078      0.085     -0.917      0.359

 Intercepts
    X1                -0.129      0.097     -1.322      0.186
    X2                -0.041      0.085     -0.480      0.631
    X3                 0.037      0.068      0.550      0.582
    M1                -0.107      0.090     -1.187      0.235
    M2                -0.023      0.090     -0.261      0.794
    M3                 0.122      0.067      1.825      0.068
    Y                  0.040      0.055      0.729      0.466

 Variances
    ETA1               1.177      0.234      5.022      0.000
    ETA2               0.632      0.160      3.961      0.000

 Residual Variances
    X1                 1.205      0.188      6.403      0.000
    X2                 1.202      0.142      8.473      0.000
    X3                 0.621      0.086      7.193      0.000
    M1                 1.415      0.153      9.272      0.000
    M2                 1.026      0.189      5.430      0.000
    M3                 0.666      0.100      6.667      0.000
    Y                  0.550      0.061      9.062      0.000


QUALITY OF NUMERICAL RESULTS

     Condition Number for the Information Matrix              0.180E-01
       (ratio of smallest to largest eigenvalue)


STANDARDIZED MODEL RESULTS


STDYX Standardization

                                                    Two-Tailed
                    Estimate       S.E.  Est./S.E.    P-Value

 ETA1     BY
    X1                 0.703      0.056     12.447      0.000
    X2                 0.573      0.059      9.798      0.000
    X3                 0.679      0.057     12.006      0.000

 ETA2     BY
    M1                 0.556      0.058      9.532      0.000
    M2                 0.698      0.068     10.304      0.000
    M3                 0.634      0.065      9.824      0.000

 Y          ON
    ETA1               0.378      0.073      5.183      0.000
    ETA2               0.212      0.074      2.877      0.004
    ETA3               0.295      0.086      3.422      0.001

 ETA2     WITH
    ETA1              -0.090      0.099     -0.910      0.363

 Intercepts
    X1                -0.083      0.063     -1.315      0.189
    X2                -0.030      0.063     -0.479      0.632
    X3                 0.035      0.063      0.551      0.581
    M1                -0.075      0.063     -1.185      0.236
    M2                -0.017      0.063     -0.261      0.794
    M3                 0.115      0.062      1.853      0.064
    Y                  0.047      0.064      0.731      0.465

 Variances
    ETA1               1.000      0.000    999.000    999.000
    ETA2               1.000      0.000    999.000    999.000

 Residual Variances
    X1                 0.506      0.079      6.371      0.000
    X2                 0.671      0.067      9.996      0.000
    X3                 0.539      0.077      7.007      0.000
    M1                 0.691      0.065     10.668      0.000
    M2                 0.512      0.095      5.411      0.000
    M3                 0.598      0.082      7.305      0.000
    Y                  0.739      0.075      9.867      0.000


STDY Standardization

                                                    Two-Tailed
                    Estimate       S.E.  Est./S.E.    P-Value

 ETA1     BY
    X1                 0.703      0.056     12.447      0.000
    X2                 0.573      0.059      9.798      0.000
    X3                 0.679      0.057     12.006      0.000

 ETA2     BY
    M1                 0.556      0.058      9.532      0.000
    M2                 0.698      0.068     10.304      0.000
    M3                 0.634      0.065      9.824      0.000

 Y          ON
    ETA1               0.378      0.073      5.183      0.000
    ETA2               0.212      0.074      2.877      0.004
    ETA3               0.295      0.086      3.422      0.001

 ETA2     WITH
    ETA1              -0.090      0.099     -0.910      0.363

 Intercepts
    X1                -0.083      0.063     -1.315      0.189
    X2                -0.030      0.063     -0.479      0.632
    X3                 0.035      0.063      0.551      0.581
    M1                -0.075      0.063     -1.185      0.236
    M2                -0.017      0.063     -0.261      0.794
    M3                 0.115      0.062      1.853      0.064
    Y                  0.047      0.064      0.731      0.465

 Variances
    ETA1               1.000      0.000    999.000    999.000
    ETA2               1.000      0.000    999.000    999.000

 Residual Variances
    X1                 0.506      0.079      6.371      0.000
    X2                 0.671      0.067      9.996      0.000
    X3                 0.539      0.077      7.007      0.000
    M1                 0.691      0.065     10.668      0.000
    M2                 0.512      0.095      5.411      0.000
    M3                 0.598      0.082      7.305      0.000
    Y                  0.739      0.075      9.867      0.000


STD Standardization

                                                    Two-Tailed
                    Estimate       S.E.  Est./S.E.    P-Value

 ETA1     BY
    X1                 1.085      0.108     10.044      0.000
    X2                 0.767      0.089      8.585      0.000
    X3                 0.730      0.077      9.508      0.000

 ETA2     BY
    M1                 0.795      0.100      7.922      0.000
    M2                 0.988      0.113      8.735      0.000
    M3                 0.669      0.084      7.973      0.000

 Y          ON
    ETA1               0.326      0.067      4.866      0.000
    ETA2               0.183      0.064      2.853      0.004
    ETA3               0.255      0.078      3.259      0.001

 ETA2     WITH
    ETA1              -0.090      0.099     -0.910      0.363

 Intercepts
    X1                -0.129      0.097     -1.322      0.186
    X2                -0.041      0.085     -0.480      0.631
    X3                 0.037      0.068      0.550      0.582
    M1                -0.107      0.090     -1.187      0.235
    M2                -0.023      0.090     -0.261      0.794
    M3                 0.122      0.067      1.825      0.068
    Y                  0.040      0.055      0.729      0.466

 Variances
    ETA1               1.000      0.000    999.000    999.000
    ETA2               1.000      0.000    999.000    999.000

 Residual Variances
    X1                 1.205      0.188      6.403      0.000
    X2                 1.202      0.142      8.473      0.000
    X3                 0.621      0.086      7.193      0.000
    M1                 1.415      0.153      9.272      0.000
    M2                 1.026      0.189      5.430      0.000
    M3                 0.666      0.100      6.667      0.000
    Y                  0.550      0.061      9.062      0.000


R-SQUARE

    Observed                                        Two-Tailed
    Variable        Estimate       S.E.  Est./S.E.    P-Value

    X1                 0.494      0.079      6.223      0.000
    X2                 0.329      0.067      4.899      0.000
    X3                 0.461      0.077      6.003      0.000
    M1                 0.309      0.065      4.766      0.000
    M2                 0.488      0.095      5.152      0.000
    M3                 0.402      0.082      4.912      0.000
    Y                  0.261      0.075      3.492      0.000


TECHNICAL 1 OUTPUT


     PARAMETER SPECIFICATION


           NU
              X1            X2            X3            M1            M2
              ________      ________      ________      ________      ________
                    1             2             3             4             5


           NU
              M3            Y
              ________      ________
                    6             0


           LAMBDA
              ETA1          ETA2          ETA3          Y
              ________      ________      ________      ________
 X1                 0             0             0             0
 X2                 7             0             0             0
 X3                 8             0             0             0
 M1                 0             0             0             0
 M2                 0             9             0             0
 M3                 0            10             0             0
 Y                  0             0             0             0


           THETA
              X1            X2            X3            M1            M2
              ________      ________      ________      ________      ________
 X1                11
 X2                 0            12
 X3                 0             0            13
 M1                 0             0             0            14
 M2                 0             0             0             0            15
 M3                 0             0             0             0             0
 Y                  0             0             0             0             0


           THETA
              M3            Y
              ________      ________
 M3                16
 Y                  0             0


           ALPHA
              ETA1          ETA2          ETA3          Y
              ________      ________      ________      ________
                    0             0             0            17


           BETA
              ETA1          ETA2          ETA3          Y
              ________      ________      ________      ________
 ETA1               0             0             0             0
 ETA2               0             0             0             0
 ETA3               0             0             0             0
 Y                 18            19            20             0


           PSI
              ETA1          ETA2          ETA3          Y
              ________      ________      ________      ________
 ETA1              21
 ETA2              22            23
 ETA3               0             0             0
 Y                  0             0             0            24


     STARTING VALUES


           NU
              X1            X2            X3            M1            M2
              ________      ________      ________      ________      ________
               -0.128        -0.040         0.038        -0.108        -0.024


           NU
              M3            Y
              ________      ________
                0.122         0.000


           LAMBDA
              ETA1          ETA2          ETA3          Y
              ________      ________      ________      ________
 X1             1.000         0.000         0.000         0.000
 X2             1.000         0.000         0.000         0.000
 X3             1.000         0.000         0.000         0.000
 M1             0.000         1.000         0.000         0.000
 M2             0.000         1.000         0.000         0.000
 M3             0.000         1.000         0.000         0.000
 Y              0.000         0.000         0.000         1.000


           THETA
              X1            X2            X3            M1            M2
              ________      ________      ________      ________      ________
 X1             1.192
 X2             0.000         0.896
 X3             0.000         0.000         0.577
 M1             0.000         0.000         0.000         1.021
 M2             0.000         0.000         0.000         0.000         1.001
 M3             0.000         0.000         0.000         0.000         0.000
 Y              0.000         0.000         0.000         0.000         0.000


           THETA
              M3            Y
              ________      ________
 M3             0.557
 Y              0.000         0.000


           ALPHA
              ETA1          ETA2          ETA3          Y
              ________      ________      ________      ________
                0.000         0.000         0.000         0.017


           BETA
              ETA1          ETA2          ETA3          Y
              ________      ________      ________      ________
 ETA1           0.000         0.000         0.000         0.000
 ETA2           0.000         0.000         0.000         0.000
 ETA3           0.000         0.000         0.000         0.000
 Y              0.000         0.000         0.000         0.000


           PSI
              ETA1          ETA2          ETA3          Y
              ________      ________      ________      ________
 ETA1           0.050
 ETA2           0.000         0.050
 ETA3           0.000         0.000         0.000
 Y              0.000         0.000         0.000         0.371


TECHNICAL 4 OUTPUT


     ESTIMATES DERIVED FROM THE MODEL


           ESTIMATED MEANS FOR THE LATENT VARIABLES
              ETA1          ETA2          ETA3          Y
              ________      ________      ________      ________
                0.000         0.000        -0.078         0.017


           S.E. FOR ESTIMATED MEANS FOR THE LATENT VARIABLES
              ETA1          ETA2          ETA3          Y
              ________      ________      ________      ________
                0.000         0.000         0.085         0.054


           EST./S.E. FOR ESTIMATED MEANS FOR THE LATENT VARIABLES
              ETA1          ETA2          ETA3          Y
              ________      ________      ________      ________
                0.000         0.000        -0.917         0.316


           TWO-TAILED P-VALUE FOR ESTIMATED MEANS FOR THE LATENT VARIABLES
              ETA1          ETA2          ETA3          Y
              ________      ________      ________      ________
                1.000         1.000         0.359         0.752


           ESTIMATED COVARIANCE MATRIX FOR THE LATENT VARIABLES
              ETA1          ETA2          ETA3          Y
              ________      ________      ________      ________
 ETA1           1.177
 ETA2          -0.078         0.632
 ETA3           0.000         0.000         0.750
 Y              0.336         0.122         0.221         0.744


           S.E. FOR ESTIMATED COVARIANCE MATRIX FOR THE LATENT VARIABLES
              ETA1          ETA2          ETA3          Y
              ________      ________      ________      ________
 ETA1           0.234
 ETA2           0.085         0.160
 ETA3           0.000         0.000         0.243
 Y              0.076         0.052         0.079         0.067


           EST./S.E. FOR ESTIMATED COVARIANCE MATRIX FOR THE LATENT VARIABLES
              ETA1          ETA2          ETA3          Y
              ________      ________      ________      ________
 ETA1           5.022
 ETA2          -0.917         3.961
 ETA3           0.000         0.000         3.091
 Y              4.431         2.321         2.804        11.093


           TWO-TAILED P-VALUE FOR ESTIMATED COVARIANCE MATRIX FOR THE LATENT VARIABLES
              ETA1          ETA2          ETA3          Y
              ________      ________      ________      ________
 ETA1           0.000
 ETA2           0.359         0.000
 ETA3           1.000         1.000         0.002
 Y              0.000         0.020         0.005         0.000


           ESTIMATED CORRELATION MATRIX FOR THE LATENT VARIABLES
              ETA1          ETA2          ETA3          Y
              ________      ________      ________      ________
 ETA1           1.000
 ETA2          -0.090         1.000
 ETA3           0.000         0.000         1.000
 Y              0.359         0.177         0.296         1.000


           S.E. FOR ESTIMATED CORRELATION MATRIX FOR THE LATENT VARIABLES
              ETA1          ETA2          ETA3          Y
              ________      ________      ________      ________
 ETA1           0.000
 ETA2           0.099         0.000
 ETA3           0.000         0.000         0.000
 Y              0.069         0.073         0.085         0.000


           EST./S.E. FOR ESTIMATED CORRELATION MATRIX FOR THE LATENT VARIABLES
              ETA1          ETA2          ETA3          Y
              ________      ________      ________      ________
 ETA1         999.000
 ETA2          -0.910       999.000
 ETA3           0.000         0.000       999.000
 Y              5.224         2.429         3.477       999.000


           TWO-TAILED P-VALUE FOR ESTIMATED CORRELATION MATRIX FOR THE LATENT VARIABLES
              ETA1          ETA2          ETA3          Y
              ________      ________      ________      ________
 ETA1           0.000
 ETA2           0.363         0.000
 ETA3           1.000         1.000         0.000
 Y              0.000         0.015         0.001         0.000


     Beginning Time:  22:49:35
        Ending Time:  22:50:37
       Elapsed Time:  00:01:02



MUTHEN & MUTHEN
3463 Stoner Ave.
Los Angeles, CA  90066

Tel: (310) 391-9971
Fax: (310) 391-8971
Web: www.StatModel.com
Support: Support@StatModel.com

Copyright (c) 1998-2022 Muthen & Muthen
