Mplus VERSION 8.8 (Mac)
MUTHEN & MUTHEN
08/20/2024  11:21 PM

INPUT INSTRUCTIONS

  TITLE: Data Analysis for SEM with Latent Interaction

  DATA:
    FILE = /Users/jimmy_z/desktop/Temp_Data/temp_data_477.dat;
    FORMAT = FREE;

  VARIABLE:
    NAMES ARE x1 x2 x3 m1 m2 m3 y;
    USEVARIABLES ARE x1 x2 x3 m1 m2 m3 y;

  ANALYSIS:
    TYPE = RANDOM;
    ESTIMATOR = MLR;
    ALGORITHM = INTEGRATION;
    INTEGRATION = MONTECARLO;

  MODEL:
    eta1 BY x1 x2 x3;
    eta2 BY m1 m2 m3;
    eta3 | eta1 XWITH eta2;
    y ON eta1 eta2 eta3;

  OUTPUT:
    STANDARDIZED;
    TECH1;
    TECH4;





INPUT READING TERMINATED NORMALLY



Data Analysis for SEM with Latent Interaction

SUMMARY OF ANALYSIS

Number of groups                                                 1
Number of observations                                         250

Number of dependent variables                                    7
Number of independent variables                                  0
Number of continuous latent variables                            3

Observed dependent variables

  Continuous
   X1          X2          X3          M1          M2          M3
   Y

Continuous latent variables
   ETA1        ETA2        ETA3


Estimator                                                      MLR
Information matrix                                        OBSERVED
Optimization Specifications for the Quasi-Newton Algorithm for
Continuous Outcomes
  Maximum number of iterations                                 100
  Convergence criterion                                  0.100D-05
Optimization Specifications for the EM Algorithm
  Maximum number of iterations                                 500
  Convergence criteria
    Loglikelihood change                                 0.100D-02
    Relative loglikelihood change                        0.100D-05
    Derivative                                           0.100D-02
Optimization Specifications for the M step of the EM Algorithm for
Categorical Latent variables
  Number of M step iterations                                    1
  M step convergence criterion                           0.100D-02
  Basis for M step termination                           ITERATION
Optimization Specifications for the M step of the EM Algorithm for
Censored, Binary or Ordered Categorical (Ordinal), Unordered
Categorical (Nominal) and Count Outcomes
  Number of M step iterations                                    1
  M step convergence criterion                           0.100D-02
  Basis for M step termination                           ITERATION
  Maximum value for logit thresholds                            15
  Minimum value for logit thresholds                           -15
  Minimum expected cell size for chi-square              0.100D-01
Optimization algorithm                                         EMA
Integration Specifications
  Type                                                  MONTECARLO
  Number of integration points                                2000
  Dimensions of numerical integration                            2
  Adaptive quadrature                                           ON
  Monte Carlo integration seed                                   0
Cholesky                                                       OFF

Input data file(s)
  /Users/jimmy_z/desktop/Temp_Data/temp_data_477.dat
Input data format  FREE



UNIVARIATE SAMPLE STATISTICS


     UNIVARIATE HIGHER-ORDER MOMENT DESCRIPTIVE STATISTICS

         Variable/         Mean/     Skewness/   Minimum/ % with                Percentiles
        Sample Size      Variance    Kurtosis    Maximum  Min/Max      20%/60%    40%/80%    Median

     X1                    0.044       0.062      -4.214    0.40%      -1.424     -0.364     -0.020
             250.000       2.407      -0.033       4.783    0.40%       0.405      1.394
     X2                    0.051      -0.072      -3.515    0.40%      -1.236     -0.390     -0.021
             250.000       1.942      -0.530       3.043    0.40%       0.328      1.398
     X3                    0.077       0.164      -2.870    0.40%      -0.877     -0.226      0.042
             250.000       1.184      -0.206       2.767    0.40%       0.328      0.891
     M1                   -0.213       0.266      -3.891    0.40%      -1.485     -0.708     -0.303
             250.000       2.094      -0.198       4.026    0.40%       0.079      0.908
     M2                   -0.024       0.091      -3.162    0.40%      -1.015     -0.347     -0.128
             250.000       1.609      -0.214       3.336    0.40%       0.198      1.057
     M3                   -0.018       0.066      -2.557    0.40%      -0.992     -0.348     -0.120
             250.000       1.189      -0.474       2.895    0.40%       0.290      0.965
     Y                    -0.085      -0.015      -2.647    0.40%      -0.961     -0.349     -0.103
             250.000       0.991      -0.419       2.213    0.40%       0.155      0.755


THE MODEL ESTIMATION TERMINATED NORMALLY



MODEL FIT INFORMATION

Number of Free Parameters                       24

Loglikelihood

          H0 Value                       -2715.917
          H0 Scaling Correction Factor      0.9397
            for MLR

Information Criteria

          Akaike (AIC)                    5479.834
          Bayesian (BIC)                  5564.349
          Sample-Size Adjusted BIC        5488.267
            (n* = (n + 2) / 24)



MODEL RESULTS

                                                    Two-Tailed
                    Estimate       S.E.  Est./S.E.    P-Value

 ETA1     BY
    X1                 1.000      0.000    999.000    999.000
    X2                 1.078      0.153      7.048      0.000
    X3                 0.697      0.101      6.874      0.000

 ETA2     BY
    M1                 1.000      0.000    999.000    999.000
    M2                 0.805      0.118      6.818      0.000
    M3                 0.627      0.094      6.675      0.000

 Y          ON
    ETA1               0.321      0.082      3.934      0.000
    ETA2               0.279      0.075      3.723      0.000
    ETA3               0.273      0.082      3.344      0.001

 ETA2     WITH
    ETA1               0.084      0.085      0.986      0.324

 Intercepts
    X1                 0.043      0.098      0.439      0.661
    X2                 0.050      0.088      0.567      0.571
    X3                 0.077      0.069      1.115      0.265
    M1                -0.212      0.091     -2.319      0.020
    M2                -0.023      0.080     -0.288      0.773
    M3                -0.017      0.069     -0.250      0.803
    Y                 -0.108      0.065     -1.663      0.096

 Variances
    ETA1               0.954      0.198      4.831      0.000
    ETA2               1.060      0.215      4.923      0.000

 Residual Variances
    X1                 1.461      0.179      8.161      0.000
    X2                 0.834      0.162      5.144      0.000
    X3                 0.720      0.087      8.277      0.000
    M1                 1.036      0.163      6.346      0.000
    M2                 0.921      0.112      8.211      0.000
    M3                 0.772      0.087      8.827      0.000
    Y                  0.746      0.075      9.978      0.000


QUALITY OF NUMERICAL RESULTS

     Condition Number for the Information Matrix              0.258E-01
       (ratio of smallest to largest eigenvalue)


STANDARDIZED MODEL RESULTS


STDYX Standardization

                                                    Two-Tailed
                    Estimate       S.E.  Est./S.E.    P-Value

 ETA1     BY
    X1                 0.629      0.052     11.981      0.000
    X2                 0.756      0.056     13.424      0.000
    X3                 0.626      0.055     11.306      0.000

 ETA2     BY
    M1                 0.711      0.057     12.544      0.000
    M2                 0.654      0.054     12.176      0.000
    M3                 0.593      0.054     10.904      0.000

 Y          ON
    ETA1               0.311      0.068      4.565      0.000
    ETA2               0.285      0.066      4.329      0.000
    ETA3               0.272      0.077      3.551      0.000

 ETA2     WITH
    ETA1               0.084      0.086      0.972      0.331

 Intercepts
    X1                 0.028      0.063      0.439      0.661
    X2                 0.036      0.063      0.566      0.572
    X3                 0.071      0.063      1.121      0.262
    M1                -0.147      0.065     -2.264      0.024
    M2                -0.018      0.063     -0.288      0.773
    M3                -0.016      0.063     -0.250      0.803
    Y                 -0.107      0.064     -1.664      0.096

 Variances
    ETA1               1.000      0.000    999.000    999.000
    ETA2               1.000      0.000    999.000    999.000

 Residual Variances
    X1                 0.605      0.066      9.168      0.000
    X2                 0.429      0.085      5.046      0.000
    X3                 0.609      0.069      8.786      0.000
    M1                 0.494      0.081      6.127      0.000
    M2                 0.573      0.070      8.159      0.000
    M3                 0.649      0.064     10.078      0.000
    Y                  0.733      0.066     11.087      0.000


STDY Standardization

                                                    Two-Tailed
                    Estimate       S.E.  Est./S.E.    P-Value

 ETA1     BY
    X1                 0.629      0.052     11.981      0.000
    X2                 0.756      0.056     13.424      0.000
    X3                 0.626      0.055     11.306      0.000

 ETA2     BY
    M1                 0.711      0.057     12.544      0.000
    M2                 0.654      0.054     12.176      0.000
    M3                 0.593      0.054     10.904      0.000

 Y          ON
    ETA1               0.311      0.068      4.565      0.000
    ETA2               0.285      0.066      4.329      0.000
    ETA3               0.272      0.077      3.551      0.000

 ETA2     WITH
    ETA1               0.084      0.086      0.972      0.331

 Intercepts
    X1                 0.028      0.063      0.439      0.661
    X2                 0.036      0.063      0.566      0.572
    X3                 0.071      0.063      1.121      0.262
    M1                -0.147      0.065     -2.264      0.024
    M2                -0.018      0.063     -0.288      0.773
    M3                -0.016      0.063     -0.250      0.803
    Y                 -0.107      0.064     -1.664      0.096

 Variances
    ETA1               1.000      0.000    999.000    999.000
    ETA2               1.000      0.000    999.000    999.000

 Residual Variances
    X1                 0.605      0.066      9.168      0.000
    X2                 0.429      0.085      5.046      0.000
    X3                 0.609      0.069      8.786      0.000
    M1                 0.494      0.081      6.127      0.000
    M2                 0.573      0.070      8.159      0.000
    M3                 0.649      0.064     10.078      0.000
    Y                  0.733      0.066     11.087      0.000


STD Standardization

                                                    Two-Tailed
                    Estimate       S.E.  Est./S.E.    P-Value

 ETA1     BY
    X1                 0.977      0.101      9.661      0.000
    X2                 1.053      0.097     10.908      0.000
    X3                 0.681      0.074      9.218      0.000

 ETA2     BY
    M1                 1.030      0.105      9.847      0.000
    M2                 0.829      0.087      9.540      0.000
    M3                 0.646      0.069      9.375      0.000

 Y          ON
    ETA1               0.314      0.071      4.394      0.000
    ETA2               0.288      0.070      4.120      0.000
    ETA3               0.275      0.080      3.419      0.001

 ETA2     WITH
    ETA1               0.084      0.086      0.972      0.331

 Intercepts
    X1                 0.043      0.098      0.439      0.661
    X2                 0.050      0.088      0.567      0.571
    X3                 0.077      0.069      1.115      0.265
    M1                -0.212      0.091     -2.319      0.020
    M2                -0.023      0.080     -0.288      0.773
    M3                -0.017      0.069     -0.250      0.803
    Y                 -0.108      0.065     -1.663      0.096

 Variances
    ETA1               1.000      0.000    999.000    999.000
    ETA2               1.000      0.000    999.000    999.000

 Residual Variances
    X1                 1.461      0.179      8.161      0.000
    X2                 0.834      0.162      5.144      0.000
    X3                 0.720      0.087      8.277      0.000
    M1                 1.036      0.163      6.346      0.000
    M2                 0.921      0.112      8.211      0.000
    M3                 0.772      0.087      8.827      0.000
    Y                  0.746      0.075      9.978      0.000


R-SQUARE

    Observed                                        Two-Tailed
    Variable        Estimate       S.E.  Est./S.E.    P-Value

    X1                 0.395      0.066      5.991      0.000
    X2                 0.571      0.085      6.712      0.000
    X3                 0.391      0.069      5.653      0.000
    M1                 0.506      0.081      6.272      0.000
    M2                 0.427      0.070      6.088      0.000
    M3                 0.351      0.064      5.452      0.000
    Y                  0.267      0.066      4.046      0.000


TECHNICAL 1 OUTPUT


     PARAMETER SPECIFICATION


           NU
              X1            X2            X3            M1            M2
              ________      ________      ________      ________      ________
                    1             2             3             4             5


           NU
              M3            Y
              ________      ________
                    6             0


           LAMBDA
              ETA1          ETA2          ETA3          Y
              ________      ________      ________      ________
 X1                 0             0             0             0
 X2                 7             0             0             0
 X3                 8             0             0             0
 M1                 0             0             0             0
 M2                 0             9             0             0
 M3                 0            10             0             0
 Y                  0             0             0             0


           THETA
              X1            X2            X3            M1            M2
              ________      ________      ________      ________      ________
 X1                11
 X2                 0            12
 X3                 0             0            13
 M1                 0             0             0            14
 M2                 0             0             0             0            15
 M3                 0             0             0             0             0
 Y                  0             0             0             0             0


           THETA
              M3            Y
              ________      ________
 M3                16
 Y                  0             0


           ALPHA
              ETA1          ETA2          ETA3          Y
              ________      ________      ________      ________
                    0             0             0            17


           BETA
              ETA1          ETA2          ETA3          Y
              ________      ________      ________      ________
 ETA1               0             0             0             0
 ETA2               0             0             0             0
 ETA3               0             0             0             0
 Y                 18            19            20             0


           PSI
              ETA1          ETA2          ETA3          Y
              ________      ________      ________      ________
 ETA1              21
 ETA2              22            23
 ETA3               0             0             0
 Y                  0             0             0            24


     STARTING VALUES


           NU
              X1            X2            X3            M1            M2
              ________      ________      ________      ________      ________
                0.044         0.051         0.077        -0.213        -0.024


           NU
              M3            Y
              ________      ________
               -0.018         0.000


           LAMBDA
              ETA1          ETA2          ETA3          Y
              ________      ________      ________      ________
 X1             1.000         0.000         0.000         0.000
 X2             1.000         0.000         0.000         0.000
 X3             1.000         0.000         0.000         0.000
 M1             0.000         1.000         0.000         0.000
 M2             0.000         1.000         0.000         0.000
 M3             0.000         1.000         0.000         0.000
 Y              0.000         0.000         0.000         1.000


           THETA
              X1            X2            X3            M1            M2
              ________      ________      ________      ________      ________
 X1             1.204
 X2             0.000         0.971
 X3             0.000         0.000         0.592
 M1             0.000         0.000         0.000         1.047
 M2             0.000         0.000         0.000         0.000         0.805
 M3             0.000         0.000         0.000         0.000         0.000
 Y              0.000         0.000         0.000         0.000         0.000


           THETA
              M3            Y
              ________      ________
 M3             0.595
 Y              0.000         0.000


           ALPHA
              ETA1          ETA2          ETA3          Y
              ________      ________      ________      ________
                0.000         0.000         0.000        -0.085


           BETA
              ETA1          ETA2          ETA3          Y
              ________      ________      ________      ________
 ETA1           0.000         0.000         0.000         0.000
 ETA2           0.000         0.000         0.000         0.000
 ETA3           0.000         0.000         0.000         0.000
 Y              0.000         0.000         0.000         0.000


           PSI
              ETA1          ETA2          ETA3          Y
              ________      ________      ________      ________
 ETA1           0.050
 ETA2           0.000         0.050
 ETA3           0.000         0.000         0.000
 Y              0.000         0.000         0.000         0.495


TECHNICAL 4 OUTPUT


     ESTIMATES DERIVED FROM THE MODEL


           ESTIMATED MEANS FOR THE LATENT VARIABLES
              ETA1          ETA2          ETA3          Y
              ________      ________      ________      ________
                0.000         0.000         0.084        -0.085


           S.E. FOR ESTIMATED MEANS FOR THE LATENT VARIABLES
              ETA1          ETA2          ETA3          Y
              ________      ________      ________      ________
                0.000         0.000         0.085         0.063


           EST./S.E. FOR ESTIMATED MEANS FOR THE LATENT VARIABLES
              ETA1          ETA2          ETA3          Y
              ________      ________      ________      ________
                0.000         0.000         0.986        -1.346


           TWO-TAILED P-VALUE FOR ESTIMATED MEANS FOR THE LATENT VARIABLES
              ETA1          ETA2          ETA3          Y
              ________      ________      ________      ________
                1.000         1.000         0.324         0.178


           ESTIMATED COVARIANCE MATRIX FOR THE LATENT VARIABLES
              ETA1          ETA2          ETA3          Y
              ________      ________      ________      ________
 ETA1           0.954
 ETA2           0.084         1.060
 ETA3           0.000         0.000         1.019
 Y              0.330         0.323         0.278         1.018


           S.E. FOR ESTIMATED COVARIANCE MATRIX FOR THE LATENT VARIABLES
              ETA1          ETA2          ETA3          Y
              ________      ________      ________      ________
 ETA1           0.198
 ETA2           0.085         0.215
 ETA3           0.000         0.000         0.295
 Y              0.076         0.076         0.097         0.084


           EST./S.E. FOR ESTIMATED COVARIANCE MATRIX FOR THE LATENT VARIABLES
              ETA1          ETA2          ETA3          Y
              ________      ________      ________      ________
 ETA1           4.831
 ETA2           0.986         4.923
 ETA3           0.000         0.000         3.456
 Y              4.360         4.275         2.864        12.130


           TWO-TAILED P-VALUE FOR ESTIMATED COVARIANCE MATRIX FOR THE LATENT VARIABLES
              ETA1          ETA2          ETA3          Y
              ________      ________      ________      ________
 ETA1           0.000
 ETA2           0.324         0.000
 ETA3           1.000         1.000         0.001
 Y              0.000         0.000         0.004         0.000


           ESTIMATED CORRELATION MATRIX FOR THE LATENT VARIABLES
              ETA1          ETA2          ETA3          Y
              ________      ________      ________      ________
 ETA1           1.000
 ETA2           0.084         1.000
 ETA3           0.000         0.000         1.000
 Y              0.335         0.311         0.273         1.000


           S.E. FOR ESTIMATED CORRELATION MATRIX FOR THE LATENT VARIABLES
              ETA1          ETA2          ETA3          Y
              ________      ________      ________      ________
 ETA1           0.000
 ETA2           0.086         0.000
 ETA3           0.000         0.000         0.000
 Y              0.068         0.065         0.076         0.000


           EST./S.E. FOR ESTIMATED CORRELATION MATRIX FOR THE LATENT VARIABLES
              ETA1          ETA2          ETA3          Y
              ________      ________      ________      ________
 ETA1         999.000
 ETA2           0.972       999.000
 ETA3           0.000         0.000       999.000
 Y              4.904         4.795         3.569       999.000


           TWO-TAILED P-VALUE FOR ESTIMATED CORRELATION MATRIX FOR THE LATENT VARIABLES
              ETA1          ETA2          ETA3          Y
              ________      ________      ________      ________
 ETA1           0.000
 ETA2           0.331         0.000
 ETA3           1.000         1.000         0.000
 Y              0.000         0.000         0.000         0.000


     Beginning Time:  23:21:55
        Ending Time:  23:22:59
       Elapsed Time:  00:01:04



MUTHEN & MUTHEN
3463 Stoner Ave.
Los Angeles, CA  90066

Tel: (310) 391-9971
Fax: (310) 391-8971
Web: www.StatModel.com
Support: Support@StatModel.com

Copyright (c) 1998-2022 Muthen & Muthen
