Mplus VERSION 8.8 (Mac)
MUTHEN & MUTHEN
08/20/2024  10:41 PM

INPUT INSTRUCTIONS

  TITLE: Data Analysis for SEM with Latent Interaction

  DATA:
    FILE = /Users/jimmy_z/desktop/Temp_Data/temp_data_257.dat;
    FORMAT = FREE;

  VARIABLE:
    NAMES ARE x1 x2 x3 m1 m2 m3 y;
    USEVARIABLES ARE x1 x2 x3 m1 m2 m3 y;

  ANALYSIS:
    TYPE = RANDOM;
    ESTIMATOR = MLR;
    ALGORITHM = INTEGRATION;
    INTEGRATION = MONTECARLO;

  MODEL:
    eta1 BY x1 x2 x3;
    eta2 BY m1 m2 m3;
    eta3 | eta1 XWITH eta2;
    y ON eta1 eta2 eta3;

  OUTPUT:
    STANDARDIZED;
    TECH1;
    TECH4;





INPUT READING TERMINATED NORMALLY



Data Analysis for SEM with Latent Interaction

SUMMARY OF ANALYSIS

Number of groups                                                 1
Number of observations                                         250

Number of dependent variables                                    7
Number of independent variables                                  0
Number of continuous latent variables                            3

Observed dependent variables

  Continuous
   X1          X2          X3          M1          M2          M3
   Y

Continuous latent variables
   ETA1        ETA2        ETA3


Estimator                                                      MLR
Information matrix                                        OBSERVED
Optimization Specifications for the Quasi-Newton Algorithm for
Continuous Outcomes
  Maximum number of iterations                                 100
  Convergence criterion                                  0.100D-05
Optimization Specifications for the EM Algorithm
  Maximum number of iterations                                 500
  Convergence criteria
    Loglikelihood change                                 0.100D-02
    Relative loglikelihood change                        0.100D-05
    Derivative                                           0.100D-02
Optimization Specifications for the M step of the EM Algorithm for
Categorical Latent variables
  Number of M step iterations                                    1
  M step convergence criterion                           0.100D-02
  Basis for M step termination                           ITERATION
Optimization Specifications for the M step of the EM Algorithm for
Censored, Binary or Ordered Categorical (Ordinal), Unordered
Categorical (Nominal) and Count Outcomes
  Number of M step iterations                                    1
  M step convergence criterion                           0.100D-02
  Basis for M step termination                           ITERATION
  Maximum value for logit thresholds                            15
  Minimum value for logit thresholds                           -15
  Minimum expected cell size for chi-square              0.100D-01
Optimization algorithm                                         EMA
Integration Specifications
  Type                                                  MONTECARLO
  Number of integration points                                2000
  Dimensions of numerical integration                            2
  Adaptive quadrature                                           ON
  Monte Carlo integration seed                                   0
Cholesky                                                       OFF

Input data file(s)
  /Users/jimmy_z/desktop/Temp_Data/temp_data_257.dat
Input data format  FREE



UNIVARIATE SAMPLE STATISTICS


     UNIVARIATE HIGHER-ORDER MOMENT DESCRIPTIVE STATISTICS

         Variable/         Mean/     Skewness/   Minimum/ % with                Percentiles
        Sample Size      Variance    Kurtosis    Maximum  Min/Max      20%/60%    40%/80%    Median

     X1                   -0.066      -0.249      -4.987    0.40%      -1.311     -0.405     -0.027
             250.000       1.997      -0.073       3.475    0.40%       0.454      1.185
     X2                    0.005       0.015      -3.893    0.40%      -1.143     -0.314      0.004
             250.000       1.779       0.368       4.841    0.40%       0.275      1.141
     X3                    0.112      -0.445      -3.560    0.40%      -0.913     -0.083      0.277
             250.000       1.360      -0.152       2.646    0.40%       0.532      1.087
     M1                    0.073       0.190      -4.624    0.40%      -1.291     -0.409     -0.039
             250.000       2.645      -0.070       4.390    0.40%       0.339      1.453
     M2                    0.039      -0.083      -3.344    0.40%      -1.087     -0.354      0.057
             250.000       1.908      -0.400       3.503    0.40%       0.316      1.226
     M3                    0.152      -0.194      -3.209    0.40%      -0.854     -0.130      0.198
             250.000       1.299      -0.162       3.101    0.40%       0.424      1.160
     Y                     0.085       0.310      -2.642    0.40%      -0.726     -0.199      0.026
             250.000       0.988       0.111       3.035    0.40%       0.232      0.860


THE MODEL ESTIMATION TERMINATED NORMALLY



MODEL FIT INFORMATION

Number of Free Parameters                       24

Loglikelihood

          H0 Value                       -2691.525
          H0 Scaling Correction Factor      0.9955
            for MLR

Information Criteria

          Akaike (AIC)                    5431.049
          Bayesian (BIC)                  5515.564
          Sample-Size Adjusted BIC        5439.482
            (n* = (n + 2) / 24)



MODEL RESULTS

                                                    Two-Tailed
                    Estimate       S.E.  Est./S.E.    P-Value

 ETA1     BY
    X1                 1.000      0.000    999.000    999.000
    X2                 1.111      0.140      7.960      0.000
    X3                 1.093      0.140      7.796      0.000

 ETA2     BY
    M1                 1.000      0.000    999.000    999.000
    M2                 0.806      0.087      9.239      0.000
    M3                 0.682      0.079      8.591      0.000

 Y          ON
    ETA1               0.459      0.096      4.774      0.000
    ETA2               0.194      0.063      3.088      0.002
    ETA3               0.410      0.086      4.780      0.000

 ETA2     WITH
    ETA1              -0.045      0.086     -0.519      0.604

 Intercepts
    X1                -0.066      0.089     -0.740      0.459
    X2                 0.005      0.084      0.059      0.953
    X3                 0.111      0.074      1.504      0.133
    M1                 0.072      0.103      0.697      0.486
    M2                 0.038      0.087      0.434      0.664
    M3                 0.151      0.072      2.095      0.036
    Y                  0.103      0.061      1.692      0.091

 Variances
    ETA1               0.698      0.142      4.900      0.000
    ETA2               1.512      0.249      6.074      0.000

 Residual Variances
    X1                 1.299      0.132      9.868      0.000
    X2                 0.918      0.117      7.839      0.000
    X3                 0.527      0.103      5.104      0.000
    M1                 1.132      0.166      6.817      0.000
    M2                 0.924      0.119      7.754      0.000
    M3                 0.595      0.077      7.717      0.000
    Y                  0.612      0.071      8.675      0.000


QUALITY OF NUMERICAL RESULTS

     Condition Number for the Information Matrix              0.556E-03
       (ratio of smallest to largest eigenvalue)


STANDARDIZED MODEL RESULTS


STDYX Standardization

                                                    Two-Tailed
                    Estimate       S.E.  Est./S.E.    P-Value

 ETA1     BY
    X1                 0.591      0.047     12.481      0.000
    X2                 0.696      0.049     14.153      0.000
    X3                 0.783      0.051     15.205      0.000

 ETA2     BY
    M1                 0.756      0.043     17.683      0.000
    M2                 0.718      0.045     15.996      0.000
    M3                 0.736      0.043     16.989      0.000

 Y          ON
    ETA1               0.386      0.066      5.872      0.000
    ETA2               0.241      0.070      3.417      0.001
    ETA3               0.425      0.072      5.904      0.000

 ETA2     WITH
    ETA1              -0.043      0.083     -0.524      0.600

 Intercepts
    X1                -0.047      0.063     -0.744      0.457
    X2                 0.004      0.063      0.059      0.953
    X3                 0.095      0.065      1.470      0.141
    M1                 0.044      0.063      0.700      0.484
    M2                 0.027      0.063      0.434      0.665
    M3                 0.133      0.064      2.061      0.039
    Y                  0.104      0.061      1.711      0.087

 Variances
    ETA1               1.000      0.000    999.000    999.000
    ETA2               1.000      0.000    999.000    999.000

 Residual Variances
    X1                 0.650      0.056     11.614      0.000
    X2                 0.516      0.068      7.533      0.000
    X3                 0.387      0.081      4.806      0.000
    M1                 0.428      0.065      6.620      0.000
    M2                 0.484      0.064      7.514      0.000
    M3                 0.458      0.064      7.181      0.000
    Y                  0.621      0.063      9.872      0.000


STDY Standardization

                                                    Two-Tailed
                    Estimate       S.E.  Est./S.E.    P-Value

 ETA1     BY
    X1                 0.591      0.047     12.481      0.000
    X2                 0.696      0.049     14.153      0.000
    X3                 0.783      0.051     15.205      0.000

 ETA2     BY
    M1                 0.756      0.043     17.683      0.000
    M2                 0.718      0.045     15.996      0.000
    M3                 0.736      0.043     16.989      0.000

 Y          ON
    ETA1               0.386      0.066      5.872      0.000
    ETA2               0.241      0.070      3.417      0.001
    ETA3               0.425      0.072      5.904      0.000

 ETA2     WITH
    ETA1              -0.043      0.083     -0.524      0.600

 Intercepts
    X1                -0.047      0.063     -0.744      0.457
    X2                 0.004      0.063      0.059      0.953
    X3                 0.095      0.065      1.470      0.141
    M1                 0.044      0.063      0.700      0.484
    M2                 0.027      0.063      0.434      0.665
    M3                 0.133      0.064      2.061      0.039
    Y                  0.104      0.061      1.711      0.087

 Variances
    ETA1               1.000      0.000    999.000    999.000
    ETA2               1.000      0.000    999.000    999.000

 Residual Variances
    X1                 0.650      0.056     11.614      0.000
    X2                 0.516      0.068      7.533      0.000
    X3                 0.387      0.081      4.806      0.000
    M1                 0.428      0.065      6.620      0.000
    M2                 0.484      0.064      7.514      0.000
    M3                 0.458      0.064      7.181      0.000
    Y                  0.621      0.063      9.872      0.000


STD Standardization

                                                    Two-Tailed
                    Estimate       S.E.  Est./S.E.    P-Value

 ETA1     BY
    X1                 0.835      0.085      9.799      0.000
    X2                 0.928      0.094      9.880      0.000
    X3                 0.913      0.082     11.096      0.000

 ETA2     BY
    M1                 1.230      0.101     12.148      0.000
    M2                 0.992      0.085     11.732      0.000
    M3                 0.839      0.072     11.619      0.000

 Y          ON
    ETA1               0.383      0.068      5.608      0.000
    ETA2               0.239      0.071      3.343      0.001
    ETA3               0.422      0.078      5.380      0.000

 ETA2     WITH
    ETA1              -0.043      0.083     -0.524      0.600

 Intercepts
    X1                -0.066      0.089     -0.740      0.459
    X2                 0.005      0.084      0.059      0.953
    X3                 0.111      0.074      1.504      0.133
    M1                 0.072      0.103      0.697      0.486
    M2                 0.038      0.087      0.434      0.664
    M3                 0.151      0.072      2.095      0.036
    Y                  0.103      0.061      1.692      0.091

 Variances
    ETA1               1.000      0.000    999.000    999.000
    ETA2               1.000      0.000    999.000    999.000

 Residual Variances
    X1                 1.299      0.132      9.868      0.000
    X2                 0.918      0.117      7.839      0.000
    X3                 0.527      0.103      5.104      0.000
    M1                 1.132      0.166      6.817      0.000
    M2                 0.924      0.119      7.754      0.000
    M3                 0.595      0.077      7.717      0.000
    Y                  0.612      0.071      8.675      0.000


R-SQUARE

    Observed                                        Two-Tailed
    Variable        Estimate       S.E.  Est./S.E.    P-Value

    X1                 0.350      0.056      6.241      0.000
    X2                 0.484      0.068      7.076      0.000
    X3                 0.613      0.081      7.603      0.000
    M1                 0.572      0.065      8.841      0.000
    M2                 0.516      0.064      7.998      0.000
    M3                 0.542      0.064      8.494      0.000
    Y                  0.379      0.063      6.034      0.000


TECHNICAL 1 OUTPUT


     PARAMETER SPECIFICATION


           NU
              X1            X2            X3            M1            M2
              ________      ________      ________      ________      ________
                    1             2             3             4             5


           NU
              M3            Y
              ________      ________
                    6             0


           LAMBDA
              ETA1          ETA2          ETA3          Y
              ________      ________      ________      ________
 X1                 0             0             0             0
 X2                 7             0             0             0
 X3                 8             0             0             0
 M1                 0             0             0             0
 M2                 0             9             0             0
 M3                 0            10             0             0
 Y                  0             0             0             0


           THETA
              X1            X2            X3            M1            M2
              ________      ________      ________      ________      ________
 X1                11
 X2                 0            12
 X3                 0             0            13
 M1                 0             0             0            14
 M2                 0             0             0             0            15
 M3                 0             0             0             0             0
 Y                  0             0             0             0             0


           THETA
              M3            Y
              ________      ________
 M3                16
 Y                  0             0


           ALPHA
              ETA1          ETA2          ETA3          Y
              ________      ________      ________      ________
                    0             0             0            17


           BETA
              ETA1          ETA2          ETA3          Y
              ________      ________      ________      ________
 ETA1               0             0             0             0
 ETA2               0             0             0             0
 ETA3               0             0             0             0
 Y                 18            19            20             0


           PSI
              ETA1          ETA2          ETA3          Y
              ________      ________      ________      ________
 ETA1              21
 ETA2              22            23
 ETA3               0             0             0
 Y                  0             0             0            24


     STARTING VALUES


           NU
              X1            X2            X3            M1            M2
              ________      ________      ________      ________      ________
               -0.066         0.005         0.112         0.073         0.039


           NU
              M3            Y
              ________      ________
                0.152         0.000


           LAMBDA
              ETA1          ETA2          ETA3          Y
              ________      ________      ________      ________
 X1             1.000         0.000         0.000         0.000
 X2             1.000         0.000         0.000         0.000
 X3             1.000         0.000         0.000         0.000
 M1             0.000         1.000         0.000         0.000
 M2             0.000         1.000         0.000         0.000
 M3             0.000         1.000         0.000         0.000
 Y              0.000         0.000         0.000         1.000


           THETA
              X1            X2            X3            M1            M2
              ________      ________      ________      ________      ________
 X1             0.998
 X2             0.000         0.890
 X3             0.000         0.000         0.680
 M1             0.000         0.000         0.000         1.322
 M2             0.000         0.000         0.000         0.000         0.954
 M3             0.000         0.000         0.000         0.000         0.000
 Y              0.000         0.000         0.000         0.000         0.000


           THETA
              M3            Y
              ________      ________
 M3             0.649
 Y              0.000         0.000


           ALPHA
              ETA1          ETA2          ETA3          Y
              ________      ________      ________      ________
                0.000         0.000         0.000         0.085


           BETA
              ETA1          ETA2          ETA3          Y
              ________      ________      ________      ________
 ETA1           0.000         0.000         0.000         0.000
 ETA2           0.000         0.000         0.000         0.000
 ETA3           0.000         0.000         0.000         0.000
 Y              0.000         0.000         0.000         0.000


           PSI
              ETA1          ETA2          ETA3          Y
              ________      ________      ________      ________
 ETA1           0.050
 ETA2           0.000         0.050
 ETA3           0.000         0.000         0.000
 Y              0.000         0.000         0.000         0.494


TECHNICAL 4 OUTPUT


     ESTIMATES DERIVED FROM THE MODEL


           ESTIMATED MEANS FOR THE LATENT VARIABLES
              ETA1          ETA2          ETA3          Y
              ________      ________      ________      ________
                0.000         0.000        -0.045         0.085


           S.E. FOR ESTIMATED MEANS FOR THE LATENT VARIABLES
              ETA1          ETA2          ETA3          Y
              ________      ________      ________      ________
                0.000         0.000         0.086         0.063


           EST./S.E. FOR ESTIMATED MEANS FOR THE LATENT VARIABLES
              ETA1          ETA2          ETA3          Y
              ________      ________      ________      ________
                0.000         0.000        -0.519         1.352


           TWO-TAILED P-VALUE FOR ESTIMATED MEANS FOR THE LATENT VARIABLES
              ETA1          ETA2          ETA3          Y
              ________      ________      ________      ________
                1.000         1.000         0.604         0.176


           ESTIMATED COVARIANCE MATRIX FOR THE LATENT VARIABLES
              ETA1          ETA2          ETA3          Y
              ________      ________      ________      ________
 ETA1           0.698
 ETA2          -0.045         1.512
 ETA3           0.000         0.000         1.058
 Y              0.312         0.273         0.434         0.987


           S.E. FOR ESTIMATED COVARIANCE MATRIX FOR THE LATENT VARIABLES
              ETA1          ETA2          ETA3          Y
              ________      ________      ________      ________
 ETA1           0.142
 ETA2           0.086         0.249
 ETA3           0.000         0.000         0.275
 Y              0.065         0.086         0.105         0.094


           EST./S.E. FOR ESTIMATED COVARIANCE MATRIX FOR THE LATENT VARIABLES
              ETA1          ETA2          ETA3          Y
              ________      ________      ________      ________
 ETA1           4.900
 ETA2          -0.519         6.074
 ETA3           0.000         0.000         3.848
 Y              4.770         3.162         4.134        10.505


           TWO-TAILED P-VALUE FOR ESTIMATED COVARIANCE MATRIX FOR THE LATENT VARIABLES
              ETA1          ETA2          ETA3          Y
              ________      ________      ________      ________
 ETA1           0.000
 ETA2           0.604         0.000
 ETA3           1.000         1.000         0.000
 Y              0.000         0.002         0.000         0.000


           ESTIMATED CORRELATION MATRIX FOR THE LATENT VARIABLES
              ETA1          ETA2          ETA3          Y
              ________      ________      ________      ________
 ETA1           1.000
 ETA2          -0.043         1.000
 ETA3           0.000         0.000         1.000
 Y              0.376         0.224         0.425         1.000


           S.E. FOR ESTIMATED CORRELATION MATRIX FOR THE LATENT VARIABLES
              ETA1          ETA2          ETA3          Y
              ________      ________      ________      ________
 ETA1           0.000
 ETA2           0.083         0.000
 ETA3           0.000         0.000         0.000
 Y              0.068         0.070         0.072         0.000


           EST./S.E. FOR ESTIMATED CORRELATION MATRIX FOR THE LATENT VARIABLES
              ETA1          ETA2          ETA3          Y
              ________      ________      ________      ________
 ETA1         999.000
 ETA2          -0.524       999.000
 ETA3           0.000         0.000       999.000
 Y              5.556         3.208         5.928       999.000


           TWO-TAILED P-VALUE FOR ESTIMATED CORRELATION MATRIX FOR THE LATENT VARIABLES
              ETA1          ETA2          ETA3          Y
              ________      ________      ________      ________
 ETA1           0.000
 ETA2           0.600         0.000
 ETA3           1.000         1.000         0.000
 Y              0.000         0.001         0.000         0.000


     Beginning Time:  22:41:02
        Ending Time:  22:42:20
       Elapsed Time:  00:01:18



MUTHEN & MUTHEN
3463 Stoner Ave.
Los Angeles, CA  90066

Tel: (310) 391-9971
Fax: (310) 391-8971
Web: www.StatModel.com
Support: Support@StatModel.com

Copyright (c) 1998-2022 Muthen & Muthen
