Mplus VERSION 8.8 (Mac)
MUTHEN & MUTHEN
08/20/2024  11:18 PM

INPUT INSTRUCTIONS

  TITLE: Data Analysis for SEM with Latent Interaction

  DATA:
    FILE = /Users/jimmy_z/desktop/Temp_Data/temp_data_456.dat;
    FORMAT = FREE;

  VARIABLE:
    NAMES ARE x1 x2 x3 m1 m2 m3 y;
    USEVARIABLES ARE x1 x2 x3 m1 m2 m3 y;

  ANALYSIS:
    TYPE = RANDOM;
    ESTIMATOR = MLR;
    ALGORITHM = INTEGRATION;
    INTEGRATION = MONTECARLO;

  MODEL:
    eta1 BY x1 x2 x3;
    eta2 BY m1 m2 m3;
    eta3 | eta1 XWITH eta2;
    y ON eta1 eta2 eta3;

  OUTPUT:
    STANDARDIZED;
    TECH1;
    TECH4;





INPUT READING TERMINATED NORMALLY



Data Analysis for SEM with Latent Interaction

SUMMARY OF ANALYSIS

Number of groups                                                 1
Number of observations                                         250

Number of dependent variables                                    7
Number of independent variables                                  0
Number of continuous latent variables                            3

Observed dependent variables

  Continuous
   X1          X2          X3          M1          M2          M3
   Y

Continuous latent variables
   ETA1        ETA2        ETA3


Estimator                                                      MLR
Information matrix                                        OBSERVED
Optimization Specifications for the Quasi-Newton Algorithm for
Continuous Outcomes
  Maximum number of iterations                                 100
  Convergence criterion                                  0.100D-05
Optimization Specifications for the EM Algorithm
  Maximum number of iterations                                 500
  Convergence criteria
    Loglikelihood change                                 0.100D-02
    Relative loglikelihood change                        0.100D-05
    Derivative                                           0.100D-02
Optimization Specifications for the M step of the EM Algorithm for
Categorical Latent variables
  Number of M step iterations                                    1
  M step convergence criterion                           0.100D-02
  Basis for M step termination                           ITERATION
Optimization Specifications for the M step of the EM Algorithm for
Censored, Binary or Ordered Categorical (Ordinal), Unordered
Categorical (Nominal) and Count Outcomes
  Number of M step iterations                                    1
  M step convergence criterion                           0.100D-02
  Basis for M step termination                           ITERATION
  Maximum value for logit thresholds                            15
  Minimum value for logit thresholds                           -15
  Minimum expected cell size for chi-square              0.100D-01
Optimization algorithm                                         EMA
Integration Specifications
  Type                                                  MONTECARLO
  Number of integration points                                2000
  Dimensions of numerical integration                            2
  Adaptive quadrature                                           ON
  Monte Carlo integration seed                                   0
Cholesky                                                       OFF

Input data file(s)
  /Users/jimmy_z/desktop/Temp_Data/temp_data_456.dat
Input data format  FREE



UNIVARIATE SAMPLE STATISTICS


     UNIVARIATE HIGHER-ORDER MOMENT DESCRIPTIVE STATISTICS

         Variable/         Mean/     Skewness/   Minimum/ % with                Percentiles
        Sample Size      Variance    Kurtosis    Maximum  Min/Max      20%/60%    40%/80%    Median

     X1                    0.004       0.185      -3.877    0.40%      -1.217     -0.421     -0.071
             250.000       2.066      -0.121       3.656    0.40%       0.297      1.095
     X2                    0.016       0.102      -3.413    0.40%      -1.085     -0.352     -0.100
             250.000       1.699      -0.139       3.492    0.40%       0.248      1.074
     X3                   -0.065       0.078      -3.102    0.40%      -0.989     -0.335     -0.052
             250.000       1.054       0.042       3.216    0.40%       0.253      0.695
     M1                   -0.124       0.124      -4.507    0.40%      -1.315     -0.598     -0.081
             250.000       2.172       0.218       4.451    0.40%       0.263      1.062
     M2                   -0.060      -0.189      -4.603    0.40%      -1.215     -0.361     -0.055
             250.000       1.785      -0.193       3.169    0.40%       0.263      1.170
     M3                   -0.017      -0.050      -2.470    0.40%      -1.054     -0.253     -0.053
             250.000       1.262      -0.530       2.773    0.40%       0.316      0.941
     Y                    -0.018       0.218      -2.102    0.40%      -0.845     -0.246     -0.002
             250.000       0.828      -0.380       2.409    0.40%       0.188      0.727


THE MODEL ESTIMATION TERMINATED NORMALLY



MODEL FIT INFORMATION

Number of Free Parameters                       24

Loglikelihood

          H0 Value                       -2691.933
          H0 Scaling Correction Factor      0.9491
            for MLR

Information Criteria

          Akaike (AIC)                    5431.866
          Bayesian (BIC)                  5516.381
          Sample-Size Adjusted BIC        5440.299
            (n* = (n + 2) / 24)



MODEL RESULTS

                                                    Two-Tailed
                    Estimate       S.E.  Est./S.E.    P-Value

 ETA1     BY
    X1                 1.000      0.000    999.000    999.000
    X2                 0.824      0.149      5.534      0.000
    X3                 0.628      0.115      5.443      0.000

 ETA2     BY
    M1                 1.000      0.000    999.000    999.000
    M2                 0.926      0.134      6.889      0.000
    M3                 0.780      0.121      6.429      0.000

 Y          ON
    ETA1               0.260      0.088      2.940      0.003
    ETA2               0.046      0.072      0.632      0.528
    ETA3               0.356      0.088      4.052      0.000

 ETA2     WITH
    ETA1               0.130      0.082      1.599      0.110

 Intercepts
    X1                 0.004      0.091      0.049      0.961
    X2                 0.016      0.082      0.199      0.843
    X3                -0.065      0.065     -1.005      0.315
    M1                -0.125      0.093     -1.342      0.179
    M2                -0.061      0.084     -0.721      0.471
    M3                -0.017      0.071     -0.243      0.808
    Y                 -0.064      0.059     -1.101      0.271

 Variances
    ETA1               0.850      0.200      4.257      0.000
    ETA2               0.974      0.228      4.266      0.000

 Residual Variances
    X1                 1.213      0.166      7.299      0.000
    X2                 1.122      0.137      8.177      0.000
    X3                 0.718      0.094      7.664      0.000
    M1                 1.198      0.173      6.942      0.000
    M2                 0.950      0.115      8.231      0.000
    M3                 0.670      0.086      7.802      0.000
    Y                  0.673      0.071      9.535      0.000


QUALITY OF NUMERICAL RESULTS

     Condition Number for the Information Matrix              0.680E-03
       (ratio of smallest to largest eigenvalue)


STANDARDIZED MODEL RESULTS


STDYX Standardization

                                                    Two-Tailed
                    Estimate       S.E.  Est./S.E.    P-Value

 ETA1     BY
    X1                 0.642      0.062     10.321      0.000
    X2                 0.583      0.070      8.374      0.000
    X3                 0.564      0.068      8.257      0.000

 ETA2     BY
    M1                 0.670      0.061     10.919      0.000
    M2                 0.684      0.050     13.764      0.000
    M3                 0.685      0.053     12.977      0.000

 Y          ON
    ETA1               0.261      0.072      3.631      0.000
    ETA2               0.049      0.077      0.640      0.522
    ETA3               0.353      0.069      5.143      0.000

 ETA2     WITH
    ETA1               0.143      0.088      1.626      0.104

 Intercepts
    X1                 0.003      0.063      0.049      0.961
    X2                 0.013      0.063      0.199      0.842
    X3                -0.064      0.064     -1.001      0.317
    M1                -0.085      0.064     -1.333      0.183
    M2                -0.046      0.063     -0.724      0.469
    M3                -0.015      0.063     -0.243      0.808
    Y                 -0.070      0.064     -1.097      0.273

 Variances
    ETA1               1.000      0.000    999.000    999.000
    ETA2               1.000      0.000    999.000    999.000

 Residual Variances
    X1                 0.588      0.080      7.359      0.000
    X2                 0.660      0.081      8.130      0.000
    X3                 0.682      0.077      8.846      0.000
    M1                 0.552      0.082      6.719      0.000
    M2                 0.532      0.068      7.825      0.000
    M3                 0.531      0.072      7.352      0.000
    Y                  0.799      0.065     12.307      0.000


STDY Standardization

                                                    Two-Tailed
                    Estimate       S.E.  Est./S.E.    P-Value

 ETA1     BY
    X1                 0.642      0.062     10.321      0.000
    X2                 0.583      0.070      8.374      0.000
    X3                 0.564      0.068      8.257      0.000

 ETA2     BY
    M1                 0.670      0.061     10.919      0.000
    M2                 0.684      0.050     13.764      0.000
    M3                 0.685      0.053     12.977      0.000

 Y          ON
    ETA1               0.261      0.072      3.631      0.000
    ETA2               0.049      0.077      0.640      0.522
    ETA3               0.353      0.069      5.143      0.000

 ETA2     WITH
    ETA1               0.143      0.088      1.626      0.104

 Intercepts
    X1                 0.003      0.063      0.049      0.961
    X2                 0.013      0.063      0.199      0.842
    X3                -0.064      0.064     -1.001      0.317
    M1                -0.085      0.064     -1.333      0.183
    M2                -0.046      0.063     -0.724      0.469
    M3                -0.015      0.063     -0.243      0.808
    Y                 -0.070      0.064     -1.097      0.273

 Variances
    ETA1               1.000      0.000    999.000    999.000
    ETA2               1.000      0.000    999.000    999.000

 Residual Variances
    X1                 0.588      0.080      7.359      0.000
    X2                 0.660      0.081      8.130      0.000
    X3                 0.682      0.077      8.846      0.000
    M1                 0.552      0.082      6.719      0.000
    M2                 0.532      0.068      7.825      0.000
    M3                 0.531      0.072      7.352      0.000
    Y                  0.799      0.065     12.307      0.000


STD Standardization

                                                    Two-Tailed
                    Estimate       S.E.  Est./S.E.    P-Value

 ETA1     BY
    X1                 0.922      0.108      8.515      0.000
    X2                 0.760      0.107      7.104      0.000
    X3                 0.579      0.079      7.291      0.000

 ETA2     BY
    M1                 0.987      0.116      8.531      0.000
    M2                 0.914      0.089     10.213      0.000
    M3                 0.769      0.076     10.174      0.000

 Y          ON
    ETA1               0.240      0.068      3.512      0.000
    ETA2               0.045      0.070      0.641      0.521
    ETA3               0.324      0.066      4.914      0.000

 ETA2     WITH
    ETA1               0.143      0.088      1.626      0.104

 Intercepts
    X1                 0.004      0.091      0.049      0.961
    X2                 0.016      0.082      0.199      0.843
    X3                -0.065      0.065     -1.005      0.315
    M1                -0.125      0.093     -1.342      0.179
    M2                -0.061      0.084     -0.721      0.471
    M3                -0.017      0.071     -0.243      0.808
    Y                 -0.064      0.059     -1.101      0.271

 Variances
    ETA1               1.000      0.000    999.000    999.000
    ETA2               1.000      0.000    999.000    999.000

 Residual Variances
    X1                 1.213      0.166      7.299      0.000
    X2                 1.122      0.137      8.177      0.000
    X3                 0.718      0.094      7.664      0.000
    M1                 1.198      0.173      6.942      0.000
    M2                 0.950      0.115      8.231      0.000
    M3                 0.670      0.086      7.802      0.000
    Y                  0.673      0.071      9.535      0.000


R-SQUARE

    Observed                                        Two-Tailed
    Variable        Estimate       S.E.  Est./S.E.    P-Value

    X1                 0.412      0.080      5.161      0.000
    X2                 0.340      0.081      4.187      0.000
    X3                 0.318      0.077      4.128      0.000
    M1                 0.448      0.082      5.459      0.000
    M2                 0.468      0.068      6.882      0.000
    M3                 0.469      0.072      6.488      0.000
    Y                  0.201      0.065      3.101      0.002


TECHNICAL 1 OUTPUT


     PARAMETER SPECIFICATION


           NU
              X1            X2            X3            M1            M2
              ________      ________      ________      ________      ________
                    1             2             3             4             5


           NU
              M3            Y
              ________      ________
                    6             0


           LAMBDA
              ETA1          ETA2          ETA3          Y
              ________      ________      ________      ________
 X1                 0             0             0             0
 X2                 7             0             0             0
 X3                 8             0             0             0
 M1                 0             0             0             0
 M2                 0             9             0             0
 M3                 0            10             0             0
 Y                  0             0             0             0


           THETA
              X1            X2            X3            M1            M2
              ________      ________      ________      ________      ________
 X1                11
 X2                 0            12
 X3                 0             0            13
 M1                 0             0             0            14
 M2                 0             0             0             0            15
 M3                 0             0             0             0             0
 Y                  0             0             0             0             0


           THETA
              M3            Y
              ________      ________
 M3                16
 Y                  0             0


           ALPHA
              ETA1          ETA2          ETA3          Y
              ________      ________      ________      ________
                    0             0             0            17


           BETA
              ETA1          ETA2          ETA3          Y
              ________      ________      ________      ________
 ETA1               0             0             0             0
 ETA2               0             0             0             0
 ETA3               0             0             0             0
 Y                 18            19            20             0


           PSI
              ETA1          ETA2          ETA3          Y
              ________      ________      ________      ________
 ETA1              21
 ETA2              22            23
 ETA3               0             0             0
 Y                  0             0             0            24


     STARTING VALUES


           NU
              X1            X2            X3            M1            M2
              ________      ________      ________      ________      ________
                0.004         0.016        -0.065        -0.124        -0.060


           NU
              M3            Y
              ________      ________
               -0.017         0.000


           LAMBDA
              ETA1          ETA2          ETA3          Y
              ________      ________      ________      ________
 X1             1.000         0.000         0.000         0.000
 X2             1.000         0.000         0.000         0.000
 X3             1.000         0.000         0.000         0.000
 M1             0.000         1.000         0.000         0.000
 M2             0.000         1.000         0.000         0.000
 M3             0.000         1.000         0.000         0.000
 Y              0.000         0.000         0.000         1.000


           THETA
              X1            X2            X3            M1            M2
              ________      ________      ________      ________      ________
 X1             1.033
 X2             0.000         0.850
 X3             0.000         0.000         0.527
 M1             0.000         0.000         0.000         1.086
 M2             0.000         0.000         0.000         0.000         0.893
 M3             0.000         0.000         0.000         0.000         0.000
 Y              0.000         0.000         0.000         0.000         0.000


           THETA
              M3            Y
              ________      ________
 M3             0.631
 Y              0.000         0.000


           ALPHA
              ETA1          ETA2          ETA3          Y
              ________      ________      ________      ________
                0.000         0.000         0.000        -0.018


           BETA
              ETA1          ETA2          ETA3          Y
              ________      ________      ________      ________
 ETA1           0.000         0.000         0.000         0.000
 ETA2           0.000         0.000         0.000         0.000
 ETA3           0.000         0.000         0.000         0.000
 Y              0.000         0.000         0.000         0.000


           PSI
              ETA1          ETA2          ETA3          Y
              ________      ________      ________      ________
 ETA1           0.050
 ETA2           0.000         0.050
 ETA3           0.000         0.000         0.000
 Y              0.000         0.000         0.000         0.414


TECHNICAL 4 OUTPUT


     ESTIMATES DERIVED FROM THE MODEL


           ESTIMATED MEANS FOR THE LATENT VARIABLES
              ETA1          ETA2          ETA3          Y
              ________      ________      ________      ________
                0.000         0.000         0.130        -0.018


           S.E. FOR ESTIMATED MEANS FOR THE LATENT VARIABLES
              ETA1          ETA2          ETA3          Y
              ________      ________      ________      ________
                0.000         0.000         0.082         0.058


           EST./S.E. FOR ESTIMATED MEANS FOR THE LATENT VARIABLES
              ETA1          ETA2          ETA3          Y
              ________      ________      ________      ________
                0.000         0.000         1.599        -0.313


           TWO-TAILED P-VALUE FOR ESTIMATED MEANS FOR THE LATENT VARIABLES
              ETA1          ETA2          ETA3          Y
              ________      ________      ________      ________
                1.000         1.000         0.110         0.754


           ESTIMATED COVARIANCE MATRIX FOR THE LATENT VARIABLES
              ETA1          ETA2          ETA3          Y
              ________      ________      ________      ________
 ETA1           0.850
 ETA2           0.130         0.974
 ETA3           0.000         0.000         0.845
 Y              0.227         0.078         0.301         0.843


           S.E. FOR ESTIMATED COVARIANCE MATRIX FOR THE LATENT VARIABLES
              ETA1          ETA2          ETA3          Y
              ________      ________      ________      ________
 ETA1           0.200
 ETA2           0.082         0.228
 ETA3           0.000         0.000         0.270
 Y              0.061         0.070         0.080         0.069


           EST./S.E. FOR ESTIMATED COVARIANCE MATRIX FOR THE LATENT VARIABLES
              ETA1          ETA2          ETA3          Y
              ________      ________      ________      ________
 ETA1           4.257
 ETA2           1.599         4.266
 ETA3           0.000         0.000         3.129
 Y              3.733         1.119         3.749        12.199


           TWO-TAILED P-VALUE FOR ESTIMATED COVARIANCE MATRIX FOR THE LATENT VARIABLES
              ETA1          ETA2          ETA3          Y
              ________      ________      ________      ________
 ETA1           0.000
 ETA2           0.110         0.000
 ETA3           1.000         1.000         0.002
 Y              0.000         0.263         0.000         0.000


           ESTIMATED CORRELATION MATRIX FOR THE LATENT VARIABLES
              ETA1          ETA2          ETA3          Y
              ________      ________      ________      ________
 ETA1           1.000
 ETA2           0.143         1.000
 ETA3           0.000         0.000         1.000
 Y              0.268         0.086         0.357         1.000


           S.E. FOR ESTIMATED CORRELATION MATRIX FOR THE LATENT VARIABLES
              ETA1          ETA2          ETA3          Y
              ________      ________      ________      ________
 ETA1           0.000
 ETA2           0.088         0.000
 ETA3           0.000         0.000         0.000
 Y              0.072         0.079         0.068         0.000


           EST./S.E. FOR ESTIMATED CORRELATION MATRIX FOR THE LATENT VARIABLES
              ETA1          ETA2          ETA3          Y
              ________      ________      ________      ________
 ETA1         999.000
 ETA2           1.626       999.000
 ETA3           0.000         0.000       999.000
 Y              3.711         1.099         5.213       999.000


           TWO-TAILED P-VALUE FOR ESTIMATED CORRELATION MATRIX FOR THE LATENT VARIABLES
              ETA1          ETA2          ETA3          Y
              ________      ________      ________      ________
 ETA1           0.000
 ETA2           0.104         0.000
 ETA3           1.000         1.000         0.000
 Y              0.000         0.272         0.000         0.000


     Beginning Time:  23:18:19
        Ending Time:  23:19:28
       Elapsed Time:  00:01:09



MUTHEN & MUTHEN
3463 Stoner Ave.
Los Angeles, CA  90066

Tel: (310) 391-9971
Fax: (310) 391-8971
Web: www.StatModel.com
Support: Support@StatModel.com

Copyright (c) 1998-2022 Muthen & Muthen
