Mplus VERSION 8.8 (Mac)
MUTHEN & MUTHEN
08/20/2024  10:43 PM

INPUT INSTRUCTIONS

  TITLE: Data Analysis for SEM with Latent Interaction

  DATA:
    FILE = /Users/jimmy_z/desktop/Temp_Data/temp_data_269.dat;
    FORMAT = FREE;

  VARIABLE:
    NAMES ARE x1 x2 x3 m1 m2 m3 y;
    USEVARIABLES ARE x1 x2 x3 m1 m2 m3 y;

  ANALYSIS:
    TYPE = RANDOM;
    ESTIMATOR = MLR;
    ALGORITHM = INTEGRATION;
    INTEGRATION = MONTECARLO;

  MODEL:
    eta1 BY x1 x2 x3;
    eta2 BY m1 m2 m3;
    eta3 | eta1 XWITH eta2;
    y ON eta1 eta2 eta3;

  OUTPUT:
    STANDARDIZED;
    TECH1;
    TECH4;





INPUT READING TERMINATED NORMALLY



Data Analysis for SEM with Latent Interaction

SUMMARY OF ANALYSIS

Number of groups                                                 1
Number of observations                                         250

Number of dependent variables                                    7
Number of independent variables                                  0
Number of continuous latent variables                            3

Observed dependent variables

  Continuous
   X1          X2          X3          M1          M2          M3
   Y

Continuous latent variables
   ETA1        ETA2        ETA3


Estimator                                                      MLR
Information matrix                                        OBSERVED
Optimization Specifications for the Quasi-Newton Algorithm for
Continuous Outcomes
  Maximum number of iterations                                 100
  Convergence criterion                                  0.100D-05
Optimization Specifications for the EM Algorithm
  Maximum number of iterations                                 500
  Convergence criteria
    Loglikelihood change                                 0.100D-02
    Relative loglikelihood change                        0.100D-05
    Derivative                                           0.100D-02
Optimization Specifications for the M step of the EM Algorithm for
Categorical Latent variables
  Number of M step iterations                                    1
  M step convergence criterion                           0.100D-02
  Basis for M step termination                           ITERATION
Optimization Specifications for the M step of the EM Algorithm for
Censored, Binary or Ordered Categorical (Ordinal), Unordered
Categorical (Nominal) and Count Outcomes
  Number of M step iterations                                    1
  M step convergence criterion                           0.100D-02
  Basis for M step termination                           ITERATION
  Maximum value for logit thresholds                            15
  Minimum value for logit thresholds                           -15
  Minimum expected cell size for chi-square              0.100D-01
Optimization algorithm                                         EMA
Integration Specifications
  Type                                                  MONTECARLO
  Number of integration points                                2000
  Dimensions of numerical integration                            2
  Adaptive quadrature                                           ON
  Monte Carlo integration seed                                   0
Cholesky                                                       OFF

Input data file(s)
  /Users/jimmy_z/desktop/Temp_Data/temp_data_269.dat
Input data format  FREE



UNIVARIATE SAMPLE STATISTICS


     UNIVARIATE HIGHER-ORDER MOMENT DESCRIPTIVE STATISTICS

         Variable/         Mean/     Skewness/   Minimum/ % with                Percentiles
        Sample Size      Variance    Kurtosis    Maximum  Min/Max      20%/60%    40%/80%    Median

     X1                   -0.190       0.019      -4.284    0.40%      -1.429     -0.659     -0.200
             250.000       2.187      -0.158       4.041    0.40%       0.151      1.053
     X2                   -0.153      -0.070      -3.669    0.40%      -1.229     -0.555     -0.146
             250.000       1.645      -0.168       3.373    0.40%       0.220      0.906
     X3                    0.002      -0.137      -2.431    0.40%      -0.916     -0.249      0.098
             250.000       1.018      -0.513       2.488    0.40%       0.315      0.931
     M1                   -0.089       0.021      -3.854    0.40%      -1.452     -0.567     -0.201
             250.000       2.389      -0.706       3.318    0.40%       0.393      1.374
     M2                    0.019       0.076      -3.478    0.40%      -1.144     -0.354     -0.003
             250.000       1.803      -0.275       3.141    0.40%       0.319      1.220
     M3                    0.005      -0.155      -4.024    0.40%      -0.998     -0.266      0.040
             250.000       1.467       0.127       2.998    0.40%       0.273      0.996
     Y                     0.052       0.321      -2.034    0.40%      -0.790     -0.311     -0.008
             250.000       0.934      -0.157       3.270    0.40%       0.252      0.883


THE MODEL ESTIMATION TERMINATED NORMALLY



MODEL FIT INFORMATION

Number of Free Parameters                       24

Loglikelihood

          H0 Value                       -2682.932
          H0 Scaling Correction Factor      0.9429
            for MLR

Information Criteria

          Akaike (AIC)                    5413.864
          Bayesian (BIC)                  5498.379
          Sample-Size Adjusted BIC        5422.297
            (n* = (n + 2) / 24)



MODEL RESULTS

                                                    Two-Tailed
                    Estimate       S.E.  Est./S.E.    P-Value

 ETA1     BY
    X1                 1.000      0.000    999.000    999.000
    X2                 0.844      0.108      7.834      0.000
    X3                 0.463      0.071      6.478      0.000

 ETA2     BY
    M1                 1.000      0.000    999.000    999.000
    M2                 0.870      0.089      9.722      0.000
    M3                 0.878      0.107      8.242      0.000

 Y          ON
    ETA1               0.327      0.065      5.048      0.000
    ETA2               0.329      0.064      5.131      0.000
    ETA3               0.225      0.063      3.574      0.000

 ETA2     WITH
    ETA1               0.026      0.097      0.266      0.791

 Intercepts
    X1                -0.192      0.094     -2.049      0.040
    X2                -0.154      0.081     -1.893      0.058
    X3                 0.002      0.064      0.028      0.978
    M1                -0.090      0.098     -0.917      0.359
    M2                 0.018      0.085      0.213      0.831
    M3                 0.005      0.077      0.063      0.950
    Y                  0.045      0.063      0.714      0.475

 Variances
    ETA1               1.180      0.212      5.558      0.000
    ETA2               1.121      0.182      6.146      0.000

 Residual Variances
    X1                 1.007      0.159      6.353      0.000
    X2                 0.805      0.147      5.470      0.000
    X3                 0.766      0.072     10.564      0.000
    M1                 1.271      0.143      8.862      0.000
    M2                 0.955      0.122      7.838      0.000
    M3                 0.603      0.103      5.873      0.000
    Y                  0.638      0.066      9.620      0.000


QUALITY OF NUMERICAL RESULTS

     Condition Number for the Information Matrix              0.721E-03
       (ratio of smallest to largest eigenvalue)


STANDARDIZED MODEL RESULTS


STDYX Standardization

                                                    Two-Tailed
                    Estimate       S.E.  Est./S.E.    P-Value

 ETA1     BY
    X1                 0.735      0.050     14.761      0.000
    X2                 0.714      0.060     11.880      0.000
    X3                 0.498      0.058      8.573      0.000

 ETA2     BY
    M1                 0.685      0.043     15.797      0.000
    M2                 0.686      0.048     14.365      0.000
    M3                 0.767      0.047     16.310      0.000

 Y          ON
    ETA1               0.363      0.063      5.778      0.000
    ETA2               0.356      0.060      5.962      0.000
    ETA3               0.264      0.061      4.322      0.000

 ETA2     WITH
    ETA1               0.023      0.085      0.266      0.791

 Intercepts
    X1                -0.130      0.064     -2.041      0.041
    X2                -0.120      0.063     -1.895      0.058
    X3                 0.002      0.063      0.028      0.978
    M1                -0.058      0.063     -0.915      0.360
    M2                 0.013      0.063      0.213      0.831
    M3                 0.004      0.063      0.063      0.950
    Y                  0.046      0.064      0.717      0.473

 Variances
    ETA1               1.000      0.000    999.000    999.000
    ETA2               1.000      0.000    999.000    999.000

 Residual Variances
    X1                 0.460      0.073      6.298      0.000
    X2                 0.489      0.086      5.695      0.000
    X3                 0.752      0.058     12.992      0.000
    M1                 0.531      0.059      8.955      0.000
    M2                 0.530      0.066      8.084      0.000
    M3                 0.411      0.072      5.691      0.000
    Y                  0.666      0.075      8.897      0.000


STDY Standardization

                                                    Two-Tailed
                    Estimate       S.E.  Est./S.E.    P-Value

 ETA1     BY
    X1                 0.735      0.050     14.761      0.000
    X2                 0.714      0.060     11.880      0.000
    X3                 0.498      0.058      8.573      0.000

 ETA2     BY
    M1                 0.685      0.043     15.797      0.000
    M2                 0.686      0.048     14.365      0.000
    M3                 0.767      0.047     16.310      0.000

 Y          ON
    ETA1               0.363      0.063      5.778      0.000
    ETA2               0.356      0.060      5.962      0.000
    ETA3               0.264      0.061      4.322      0.000

 ETA2     WITH
    ETA1               0.023      0.085      0.266      0.791

 Intercepts
    X1                -0.130      0.064     -2.041      0.041
    X2                -0.120      0.063     -1.895      0.058
    X3                 0.002      0.063      0.028      0.978
    M1                -0.058      0.063     -0.915      0.360
    M2                 0.013      0.063      0.213      0.831
    M3                 0.004      0.063      0.063      0.950
    Y                  0.046      0.064      0.717      0.473

 Variances
    ETA1               1.000      0.000    999.000    999.000
    ETA2               1.000      0.000    999.000    999.000

 Residual Variances
    X1                 0.460      0.073      6.298      0.000
    X2                 0.489      0.086      5.695      0.000
    X3                 0.752      0.058     12.992      0.000
    M1                 0.531      0.059      8.955      0.000
    M2                 0.530      0.066      8.084      0.000
    M3                 0.411      0.072      5.691      0.000
    Y                  0.666      0.075      8.897      0.000


STD Standardization

                                                    Two-Tailed
                    Estimate       S.E.  Est./S.E.    P-Value

 ETA1     BY
    X1                 1.086      0.098     11.116      0.000
    X2                 0.916      0.092      9.974      0.000
    X3                 0.503      0.066      7.603      0.000

 ETA2     BY
    M1                 1.059      0.086     12.291      0.000
    M2                 0.921      0.084     11.015      0.000
    M3                 0.929      0.082     11.395      0.000

 Y          ON
    ETA1               0.355      0.067      5.299      0.000
    ETA2               0.349      0.064      5.465      0.000
    ETA3               0.259      0.064      4.025      0.000

 ETA2     WITH
    ETA1               0.023      0.085      0.266      0.791

 Intercepts
    X1                -0.192      0.094     -2.049      0.040
    X2                -0.154      0.081     -1.893      0.058
    X3                 0.002      0.064      0.028      0.978
    M1                -0.090      0.098     -0.917      0.359
    M2                 0.018      0.085      0.213      0.831
    M3                 0.005      0.077      0.063      0.950
    Y                  0.045      0.063      0.714      0.475

 Variances
    ETA1               1.000      0.000    999.000    999.000
    ETA2               1.000      0.000    999.000    999.000

 Residual Variances
    X1                 1.007      0.159      6.353      0.000
    X2                 0.805      0.147      5.470      0.000
    X3                 0.766      0.072     10.564      0.000
    M1                 1.271      0.143      8.862      0.000
    M2                 0.955      0.122      7.838      0.000
    M3                 0.603      0.103      5.873      0.000
    Y                  0.638      0.066      9.620      0.000


R-SQUARE

    Observed                                        Two-Tailed
    Variable        Estimate       S.E.  Est./S.E.    P-Value

    X1                 0.540      0.073      7.380      0.000
    X2                 0.511      0.086      5.940      0.000
    X3                 0.248      0.058      4.286      0.000
    M1                 0.469      0.059      7.899      0.000
    M2                 0.470      0.066      7.182      0.000
    M3                 0.589      0.072      8.155      0.000
    Y                  0.334      0.075      4.468      0.000


TECHNICAL 1 OUTPUT


     PARAMETER SPECIFICATION


           NU
              X1            X2            X3            M1            M2
              ________      ________      ________      ________      ________
                    1             2             3             4             5


           NU
              M3            Y
              ________      ________
                    6             0


           LAMBDA
              ETA1          ETA2          ETA3          Y
              ________      ________      ________      ________
 X1                 0             0             0             0
 X2                 7             0             0             0
 X3                 8             0             0             0
 M1                 0             0             0             0
 M2                 0             9             0             0
 M3                 0            10             0             0
 Y                  0             0             0             0


           THETA
              X1            X2            X3            M1            M2
              ________      ________      ________      ________      ________
 X1                11
 X2                 0            12
 X3                 0             0            13
 M1                 0             0             0            14
 M2                 0             0             0             0            15
 M3                 0             0             0             0             0
 Y                  0             0             0             0             0


           THETA
              M3            Y
              ________      ________
 M3                16
 Y                  0             0


           ALPHA
              ETA1          ETA2          ETA3          Y
              ________      ________      ________      ________
                    0             0             0            17


           BETA
              ETA1          ETA2          ETA3          Y
              ________      ________      ________      ________
 ETA1               0             0             0             0
 ETA2               0             0             0             0
 ETA3               0             0             0             0
 Y                 18            19            20             0


           PSI
              ETA1          ETA2          ETA3          Y
              ________      ________      ________      ________
 ETA1              21
 ETA2              22            23
 ETA3               0             0             0
 Y                  0             0             0            24


     STARTING VALUES


           NU
              X1            X2            X3            M1            M2
              ________      ________      ________      ________      ________
               -0.190        -0.153         0.002        -0.089         0.019


           NU
              M3            Y
              ________      ________
                0.005         0.000


           LAMBDA
              ETA1          ETA2          ETA3          Y
              ________      ________      ________      ________
 X1             1.000         0.000         0.000         0.000
 X2             1.000         0.000         0.000         0.000
 X3             1.000         0.000         0.000         0.000
 M1             0.000         1.000         0.000         0.000
 M2             0.000         1.000         0.000         0.000
 M3             0.000         1.000         0.000         0.000
 Y              0.000         0.000         0.000         1.000


           THETA
              X1            X2            X3            M1            M2
              ________      ________      ________      ________      ________
 X1             1.093
 X2             0.000         0.823
 X3             0.000         0.000         0.509
 M1             0.000         0.000         0.000         1.195
 M2             0.000         0.000         0.000         0.000         0.901
 M3             0.000         0.000         0.000         0.000         0.000
 Y              0.000         0.000         0.000         0.000         0.000


           THETA
              M3            Y
              ________      ________
 M3             0.733
 Y              0.000         0.000


           ALPHA
              ETA1          ETA2          ETA3          Y
              ________      ________      ________      ________
                0.000         0.000         0.000         0.052


           BETA
              ETA1          ETA2          ETA3          Y
              ________      ________      ________      ________
 ETA1           0.000         0.000         0.000         0.000
 ETA2           0.000         0.000         0.000         0.000
 ETA3           0.000         0.000         0.000         0.000
 Y              0.000         0.000         0.000         0.000


           PSI
              ETA1          ETA2          ETA3          Y
              ________      ________      ________      ________
 ETA1           0.050
 ETA2           0.000         0.050
 ETA3           0.000         0.000         0.000
 Y              0.000         0.000         0.000         0.467


TECHNICAL 4 OUTPUT


     ESTIMATES DERIVED FROM THE MODEL


           ESTIMATED MEANS FOR THE LATENT VARIABLES
              ETA1          ETA2          ETA3          Y
              ________      ________      ________      ________
                0.000         0.000         0.026         0.051


           S.E. FOR ESTIMATED MEANS FOR THE LATENT VARIABLES
              ETA1          ETA2          ETA3          Y
              ________      ________      ________      ________
                0.000         0.000         0.097         0.061


           EST./S.E. FOR ESTIMATED MEANS FOR THE LATENT VARIABLES
              ETA1          ETA2          ETA3          Y
              ________      ________      ________      ________
                0.000         0.000         0.266         0.833


           TWO-TAILED P-VALUE FOR ESTIMATED MEANS FOR THE LATENT VARIABLES
              ETA1          ETA2          ETA3          Y
              ________      ________      ________      ________
                1.000         1.000         0.791         0.405


           ESTIMATED COVARIANCE MATRIX FOR THE LATENT VARIABLES
              ETA1          ETA2          ETA3          Y
              ________      ________      ________      ________
 ETA1           1.180
 ETA2           0.026         1.121
 ETA3           0.000         0.000         1.323
 Y              0.395         0.378         0.298         0.959


           S.E. FOR ESTIMATED COVARIANCE MATRIX FOR THE LATENT VARIABLES
              ETA1          ETA2          ETA3          Y
              ________      ________      ________      ________
 ETA1           0.212
 ETA2           0.097         0.182
 ETA3           0.000         0.000         0.340
 Y              0.090         0.079         0.083         0.083


           EST./S.E. FOR ESTIMATED COVARIANCE MATRIX FOR THE LATENT VARIABLES
              ETA1          ETA2          ETA3          Y
              ________      ________      ________      ________
 ETA1           5.558
 ETA2           0.266         6.146
 ETA3           0.000         0.000         3.898
 Y              4.400         4.769         3.572        11.510


           TWO-TAILED P-VALUE FOR ESTIMATED COVARIANCE MATRIX FOR THE LATENT VARIABLES
              ETA1          ETA2          ETA3          Y
              ________      ________      ________      ________
 ETA1           0.000
 ETA2           0.791         0.000
 ETA3           1.000         1.000         0.000
 Y              0.000         0.000         0.000         0.000


           ESTIMATED CORRELATION MATRIX FOR THE LATENT VARIABLES
              ETA1          ETA2          ETA3          Y
              ________      ________      ________      ________
 ETA1           1.000
 ETA2           0.023         1.000
 ETA3           0.000         0.000         1.000
 Y              0.371         0.364         0.264         1.000


           S.E. FOR ESTIMATED CORRELATION MATRIX FOR THE LATENT VARIABLES
              ETA1          ETA2          ETA3          Y
              ________      ________      ________      ________
 ETA1           0.000
 ETA2           0.085         0.000
 ETA3           0.000         0.000         0.000
 Y              0.067         0.062         0.061         0.000


           EST./S.E. FOR ESTIMATED CORRELATION MATRIX FOR THE LATENT VARIABLES
              ETA1          ETA2          ETA3          Y
              ________      ________      ________      ________
 ETA1         999.000
 ETA2           0.266       999.000
 ETA3           0.000         0.000       999.000
 Y              5.553         5.862         4.317       999.000


           TWO-TAILED P-VALUE FOR ESTIMATED CORRELATION MATRIX FOR THE LATENT VARIABLES
              ETA1          ETA2          ETA3          Y
              ________      ________      ________      ________
 ETA1           0.000
 ETA2           0.791         0.000
 ETA3           1.000         1.000         0.000
 Y              0.000         0.000         0.000         0.000


     Beginning Time:  22:43:15
        Ending Time:  22:44:22
       Elapsed Time:  00:01:07



MUTHEN & MUTHEN
3463 Stoner Ave.
Los Angeles, CA  90066

Tel: (310) 391-9971
Fax: (310) 391-8971
Web: www.StatModel.com
Support: Support@StatModel.com

Copyright (c) 1998-2022 Muthen & Muthen
