Mplus VERSION 8.8 (Mac)
MUTHEN & MUTHEN
08/20/2024  11:43 PM

INPUT INSTRUCTIONS

  TITLE: Data Analysis for SEM with Latent Interaction

  DATA:
    FILE = /Users/jimmy_z/desktop/Temp_Data/temp_data_142.dat;
    FORMAT = FREE;

  VARIABLE:
    NAMES ARE x1 x2 x3 m1 m2 m3 y;
    USEVARIABLES ARE x1 x2 x3 m1 m2 m3 y;

  ANALYSIS:
    TYPE = RANDOM;
    ESTIMATOR = MLR;
    ALGORITHM = INTEGRATION;
    INTEGRATION = MONTECARLO;

  MODEL:
    eta1 BY x1 x2 x3;
    eta2 BY m1 m2 m3;
    eta3 | eta1 XWITH eta2;
    y ON eta1 eta2 eta3;

  OUTPUT:
    STANDARDIZED;
    TECH1;
    TECH4;





INPUT READING TERMINATED NORMALLY



Data Analysis for SEM with Latent Interaction

SUMMARY OF ANALYSIS

Number of groups                                                 1
Number of observations                                         250

Number of dependent variables                                    7
Number of independent variables                                  0
Number of continuous latent variables                            3

Observed dependent variables

  Continuous
   X1          X2          X3          M1          M2          M3
   Y

Continuous latent variables
   ETA1        ETA2        ETA3


Estimator                                                      MLR
Information matrix                                        OBSERVED
Optimization Specifications for the Quasi-Newton Algorithm for
Continuous Outcomes
  Maximum number of iterations                                 100
  Convergence criterion                                  0.100D-05
Optimization Specifications for the EM Algorithm
  Maximum number of iterations                                 500
  Convergence criteria
    Loglikelihood change                                 0.100D-02
    Relative loglikelihood change                        0.100D-05
    Derivative                                           0.100D-02
Optimization Specifications for the M step of the EM Algorithm for
Categorical Latent variables
  Number of M step iterations                                    1
  M step convergence criterion                           0.100D-02
  Basis for M step termination                           ITERATION
Optimization Specifications for the M step of the EM Algorithm for
Censored, Binary or Ordered Categorical (Ordinal), Unordered
Categorical (Nominal) and Count Outcomes
  Number of M step iterations                                    1
  M step convergence criterion                           0.100D-02
  Basis for M step termination                           ITERATION
  Maximum value for logit thresholds                            15
  Minimum value for logit thresholds                           -15
  Minimum expected cell size for chi-square              0.100D-01
Optimization algorithm                                         EMA
Integration Specifications
  Type                                                  MONTECARLO
  Number of integration points                                2000
  Dimensions of numerical integration                            2
  Adaptive quadrature                                           ON
  Monte Carlo integration seed                                   0
Cholesky                                                       OFF

Input data file(s)
  /Users/jimmy_z/desktop/Temp_Data/temp_data_142.dat
Input data format  FREE



UNIVARIATE SAMPLE STATISTICS


     UNIVARIATE HIGHER-ORDER MOMENT DESCRIPTIVE STATISTICS

         Variable/         Mean/     Skewness/   Minimum/ % with                Percentiles
        Sample Size      Variance    Kurtosis    Maximum  Min/Max      20%/60%    40%/80%    Median

     X1                    0.016      -0.529      -5.677    0.40%      -0.923     -0.243      0.129
             250.000       1.634       1.201       3.300    0.40%       0.388      1.051
     X2                    0.148      -0.222      -3.894    0.40%      -0.772     -0.034      0.208
             250.000       1.344       0.315       3.798    0.40%       0.402      1.125
     X3                    0.144      -0.116      -2.346    0.40%      -0.775     -0.090      0.153
             250.000       1.022      -0.467       2.417    0.40%       0.416      0.997
     M1                    0.066      -0.034      -3.931    0.40%      -0.919     -0.258      0.049
             250.000       1.735       0.455       4.033    0.40%       0.282      1.139
     M2                    0.009       0.144      -3.505    0.40%      -0.881     -0.293     -0.031
             250.000       1.375       0.726       4.221    0.40%       0.187      0.894
     M3                    0.057       0.037      -2.399    0.40%      -0.708     -0.208      0.092
             250.000       0.862       0.300       2.708    0.40%       0.256      0.837
     Y                     0.033       0.006      -2.999    0.40%      -0.804     -0.237     -0.008
             250.000       0.983      -0.020       2.788    0.40%       0.275      0.857


THE MODEL ESTIMATION TERMINATED NORMALLY



MODEL FIT INFORMATION

Number of Free Parameters                       24

Loglikelihood

          H0 Value                       -2397.583
          H0 Scaling Correction Factor      1.0254
            for MLR

Information Criteria

          Akaike (AIC)                    4843.165
          Bayesian (BIC)                  4927.680
          Sample-Size Adjusted BIC        4851.598
            (n* = (n + 2) / 24)



MODEL RESULTS

                                                    Two-Tailed
                    Estimate       S.E.  Est./S.E.    P-Value

 ETA1     BY
    X1                 1.000      0.000    999.000    999.000
    X2                 0.948      0.088     10.737      0.000
    X3                 0.868      0.096      9.036      0.000

 ETA2     BY
    M1                 1.000      0.000    999.000    999.000
    M2                 0.843      0.082     10.318      0.000
    M3                 0.650      0.065     10.034      0.000

 Y          ON
    ETA1               0.334      0.071      4.684      0.000
    ETA2               0.220      0.061      3.594      0.000
    ETA3               0.382      0.068      5.579      0.000

 ETA2     WITH
    ETA1              -0.081      0.073     -1.101      0.271

 Intercepts
    X1                 0.015      0.081      0.188      0.851
    X2                 0.147      0.073      2.001      0.045
    X3                 0.143      0.064      2.234      0.025
    M1                 0.066      0.083      0.794      0.427
    M2                 0.009      0.074      0.116      0.908
    M3                 0.057      0.059      0.970      0.332
    Y                  0.063      0.060      1.047      0.295

 Variances
    ETA1               0.876      0.173      5.062      0.000
    ETA2               1.090      0.177      6.169      0.000

 Residual Variances
    X1                 0.752      0.104      7.258      0.000
    X2                 0.556      0.076      7.353      0.000
    X3                 0.363      0.061      5.977      0.000
    M1                 0.645      0.103      6.276      0.000
    M2                 0.600      0.090      6.648      0.000
    M3                 0.401      0.052      7.686      0.000
    Y                  0.702      0.062     11.271      0.000


QUALITY OF NUMERICAL RESULTS

     Condition Number for the Information Matrix              0.508E-03
       (ratio of smallest to largest eigenvalue)


STANDARDIZED MODEL RESULTS


STDYX Standardization

                                                    Two-Tailed
                    Estimate       S.E.  Est./S.E.    P-Value

 ETA1     BY
    X1                 0.733      0.044     16.521      0.000
    X2                 0.766      0.041     18.698      0.000
    X3                 0.803      0.037     21.796      0.000

 ETA2     BY
    M1                 0.793      0.039     20.369      0.000
    M2                 0.751      0.042     17.739      0.000
    M3                 0.731      0.041     18.036      0.000

 Y          ON
    ETA1               0.316      0.064      4.947      0.000
    ETA2               0.232      0.059      3.906      0.000
    ETA3               0.377      0.064      5.904      0.000

 ETA2     WITH
    ETA1              -0.083      0.072     -1.146      0.252

 Intercepts
    X1                 0.012      0.064      0.187      0.852
    X2                 0.127      0.065      1.964      0.050
    X3                 0.142      0.064      2.208      0.027
    M1                 0.050      0.063      0.793      0.428
    M2                 0.007      0.063      0.116      0.908
    M3                 0.061      0.063      0.970      0.332
    Y                  0.064      0.061      1.052      0.293

 Variances
    ETA1               1.000      0.000    999.000    999.000
    ETA2               1.000      0.000    999.000    999.000

 Residual Variances
    X1                 0.462      0.065      7.095      0.000
    X2                 0.414      0.063      6.595      0.000
    X3                 0.355      0.059      5.996      0.000
    M1                 0.372      0.062      6.026      0.000
    M2                 0.436      0.064      6.859      0.000
    M3                 0.465      0.059      7.847      0.000
    Y                  0.716      0.062     11.495      0.000


STDY Standardization

                                                    Two-Tailed
                    Estimate       S.E.  Est./S.E.    P-Value

 ETA1     BY
    X1                 0.733      0.044     16.521      0.000
    X2                 0.766      0.041     18.698      0.000
    X3                 0.803      0.037     21.796      0.000

 ETA2     BY
    M1                 0.793      0.039     20.369      0.000
    M2                 0.751      0.042     17.739      0.000
    M3                 0.731      0.041     18.036      0.000

 Y          ON
    ETA1               0.316      0.064      4.947      0.000
    ETA2               0.232      0.059      3.906      0.000
    ETA3               0.377      0.064      5.904      0.000

 ETA2     WITH
    ETA1              -0.083      0.072     -1.146      0.252

 Intercepts
    X1                 0.012      0.064      0.187      0.852
    X2                 0.127      0.065      1.964      0.050
    X3                 0.142      0.064      2.208      0.027
    M1                 0.050      0.063      0.793      0.428
    M2                 0.007      0.063      0.116      0.908
    M3                 0.061      0.063      0.970      0.332
    Y                  0.064      0.061      1.052      0.293

 Variances
    ETA1               1.000      0.000    999.000    999.000
    ETA2               1.000      0.000    999.000    999.000

 Residual Variances
    X1                 0.462      0.065      7.095      0.000
    X2                 0.414      0.063      6.595      0.000
    X3                 0.355      0.059      5.996      0.000
    M1                 0.372      0.062      6.026      0.000
    M2                 0.436      0.064      6.859      0.000
    M3                 0.465      0.059      7.847      0.000
    Y                  0.716      0.062     11.495      0.000


STD Standardization

                                                    Two-Tailed
                    Estimate       S.E.  Est./S.E.    P-Value

 ETA1     BY
    X1                 0.936      0.092     10.125      0.000
    X2                 0.888      0.077     11.476      0.000
    X3                 0.812      0.054     14.987      0.000

 ETA2     BY
    M1                 1.044      0.085     12.338      0.000
    M2                 0.881      0.078     11.362      0.000
    M3                 0.679      0.058     11.764      0.000

 Y          ON
    ETA1               0.313      0.069      4.555      0.000
    ETA2               0.230      0.061      3.784      0.000
    ETA3               0.373      0.069      5.374      0.000

 ETA2     WITH
    ETA1              -0.083      0.072     -1.146      0.252

 Intercepts
    X1                 0.015      0.081      0.188      0.851
    X2                 0.147      0.073      2.001      0.045
    X3                 0.143      0.064      2.234      0.025
    M1                 0.066      0.083      0.794      0.427
    M2                 0.009      0.074      0.116      0.908
    M3                 0.057      0.059      0.970      0.332
    Y                  0.063      0.060      1.047      0.295

 Variances
    ETA1               1.000      0.000    999.000    999.000
    ETA2               1.000      0.000    999.000    999.000

 Residual Variances
    X1                 0.752      0.104      7.258      0.000
    X2                 0.556      0.076      7.353      0.000
    X3                 0.363      0.061      5.977      0.000
    M1                 0.645      0.103      6.276      0.000
    M2                 0.600      0.090      6.648      0.000
    M3                 0.401      0.052      7.686      0.000
    Y                  0.702      0.062     11.271      0.000


R-SQUARE

    Observed                                        Two-Tailed
    Variable        Estimate       S.E.  Est./S.E.    P-Value

    X1                 0.538      0.065      8.261      0.000
    X2                 0.586      0.063      9.349      0.000
    X3                 0.645      0.059     10.898      0.000
    M1                 0.628      0.062     10.185      0.000
    M2                 0.564      0.064      8.869      0.000
    M3                 0.535      0.059      9.018      0.000
    Y                  0.284      0.062      4.569      0.000


TECHNICAL 1 OUTPUT


     PARAMETER SPECIFICATION


           NU
              X1            X2            X3            M1            M2
              ________      ________      ________      ________      ________
                    1             2             3             4             5


           NU
              M3            Y
              ________      ________
                    6             0


           LAMBDA
              ETA1          ETA2          ETA3          Y
              ________      ________      ________      ________
 X1                 0             0             0             0
 X2                 7             0             0             0
 X3                 8             0             0             0
 M1                 0             0             0             0
 M2                 0             9             0             0
 M3                 0            10             0             0
 Y                  0             0             0             0


           THETA
              X1            X2            X3            M1            M2
              ________      ________      ________      ________      ________
 X1                11
 X2                 0            12
 X3                 0             0            13
 M1                 0             0             0            14
 M2                 0             0             0             0            15
 M3                 0             0             0             0             0
 Y                  0             0             0             0             0


           THETA
              M3            Y
              ________      ________
 M3                16
 Y                  0             0


           ALPHA
              ETA1          ETA2          ETA3          Y
              ________      ________      ________      ________
                    0             0             0            17


           BETA
              ETA1          ETA2          ETA3          Y
              ________      ________      ________      ________
 ETA1               0             0             0             0
 ETA2               0             0             0             0
 ETA3               0             0             0             0
 Y                 18            19            20             0


           PSI
              ETA1          ETA2          ETA3          Y
              ________      ________      ________      ________
 ETA1              21
 ETA2              22            23
 ETA3               0             0             0
 Y                  0             0             0            24


     STARTING VALUES


           NU
              X1            X2            X3            M1            M2
              ________      ________      ________      ________      ________
                0.016         0.148         0.144         0.066         0.009


           NU
              M3            Y
              ________      ________
                0.057         0.000


           LAMBDA
              ETA1          ETA2          ETA3          Y
              ________      ________      ________      ________
 X1             1.000         0.000         0.000         0.000
 X2             1.000         0.000         0.000         0.000
 X3             1.000         0.000         0.000         0.000
 M1             0.000         1.000         0.000         0.000
 M2             0.000         1.000         0.000         0.000
 M3             0.000         1.000         0.000         0.000
 Y              0.000         0.000         0.000         1.000


           THETA
              X1            X2            X3            M1            M2
              ________      ________      ________      ________      ________
 X1             0.817
 X2             0.000         0.672
 X3             0.000         0.000         0.511
 M1             0.000         0.000         0.000         0.868
 M2             0.000         0.000         0.000         0.000         0.688
 M3             0.000         0.000         0.000         0.000         0.000
 Y              0.000         0.000         0.000         0.000         0.000


           THETA
              M3            Y
              ________      ________
 M3             0.431
 Y              0.000         0.000


           ALPHA
              ETA1          ETA2          ETA3          Y
              ________      ________      ________      ________
                0.000         0.000         0.000         0.033


           BETA
              ETA1          ETA2          ETA3          Y
              ________      ________      ________      ________
 ETA1           0.000         0.000         0.000         0.000
 ETA2           0.000         0.000         0.000         0.000
 ETA3           0.000         0.000         0.000         0.000
 Y              0.000         0.000         0.000         0.000


           PSI
              ETA1          ETA2          ETA3          Y
              ________      ________      ________      ________
 ETA1           0.050
 ETA2           0.000         0.050
 ETA3           0.000         0.000         0.000
 Y              0.000         0.000         0.000         0.492


TECHNICAL 4 OUTPUT


     ESTIMATES DERIVED FROM THE MODEL


           ESTIMATED MEANS FOR THE LATENT VARIABLES
              ETA1          ETA2          ETA3          Y
              ________      ________      ________      ________
                0.000         0.000        -0.081         0.032


           S.E. FOR ESTIMATED MEANS FOR THE LATENT VARIABLES
              ETA1          ETA2          ETA3          Y
              ________      ________      ________      ________
                0.000         0.000         0.073         0.063


           EST./S.E. FOR ESTIMATED MEANS FOR THE LATENT VARIABLES
              ETA1          ETA2          ETA3          Y
              ________      ________      ________      ________
                0.000         0.000        -1.101         0.514


           TWO-TAILED P-VALUE FOR ESTIMATED MEANS FOR THE LATENT VARIABLES
              ETA1          ETA2          ETA3          Y
              ________      ________      ________      ________
                1.000         1.000         0.271         0.607


           ESTIMATED COVARIANCE MATRIX FOR THE LATENT VARIABLES
              ETA1          ETA2          ETA3          Y
              ________      ________      ________      ________
 ETA1           0.876
 ETA2          -0.081         1.090
 ETA3           0.000         0.000         0.962
 Y              0.275         0.213         0.367         0.981


           S.E. FOR ESTIMATED COVARIANCE MATRIX FOR THE LATENT VARIABLES
              ETA1          ETA2          ETA3          Y
              ________      ________      ________      ________
 ETA1           0.173
 ETA2           0.073         0.177
 ETA3           0.000         0.000         0.242
 Y              0.076         0.065         0.097         0.083


           EST./S.E. FOR ESTIMATED COVARIANCE MATRIX FOR THE LATENT VARIABLES
              ETA1          ETA2          ETA3          Y
              ________      ________      ________      ________
 ETA1           5.062
 ETA2          -1.101         6.169
 ETA3           0.000         0.000         3.966
 Y              3.625         3.291         3.796        11.853


           TWO-TAILED P-VALUE FOR ESTIMATED COVARIANCE MATRIX FOR THE LATENT VARIABLES
              ETA1          ETA2          ETA3          Y
              ________      ________      ________      ________
 ETA1           0.000
 ETA2           0.271         0.000
 ETA3           1.000         1.000         0.000
 Y              0.000         0.001         0.000         0.000


           ESTIMATED CORRELATION MATRIX FOR THE LATENT VARIABLES
              ETA1          ETA2          ETA3          Y
              ________      ________      ________      ________
 ETA1           1.000
 ETA2          -0.083         1.000
 ETA3           0.000         0.000         1.000
 Y              0.297         0.206         0.378         1.000


           S.E. FOR ESTIMATED CORRELATION MATRIX FOR THE LATENT VARIABLES
              ETA1          ETA2          ETA3          Y
              ________      ________      ________      ________
 ETA1           0.000
 ETA2           0.072         0.000
 ETA3           0.000         0.000         0.000
 Y              0.065         0.060         0.064         0.000


           EST./S.E. FOR ESTIMATED CORRELATION MATRIX FOR THE LATENT VARIABLES
              ETA1          ETA2          ETA3          Y
              ________      ________      ________      ________
 ETA1         999.000
 ETA2          -1.146       999.000
 ETA3           0.000         0.000       999.000
 Y              4.594         3.422         5.881       999.000


           TWO-TAILED P-VALUE FOR ESTIMATED CORRELATION MATRIX FOR THE LATENT VARIABLES
              ETA1          ETA2          ETA3          Y
              ________      ________      ________      ________
 ETA1           0.000
 ETA2           0.252         0.000
 ETA3           1.000         1.000         0.000
 Y              0.000         0.001         0.000         0.000


     Beginning Time:  23:43:38
        Ending Time:  23:44:18
       Elapsed Time:  00:00:40



MUTHEN & MUTHEN
3463 Stoner Ave.
Los Angeles, CA  90066

Tel: (310) 391-9971
Fax: (310) 391-8971
Web: www.StatModel.com
Support: Support@StatModel.com

Copyright (c) 1998-2022 Muthen & Muthen
