Mplus VERSION 8.8 (Mac)
MUTHEN & MUTHEN
08/20/2024  11:40 PM

INPUT INSTRUCTIONS

  TITLE: Data Analysis for SEM with Latent Interaction

  DATA:
    FILE = /Users/jimmy_z/desktop/Temp_Data/temp_data_105.dat;
    FORMAT = FREE;

  VARIABLE:
    NAMES ARE x1 x2 x3 m1 m2 m3 y;
    USEVARIABLES ARE x1 x2 x3 m1 m2 m3 y;

  ANALYSIS:
    TYPE = RANDOM;
    ESTIMATOR = MLR;
    ALGORITHM = INTEGRATION;
    INTEGRATION = MONTECARLO;

  MODEL:
    eta1 BY x1 x2 x3;
    eta2 BY m1 m2 m3;
    eta3 | eta1 XWITH eta2;
    y ON eta1 eta2 eta3;

  OUTPUT:
    STANDARDIZED;
    TECH1;
    TECH4;





INPUT READING TERMINATED NORMALLY



Data Analysis for SEM with Latent Interaction

SUMMARY OF ANALYSIS

Number of groups                                                 1
Number of observations                                         250

Number of dependent variables                                    7
Number of independent variables                                  0
Number of continuous latent variables                            3

Observed dependent variables

  Continuous
   X1          X2          X3          M1          M2          M3
   Y

Continuous latent variables
   ETA1        ETA2        ETA3


Estimator                                                      MLR
Information matrix                                        OBSERVED
Optimization Specifications for the Quasi-Newton Algorithm for
Continuous Outcomes
  Maximum number of iterations                                 100
  Convergence criterion                                  0.100D-05
Optimization Specifications for the EM Algorithm
  Maximum number of iterations                                 500
  Convergence criteria
    Loglikelihood change                                 0.100D-02
    Relative loglikelihood change                        0.100D-05
    Derivative                                           0.100D-02
Optimization Specifications for the M step of the EM Algorithm for
Categorical Latent variables
  Number of M step iterations                                    1
  M step convergence criterion                           0.100D-02
  Basis for M step termination                           ITERATION
Optimization Specifications for the M step of the EM Algorithm for
Censored, Binary or Ordered Categorical (Ordinal), Unordered
Categorical (Nominal) and Count Outcomes
  Number of M step iterations                                    1
  M step convergence criterion                           0.100D-02
  Basis for M step termination                           ITERATION
  Maximum value for logit thresholds                            15
  Minimum value for logit thresholds                           -15
  Minimum expected cell size for chi-square              0.100D-01
Optimization algorithm                                         EMA
Integration Specifications
  Type                                                  MONTECARLO
  Number of integration points                                2000
  Dimensions of numerical integration                            2
  Adaptive quadrature                                           ON
  Monte Carlo integration seed                                   0
Cholesky                                                       OFF

Input data file(s)
  /Users/jimmy_z/desktop/Temp_Data/temp_data_105.dat
Input data format  FREE



UNIVARIATE SAMPLE STATISTICS


     UNIVARIATE HIGHER-ORDER MOMENT DESCRIPTIVE STATISTICS

         Variable/         Mean/     Skewness/   Minimum/ % with                Percentiles
        Sample Size      Variance    Kurtosis    Maximum  Min/Max      20%/60%    40%/80%    Median

     X1                    0.026       0.250      -3.375    0.40%      -1.222     -0.346     -0.021
             250.000       2.174      -0.227       4.427    0.40%       0.285      1.240
     X2                    0.109       0.156      -2.629    0.40%      -0.756     -0.224      0.035
             250.000       1.265      -0.136       2.913    0.40%       0.281      1.118
     X3                    0.027      -0.179      -3.459    0.40%      -0.706     -0.186      0.010
             250.000       1.015       0.319       2.861    0.40%       0.273      0.893
     M1                    0.036      -0.270      -4.632    0.40%      -0.936     -0.286      0.138
             250.000       1.836       0.177       3.912    0.40%       0.406      1.207
     M2                    0.168       0.026      -2.753    0.40%      -0.892     -0.071      0.193
             250.000       1.415       0.067       3.768    0.40%       0.506      1.052
     M3                    0.140      -0.199      -3.082    0.40%      -0.691     -0.035      0.221
             250.000       0.961       0.267       2.689    0.40%       0.427      0.929
     Y                     0.200       0.499      -2.454    0.40%      -0.668     -0.116      0.145
             250.000       1.155       0.840       4.662    0.40%       0.334      1.066


THE MODEL ESTIMATION TERMINATED NORMALLY



MODEL FIT INFORMATION

Number of Free Parameters                       24

Loglikelihood

          H0 Value                       -2468.532
          H0 Scaling Correction Factor      1.0187
            for MLR

Information Criteria

          Akaike (AIC)                    4985.064
          Bayesian (BIC)                  5069.579
          Sample-Size Adjusted BIC        4993.497
            (n* = (n + 2) / 24)



MODEL RESULTS

                                                    Two-Tailed
                    Estimate       S.E.  Est./S.E.    P-Value

 ETA1     BY
    X1                 1.000      0.000    999.000    999.000
    X2                 0.712      0.075      9.525      0.000
    X3                 0.694      0.068     10.142      0.000

 ETA2     BY
    M1                 1.000      0.000    999.000    999.000
    M2                 0.928      0.080     11.669      0.000
    M3                 0.750      0.074     10.173      0.000

 Y          ON
    ETA1               0.316      0.058      5.425      0.000
    ETA2               0.356      0.075      4.733      0.000
    ETA3               0.285      0.058      4.943      0.000

 ETA2     WITH
    ETA1              -0.048      0.093     -0.521      0.602

 Intercepts
    X1                 0.026      0.093      0.281      0.779
    X2                 0.109      0.071      1.526      0.127
    X3                 0.027      0.064      0.425      0.671
    M1                 0.036      0.086      0.417      0.677
    M2                 0.168      0.075      2.229      0.026
    M3                 0.140      0.062      2.266      0.023
    Y                  0.214      0.067      3.178      0.001

 Variances
    ETA1               1.299      0.197      6.593      0.000
    ETA2               1.005      0.171      5.865      0.000

 Residual Variances
    X1                 0.870      0.123      7.093      0.000
    X2                 0.606      0.076      8.007      0.000
    X3                 0.390      0.063      6.221      0.000
    M1                 0.826      0.113      7.339      0.000
    M2                 0.550      0.088      6.248      0.000
    M3                 0.395      0.053      7.525      0.000
    Y                  0.806      0.080     10.087      0.000


QUALITY OF NUMERICAL RESULTS

     Condition Number for the Information Matrix              0.161E-01
       (ratio of smallest to largest eigenvalue)


STANDARDIZED MODEL RESULTS


STDYX Standardization

                                                    Two-Tailed
                    Estimate       S.E.  Est./S.E.    P-Value

 ETA1     BY
    X1                 0.774      0.039     20.088      0.000
    X2                 0.722      0.042     17.097      0.000
    X3                 0.785      0.038     20.756      0.000

 ETA2     BY
    M1                 0.741      0.042     17.605      0.000
    M2                 0.782      0.039     20.025      0.000
    M3                 0.767      0.038     20.319      0.000

 Y          ON
    ETA1               0.335      0.056      5.945      0.000
    ETA2               0.332      0.062      5.340      0.000
    ETA3               0.302      0.057      5.279      0.000

 ETA2     WITH
    ETA1              -0.042      0.080     -0.525      0.599

 Intercepts
    X1                 0.018      0.063      0.281      0.778
    X2                 0.097      0.063      1.534      0.125
    X3                 0.027      0.064      0.424      0.672
    M1                 0.026      0.064      0.416      0.678
    M2                 0.141      0.063      2.221      0.026
    M3                 0.143      0.064      2.222      0.026
    Y                  0.199      0.061      3.265      0.001

 Variances
    ETA1               1.000      0.000    999.000    999.000
    ETA2               1.000      0.000    999.000    999.000

 Residual Variances
    X1                 0.401      0.060      6.730      0.000
    X2                 0.479      0.061      7.853      0.000
    X3                 0.384      0.059      6.479      0.000
    M1                 0.451      0.062      7.239      0.000
    M2                 0.388      0.061      6.356      0.000
    M3                 0.411      0.058      7.096      0.000
    Y                  0.696      0.069     10.028      0.000


STDY Standardization

                                                    Two-Tailed
                    Estimate       S.E.  Est./S.E.    P-Value

 ETA1     BY
    X1                 0.774      0.039     20.088      0.000
    X2                 0.722      0.042     17.097      0.000
    X3                 0.785      0.038     20.756      0.000

 ETA2     BY
    M1                 0.741      0.042     17.605      0.000
    M2                 0.782      0.039     20.025      0.000
    M3                 0.767      0.038     20.319      0.000

 Y          ON
    ETA1               0.335      0.056      5.945      0.000
    ETA2               0.332      0.062      5.340      0.000
    ETA3               0.302      0.057      5.279      0.000

 ETA2     WITH
    ETA1              -0.042      0.080     -0.525      0.599

 Intercepts
    X1                 0.018      0.063      0.281      0.778
    X2                 0.097      0.063      1.534      0.125
    X3                 0.027      0.064      0.424      0.672
    M1                 0.026      0.064      0.416      0.678
    M2                 0.141      0.063      2.221      0.026
    M3                 0.143      0.064      2.222      0.026
    Y                  0.199      0.061      3.265      0.001

 Variances
    ETA1               1.000      0.000    999.000    999.000
    ETA2               1.000      0.000    999.000    999.000

 Residual Variances
    X1                 0.401      0.060      6.730      0.000
    X2                 0.479      0.061      7.853      0.000
    X3                 0.384      0.059      6.479      0.000
    M1                 0.451      0.062      7.239      0.000
    M2                 0.388      0.061      6.356      0.000
    M3                 0.411      0.058      7.096      0.000
    Y                  0.696      0.069     10.028      0.000


STD Standardization

                                                    Two-Tailed
                    Estimate       S.E.  Est./S.E.    P-Value

 ETA1     BY
    X1                 1.140      0.086     13.186      0.000
    X2                 0.812      0.069     11.838      0.000
    X3                 0.791      0.060     13.165      0.000

 ETA2     BY
    M1                 1.002      0.085     11.730      0.000
    M2                 0.930      0.070     13.209      0.000
    M3                 0.752      0.061     12.262      0.000

 Y          ON
    ETA1               0.360      0.066      5.444      0.000
    ETA2               0.357      0.076      4.725      0.000
    ETA3               0.325      0.069      4.725      0.000

 ETA2     WITH
    ETA1              -0.042      0.080     -0.525      0.599

 Intercepts
    X1                 0.026      0.093      0.281      0.779
    X2                 0.109      0.071      1.526      0.127
    X3                 0.027      0.064      0.425      0.671
    M1                 0.036      0.086      0.417      0.677
    M2                 0.168      0.075      2.229      0.026
    M3                 0.140      0.062      2.266      0.023
    Y                  0.214      0.067      3.178      0.001

 Variances
    ETA1               1.000      0.000    999.000    999.000
    ETA2               1.000      0.000    999.000    999.000

 Residual Variances
    X1                 0.870      0.123      7.093      0.000
    X2                 0.606      0.076      8.007      0.000
    X3                 0.390      0.063      6.221      0.000
    M1                 0.826      0.113      7.339      0.000
    M2                 0.550      0.088      6.248      0.000
    M3                 0.395      0.053      7.525      0.000
    Y                  0.806      0.080     10.087      0.000


R-SQUARE

    Observed                                        Two-Tailed
    Variable        Estimate       S.E.  Est./S.E.    P-Value

    X1                 0.599      0.060     10.044      0.000
    X2                 0.521      0.061      8.548      0.000
    X3                 0.616      0.059     10.378      0.000
    M1                 0.549      0.062      8.803      0.000
    M2                 0.612      0.061     10.013      0.000
    M3                 0.589      0.058     10.159      0.000
    Y                  0.304      0.069      4.381      0.000


TECHNICAL 1 OUTPUT


     PARAMETER SPECIFICATION


           NU
              X1            X2            X3            M1            M2
              ________      ________      ________      ________      ________
                    1             2             3             4             5


           NU
              M3            Y
              ________      ________
                    6             0


           LAMBDA
              ETA1          ETA2          ETA3          Y
              ________      ________      ________      ________
 X1                 0             0             0             0
 X2                 7             0             0             0
 X3                 8             0             0             0
 M1                 0             0             0             0
 M2                 0             9             0             0
 M3                 0            10             0             0
 Y                  0             0             0             0


           THETA
              X1            X2            X3            M1            M2
              ________      ________      ________      ________      ________
 X1                11
 X2                 0            12
 X3                 0             0            13
 M1                 0             0             0            14
 M2                 0             0             0             0            15
 M3                 0             0             0             0             0
 Y                  0             0             0             0             0


           THETA
              M3            Y
              ________      ________
 M3                16
 Y                  0             0


           ALPHA
              ETA1          ETA2          ETA3          Y
              ________      ________      ________      ________
                    0             0             0            17


           BETA
              ETA1          ETA2          ETA3          Y
              ________      ________      ________      ________
 ETA1               0             0             0             0
 ETA2               0             0             0             0
 ETA3               0             0             0             0
 Y                 18            19            20             0


           PSI
              ETA1          ETA2          ETA3          Y
              ________      ________      ________      ________
 ETA1              21
 ETA2              22            23
 ETA3               0             0             0
 Y                  0             0             0            24


     STARTING VALUES


           NU
              X1            X2            X3            M1            M2
              ________      ________      ________      ________      ________
                0.026         0.109         0.027         0.036         0.168


           NU
              M3            Y
              ________      ________
                0.140         0.000


           LAMBDA
              ETA1          ETA2          ETA3          Y
              ________      ________      ________      ________
 X1             1.000         0.000         0.000         0.000
 X2             1.000         0.000         0.000         0.000
 X3             1.000         0.000         0.000         0.000
 M1             0.000         1.000         0.000         0.000
 M2             0.000         1.000         0.000         0.000
 M3             0.000         1.000         0.000         0.000
 Y              0.000         0.000         0.000         1.000


           THETA
              X1            X2            X3            M1            M2
              ________      ________      ________      ________      ________
 X1             1.087
 X2             0.000         0.632
 X3             0.000         0.000         0.508
 M1             0.000         0.000         0.000         0.918
 M2             0.000         0.000         0.000         0.000         0.708
 M3             0.000         0.000         0.000         0.000         0.000
 Y              0.000         0.000         0.000         0.000         0.000


           THETA
              M3            Y
              ________      ________
 M3             0.480
 Y              0.000         0.000


           ALPHA
              ETA1          ETA2          ETA3          Y
              ________      ________      ________      ________
                0.000         0.000         0.000         0.200


           BETA
              ETA1          ETA2          ETA3          Y
              ________      ________      ________      ________
 ETA1           0.000         0.000         0.000         0.000
 ETA2           0.000         0.000         0.000         0.000
 ETA3           0.000         0.000         0.000         0.000
 Y              0.000         0.000         0.000         0.000


           PSI
              ETA1          ETA2          ETA3          Y
              ________      ________      ________      ________
 ETA1           0.050
 ETA2           0.000         0.050
 ETA3           0.000         0.000         0.000
 Y              0.000         0.000         0.000         0.578


TECHNICAL 4 OUTPUT


     ESTIMATES DERIVED FROM THE MODEL


           ESTIMATED MEANS FOR THE LATENT VARIABLES
              ETA1          ETA2          ETA3          Y
              ________      ________      ________      ________
                0.000         0.000        -0.048         0.200


           S.E. FOR ESTIMATED MEANS FOR THE LATENT VARIABLES
              ETA1          ETA2          ETA3          Y
              ________      ________      ________      ________
                0.000         0.000         0.093         0.068


           EST./S.E. FOR ESTIMATED MEANS FOR THE LATENT VARIABLES
              ETA1          ETA2          ETA3          Y
              ________      ________      ________      ________
                0.000         0.000        -0.521         2.948


           TWO-TAILED P-VALUE FOR ESTIMATED MEANS FOR THE LATENT VARIABLES
              ETA1          ETA2          ETA3          Y
              ________      ________      ________      ________
                1.000         1.000         0.602         0.003


           ESTIMATED COVARIANCE MATRIX FOR THE LATENT VARIABLES
              ETA1          ETA2          ETA3          Y
              ________      ________      ________      ________
 ETA1           1.299
 ETA2          -0.048         1.005
 ETA3           0.000         0.000         1.308
 Y              0.393         0.343         0.372         1.159


           S.E. FOR ESTIMATED COVARIANCE MATRIX FOR THE LATENT VARIABLES
              ETA1          ETA2          ETA3          Y
              ________      ________      ________      ________
 ETA1           0.197
 ETA2           0.093         0.171
 ETA3           0.000         0.000         0.304
 Y              0.089         0.091         0.102         0.117


           EST./S.E. FOR ESTIMATED COVARIANCE MATRIX FOR THE LATENT VARIABLES
              ETA1          ETA2          ETA3          Y
              ________      ________      ________      ________
 ETA1           6.593
 ETA2          -0.521         5.865
 ETA3           0.000         0.000         4.295
 Y              4.407         3.752         3.634         9.877


           TWO-TAILED P-VALUE FOR ESTIMATED COVARIANCE MATRIX FOR THE LATENT VARIABLES
              ETA1          ETA2          ETA3          Y
              ________      ________      ________      ________
 ETA1           0.000
 ETA2           0.602         0.000
 ETA3           1.000         1.000         0.000
 Y              0.000         0.000         0.000         0.000


           ESTIMATED CORRELATION MATRIX FOR THE LATENT VARIABLES
              ETA1          ETA2          ETA3          Y
              ________      ________      ________      ________
 ETA1           1.000
 ETA2          -0.042         1.000
 ETA3           0.000         0.000         1.000
 Y              0.321         0.318         0.302         1.000


           S.E. FOR ESTIMATED CORRELATION MATRIX FOR THE LATENT VARIABLES
              ETA1          ETA2          ETA3          Y
              ________      ________      ________      ________
 ETA1           0.000
 ETA2           0.080         0.000
 ETA3           0.000         0.000         0.000
 Y              0.060         0.067         0.057         0.000


           EST./S.E. FOR ESTIMATED CORRELATION MATRIX FOR THE LATENT VARIABLES
              ETA1          ETA2          ETA3          Y
              ________      ________      ________      ________
 ETA1         999.000
 ETA2          -0.525       999.000
 ETA3           0.000         0.000       999.000
 Y              5.299         4.739         5.276       999.000


           TWO-TAILED P-VALUE FOR ESTIMATED CORRELATION MATRIX FOR THE LATENT VARIABLES
              ETA1          ETA2          ETA3          Y
              ________      ________      ________      ________
 ETA1           0.000
 ETA2           0.599         0.000
 ETA3           1.000         1.000         0.000
 Y              0.000         0.000         0.000         0.000


     Beginning Time:  23:40:27
        Ending Time:  23:41:03
       Elapsed Time:  00:00:36



MUTHEN & MUTHEN
3463 Stoner Ave.
Los Angeles, CA  90066

Tel: (310) 391-9971
Fax: (310) 391-8971
Web: www.StatModel.com
Support: Support@StatModel.com

Copyright (c) 1998-2022 Muthen & Muthen
