Mplus VERSION 8.8 (Mac)
MUTHEN & MUTHEN
08/20/2024  11:39 PM

INPUT INSTRUCTIONS

  TITLE: Data Analysis for SEM with Latent Interaction

  DATA:
    FILE = /Users/jimmy_z/desktop/Temp_Data/temp_data_95.dat;
    FORMAT = FREE;

  VARIABLE:
    NAMES ARE x1 x2 x3 m1 m2 m3 y;
    USEVARIABLES ARE x1 x2 x3 m1 m2 m3 y;

  ANALYSIS:
    TYPE = RANDOM;
    ESTIMATOR = MLR;
    ALGORITHM = INTEGRATION;
    INTEGRATION = MONTECARLO;

  MODEL:
    eta1 BY x1 x2 x3;
    eta2 BY m1 m2 m3;
    eta3 | eta1 XWITH eta2;
    y ON eta1 eta2 eta3;

  OUTPUT:
    STANDARDIZED;
    TECH1;
    TECH4;





INPUT READING TERMINATED NORMALLY



Data Analysis for SEM with Latent Interaction

SUMMARY OF ANALYSIS

Number of groups                                                 1
Number of observations                                         250

Number of dependent variables                                    7
Number of independent variables                                  0
Number of continuous latent variables                            3

Observed dependent variables

  Continuous
   X1          X2          X3          M1          M2          M3
   Y

Continuous latent variables
   ETA1        ETA2        ETA3


Estimator                                                      MLR
Information matrix                                        OBSERVED
Optimization Specifications for the Quasi-Newton Algorithm for
Continuous Outcomes
  Maximum number of iterations                                 100
  Convergence criterion                                  0.100D-05
Optimization Specifications for the EM Algorithm
  Maximum number of iterations                                 500
  Convergence criteria
    Loglikelihood change                                 0.100D-02
    Relative loglikelihood change                        0.100D-05
    Derivative                                           0.100D-02
Optimization Specifications for the M step of the EM Algorithm for
Categorical Latent variables
  Number of M step iterations                                    1
  M step convergence criterion                           0.100D-02
  Basis for M step termination                           ITERATION
Optimization Specifications for the M step of the EM Algorithm for
Censored, Binary or Ordered Categorical (Ordinal), Unordered
Categorical (Nominal) and Count Outcomes
  Number of M step iterations                                    1
  M step convergence criterion                           0.100D-02
  Basis for M step termination                           ITERATION
  Maximum value for logit thresholds                            15
  Minimum value for logit thresholds                           -15
  Minimum expected cell size for chi-square              0.100D-01
Optimization algorithm                                         EMA
Integration Specifications
  Type                                                  MONTECARLO
  Number of integration points                                2000
  Dimensions of numerical integration                            2
  Adaptive quadrature                                           ON
  Monte Carlo integration seed                                   0
Cholesky                                                       OFF

Input data file(s)
  /Users/jimmy_z/desktop/Temp_Data/temp_data_95.dat
Input data format  FREE



UNIVARIATE SAMPLE STATISTICS


     UNIVARIATE HIGHER-ORDER MOMENT DESCRIPTIVE STATISTICS

         Variable/         Mean/     Skewness/   Minimum/ % with                Percentiles
        Sample Size      Variance    Kurtosis    Maximum  Min/Max      20%/60%    40%/80%    Median

     X1                    0.039      -0.001      -3.812    0.40%      -1.046     -0.260     -0.020
             250.000       1.758      -0.384       3.435    0.40%       0.305      1.266
     X2                    0.094      -0.112      -2.982    0.40%      -0.751     -0.190      0.065
             250.000       1.153      -0.281       2.747    0.40%       0.363      1.049
     X3                    0.012      -0.064      -3.648    0.40%      -0.850     -0.289      0.029
             250.000       1.108       0.220       3.014    0.40%       0.243      0.994
     M1                   -0.009      -0.146      -4.066    0.40%      -1.098     -0.332      0.006
             250.000       1.876      -0.028       3.396    0.40%       0.317      1.146
     M2                   -0.003       0.163      -2.980    0.40%      -0.987     -0.253     -0.032
             250.000       1.313       0.245       3.886    0.40%       0.289      0.843
     M3                    0.087      -0.108      -3.154    0.40%      -0.643     -0.188      0.005
             250.000       1.016       0.256       3.109    0.40%       0.302      0.955
     Y                     0.062       0.049      -2.541    0.40%      -0.856     -0.268      0.067
             250.000       1.003      -0.521       2.713    0.40%       0.353      0.982


THE MODEL ESTIMATION TERMINATED NORMALLY



MODEL FIT INFORMATION

Number of Free Parameters                       24

Loglikelihood

          H0 Value                       -2457.557
          H0 Scaling Correction Factor      1.0107
            for MLR

Information Criteria

          Akaike (AIC)                    4963.114
          Bayesian (BIC)                  5047.629
          Sample-Size Adjusted BIC        4971.547
            (n* = (n + 2) / 24)



MODEL RESULTS

                                                    Two-Tailed
                    Estimate       S.E.  Est./S.E.    P-Value

 ETA1     BY
    X1                 1.000      0.000    999.000    999.000
    X2                 0.804      0.079     10.181      0.000
    X3                 0.810      0.085      9.556      0.000

 ETA2     BY
    M1                 1.000      0.000    999.000    999.000
    M2                 0.746      0.082      9.124      0.000
    M3                 0.645      0.068      9.529      0.000

 Y          ON
    ETA1               0.226      0.066      3.421      0.001
    ETA2               0.372      0.063      5.865      0.000
    ETA3               0.119      0.070      1.706      0.088

 ETA2     WITH
    ETA1               0.089      0.086      1.035      0.301

 Intercepts
    X1                 0.039      0.084      0.467      0.640
    X2                 0.094      0.068      1.373      0.170
    X3                 0.012      0.067      0.180      0.857
    M1                -0.009      0.087     -0.101      0.920
    M2                -0.003      0.072     -0.035      0.972
    M3                 0.087      0.064      1.367      0.172
    Y                  0.052      0.065      0.803      0.422

 Variances
    ETA1               0.995      0.140      7.107      0.000
    ETA2               1.159      0.184      6.290      0.000

 Residual Variances
    X1                 0.758      0.117      6.504      0.000
    X2                 0.509      0.066      7.712      0.000
    X3                 0.455      0.068      6.743      0.000
    M1                 0.714      0.130      5.490      0.000
    M2                 0.668      0.080      8.345      0.000
    M3                 0.533      0.072      7.365      0.000
    Y                  0.760      0.076      9.946      0.000


QUALITY OF NUMERICAL RESULTS

     Condition Number for the Information Matrix              0.329E-03
       (ratio of smallest to largest eigenvalue)


STANDARDIZED MODEL RESULTS


STDYX Standardization

                                                    Two-Tailed
                    Estimate       S.E.  Est./S.E.    P-Value

 ETA1     BY
    X1                 0.753      0.040     18.673      0.000
    X2                 0.747      0.041     18.422      0.000
    X3                 0.768      0.041     18.796      0.000

 ETA2     BY
    M1                 0.787      0.044     17.820      0.000
    M2                 0.701      0.045     15.687      0.000
    M3                 0.689      0.043     16.205      0.000

 Y          ON
    ETA1               0.225      0.065      3.457      0.001
    ETA2               0.400      0.064      6.214      0.000
    ETA3               0.128      0.074      1.736      0.083

 ETA2     WITH
    ETA1               0.083      0.079      1.051      0.293

 Intercepts
    X1                 0.030      0.064      0.467      0.640
    X2                 0.087      0.064      1.364      0.172
    X3                 0.011      0.064      0.180      0.857
    M1                -0.006      0.063     -0.101      0.919
    M2                -0.002      0.063     -0.035      0.972
    M3                 0.086      0.064      1.358      0.175
    Y                  0.052      0.065      0.803      0.422

 Variances
    ETA1               1.000      0.000    999.000    999.000
    ETA2               1.000      0.000    999.000    999.000

 Residual Variances
    X1                 0.432      0.061      7.108      0.000
    X2                 0.441      0.061      7.279      0.000
    X3                 0.411      0.063      6.556      0.000
    M1                 0.381      0.069      5.491      0.000
    M2                 0.509      0.063      8.118      0.000
    M3                 0.525      0.059      8.959      0.000
    Y                  0.758      0.059     12.775      0.000


STDY Standardization

                                                    Two-Tailed
                    Estimate       S.E.  Est./S.E.    P-Value

 ETA1     BY
    X1                 0.753      0.040     18.673      0.000
    X2                 0.747      0.041     18.422      0.000
    X3                 0.768      0.041     18.796      0.000

 ETA2     BY
    M1                 0.787      0.044     17.820      0.000
    M2                 0.701      0.045     15.687      0.000
    M3                 0.689      0.043     16.205      0.000

 Y          ON
    ETA1               0.225      0.065      3.457      0.001
    ETA2               0.400      0.064      6.214      0.000
    ETA3               0.128      0.074      1.736      0.083

 ETA2     WITH
    ETA1               0.083      0.079      1.051      0.293

 Intercepts
    X1                 0.030      0.064      0.467      0.640
    X2                 0.087      0.064      1.364      0.172
    X3                 0.011      0.064      0.180      0.857
    M1                -0.006      0.063     -0.101      0.919
    M2                -0.002      0.063     -0.035      0.972
    M3                 0.086      0.064      1.358      0.175
    Y                  0.052      0.065      0.803      0.422

 Variances
    ETA1               1.000      0.000    999.000    999.000
    ETA2               1.000      0.000    999.000    999.000

 Residual Variances
    X1                 0.432      0.061      7.108      0.000
    X2                 0.441      0.061      7.279      0.000
    X3                 0.411      0.063      6.556      0.000
    M1                 0.381      0.069      5.491      0.000
    M2                 0.509      0.063      8.118      0.000
    M3                 0.525      0.059      8.959      0.000
    Y                  0.758      0.059     12.775      0.000


STD Standardization

                                                    Two-Tailed
                    Estimate       S.E.  Est./S.E.    P-Value

 ETA1     BY
    X1                 0.998      0.070     14.214      0.000
    X2                 0.803      0.064     12.473      0.000
    X3                 0.808      0.067     12.112      0.000

 ETA2     BY
    M1                 1.076      0.086     12.580      0.000
    M2                 0.803      0.076     10.636      0.000
    M3                 0.695      0.058     12.035      0.000

 Y          ON
    ETA1               0.225      0.065      3.437      0.001
    ETA2               0.400      0.068      5.869      0.000
    ETA3               0.128      0.075      1.714      0.087

 ETA2     WITH
    ETA1               0.083      0.079      1.051      0.293

 Intercepts
    X1                 0.039      0.084      0.467      0.640
    X2                 0.094      0.068      1.373      0.170
    X3                 0.012      0.067      0.180      0.857
    M1                -0.009      0.087     -0.101      0.920
    M2                -0.003      0.072     -0.035      0.972
    M3                 0.087      0.064      1.367      0.172
    Y                  0.052      0.065      0.803      0.422

 Variances
    ETA1               1.000      0.000    999.000    999.000
    ETA2               1.000      0.000    999.000    999.000

 Residual Variances
    X1                 0.758      0.117      6.504      0.000
    X2                 0.509      0.066      7.712      0.000
    X3                 0.455      0.068      6.743      0.000
    M1                 0.714      0.130      5.490      0.000
    M2                 0.668      0.080      8.345      0.000
    M3                 0.533      0.072      7.365      0.000
    Y                  0.760      0.076      9.946      0.000


R-SQUARE

    Observed                                        Two-Tailed
    Variable        Estimate       S.E.  Est./S.E.    P-Value

    X1                 0.568      0.061      9.336      0.000
    X2                 0.559      0.061      9.211      0.000
    X3                 0.589      0.063      9.398      0.000
    M1                 0.619      0.069      8.910      0.000
    M2                 0.491      0.063      7.844      0.000
    M3                 0.475      0.059      8.103      0.000
    Y                  0.242      0.059      4.070      0.000


TECHNICAL 1 OUTPUT


     PARAMETER SPECIFICATION


           NU
              X1            X2            X3            M1            M2
              ________      ________      ________      ________      ________
                    1             2             3             4             5


           NU
              M3            Y
              ________      ________
                    6             0


           LAMBDA
              ETA1          ETA2          ETA3          Y
              ________      ________      ________      ________
 X1                 0             0             0             0
 X2                 7             0             0             0
 X3                 8             0             0             0
 M1                 0             0             0             0
 M2                 0             9             0             0
 M3                 0            10             0             0
 Y                  0             0             0             0


           THETA
              X1            X2            X3            M1            M2
              ________      ________      ________      ________      ________
 X1                11
 X2                 0            12
 X3                 0             0            13
 M1                 0             0             0            14
 M2                 0             0             0             0            15
 M3                 0             0             0             0             0
 Y                  0             0             0             0             0


           THETA
              M3            Y
              ________      ________
 M3                16
 Y                  0             0


           ALPHA
              ETA1          ETA2          ETA3          Y
              ________      ________      ________      ________
                    0             0             0            17


           BETA
              ETA1          ETA2          ETA3          Y
              ________      ________      ________      ________
 ETA1               0             0             0             0
 ETA2               0             0             0             0
 ETA3               0             0             0             0
 Y                 18            19            20             0


           PSI
              ETA1          ETA2          ETA3          Y
              ________      ________      ________      ________
 ETA1              21
 ETA2              22            23
 ETA3               0             0             0
 Y                  0             0             0            24


     STARTING VALUES


           NU
              X1            X2            X3            M1            M2
              ________      ________      ________      ________      ________
                0.039         0.094         0.012        -0.009        -0.003


           NU
              M3            Y
              ________      ________
                0.087         0.000


           LAMBDA
              ETA1          ETA2          ETA3          Y
              ________      ________      ________      ________
 X1             1.000         0.000         0.000         0.000
 X2             1.000         0.000         0.000         0.000
 X3             1.000         0.000         0.000         0.000
 M1             0.000         1.000         0.000         0.000
 M2             0.000         1.000         0.000         0.000
 M3             0.000         1.000         0.000         0.000
 Y              0.000         0.000         0.000         1.000


           THETA
              X1            X2            X3            M1            M2
              ________      ________      ________      ________      ________
 X1             0.879
 X2             0.000         0.576
 X3             0.000         0.000         0.554
 M1             0.000         0.000         0.000         0.938
 M2             0.000         0.000         0.000         0.000         0.657
 M3             0.000         0.000         0.000         0.000         0.000
 Y              0.000         0.000         0.000         0.000         0.000


           THETA
              M3            Y
              ________      ________
 M3             0.508
 Y              0.000         0.000


           ALPHA
              ETA1          ETA2          ETA3          Y
              ________      ________      ________      ________
                0.000         0.000         0.000         0.062


           BETA
              ETA1          ETA2          ETA3          Y
              ________      ________      ________      ________
 ETA1           0.000         0.000         0.000         0.000
 ETA2           0.000         0.000         0.000         0.000
 ETA3           0.000         0.000         0.000         0.000
 Y              0.000         0.000         0.000         0.000


           PSI
              ETA1          ETA2          ETA3          Y
              ________      ________      ________      ________
 ETA1           0.050
 ETA2           0.000         0.050
 ETA3           0.000         0.000         0.000
 Y              0.000         0.000         0.000         0.501


TECHNICAL 4 OUTPUT


     ESTIMATES DERIVED FROM THE MODEL


           ESTIMATED MEANS FOR THE LATENT VARIABLES
              ETA1          ETA2          ETA3          Y
              ________      ________      ________      ________
                0.000         0.000         0.089         0.063


           S.E. FOR ESTIMATED MEANS FOR THE LATENT VARIABLES
              ETA1          ETA2          ETA3          Y
              ________      ________      ________      ________
                0.000         0.000         0.086         0.063


           EST./S.E. FOR ESTIMATED MEANS FOR THE LATENT VARIABLES
              ETA1          ETA2          ETA3          Y
              ________      ________      ________      ________
                0.000         0.000         1.035         0.989


           TWO-TAILED P-VALUE FOR ESTIMATED MEANS FOR THE LATENT VARIABLES
              ETA1          ETA2          ETA3          Y
              ________      ________      ________      ________
                1.000         1.000         0.301         0.323


           ESTIMATED COVARIANCE MATRIX FOR THE LATENT VARIABLES
              ETA1          ETA2          ETA3          Y
              ________      ________      ________      ________
 ETA1           0.995
 ETA2           0.089         1.159
 ETA3           0.000         0.000         1.161
 Y              0.258         0.451         0.139         1.003


           S.E. FOR ESTIMATED COVARIANCE MATRIX FOR THE LATENT VARIABLES
              ETA1          ETA2          ETA3          Y
              ________      ________      ________      ________
 ETA1           0.140
 ETA2           0.086         0.184
 ETA3           0.000         0.000         0.250
 Y              0.072         0.091         0.083         0.078


           EST./S.E. FOR ESTIMATED COVARIANCE MATRIX FOR THE LATENT VARIABLES
              ETA1          ETA2          ETA3          Y
              ________      ________      ________      ________
 ETA1           7.107
 ETA2           1.035         6.290
 ETA3           0.000         0.000         4.653
 Y              3.584         4.941         1.664        12.927


           TWO-TAILED P-VALUE FOR ESTIMATED COVARIANCE MATRIX FOR THE LATENT VARIABLES
              ETA1          ETA2          ETA3          Y
              ________      ________      ________      ________
 ETA1           0.000
 ETA2           0.301         0.000
 ETA3           1.000         1.000         0.000
 Y              0.000         0.000         0.096         0.000


           ESTIMATED CORRELATION MATRIX FOR THE LATENT VARIABLES
              ETA1          ETA2          ETA3          Y
              ________      ________      ________      ________
 ETA1           1.000
 ETA2           0.083         1.000
 ETA3           0.000         0.000         1.000
 Y              0.258         0.418         0.128         1.000


           S.E. FOR ESTIMATED CORRELATION MATRIX FOR THE LATENT VARIABLES
              ETA1          ETA2          ETA3          Y
              ________      ________      ________      ________
 ETA1           0.000
 ETA2           0.079         0.000
 ETA3           0.000         0.000         0.000
 Y              0.067         0.066         0.074         0.000


           EST./S.E. FOR ESTIMATED CORRELATION MATRIX FOR THE LATENT VARIABLES
              ETA1          ETA2          ETA3          Y
              ________      ________      ________      ________
 ETA1         999.000
 ETA2           1.051       999.000
 ETA3           0.000         0.000       999.000
 Y              3.850         6.349         1.735       999.000


           TWO-TAILED P-VALUE FOR ESTIMATED CORRELATION MATRIX FOR THE LATENT VARIABLES
              ETA1          ETA2          ETA3          Y
              ________      ________      ________      ________
 ETA1           0.000
 ETA2           0.293         0.000
 ETA3           1.000         1.000         0.000
 Y              0.000         0.000         0.083         0.000


     Beginning Time:  23:39:50
        Ending Time:  23:40:14
       Elapsed Time:  00:00:24



MUTHEN & MUTHEN
3463 Stoner Ave.
Los Angeles, CA  90066

Tel: (310) 391-9971
Fax: (310) 391-8971
Web: www.StatModel.com
Support: Support@StatModel.com

Copyright (c) 1998-2022 Muthen & Muthen
