Mplus VERSION 8.8 (Mac)
MUTHEN & MUTHEN
08/20/2024  11:18 PM

INPUT INSTRUCTIONS

  TITLE: Data Analysis for SEM with Latent Interaction

  DATA:
    FILE = /Users/jimmy_z/desktop/Temp_Data/temp_data_454.dat;
    FORMAT = FREE;

  VARIABLE:
    NAMES ARE x1 x2 x3 m1 m2 m3 y;
    USEVARIABLES ARE x1 x2 x3 m1 m2 m3 y;

  ANALYSIS:
    TYPE = RANDOM;
    ESTIMATOR = MLR;
    ALGORITHM = INTEGRATION;
    INTEGRATION = MONTECARLO;

  MODEL:
    eta1 BY x1 x2 x3;
    eta2 BY m1 m2 m3;
    eta3 | eta1 XWITH eta2;
    y ON eta1 eta2 eta3;

  OUTPUT:
    STANDARDIZED;
    TECH1;
    TECH4;





INPUT READING TERMINATED NORMALLY



Data Analysis for SEM with Latent Interaction

SUMMARY OF ANALYSIS

Number of groups                                                 1
Number of observations                                         250

Number of dependent variables                                    7
Number of independent variables                                  0
Number of continuous latent variables                            3

Observed dependent variables

  Continuous
   X1          X2          X3          M1          M2          M3
   Y

Continuous latent variables
   ETA1        ETA2        ETA3


Estimator                                                      MLR
Information matrix                                        OBSERVED
Optimization Specifications for the Quasi-Newton Algorithm for
Continuous Outcomes
  Maximum number of iterations                                 100
  Convergence criterion                                  0.100D-05
Optimization Specifications for the EM Algorithm
  Maximum number of iterations                                 500
  Convergence criteria
    Loglikelihood change                                 0.100D-02
    Relative loglikelihood change                        0.100D-05
    Derivative                                           0.100D-02
Optimization Specifications for the M step of the EM Algorithm for
Categorical Latent variables
  Number of M step iterations                                    1
  M step convergence criterion                           0.100D-02
  Basis for M step termination                           ITERATION
Optimization Specifications for the M step of the EM Algorithm for
Censored, Binary or Ordered Categorical (Ordinal), Unordered
Categorical (Nominal) and Count Outcomes
  Number of M step iterations                                    1
  M step convergence criterion                           0.100D-02
  Basis for M step termination                           ITERATION
  Maximum value for logit thresholds                            15
  Minimum value for logit thresholds                           -15
  Minimum expected cell size for chi-square              0.100D-01
Optimization algorithm                                         EMA
Integration Specifications
  Type                                                  MONTECARLO
  Number of integration points                                2000
  Dimensions of numerical integration                            2
  Adaptive quadrature                                           ON
  Monte Carlo integration seed                                   0
Cholesky                                                       OFF

Input data file(s)
  /Users/jimmy_z/desktop/Temp_Data/temp_data_454.dat
Input data format  FREE



UNIVARIATE SAMPLE STATISTICS


     UNIVARIATE HIGHER-ORDER MOMENT DESCRIPTIVE STATISTICS

         Variable/         Mean/     Skewness/   Minimum/ % with                Percentiles
        Sample Size      Variance    Kurtosis    Maximum  Min/Max      20%/60%    40%/80%    Median

     X1                    0.114       0.106      -3.908    0.40%      -1.233     -0.317      0.163
             250.000       2.507       0.116       5.740    0.40%       0.619      1.408
     X2                    0.195       0.005      -3.355    0.40%      -0.869     -0.099      0.230
             250.000       1.664       0.220       3.940    0.40%       0.505      1.262
     X3                    0.073       0.285      -4.177    0.40%      -0.731     -0.296     -0.021
             250.000       1.284       1.220       4.103    0.40%       0.242      0.953
     M1                    0.045       0.214      -3.844    0.40%      -1.401     -0.477     -0.070
             250.000       2.568      -0.211       4.826    0.40%       0.378      1.348
     M2                    0.112       0.029      -4.246    0.40%      -0.986     -0.281      0.034
             250.000       2.057       0.221       4.018    0.40%       0.360      1.245
     M3                   -0.034       0.091      -2.618    0.40%      -1.038     -0.366     -0.070
             250.000       1.241      -0.499       2.918    0.40%       0.239      0.911
     Y                    -0.037       0.424      -2.729    0.40%      -0.875     -0.296     -0.072
             250.000       1.196       1.160       4.088    0.40%       0.137      0.728


THE MODEL ESTIMATION TERMINATED NORMALLY



MODEL FIT INFORMATION

Number of Free Parameters                       24

Loglikelihood

          H0 Value                       -2750.867
          H0 Scaling Correction Factor      1.0204
            for MLR

Information Criteria

          Akaike (AIC)                    5549.735
          Bayesian (BIC)                  5634.250
          Sample-Size Adjusted BIC        5558.168
            (n* = (n + 2) / 24)



MODEL RESULTS

                                                    Two-Tailed
                    Estimate       S.E.  Est./S.E.    P-Value

 ETA1     BY
    X1                 1.000      0.000    999.000    999.000
    X2                 0.809      0.101      7.994      0.000
    X3                 0.763      0.097      7.852      0.000

 ETA2     BY
    M1                 1.000      0.000    999.000    999.000
    M2                 0.758      0.093      8.169      0.000
    M3                 0.592      0.071      8.294      0.000

 Y          ON
    ETA1               0.379      0.081      4.659      0.000
    ETA2               0.315      0.064      4.952      0.000
    ETA3               0.269      0.057      4.740      0.000

 ETA2     WITH
    ETA1              -0.109      0.120     -0.906      0.365

 Intercepts
    X1                 0.112      0.100      1.125      0.261
    X2                 0.194      0.081      2.382      0.017
    X3                 0.072      0.072      1.003      0.316
    M1                 0.046      0.101      0.450      0.653
    M2                 0.112      0.091      1.239      0.215
    M3                -0.034      0.071     -0.482      0.630
    Y                 -0.008      0.066     -0.125      0.900

 Variances
    ETA1               1.118      0.233      4.802      0.000
    ETA2               1.559      0.249      6.263      0.000

 Residual Variances
    X1                 1.384      0.164      8.457      0.000
    X2                 0.933      0.132      7.054      0.000
    X3                 0.633      0.092      6.867      0.000
    M1                 1.008      0.179      5.648      0.000
    M2                 1.162      0.134      8.681      0.000
    M3                 0.696      0.079      8.821      0.000
    Y                  0.731      0.084      8.747      0.000


QUALITY OF NUMERICAL RESULTS

     Condition Number for the Information Matrix              0.901E-03
       (ratio of smallest to largest eigenvalue)


STANDARDIZED MODEL RESULTS


STDYX Standardization

                                                    Two-Tailed
                    Estimate       S.E.  Est./S.E.    P-Value

 ETA1     BY
    X1                 0.669      0.051     13.081      0.000
    X2                 0.663      0.053     12.567      0.000
    X3                 0.712      0.052     13.656      0.000

 ETA2     BY
    M1                 0.779      0.045     17.273      0.000
    M2                 0.660      0.051     13.035      0.000
    M3                 0.663      0.049     13.503      0.000

 Y          ON
    ETA1               0.374      0.070      5.371      0.000
    ETA2               0.368      0.063      5.875      0.000
    ETA3               0.332      0.068      4.853      0.000

 ETA2     WITH
    ETA1              -0.082      0.092     -0.898      0.369

 Intercepts
    X1                 0.071      0.063      1.127      0.260
    X2                 0.150      0.064      2.367      0.018
    X3                 0.063      0.063      1.011      0.312
    M1                 0.028      0.063      0.451      0.652
    M2                 0.078      0.063      1.238      0.216
    M3                -0.031      0.063     -0.481      0.630
    Y                 -0.008      0.062     -0.125      0.900

 Variances
    ETA1               1.000      0.000    999.000    999.000
    ETA2               1.000      0.000    999.000    999.000

 Residual Variances
    X1                 0.553      0.068      8.093      0.000
    X2                 0.561      0.070      8.018      0.000
    X3                 0.493      0.074      6.643      0.000
    M1                 0.393      0.070      5.586      0.000
    M2                 0.565      0.067      8.459      0.000
    M3                 0.560      0.065      8.609      0.000
    Y                  0.637      0.066      9.601      0.000


STDY Standardization

                                                    Two-Tailed
                    Estimate       S.E.  Est./S.E.    P-Value

 ETA1     BY
    X1                 0.669      0.051     13.081      0.000
    X2                 0.663      0.053     12.567      0.000
    X3                 0.712      0.052     13.656      0.000

 ETA2     BY
    M1                 0.779      0.045     17.273      0.000
    M2                 0.660      0.051     13.035      0.000
    M3                 0.663      0.049     13.503      0.000

 Y          ON
    ETA1               0.374      0.070      5.371      0.000
    ETA2               0.368      0.063      5.875      0.000
    ETA3               0.332      0.068      4.853      0.000

 ETA2     WITH
    ETA1              -0.082      0.092     -0.898      0.369

 Intercepts
    X1                 0.071      0.063      1.127      0.260
    X2                 0.150      0.064      2.367      0.018
    X3                 0.063      0.063      1.011      0.312
    M1                 0.028      0.063      0.451      0.652
    M2                 0.078      0.063      1.238      0.216
    M3                -0.031      0.063     -0.481      0.630
    Y                 -0.008      0.062     -0.125      0.900

 Variances
    ETA1               1.000      0.000    999.000    999.000
    ETA2               1.000      0.000    999.000    999.000

 Residual Variances
    X1                 0.553      0.068      8.093      0.000
    X2                 0.561      0.070      8.018      0.000
    X3                 0.493      0.074      6.643      0.000
    M1                 0.393      0.070      5.586      0.000
    M2                 0.565      0.067      8.459      0.000
    M3                 0.560      0.065      8.609      0.000
    Y                  0.637      0.066      9.601      0.000


STD Standardization

                                                    Two-Tailed
                    Estimate       S.E.  Est./S.E.    P-Value

 ETA1     BY
    X1                 1.057      0.110      9.605      0.000
    X2                 0.855      0.085     10.033      0.000
    X3                 0.807      0.089      9.105      0.000

 ETA2     BY
    M1                 1.249      0.100     12.525      0.000
    M2                 0.946      0.100      9.442      0.000
    M3                 0.739      0.070     10.481      0.000

 Y          ON
    ETA1               0.401      0.081      4.918      0.000
    ETA2               0.394      0.073      5.393      0.000
    ETA3               0.356      0.076      4.689      0.000

 ETA2     WITH
    ETA1              -0.082      0.092     -0.898      0.369

 Intercepts
    X1                 0.112      0.100      1.125      0.261
    X2                 0.194      0.081      2.382      0.017
    X3                 0.072      0.072      1.003      0.316
    M1                 0.046      0.101      0.450      0.653
    M2                 0.112      0.091      1.239      0.215
    M3                -0.034      0.071     -0.482      0.630
    Y                 -0.008      0.066     -0.125      0.900

 Variances
    ETA1               1.000      0.000    999.000    999.000
    ETA2               1.000      0.000    999.000    999.000

 Residual Variances
    X1                 1.384      0.164      8.457      0.000
    X2                 0.933      0.132      7.054      0.000
    X3                 0.633      0.092      6.867      0.000
    M1                 1.008      0.179      5.648      0.000
    M2                 1.162      0.134      8.681      0.000
    M3                 0.696      0.079      8.821      0.000
    Y                  0.731      0.084      8.747      0.000


R-SQUARE

    Observed                                        Two-Tailed
    Variable        Estimate       S.E.  Est./S.E.    P-Value

    X1                 0.447      0.068      6.540      0.000
    X2                 0.439      0.070      6.283      0.000
    X3                 0.507      0.074      6.828      0.000
    M1                 0.607      0.070      8.637      0.000
    M2                 0.435      0.067      6.517      0.000
    M3                 0.440      0.065      6.752      0.000
    Y                  0.363      0.066      5.472      0.000


TECHNICAL 1 OUTPUT


     PARAMETER SPECIFICATION


           NU
              X1            X2            X3            M1            M2
              ________      ________      ________      ________      ________
                    1             2             3             4             5


           NU
              M3            Y
              ________      ________
                    6             0


           LAMBDA
              ETA1          ETA2          ETA3          Y
              ________      ________      ________      ________
 X1                 0             0             0             0
 X2                 7             0             0             0
 X3                 8             0             0             0
 M1                 0             0             0             0
 M2                 0             9             0             0
 M3                 0            10             0             0
 Y                  0             0             0             0


           THETA
              X1            X2            X3            M1            M2
              ________      ________      ________      ________      ________
 X1                11
 X2                 0            12
 X3                 0             0            13
 M1                 0             0             0            14
 M2                 0             0             0             0            15
 M3                 0             0             0             0             0
 Y                  0             0             0             0             0


           THETA
              M3            Y
              ________      ________
 M3                16
 Y                  0             0


           ALPHA
              ETA1          ETA2          ETA3          Y
              ________      ________      ________      ________
                    0             0             0            17


           BETA
              ETA1          ETA2          ETA3          Y
              ________      ________      ________      ________
 ETA1               0             0             0             0
 ETA2               0             0             0             0
 ETA3               0             0             0             0
 Y                 18            19            20             0


           PSI
              ETA1          ETA2          ETA3          Y
              ________      ________      ________      ________
 ETA1              21
 ETA2              22            23
 ETA3               0             0             0
 Y                  0             0             0            24


     STARTING VALUES


           NU
              X1            X2            X3            M1            M2
              ________      ________      ________      ________      ________
                0.114         0.195         0.073         0.045         0.112


           NU
              M3            Y
              ________      ________
               -0.034         0.000


           LAMBDA
              ETA1          ETA2          ETA3          Y
              ________      ________      ________      ________
 X1             1.000         0.000         0.000         0.000
 X2             1.000         0.000         0.000         0.000
 X3             1.000         0.000         0.000         0.000
 M1             0.000         1.000         0.000         0.000
 M2             0.000         1.000         0.000         0.000
 M3             0.000         1.000         0.000         0.000
 Y              0.000         0.000         0.000         1.000


           THETA
              X1            X2            X3            M1            M2
              ________      ________      ________      ________      ________
 X1             1.254
 X2             0.000         0.832
 X3             0.000         0.000         0.642
 M1             0.000         0.000         0.000         1.284
 M2             0.000         0.000         0.000         0.000         1.029
 M3             0.000         0.000         0.000         0.000         0.000
 Y              0.000         0.000         0.000         0.000         0.000


           THETA
              M3            Y
              ________      ________
 M3             0.620
 Y              0.000         0.000


           ALPHA
              ETA1          ETA2          ETA3          Y
              ________      ________      ________      ________
                0.000         0.000         0.000        -0.037


           BETA
              ETA1          ETA2          ETA3          Y
              ________      ________      ________      ________
 ETA1           0.000         0.000         0.000         0.000
 ETA2           0.000         0.000         0.000         0.000
 ETA3           0.000         0.000         0.000         0.000
 Y              0.000         0.000         0.000         0.000


           PSI
              ETA1          ETA2          ETA3          Y
              ________      ________      ________      ________
 ETA1           0.050
 ETA2           0.000         0.050
 ETA3           0.000         0.000         0.000
 Y              0.000         0.000         0.000         0.598


TECHNICAL 4 OUTPUT


     ESTIMATES DERIVED FROM THE MODEL


           ESTIMATED MEANS FOR THE LATENT VARIABLES
              ETA1          ETA2          ETA3          Y
              ________      ________      ________      ________
                0.000         0.000        -0.109        -0.038


           S.E. FOR ESTIMATED MEANS FOR THE LATENT VARIABLES
              ETA1          ETA2          ETA3          Y
              ________      ________      ________      ________
                0.000         0.000         0.120         0.069


           EST./S.E. FOR ESTIMATED MEANS FOR THE LATENT VARIABLES
              ETA1          ETA2          ETA3          Y
              ________      ________      ________      ________
                0.000         0.000        -0.906        -0.546


           TWO-TAILED P-VALUE FOR ESTIMATED MEANS FOR THE LATENT VARIABLES
              ETA1          ETA2          ETA3          Y
              ________      ________      ________      ________
                1.000         1.000         0.365         0.585


           ESTIMATED COVARIANCE MATRIX FOR THE LATENT VARIABLES
              ETA1          ETA2          ETA3          Y
              ________      ________      ________      ________
 ETA1           1.118
 ETA2          -0.109         1.559
 ETA3           0.000         0.000         1.755
 Y              0.389         0.451         0.473         1.148


           S.E. FOR ESTIMATED COVARIANCE MATRIX FOR THE LATENT VARIABLES
              ETA1          ETA2          ETA3          Y
              ________      ________      ________      ________
 ETA1           0.233
 ETA2           0.120         0.249
 ETA3           0.000         0.000         0.449
 Y              0.112         0.102         0.134         0.114


           EST./S.E. FOR ESTIMATED COVARIANCE MATRIX FOR THE LATENT VARIABLES
              ETA1          ETA2          ETA3          Y
              ________      ________      ________      ________
 ETA1           4.802
 ETA2          -0.906         6.263
 ETA3           0.000         0.000         3.909
 Y              3.472         4.417         3.537        10.046


           TWO-TAILED P-VALUE FOR ESTIMATED COVARIANCE MATRIX FOR THE LATENT VARIABLES
              ETA1          ETA2          ETA3          Y
              ________      ________      ________      ________
 ETA1           0.000
 ETA2           0.365         0.000
 ETA3           1.000         1.000         0.000
 Y              0.001         0.000         0.000         0.000


           ESTIMATED CORRELATION MATRIX FOR THE LATENT VARIABLES
              ETA1          ETA2          ETA3          Y
              ________      ________      ________      ________
 ETA1           1.000
 ETA2          -0.082         1.000
 ETA3           0.000         0.000         1.000
 Y              0.343         0.337         0.333         1.000


           S.E. FOR ESTIMATED CORRELATION MATRIX FOR THE LATENT VARIABLES
              ETA1          ETA2          ETA3          Y
              ________      ________      ________      ________
 ETA1           0.000
 ETA2           0.092         0.000
 ETA3           0.000         0.000         0.000
 Y              0.078         0.066         0.069         0.000


           EST./S.E. FOR ESTIMATED CORRELATION MATRIX FOR THE LATENT VARIABLES
              ETA1          ETA2          ETA3          Y
              ________      ________      ________      ________
 ETA1         999.000
 ETA2          -0.898       999.000
 ETA3           0.000         0.000       999.000
 Y              4.376         5.071         4.821       999.000


           TWO-TAILED P-VALUE FOR ESTIMATED CORRELATION MATRIX FOR THE LATENT VARIABLES
              ETA1          ETA2          ETA3          Y
              ________      ________      ________      ________
 ETA1           0.000
 ETA2           0.369         0.000
 ETA3           1.000         1.000         0.000
 Y              0.000         0.000         0.000         0.000


     Beginning Time:  23:18:19
        Ending Time:  23:19:26
       Elapsed Time:  00:01:07



MUTHEN & MUTHEN
3463 Stoner Ave.
Los Angeles, CA  90066

Tel: (310) 391-9971
Fax: (310) 391-8971
Web: www.StatModel.com
Support: Support@StatModel.com

Copyright (c) 1998-2022 Muthen & Muthen
