Mplus VERSION 8.8 (Mac)
MUTHEN & MUTHEN
08/20/2024  11:07 PM

INPUT INSTRUCTIONS

  TITLE: Data Analysis for SEM with Latent Interaction

  DATA:
    FILE = /Users/jimmy_z/desktop/Temp_Data/temp_data_394.dat;
    FORMAT = FREE;

  VARIABLE:
    NAMES ARE x1 x2 x3 m1 m2 m3 y;
    USEVARIABLES ARE x1 x2 x3 m1 m2 m3 y;

  ANALYSIS:
    TYPE = RANDOM;
    ESTIMATOR = MLR;
    ALGORITHM = INTEGRATION;
    INTEGRATION = MONTECARLO;

  MODEL:
    eta1 BY x1 x2 x3;
    eta2 BY m1 m2 m3;
    eta3 | eta1 XWITH eta2;
    y ON eta1 eta2 eta3;

  OUTPUT:
    STANDARDIZED;
    TECH1;
    TECH4;





INPUT READING TERMINATED NORMALLY



Data Analysis for SEM with Latent Interaction

SUMMARY OF ANALYSIS

Number of groups                                                 1
Number of observations                                         250

Number of dependent variables                                    7
Number of independent variables                                  0
Number of continuous latent variables                            3

Observed dependent variables

  Continuous
   X1          X2          X3          M1          M2          M3
   Y

Continuous latent variables
   ETA1        ETA2        ETA3


Estimator                                                      MLR
Information matrix                                        OBSERVED
Optimization Specifications for the Quasi-Newton Algorithm for
Continuous Outcomes
  Maximum number of iterations                                 100
  Convergence criterion                                  0.100D-05
Optimization Specifications for the EM Algorithm
  Maximum number of iterations                                 500
  Convergence criteria
    Loglikelihood change                                 0.100D-02
    Relative loglikelihood change                        0.100D-05
    Derivative                                           0.100D-02
Optimization Specifications for the M step of the EM Algorithm for
Categorical Latent variables
  Number of M step iterations                                    1
  M step convergence criterion                           0.100D-02
  Basis for M step termination                           ITERATION
Optimization Specifications for the M step of the EM Algorithm for
Censored, Binary or Ordered Categorical (Ordinal), Unordered
Categorical (Nominal) and Count Outcomes
  Number of M step iterations                                    1
  M step convergence criterion                           0.100D-02
  Basis for M step termination                           ITERATION
  Maximum value for logit thresholds                            15
  Minimum value for logit thresholds                           -15
  Minimum expected cell size for chi-square              0.100D-01
Optimization algorithm                                         EMA
Integration Specifications
  Type                                                  MONTECARLO
  Number of integration points                                2000
  Dimensions of numerical integration                            2
  Adaptive quadrature                                           ON
  Monte Carlo integration seed                                   0
Cholesky                                                       OFF

Input data file(s)
  /Users/jimmy_z/desktop/Temp_Data/temp_data_394.dat
Input data format  FREE



UNIVARIATE SAMPLE STATISTICS


     UNIVARIATE HIGHER-ORDER MOMENT DESCRIPTIVE STATISTICS

         Variable/         Mean/     Skewness/   Minimum/ % with                Percentiles
        Sample Size      Variance    Kurtosis    Maximum  Min/Max      20%/60%    40%/80%    Median

     X1                    0.161      -0.187      -4.929    0.40%      -1.072     -0.342      0.128
             250.000       2.326      -0.005       4.098    0.40%       0.581      1.479
     X2                    0.039      -0.154      -3.908    0.40%      -1.151     -0.337      0.081
             250.000       2.033      -0.216       3.839    0.40%       0.521      1.231
     X3                    0.131      -0.087      -2.896    0.40%      -0.887     -0.080      0.173
             250.000       1.442      -0.364       3.234    0.40%       0.455      1.172
     M1                   -0.035      -0.150      -4.955    0.40%      -1.206     -0.395     -0.028
             250.000       2.115       0.186       3.647    0.40%       0.219      1.384
     M2                   -0.102       0.075      -3.522    0.40%      -1.255     -0.499     -0.089
             250.000       1.870      -0.226       3.460    0.40%       0.246      0.948
     M3                    0.088      -0.138      -3.587    0.40%      -0.844     -0.142      0.160
             250.000       1.232       0.745       4.262    0.40%       0.398      1.001
     Y                     0.029       0.260      -2.438    0.40%      -0.785     -0.230      0.036
             250.000       1.092       0.465       3.619    0.40%       0.292      0.799


THE MODEL ESTIMATION TERMINATED NORMALLY



MODEL FIT INFORMATION

Number of Free Parameters                       24

Loglikelihood

          H0 Value                       -2745.557
          H0 Scaling Correction Factor      0.9883
            for MLR

Information Criteria

          Akaike (AIC)                    5539.113
          Bayesian (BIC)                  5623.628
          Sample-Size Adjusted BIC        5547.546
            (n* = (n + 2) / 24)



MODEL RESULTS

                                                    Two-Tailed
                    Estimate       S.E.  Est./S.E.    P-Value

 ETA1     BY
    X1                 1.000      0.000    999.000    999.000
    X2                 0.972      0.127      7.630      0.000
    X3                 0.835      0.113      7.417      0.000

 ETA2     BY
    M1                 1.000      0.000    999.000    999.000
    M2                 1.037      0.110      9.466      0.000
    M3                 0.909      0.111      8.201      0.000

 Y          ON
    ETA1               0.302      0.082      3.689      0.000
    ETA2               0.439      0.087      5.058      0.000
    ETA3               0.218      0.104      2.097      0.036

 ETA2     WITH
    ETA1              -0.082      0.079     -1.046      0.296

 Intercepts
    X1                 0.161      0.097      1.666      0.096
    X2                 0.039      0.090      0.436      0.663
    X3                 0.132      0.076      1.728      0.084
    M1                -0.035      0.092     -0.379      0.705
    M2                -0.102      0.087     -1.180      0.238
    M3                 0.088      0.070      1.248      0.212
    Y                  0.047      0.066      0.719      0.472

 Variances
    ETA1               0.993      0.201      4.941      0.000
    ETA2               0.889      0.166      5.361      0.000

 Residual Variances
    X1                 1.334      0.178      7.476      0.000
    X2                 1.098      0.148      7.431      0.000
    X3                 0.753      0.106      7.082      0.000
    M1                 1.229      0.138      8.877      0.000
    M2                 0.915      0.119      7.704      0.000
    M3                 0.498      0.085      5.841      0.000
    Y                  0.807      0.075     10.790      0.000


QUALITY OF NUMERICAL RESULTS

     Condition Number for the Information Matrix              0.194E-01
       (ratio of smallest to largest eigenvalue)


STANDARDIZED MODEL RESULTS


STDYX Standardization

                                                    Two-Tailed
                    Estimate       S.E.  Est./S.E.    P-Value

 ETA1     BY
    X1                 0.653      0.053     12.230      0.000
    X2                 0.679      0.050     13.643      0.000
    X3                 0.692      0.054     12.831      0.000

 ETA2     BY
    M1                 0.648      0.044     14.806      0.000
    M2                 0.715      0.043     16.624      0.000
    M3                 0.772      0.047     16.436      0.000

 Y          ON
    ETA1               0.288      0.066      4.398      0.000
    ETA2               0.397      0.064      6.182      0.000
    ETA3               0.196      0.084      2.347      0.019

 ETA2     WITH
    ETA1              -0.087      0.082     -1.067      0.286

 Intercepts
    X1                 0.105      0.064      1.644      0.100
    X2                 0.028      0.063      0.435      0.663
    X3                 0.109      0.064      1.716      0.086
    M1                -0.024      0.063     -0.380      0.704
    M2                -0.075      0.064     -1.176      0.240
    M3                 0.079      0.064      1.239      0.215
    Y                  0.045      0.063      0.723      0.470

 Variances
    ETA1               1.000      0.000    999.000    999.000
    ETA2               1.000      0.000    999.000    999.000

 Residual Variances
    X1                 0.573      0.070      8.216      0.000
    X2                 0.539      0.068      7.986      0.000
    X3                 0.521      0.075      6.985      0.000
    M1                 0.580      0.057     10.236      0.000
    M2                 0.489      0.061      7.956      0.000
    M3                 0.405      0.072      5.584      0.000
    Y                  0.741      0.065     11.417      0.000


STDY Standardization

                                                    Two-Tailed
                    Estimate       S.E.  Est./S.E.    P-Value

 ETA1     BY
    X1                 0.653      0.053     12.230      0.000
    X2                 0.679      0.050     13.643      0.000
    X3                 0.692      0.054     12.831      0.000

 ETA2     BY
    M1                 0.648      0.044     14.806      0.000
    M2                 0.715      0.043     16.624      0.000
    M3                 0.772      0.047     16.436      0.000

 Y          ON
    ETA1               0.288      0.066      4.398      0.000
    ETA2               0.397      0.064      6.182      0.000
    ETA3               0.196      0.084      2.347      0.019

 ETA2     WITH
    ETA1              -0.087      0.082     -1.067      0.286

 Intercepts
    X1                 0.105      0.064      1.644      0.100
    X2                 0.028      0.063      0.435      0.663
    X3                 0.109      0.064      1.716      0.086
    M1                -0.024      0.063     -0.380      0.704
    M2                -0.075      0.064     -1.176      0.240
    M3                 0.079      0.064      1.239      0.215
    Y                  0.045      0.063      0.723      0.470

 Variances
    ETA1               1.000      0.000    999.000    999.000
    ETA2               1.000      0.000    999.000    999.000

 Residual Variances
    X1                 0.573      0.070      8.216      0.000
    X2                 0.539      0.068      7.986      0.000
    X3                 0.521      0.075      6.985      0.000
    M1                 0.580      0.057     10.236      0.000
    M2                 0.489      0.061      7.956      0.000
    M3                 0.405      0.072      5.584      0.000
    Y                  0.741      0.065     11.417      0.000


STD Standardization

                                                    Two-Tailed
                    Estimate       S.E.  Est./S.E.    P-Value

 ETA1     BY
    X1                 0.997      0.101      9.883      0.000
    X2                 0.969      0.090     10.820      0.000
    X3                 0.832      0.082     10.180      0.000

 ETA2     BY
    M1                 0.943      0.088     10.722      0.000
    M2                 0.978      0.081     12.090      0.000
    M3                 0.856      0.080     10.669      0.000

 Y          ON
    ETA1               0.301      0.073      4.142      0.000
    ETA2               0.414      0.076      5.447      0.000
    ETA3               0.205      0.091      2.259      0.024

 ETA2     WITH
    ETA1              -0.087      0.082     -1.067      0.286

 Intercepts
    X1                 0.161      0.097      1.666      0.096
    X2                 0.039      0.090      0.436      0.663
    X3                 0.132      0.076      1.728      0.084
    M1                -0.035      0.092     -0.379      0.705
    M2                -0.102      0.087     -1.180      0.238
    M3                 0.088      0.070      1.248      0.212
    Y                  0.047      0.066      0.719      0.472

 Variances
    ETA1               1.000      0.000    999.000    999.000
    ETA2               1.000      0.000    999.000    999.000

 Residual Variances
    X1                 1.334      0.178      7.476      0.000
    X2                 1.098      0.148      7.431      0.000
    X3                 0.753      0.106      7.082      0.000
    M1                 1.229      0.138      8.877      0.000
    M2                 0.915      0.119      7.704      0.000
    M3                 0.498      0.085      5.841      0.000
    Y                  0.807      0.075     10.790      0.000


R-SQUARE

    Observed                                        Two-Tailed
    Variable        Estimate       S.E.  Est./S.E.    P-Value

    X1                 0.427      0.070      6.115      0.000
    X2                 0.461      0.068      6.821      0.000
    X3                 0.479      0.075      6.415      0.000
    M1                 0.420      0.057      7.403      0.000
    M2                 0.511      0.061      8.312      0.000
    M3                 0.595      0.072      8.218      0.000
    Y                  0.259      0.065      3.997      0.000


TECHNICAL 1 OUTPUT


     PARAMETER SPECIFICATION


           NU
              X1            X2            X3            M1            M2
              ________      ________      ________      ________      ________
                    1             2             3             4             5


           NU
              M3            Y
              ________      ________
                    6             0


           LAMBDA
              ETA1          ETA2          ETA3          Y
              ________      ________      ________      ________
 X1                 0             0             0             0
 X2                 7             0             0             0
 X3                 8             0             0             0
 M1                 0             0             0             0
 M2                 0             9             0             0
 M3                 0            10             0             0
 Y                  0             0             0             0


           THETA
              X1            X2            X3            M1            M2
              ________      ________      ________      ________      ________
 X1                11
 X2                 0            12
 X3                 0             0            13
 M1                 0             0             0            14
 M2                 0             0             0             0            15
 M3                 0             0             0             0             0
 Y                  0             0             0             0             0


           THETA
              M3            Y
              ________      ________
 M3                16
 Y                  0             0


           ALPHA
              ETA1          ETA2          ETA3          Y
              ________      ________      ________      ________
                    0             0             0            17


           BETA
              ETA1          ETA2          ETA3          Y
              ________      ________      ________      ________
 ETA1               0             0             0             0
 ETA2               0             0             0             0
 ETA3               0             0             0             0
 Y                 18            19            20             0


           PSI
              ETA1          ETA2          ETA3          Y
              ________      ________      ________      ________
 ETA1              21
 ETA2              22            23
 ETA3               0             0             0
 Y                  0             0             0            24


     STARTING VALUES


           NU
              X1            X2            X3            M1            M2
              ________      ________      ________      ________      ________
                0.161         0.039         0.131        -0.035        -0.102


           NU
              M3            Y
              ________      ________
                0.088         0.000


           LAMBDA
              ETA1          ETA2          ETA3          Y
              ________      ________      ________      ________
 X1             1.000         0.000         0.000         0.000
 X2             1.000         0.000         0.000         0.000
 X3             1.000         0.000         0.000         0.000
 M1             0.000         1.000         0.000         0.000
 M2             0.000         1.000         0.000         0.000
 M3             0.000         1.000         0.000         0.000
 Y              0.000         0.000         0.000         1.000


           THETA
              X1            X2            X3            M1            M2
              ________      ________      ________      ________      ________
 X1             1.163
 X2             0.000         1.016
 X3             0.000         0.000         0.721
 M1             0.000         0.000         0.000         1.057
 M2             0.000         0.000         0.000         0.000         0.935
 M3             0.000         0.000         0.000         0.000         0.000
 Y              0.000         0.000         0.000         0.000         0.000


           THETA
              M3            Y
              ________      ________
 M3             0.616
 Y              0.000         0.000


           ALPHA
              ETA1          ETA2          ETA3          Y
              ________      ________      ________      ________
                0.000         0.000         0.000         0.029


           BETA
              ETA1          ETA2          ETA3          Y
              ________      ________      ________      ________
 ETA1           0.000         0.000         0.000         0.000
 ETA2           0.000         0.000         0.000         0.000
 ETA3           0.000         0.000         0.000         0.000
 Y              0.000         0.000         0.000         0.000


           PSI
              ETA1          ETA2          ETA3          Y
              ________      ________      ________      ________
 ETA1           0.050
 ETA2           0.000         0.050
 ETA3           0.000         0.000         0.000
 Y              0.000         0.000         0.000         0.546


TECHNICAL 4 OUTPUT


     ESTIMATES DERIVED FROM THE MODEL


           ESTIMATED MEANS FOR THE LATENT VARIABLES
              ETA1          ETA2          ETA3          Y
              ________      ________      ________      ________
                0.000         0.000        -0.082         0.029


           S.E. FOR ESTIMATED MEANS FOR THE LATENT VARIABLES
              ETA1          ETA2          ETA3          Y
              ________      ________      ________      ________
                0.000         0.000         0.079         0.066


           EST./S.E. FOR ESTIMATED MEANS FOR THE LATENT VARIABLES
              ETA1          ETA2          ETA3          Y
              ________      ________      ________      ________
                0.000         0.000        -1.046         0.445


           TWO-TAILED P-VALUE FOR ESTIMATED MEANS FOR THE LATENT VARIABLES
              ETA1          ETA2          ETA3          Y
              ________      ________      ________      ________
                1.000         1.000         0.296         0.656


           ESTIMATED COVARIANCE MATRIX FOR THE LATENT VARIABLES
              ETA1          ETA2          ETA3          Y
              ________      ________      ________      ________
 ETA1           0.993
 ETA2          -0.082         0.889
 ETA3           0.000         0.000         0.889
 Y              0.264         0.366         0.194         1.090


           S.E. FOR ESTIMATED COVARIANCE MATRIX FOR THE LATENT VARIABLES
              ETA1          ETA2          ETA3          Y
              ________      ________      ________      ________
 ETA1           0.201
 ETA2           0.079         0.166
 ETA3           0.000         0.000         0.240
 Y              0.080         0.082         0.087         0.107


           EST./S.E. FOR ESTIMATED COVARIANCE MATRIX FOR THE LATENT VARIABLES
              ETA1          ETA2          ETA3          Y
              ________      ________      ________      ________
 ETA1           4.941
 ETA2          -1.046         5.361
 ETA3           0.000         0.000         3.707
 Y              3.292         4.458         2.242        10.157


           TWO-TAILED P-VALUE FOR ESTIMATED COVARIANCE MATRIX FOR THE LATENT VARIABLES
              ETA1          ETA2          ETA3          Y
              ________      ________      ________      ________
 ETA1           0.000
 ETA2           0.296         0.000
 ETA3           1.000         1.000         0.000
 Y              0.001         0.000         0.025         0.000


           ESTIMATED CORRELATION MATRIX FOR THE LATENT VARIABLES
              ETA1          ETA2          ETA3          Y
              ________      ________      ________      ________
 ETA1           1.000
 ETA2          -0.087         1.000
 ETA3           0.000         0.000         1.000
 Y              0.253         0.372         0.197         1.000


           S.E. FOR ESTIMATED CORRELATION MATRIX FOR THE LATENT VARIABLES
              ETA1          ETA2          ETA3          Y
              ________      ________      ________      ________
 ETA1           0.000
 ETA2           0.082         0.000
 ETA3           0.000         0.000         0.000
 Y              0.073         0.064         0.084         0.000


           EST./S.E. FOR ESTIMATED CORRELATION MATRIX FOR THE LATENT VARIABLES
              ETA1          ETA2          ETA3          Y
              ________      ________      ________      ________
 ETA1         999.000
 ETA2          -1.067       999.000
 ETA3           0.000         0.000       999.000
 Y              3.475         5.798         2.353       999.000


           TWO-TAILED P-VALUE FOR ESTIMATED CORRELATION MATRIX FOR THE LATENT VARIABLES
              ETA1          ETA2          ETA3          Y
              ________      ________      ________      ________
 ETA1           0.000
 ETA2           0.286         0.000
 ETA3           1.000         1.000         0.000
 Y              0.001         0.000         0.019         0.000


     Beginning Time:  23:07:06
        Ending Time:  23:08:27
       Elapsed Time:  00:01:21



MUTHEN & MUTHEN
3463 Stoner Ave.
Los Angeles, CA  90066

Tel: (310) 391-9971
Fax: (310) 391-8971
Web: www.StatModel.com
Support: Support@StatModel.com

Copyright (c) 1998-2022 Muthen & Muthen
