Mplus VERSION 8.8 (Mac)
MUTHEN & MUTHEN
08/20/2024  10:58 PM

INPUT INSTRUCTIONS

  TITLE: Data Analysis for SEM with Latent Interaction

  DATA:
    FILE = /Users/jimmy_z/desktop/Temp_Data/temp_data_350.dat;
    FORMAT = FREE;

  VARIABLE:
    NAMES ARE x1 x2 x3 m1 m2 m3 y;
    USEVARIABLES ARE x1 x2 x3 m1 m2 m3 y;

  ANALYSIS:
    TYPE = RANDOM;
    ESTIMATOR = MLR;
    ALGORITHM = INTEGRATION;
    INTEGRATION = MONTECARLO;

  MODEL:
    eta1 BY x1 x2 x3;
    eta2 BY m1 m2 m3;
    eta3 | eta1 XWITH eta2;
    y ON eta1 eta2 eta3;

  OUTPUT:
    STANDARDIZED;
    TECH1;
    TECH4;





INPUT READING TERMINATED NORMALLY



Data Analysis for SEM with Latent Interaction

SUMMARY OF ANALYSIS

Number of groups                                                 1
Number of observations                                         250

Number of dependent variables                                    7
Number of independent variables                                  0
Number of continuous latent variables                            3

Observed dependent variables

  Continuous
   X1          X2          X3          M1          M2          M3
   Y

Continuous latent variables
   ETA1        ETA2        ETA3


Estimator                                                      MLR
Information matrix                                        OBSERVED
Optimization Specifications for the Quasi-Newton Algorithm for
Continuous Outcomes
  Maximum number of iterations                                 100
  Convergence criterion                                  0.100D-05
Optimization Specifications for the EM Algorithm
  Maximum number of iterations                                 500
  Convergence criteria
    Loglikelihood change                                 0.100D-02
    Relative loglikelihood change                        0.100D-05
    Derivative                                           0.100D-02
Optimization Specifications for the M step of the EM Algorithm for
Categorical Latent variables
  Number of M step iterations                                    1
  M step convergence criterion                           0.100D-02
  Basis for M step termination                           ITERATION
Optimization Specifications for the M step of the EM Algorithm for
Censored, Binary or Ordered Categorical (Ordinal), Unordered
Categorical (Nominal) and Count Outcomes
  Number of M step iterations                                    1
  M step convergence criterion                           0.100D-02
  Basis for M step termination                           ITERATION
  Maximum value for logit thresholds                            15
  Minimum value for logit thresholds                           -15
  Minimum expected cell size for chi-square              0.100D-01
Optimization algorithm                                         EMA
Integration Specifications
  Type                                                  MONTECARLO
  Number of integration points                                2000
  Dimensions of numerical integration                            2
  Adaptive quadrature                                           ON
  Monte Carlo integration seed                                   0
Cholesky                                                       OFF

Input data file(s)
  /Users/jimmy_z/desktop/Temp_Data/temp_data_350.dat
Input data format  FREE



UNIVARIATE SAMPLE STATISTICS


     UNIVARIATE HIGHER-ORDER MOMENT DESCRIPTIVE STATISTICS

         Variable/         Mean/     Skewness/   Minimum/ % with                Percentiles
        Sample Size      Variance    Kurtosis    Maximum  Min/Max      20%/60%    40%/80%    Median

     X1                   -0.013      -0.198      -5.398    0.40%      -1.156     -0.446     -0.032
             250.000       2.407       0.452       4.128    0.40%       0.312      1.216
     X2                   -0.027      -0.149      -3.336    0.40%      -1.110     -0.247      0.023
             250.000       1.692      -0.168       3.620    0.40%       0.336      1.004
     X3                   -0.033      -0.173      -3.087    0.40%      -0.954     -0.279     -0.003
             250.000       1.036       0.040       2.921    0.40%       0.274      0.785
     M1                   -0.059       0.100      -4.430    0.40%      -1.221     -0.486     -0.169
             250.000       2.184       0.261       4.160    0.40%       0.197      1.121
     M2                   -0.097      -0.127      -3.379    0.40%      -1.234     -0.352     -0.032
             250.000       1.560      -0.099       3.533    0.40%       0.203      1.012
     M3                   -0.086      -0.392      -4.257    0.40%      -1.039     -0.362      0.080
             250.000       1.232       0.181       2.498    0.40%       0.319      0.808
     Y                     0.007       0.012      -3.228    0.40%      -0.871     -0.286     -0.027
             250.000       1.012       0.037       2.439    0.40%       0.206      0.881


THE MODEL ESTIMATION TERMINATED NORMALLY



MODEL FIT INFORMATION

Number of Free Parameters                       24

Loglikelihood

          H0 Value                       -2696.178
          H0 Scaling Correction Factor      1.0135
            for MLR

Information Criteria

          Akaike (AIC)                    5440.356
          Bayesian (BIC)                  5524.871
          Sample-Size Adjusted BIC        5448.789
            (n* = (n + 2) / 24)



MODEL RESULTS

                                                    Two-Tailed
                    Estimate       S.E.  Est./S.E.    P-Value

 ETA1     BY
    X1                 1.000      0.000    999.000    999.000
    X2                 0.737      0.123      6.010      0.000
    X3                 0.527      0.079      6.688      0.000

 ETA2     BY
    M1                 1.000      0.000    999.000    999.000
    M2                 0.835      0.129      6.456      0.000
    M3                 0.724      0.127      5.712      0.000

 Y          ON
    ETA1               0.246      0.067      3.660      0.000
    ETA2               0.421      0.082      5.117      0.000
    ETA3               0.231      0.090      2.582      0.010

 ETA2     WITH
    ETA1              -0.121      0.100     -1.211      0.226

 Intercepts
    X1                -0.013      0.098     -0.130      0.896
    X2                -0.026      0.082     -0.321      0.749
    X3                -0.033      0.064     -0.509      0.611
    M1                -0.060      0.094     -0.638      0.523
    M2                -0.097      0.079     -1.229      0.219
    M3                -0.087      0.070     -1.236      0.216
    Y                  0.035      0.064      0.540      0.589

 Variances
    ETA1               1.233      0.259      4.761      0.000
    ETA2               0.980      0.223      4.391      0.000

 Residual Variances
    X1                 1.176      0.216      5.438      0.000
    X2                 1.022      0.124      8.265      0.000
    X3                 0.693      0.073      9.451      0.000
    M1                 1.205      0.153      7.868      0.000
    M2                 0.877      0.111      7.873      0.000
    M3                 0.718      0.102      7.034      0.000
    Y                  0.721      0.078      9.288      0.000


QUALITY OF NUMERICAL RESULTS

     Condition Number for the Information Matrix              0.167E-01
       (ratio of smallest to largest eigenvalue)


STANDARDIZED MODEL RESULTS


STDYX Standardization

                                                    Two-Tailed
                    Estimate       S.E.  Est./S.E.    P-Value

 ETA1     BY
    X1                 0.716      0.060     11.993      0.000
    X2                 0.629      0.057     11.080      0.000
    X3                 0.575      0.061      9.392      0.000

 ETA2     BY
    M1                 0.670      0.057     11.830      0.000
    M2                 0.662      0.051     12.919      0.000
    M3                 0.646      0.066      9.714      0.000

 Y          ON
    ETA1               0.272      0.071      3.834      0.000
    ETA2               0.415      0.067      6.172      0.000
    ETA3               0.253      0.088      2.864      0.004

 ETA2     WITH
    ETA1              -0.110      0.089     -1.238      0.216

 Intercepts
    X1                -0.008      0.063     -0.131      0.896
    X2                -0.020      0.063     -0.321      0.748
    X3                -0.032      0.063     -0.510      0.610
    M1                -0.040      0.063     -0.637      0.524
    M2                -0.078      0.063     -1.234      0.217
    M3                -0.078      0.062     -1.254      0.210
    Y                  0.034      0.064      0.540      0.589

 Variances
    ETA1               1.000      0.000    999.000    999.000
    ETA2               1.000      0.000    999.000    999.000

 Residual Variances
    X1                 0.488      0.085      5.716      0.000
    X2                 0.604      0.071      8.448      0.000
    X3                 0.669      0.070      9.491      0.000
    M1                 0.552      0.076      7.275      0.000
    M2                 0.562      0.068      8.289      0.000
    M3                 0.583      0.086      6.789      0.000
    Y                  0.714      0.068     10.569      0.000


STDY Standardization

                                                    Two-Tailed
                    Estimate       S.E.  Est./S.E.    P-Value

 ETA1     BY
    X1                 0.716      0.060     11.993      0.000
    X2                 0.629      0.057     11.080      0.000
    X3                 0.575      0.061      9.392      0.000

 ETA2     BY
    M1                 0.670      0.057     11.830      0.000
    M2                 0.662      0.051     12.919      0.000
    M3                 0.646      0.066      9.714      0.000

 Y          ON
    ETA1               0.272      0.071      3.834      0.000
    ETA2               0.415      0.067      6.172      0.000
    ETA3               0.253      0.088      2.864      0.004

 ETA2     WITH
    ETA1              -0.110      0.089     -1.238      0.216

 Intercepts
    X1                -0.008      0.063     -0.131      0.896
    X2                -0.020      0.063     -0.321      0.748
    X3                -0.032      0.063     -0.510      0.610
    M1                -0.040      0.063     -0.637      0.524
    M2                -0.078      0.063     -1.234      0.217
    M3                -0.078      0.062     -1.254      0.210
    Y                  0.034      0.064      0.540      0.589

 Variances
    ETA1               1.000      0.000    999.000    999.000
    ETA2               1.000      0.000    999.000    999.000

 Residual Variances
    X1                 0.488      0.085      5.716      0.000
    X2                 0.604      0.071      8.448      0.000
    X3                 0.669      0.070      9.491      0.000
    M1                 0.552      0.076      7.275      0.000
    M2                 0.562      0.068      8.289      0.000
    M3                 0.583      0.086      6.789      0.000
    Y                  0.714      0.068     10.569      0.000


STD Standardization

                                                    Two-Tailed
                    Estimate       S.E.  Est./S.E.    P-Value

 ETA1     BY
    X1                 1.111      0.117      9.522      0.000
    X2                 0.819      0.092      8.932      0.000
    X3                 0.586      0.077      7.568      0.000

 ETA2     BY
    M1                 0.990      0.113      8.781      0.000
    M2                 0.826      0.082     10.088      0.000
    M3                 0.717      0.092      7.822      0.000

 Y          ON
    ETA1               0.273      0.073      3.766      0.000
    ETA2               0.417      0.076      5.483      0.000
    ETA3               0.254      0.090      2.822      0.005

 ETA2     WITH
    ETA1              -0.110      0.089     -1.238      0.216

 Intercepts
    X1                -0.013      0.098     -0.130      0.896
    X2                -0.026      0.082     -0.321      0.749
    X3                -0.033      0.064     -0.509      0.611
    M1                -0.060      0.094     -0.638      0.523
    M2                -0.097      0.079     -1.229      0.219
    M3                -0.087      0.070     -1.236      0.216
    Y                  0.035      0.064      0.540      0.589

 Variances
    ETA1               1.000      0.000    999.000    999.000
    ETA2               1.000      0.000    999.000    999.000

 Residual Variances
    X1                 1.176      0.216      5.438      0.000
    X2                 1.022      0.124      8.265      0.000
    X3                 0.693      0.073      9.451      0.000
    M1                 1.205      0.153      7.868      0.000
    M2                 0.877      0.111      7.873      0.000
    M3                 0.718      0.102      7.034      0.000
    Y                  0.721      0.078      9.288      0.000


R-SQUARE

    Observed                                        Two-Tailed
    Variable        Estimate       S.E.  Est./S.E.    P-Value

    X1                 0.512      0.085      5.997      0.000
    X2                 0.396      0.071      5.540      0.000
    X3                 0.331      0.070      4.696      0.000
    M1                 0.448      0.076      5.915      0.000
    M2                 0.438      0.068      6.460      0.000
    M3                 0.417      0.086      4.857      0.000
    Y                  0.286      0.068      4.234      0.000


TECHNICAL 1 OUTPUT


     PARAMETER SPECIFICATION


           NU
              X1            X2            X3            M1            M2
              ________      ________      ________      ________      ________
                    1             2             3             4             5


           NU
              M3            Y
              ________      ________
                    6             0


           LAMBDA
              ETA1          ETA2          ETA3          Y
              ________      ________      ________      ________
 X1                 0             0             0             0
 X2                 7             0             0             0
 X3                 8             0             0             0
 M1                 0             0             0             0
 M2                 0             9             0             0
 M3                 0            10             0             0
 Y                  0             0             0             0


           THETA
              X1            X2            X3            M1            M2
              ________      ________      ________      ________      ________
 X1                11
 X2                 0            12
 X3                 0             0            13
 M1                 0             0             0            14
 M2                 0             0             0             0            15
 M3                 0             0             0             0             0
 Y                  0             0             0             0             0


           THETA
              M3            Y
              ________      ________
 M3                16
 Y                  0             0


           ALPHA
              ETA1          ETA2          ETA3          Y
              ________      ________      ________      ________
                    0             0             0            17


           BETA
              ETA1          ETA2          ETA3          Y
              ________      ________      ________      ________
 ETA1               0             0             0             0
 ETA2               0             0             0             0
 ETA3               0             0             0             0
 Y                 18            19            20             0


           PSI
              ETA1          ETA2          ETA3          Y
              ________      ________      ________      ________
 ETA1              21
 ETA2              22            23
 ETA3               0             0             0
 Y                  0             0             0            24


     STARTING VALUES


           NU
              X1            X2            X3            M1            M2
              ________      ________      ________      ________      ________
               -0.013        -0.027        -0.033        -0.059        -0.097


           NU
              M3            Y
              ________      ________
               -0.086         0.000


           LAMBDA
              ETA1          ETA2          ETA3          Y
              ________      ________      ________      ________
 X1             1.000         0.000         0.000         0.000
 X2             1.000         0.000         0.000         0.000
 X3             1.000         0.000         0.000         0.000
 M1             0.000         1.000         0.000         0.000
 M2             0.000         1.000         0.000         0.000
 M3             0.000         1.000         0.000         0.000
 Y              0.000         0.000         0.000         1.000


           THETA
              X1            X2            X3            M1            M2
              ________      ________      ________      ________      ________
 X1             1.204
 X2             0.000         0.846
 X3             0.000         0.000         0.518
 M1             0.000         0.000         0.000         1.092
 M2             0.000         0.000         0.000         0.000         0.780
 M3             0.000         0.000         0.000         0.000         0.000
 Y              0.000         0.000         0.000         0.000         0.000


           THETA
              M3            Y
              ________      ________
 M3             0.616
 Y              0.000         0.000


           ALPHA
              ETA1          ETA2          ETA3          Y
              ________      ________      ________      ________
                0.000         0.000         0.000         0.007


           BETA
              ETA1          ETA2          ETA3          Y
              ________      ________      ________      ________
 ETA1           0.000         0.000         0.000         0.000
 ETA2           0.000         0.000         0.000         0.000
 ETA3           0.000         0.000         0.000         0.000
 Y              0.000         0.000         0.000         0.000


           PSI
              ETA1          ETA2          ETA3          Y
              ________      ________      ________      ________
 ETA1           0.050
 ETA2           0.000         0.050
 ETA3           0.000         0.000         0.000
 Y              0.000         0.000         0.000         0.506


TECHNICAL 4 OUTPUT


     ESTIMATES DERIVED FROM THE MODEL


           ESTIMATED MEANS FOR THE LATENT VARIABLES
              ETA1          ETA2          ETA3          Y
              ________      ________      ________      ________
                0.000         0.000        -0.121         0.007


           S.E. FOR ESTIMATED MEANS FOR THE LATENT VARIABLES
              ETA1          ETA2          ETA3          Y
              ________      ________      ________      ________
                0.000         0.000         0.100         0.064


           EST./S.E. FOR ESTIMATED MEANS FOR THE LATENT VARIABLES
              ETA1          ETA2          ETA3          Y
              ________      ________      ________      ________
                0.000         0.000        -1.211         0.103


           TWO-TAILED P-VALUE FOR ESTIMATED MEANS FOR THE LATENT VARIABLES
              ETA1          ETA2          ETA3          Y
              ________      ________      ________      ________
                1.000         1.000         0.226         0.918


           ESTIMATED COVARIANCE MATRIX FOR THE LATENT VARIABLES
              ETA1          ETA2          ETA3          Y
              ________      ________      ________      ________
 ETA1           1.233
 ETA2          -0.121         0.980
 ETA3           0.000         0.000         1.223
 Y              0.253         0.383         0.283         1.010


           S.E. FOR ESTIMATED COVARIANCE MATRIX FOR THE LATENT VARIABLES
              ETA1          ETA2          ETA3          Y
              ________      ________      ________      ________
 ETA1           0.259
 ETA2           0.100         0.223
 ETA3           0.000         0.000         0.368
 Y              0.097         0.090         0.108         0.091


           EST./S.E. FOR ESTIMATED COVARIANCE MATRIX FOR THE LATENT VARIABLES
              ETA1          ETA2          ETA3          Y
              ________      ________      ________      ________
 ETA1           4.761
 ETA2          -1.211         4.391
 ETA3           0.000         0.000         3.324
 Y              2.592         4.239         2.617        11.064


           TWO-TAILED P-VALUE FOR ESTIMATED COVARIANCE MATRIX FOR THE LATENT VARIABLES
              ETA1          ETA2          ETA3          Y
              ________      ________      ________      ________
 ETA1           0.000
 ETA2           0.226         0.000
 ETA3           1.000         1.000         0.001
 Y              0.010         0.000         0.009         0.000


           ESTIMATED CORRELATION MATRIX FOR THE LATENT VARIABLES
              ETA1          ETA2          ETA3          Y
              ________      ________      ________      ________
 ETA1           1.000
 ETA2          -0.110         1.000
 ETA3           0.000         0.000         1.000
 Y              0.226         0.385         0.254         1.000


           S.E. FOR ESTIMATED CORRELATION MATRIX FOR THE LATENT VARIABLES
              ETA1          ETA2          ETA3          Y
              ________      ________      ________      ________
 ETA1           0.000
 ETA2           0.089         0.000
 ETA3           0.000         0.000         0.000
 Y              0.079         0.065         0.089         0.000


           EST./S.E. FOR ESTIMATED CORRELATION MATRIX FOR THE LATENT VARIABLES
              ETA1          ETA2          ETA3          Y
              ________      ________      ________      ________
 ETA1         999.000
 ETA2          -1.238       999.000
 ETA3           0.000         0.000       999.000
 Y              2.868         5.884         2.866       999.000


           TWO-TAILED P-VALUE FOR ESTIMATED CORRELATION MATRIX FOR THE LATENT VARIABLES
              ETA1          ETA2          ETA3          Y
              ________      ________      ________      ________
 ETA1           0.000
 ETA2           0.216         0.000
 ETA3           1.000         1.000         0.000
 Y              0.004         0.000         0.004         0.000


     Beginning Time:  22:58:51
        Ending Time:  22:59:24
       Elapsed Time:  00:00:33



MUTHEN & MUTHEN
3463 Stoner Ave.
Los Angeles, CA  90066

Tel: (310) 391-9971
Fax: (310) 391-8971
Web: www.StatModel.com
Support: Support@StatModel.com

Copyright (c) 1998-2022 Muthen & Muthen
