Mplus VERSION 8.8 (Mac)
MUTHEN & MUTHEN
08/20/2024  11:48 PM

INPUT INSTRUCTIONS

  TITLE: Data Analysis for SEM with Latent Interaction

  DATA:
    FILE = /Users/jimmy_z/desktop/Temp_Data/temp_data_179.dat;
    FORMAT = FREE;

  VARIABLE:
    NAMES ARE x1 x2 x3 m1 m2 m3 y;
    USEVARIABLES ARE x1 x2 x3 m1 m2 m3 y;

  ANALYSIS:
    TYPE = RANDOM;
    ESTIMATOR = MLR;
    ALGORITHM = INTEGRATION;
    INTEGRATION = MONTECARLO;

  MODEL:
    eta1 BY x1 x2 x3;
    eta2 BY m1 m2 m3;
    eta3 | eta1 XWITH eta2;
    y ON eta1 eta2 eta3;

  OUTPUT:
    STANDARDIZED;
    TECH1;
    TECH4;





INPUT READING TERMINATED NORMALLY



Data Analysis for SEM with Latent Interaction

SUMMARY OF ANALYSIS

Number of groups                                                 1
Number of observations                                         250

Number of dependent variables                                    7
Number of independent variables                                  0
Number of continuous latent variables                            3

Observed dependent variables

  Continuous
   X1          X2          X3          M1          M2          M3
   Y

Continuous latent variables
   ETA1        ETA2        ETA3


Estimator                                                      MLR
Information matrix                                        OBSERVED
Optimization Specifications for the Quasi-Newton Algorithm for
Continuous Outcomes
  Maximum number of iterations                                 100
  Convergence criterion                                  0.100D-05
Optimization Specifications for the EM Algorithm
  Maximum number of iterations                                 500
  Convergence criteria
    Loglikelihood change                                 0.100D-02
    Relative loglikelihood change                        0.100D-05
    Derivative                                           0.100D-02
Optimization Specifications for the M step of the EM Algorithm for
Categorical Latent variables
  Number of M step iterations                                    1
  M step convergence criterion                           0.100D-02
  Basis for M step termination                           ITERATION
Optimization Specifications for the M step of the EM Algorithm for
Censored, Binary or Ordered Categorical (Ordinal), Unordered
Categorical (Nominal) and Count Outcomes
  Number of M step iterations                                    1
  M step convergence criterion                           0.100D-02
  Basis for M step termination                           ITERATION
  Maximum value for logit thresholds                            15
  Minimum value for logit thresholds                           -15
  Minimum expected cell size for chi-square              0.100D-01
Optimization algorithm                                         EMA
Integration Specifications
  Type                                                  MONTECARLO
  Number of integration points                                2000
  Dimensions of numerical integration                            2
  Adaptive quadrature                                           ON
  Monte Carlo integration seed                                   0
Cholesky                                                       OFF

Input data file(s)
  /Users/jimmy_z/desktop/Temp_Data/temp_data_179.dat
Input data format  FREE



UNIVARIATE SAMPLE STATISTICS


     UNIVARIATE HIGHER-ORDER MOMENT DESCRIPTIVE STATISTICS

         Variable/         Mean/     Skewness/   Minimum/ % with                Percentiles
        Sample Size      Variance    Kurtosis    Maximum  Min/Max      20%/60%    40%/80%    Median

     X1                   -0.067      -0.159      -3.569    0.40%      -1.180     -0.311      0.025
             250.000       1.811      -0.247       3.451    0.40%       0.267      1.063
     X2                   -0.015       0.159      -3.275    0.40%      -1.085     -0.298     -0.002
             250.000       1.475       0.044       3.758    0.40%       0.261      0.996
     X3                    0.001      -0.096      -2.815    0.40%      -0.878     -0.289      0.032
             250.000       1.028      -0.133       2.671    0.40%       0.279      0.820
     M1                   -0.039       0.152      -3.965    0.40%      -1.334     -0.446     -0.096
             250.000       2.087      -0.263       3.961    0.40%       0.322      1.125
     M2                   -0.004       0.065      -3.164    0.40%      -1.132     -0.311      0.026
             250.000       1.498      -0.103       3.377    0.40%       0.351      0.949
     M3                   -0.022       0.007      -3.603    0.40%      -0.926     -0.336     -0.058
             250.000       1.171       0.015       2.907    0.40%       0.266      0.953
     Y                    -0.009       0.475      -2.959    0.40%      -0.761     -0.281     -0.088
             250.000       1.007       1.719       4.684    0.40%       0.194      0.726


THE MODEL ESTIMATION TERMINATED NORMALLY



MODEL FIT INFORMATION

Number of Free Parameters                       24

Loglikelihood

          H0 Value                       -2477.349
          H0 Scaling Correction Factor      1.0084
            for MLR

Information Criteria

          Akaike (AIC)                    5002.698
          Bayesian (BIC)                  5087.213
          Sample-Size Adjusted BIC        5011.131
            (n* = (n + 2) / 24)



MODEL RESULTS

                                                    Two-Tailed
                    Estimate       S.E.  Est./S.E.    P-Value

 ETA1     BY
    X1                 1.000      0.000    999.000    999.000
    X2                 0.871      0.078     11.185      0.000
    X3                 0.793      0.075     10.642      0.000

 ETA2     BY
    M1                 1.000      0.000    999.000    999.000
    M2                 0.848      0.077     11.038      0.000
    M3                 0.868      0.080     10.893      0.000

 Y          ON
    ETA1               0.308      0.069      4.430      0.000
    ETA2               0.211      0.059      3.588      0.000
    ETA3               0.304      0.066      4.614      0.000

 ETA2     WITH
    ETA1               0.016      0.092      0.173      0.863

 Intercepts
    X1                -0.068      0.085     -0.793      0.428
    X2                -0.015      0.077     -0.196      0.845
    X3                 0.001      0.064      0.014      0.989
    M1                -0.039      0.091     -0.427      0.669
    M2                -0.004      0.077     -0.045      0.964
    M3                -0.022      0.068     -0.318      0.750
    Y                 -0.014      0.060     -0.231      0.818

 Variances
    ETA1               1.058      0.141      7.497      0.000
    ETA2               1.136      0.174      6.530      0.000

 Residual Variances
    X1                 0.754      0.096      7.845      0.000
    X2                 0.671      0.076      8.789      0.000
    X3                 0.362      0.055      6.586      0.000
    M1                 0.955      0.125      7.656      0.000
    M2                 0.680      0.083      8.195      0.000
    M3                 0.315      0.065      4.872      0.000
    Y                  0.708      0.066     10.754      0.000


QUALITY OF NUMERICAL RESULTS

     Condition Number for the Information Matrix              0.447E-03
       (ratio of smallest to largest eigenvalue)


STANDARDIZED MODEL RESULTS


STDYX Standardization

                                                    Two-Tailed
                    Estimate       S.E.  Est./S.E.    P-Value

 ETA1     BY
    X1                 0.764      0.032     23.630      0.000
    X2                 0.738      0.037     19.882      0.000
    X3                 0.805      0.036     22.510      0.000

 ETA2     BY
    M1                 0.737      0.039     18.680      0.000
    M2                 0.739      0.039     18.800      0.000
    M3                 0.855      0.033     26.203      0.000

 Y          ON
    ETA1               0.321      0.065      4.923      0.000
    ETA2               0.228      0.064      3.578      0.000
    ETA3               0.338      0.068      4.937      0.000

 ETA2     WITH
    ETA1               0.015      0.084      0.173      0.863

 Intercepts
    X1                -0.050      0.063     -0.796      0.426
    X2                -0.012      0.063     -0.196      0.845
    X3                 0.001      0.063      0.014      0.989
    M1                -0.027      0.063     -0.426      0.670
    M2                -0.003      0.063     -0.045      0.964
    M3                -0.020      0.063     -0.318      0.750
    Y                 -0.014      0.061     -0.230      0.818

 Variances
    ETA1               1.000      0.000    999.000    999.000
    ETA2               1.000      0.000    999.000    999.000

 Residual Variances
    X1                 0.416      0.049      8.417      0.000
    X2                 0.455      0.055      8.307      0.000
    X3                 0.352      0.058      6.123      0.000
    M1                 0.457      0.058      7.848      0.000
    M2                 0.454      0.058      7.824      0.000
    M3                 0.269      0.056      4.811      0.000
    Y                  0.728      0.068     10.642      0.000


STDY Standardization

                                                    Two-Tailed
                    Estimate       S.E.  Est./S.E.    P-Value

 ETA1     BY
    X1                 0.764      0.032     23.630      0.000
    X2                 0.738      0.037     19.882      0.000
    X3                 0.805      0.036     22.510      0.000

 ETA2     BY
    M1                 0.737      0.039     18.680      0.000
    M2                 0.739      0.039     18.800      0.000
    M3                 0.855      0.033     26.203      0.000

 Y          ON
    ETA1               0.321      0.065      4.923      0.000
    ETA2               0.228      0.064      3.578      0.000
    ETA3               0.338      0.068      4.937      0.000

 ETA2     WITH
    ETA1               0.015      0.084      0.173      0.863

 Intercepts
    X1                -0.050      0.063     -0.796      0.426
    X2                -0.012      0.063     -0.196      0.845
    X3                 0.001      0.063      0.014      0.989
    M1                -0.027      0.063     -0.426      0.670
    M2                -0.003      0.063     -0.045      0.964
    M3                -0.020      0.063     -0.318      0.750
    Y                 -0.014      0.061     -0.230      0.818

 Variances
    ETA1               1.000      0.000    999.000    999.000
    ETA2               1.000      0.000    999.000    999.000

 Residual Variances
    X1                 0.416      0.049      8.417      0.000
    X2                 0.455      0.055      8.307      0.000
    X3                 0.352      0.058      6.123      0.000
    M1                 0.457      0.058      7.848      0.000
    M2                 0.454      0.058      7.824      0.000
    M3                 0.269      0.056      4.811      0.000
    Y                  0.728      0.068     10.642      0.000


STD Standardization

                                                    Two-Tailed
                    Estimate       S.E.  Est./S.E.    P-Value

 ETA1     BY
    X1                 1.029      0.069     14.994      0.000
    X2                 0.896      0.073     12.305      0.000
    X3                 0.816      0.060     13.677      0.000

 ETA2     BY
    M1                 1.066      0.082     13.061      0.000
    M2                 0.904      0.073     12.301      0.000
    M3                 0.926      0.061     15.231      0.000

 Y          ON
    ETA1               0.317      0.072      4.412      0.000
    ETA2               0.225      0.066      3.385      0.001
    ETA3               0.333      0.074      4.486      0.000

 ETA2     WITH
    ETA1               0.015      0.084      0.173      0.863

 Intercepts
    X1                -0.068      0.085     -0.793      0.428
    X2                -0.015      0.077     -0.196      0.845
    X3                 0.001      0.064      0.014      0.989
    M1                -0.039      0.091     -0.427      0.669
    M2                -0.004      0.077     -0.045      0.964
    M3                -0.022      0.068     -0.318      0.750
    Y                 -0.014      0.060     -0.231      0.818

 Variances
    ETA1               1.000      0.000    999.000    999.000
    ETA2               1.000      0.000    999.000    999.000

 Residual Variances
    X1                 0.754      0.096      7.845      0.000
    X2                 0.671      0.076      8.789      0.000
    X3                 0.362      0.055      6.586      0.000
    M1                 0.955      0.125      7.656      0.000
    M2                 0.680      0.083      8.195      0.000
    M3                 0.315      0.065      4.872      0.000
    Y                  0.708      0.066     10.754      0.000


R-SQUARE

    Observed                                        Two-Tailed
    Variable        Estimate       S.E.  Est./S.E.    P-Value

    X1                 0.584      0.049     11.815      0.000
    X2                 0.545      0.055      9.941      0.000
    X3                 0.648      0.058     11.255      0.000
    M1                 0.543      0.058      9.340      0.000
    M2                 0.546      0.058      9.400      0.000
    M3                 0.731      0.056     13.102      0.000
    Y                  0.272      0.068      3.968      0.000


TECHNICAL 1 OUTPUT


     PARAMETER SPECIFICATION


           NU
              X1            X2            X3            M1            M2
              ________      ________      ________      ________      ________
                    1             2             3             4             5


           NU
              M3            Y
              ________      ________
                    6             0


           LAMBDA
              ETA1          ETA2          ETA3          Y
              ________      ________      ________      ________
 X1                 0             0             0             0
 X2                 7             0             0             0
 X3                 8             0             0             0
 M1                 0             0             0             0
 M2                 0             9             0             0
 M3                 0            10             0             0
 Y                  0             0             0             0


           THETA
              X1            X2            X3            M1            M2
              ________      ________      ________      ________      ________
 X1                11
 X2                 0            12
 X3                 0             0            13
 M1                 0             0             0            14
 M2                 0             0             0             0            15
 M3                 0             0             0             0             0
 Y                  0             0             0             0             0


           THETA
              M3            Y
              ________      ________
 M3                16
 Y                  0             0


           ALPHA
              ETA1          ETA2          ETA3          Y
              ________      ________      ________      ________
                    0             0             0            17


           BETA
              ETA1          ETA2          ETA3          Y
              ________      ________      ________      ________
 ETA1               0             0             0             0
 ETA2               0             0             0             0
 ETA3               0             0             0             0
 Y                 18            19            20             0


           PSI
              ETA1          ETA2          ETA3          Y
              ________      ________      ________      ________
 ETA1              21
 ETA2              22            23
 ETA3               0             0             0
 Y                  0             0             0            24


     STARTING VALUES


           NU
              X1            X2            X3            M1            M2
              ________      ________      ________      ________      ________
               -0.067        -0.015         0.001        -0.039        -0.004


           NU
              M3            Y
              ________      ________
               -0.022         0.000


           LAMBDA
              ETA1          ETA2          ETA3          Y
              ________      ________      ________      ________
 X1             1.000         0.000         0.000         0.000
 X2             1.000         0.000         0.000         0.000
 X3             1.000         0.000         0.000         0.000
 M1             0.000         1.000         0.000         0.000
 M2             0.000         1.000         0.000         0.000
 M3             0.000         1.000         0.000         0.000
 Y              0.000         0.000         0.000         1.000


           THETA
              X1            X2            X3            M1            M2
              ________      ________      ________      ________      ________
 X1             0.906
 X2             0.000         0.738
 X3             0.000         0.000         0.514
 M1             0.000         0.000         0.000         1.044
 M2             0.000         0.000         0.000         0.000         0.749
 M3             0.000         0.000         0.000         0.000         0.000
 Y              0.000         0.000         0.000         0.000         0.000


           THETA
              M3            Y
              ________      ________
 M3             0.586
 Y              0.000         0.000


           ALPHA
              ETA1          ETA2          ETA3          Y
              ________      ________      ________      ________
                0.000         0.000         0.000        -0.009


           BETA
              ETA1          ETA2          ETA3          Y
              ________      ________      ________      ________
 ETA1           0.000         0.000         0.000         0.000
 ETA2           0.000         0.000         0.000         0.000
 ETA3           0.000         0.000         0.000         0.000
 Y              0.000         0.000         0.000         0.000


           PSI
              ETA1          ETA2          ETA3          Y
              ________      ________      ________      ________
 ETA1           0.050
 ETA2           0.000         0.050
 ETA3           0.000         0.000         0.000
 Y              0.000         0.000         0.000         0.504


TECHNICAL 4 OUTPUT


     ESTIMATES DERIVED FROM THE MODEL


           ESTIMATED MEANS FOR THE LATENT VARIABLES
              ETA1          ETA2          ETA3          Y
              ________      ________      ________      ________
                0.000         0.000         0.016        -0.009


           S.E. FOR ESTIMATED MEANS FOR THE LATENT VARIABLES
              ETA1          ETA2          ETA3          Y
              ________      ________      ________      ________
                0.000         0.000         0.092         0.063


           EST./S.E. FOR ESTIMATED MEANS FOR THE LATENT VARIABLES
              ETA1          ETA2          ETA3          Y
              ________      ________      ________      ________
                0.000         0.000         0.173        -0.142


           TWO-TAILED P-VALUE FOR ESTIMATED MEANS FOR THE LATENT VARIABLES
              ETA1          ETA2          ETA3          Y
              ________      ________      ________      ________
                1.000         1.000         0.863         0.887


           ESTIMATED COVARIANCE MATRIX FOR THE LATENT VARIABLES
              ETA1          ETA2          ETA3          Y
              ________      ________      ________      ________
 ETA1           1.058
 ETA2           0.016         1.136
 ETA3           0.000         0.000         1.203
 Y              0.329         0.245         0.365         0.972


           S.E. FOR ESTIMATED COVARIANCE MATRIX FOR THE LATENT VARIABLES
              ETA1          ETA2          ETA3          Y
              ________      ________      ________      ________
 ETA1           0.141
 ETA2           0.092         0.174
 ETA3           0.000         0.000         0.255
 Y              0.082         0.086         0.100         0.100


           EST./S.E. FOR ESTIMATED COVARIANCE MATRIX FOR THE LATENT VARIABLES
              ETA1          ETA2          ETA3          Y
              ________      ________      ________      ________
 ETA1           7.497
 ETA2           0.173         6.530
 ETA3           0.000         0.000         4.726
 Y              4.010         2.862         3.649         9.674


           TWO-TAILED P-VALUE FOR ESTIMATED COVARIANCE MATRIX FOR THE LATENT VARIABLES
              ETA1          ETA2          ETA3          Y
              ________      ________      ________      ________
 ETA1           0.000
 ETA2           0.863         0.000
 ETA3           1.000         1.000         0.000
 Y              0.000         0.004         0.000         0.000


           ESTIMATED CORRELATION MATRIX FOR THE LATENT VARIABLES
              ETA1          ETA2          ETA3          Y
              ________      ________      ________      ________
 ETA1           1.000
 ETA2           0.015         1.000
 ETA3           0.000         0.000         1.000
 Y              0.324         0.233         0.338         1.000


           S.E. FOR ESTIMATED CORRELATION MATRIX FOR THE LATENT VARIABLES
              ETA1          ETA2          ETA3          Y
              ________      ________      ________      ________
 ETA1           0.000
 ETA2           0.084         0.000
 ETA3           0.000         0.000         0.000
 Y              0.066         0.069         0.069         0.000


           EST./S.E. FOR ESTIMATED CORRELATION MATRIX FOR THE LATENT VARIABLES
              ETA1          ETA2          ETA3          Y
              ________      ________      ________      ________
 ETA1         999.000
 ETA2           0.173       999.000
 ETA3           0.000         0.000       999.000
 Y              4.920         3.391         4.930       999.000


           TWO-TAILED P-VALUE FOR ESTIMATED CORRELATION MATRIX FOR THE LATENT VARIABLES
              ETA1          ETA2          ETA3          Y
              ________      ________      ________      ________
 ETA1           0.000
 ETA2           0.863         0.000
 ETA3           1.000         1.000         0.000
 Y              0.000         0.001         0.000         0.000


     Beginning Time:  23:48:04
        Ending Time:  00:22:04
       Elapsed Time:  00:34:00



MUTHEN & MUTHEN
3463 Stoner Ave.
Los Angeles, CA  90066

Tel: (310) 391-9971
Fax: (310) 391-8971
Web: www.StatModel.com
Support: Support@StatModel.com

Copyright (c) 1998-2022 Muthen & Muthen
