Mplus VERSION 8.8 (Mac)
MUTHEN & MUTHEN
08/20/2024  11:23 PM

INPUT INSTRUCTIONS

  TITLE: Data Analysis for SEM with Latent Interaction

  DATA:
    FILE = /Users/jimmy_z/desktop/Temp_Data/temp_data_479.dat;
    FORMAT = FREE;

  VARIABLE:
    NAMES ARE x1 x2 x3 m1 m2 m3 y;
    USEVARIABLES ARE x1 x2 x3 m1 m2 m3 y;

  ANALYSIS:
    TYPE = RANDOM;
    ESTIMATOR = MLR;
    ALGORITHM = INTEGRATION;
    INTEGRATION = MONTECARLO;

  MODEL:
    eta1 BY x1 x2 x3;
    eta2 BY m1 m2 m3;
    eta3 | eta1 XWITH eta2;
    y ON eta1 eta2 eta3;

  OUTPUT:
    STANDARDIZED;
    TECH1;
    TECH4;





INPUT READING TERMINATED NORMALLY



Data Analysis for SEM with Latent Interaction

SUMMARY OF ANALYSIS

Number of groups                                                 1
Number of observations                                         250

Number of dependent variables                                    7
Number of independent variables                                  0
Number of continuous latent variables                            3

Observed dependent variables

  Continuous
   X1          X2          X3          M1          M2          M3
   Y

Continuous latent variables
   ETA1        ETA2        ETA3


Estimator                                                      MLR
Information matrix                                        OBSERVED
Optimization Specifications for the Quasi-Newton Algorithm for
Continuous Outcomes
  Maximum number of iterations                                 100
  Convergence criterion                                  0.100D-05
Optimization Specifications for the EM Algorithm
  Maximum number of iterations                                 500
  Convergence criteria
    Loglikelihood change                                 0.100D-02
    Relative loglikelihood change                        0.100D-05
    Derivative                                           0.100D-02
Optimization Specifications for the M step of the EM Algorithm for
Categorical Latent variables
  Number of M step iterations                                    1
  M step convergence criterion                           0.100D-02
  Basis for M step termination                           ITERATION
Optimization Specifications for the M step of the EM Algorithm for
Censored, Binary or Ordered Categorical (Ordinal), Unordered
Categorical (Nominal) and Count Outcomes
  Number of M step iterations                                    1
  M step convergence criterion                           0.100D-02
  Basis for M step termination                           ITERATION
  Maximum value for logit thresholds                            15
  Minimum value for logit thresholds                           -15
  Minimum expected cell size for chi-square              0.100D-01
Optimization algorithm                                         EMA
Integration Specifications
  Type                                                  MONTECARLO
  Number of integration points                                2000
  Dimensions of numerical integration                            2
  Adaptive quadrature                                           ON
  Monte Carlo integration seed                                   0
Cholesky                                                       OFF

Input data file(s)
  /Users/jimmy_z/desktop/Temp_Data/temp_data_479.dat
Input data format  FREE



UNIVARIATE SAMPLE STATISTICS


     UNIVARIATE HIGHER-ORDER MOMENT DESCRIPTIVE STATISTICS

         Variable/         Mean/     Skewness/   Minimum/ % with                Percentiles
        Sample Size      Variance    Kurtosis    Maximum  Min/Max      20%/60%    40%/80%    Median

     X1                    0.046      -0.155      -4.425    0.40%      -1.177     -0.307      0.039
             250.000       1.979      -0.172       3.339    0.40%       0.388      1.300
     X2                   -0.013       0.094      -3.913    0.40%      -1.116     -0.395     -0.048
             250.000       1.866       0.126       4.067    0.40%       0.283      1.083
     X3                   -0.095      -0.180      -4.090    0.40%      -1.031     -0.397     -0.106
             250.000       1.215       0.343       3.148    0.40%       0.190      0.846
     M1                    0.009      -0.133      -3.992    0.40%      -1.353     -0.404      0.122
             250.000       2.179      -0.423       3.826    0.40%       0.455      1.330
     M2                    0.036       0.016      -3.953    0.40%      -0.979     -0.360      0.120
             250.000       1.813       0.061       4.019    0.40%       0.390      1.089
     M3                   -0.030      -0.016      -3.064    0.40%      -0.912     -0.404     -0.145
             250.000       1.253      -0.338       2.658    0.40%       0.149      1.058
     Y                    -0.093       0.260      -3.168    0.40%      -1.047     -0.360     -0.181
             250.000       1.202       0.382       3.852    0.40%       0.036      0.870


THE MODEL ESTIMATION TERMINATED NORMALLY



MODEL FIT INFORMATION

Number of Free Parameters                       24

Loglikelihood

          H0 Value                       -2705.559
          H0 Scaling Correction Factor      0.9908
            for MLR

Information Criteria

          Akaike (AIC)                    5459.118
          Bayesian (BIC)                  5543.633
          Sample-Size Adjusted BIC        5467.551
            (n* = (n + 2) / 24)



MODEL RESULTS

                                                    Two-Tailed
                    Estimate       S.E.  Est./S.E.    P-Value

 ETA1     BY
    X1                 1.000      0.000    999.000    999.000
    X2                 0.999      0.133      7.489      0.000
    X3                 0.811      0.100      8.086      0.000

 ETA2     BY
    M1                 1.000      0.000    999.000    999.000
    M2                 0.890      0.123      7.230      0.000
    M3                 0.783      0.094      8.310      0.000

 Y          ON
    ETA1               0.384      0.079      4.844      0.000
    ETA2               0.284      0.075      3.762      0.000
    ETA3               0.442      0.117      3.769      0.000

 ETA2     WITH
    ETA1              -0.005      0.081     -0.057      0.954

 Intercepts
    X1                 0.046      0.089      0.517      0.605
    X2                -0.013      0.087     -0.152      0.879
    X3                -0.095      0.070     -1.356      0.175
    M1                 0.010      0.093      0.102      0.919
    M2                 0.037      0.085      0.433      0.665
    M3                -0.030      0.071     -0.423      0.672
    Y                 -0.092      0.068     -1.346      0.178

 Variances
    ETA1               0.923      0.177      5.208      0.000
    ETA2               1.013      0.185      5.480      0.000

 Residual Variances
    X1                 1.053      0.130      8.077      0.000
    X2                 0.944      0.142      6.656      0.000
    X3                 0.608      0.079      7.706      0.000
    M1                 1.159      0.166      6.975      0.000
    M2                 1.011      0.126      8.003      0.000
    M3                 0.633      0.086      7.341      0.000
    Y                  0.802      0.085      9.480      0.000


QUALITY OF NUMERICAL RESULTS

     Condition Number for the Information Matrix              0.577E-03
       (ratio of smallest to largest eigenvalue)


STANDARDIZED MODEL RESULTS


STDYX Standardization

                                                    Two-Tailed
                    Estimate       S.E.  Est./S.E.    P-Value

 ETA1     BY
    X1                 0.683      0.049     13.885      0.000
    X2                 0.703      0.053     13.298      0.000
    X3                 0.707      0.043     16.476      0.000

 ETA2     BY
    M1                 0.683      0.052     13.105      0.000
    M2                 0.665      0.051     13.081      0.000
    M3                 0.703      0.051     13.816      0.000

 Y          ON
    ETA1               0.337      0.067      5.018      0.000
    ETA2               0.260      0.064      4.075      0.000
    ETA3               0.390      0.073      5.360      0.000

 ETA2     WITH
    ETA1              -0.005      0.084     -0.057      0.954

 Intercepts
    X1                 0.033      0.064      0.515      0.606
    X2                -0.010      0.063     -0.152      0.879
    X3                -0.086      0.063     -1.363      0.173
    M1                 0.006      0.063      0.102      0.919
    M2                 0.027      0.063      0.433      0.665
    M3                -0.027      0.063     -0.423      0.672
    Y                 -0.083      0.063     -1.328      0.184

 Variances
    ETA1               1.000      0.000    999.000    999.000
    ETA2               1.000      0.000    999.000    999.000

 Residual Variances
    X1                 0.533      0.067      7.920      0.000
    X2                 0.506      0.074      6.804      0.000
    X3                 0.500      0.061      8.253      0.000
    M1                 0.534      0.071      7.502      0.000
    M2                 0.558      0.068      8.244      0.000
    M3                 0.505      0.072      7.051      0.000
    Y                  0.668      0.071      9.393      0.000


STDY Standardization

                                                    Two-Tailed
                    Estimate       S.E.  Est./S.E.    P-Value

 ETA1     BY
    X1                 0.683      0.049     13.885      0.000
    X2                 0.703      0.053     13.298      0.000
    X3                 0.707      0.043     16.476      0.000

 ETA2     BY
    M1                 0.683      0.052     13.105      0.000
    M2                 0.665      0.051     13.081      0.000
    M3                 0.703      0.051     13.816      0.000

 Y          ON
    ETA1               0.337      0.067      5.018      0.000
    ETA2               0.260      0.064      4.075      0.000
    ETA3               0.390      0.073      5.360      0.000

 ETA2     WITH
    ETA1              -0.005      0.084     -0.057      0.954

 Intercepts
    X1                 0.033      0.064      0.515      0.606
    X2                -0.010      0.063     -0.152      0.879
    X3                -0.086      0.063     -1.363      0.173
    M1                 0.006      0.063      0.102      0.919
    M2                 0.027      0.063      0.433      0.665
    M3                -0.027      0.063     -0.423      0.672
    Y                 -0.083      0.063     -1.328      0.184

 Variances
    ETA1               1.000      0.000    999.000    999.000
    ETA2               1.000      0.000    999.000    999.000

 Residual Variances
    X1                 0.533      0.067      7.920      0.000
    X2                 0.506      0.074      6.804      0.000
    X3                 0.500      0.061      8.253      0.000
    M1                 0.534      0.071      7.502      0.000
    M2                 0.558      0.068      8.244      0.000
    M3                 0.505      0.072      7.051      0.000
    Y                  0.668      0.071      9.393      0.000


STD Standardization

                                                    Two-Tailed
                    Estimate       S.E.  Est./S.E.    P-Value

 ETA1     BY
    X1                 0.961      0.092     10.416      0.000
    X2                 0.960      0.095     10.151      0.000
    X3                 0.779      0.069     11.300      0.000

 ETA2     BY
    M1                 1.006      0.092     10.960      0.000
    M2                 0.895      0.091      9.893      0.000
    M3                 0.788      0.075     10.546      0.000

 Y          ON
    ETA1               0.369      0.080      4.609      0.000
    ETA2               0.285      0.074      3.842      0.000
    ETA3               0.427      0.087      4.909      0.000

 ETA2     WITH
    ETA1              -0.005      0.084     -0.057      0.954

 Intercepts
    X1                 0.046      0.089      0.517      0.605
    X2                -0.013      0.087     -0.152      0.879
    X3                -0.095      0.070     -1.356      0.175
    M1                 0.010      0.093      0.102      0.919
    M2                 0.037      0.085      0.433      0.665
    M3                -0.030      0.071     -0.423      0.672
    Y                 -0.092      0.068     -1.346      0.178

 Variances
    ETA1               1.000      0.000    999.000    999.000
    ETA2               1.000      0.000    999.000    999.000

 Residual Variances
    X1                 1.053      0.130      8.077      0.000
    X2                 0.944      0.142      6.656      0.000
    X3                 0.608      0.079      7.706      0.000
    M1                 1.159      0.166      6.975      0.000
    M2                 1.011      0.126      8.003      0.000
    M3                 0.633      0.086      7.341      0.000
    Y                  0.802      0.085      9.480      0.000


R-SQUARE

    Observed                                        Two-Tailed
    Variable        Estimate       S.E.  Est./S.E.    P-Value

    X1                 0.467      0.067      6.942      0.000
    X2                 0.494      0.074      6.649      0.000
    X3                 0.500      0.061      8.238      0.000
    M1                 0.466      0.071      6.552      0.000
    M2                 0.442      0.068      6.540      0.000
    M3                 0.495      0.072      6.908      0.000
    Y                  0.332      0.071      4.677      0.000


TECHNICAL 1 OUTPUT


     PARAMETER SPECIFICATION


           NU
              X1            X2            X3            M1            M2
              ________      ________      ________      ________      ________
                    1             2             3             4             5


           NU
              M3            Y
              ________      ________
                    6             0


           LAMBDA
              ETA1          ETA2          ETA3          Y
              ________      ________      ________      ________
 X1                 0             0             0             0
 X2                 7             0             0             0
 X3                 8             0             0             0
 M1                 0             0             0             0
 M2                 0             9             0             0
 M3                 0            10             0             0
 Y                  0             0             0             0


           THETA
              X1            X2            X3            M1            M2
              ________      ________      ________      ________      ________
 X1                11
 X2                 0            12
 X3                 0             0            13
 M1                 0             0             0            14
 M2                 0             0             0             0            15
 M3                 0             0             0             0             0
 Y                  0             0             0             0             0


           THETA
              M3            Y
              ________      ________
 M3                16
 Y                  0             0


           ALPHA
              ETA1          ETA2          ETA3          Y
              ________      ________      ________      ________
                    0             0             0            17


           BETA
              ETA1          ETA2          ETA3          Y
              ________      ________      ________      ________
 ETA1               0             0             0             0
 ETA2               0             0             0             0
 ETA3               0             0             0             0
 Y                 18            19            20             0


           PSI
              ETA1          ETA2          ETA3          Y
              ________      ________      ________      ________
 ETA1              21
 ETA2              22            23
 ETA3               0             0             0
 Y                  0             0             0            24


     STARTING VALUES


           NU
              X1            X2            X3            M1            M2
              ________      ________      ________      ________      ________
                0.046        -0.013        -0.095         0.009         0.036


           NU
              M3            Y
              ________      ________
               -0.030         0.000


           LAMBDA
              ETA1          ETA2          ETA3          Y
              ________      ________      ________      ________
 X1             1.000         0.000         0.000         0.000
 X2             1.000         0.000         0.000         0.000
 X3             1.000         0.000         0.000         0.000
 M1             0.000         1.000         0.000         0.000
 M2             0.000         1.000         0.000         0.000
 M3             0.000         1.000         0.000         0.000
 Y              0.000         0.000         0.000         1.000


           THETA
              X1            X2            X3            M1            M2
              ________      ________      ________      ________      ________
 X1             0.989
 X2             0.000         0.933
 X3             0.000         0.000         0.608
 M1             0.000         0.000         0.000         1.089
 M2             0.000         0.000         0.000         0.000         0.907
 M3             0.000         0.000         0.000         0.000         0.000
 Y              0.000         0.000         0.000         0.000         0.000


           THETA
              M3            Y
              ________      ________
 M3             0.626
 Y              0.000         0.000


           ALPHA
              ETA1          ETA2          ETA3          Y
              ________      ________      ________      ________
                0.000         0.000         0.000        -0.093


           BETA
              ETA1          ETA2          ETA3          Y
              ________      ________      ________      ________
 ETA1           0.000         0.000         0.000         0.000
 ETA2           0.000         0.000         0.000         0.000
 ETA3           0.000         0.000         0.000         0.000
 Y              0.000         0.000         0.000         0.000


           PSI
              ETA1          ETA2          ETA3          Y
              ________      ________      ________      ________
 ETA1           0.050
 ETA2           0.000         0.050
 ETA3           0.000         0.000         0.000
 Y              0.000         0.000         0.000         0.601


TECHNICAL 4 OUTPUT


     ESTIMATES DERIVED FROM THE MODEL


           ESTIMATED MEANS FOR THE LATENT VARIABLES
              ETA1          ETA2          ETA3          Y
              ________      ________      ________      ________
                0.000         0.000        -0.005        -0.094


           S.E. FOR ESTIMATED MEANS FOR THE LATENT VARIABLES
              ETA1          ETA2          ETA3          Y
              ________      ________      ________      ________
                0.000         0.000         0.081         0.069


           EST./S.E. FOR ESTIMATED MEANS FOR THE LATENT VARIABLES
              ETA1          ETA2          ETA3          Y
              ________      ________      ________      ________
                0.000         0.000        -0.057        -1.351


           TWO-TAILED P-VALUE FOR ESTIMATED MEANS FOR THE LATENT VARIABLES
              ETA1          ETA2          ETA3          Y
              ________      ________      ________      ________
                1.000         1.000         0.954         0.177


           ESTIMATED COVARIANCE MATRIX FOR THE LATENT VARIABLES
              ETA1          ETA2          ETA3          Y
              ________      ________      ________      ________
 ETA1           0.923
 ETA2          -0.005         1.013
 ETA3           0.000         0.000         0.935
 Y              0.353         0.285         0.413         1.202


           S.E. FOR ESTIMATED COVARIANCE MATRIX FOR THE LATENT VARIABLES
              ETA1          ETA2          ETA3          Y
              ________      ________      ________      ________
 ETA1           0.177
 ETA2           0.081         0.185
 ETA3           0.000         0.000         0.262
 Y              0.097         0.083         0.094         0.116


           EST./S.E. FOR ESTIMATED COVARIANCE MATRIX FOR THE LATENT VARIABLES
              ETA1          ETA2          ETA3          Y
              ________      ________      ________      ________
 ETA1           5.208
 ETA2          -0.057         5.480
 ETA3           0.000         0.000         3.566
 Y              3.633         3.427         4.385        10.339


           TWO-TAILED P-VALUE FOR ESTIMATED COVARIANCE MATRIX FOR THE LATENT VARIABLES
              ETA1          ETA2          ETA3          Y
              ________      ________      ________      ________
 ETA1           0.000
 ETA2           0.954         0.000
 ETA3           1.000         1.000         0.000
 Y              0.000         0.001         0.000         0.000


           ESTIMATED CORRELATION MATRIX FOR THE LATENT VARIABLES
              ETA1          ETA2          ETA3          Y
              ________      ________      ________      ________
 ETA1           1.000
 ETA2          -0.005         1.000
 ETA3           0.000         0.000         1.000
 Y              0.336         0.259         0.390         1.000


           S.E. FOR ESTIMATED CORRELATION MATRIX FOR THE LATENT VARIABLES
              ETA1          ETA2          ETA3          Y
              ________      ________      ________      ________
 ETA1           0.000
 ETA2           0.084         0.000
 ETA3           0.000         0.000         0.000
 Y              0.071         0.065         0.073         0.000


           EST./S.E. FOR ESTIMATED CORRELATION MATRIX FOR THE LATENT VARIABLES
              ETA1          ETA2          ETA3          Y
              ________      ________      ________      ________
 ETA1         999.000
 ETA2          -0.057       999.000
 ETA3           0.000         0.000       999.000
 Y              4.718         3.962         5.357       999.000


           TWO-TAILED P-VALUE FOR ESTIMATED CORRELATION MATRIX FOR THE LATENT VARIABLES
              ETA1          ETA2          ETA3          Y
              ________      ________      ________      ________
 ETA1           0.000
 ETA2           0.954         0.000
 ETA3           1.000         1.000         0.000
 Y              0.000         0.000         0.000         0.000


     Beginning Time:  23:23:02
        Ending Time:  23:24:10
       Elapsed Time:  00:01:08



MUTHEN & MUTHEN
3463 Stoner Ave.
Los Angeles, CA  90066

Tel: (310) 391-9971
Fax: (310) 391-8971
Web: www.StatModel.com
Support: Support@StatModel.com

Copyright (c) 1998-2022 Muthen & Muthen
