Mplus VERSION 8.8 (Mac)
MUTHEN & MUTHEN
08/20/2024  11:41 PM

INPUT INSTRUCTIONS

  TITLE: Data Analysis for SEM with Latent Interaction

  DATA:
    FILE = /Users/jimmy_z/desktop/Temp_Data/temp_data_110.dat;
    FORMAT = FREE;

  VARIABLE:
    NAMES ARE x1 x2 x3 m1 m2 m3 y;
    USEVARIABLES ARE x1 x2 x3 m1 m2 m3 y;

  ANALYSIS:
    TYPE = RANDOM;
    ESTIMATOR = MLR;
    ALGORITHM = INTEGRATION;
    INTEGRATION = MONTECARLO;

  MODEL:
    eta1 BY x1 x2 x3;
    eta2 BY m1 m2 m3;
    eta3 | eta1 XWITH eta2;
    y ON eta1 eta2 eta3;

  OUTPUT:
    STANDARDIZED;
    TECH1;
    TECH4;





INPUT READING TERMINATED NORMALLY



Data Analysis for SEM with Latent Interaction

SUMMARY OF ANALYSIS

Number of groups                                                 1
Number of observations                                         250

Number of dependent variables                                    7
Number of independent variables                                  0
Number of continuous latent variables                            3

Observed dependent variables

  Continuous
   X1          X2          X3          M1          M2          M3
   Y

Continuous latent variables
   ETA1        ETA2        ETA3


Estimator                                                      MLR
Information matrix                                        OBSERVED
Optimization Specifications for the Quasi-Newton Algorithm for
Continuous Outcomes
  Maximum number of iterations                                 100
  Convergence criterion                                  0.100D-05
Optimization Specifications for the EM Algorithm
  Maximum number of iterations                                 500
  Convergence criteria
    Loglikelihood change                                 0.100D-02
    Relative loglikelihood change                        0.100D-05
    Derivative                                           0.100D-02
Optimization Specifications for the M step of the EM Algorithm for
Categorical Latent variables
  Number of M step iterations                                    1
  M step convergence criterion                           0.100D-02
  Basis for M step termination                           ITERATION
Optimization Specifications for the M step of the EM Algorithm for
Censored, Binary or Ordered Categorical (Ordinal), Unordered
Categorical (Nominal) and Count Outcomes
  Number of M step iterations                                    1
  M step convergence criterion                           0.100D-02
  Basis for M step termination                           ITERATION
  Maximum value for logit thresholds                            15
  Minimum value for logit thresholds                           -15
  Minimum expected cell size for chi-square              0.100D-01
Optimization algorithm                                         EMA
Integration Specifications
  Type                                                  MONTECARLO
  Number of integration points                                2000
  Dimensions of numerical integration                            2
  Adaptive quadrature                                           ON
  Monte Carlo integration seed                                   0
Cholesky                                                       OFF

Input data file(s)
  /Users/jimmy_z/desktop/Temp_Data/temp_data_110.dat
Input data format  FREE



UNIVARIATE SAMPLE STATISTICS


     UNIVARIATE HIGHER-ORDER MOMENT DESCRIPTIVE STATISTICS

         Variable/         Mean/     Skewness/   Minimum/ % with                Percentiles
        Sample Size      Variance    Kurtosis    Maximum  Min/Max      20%/60%    40%/80%    Median

     X1                   -0.049      -0.079      -4.404    0.40%      -1.189     -0.376     -0.148
             250.000       2.073       0.095       4.007    0.40%       0.230      1.298
     X2                    0.077      -0.140      -3.622    0.40%      -0.899     -0.229      0.104
             250.000       1.286      -0.146       3.081    0.40%       0.357      1.131
     X3                    0.024      -0.142      -2.414    0.40%      -0.762     -0.197      0.066
             250.000       1.017      -0.164       2.599    0.40%       0.250      0.878
     M1                    0.061       0.105      -3.179    0.40%      -1.186     -0.403      0.018
             250.000       2.079      -0.352       3.980    0.40%       0.372      1.383
     M2                    0.076      -0.139      -2.885    0.40%      -1.028     -0.221      0.111
             250.000       1.641      -0.461       3.555    0.40%       0.517      1.172
     M3                    0.069      -0.117      -2.682    0.40%      -0.885     -0.153      0.123
             250.000       1.025      -0.404       2.540    0.40%       0.409      0.946
     Y                     0.038       0.478      -2.601    0.40%      -0.834     -0.321     -0.062
             250.000       1.102       0.418       3.296    0.40%       0.270      0.862


THE MODEL ESTIMATION TERMINATED NORMALLY



MODEL FIT INFORMATION

Number of Free Parameters                       24

Loglikelihood

          H0 Value                       -2474.488
          H0 Scaling Correction Factor      0.9433
            for MLR

Information Criteria

          Akaike (AIC)                    4996.977
          Bayesian (BIC)                  5081.492
          Sample-Size Adjusted BIC        5005.410
            (n* = (n + 2) / 24)



MODEL RESULTS

                                                    Two-Tailed
                    Estimate       S.E.  Est./S.E.    P-Value

 ETA1     BY
    X1                 1.000      0.000    999.000    999.000
    X2                 0.811      0.076     10.664      0.000
    X3                 0.744      0.070     10.606      0.000

 ETA2     BY
    M1                 1.000      0.000    999.000    999.000
    M2                 0.959      0.086     11.208      0.000
    M3                 0.775      0.073     10.566      0.000

 Y          ON
    ETA1               0.435      0.066      6.624      0.000
    ETA2               0.312      0.065      4.799      0.000
    ETA3               0.343      0.063      5.450      0.000

 ETA2     WITH
    ETA1              -0.057      0.089     -0.638      0.523

 Intercepts
    X1                -0.050      0.091     -0.544      0.586
    X2                 0.077      0.072      1.075      0.282
    X3                 0.024      0.064      0.369      0.712
    M1                 0.062      0.091      0.674      0.500
    M2                 0.077      0.081      0.947      0.343
    M3                 0.069      0.064      1.078      0.281
    Y                  0.058      0.063      0.913      0.361

 Variances
    ETA1               1.108      0.183      6.046      0.000
    ETA2               1.117      0.167      6.703      0.000

 Residual Variances
    X1                 0.961      0.124      7.734      0.000
    X2                 0.556      0.068      8.214      0.000
    X3                 0.403      0.052      7.740      0.000
    M1                 0.957      0.115      8.301      0.000
    M2                 0.613      0.083      7.388      0.000
    M3                 0.355      0.051      6.966      0.000
    Y                  0.621      0.069      8.959      0.000


QUALITY OF NUMERICAL RESULTS

     Condition Number for the Information Matrix              0.260E-01
       (ratio of smallest to largest eigenvalue)


STANDARDIZED MODEL RESULTS


STDYX Standardization

                                                    Two-Tailed
                    Estimate       S.E.  Est./S.E.    P-Value

 ETA1     BY
    X1                 0.732      0.040     18.127      0.000
    X2                 0.753      0.038     19.923      0.000
    X3                 0.777      0.035     22.085      0.000

 ETA2     BY
    M1                 0.734      0.038     19.518      0.000
    M2                 0.791      0.031     25.156      0.000
    M3                 0.809      0.033     24.681      0.000

 Y          ON
    ETA1               0.443      0.052      8.449      0.000
    ETA2               0.319      0.057      5.638      0.000
    ETA3               0.368      0.051      7.192      0.000

 ETA2     WITH
    ETA1              -0.051      0.080     -0.639      0.523

 Intercepts
    X1                -0.034      0.063     -0.545      0.586
    X2                 0.068      0.064      1.069      0.285
    X3                 0.023      0.063      0.368      0.713
    M1                 0.043      0.063      0.675      0.500
    M2                 0.060      0.064      0.943      0.346
    M3                 0.068      0.064      1.073      0.283
    Y                  0.056      0.061      0.922      0.357

 Variances
    ETA1               1.000      0.000    999.000    999.000
    ETA2               1.000      0.000    999.000    999.000

 Residual Variances
    X1                 0.464      0.059      7.861      0.000
    X2                 0.433      0.057      7.599      0.000
    X3                 0.397      0.055      7.257      0.000
    M1                 0.461      0.055      8.357      0.000
    M2                 0.374      0.050      7.505      0.000
    M3                 0.346      0.053      6.529      0.000
    Y                  0.581      0.065      8.870      0.000


STDY Standardization

                                                    Two-Tailed
                    Estimate       S.E.  Est./S.E.    P-Value

 ETA1     BY
    X1                 0.732      0.040     18.127      0.000
    X2                 0.753      0.038     19.923      0.000
    X3                 0.777      0.035     22.085      0.000

 ETA2     BY
    M1                 0.734      0.038     19.518      0.000
    M2                 0.791      0.031     25.156      0.000
    M3                 0.809      0.033     24.681      0.000

 Y          ON
    ETA1               0.443      0.052      8.449      0.000
    ETA2               0.319      0.057      5.638      0.000
    ETA3               0.368      0.051      7.192      0.000

 ETA2     WITH
    ETA1              -0.051      0.080     -0.639      0.523

 Intercepts
    X1                -0.034      0.063     -0.545      0.586
    X2                 0.068      0.064      1.069      0.285
    X3                 0.023      0.063      0.368      0.713
    M1                 0.043      0.063      0.675      0.500
    M2                 0.060      0.064      0.943      0.346
    M3                 0.068      0.064      1.073      0.283
    Y                  0.056      0.061      0.922      0.357

 Variances
    ETA1               1.000      0.000    999.000    999.000
    ETA2               1.000      0.000    999.000    999.000

 Residual Variances
    X1                 0.464      0.059      7.861      0.000
    X2                 0.433      0.057      7.599      0.000
    X3                 0.397      0.055      7.257      0.000
    M1                 0.461      0.055      8.357      0.000
    M2                 0.374      0.050      7.505      0.000
    M3                 0.346      0.053      6.529      0.000
    Y                  0.581      0.065      8.870      0.000


STD Standardization

                                                    Two-Tailed
                    Estimate       S.E.  Est./S.E.    P-Value

 ETA1     BY
    X1                 1.053      0.087     12.091      0.000
    X2                 0.854      0.068     12.637      0.000
    X3                 0.783      0.058     13.524      0.000

 ETA2     BY
    M1                 1.057      0.079     13.407      0.000
    M2                 1.014      0.064     15.908      0.000
    M3                 0.819      0.055     14.979      0.000

 Y          ON
    ETA1               0.458      0.063      7.226      0.000
    ETA2               0.330      0.062      5.323      0.000
    ETA3               0.381      0.060      6.398      0.000

 ETA2     WITH
    ETA1              -0.051      0.080     -0.639      0.523

 Intercepts
    X1                -0.050      0.091     -0.544      0.586
    X2                 0.077      0.072      1.075      0.282
    X3                 0.024      0.064      0.369      0.712
    M1                 0.062      0.091      0.674      0.500
    M2                 0.077      0.081      0.947      0.343
    M3                 0.069      0.064      1.078      0.281
    Y                  0.058      0.063      0.913      0.361

 Variances
    ETA1               1.000      0.000    999.000    999.000
    ETA2               1.000      0.000    999.000    999.000

 Residual Variances
    X1                 0.961      0.124      7.734      0.000
    X2                 0.556      0.068      8.214      0.000
    X3                 0.403      0.052      7.740      0.000
    M1                 0.957      0.115      8.301      0.000
    M2                 0.613      0.083      7.388      0.000
    M3                 0.355      0.051      6.966      0.000
    Y                  0.621      0.069      8.959      0.000


R-SQUARE

    Observed                                        Two-Tailed
    Variable        Estimate       S.E.  Est./S.E.    P-Value

    X1                 0.536      0.059      9.064      0.000
    X2                 0.567      0.057      9.961      0.000
    X3                 0.603      0.055     11.042      0.000
    M1                 0.539      0.055      9.759      0.000
    M2                 0.626      0.050     12.578      0.000
    M3                 0.654      0.053     12.340      0.000
    Y                  0.419      0.065      6.404      0.000


TECHNICAL 1 OUTPUT


     PARAMETER SPECIFICATION


           NU
              X1            X2            X3            M1            M2
              ________      ________      ________      ________      ________
                    1             2             3             4             5


           NU
              M3            Y
              ________      ________
                    6             0


           LAMBDA
              ETA1          ETA2          ETA3          Y
              ________      ________      ________      ________
 X1                 0             0             0             0
 X2                 7             0             0             0
 X3                 8             0             0             0
 M1                 0             0             0             0
 M2                 0             9             0             0
 M3                 0            10             0             0
 Y                  0             0             0             0


           THETA
              X1            X2            X3            M1            M2
              ________      ________      ________      ________      ________
 X1                11
 X2                 0            12
 X3                 0             0            13
 M1                 0             0             0            14
 M2                 0             0             0             0            15
 M3                 0             0             0             0             0
 Y                  0             0             0             0             0


           THETA
              M3            Y
              ________      ________
 M3                16
 Y                  0             0


           ALPHA
              ETA1          ETA2          ETA3          Y
              ________      ________      ________      ________
                    0             0             0            17


           BETA
              ETA1          ETA2          ETA3          Y
              ________      ________      ________      ________
 ETA1               0             0             0             0
 ETA2               0             0             0             0
 ETA3               0             0             0             0
 Y                 18            19            20             0


           PSI
              ETA1          ETA2          ETA3          Y
              ________      ________      ________      ________
 ETA1              21
 ETA2              22            23
 ETA3               0             0             0
 Y                  0             0             0            24


     STARTING VALUES


           NU
              X1            X2            X3            M1            M2
              ________      ________      ________      ________      ________
               -0.049         0.077         0.024         0.061         0.076


           NU
              M3            Y
              ________      ________
                0.069         0.000


           LAMBDA
              ETA1          ETA2          ETA3          Y
              ________      ________      ________      ________
 X1             1.000         0.000         0.000         0.000
 X2             1.000         0.000         0.000         0.000
 X3             1.000         0.000         0.000         0.000
 M1             0.000         1.000         0.000         0.000
 M2             0.000         1.000         0.000         0.000
 M3             0.000         1.000         0.000         0.000
 Y              0.000         0.000         0.000         1.000


           THETA
              X1            X2            X3            M1            M2
              ________      ________      ________      ________      ________
 X1             1.036
 X2             0.000         0.643
 X3             0.000         0.000         0.509
 M1             0.000         0.000         0.000         1.040
 M2             0.000         0.000         0.000         0.000         0.820
 M3             0.000         0.000         0.000         0.000         0.000
 Y              0.000         0.000         0.000         0.000         0.000


           THETA
              M3            Y
              ________      ________
 M3             0.513
 Y              0.000         0.000


           ALPHA
              ETA1          ETA2          ETA3          Y
              ________      ________      ________      ________
                0.000         0.000         0.000         0.038


           BETA
              ETA1          ETA2          ETA3          Y
              ________      ________      ________      ________
 ETA1           0.000         0.000         0.000         0.000
 ETA2           0.000         0.000         0.000         0.000
 ETA3           0.000         0.000         0.000         0.000
 Y              0.000         0.000         0.000         0.000


           PSI
              ETA1          ETA2          ETA3          Y
              ________      ________      ________      ________
 ETA1           0.050
 ETA2           0.000         0.050
 ETA3           0.000         0.000         0.000
 Y              0.000         0.000         0.000         0.551


TECHNICAL 4 OUTPUT


     ESTIMATES DERIVED FROM THE MODEL


           ESTIMATED MEANS FOR THE LATENT VARIABLES
              ETA1          ETA2          ETA3          Y
              ________      ________      ________      ________
                0.000         0.000        -0.057         0.038


           S.E. FOR ESTIMATED MEANS FOR THE LATENT VARIABLES
              ETA1          ETA2          ETA3          Y
              ________      ________      ________      ________
                0.000         0.000         0.089         0.066


           EST./S.E. FOR ESTIMATED MEANS FOR THE LATENT VARIABLES
              ETA1          ETA2          ETA3          Y
              ________      ________      ________      ________
                0.000         0.000        -0.638         0.578


           TWO-TAILED P-VALUE FOR ESTIMATED MEANS FOR THE LATENT VARIABLES
              ETA1          ETA2          ETA3          Y
              ________      ________      ________      ________
                1.000         1.000         0.523         0.563


           ESTIMATED COVARIANCE MATRIX FOR THE LATENT VARIABLES
              ETA1          ETA2          ETA3          Y
              ________      ________      ________      ________
 ETA1           1.108
 ETA2          -0.057         1.117
 ETA3           0.000         0.000         1.241
 Y              0.465         0.324         0.425         1.070


           S.E. FOR ESTIMATED COVARIANCE MATRIX FOR THE LATENT VARIABLES
              ETA1          ETA2          ETA3          Y
              ________      ________      ________      ________
 ETA1           0.183
 ETA2           0.089         0.167
 ETA3           0.000         0.000         0.274
 Y              0.085         0.076         0.085         0.100


           EST./S.E. FOR ESTIMATED COVARIANCE MATRIX FOR THE LATENT VARIABLES
              ETA1          ETA2          ETA3          Y
              ________      ________      ________      ________
 ETA1           6.046
 ETA2          -0.638         6.703
 ETA3           0.000         0.000         4.524
 Y              5.438         4.238         5.028        10.649


           TWO-TAILED P-VALUE FOR ESTIMATED COVARIANCE MATRIX FOR THE LATENT VARIABLES
              ETA1          ETA2          ETA3          Y
              ________      ________      ________      ________
 ETA1           0.000
 ETA2           0.523         0.000
 ETA3           1.000         1.000         0.000
 Y              0.000         0.000         0.000         0.000


           ESTIMATED CORRELATION MATRIX FOR THE LATENT VARIABLES
              ETA1          ETA2          ETA3          Y
              ________      ________      ________      ________
 ETA1           1.000
 ETA2          -0.051         1.000
 ETA3           0.000         0.000         1.000
 Y              0.427         0.296         0.369         1.000


           S.E. FOR ESTIMATED CORRELATION MATRIX FOR THE LATENT VARIABLES
              ETA1          ETA2          ETA3          Y
              ________      ________      ________      ________
 ETA1           0.000
 ETA2           0.080         0.000
 ETA3           0.000         0.000         0.000
 Y              0.054         0.065         0.051         0.000


           EST./S.E. FOR ESTIMATED CORRELATION MATRIX FOR THE LATENT VARIABLES
              ETA1          ETA2          ETA3          Y
              ________      ________      ________      ________
 ETA1         999.000
 ETA2          -0.639       999.000
 ETA3           0.000         0.000       999.000
 Y              7.841         4.553         7.183       999.000


           TWO-TAILED P-VALUE FOR ESTIMATED CORRELATION MATRIX FOR THE LATENT VARIABLES
              ETA1          ETA2          ETA3          Y
              ________      ________      ________      ________
 ETA1           0.000
 ETA2           0.523         0.000
 ETA3           1.000         1.000         0.000
 Y              0.000         0.000         0.000         0.000


     Beginning Time:  23:41:08
        Ending Time:  23:41:52
       Elapsed Time:  00:00:44



MUTHEN & MUTHEN
3463 Stoner Ave.
Los Angeles, CA  90066

Tel: (310) 391-9971
Fax: (310) 391-8971
Web: www.StatModel.com
Support: Support@StatModel.com

Copyright (c) 1998-2022 Muthen & Muthen
