Mplus VERSION 8.8 (Mac)
MUTHEN & MUTHEN
08/20/2024  11:41 PM

INPUT INSTRUCTIONS

  TITLE: Data Analysis for SEM with Latent Interaction

  DATA:
    FILE = /Users/jimmy_z/desktop/Temp_Data/temp_data_109.dat;
    FORMAT = FREE;

  VARIABLE:
    NAMES ARE x1 x2 x3 m1 m2 m3 y;
    USEVARIABLES ARE x1 x2 x3 m1 m2 m3 y;

  ANALYSIS:
    TYPE = RANDOM;
    ESTIMATOR = MLR;
    ALGORITHM = INTEGRATION;
    INTEGRATION = MONTECARLO;

  MODEL:
    eta1 BY x1 x2 x3;
    eta2 BY m1 m2 m3;
    eta3 | eta1 XWITH eta2;
    y ON eta1 eta2 eta3;

  OUTPUT:
    STANDARDIZED;
    TECH1;
    TECH4;





INPUT READING TERMINATED NORMALLY



Data Analysis for SEM with Latent Interaction

SUMMARY OF ANALYSIS

Number of groups                                                 1
Number of observations                                         250

Number of dependent variables                                    7
Number of independent variables                                  0
Number of continuous latent variables                            3

Observed dependent variables

  Continuous
   X1          X2          X3          M1          M2          M3
   Y

Continuous latent variables
   ETA1        ETA2        ETA3


Estimator                                                      MLR
Information matrix                                        OBSERVED
Optimization Specifications for the Quasi-Newton Algorithm for
Continuous Outcomes
  Maximum number of iterations                                 100
  Convergence criterion                                  0.100D-05
Optimization Specifications for the EM Algorithm
  Maximum number of iterations                                 500
  Convergence criteria
    Loglikelihood change                                 0.100D-02
    Relative loglikelihood change                        0.100D-05
    Derivative                                           0.100D-02
Optimization Specifications for the M step of the EM Algorithm for
Categorical Latent variables
  Number of M step iterations                                    1
  M step convergence criterion                           0.100D-02
  Basis for M step termination                           ITERATION
Optimization Specifications for the M step of the EM Algorithm for
Censored, Binary or Ordered Categorical (Ordinal), Unordered
Categorical (Nominal) and Count Outcomes
  Number of M step iterations                                    1
  M step convergence criterion                           0.100D-02
  Basis for M step termination                           ITERATION
  Maximum value for logit thresholds                            15
  Minimum value for logit thresholds                           -15
  Minimum expected cell size for chi-square              0.100D-01
Optimization algorithm                                         EMA
Integration Specifications
  Type                                                  MONTECARLO
  Number of integration points                                2000
  Dimensions of numerical integration                            2
  Adaptive quadrature                                           ON
  Monte Carlo integration seed                                   0
Cholesky                                                       OFF

Input data file(s)
  /Users/jimmy_z/desktop/Temp_Data/temp_data_109.dat
Input data format  FREE



UNIVARIATE SAMPLE STATISTICS


     UNIVARIATE HIGHER-ORDER MOMENT DESCRIPTIVE STATISTICS

         Variable/         Mean/     Skewness/   Minimum/ % with                Percentiles
        Sample Size      Variance    Kurtosis    Maximum  Min/Max      20%/60%    40%/80%    Median

     X1                   -0.094      -0.157      -3.577    0.40%      -1.316     -0.373      0.102
             250.000       1.960      -0.464       3.500    0.40%       0.318      1.041
     X2                    0.038       0.057      -3.401    0.40%      -0.901     -0.319     -0.010
             250.000       1.362       0.004       3.560    0.40%       0.287      1.092
     X3                   -0.037       0.080      -2.273    0.40%      -0.938     -0.291     -0.079
             250.000       0.936      -0.363       2.391    0.40%       0.185      0.837
     M1                    0.069       0.048      -3.979    0.40%      -0.967     -0.286     -0.046
             250.000       1.656       0.116       3.677    0.40%       0.323      1.216
     M2                   -0.009       0.107      -2.714    0.40%      -1.054     -0.427     -0.112
             250.000       1.454      -0.589       2.982    0.40%       0.325      1.107
     M3                    0.036       0.025      -2.367    0.40%      -0.763     -0.258     -0.043
             250.000       0.978      -0.277       2.697    0.40%       0.298      0.903
     Y                    -0.069       0.024      -2.811    0.40%      -0.889     -0.352     -0.040
             250.000       1.046      -0.165       3.018    0.40%       0.167      0.806


THE MODEL ESTIMATION TERMINATED NORMALLY



MODEL FIT INFORMATION

Number of Free Parameters                       24

Loglikelihood

          H0 Value                       -2481.925
          H0 Scaling Correction Factor      0.9392
            for MLR

Information Criteria

          Akaike (AIC)                    5011.851
          Bayesian (BIC)                  5096.366
          Sample-Size Adjusted BIC        5020.284
            (n* = (n + 2) / 24)



MODEL RESULTS

                                                    Two-Tailed
                    Estimate       S.E.  Est./S.E.    P-Value

 ETA1     BY
    X1                 1.000      0.000    999.000    999.000
    X2                 0.880      0.101      8.683      0.000
    X3                 0.791      0.096      8.249      0.000

 ETA2     BY
    M1                 1.000      0.000    999.000    999.000
    M2                 1.055      0.114      9.270      0.000
    M3                 0.929      0.099      9.384      0.000

 Y          ON
    ETA1               0.266      0.077      3.454      0.001
    ETA2               0.396      0.075      5.278      0.000
    ETA3               0.227      0.100      2.276      0.023

 ETA2     WITH
    ETA1               0.067      0.063      1.052      0.293

 Intercepts
    X1                -0.094      0.089     -1.065      0.287
    X2                 0.037      0.074      0.506      0.613
    X3                -0.037      0.061     -0.608      0.543
    M1                 0.069      0.081      0.853      0.394
    M2                -0.009      0.076     -0.118      0.906
    M3                 0.036      0.062      0.571      0.568
    Y                 -0.084      0.063     -1.338      0.181

 Variances
    ETA1               0.901      0.161      5.591      0.000
    ETA2               0.732      0.134      5.462      0.000

 Residual Variances
    X1                 1.054      0.124      8.470      0.000
    X2                 0.664      0.085      7.776      0.000
    X3                 0.372      0.063      5.895      0.000
    M1                 0.922      0.101      9.136      0.000
    M2                 0.640      0.082      7.850      0.000
    M3                 0.347      0.065      5.377      0.000
    Y                  0.812      0.070     11.531      0.000


QUALITY OF NUMERICAL RESULTS

     Condition Number for the Information Matrix              0.543E-03
       (ratio of smallest to largest eigenvalue)


STANDARDIZED MODEL RESULTS


STDYX Standardization

                                                    Two-Tailed
                    Estimate       S.E.  Est./S.E.    P-Value

 ETA1     BY
    X1                 0.679      0.047     14.532      0.000
    X2                 0.716      0.047     15.177      0.000
    X3                 0.776      0.043     18.250      0.000

 ETA2     BY
    M1                 0.665      0.043     15.516      0.000
    M2                 0.748      0.039     19.209      0.000
    M3                 0.803      0.042     18.925      0.000

 Y          ON
    ETA1               0.248      0.061      4.066      0.000
    ETA2               0.332      0.063      5.292      0.000
    ETA3               0.181      0.079      2.298      0.022

 ETA2     WITH
    ETA1               0.082      0.076      1.081      0.280

 Intercepts
    X1                -0.068      0.063     -1.070      0.285
    X2                 0.032      0.063      0.507      0.612
    X3                -0.039      0.064     -0.607      0.544
    M1                 0.054      0.063      0.854      0.393
    M2                -0.007      0.063     -0.118      0.906
    M3                 0.036      0.063      0.571      0.568
    Y                 -0.083      0.062     -1.340      0.180

 Variances
    ETA1               1.000      0.000    999.000    999.000
    ETA2               1.000      0.000    999.000    999.000

 Residual Variances
    X1                 0.539      0.063      8.497      0.000
    X2                 0.488      0.068      7.226      0.000
    X3                 0.398      0.066      6.021      0.000
    M1                 0.558      0.057      9.776      0.000
    M2                 0.440      0.058      7.556      0.000
    M3                 0.355      0.068      5.200      0.000
    Y                  0.782      0.053     14.841      0.000


STDY Standardization

                                                    Two-Tailed
                    Estimate       S.E.  Est./S.E.    P-Value

 ETA1     BY
    X1                 0.679      0.047     14.532      0.000
    X2                 0.716      0.047     15.177      0.000
    X3                 0.776      0.043     18.250      0.000

 ETA2     BY
    M1                 0.665      0.043     15.516      0.000
    M2                 0.748      0.039     19.209      0.000
    M3                 0.803      0.042     18.925      0.000

 Y          ON
    ETA1               0.248      0.061      4.066      0.000
    ETA2               0.332      0.063      5.292      0.000
    ETA3               0.181      0.079      2.298      0.022

 ETA2     WITH
    ETA1               0.082      0.076      1.081      0.280

 Intercepts
    X1                -0.068      0.063     -1.070      0.285
    X2                 0.032      0.063      0.507      0.612
    X3                -0.039      0.064     -0.607      0.544
    M1                 0.054      0.063      0.854      0.393
    M2                -0.007      0.063     -0.118      0.906
    M3                 0.036      0.063      0.571      0.568
    Y                 -0.083      0.062     -1.340      0.180

 Variances
    ETA1               1.000      0.000    999.000    999.000
    ETA2               1.000      0.000    999.000    999.000

 Residual Variances
    X1                 0.539      0.063      8.497      0.000
    X2                 0.488      0.068      7.226      0.000
    X3                 0.398      0.066      6.021      0.000
    M1                 0.558      0.057      9.776      0.000
    M2                 0.440      0.058      7.556      0.000
    M3                 0.355      0.068      5.200      0.000
    Y                  0.782      0.053     14.841      0.000


STD Standardization

                                                    Two-Tailed
                    Estimate       S.E.  Est./S.E.    P-Value

 ETA1     BY
    X1                 0.949      0.085     11.182      0.000
    X2                 0.835      0.079     10.617      0.000
    X3                 0.751      0.056     13.456      0.000

 ETA2     BY
    M1                 0.855      0.078     10.924      0.000
    M2                 0.902      0.067     13.505      0.000
    M3                 0.794      0.060     13.144      0.000

 Y          ON
    ETA1               0.253      0.065      3.892      0.000
    ETA2               0.338      0.069      4.904      0.000
    ETA3               0.184      0.080      2.306      0.021

 ETA2     WITH
    ETA1               0.082      0.076      1.081      0.280

 Intercepts
    X1                -0.094      0.089     -1.065      0.287
    X2                 0.037      0.074      0.506      0.613
    X3                -0.037      0.061     -0.608      0.543
    M1                 0.069      0.081      0.853      0.394
    M2                -0.009      0.076     -0.118      0.906
    M3                 0.036      0.062      0.571      0.568
    Y                 -0.084      0.063     -1.338      0.181

 Variances
    ETA1               1.000      0.000    999.000    999.000
    ETA2               1.000      0.000    999.000    999.000

 Residual Variances
    X1                 1.054      0.124      8.470      0.000
    X2                 0.664      0.085      7.776      0.000
    X3                 0.372      0.063      5.895      0.000
    M1                 0.922      0.101      9.136      0.000
    M2                 0.640      0.082      7.850      0.000
    M3                 0.347      0.065      5.377      0.000
    Y                  0.812      0.070     11.531      0.000


R-SQUARE

    Observed                                        Two-Tailed
    Variable        Estimate       S.E.  Est./S.E.    P-Value

    X1                 0.461      0.063      7.266      0.000
    X2                 0.512      0.068      7.588      0.000
    X3                 0.602      0.066      9.125      0.000
    M1                 0.442      0.057      7.758      0.000
    M2                 0.560      0.058      9.604      0.000
    M3                 0.645      0.068      9.463      0.000
    Y                  0.218      0.053      4.141      0.000


TECHNICAL 1 OUTPUT


     PARAMETER SPECIFICATION


           NU
              X1            X2            X3            M1            M2
              ________      ________      ________      ________      ________
                    1             2             3             4             5


           NU
              M3            Y
              ________      ________
                    6             0


           LAMBDA
              ETA1          ETA2          ETA3          Y
              ________      ________      ________      ________
 X1                 0             0             0             0
 X2                 7             0             0             0
 X3                 8             0             0             0
 M1                 0             0             0             0
 M2                 0             9             0             0
 M3                 0            10             0             0
 Y                  0             0             0             0


           THETA
              X1            X2            X3            M1            M2
              ________      ________      ________      ________      ________
 X1                11
 X2                 0            12
 X3                 0             0            13
 M1                 0             0             0            14
 M2                 0             0             0             0            15
 M3                 0             0             0             0             0
 Y                  0             0             0             0             0


           THETA
              M3            Y
              ________      ________
 M3                16
 Y                  0             0


           ALPHA
              ETA1          ETA2          ETA3          Y
              ________      ________      ________      ________
                    0             0             0            17


           BETA
              ETA1          ETA2          ETA3          Y
              ________      ________      ________      ________
 ETA1               0             0             0             0
 ETA2               0             0             0             0
 ETA3               0             0             0             0
 Y                 18            19            20             0


           PSI
              ETA1          ETA2          ETA3          Y
              ________      ________      ________      ________
 ETA1              21
 ETA2              22            23
 ETA3               0             0             0
 Y                  0             0             0            24


     STARTING VALUES


           NU
              X1            X2            X3            M1            M2
              ________      ________      ________      ________      ________
               -0.094         0.038        -0.037         0.069        -0.009


           NU
              M3            Y
              ________      ________
                0.036         0.000


           LAMBDA
              ETA1          ETA2          ETA3          Y
              ________      ________      ________      ________
 X1             1.000         0.000         0.000         0.000
 X2             1.000         0.000         0.000         0.000
 X3             1.000         0.000         0.000         0.000
 M1             0.000         1.000         0.000         0.000
 M2             0.000         1.000         0.000         0.000
 M3             0.000         1.000         0.000         0.000
 Y              0.000         0.000         0.000         1.000


           THETA
              X1            X2            X3            M1            M2
              ________      ________      ________      ________      ________
 X1             0.980
 X2             0.000         0.681
 X3             0.000         0.000         0.468
 M1             0.000         0.000         0.000         0.828
 M2             0.000         0.000         0.000         0.000         0.727
 M3             0.000         0.000         0.000         0.000         0.000
 Y              0.000         0.000         0.000         0.000         0.000


           THETA
              M3            Y
              ________      ________
 M3             0.489
 Y              0.000         0.000


           ALPHA
              ETA1          ETA2          ETA3          Y
              ________      ________      ________      ________
                0.000         0.000         0.000        -0.069


           BETA
              ETA1          ETA2          ETA3          Y
              ________      ________      ________      ________
 ETA1           0.000         0.000         0.000         0.000
 ETA2           0.000         0.000         0.000         0.000
 ETA3           0.000         0.000         0.000         0.000
 Y              0.000         0.000         0.000         0.000


           PSI
              ETA1          ETA2          ETA3          Y
              ________      ________      ________      ________
 ETA1           0.050
 ETA2           0.000         0.050
 ETA3           0.000         0.000         0.000
 Y              0.000         0.000         0.000         0.523


TECHNICAL 4 OUTPUT


     ESTIMATES DERIVED FROM THE MODEL


           ESTIMATED MEANS FOR THE LATENT VARIABLES
              ETA1          ETA2          ETA3          Y
              ________      ________      ________      ________
                0.000         0.000         0.067        -0.069


           S.E. FOR ESTIMATED MEANS FOR THE LATENT VARIABLES
              ETA1          ETA2          ETA3          Y
              ________      ________      ________      ________
                0.000         0.000         0.063         0.065


           EST./S.E. FOR ESTIMATED MEANS FOR THE LATENT VARIABLES
              ETA1          ETA2          ETA3          Y
              ________      ________      ________      ________
                0.000         0.000         1.052        -1.074


           TWO-TAILED P-VALUE FOR ESTIMATED MEANS FOR THE LATENT VARIABLES
              ETA1          ETA2          ETA3          Y
              ________      ________      ________      ________
                1.000         1.000         0.293         0.283


           ESTIMATED COVARIANCE MATRIX FOR THE LATENT VARIABLES
              ETA1          ETA2          ETA3          Y
              ________      ________      ________      ________
 ETA1           0.901
 ETA2           0.067         0.732
 ETA3           0.000         0.000         0.664
 Y              0.266         0.307         0.150         1.038


           S.E. FOR ESTIMATED COVARIANCE MATRIX FOR THE LATENT VARIABLES
              ETA1          ETA2          ETA3          Y
              ________      ________      ________      ________
 ETA1           0.161
 ETA2           0.063         0.134
 ETA3           0.000         0.000         0.156
 Y              0.064         0.077         0.070         0.087


           EST./S.E. FOR ESTIMATED COVARIANCE MATRIX FOR THE LATENT VARIABLES
              ETA1          ETA2          ETA3          Y
              ________      ________      ________      ________
 ETA1           5.591
 ETA2           1.052         5.462
 ETA3           0.000         0.000         4.244
 Y              4.140         3.985         2.164        11.956


           TWO-TAILED P-VALUE FOR ESTIMATED COVARIANCE MATRIX FOR THE LATENT VARIABLES
              ETA1          ETA2          ETA3          Y
              ________      ________      ________      ________
 ETA1           0.000
 ETA2           0.293         0.000
 ETA3           1.000         1.000         0.000
 Y              0.000         0.000         0.030         0.000


           ESTIMATED CORRELATION MATRIX FOR THE LATENT VARIABLES
              ETA1          ETA2          ETA3          Y
              ________      ________      ________      ________
 ETA1           1.000
 ETA2           0.082         1.000
 ETA3           0.000         0.000         1.000
 Y              0.275         0.352         0.181         1.000


           S.E. FOR ESTIMATED CORRELATION MATRIX FOR THE LATENT VARIABLES
              ETA1          ETA2          ETA3          Y
              ________      ________      ________      ________
 ETA1           0.000
 ETA2           0.076         0.000
 ETA3           0.000         0.000         0.000
 Y              0.062         0.064         0.079         0.000


           EST./S.E. FOR ESTIMATED CORRELATION MATRIX FOR THE LATENT VARIABLES
              ETA1          ETA2          ETA3          Y
              ________      ________      ________      ________
 ETA1         999.000
 ETA2           1.081       999.000
 ETA3           0.000         0.000       999.000
 Y              4.455         5.485         2.290       999.000


           TWO-TAILED P-VALUE FOR ESTIMATED CORRELATION MATRIX FOR THE LATENT VARIABLES
              ETA1          ETA2          ETA3          Y
              ________      ________      ________      ________
 ETA1           0.000
 ETA2           0.280         0.000
 ETA3           1.000         1.000         0.000
 Y              0.000         0.000         0.022         0.000


     Beginning Time:  23:41:03
        Ending Time:  23:41:45
       Elapsed Time:  00:00:42



MUTHEN & MUTHEN
3463 Stoner Ave.
Los Angeles, CA  90066

Tel: (310) 391-9971
Fax: (310) 391-8971
Web: www.StatModel.com
Support: Support@StatModel.com

Copyright (c) 1998-2022 Muthen & Muthen
