Mplus VERSION 8.8 (Mac)
MUTHEN & MUTHEN
08/20/2024  11:13 PM

INPUT INSTRUCTIONS

  TITLE: Data Generation for SEM with Latent Interaction

  MONTECARLO:
    NAMES ARE x1 x2 x3 m1 m2 m3 y;
    NOBSERVATIONS = 250;
    NREPS = 1;
    SEED = 27067;
    SAVE = /Users/jimmy_z/desktop/Temp_Data/temp_data_424.dat;

  MODEL POPULATION:
    eta1 BY x1*1 x2*0.9 x3*0.75;
    eta2 BY m1*1 m2*0.9 m3*0.75;
    [eta1@0 eta2@0];
    eta1*1 eta2*1;
    eta3 | eta1 XWITH eta2;
    eta1 WITH eta2*0;
    y ON eta1*0.3 eta2*0.3 eta3*0.3;
    x1*1.32424285714286 x2*0.993182142857143 x3*0.692217857142857;
    m1*1.32424285714286 m2*0.993182142857143 m3*0.692217857142857;
    y*0.73;

  ANALYSIS:
    TYPE = RANDOM;
    ESTIMATOR = MLR;
    ALGORITHM = INTEGRATION;
    INTEGRATION = MONTECARLO;

  OUTPUT:
    TECH9;





*** WARNING in MODEL command
  All variables are uncorrelated with all other variables in the model.
  Check that this is what is intended.
   1 WARNING(S) FOUND IN THE INPUT INSTRUCTIONS



Data Generation for SEM with Latent Interaction

SUMMARY OF ANALYSIS

Number of groups                                                 1
Number of observations                                         250

Number of replications
    Requested                                                    1
    Completed                                                    1
Value of seed                                                27067

Number of dependent variables                                    7
Number of independent variables                                  0
Number of continuous latent variables                            0

Observed dependent variables

  Continuous
   X1          X2          X3          M1          M2          M3
   Y


Estimator                                                      MLR
Information matrix                                        OBSERVED
Optimization Specifications for the Quasi-Newton Algorithm for
Continuous Outcomes
  Maximum number of iterations                                 100
  Convergence criterion                                  0.100D-05
Optimization Specifications for the EM Algorithm
  Maximum number of iterations                                 500
  Convergence criteria
    Loglikelihood change                                 0.100D-02
    Relative loglikelihood change                        0.100D-05
    Derivative                                           0.100D-02
Optimization Specifications for the M step of the EM Algorithm for
Categorical Latent variables
  Number of M step iterations                                    1
  M step convergence criterion                           0.100D-02
  Basis for M step termination                           ITERATION
Optimization Specifications for the M step of the EM Algorithm for
Censored, Binary or Ordered Categorical (Ordinal), Unordered
Categorical (Nominal) and Count Outcomes
  Number of M step iterations                                    1
  M step convergence criterion                           0.100D-02
  Basis for M step termination                           ITERATION
  Maximum value for logit thresholds                            15
  Minimum value for logit thresholds                           -15
  Minimum expected cell size for chi-square              0.100D-01
Optimization algorithm                                         EMA
Integration Specifications
  Type                                                  MONTECARLO
  Number of integration points                                   1
  Dimensions of numerical integration                            0
  Adaptive quadrature                                           ON
  Monte Carlo integration seed                                   0
Cholesky                                                       OFF


SAMPLE STATISTICS FOR THE FIRST REPLICATION


     SAMPLE STATISTICS


           Means
              X1            X2            X3            M1            M2
              ________      ________      ________      ________      ________
               -0.006         0.022        -0.001        -0.083        -0.085


           Means
              M3            Y
              ________      ________
               -0.119        -0.051


           Covariances
              X1            X2            X3            M1            M2
              ________      ________      ________      ________      ________
 X1             1.967
 X2             0.848         1.923
 X3             0.711         0.738         1.244
 M1             0.171         0.040         0.066         2.346
 M2             0.210         0.015        -0.045         1.131         1.959
 M3             0.131        -0.080        -0.159         0.936         0.709
 Y              0.219         0.267         0.190         0.436         0.438


           Covariances
              M3            Y
              ________      ________
 M3             1.379
 Y              0.383         0.964


           Correlations
              X1            X2            X3            M1            M2
              ________      ________      ________      ________      ________
 X1             1.000
 X2             0.436         1.000
 X3             0.454         0.477         1.000
 M1             0.080         0.019         0.039         1.000
 M2             0.107         0.008        -0.029         0.528         1.000
 M3             0.080        -0.049        -0.122         0.520         0.431
 Y              0.159         0.196         0.173         0.290         0.319


           Correlations
              M3            Y
              ________      ________
 M3             1.000
 Y              0.332         1.000




MODEL FIT INFORMATION

Number of Free Parameters                       14

Loglikelihood

    H0 Value

        Mean                             -2902.876
        Std Dev                              0.000
        Number of successful computations        1

             Proportions                   Percentiles
        Expected    Observed         Expected       Observed
           0.990       0.000        -2902.876      -2902.876
           0.980       0.000        -2902.876      -2902.876
           0.950       0.000        -2902.876      -2902.876
           0.900       0.000        -2902.876      -2902.876
           0.800       0.000        -2902.876      -2902.876
           0.700       0.000        -2902.876      -2902.876
           0.500       0.000        -2902.876      -2902.876
           0.300       0.000        -2902.876      -2902.876
           0.200       0.000        -2902.876      -2902.876
           0.100       0.000        -2902.876      -2902.876
           0.050       0.000        -2902.876      -2902.876
           0.020       0.000        -2902.876      -2902.876
           0.010       0.000        -2902.876      -2902.876

Information Criteria

    Akaike (AIC)

        Mean                              5833.751
        Std Dev                              0.000
        Number of successful computations        1

             Proportions                   Percentiles
        Expected    Observed         Expected       Observed
           0.990       0.000         5833.751       5833.751
           0.980       0.000         5833.751       5833.751
           0.950       0.000         5833.751       5833.751
           0.900       0.000         5833.751       5833.751
           0.800       0.000         5833.751       5833.751
           0.700       0.000         5833.751       5833.751
           0.500       0.000         5833.751       5833.751
           0.300       0.000         5833.751       5833.751
           0.200       0.000         5833.751       5833.751
           0.100       0.000         5833.751       5833.751
           0.050       0.000         5833.751       5833.751
           0.020       0.000         5833.751       5833.751
           0.010       0.000         5833.751       5833.751

    Bayesian (BIC)

        Mean                              5883.052
        Std Dev                              0.000
        Number of successful computations        1

             Proportions                   Percentiles
        Expected    Observed         Expected       Observed
           0.990       0.000         5883.052       5883.052
           0.980       0.000         5883.052       5883.052
           0.950       0.000         5883.052       5883.052
           0.900       0.000         5883.052       5883.052
           0.800       0.000         5883.052       5883.052
           0.700       0.000         5883.052       5883.052
           0.500       0.000         5883.052       5883.052
           0.300       0.000         5883.052       5883.052
           0.200       0.000         5883.052       5883.052
           0.100       0.000         5883.052       5883.052
           0.050       0.000         5883.052       5883.052
           0.020       0.000         5883.052       5883.052
           0.010       0.000         5883.052       5883.052

    Sample-Size Adjusted BIC (n* = (n + 2) / 24)

        Mean                              5838.670
        Std Dev                              0.000
        Number of successful computations        1

             Proportions                   Percentiles
        Expected    Observed         Expected       Observed
           0.990       0.000         5838.670       5838.670
           0.980       0.000         5838.670       5838.670
           0.950       0.000         5838.670       5838.670
           0.900       0.000         5838.670       5838.670
           0.800       0.000         5838.670       5838.670
           0.700       0.000         5838.670       5838.670
           0.500       0.000         5838.670       5838.670
           0.300       0.000         5838.670       5838.670
           0.200       0.000         5838.670       5838.670
           0.100       0.000         5838.670       5838.670
           0.050       0.000         5838.670       5838.670
           0.020       0.000         5838.670       5838.670
           0.010       0.000         5838.670       5838.670



MODEL RESULTS

                              ESTIMATES              S. E.     M. S. E.  95%  % Sig
                 Population   Average   Std. Dev.   Average             Cover Coeff

 Means
  X1                  0.000    -0.0059     0.0000     0.0887     0.0000 1.000 0.000
  X2                  0.000     0.0223     0.0000     0.0877     0.0005 1.000 0.000
  X3                  0.000    -0.0013     0.0000     0.0705     0.0000 1.000 0.000
  M1                  0.000    -0.0832     0.0000     0.0969     0.0069 1.000 0.000
  M2                  0.000    -0.0846     0.0000     0.0885     0.0072 1.000 0.000
  M3                  0.000    -0.1195     0.0000     0.0743     0.0143 1.000 0.000
  Y                   0.000    -0.0506     0.0000     0.0621     0.0026 1.000 0.000

 Variances
  X1                  0.500     1.9670     0.0000     0.1841     2.1520 0.000 1.000
  X2                  0.500     1.9230     0.0000     0.1760     2.0251 0.000 1.000
  X3                  0.500     1.2439     0.0000     0.1048     0.5534 0.000 1.000
  M1                  0.500     2.3457     0.0000     0.1926     3.4066 0.000 1.000
  M2                  0.500     1.9590     0.0000     0.1664     2.1287 0.000 1.000
  M3                  0.500     1.3786     0.0000     0.1247     0.7720 0.000 1.000
  Y                   0.500     0.9637     0.0000     0.0968     0.2151 0.000 1.000


QUALITY OF NUMERICAL RESULTS

     Average Condition Number for the Information Matrix      0.491E-03
       (ratio of smallest to largest eigenvalue)


TECHNICAL 1 OUTPUT


     PARAMETER SPECIFICATION


           NU
              X1            X2            X3            M1            M2
              ________      ________      ________      ________      ________
                    1             2             3             4             5


           NU
              M3            Y
              ________      ________
                    6             7


           THETA
              X1            X2            X3            M1            M2
              ________      ________      ________      ________      ________
 X1                 8
 X2                 0             9
 X3                 0             0            10
 M1                 0             0             0            11
 M2                 0             0             0             0            12
 M3                 0             0             0             0             0
 Y                  0             0             0             0             0


           THETA
              M3            Y
              ________      ________
 M3                13
 Y                  0            14


     STARTING VALUES


           NU
              X1            X2            X3            M1            M2
              ________      ________      ________      ________      ________
                0.000         0.000         0.000         0.000         0.000


           NU
              M3            Y
              ________      ________
                0.000         0.000


           THETA
              X1            X2            X3            M1            M2
              ________      ________      ________      ________      ________
 X1             0.500
 X2             0.000         0.500
 X3             0.000         0.000         0.500
 M1             0.000         0.000         0.000         0.500
 M2             0.000         0.000         0.000         0.000         0.500
 M3             0.000         0.000         0.000         0.000         0.000
 Y              0.000         0.000         0.000         0.000         0.000


           THETA
              M3            Y
              ________      ________
 M3             0.500
 Y              0.000         0.500


     POPULATION VALUES


           NU
              X1            X2            X3            M1            M2
              ________      ________      ________      ________      ________
                0.000         0.000         0.000         0.000         0.000


           NU
              M3            Y
              ________      ________
                0.000         0.000


           LAMBDA
              ETA1          ETA2          ETA3          Y
              ________      ________      ________      ________
 X1             1.000         0.000         0.000         0.000
 X2             0.900         0.000         0.000         0.000
 X3             0.750         0.000         0.000         0.000
 M1             0.000         1.000         0.000         0.000
 M2             0.000         0.900         0.000         0.000
 M3             0.000         0.750         0.000         0.000
 Y              0.000         0.000         0.000         1.000


           THETA
              X1            X2            X3            M1            M2
              ________      ________      ________      ________      ________
 X1             1.324
 X2             0.000         0.993
 X3             0.000         0.000         0.692
 M1             0.000         0.000         0.000         1.324
 M2             0.000         0.000         0.000         0.000         0.993
 M3             0.000         0.000         0.000         0.000         0.000
 Y              0.000         0.000         0.000         0.000         0.000


           THETA
              M3            Y
              ________      ________
 M3             0.692
 Y              0.000         0.000


           ALPHA
              ETA1          ETA2          ETA3          Y
              ________      ________      ________      ________
                0.000         0.000         0.000         0.000


           BETA
              ETA1          ETA2          ETA3          Y
              ________      ________      ________      ________
 ETA1           0.000         0.000         0.000         0.000
 ETA2           0.000         0.000         0.000         0.000
 ETA3           0.000         0.000         0.000         0.000
 Y              0.300         0.300         0.300         0.000


           PSI
              ETA1          ETA2          ETA3          Y
              ________      ________      ________      ________
 ETA1           1.000
 ETA2           0.000         1.000
 ETA3           0.000         0.000         0.000
 Y              0.000         0.000         0.000         0.730


TECHNICAL 9 OUTPUT

  Error messages for each replication (if any)



SAVEDATA INFORMATION

  Order of variables

    X1
    X2
    X3
    M1
    M2
    M3
    Y

  Save file
    /Users/jimmy_z/desktop/Temp_Data/temp_data_424.dat

  Save file format           Free
  Save file record length    10000


     Beginning Time:  23:13:34
        Ending Time:  23:13:34
       Elapsed Time:  00:00:00



MUTHEN & MUTHEN
3463 Stoner Ave.
Los Angeles, CA  90066

Tel: (310) 391-9971
Fax: (310) 391-8971
Web: www.StatModel.com
Support: Support@StatModel.com

Copyright (c) 1998-2022 Muthen & Muthen
