Mplus VERSION 8.8 (Mac)
MUTHEN & MUTHEN
08/20/2024  11:43 PM

INPUT INSTRUCTIONS

  TITLE: Data Analysis for SEM with Latent Interaction

  DATA:
    FILE = /Users/jimmy_z/desktop/Temp_Data/temp_data_140.dat;
    FORMAT = FREE;

  VARIABLE:
    NAMES ARE x1 x2 x3 m1 m2 m3 y;
    USEVARIABLES ARE x1 x2 x3 m1 m2 m3 y;

  ANALYSIS:
    TYPE = RANDOM;
    ESTIMATOR = MLR;
    ALGORITHM = INTEGRATION;
    INTEGRATION = MONTECARLO;

  MODEL:
    eta1 BY x1 x2 x3;
    eta2 BY m1 m2 m3;
    eta3 | eta1 XWITH eta2;
    y ON eta1 eta2 eta3;

  OUTPUT:
    STANDARDIZED;
    TECH1;
    TECH4;





INPUT READING TERMINATED NORMALLY



Data Analysis for SEM with Latent Interaction

SUMMARY OF ANALYSIS

Number of groups                                                 1
Number of observations                                         250

Number of dependent variables                                    7
Number of independent variables                                  0
Number of continuous latent variables                            3

Observed dependent variables

  Continuous
   X1          X2          X3          M1          M2          M3
   Y

Continuous latent variables
   ETA1        ETA2        ETA3


Estimator                                                      MLR
Information matrix                                        OBSERVED
Optimization Specifications for the Quasi-Newton Algorithm for
Continuous Outcomes
  Maximum number of iterations                                 100
  Convergence criterion                                  0.100D-05
Optimization Specifications for the EM Algorithm
  Maximum number of iterations                                 500
  Convergence criteria
    Loglikelihood change                                 0.100D-02
    Relative loglikelihood change                        0.100D-05
    Derivative                                           0.100D-02
Optimization Specifications for the M step of the EM Algorithm for
Categorical Latent variables
  Number of M step iterations                                    1
  M step convergence criterion                           0.100D-02
  Basis for M step termination                           ITERATION
Optimization Specifications for the M step of the EM Algorithm for
Censored, Binary or Ordered Categorical (Ordinal), Unordered
Categorical (Nominal) and Count Outcomes
  Number of M step iterations                                    1
  M step convergence criterion                           0.100D-02
  Basis for M step termination                           ITERATION
  Maximum value for logit thresholds                            15
  Minimum value for logit thresholds                           -15
  Minimum expected cell size for chi-square              0.100D-01
Optimization algorithm                                         EMA
Integration Specifications
  Type                                                  MONTECARLO
  Number of integration points                                2000
  Dimensions of numerical integration                            2
  Adaptive quadrature                                           ON
  Monte Carlo integration seed                                   0
Cholesky                                                       OFF

Input data file(s)
  /Users/jimmy_z/desktop/Temp_Data/temp_data_140.dat
Input data format  FREE



UNIVARIATE SAMPLE STATISTICS


     UNIVARIATE HIGHER-ORDER MOMENT DESCRIPTIVE STATISTICS

         Variable/         Mean/     Skewness/   Minimum/ % with                Percentiles
        Sample Size      Variance    Kurtosis    Maximum  Min/Max      20%/60%    40%/80%    Median

     X1                   -0.024       0.164      -3.796    0.40%      -1.206     -0.430     -0.012
             250.000       1.933       0.243       4.345    0.40%       0.266      1.074
     X2                   -0.035       0.065      -3.734    0.40%      -1.035     -0.442     -0.121
             250.000       1.456      -0.159       2.942    0.40%       0.223      1.083
     X3                   -0.057      -0.054      -2.423    0.40%      -0.937     -0.298     -0.042
             250.000       0.973      -0.318       2.464    0.40%       0.237      0.708
     M1                   -0.068       0.482      -3.496    0.40%      -1.231     -0.544     -0.183
             250.000       1.978       0.391       4.599    0.40%       0.162      1.060
     M2                   -0.025      -0.185      -3.964    0.40%      -0.995     -0.294      0.045
             250.000       1.456       0.367       3.455    0.40%       0.317      0.884
     M3                    0.091      -0.013      -2.311    0.40%      -0.777     -0.126      0.086
             250.000       0.969      -0.274       2.797    0.40%       0.379      0.992
     Y                    -0.075       0.234      -2.712    0.40%      -0.959     -0.326     -0.075
             250.000       0.967       0.181       3.013    0.40%       0.117      0.674


THE MODEL ESTIMATION TERMINATED NORMALLY



MODEL FIT INFORMATION

Number of Free Parameters                       24

Loglikelihood

          H0 Value                       -2442.456
          H0 Scaling Correction Factor      0.9924
            for MLR

Information Criteria

          Akaike (AIC)                    4932.912
          Bayesian (BIC)                  5017.427
          Sample-Size Adjusted BIC        4941.345
            (n* = (n + 2) / 24)



MODEL RESULTS

                                                    Two-Tailed
                    Estimate       S.E.  Est./S.E.    P-Value

 ETA1     BY
    X1                 1.000      0.000    999.000    999.000
    X2                 1.008      0.097     10.425      0.000
    X3                 0.770      0.068     11.398      0.000

 ETA2     BY
    M1                 1.000      0.000    999.000    999.000
    M2                 0.785      0.077     10.258      0.000
    M3                 0.679      0.059     11.579      0.000

 Y          ON
    ETA1               0.360      0.069      5.197      0.000
    ETA2               0.250      0.058      4.309      0.000
    ETA3               0.268      0.072      3.721      0.000

 ETA2     WITH
    ETA1              -0.062      0.080     -0.775      0.438

 Intercepts
    X1                -0.024      0.088     -0.269      0.788
    X2                -0.035      0.076     -0.460      0.645
    X3                -0.056      0.062     -0.904      0.366
    M1                -0.067      0.089     -0.754      0.451
    M2                -0.025      0.076     -0.323      0.747
    M3                 0.092      0.062      1.468      0.142
    Y                 -0.058      0.062     -0.944      0.345

 Variances
    ETA1               0.972      0.176      5.511      0.000
    ETA2               1.298      0.207      6.284      0.000

 Residual Variances
    X1                 0.957      0.120      7.981      0.000
    X2                 0.469      0.083      5.679      0.000
    X3                 0.397      0.056      7.077      0.000
    M1                 0.679      0.101      6.745      0.000
    M2                 0.655      0.079      8.317      0.000
    M3                 0.370      0.044      8.454      0.000
    Y                  0.705      0.080      8.786      0.000


QUALITY OF NUMERICAL RESULTS

     Condition Number for the Information Matrix              0.299E-01
       (ratio of smallest to largest eigenvalue)


STANDARDIZED MODEL RESULTS


STDYX Standardization

                                                    Two-Tailed
                    Estimate       S.E.  Est./S.E.    P-Value

 ETA1     BY
    X1                 0.710      0.044     16.177      0.000
    X2                 0.823      0.033     24.655      0.000
    X3                 0.769      0.038     20.226      0.000

 ETA2     BY
    M1                 0.810      0.035     22.860      0.000
    M2                 0.742      0.037     19.877      0.000
    M3                 0.786      0.031     24.965      0.000

 Y          ON
    ETA1               0.356      0.060      5.982      0.000
    ETA2               0.286      0.067      4.284      0.000
    ETA3               0.302      0.071      4.270      0.000

 ETA2     WITH
    ETA1              -0.055      0.070     -0.788      0.430

 Intercepts
    X1                -0.017      0.063     -0.268      0.788
    X2                -0.029      0.063     -0.460      0.646
    X3                -0.057      0.063     -0.904      0.366
    M1                -0.048      0.064     -0.745      0.456
    M2                -0.020      0.063     -0.323      0.747
    M3                 0.093      0.064      1.465      0.143
    Y                 -0.058      0.062     -0.937      0.349

 Variances
    ETA1               1.000      0.000    999.000    999.000
    ETA2               1.000      0.000    999.000    999.000

 Residual Variances
    X1                 0.496      0.062      7.962      0.000
    X2                 0.322      0.055      5.855      0.000
    X3                 0.408      0.058      6.982      0.000
    M1                 0.343      0.057      5.973      0.000
    M2                 0.450      0.055      8.128      0.000
    M3                 0.382      0.050      7.716      0.000
    Y                  0.711      0.066     10.788      0.000


STDY Standardization

                                                    Two-Tailed
                    Estimate       S.E.  Est./S.E.    P-Value

 ETA1     BY
    X1                 0.710      0.044     16.177      0.000
    X2                 0.823      0.033     24.655      0.000
    X3                 0.769      0.038     20.226      0.000

 ETA2     BY
    M1                 0.810      0.035     22.860      0.000
    M2                 0.742      0.037     19.877      0.000
    M3                 0.786      0.031     24.965      0.000

 Y          ON
    ETA1               0.356      0.060      5.982      0.000
    ETA2               0.286      0.067      4.284      0.000
    ETA3               0.302      0.071      4.270      0.000

 ETA2     WITH
    ETA1              -0.055      0.070     -0.788      0.430

 Intercepts
    X1                -0.017      0.063     -0.268      0.788
    X2                -0.029      0.063     -0.460      0.646
    X3                -0.057      0.063     -0.904      0.366
    M1                -0.048      0.064     -0.745      0.456
    M2                -0.020      0.063     -0.323      0.747
    M3                 0.093      0.064      1.465      0.143
    Y                 -0.058      0.062     -0.937      0.349

 Variances
    ETA1               1.000      0.000    999.000    999.000
    ETA2               1.000      0.000    999.000    999.000

 Residual Variances
    X1                 0.496      0.062      7.962      0.000
    X2                 0.322      0.055      5.855      0.000
    X3                 0.408      0.058      6.982      0.000
    M1                 0.343      0.057      5.973      0.000
    M2                 0.450      0.055      8.128      0.000
    M3                 0.382      0.050      7.716      0.000
    Y                  0.711      0.066     10.788      0.000


STD Standardization

                                                    Two-Tailed
                    Estimate       S.E.  Est./S.E.    P-Value

 ETA1     BY
    X1                 0.986      0.089     11.023      0.000
    X2                 0.994      0.064     15.542      0.000
    X3                 0.759      0.056     13.634      0.000

 ETA2     BY
    M1                 1.139      0.091     12.568      0.000
    M2                 0.895      0.075     11.975      0.000
    M3                 0.774      0.054     14.388      0.000

 Y          ON
    ETA1               0.355      0.064      5.509      0.000
    ETA2               0.284      0.069      4.108      0.000
    ETA3               0.301      0.074      4.096      0.000

 ETA2     WITH
    ETA1              -0.055      0.070     -0.788      0.430

 Intercepts
    X1                -0.024      0.088     -0.269      0.788
    X2                -0.035      0.076     -0.460      0.645
    X3                -0.056      0.062     -0.904      0.366
    M1                -0.067      0.089     -0.754      0.451
    M2                -0.025      0.076     -0.323      0.747
    M3                 0.092      0.062      1.468      0.142
    Y                 -0.058      0.062     -0.944      0.345

 Variances
    ETA1               1.000      0.000    999.000    999.000
    ETA2               1.000      0.000    999.000    999.000

 Residual Variances
    X1                 0.957      0.120      7.981      0.000
    X2                 0.469      0.083      5.679      0.000
    X3                 0.397      0.056      7.077      0.000
    M1                 0.679      0.101      6.745      0.000
    M2                 0.655      0.079      8.317      0.000
    M3                 0.370      0.044      8.454      0.000
    Y                  0.705      0.080      8.786      0.000


R-SQUARE

    Observed                                        Two-Tailed
    Variable        Estimate       S.E.  Est./S.E.    P-Value

    X1                 0.504      0.062      8.089      0.000
    X2                 0.678      0.055     12.327      0.000
    X3                 0.592      0.058     10.113      0.000
    M1                 0.657      0.057     11.430      0.000
    M2                 0.550      0.055      9.938      0.000
    M3                 0.618      0.050     12.482      0.000
    Y                  0.289      0.066      4.388      0.000


TECHNICAL 1 OUTPUT


     PARAMETER SPECIFICATION


           NU
              X1            X2            X3            M1            M2
              ________      ________      ________      ________      ________
                    1             2             3             4             5


           NU
              M3            Y
              ________      ________
                    6             0


           LAMBDA
              ETA1          ETA2          ETA3          Y
              ________      ________      ________      ________
 X1                 0             0             0             0
 X2                 7             0             0             0
 X3                 8             0             0             0
 M1                 0             0             0             0
 M2                 0             9             0             0
 M3                 0            10             0             0
 Y                  0             0             0             0


           THETA
              X1            X2            X3            M1            M2
              ________      ________      ________      ________      ________
 X1                11
 X2                 0            12
 X3                 0             0            13
 M1                 0             0             0            14
 M2                 0             0             0             0            15
 M3                 0             0             0             0             0
 Y                  0             0             0             0             0


           THETA
              M3            Y
              ________      ________
 M3                16
 Y                  0             0


           ALPHA
              ETA1          ETA2          ETA3          Y
              ________      ________      ________      ________
                    0             0             0            17


           BETA
              ETA1          ETA2          ETA3          Y
              ________      ________      ________      ________
 ETA1               0             0             0             0
 ETA2               0             0             0             0
 ETA3               0             0             0             0
 Y                 18            19            20             0


           PSI
              ETA1          ETA2          ETA3          Y
              ________      ________      ________      ________
 ETA1              21
 ETA2              22            23
 ETA3               0             0             0
 Y                  0             0             0            24


     STARTING VALUES


           NU
              X1            X2            X3            M1            M2
              ________      ________      ________      ________      ________
               -0.024        -0.035        -0.057        -0.068        -0.025


           NU
              M3            Y
              ________      ________
                0.091         0.000


           LAMBDA
              ETA1          ETA2          ETA3          Y
              ________      ________      ________      ________
 X1             1.000         0.000         0.000         0.000
 X2             1.000         0.000         0.000         0.000
 X3             1.000         0.000         0.000         0.000
 M1             0.000         1.000         0.000         0.000
 M2             0.000         1.000         0.000         0.000
 M3             0.000         1.000         0.000         0.000
 Y              0.000         0.000         0.000         1.000


           THETA
              X1            X2            X3            M1            M2
              ________      ________      ________      ________      ________
 X1             0.966
 X2             0.000         0.728
 X3             0.000         0.000         0.487
 M1             0.000         0.000         0.000         0.989
 M2             0.000         0.000         0.000         0.000         0.728
 M3             0.000         0.000         0.000         0.000         0.000
 Y              0.000         0.000         0.000         0.000         0.000


           THETA
              M3            Y
              ________      ________
 M3             0.484
 Y              0.000         0.000


           ALPHA
              ETA1          ETA2          ETA3          Y
              ________      ________      ________      ________
                0.000         0.000         0.000        -0.075


           BETA
              ETA1          ETA2          ETA3          Y
              ________      ________      ________      ________
 ETA1           0.000         0.000         0.000         0.000
 ETA2           0.000         0.000         0.000         0.000
 ETA3           0.000         0.000         0.000         0.000
 Y              0.000         0.000         0.000         0.000


           PSI
              ETA1          ETA2          ETA3          Y
              ________      ________      ________      ________
 ETA1           0.050
 ETA2           0.000         0.050
 ETA3           0.000         0.000         0.000
 Y              0.000         0.000         0.000         0.484


TECHNICAL 4 OUTPUT


     ESTIMATES DERIVED FROM THE MODEL


           ESTIMATED MEANS FOR THE LATENT VARIABLES
              ETA1          ETA2          ETA3          Y
              ________      ________      ________      ________
                0.000         0.000        -0.062        -0.075


           S.E. FOR ESTIMATED MEANS FOR THE LATENT VARIABLES
              ETA1          ETA2          ETA3          Y
              ________      ________      ________      ________
                0.000         0.000         0.080         0.062


           EST./S.E. FOR ESTIMATED MEANS FOR THE LATENT VARIABLES
              ETA1          ETA2          ETA3          Y
              ________      ________      ________      ________
                0.000         0.000        -0.775        -1.204


           TWO-TAILED P-VALUE FOR ESTIMATED MEANS FOR THE LATENT VARIABLES
              ETA1          ETA2          ETA3          Y
              ________      ________      ________      ________
                1.000         1.000         0.438         0.229


           ESTIMATED COVARIANCE MATRIX FOR THE LATENT VARIABLES
              ETA1          ETA2          ETA3          Y
              ________      ________      ________      ________
 ETA1           0.972
 ETA2          -0.062         1.298
 ETA3           0.000         0.000         1.266
 Y              0.334         0.302         0.339         0.992


           S.E. FOR ESTIMATED COVARIANCE MATRIX FOR THE LATENT VARIABLES
              ETA1          ETA2          ETA3          Y
              ________      ________      ________      ________
 ETA1           0.176
 ETA2           0.080         0.207
 ETA3           0.000         0.000         0.305
 Y              0.075         0.089         0.094         0.094


           EST./S.E. FOR ESTIMATED COVARIANCE MATRIX FOR THE LATENT VARIABLES
              ETA1          ETA2          ETA3          Y
              ________      ________      ________      ________
 ETA1           5.511
 ETA2          -0.775         6.284
 ETA3           0.000         0.000         4.148
 Y              4.435         3.389         3.629        10.565


           TWO-TAILED P-VALUE FOR ESTIMATED COVARIANCE MATRIX FOR THE LATENT VARIABLES
              ETA1          ETA2          ETA3          Y
              ________      ________      ________      ________
 ETA1           0.000
 ETA2           0.438         0.000
 ETA3           1.000         1.000         0.000
 Y              0.000         0.001         0.000         0.000


           ESTIMATED CORRELATION MATRIX FOR THE LATENT VARIABLES
              ETA1          ETA2          ETA3          Y
              ________      ________      ________      ________
 ETA1           1.000
 ETA2          -0.055         1.000
 ETA3           0.000         0.000         1.000
 Y              0.341         0.266         0.303         1.000


           S.E. FOR ESTIMATED CORRELATION MATRIX FOR THE LATENT VARIABLES
              ETA1          ETA2          ETA3          Y
              ________      ________      ________      ________
 ETA1           0.000
 ETA2           0.070         0.000
 ETA3           0.000         0.000         0.000
 Y              0.062         0.068         0.071         0.000


           EST./S.E. FOR ESTIMATED CORRELATION MATRIX FOR THE LATENT VARIABLES
              ETA1          ETA2          ETA3          Y
              ________      ________      ________      ________
 ETA1         999.000
 ETA2          -0.788       999.000
 ETA3           0.000         0.000       999.000
 Y              5.467         3.929         4.272       999.000


           TWO-TAILED P-VALUE FOR ESTIMATED CORRELATION MATRIX FOR THE LATENT VARIABLES
              ETA1          ETA2          ETA3          Y
              ________      ________      ________      ________
 ETA1           0.000
 ETA2           0.430         0.000
 ETA3           1.000         1.000         0.000
 Y              0.000         0.000         0.000         0.000


     Beginning Time:  23:43:43
        Ending Time:  23:44:30
       Elapsed Time:  00:00:47



MUTHEN & MUTHEN
3463 Stoner Ave.
Los Angeles, CA  90066

Tel: (310) 391-9971
Fax: (310) 391-8971
Web: www.StatModel.com
Support: Support@StatModel.com

Copyright (c) 1998-2022 Muthen & Muthen
