Mplus VERSION 8.8 (Mac)
MUTHEN & MUTHEN
08/20/2024  10:51 PM

INPUT INSTRUCTIONS

  TITLE: Data Analysis for SEM with Latent Interaction

  DATA:
    FILE = /Users/jimmy_z/desktop/Temp_Data/temp_data_317.dat;
    FORMAT = FREE;

  VARIABLE:
    NAMES ARE x1 x2 x3 m1 m2 m3 y;
    USEVARIABLES ARE x1 x2 x3 m1 m2 m3 y;

  ANALYSIS:
    TYPE = RANDOM;
    ESTIMATOR = MLR;
    ALGORITHM = INTEGRATION;
    INTEGRATION = MONTECARLO;

  MODEL:
    eta1 BY x1 x2 x3;
    eta2 BY m1 m2 m3;
    eta3 | eta1 XWITH eta2;
    y ON eta1 eta2 eta3;

  OUTPUT:
    STANDARDIZED;
    TECH1;
    TECH4;





INPUT READING TERMINATED NORMALLY



Data Analysis for SEM with Latent Interaction

SUMMARY OF ANALYSIS

Number of groups                                                 1
Number of observations                                         250

Number of dependent variables                                    7
Number of independent variables                                  0
Number of continuous latent variables                            3

Observed dependent variables

  Continuous
   X1          X2          X3          M1          M2          M3
   Y

Continuous latent variables
   ETA1        ETA2        ETA3


Estimator                                                      MLR
Information matrix                                        OBSERVED
Optimization Specifications for the Quasi-Newton Algorithm for
Continuous Outcomes
  Maximum number of iterations                                 100
  Convergence criterion                                  0.100D-05
Optimization Specifications for the EM Algorithm
  Maximum number of iterations                                 500
  Convergence criteria
    Loglikelihood change                                 0.100D-02
    Relative loglikelihood change                        0.100D-05
    Derivative                                           0.100D-02
Optimization Specifications for the M step of the EM Algorithm for
Categorical Latent variables
  Number of M step iterations                                    1
  M step convergence criterion                           0.100D-02
  Basis for M step termination                           ITERATION
Optimization Specifications for the M step of the EM Algorithm for
Censored, Binary or Ordered Categorical (Ordinal), Unordered
Categorical (Nominal) and Count Outcomes
  Number of M step iterations                                    1
  M step convergence criterion                           0.100D-02
  Basis for M step termination                           ITERATION
  Maximum value for logit thresholds                            15
  Minimum value for logit thresholds                           -15
  Minimum expected cell size for chi-square              0.100D-01
Optimization algorithm                                         EMA
Integration Specifications
  Type                                                  MONTECARLO
  Number of integration points                                2000
  Dimensions of numerical integration                            2
  Adaptive quadrature                                           ON
  Monte Carlo integration seed                                   0
Cholesky                                                       OFF

Input data file(s)
  /Users/jimmy_z/desktop/Temp_Data/temp_data_317.dat
Input data format  FREE



UNIVARIATE SAMPLE STATISTICS


     UNIVARIATE HIGHER-ORDER MOMENT DESCRIPTIVE STATISTICS

         Variable/         Mean/     Skewness/   Minimum/ % with                Percentiles
        Sample Size      Variance    Kurtosis    Maximum  Min/Max      20%/60%    40%/80%    Median

     X1                   -0.097       0.054      -3.788    0.40%      -1.280     -0.574     -0.168
             250.000       2.143      -0.181       3.641    0.40%       0.209      1.207
     X2                   -0.096       0.129      -2.863    0.40%      -1.244     -0.423     -0.079
             250.000       1.607      -0.256       3.406    0.40%       0.182      0.971
     X3                   -0.071       0.091      -2.378    0.40%      -1.020     -0.396     -0.119
             250.000       1.053      -0.421       2.577    0.40%       0.211      0.756
     M1                   -0.182      -0.082      -4.189    0.40%      -1.457     -0.520     -0.234
             250.000       2.376      -0.329       3.577    0.40%       0.161      1.196
     M2                   -0.130       0.256      -3.165    0.40%      -1.212     -0.456     -0.134
             250.000       1.657       0.457       4.121    0.40%       0.159      0.892
     M3                   -0.102      -0.062      -3.410    0.40%      -1.029     -0.374     -0.141
             250.000       1.325      -0.114       2.594    0.40%       0.171      0.841
     Y                    -0.067      -0.239      -3.187    0.40%      -0.859     -0.296     -0.073
             250.000       0.839      -0.062       2.156    0.40%       0.167      0.808


THE MODEL ESTIMATION TERMINATED NORMALLY



MODEL FIT INFORMATION

Number of Free Parameters                       24

Loglikelihood

          H0 Value                       -2692.215
          H0 Scaling Correction Factor      0.9994
            for MLR

Information Criteria

          Akaike (AIC)                    5432.431
          Bayesian (BIC)                  5516.946
          Sample-Size Adjusted BIC        5440.864
            (n* = (n + 2) / 24)



MODEL RESULTS

                                                    Two-Tailed
                    Estimate       S.E.  Est./S.E.    P-Value

 ETA1     BY
    X1                 1.000      0.000    999.000    999.000
    X2                 0.774      0.137      5.664      0.000
    X3                 0.574      0.108      5.321      0.000

 ETA2     BY
    M1                 1.000      0.000    999.000    999.000
    M2                 1.023      0.172      5.948      0.000
    M3                 0.870      0.139      6.245      0.000

 Y          ON
    ETA1               0.243      0.078      3.129      0.002
    ETA2               0.329      0.110      3.002      0.003
    ETA3               0.105      0.079      1.319      0.187

 ETA2     WITH
    ETA1               0.315      0.093      3.400      0.001

 Intercepts
    X1                -0.096      0.093     -1.031      0.302
    X2                -0.095      0.080     -1.181      0.238
    X3                -0.071      0.065     -1.091      0.275
    M1                -0.180      0.098     -1.847      0.065
    M2                -0.129      0.082     -1.575      0.115
    M3                -0.101      0.073     -1.388      0.165
    Y                 -0.100      0.071     -1.414      0.157

 Variances
    ETA1               1.062      0.221      4.808      0.000
    ETA2               0.711      0.171      4.148      0.000

 Residual Variances
    X1                 1.085      0.191      5.686      0.000
    X2                 0.970      0.129      7.528      0.000
    X3                 0.702      0.084      8.324      0.000
    M1                 1.663      0.172      9.687      0.000
    M2                 0.913      0.159      5.729      0.000
    M3                 0.787      0.105      7.520      0.000
    Y                  0.644      0.069      9.274      0.000


QUALITY OF NUMERICAL RESULTS

     Condition Number for the Information Matrix              0.181E-01
       (ratio of smallest to largest eigenvalue)


STANDARDIZED MODEL RESULTS


STDYX Standardization

                                                    Two-Tailed
                    Estimate       S.E.  Est./S.E.    P-Value

 ETA1     BY
    X1                 0.703      0.061     11.497      0.000
    X2                 0.630      0.065      9.668      0.000
    X3                 0.577      0.066      8.716      0.000

 ETA2     BY
    M1                 0.547      0.057      9.630      0.000
    M2                 0.670      0.070      9.584      0.000
    M3                 0.637      0.064      9.932      0.000

 Y          ON
    ETA1               0.273      0.090      3.019      0.003
    ETA2               0.302      0.091      3.303      0.001
    ETA3               0.099      0.074      1.347      0.178

 ETA2     WITH
    ETA1               0.362      0.084      4.322      0.000

 Intercepts
    X1                -0.066      0.064     -1.029      0.304
    X2                -0.075      0.064     -1.174      0.240
    X3                -0.069      0.064     -1.086      0.277
    M1                -0.117      0.063     -1.850      0.064
    M2                -0.100      0.064     -1.551      0.121
    M3                -0.088      0.063     -1.389      0.165
    Y                 -0.109      0.076     -1.435      0.151

 Variances
    ETA1               1.000      0.000    999.000    999.000
    ETA2               1.000      0.000    999.000    999.000

 Residual Variances
    X1                 0.505      0.086      5.874      0.000
    X2                 0.604      0.082      7.365      0.000
    X3                 0.667      0.076      8.730      0.000
    M1                 0.701      0.062     11.266      0.000
    M2                 0.551      0.094      5.872      0.000
    M3                 0.594      0.082      7.260      0.000
    Y                  0.763      0.055     13.910      0.000


STDY Standardization

                                                    Two-Tailed
                    Estimate       S.E.  Est./S.E.    P-Value

 ETA1     BY
    X1                 0.703      0.061     11.497      0.000
    X2                 0.630      0.065      9.668      0.000
    X3                 0.577      0.066      8.716      0.000

 ETA2     BY
    M1                 0.547      0.057      9.630      0.000
    M2                 0.670      0.070      9.584      0.000
    M3                 0.637      0.064      9.932      0.000

 Y          ON
    ETA1               0.273      0.090      3.019      0.003
    ETA2               0.302      0.091      3.303      0.001
    ETA3               0.099      0.074      1.347      0.178

 ETA2     WITH
    ETA1               0.362      0.084      4.322      0.000

 Intercepts
    X1                -0.066      0.064     -1.029      0.304
    X2                -0.075      0.064     -1.174      0.240
    X3                -0.069      0.064     -1.086      0.277
    M1                -0.117      0.063     -1.850      0.064
    M2                -0.100      0.064     -1.551      0.121
    M3                -0.088      0.063     -1.389      0.165
    Y                 -0.109      0.076     -1.435      0.151

 Variances
    ETA1               1.000      0.000    999.000    999.000
    ETA2               1.000      0.000    999.000    999.000

 Residual Variances
    X1                 0.505      0.086      5.874      0.000
    X2                 0.604      0.082      7.365      0.000
    X3                 0.667      0.076      8.730      0.000
    M1                 0.701      0.062     11.266      0.000
    M2                 0.551      0.094      5.872      0.000
    M3                 0.594      0.082      7.260      0.000
    Y                  0.763      0.055     13.910      0.000


STD Standardization

                                                    Two-Tailed
                    Estimate       S.E.  Est./S.E.    P-Value

 ETA1     BY
    X1                 1.031      0.107      9.616      0.000
    X2                 0.798      0.099      8.057      0.000
    X3                 0.592      0.078      7.614      0.000

 ETA2     BY
    M1                 0.843      0.102      8.296      0.000
    M2                 0.863      0.109      7.928      0.000
    M3                 0.734      0.091      8.096      0.000

 Y          ON
    ETA1               0.251      0.080      3.137      0.002
    ETA2               0.277      0.089      3.106      0.002
    ETA3               0.091      0.069      1.323      0.186

 ETA2     WITH
    ETA1               0.362      0.084      4.322      0.000

 Intercepts
    X1                -0.096      0.093     -1.031      0.302
    X2                -0.095      0.080     -1.181      0.238
    X3                -0.071      0.065     -1.091      0.275
    M1                -0.180      0.098     -1.847      0.065
    M2                -0.129      0.082     -1.575      0.115
    M3                -0.101      0.073     -1.388      0.165
    Y                 -0.100      0.071     -1.414      0.157

 Variances
    ETA1               1.000      0.000    999.000    999.000
    ETA2               1.000      0.000    999.000    999.000

 Residual Variances
    X1                 1.085      0.191      5.686      0.000
    X2                 0.970      0.129      7.528      0.000
    X3                 0.702      0.084      8.324      0.000
    M1                 1.663      0.172      9.687      0.000
    M2                 0.913      0.159      5.729      0.000
    M3                 0.787      0.105      7.520      0.000
    Y                  0.644      0.069      9.274      0.000


R-SQUARE

    Observed                                        Two-Tailed
    Variable        Estimate       S.E.  Est./S.E.    P-Value

    X1                 0.495      0.086      5.749      0.000
    X2                 0.396      0.082      4.834      0.000
    X3                 0.333      0.076      4.358      0.000
    M1                 0.299      0.062      4.815      0.000
    M2                 0.449      0.094      4.792      0.000
    M3                 0.406      0.082      4.966      0.000
    Y                  0.237      0.055      4.311      0.000


TECHNICAL 1 OUTPUT


     PARAMETER SPECIFICATION


           NU
              X1            X2            X3            M1            M2
              ________      ________      ________      ________      ________
                    1             2             3             4             5


           NU
              M3            Y
              ________      ________
                    6             0


           LAMBDA
              ETA1          ETA2          ETA3          Y
              ________      ________      ________      ________
 X1                 0             0             0             0
 X2                 7             0             0             0
 X3                 8             0             0             0
 M1                 0             0             0             0
 M2                 0             9             0             0
 M3                 0            10             0             0
 Y                  0             0             0             0


           THETA
              X1            X2            X3            M1            M2
              ________      ________      ________      ________      ________
 X1                11
 X2                 0            12
 X3                 0             0            13
 M1                 0             0             0            14
 M2                 0             0             0             0            15
 M3                 0             0             0             0             0
 Y                  0             0             0             0             0


           THETA
              M3            Y
              ________      ________
 M3                16
 Y                  0             0


           ALPHA
              ETA1          ETA2          ETA3          Y
              ________      ________      ________      ________
                    0             0             0            17


           BETA
              ETA1          ETA2          ETA3          Y
              ________      ________      ________      ________
 ETA1               0             0             0             0
 ETA2               0             0             0             0
 ETA3               0             0             0             0
 Y                 18            19            20             0


           PSI
              ETA1          ETA2          ETA3          Y
              ________      ________      ________      ________
 ETA1              21
 ETA2              22            23
 ETA3               0             0             0
 Y                  0             0             0            24


     STARTING VALUES


           NU
              X1            X2            X3            M1            M2
              ________      ________      ________      ________      ________
               -0.097        -0.096        -0.071        -0.182        -0.130


           NU
              M3            Y
              ________      ________
               -0.102         0.000


           LAMBDA
              ETA1          ETA2          ETA3          Y
              ________      ________      ________      ________
 X1             1.000         0.000         0.000         0.000
 X2             1.000         0.000         0.000         0.000
 X3             1.000         0.000         0.000         0.000
 M1             0.000         1.000         0.000         0.000
 M2             0.000         1.000         0.000         0.000
 M3             0.000         1.000         0.000         0.000
 Y              0.000         0.000         0.000         1.000


           THETA
              X1            X2            X3            M1            M2
              ________      ________      ________      ________      ________
 X1             1.071
 X2             0.000         0.803
 X3             0.000         0.000         0.526
 M1             0.000         0.000         0.000         1.188
 M2             0.000         0.000         0.000         0.000         0.829
 M3             0.000         0.000         0.000         0.000         0.000
 Y              0.000         0.000         0.000         0.000         0.000


           THETA
              M3            Y
              ________      ________
 M3             0.663
 Y              0.000         0.000


           ALPHA
              ETA1          ETA2          ETA3          Y
              ________      ________      ________      ________
                0.000         0.000         0.000        -0.067


           BETA
              ETA1          ETA2          ETA3          Y
              ________      ________      ________      ________
 ETA1           0.000         0.000         0.000         0.000
 ETA2           0.000         0.000         0.000         0.000
 ETA3           0.000         0.000         0.000         0.000
 Y              0.000         0.000         0.000         0.000


           PSI
              ETA1          ETA2          ETA3          Y
              ________      ________      ________      ________
 ETA1           0.050
 ETA2           0.000         0.050
 ETA3           0.000         0.000         0.000
 Y              0.000         0.000         0.000         0.419


TECHNICAL 4 OUTPUT


     ESTIMATES DERIVED FROM THE MODEL


           ESTIMATED MEANS FOR THE LATENT VARIABLES
              ETA1          ETA2          ETA3          Y
              ________      ________      ________      ________
                0.000         0.000         0.315        -0.067


           S.E. FOR ESTIMATED MEANS FOR THE LATENT VARIABLES
              ETA1          ETA2          ETA3          Y
              ________      ________      ________      ________
                0.000         0.000         0.093         0.058


           EST./S.E. FOR ESTIMATED MEANS FOR THE LATENT VARIABLES
              ETA1          ETA2          ETA3          Y
              ________      ________      ________      ________
                0.000         0.000         3.400        -1.151


           TWO-TAILED P-VALUE FOR ESTIMATED MEANS FOR THE LATENT VARIABLES
              ETA1          ETA2          ETA3          Y
              ________      ________      ________      ________
                1.000         1.000         0.001         0.250


           ESTIMATED COVARIANCE MATRIX FOR THE LATENT VARIABLES
              ETA1          ETA2          ETA3          Y
              ________      ________      ________      ________
 ETA1           1.062
 ETA2           0.315         0.711
 ETA3           0.000         0.000         0.854
 Y              0.362         0.311         0.089         0.844


           S.E. FOR ESTIMATED COVARIANCE MATRIX FOR THE LATENT VARIABLES
              ETA1          ETA2          ETA3          Y
              ________      ________      ________      ________
 ETA1           0.221
 ETA2           0.093         0.171
 ETA3           0.000         0.000         0.269
 Y              0.085         0.076         0.071         0.076


           EST./S.E. FOR ESTIMATED COVARIANCE MATRIX FOR THE LATENT VARIABLES
              ETA1          ETA2          ETA3          Y
              ________      ________      ________      ________
 ETA1           4.808
 ETA2           3.400         4.148
 ETA3           0.000         0.000         3.181
 Y              4.262         4.106         1.266        11.171


           TWO-TAILED P-VALUE FOR ESTIMATED COVARIANCE MATRIX FOR THE LATENT VARIABLES
              ETA1          ETA2          ETA3          Y
              ________      ________      ________      ________
 ETA1           0.000
 ETA2           0.001         0.000
 ETA3           1.000         1.000         0.001
 Y              0.000         0.000         0.205         0.000


           ESTIMATED CORRELATION MATRIX FOR THE LATENT VARIABLES
              ETA1          ETA2          ETA3          Y
              ________      ________      ________      ________
 ETA1           1.000
 ETA2           0.362         1.000
 ETA3           0.000         0.000         1.000
 Y              0.382         0.401         0.105         1.000


           S.E. FOR ESTIMATED CORRELATION MATRIX FOR THE LATENT VARIABLES
              ETA1          ETA2          ETA3          Y
              ________      ________      ________      ________
 ETA1           0.000
 ETA2           0.084         0.000
 ETA3           0.000         0.000         0.000
 Y              0.075         0.072         0.078         0.000


           EST./S.E. FOR ESTIMATED CORRELATION MATRIX FOR THE LATENT VARIABLES
              ETA1          ETA2          ETA3          Y
              ________      ________      ________      ________
 ETA1         999.000
 ETA2           4.322       999.000
 ETA3           0.000         0.000       999.000
 Y              5.127         5.570         1.344       999.000


           TWO-TAILED P-VALUE FOR ESTIMATED CORRELATION MATRIX FOR THE LATENT VARIABLES
              ETA1          ETA2          ETA3          Y
              ________      ________      ________      ________
 ETA1           0.000
 ETA2           0.000         0.000
 ETA3           1.000         1.000         0.000
 Y              0.000         0.000         0.179         0.000


     Beginning Time:  22:51:38
        Ending Time:  22:52:58
       Elapsed Time:  00:01:20



MUTHEN & MUTHEN
3463 Stoner Ave.
Los Angeles, CA  90066

Tel: (310) 391-9971
Fax: (310) 391-8971
Web: www.StatModel.com
Support: Support@StatModel.com

Copyright (c) 1998-2022 Muthen & Muthen
