Mplus VERSION 8.8 (Mac)
MUTHEN & MUTHEN
08/20/2024  11:33 PM

INPUT INSTRUCTIONS

  TITLE: Data Analysis for SEM with Latent Interaction

  DATA:
    FILE = /Users/jimmy_z/desktop/Temp_Data/temp_data_50.dat;
    FORMAT = FREE;

  VARIABLE:
    NAMES ARE x1 x2 x3 m1 m2 m3 y;
    USEVARIABLES ARE x1 x2 x3 m1 m2 m3 y;

  ANALYSIS:
    TYPE = RANDOM;
    ESTIMATOR = MLR;
    ALGORITHM = INTEGRATION;
    INTEGRATION = MONTECARLO;

  MODEL:
    eta1 BY x1 x2 x3;
    eta2 BY m1 m2 m3;
    eta3 | eta1 XWITH eta2;
    y ON eta1 eta2 eta3;

  OUTPUT:
    STANDARDIZED;
    TECH1;
    TECH4;





INPUT READING TERMINATED NORMALLY



Data Analysis for SEM with Latent Interaction

SUMMARY OF ANALYSIS

Number of groups                                                 1
Number of observations                                         250

Number of dependent variables                                    7
Number of independent variables                                  0
Number of continuous latent variables                            3

Observed dependent variables

  Continuous
   X1          X2          X3          M1          M2          M3
   Y

Continuous latent variables
   ETA1        ETA2        ETA3


Estimator                                                      MLR
Information matrix                                        OBSERVED
Optimization Specifications for the Quasi-Newton Algorithm for
Continuous Outcomes
  Maximum number of iterations                                 100
  Convergence criterion                                  0.100D-05
Optimization Specifications for the EM Algorithm
  Maximum number of iterations                                 500
  Convergence criteria
    Loglikelihood change                                 0.100D-02
    Relative loglikelihood change                        0.100D-05
    Derivative                                           0.100D-02
Optimization Specifications for the M step of the EM Algorithm for
Categorical Latent variables
  Number of M step iterations                                    1
  M step convergence criterion                           0.100D-02
  Basis for M step termination                           ITERATION
Optimization Specifications for the M step of the EM Algorithm for
Censored, Binary or Ordered Categorical (Ordinal), Unordered
Categorical (Nominal) and Count Outcomes
  Number of M step iterations                                    1
  M step convergence criterion                           0.100D-02
  Basis for M step termination                           ITERATION
  Maximum value for logit thresholds                            15
  Minimum value for logit thresholds                           -15
  Minimum expected cell size for chi-square              0.100D-01
Optimization algorithm                                         EMA
Integration Specifications
  Type                                                  MONTECARLO
  Number of integration points                                2000
  Dimensions of numerical integration                            2
  Adaptive quadrature                                           ON
  Monte Carlo integration seed                                   0
Cholesky                                                       OFF

Input data file(s)
  /Users/jimmy_z/desktop/Temp_Data/temp_data_50.dat
Input data format  FREE



UNIVARIATE SAMPLE STATISTICS


     UNIVARIATE HIGHER-ORDER MOMENT DESCRIPTIVE STATISTICS

         Variable/         Mean/     Skewness/   Minimum/ % with                Percentiles
        Sample Size      Variance    Kurtosis    Maximum  Min/Max      20%/60%    40%/80%    Median

     X1                    0.016      -0.271      -3.724    0.40%      -1.032     -0.208      0.073
             250.000       1.840       0.061       4.188    0.40%       0.453      1.132
     X2                   -0.059      -0.087      -3.785    0.40%      -0.930     -0.362     -0.122
             250.000       1.212      -0.151       2.679    0.40%       0.158      1.063
     X3                    0.034      -0.137      -2.896    0.40%      -0.725     -0.215      0.073
             250.000       0.813       0.053       2.717    0.40%       0.283      0.732
     M1                    0.082       0.215      -3.028    0.40%      -1.202     -0.303      0.056
             250.000       1.683      -0.191       4.289    0.40%       0.268      1.344
     M2                    0.054       0.115      -2.969    0.40%      -0.908     -0.272      0.018
             250.000       1.346      -0.362       2.729    0.40%       0.278      1.077
     M3                    0.043       0.167      -2.453    0.40%      -0.836     -0.201      0.065
             250.000       1.037       0.073       3.294    0.40%       0.334      0.855
     Y                     0.028       0.390      -2.578    0.40%      -0.850     -0.250     -0.020
             250.000       0.986       0.420       3.134    0.40%       0.196      0.795


THE MODEL ESTIMATION TERMINATED NORMALLY



MODEL FIT INFORMATION

Number of Free Parameters                       24

Loglikelihood

          H0 Value                       -2390.985
          H0 Scaling Correction Factor      0.9591
            for MLR

Information Criteria

          Akaike (AIC)                    4829.969
          Bayesian (BIC)                  4914.485
          Sample-Size Adjusted BIC        4838.402
            (n* = (n + 2) / 24)



MODEL RESULTS

                                                    Two-Tailed
                    Estimate       S.E.  Est./S.E.    P-Value

 ETA1     BY
    X1                 1.000      0.000    999.000    999.000
    X2                 0.706      0.092      7.672      0.000
    X3                 0.540      0.068      7.928      0.000

 ETA2     BY
    M1                 1.000      0.000    999.000    999.000
    M2                 0.842      0.060     13.947      0.000
    M3                 0.693      0.062     11.183      0.000

 Y          ON
    ETA1               0.276      0.060      4.575      0.000
    ETA2               0.318      0.062      5.173      0.000
    ETA3               0.346      0.061      5.678      0.000

 ETA2     WITH
    ETA1              -0.047      0.088     -0.531      0.596

 Intercepts
    X1                 0.016      0.086      0.187      0.852
    X2                -0.059      0.070     -0.845      0.398
    X3                 0.034      0.057      0.603      0.547
    M1                 0.083      0.082      1.009      0.313
    M2                 0.054      0.073      0.738      0.461
    M3                 0.043      0.064      0.665      0.506
    Y                  0.044      0.059      0.753      0.451

 Variances
    ETA1               1.144      0.188      6.092      0.000
    ETA2               1.171      0.147      7.959      0.000

 Residual Variances
    X1                 0.692      0.126      5.474      0.000
    X2                 0.642      0.075      8.616      0.000
    X3                 0.480      0.051      9.344      0.000
    M1                 0.510      0.086      5.901      0.000
    M2                 0.516      0.061      8.494      0.000
    M3                 0.474      0.052      9.105      0.000
    Y                  0.604      0.061      9.901      0.000


QUALITY OF NUMERICAL RESULTS

     Condition Number for the Information Matrix              0.249E-01
       (ratio of smallest to largest eigenvalue)


STANDARDIZED MODEL RESULTS


STDYX Standardization

                                                    Two-Tailed
                    Estimate       S.E.  Est./S.E.    P-Value

 ETA1     BY
    X1                 0.789      0.045     17.658      0.000
    X2                 0.686      0.048     14.276      0.000
    X3                 0.640      0.053     12.006      0.000

 ETA2     BY
    M1                 0.835      0.031     27.029      0.000
    M2                 0.785      0.031     25.594      0.000
    M3                 0.737      0.036     20.398      0.000

 Y          ON
    ETA1               0.301      0.063      4.796      0.000
    ETA2               0.351      0.063      5.535      0.000
    ETA3               0.408      0.064      6.346      0.000

 ETA2     WITH
    ETA1              -0.040      0.077     -0.528      0.598

 Intercepts
    X1                 0.012      0.063      0.187      0.852
    X2                -0.053      0.063     -0.846      0.398
    X3                 0.038      0.063      0.601      0.548
    M1                 0.064      0.063      1.015      0.310
    M2                 0.047      0.063      0.739      0.460
    M3                 0.042      0.063      0.668      0.504
    Y                  0.045      0.059      0.756      0.450

 Variances
    ETA1               1.000      0.000    999.000    999.000
    ETA2               1.000      0.000    999.000    999.000

 Residual Variances
    X1                 0.377      0.071      5.336      0.000
    X2                 0.530      0.066      8.036      0.000
    X3                 0.590      0.068      8.630      0.000
    M1                 0.303      0.052      5.882      0.000
    M2                 0.383      0.048      7.949      0.000
    M3                 0.457      0.053      8.601      0.000
    Y                  0.628      0.063      9.973      0.000


STDY Standardization

                                                    Two-Tailed
                    Estimate       S.E.  Est./S.E.    P-Value

 ETA1     BY
    X1                 0.789      0.045     17.658      0.000
    X2                 0.686      0.048     14.276      0.000
    X3                 0.640      0.053     12.006      0.000

 ETA2     BY
    M1                 0.835      0.031     27.029      0.000
    M2                 0.785      0.031     25.594      0.000
    M3                 0.737      0.036     20.398      0.000

 Y          ON
    ETA1               0.301      0.063      4.796      0.000
    ETA2               0.351      0.063      5.535      0.000
    ETA3               0.408      0.064      6.346      0.000

 ETA2     WITH
    ETA1              -0.040      0.077     -0.528      0.598

 Intercepts
    X1                 0.012      0.063      0.187      0.852
    X2                -0.053      0.063     -0.846      0.398
    X3                 0.038      0.063      0.601      0.548
    M1                 0.064      0.063      1.015      0.310
    M2                 0.047      0.063      0.739      0.460
    M3                 0.042      0.063      0.668      0.504
    Y                  0.045      0.059      0.756      0.450

 Variances
    ETA1               1.000      0.000    999.000    999.000
    ETA2               1.000      0.000    999.000    999.000

 Residual Variances
    X1                 0.377      0.071      5.336      0.000
    X2                 0.530      0.066      8.036      0.000
    X3                 0.590      0.068      8.630      0.000
    M1                 0.303      0.052      5.882      0.000
    M2                 0.383      0.048      7.949      0.000
    M3                 0.457      0.053      8.601      0.000
    Y                  0.628      0.063      9.973      0.000


STD Standardization

                                                    Two-Tailed
                    Estimate       S.E.  Est./S.E.    P-Value

 ETA1     BY
    X1                 1.070      0.088     12.183      0.000
    X2                 0.755      0.073     10.313      0.000
    X3                 0.578      0.065      8.893      0.000

 ETA2     BY
    M1                 1.082      0.068     15.918      0.000
    M2                 0.911      0.061     14.929      0.000
    M3                 0.750      0.061     12.374      0.000

 Y          ON
    ETA1               0.295      0.064      4.590      0.000
    ETA2               0.345      0.068      5.101      0.000
    ETA3               0.400      0.068      5.854      0.000

 ETA2     WITH
    ETA1              -0.040      0.077     -0.528      0.598

 Intercepts
    X1                 0.016      0.086      0.187      0.852
    X2                -0.059      0.070     -0.845      0.398
    X3                 0.034      0.057      0.603      0.547
    M1                 0.083      0.082      1.009      0.313
    M2                 0.054      0.073      0.738      0.461
    M3                 0.043      0.064      0.665      0.506
    Y                  0.044      0.059      0.753      0.451

 Variances
    ETA1               1.000      0.000    999.000    999.000
    ETA2               1.000      0.000    999.000    999.000

 Residual Variances
    X1                 0.692      0.126      5.474      0.000
    X2                 0.642      0.075      8.616      0.000
    X3                 0.480      0.051      9.344      0.000
    M1                 0.510      0.086      5.901      0.000
    M2                 0.516      0.061      8.494      0.000
    M3                 0.474      0.052      9.105      0.000
    Y                  0.604      0.061      9.901      0.000


R-SQUARE

    Observed                                        Two-Tailed
    Variable        Estimate       S.E.  Est./S.E.    P-Value

    X1                 0.623      0.071      8.829      0.000
    X2                 0.470      0.066      7.138      0.000
    X3                 0.410      0.068      6.003      0.000
    M1                 0.697      0.052     13.514      0.000
    M2                 0.617      0.048     12.797      0.000
    M3                 0.543      0.053     10.199      0.000
    Y                  0.372      0.063      5.910      0.000


TECHNICAL 1 OUTPUT


     PARAMETER SPECIFICATION


           NU
              X1            X2            X3            M1            M2
              ________      ________      ________      ________      ________
                    1             2             3             4             5


           NU
              M3            Y
              ________      ________
                    6             0


           LAMBDA
              ETA1          ETA2          ETA3          Y
              ________      ________      ________      ________
 X1                 0             0             0             0
 X2                 7             0             0             0
 X3                 8             0             0             0
 M1                 0             0             0             0
 M2                 0             9             0             0
 M3                 0            10             0             0
 Y                  0             0             0             0


           THETA
              X1            X2            X3            M1            M2
              ________      ________      ________      ________      ________
 X1                11
 X2                 0            12
 X3                 0             0            13
 M1                 0             0             0            14
 M2                 0             0             0             0            15
 M3                 0             0             0             0             0
 Y                  0             0             0             0             0


           THETA
              M3            Y
              ________      ________
 M3                16
 Y                  0             0


           ALPHA
              ETA1          ETA2          ETA3          Y
              ________      ________      ________      ________
                    0             0             0            17


           BETA
              ETA1          ETA2          ETA3          Y
              ________      ________      ________      ________
 ETA1               0             0             0             0
 ETA2               0             0             0             0
 ETA3               0             0             0             0
 Y                 18            19            20             0


           PSI
              ETA1          ETA2          ETA3          Y
              ________      ________      ________      ________
 ETA1              21
 ETA2              22            23
 ETA3               0             0             0
 Y                  0             0             0            24


     STARTING VALUES


           NU
              X1            X2            X3            M1            M2
              ________      ________      ________      ________      ________
                0.016        -0.059         0.034         0.082         0.054


           NU
              M3            Y
              ________      ________
                0.043         0.000


           LAMBDA
              ETA1          ETA2          ETA3          Y
              ________      ________      ________      ________
 X1             1.000         0.000         0.000         0.000
 X2             1.000         0.000         0.000         0.000
 X3             1.000         0.000         0.000         0.000
 M1             0.000         1.000         0.000         0.000
 M2             0.000         1.000         0.000         0.000
 M3             0.000         1.000         0.000         0.000
 Y              0.000         0.000         0.000         1.000


           THETA
              X1            X2            X3            M1            M2
              ________      ________      ________      ________      ________
 X1             0.920
 X2             0.000         0.606
 X3             0.000         0.000         0.407
 M1             0.000         0.000         0.000         0.842
 M2             0.000         0.000         0.000         0.000         0.673
 M3             0.000         0.000         0.000         0.000         0.000
 Y              0.000         0.000         0.000         0.000         0.000


           THETA
              M3            Y
              ________      ________
 M3             0.518
 Y              0.000         0.000


           ALPHA
              ETA1          ETA2          ETA3          Y
              ________      ________      ________      ________
                0.000         0.000         0.000         0.028


           BETA
              ETA1          ETA2          ETA3          Y
              ________      ________      ________      ________
 ETA1           0.000         0.000         0.000         0.000
 ETA2           0.000         0.000         0.000         0.000
 ETA3           0.000         0.000         0.000         0.000
 Y              0.000         0.000         0.000         0.000


           PSI
              ETA1          ETA2          ETA3          Y
              ________      ________      ________      ________
 ETA1           0.050
 ETA2           0.000         0.050
 ETA3           0.000         0.000         0.000
 Y              0.000         0.000         0.000         0.493


TECHNICAL 4 OUTPUT


     ESTIMATES DERIVED FROM THE MODEL


           ESTIMATED MEANS FOR THE LATENT VARIABLES
              ETA1          ETA2          ETA3          Y
              ________      ________      ________      ________
                0.000         0.000        -0.047         0.028


           S.E. FOR ESTIMATED MEANS FOR THE LATENT VARIABLES
              ETA1          ETA2          ETA3          Y
              ________      ________      ________      ________
                0.000         0.000         0.088         0.063


           EST./S.E. FOR ESTIMATED MEANS FOR THE LATENT VARIABLES
              ETA1          ETA2          ETA3          Y
              ________      ________      ________      ________
                0.000         0.000        -0.531         0.445


           TWO-TAILED P-VALUE FOR ESTIMATED MEANS FOR THE LATENT VARIABLES
              ETA1          ETA2          ETA3          Y
              ________      ________      ________      ________
                1.000         1.000         0.596         0.657


           ESTIMATED COVARIANCE MATRIX FOR THE LATENT VARIABLES
              ETA1          ETA2          ETA3          Y
              ________      ________      ________      ________
 ETA1           1.144
 ETA2          -0.047         1.171
 ETA3           0.000         0.000         1.343
 Y              0.301         0.360         0.464         0.963


           S.E. FOR ESTIMATED COVARIANCE MATRIX FOR THE LATENT VARIABLES
              ETA1          ETA2          ETA3          Y
              ________      ________      ________      ________
 ETA1           0.188
 ETA2           0.088         0.147
 ETA3           0.000         0.000         0.277
 Y              0.084         0.084         0.102         0.086


           EST./S.E. FOR ESTIMATED COVARIANCE MATRIX FOR THE LATENT VARIABLES
              ETA1          ETA2          ETA3          Y
              ________      ________      ________      ________
 ETA1           6.092
 ETA2          -0.531         7.959
 ETA3           0.000         0.000         4.845
 Y              3.565         4.300         4.541        11.252


           TWO-TAILED P-VALUE FOR ESTIMATED COVARIANCE MATRIX FOR THE LATENT VARIABLES
              ETA1          ETA2          ETA3          Y
              ________      ________      ________      ________
 ETA1           0.000
 ETA2           0.596         0.000
 ETA3           1.000         1.000         0.000
 Y              0.000         0.000         0.000         0.000


           ESTIMATED CORRELATION MATRIX FOR THE LATENT VARIABLES
              ETA1          ETA2          ETA3          Y
              ________      ________      ________      ________
 ETA1           1.000
 ETA2          -0.040         1.000
 ETA3           0.000         0.000         1.000
 Y              0.287         0.339         0.408         1.000


           S.E. FOR ESTIMATED CORRELATION MATRIX FOR THE LATENT VARIABLES
              ETA1          ETA2          ETA3          Y
              ________      ________      ________      ________
 ETA1           0.000
 ETA2           0.077         0.000
 ETA3           0.000         0.000         0.000
 Y              0.068         0.066         0.064         0.000


           EST./S.E. FOR ESTIMATED CORRELATION MATRIX FOR THE LATENT VARIABLES
              ETA1          ETA2          ETA3          Y
              ________      ________      ________      ________
 ETA1         999.000
 ETA2          -0.528       999.000
 ETA3           0.000         0.000       999.000
 Y              4.206         5.161         6.344       999.000


           TWO-TAILED P-VALUE FOR ESTIMATED CORRELATION MATRIX FOR THE LATENT VARIABLES
              ETA1          ETA2          ETA3          Y
              ________      ________      ________      ________
 ETA1           0.000
 ETA2           0.598         0.000
 ETA3           1.000         1.000         0.000
 Y              0.000         0.000         0.000         0.000


     Beginning Time:  23:33:15
        Ending Time:  23:33:30
       Elapsed Time:  00:00:15



MUTHEN & MUTHEN
3463 Stoner Ave.
Los Angeles, CA  90066

Tel: (310) 391-9971
Fax: (310) 391-8971
Web: www.StatModel.com
Support: Support@StatModel.com

Copyright (c) 1998-2022 Muthen & Muthen
