Mplus VERSION 8.8 (Mac)
MUTHEN & MUTHEN
08/20/2024  11:10 PM

INPUT INSTRUCTIONS

  TITLE: Data Analysis for SEM with Latent Interaction

  DATA:
    FILE = /Users/jimmy_z/desktop/Temp_Data/temp_data_411.dat;
    FORMAT = FREE;

  VARIABLE:
    NAMES ARE x1 x2 x3 m1 m2 m3 y;
    USEVARIABLES ARE x1 x2 x3 m1 m2 m3 y;

  ANALYSIS:
    TYPE = RANDOM;
    ESTIMATOR = MLR;
    ALGORITHM = INTEGRATION;
    INTEGRATION = MONTECARLO;

  MODEL:
    eta1 BY x1 x2 x3;
    eta2 BY m1 m2 m3;
    eta3 | eta1 XWITH eta2;
    y ON eta1 eta2 eta3;

  OUTPUT:
    STANDARDIZED;
    TECH1;
    TECH4;





INPUT READING TERMINATED NORMALLY



Data Analysis for SEM with Latent Interaction

SUMMARY OF ANALYSIS

Number of groups                                                 1
Number of observations                                         250

Number of dependent variables                                    7
Number of independent variables                                  0
Number of continuous latent variables                            3

Observed dependent variables

  Continuous
   X1          X2          X3          M1          M2          M3
   Y

Continuous latent variables
   ETA1        ETA2        ETA3


Estimator                                                      MLR
Information matrix                                        OBSERVED
Optimization Specifications for the Quasi-Newton Algorithm for
Continuous Outcomes
  Maximum number of iterations                                 100
  Convergence criterion                                  0.100D-05
Optimization Specifications for the EM Algorithm
  Maximum number of iterations                                 500
  Convergence criteria
    Loglikelihood change                                 0.100D-02
    Relative loglikelihood change                        0.100D-05
    Derivative                                           0.100D-02
Optimization Specifications for the M step of the EM Algorithm for
Categorical Latent variables
  Number of M step iterations                                    1
  M step convergence criterion                           0.100D-02
  Basis for M step termination                           ITERATION
Optimization Specifications for the M step of the EM Algorithm for
Censored, Binary or Ordered Categorical (Ordinal), Unordered
Categorical (Nominal) and Count Outcomes
  Number of M step iterations                                    1
  M step convergence criterion                           0.100D-02
  Basis for M step termination                           ITERATION
  Maximum value for logit thresholds                            15
  Minimum value for logit thresholds                           -15
  Minimum expected cell size for chi-square              0.100D-01
Optimization algorithm                                         EMA
Integration Specifications
  Type                                                  MONTECARLO
  Number of integration points                                2000
  Dimensions of numerical integration                            2
  Adaptive quadrature                                           ON
  Monte Carlo integration seed                                   0
Cholesky                                                       OFF

Input data file(s)
  /Users/jimmy_z/desktop/Temp_Data/temp_data_411.dat
Input data format  FREE



UNIVARIATE SAMPLE STATISTICS


     UNIVARIATE HIGHER-ORDER MOMENT DESCRIPTIVE STATISTICS

         Variable/         Mean/     Skewness/   Minimum/ % with                Percentiles
        Sample Size      Variance    Kurtosis    Maximum  Min/Max      20%/60%    40%/80%    Median

     X1                   -0.115      -0.036      -4.300    0.40%      -1.242     -0.496     -0.042
             250.000       2.072       0.263       3.973    0.40%       0.232      1.110
     X2                   -0.064       0.343      -3.047    0.40%      -1.279     -0.519     -0.083
             250.000       1.733       0.023       4.352    0.40%       0.205      0.967
     X3                    0.016      -0.107      -2.870    0.40%      -0.812     -0.244      0.032
             250.000       1.021       0.019       2.959    0.40%       0.249      0.867
     M1                    0.188      -0.005      -3.806    0.40%      -0.983     -0.264      0.176
             250.000       2.484      -0.105       4.273    0.40%       0.520      1.509
     M2                    0.240      -0.070      -3.769    0.40%      -0.819     -0.119      0.212
             250.000       1.846       0.009       4.325    0.40%       0.615      1.411
     M3                    0.205      -0.034      -2.784    0.40%      -0.930     -0.034      0.306
             250.000       1.334      -0.249       3.189    0.40%       0.495      1.101
     Y                     0.092       0.026      -2.238    0.40%      -0.761     -0.197      0.065
             250.000       1.001      -0.473       2.742    0.40%       0.382      0.933


THE MODEL ESTIMATION TERMINATED NORMALLY



MODEL FIT INFORMATION

Number of Free Parameters                       24

Loglikelihood

          H0 Value                       -2716.533
          H0 Scaling Correction Factor      0.9893
            for MLR

Information Criteria

          Akaike (AIC)                    5481.066
          Bayesian (BIC)                  5565.581
          Sample-Size Adjusted BIC        5489.499
            (n* = (n + 2) / 24)



MODEL RESULTS

                                                    Two-Tailed
                    Estimate       S.E.  Est./S.E.    P-Value

 ETA1     BY
    X1                 1.000      0.000    999.000    999.000
    X2                 1.091      0.198      5.520      0.000
    X3                 0.776      0.117      6.614      0.000

 ETA2     BY
    M1                 1.000      0.000    999.000    999.000
    M2                 0.805      0.105      7.654      0.000
    M3                 0.635      0.077      8.287      0.000

 Y          ON
    ETA1               0.423      0.108      3.921      0.000
    ETA2               0.147      0.055      2.686      0.007
    ETA3               0.196      0.069      2.852      0.004

 ETA2     WITH
    ETA1               0.013      0.089      0.152      0.879

 Intercepts
    X1                -0.115      0.091     -1.266      0.206
    X2                -0.064      0.084     -0.761      0.446
    X3                 0.016      0.064      0.244      0.807
    M1                 0.187      0.100      1.875      0.061
    M2                 0.239      0.086      2.782      0.005
    M3                 0.204      0.073      2.790      0.005
    Y                  0.090      0.063      1.412      0.158

 Variances
    ETA1               0.695      0.184      3.786      0.000
    ETA2               1.392      0.242      5.742      0.000

 Residual Variances
    X1                 1.388      0.174      7.976      0.000
    X2                 0.905      0.168      5.395      0.000
    X3                 0.603      0.088      6.822      0.000
    M1                 1.092      0.179      6.088      0.000
    M2                 0.943      0.155      6.081      0.000
    M3                 0.773      0.094      8.184      0.000
    Y                  0.809      0.070     11.543      0.000


QUALITY OF NUMERICAL RESULTS

     Condition Number for the Information Matrix              0.215E-01
       (ratio of smallest to largest eigenvalue)


STANDARDIZED MODEL RESULTS


STDYX Standardization

                                                    Two-Tailed
                    Estimate       S.E.  Est./S.E.    P-Value

 ETA1     BY
    X1                 0.578      0.064      9.047      0.000
    X2                 0.691      0.063     10.924      0.000
    X3                 0.640      0.067      9.509      0.000

 ETA2     BY
    M1                 0.749      0.048     15.444      0.000
    M2                 0.699      0.056     12.457      0.000
    M3                 0.649      0.054     12.026      0.000

 Y          ON
    ETA1               0.352      0.067      5.254      0.000
    ETA2               0.174      0.066      2.626      0.009
    ETA3               0.193      0.064      3.005      0.003

 ETA2     WITH
    ETA1               0.014      0.090      0.152      0.879

 Intercepts
    X1                -0.080      0.063     -1.267      0.205
    X2                -0.048      0.064     -0.755      0.450
    X3                 0.015      0.063      0.244      0.807
    M1                 0.119      0.063      1.868      0.062
    M2                 0.176      0.064      2.744      0.006
    M3                 0.177      0.064      2.763      0.006
    Y                  0.089      0.063      1.409      0.159

 Variances
    ETA1               1.000      0.000    999.000    999.000
    ETA2               1.000      0.000    999.000    999.000

 Residual Variances
    X1                 0.666      0.074      9.029      0.000
    X2                 0.522      0.088      5.966      0.000
    X3                 0.590      0.086      6.853      0.000
    M1                 0.440      0.073      6.059      0.000
    M2                 0.511      0.079      6.509      0.000
    M3                 0.579      0.070      8.269      0.000
    Y                  0.807      0.054     15.038      0.000


STDY Standardization

                                                    Two-Tailed
                    Estimate       S.E.  Est./S.E.    P-Value

 ETA1     BY
    X1                 0.578      0.064      9.047      0.000
    X2                 0.691      0.063     10.924      0.000
    X3                 0.640      0.067      9.509      0.000

 ETA2     BY
    M1                 0.749      0.048     15.444      0.000
    M2                 0.699      0.056     12.457      0.000
    M3                 0.649      0.054     12.026      0.000

 Y          ON
    ETA1               0.352      0.067      5.254      0.000
    ETA2               0.174      0.066      2.626      0.009
    ETA3               0.193      0.064      3.005      0.003

 ETA2     WITH
    ETA1               0.014      0.090      0.152      0.879

 Intercepts
    X1                -0.080      0.063     -1.267      0.205
    X2                -0.048      0.064     -0.755      0.450
    X3                 0.015      0.063      0.244      0.807
    M1                 0.119      0.063      1.868      0.062
    M2                 0.176      0.064      2.744      0.006
    M3                 0.177      0.064      2.763      0.006
    Y                  0.089      0.063      1.409      0.159

 Variances
    ETA1               1.000      0.000    999.000    999.000
    ETA2               1.000      0.000    999.000    999.000

 Residual Variances
    X1                 0.666      0.074      9.029      0.000
    X2                 0.522      0.088      5.966      0.000
    X3                 0.590      0.086      6.853      0.000
    M1                 0.440      0.073      6.059      0.000
    M2                 0.511      0.079      6.509      0.000
    M3                 0.579      0.070      8.269      0.000
    Y                  0.807      0.054     15.038      0.000


STD Standardization

                                                    Two-Tailed
                    Estimate       S.E.  Est./S.E.    P-Value

 ETA1     BY
    X1                 0.834      0.110      7.572      0.000
    X2                 0.910      0.095      9.578      0.000
    X3                 0.647      0.082      7.924      0.000

 ETA2     BY
    M1                 1.180      0.103     11.484      0.000
    M2                 0.950      0.093     10.178      0.000
    M3                 0.749      0.078      9.548      0.000

 Y          ON
    ETA1               0.352      0.071      4.934      0.000
    ETA2               0.174      0.067      2.593      0.010
    ETA3               0.193      0.065      2.957      0.003

 ETA2     WITH
    ETA1               0.014      0.090      0.152      0.879

 Intercepts
    X1                -0.115      0.091     -1.266      0.206
    X2                -0.064      0.084     -0.761      0.446
    X3                 0.016      0.064      0.244      0.807
    M1                 0.187      0.100      1.875      0.061
    M2                 0.239      0.086      2.782      0.005
    M3                 0.204      0.073      2.790      0.005
    Y                  0.090      0.063      1.412      0.158

 Variances
    ETA1               1.000      0.000    999.000    999.000
    ETA2               1.000      0.000    999.000    999.000

 Residual Variances
    X1                 1.388      0.174      7.976      0.000
    X2                 0.905      0.168      5.395      0.000
    X3                 0.603      0.088      6.822      0.000
    M1                 1.092      0.179      6.088      0.000
    M2                 0.943      0.155      6.081      0.000
    M3                 0.773      0.094      8.184      0.000
    Y                  0.809      0.070     11.543      0.000


R-SQUARE

    Observed                                        Two-Tailed
    Variable        Estimate       S.E.  Est./S.E.    P-Value

    X1                 0.334      0.074      4.523      0.000
    X2                 0.478      0.088      5.462      0.000
    X3                 0.410      0.086      4.754      0.000
    M1                 0.560      0.073      7.722      0.000
    M2                 0.489      0.079      6.228      0.000
    M3                 0.421      0.070      6.013      0.000
    Y                  0.193      0.054      3.596      0.000


TECHNICAL 1 OUTPUT


     PARAMETER SPECIFICATION


           NU
              X1            X2            X3            M1            M2
              ________      ________      ________      ________      ________
                    1             2             3             4             5


           NU
              M3            Y
              ________      ________
                    6             0


           LAMBDA
              ETA1          ETA2          ETA3          Y
              ________      ________      ________      ________
 X1                 0             0             0             0
 X2                 7             0             0             0
 X3                 8             0             0             0
 M1                 0             0             0             0
 M2                 0             9             0             0
 M3                 0            10             0             0
 Y                  0             0             0             0


           THETA
              X1            X2            X3            M1            M2
              ________      ________      ________      ________      ________
 X1                11
 X2                 0            12
 X3                 0             0            13
 M1                 0             0             0            14
 M2                 0             0             0             0            15
 M3                 0             0             0             0             0
 Y                  0             0             0             0             0


           THETA
              M3            Y
              ________      ________
 M3                16
 Y                  0             0


           ALPHA
              ETA1          ETA2          ETA3          Y
              ________      ________      ________      ________
                    0             0             0            17


           BETA
              ETA1          ETA2          ETA3          Y
              ________      ________      ________      ________
 ETA1               0             0             0             0
 ETA2               0             0             0             0
 ETA3               0             0             0             0
 Y                 18            19            20             0


           PSI
              ETA1          ETA2          ETA3          Y
              ________      ________      ________      ________
 ETA1              21
 ETA2              22            23
 ETA3               0             0             0
 Y                  0             0             0            24


     STARTING VALUES


           NU
              X1            X2            X3            M1            M2
              ________      ________      ________      ________      ________
               -0.115        -0.064         0.016         0.188         0.240


           NU
              M3            Y
              ________      ________
                0.205         0.000


           LAMBDA
              ETA1          ETA2          ETA3          Y
              ________      ________      ________      ________
 X1             1.000         0.000         0.000         0.000
 X2             1.000         0.000         0.000         0.000
 X3             1.000         0.000         0.000         0.000
 M1             0.000         1.000         0.000         0.000
 M2             0.000         1.000         0.000         0.000
 M3             0.000         1.000         0.000         0.000
 Y              0.000         0.000         0.000         1.000


           THETA
              X1            X2            X3            M1            M2
              ________      ________      ________      ________      ________
 X1             1.036
 X2             0.000         0.866
 X3             0.000         0.000         0.511
 M1             0.000         0.000         0.000         1.242
 M2             0.000         0.000         0.000         0.000         0.923
 M3             0.000         0.000         0.000         0.000         0.000
 Y              0.000         0.000         0.000         0.000         0.000


           THETA
              M3            Y
              ________      ________
 M3             0.667
 Y              0.000         0.000


           ALPHA
              ETA1          ETA2          ETA3          Y
              ________      ________      ________      ________
                0.000         0.000         0.000         0.092


           BETA
              ETA1          ETA2          ETA3          Y
              ________      ________      ________      ________
 ETA1           0.000         0.000         0.000         0.000
 ETA2           0.000         0.000         0.000         0.000
 ETA3           0.000         0.000         0.000         0.000
 Y              0.000         0.000         0.000         0.000


           PSI
              ETA1          ETA2          ETA3          Y
              ________      ________      ________      ________
 ETA1           0.050
 ETA2           0.000         0.050
 ETA3           0.000         0.000         0.000
 Y              0.000         0.000         0.000         0.501


TECHNICAL 4 OUTPUT


     ESTIMATES DERIVED FROM THE MODEL


           ESTIMATED MEANS FOR THE LATENT VARIABLES
              ETA1          ETA2          ETA3          Y
              ________      ________      ________      ________
                0.000         0.000         0.013         0.092


           S.E. FOR ESTIMATED MEANS FOR THE LATENT VARIABLES
              ETA1          ETA2          ETA3          Y
              ________      ________      ________      ________
                0.000         0.000         0.089         0.063


           EST./S.E. FOR ESTIMATED MEANS FOR THE LATENT VARIABLES
              ETA1          ETA2          ETA3          Y
              ________      ________      ________      ________
                0.000         0.000         0.152         1.458


           TWO-TAILED P-VALUE FOR ESTIMATED MEANS FOR THE LATENT VARIABLES
              ETA1          ETA2          ETA3          Y
              ________      ________      ________      ________
                1.000         1.000         0.879         0.145


           ESTIMATED COVARIANCE MATRIX FOR THE LATENT VARIABLES
              ETA1          ETA2          ETA3          Y
              ________      ________      ________      ________
 ETA1           0.695
 ETA2           0.013         1.392
 ETA3           0.000         0.000         0.968
 Y              0.296         0.211         0.190         1.003


           S.E. FOR ESTIMATED COVARIANCE MATRIX FOR THE LATENT VARIABLES
              ETA1          ETA2          ETA3          Y
              ________      ________      ________      ________
 ETA1           0.184
 ETA2           0.089         0.242
 ETA3           0.000         0.000         0.311
 Y              0.069         0.088         0.075         0.078


           EST./S.E. FOR ESTIMATED COVARIANCE MATRIX FOR THE LATENT VARIABLES
              ETA1          ETA2          ETA3          Y
              ________      ________      ________      ________
 ETA1           3.786
 ETA2           0.152         5.742
 ETA3           0.000         0.000         3.119
 Y              4.288         2.393         2.522        12.788


           TWO-TAILED P-VALUE FOR ESTIMATED COVARIANCE MATRIX FOR THE LATENT VARIABLES
              ETA1          ETA2          ETA3          Y
              ________      ________      ________      ________
 ETA1           0.000
 ETA2           0.879         0.000
 ETA3           1.000         1.000         0.002
 Y              0.000         0.017         0.012         0.000


           ESTIMATED CORRELATION MATRIX FOR THE LATENT VARIABLES
              ETA1          ETA2          ETA3          Y
              ________      ________      ________      ________
 ETA1           1.000
 ETA2           0.014         1.000
 ETA3           0.000         0.000         1.000
 Y              0.354         0.178         0.193         1.000


           S.E. FOR ESTIMATED CORRELATION MATRIX FOR THE LATENT VARIABLES
              ETA1          ETA2          ETA3          Y
              ________      ________      ________      ________
 ETA1           0.000
 ETA2           0.090         0.000
 ETA3           0.000         0.000         0.000
 Y              0.070         0.068         0.064         0.000


           EST./S.E. FOR ESTIMATED CORRELATION MATRIX FOR THE LATENT VARIABLES
              ETA1          ETA2          ETA3          Y
              ________      ________      ________      ________
 ETA1         999.000
 ETA2           0.152       999.000
 ETA3           0.000         0.000       999.000
 Y              5.097         2.639         3.004       999.000


           TWO-TAILED P-VALUE FOR ESTIMATED CORRELATION MATRIX FOR THE LATENT VARIABLES
              ETA1          ETA2          ETA3          Y
              ________      ________      ________      ________
 ETA1           0.000
 ETA2           0.879         0.000
 ETA3           1.000         1.000         0.000
 Y              0.000         0.008         0.003         0.000


     Beginning Time:  23:10:18
        Ending Time:  23:11:15
       Elapsed Time:  00:00:57



MUTHEN & MUTHEN
3463 Stoner Ave.
Los Angeles, CA  90066

Tel: (310) 391-9971
Fax: (310) 391-8971
Web: www.StatModel.com
Support: Support@StatModel.com

Copyright (c) 1998-2022 Muthen & Muthen
