Mplus VERSION 8.8 (Mac)
MUTHEN & MUTHEN
08/21/2024  12:22 AM

INPUT INSTRUCTIONS

  TITLE: Data Analysis for SEM with Latent Interaction

  DATA:
    FILE = /Users/jimmy_z/desktop/Temp_Data/temp_data_196.dat;
    FORMAT = FREE;

  VARIABLE:
    NAMES ARE x1 x2 x3 m1 m2 m3 y;
    USEVARIABLES ARE x1 x2 x3 m1 m2 m3 y;

  ANALYSIS:
    TYPE = RANDOM;
    ESTIMATOR = MLR;
    ALGORITHM = INTEGRATION;
    INTEGRATION = MONTECARLO;

  MODEL:
    eta1 BY x1 x2 x3;
    eta2 BY m1 m2 m3;
    eta3 | eta1 XWITH eta2;
    y ON eta1 eta2 eta3;

  OUTPUT:
    STANDARDIZED;
    TECH1;
    TECH4;





INPUT READING TERMINATED NORMALLY



Data Analysis for SEM with Latent Interaction

SUMMARY OF ANALYSIS

Number of groups                                                 1
Number of observations                                         250

Number of dependent variables                                    7
Number of independent variables                                  0
Number of continuous latent variables                            3

Observed dependent variables

  Continuous
   X1          X2          X3          M1          M2          M3
   Y

Continuous latent variables
   ETA1        ETA2        ETA3


Estimator                                                      MLR
Information matrix                                        OBSERVED
Optimization Specifications for the Quasi-Newton Algorithm for
Continuous Outcomes
  Maximum number of iterations                                 100
  Convergence criterion                                  0.100D-05
Optimization Specifications for the EM Algorithm
  Maximum number of iterations                                 500
  Convergence criteria
    Loglikelihood change                                 0.100D-02
    Relative loglikelihood change                        0.100D-05
    Derivative                                           0.100D-02
Optimization Specifications for the M step of the EM Algorithm for
Categorical Latent variables
  Number of M step iterations                                    1
  M step convergence criterion                           0.100D-02
  Basis for M step termination                           ITERATION
Optimization Specifications for the M step of the EM Algorithm for
Censored, Binary or Ordered Categorical (Ordinal), Unordered
Categorical (Nominal) and Count Outcomes
  Number of M step iterations                                    1
  M step convergence criterion                           0.100D-02
  Basis for M step termination                           ITERATION
  Maximum value for logit thresholds                            15
  Minimum value for logit thresholds                           -15
  Minimum expected cell size for chi-square              0.100D-01
Optimization algorithm                                         EMA
Integration Specifications
  Type                                                  MONTECARLO
  Number of integration points                                2000
  Dimensions of numerical integration                            2
  Adaptive quadrature                                           ON
  Monte Carlo integration seed                                   0
Cholesky                                                       OFF

Input data file(s)
  /Users/jimmy_z/desktop/Temp_Data/temp_data_196.dat
Input data format  FREE



UNIVARIATE SAMPLE STATISTICS


     UNIVARIATE HIGHER-ORDER MOMENT DESCRIPTIVE STATISTICS

         Variable/         Mean/     Skewness/   Minimum/ % with                Percentiles
        Sample Size      Variance    Kurtosis    Maximum  Min/Max      20%/60%    40%/80%    Median

     X1                   -0.021      -0.192      -3.253    0.40%      -1.255     -0.206      0.121
             250.000       1.721      -0.661       2.802    0.40%       0.353      1.130
     X2                   -0.021      -0.177      -3.283    0.40%      -1.051     -0.350      0.094
             250.000       1.570      -0.406       3.140    0.40%       0.444      1.015
     X3                   -0.037      -0.358      -3.432    0.40%      -0.770     -0.230      0.013
             250.000       0.930       0.502       2.593    0.40%       0.178      0.771
     M1                    0.088      -0.031      -3.866    0.40%      -0.914     -0.240      0.094
             250.000       1.648       0.448       4.601    0.40%       0.422      1.130
     M2                    0.080      -0.380      -3.732    0.40%      -0.822     -0.175      0.164
             250.000       1.515       0.026       2.639    0.40%       0.453      1.124
     M3                    0.002      -0.008      -2.341    0.40%      -0.752     -0.309      0.026
             250.000       0.864      -0.403       2.203    0.40%       0.287      0.843
     Y                    -0.147       0.007      -2.618    0.40%      -1.044     -0.415     -0.149
             250.000       1.063      -0.424       2.600    0.40%       0.149      0.734


THE MODEL ESTIMATION TERMINATED NORMALLY



MODEL FIT INFORMATION

Number of Free Parameters                       24

Loglikelihood

          H0 Value                       -2444.113
          H0 Scaling Correction Factor      0.9692
            for MLR

Information Criteria

          Akaike (AIC)                    4936.225
          Bayesian (BIC)                  5020.740
          Sample-Size Adjusted BIC        4944.658
            (n* = (n + 2) / 24)



MODEL RESULTS

                                                    Two-Tailed
                    Estimate       S.E.  Est./S.E.    P-Value

 ETA1     BY
    X1                 1.000      0.000    999.000    999.000
    X2                 0.995      0.089     11.179      0.000
    X3                 0.747      0.066     11.230      0.000

 ETA2     BY
    M1                 1.000      0.000    999.000    999.000
    M2                 0.947      0.107      8.849      0.000
    M3                 0.690      0.068     10.094      0.000

 Y          ON
    ETA1               0.369      0.071      5.184      0.000
    ETA2               0.327      0.075      4.389      0.000
    ETA3               0.496      0.083      5.960      0.000

 ETA2     WITH
    ETA1               0.032      0.068      0.468      0.639

 Intercepts
    X1                -0.020      0.083     -0.241      0.809
    X2                -0.020      0.079     -0.251      0.802
    X3                -0.037      0.061     -0.599      0.549
    M1                 0.088      0.081      1.080      0.280
    M2                 0.080      0.078      1.027      0.305
    M3                 0.002      0.059      0.026      0.979
    Y                 -0.163      0.064     -2.540      0.011

 Variances
    ETA1               0.942      0.141      6.666      0.000
    ETA2               0.937      0.169      5.535      0.000

 Residual Variances
    X1                 0.776      0.097      7.982      0.000
    X2                 0.637      0.097      6.582      0.000
    X3                 0.405      0.052      7.759      0.000
    M1                 0.707      0.099      7.116      0.000
    M2                 0.674      0.093      7.213      0.000
    M3                 0.419      0.051      8.155      0.000
    Y                  0.670      0.070      9.589      0.000


QUALITY OF NUMERICAL RESULTS

     Condition Number for the Information Matrix              0.836E-03
       (ratio of smallest to largest eigenvalue)


STANDARDIZED MODEL RESULTS


STDYX Standardization

                                                    Two-Tailed
                    Estimate       S.E.  Est./S.E.    P-Value

 ETA1     BY
    X1                 0.740      0.040     18.595      0.000
    X2                 0.771      0.041     18.928      0.000
    X3                 0.751      0.037     20.519      0.000

 ETA2     BY
    M1                 0.755      0.043     17.421      0.000
    M2                 0.745      0.041     18.364      0.000
    M3                 0.718      0.043     16.706      0.000

 Y          ON
    ETA1               0.338      0.060      5.642      0.000
    ETA2               0.299      0.070      4.261      0.000
    ETA3               0.440      0.065      6.754      0.000

 ETA2     WITH
    ETA1               0.034      0.072      0.473      0.637

 Intercepts
    X1                -0.015      0.063     -0.242      0.809
    X2                -0.016      0.063     -0.252      0.801
    X3                -0.038      0.063     -0.603      0.547
    M1                 0.069      0.064      1.078      0.281
    M2                 0.065      0.064      1.013      0.311
    M3                 0.002      0.063      0.026      0.979
    Y                 -0.153      0.060     -2.543      0.011

 Variances
    ETA1               1.000      0.000    999.000    999.000
    ETA2               1.000      0.000    999.000    999.000

 Residual Variances
    X1                 0.452      0.059      7.660      0.000
    X2                 0.405      0.063      6.455      0.000
    X3                 0.435      0.055      7.913      0.000
    M1                 0.430      0.065      6.574      0.000
    M2                 0.445      0.060      7.357      0.000
    M3                 0.485      0.062      7.854      0.000
    Y                  0.596      0.066      8.987      0.000


STDY Standardization

                                                    Two-Tailed
                    Estimate       S.E.  Est./S.E.    P-Value

 ETA1     BY
    X1                 0.740      0.040     18.595      0.000
    X2                 0.771      0.041     18.928      0.000
    X3                 0.751      0.037     20.519      0.000

 ETA2     BY
    M1                 0.755      0.043     17.421      0.000
    M2                 0.745      0.041     18.364      0.000
    M3                 0.718      0.043     16.706      0.000

 Y          ON
    ETA1               0.338      0.060      5.642      0.000
    ETA2               0.299      0.070      4.261      0.000
    ETA3               0.440      0.065      6.754      0.000

 ETA2     WITH
    ETA1               0.034      0.072      0.473      0.637

 Intercepts
    X1                -0.015      0.063     -0.242      0.809
    X2                -0.016      0.063     -0.252      0.801
    X3                -0.038      0.063     -0.603      0.547
    M1                 0.069      0.064      1.078      0.281
    M2                 0.065      0.064      1.013      0.311
    M3                 0.002      0.063      0.026      0.979
    Y                 -0.153      0.060     -2.543      0.011

 Variances
    ETA1               1.000      0.000    999.000    999.000
    ETA2               1.000      0.000    999.000    999.000

 Residual Variances
    X1                 0.452      0.059      7.660      0.000
    X2                 0.405      0.063      6.455      0.000
    X3                 0.435      0.055      7.913      0.000
    M1                 0.430      0.065      6.574      0.000
    M2                 0.445      0.060      7.357      0.000
    M3                 0.485      0.062      7.854      0.000
    Y                  0.596      0.066      8.987      0.000


STD Standardization

                                                    Two-Tailed
                    Estimate       S.E.  Est./S.E.    P-Value

 ETA1     BY
    X1                 0.971      0.073     13.331      0.000
    X2                 0.966      0.072     13.334      0.000
    X3                 0.725      0.059     12.237      0.000

 ETA2     BY
    M1                 0.968      0.087     11.069      0.000
    M2                 0.917      0.074     12.440      0.000
    M3                 0.667      0.056     11.992      0.000

 Y          ON
    ETA1               0.358      0.067      5.351      0.000
    ETA2               0.317      0.077      4.103      0.000
    ETA3               0.466      0.078      6.015      0.000

 ETA2     WITH
    ETA1               0.034      0.072      0.473      0.637

 Intercepts
    X1                -0.020      0.083     -0.241      0.809
    X2                -0.020      0.079     -0.251      0.802
    X3                -0.037      0.061     -0.599      0.549
    M1                 0.088      0.081      1.080      0.280
    M2                 0.080      0.078      1.027      0.305
    M3                 0.002      0.059      0.026      0.979
    Y                 -0.163      0.064     -2.540      0.011

 Variances
    ETA1               1.000      0.000    999.000    999.000
    ETA2               1.000      0.000    999.000    999.000

 Residual Variances
    X1                 0.776      0.097      7.982      0.000
    X2                 0.637      0.097      6.582      0.000
    X3                 0.405      0.052      7.759      0.000
    M1                 0.707      0.099      7.116      0.000
    M2                 0.674      0.093      7.213      0.000
    M3                 0.419      0.051      8.155      0.000
    Y                  0.670      0.070      9.589      0.000


R-SQUARE

    Observed                                        Two-Tailed
    Variable        Estimate       S.E.  Est./S.E.    P-Value

    X1                 0.548      0.059      9.298      0.000
    X2                 0.595      0.063      9.464      0.000
    X3                 0.565      0.055     10.259      0.000
    M1                 0.570      0.065      8.711      0.000
    M2                 0.555      0.060      9.182      0.000
    M3                 0.515      0.062      8.353      0.000
    Y                  0.404      0.066      6.092      0.000


TECHNICAL 1 OUTPUT


     PARAMETER SPECIFICATION


           NU
              X1            X2            X3            M1            M2
              ________      ________      ________      ________      ________
                    1             2             3             4             5


           NU
              M3            Y
              ________      ________
                    6             0


           LAMBDA
              ETA1          ETA2          ETA3          Y
              ________      ________      ________      ________
 X1                 0             0             0             0
 X2                 7             0             0             0
 X3                 8             0             0             0
 M1                 0             0             0             0
 M2                 0             9             0             0
 M3                 0            10             0             0
 Y                  0             0             0             0


           THETA
              X1            X2            X3            M1            M2
              ________      ________      ________      ________      ________
 X1                11
 X2                 0            12
 X3                 0             0            13
 M1                 0             0             0            14
 M2                 0             0             0             0            15
 M3                 0             0             0             0             0
 Y                  0             0             0             0             0


           THETA
              M3            Y
              ________      ________
 M3                16
 Y                  0             0


           ALPHA
              ETA1          ETA2          ETA3          Y
              ________      ________      ________      ________
                    0             0             0            17


           BETA
              ETA1          ETA2          ETA3          Y
              ________      ________      ________      ________
 ETA1               0             0             0             0
 ETA2               0             0             0             0
 ETA3               0             0             0             0
 Y                 18            19            20             0


           PSI
              ETA1          ETA2          ETA3          Y
              ________      ________      ________      ________
 ETA1              21
 ETA2              22            23
 ETA3               0             0             0
 Y                  0             0             0            24


     STARTING VALUES


           NU
              X1            X2            X3            M1            M2
              ________      ________      ________      ________      ________
               -0.021        -0.021        -0.037         0.088         0.080


           NU
              M3            Y
              ________      ________
                0.002         0.000


           LAMBDA
              ETA1          ETA2          ETA3          Y
              ________      ________      ________      ________
 X1             1.000         0.000         0.000         0.000
 X2             1.000         0.000         0.000         0.000
 X3             1.000         0.000         0.000         0.000
 M1             0.000         1.000         0.000         0.000
 M2             0.000         1.000         0.000         0.000
 M3             0.000         1.000         0.000         0.000
 Y              0.000         0.000         0.000         1.000


           THETA
              X1            X2            X3            M1            M2
              ________      ________      ________      ________      ________
 X1             0.861
 X2             0.000         0.785
 X3             0.000         0.000         0.465
 M1             0.000         0.000         0.000         0.824
 M2             0.000         0.000         0.000         0.000         0.757
 M3             0.000         0.000         0.000         0.000         0.000
 Y              0.000         0.000         0.000         0.000         0.000


           THETA
              M3            Y
              ________      ________
 M3             0.432
 Y              0.000         0.000


           ALPHA
              ETA1          ETA2          ETA3          Y
              ________      ________      ________      ________
                0.000         0.000         0.000        -0.147


           BETA
              ETA1          ETA2          ETA3          Y
              ________      ________      ________      ________
 ETA1           0.000         0.000         0.000         0.000
 ETA2           0.000         0.000         0.000         0.000
 ETA3           0.000         0.000         0.000         0.000
 Y              0.000         0.000         0.000         0.000


           PSI
              ETA1          ETA2          ETA3          Y
              ________      ________      ________      ________
 ETA1           0.050
 ETA2           0.000         0.050
 ETA3           0.000         0.000         0.000
 Y              0.000         0.000         0.000         0.532


TECHNICAL 4 OUTPUT


     ESTIMATES DERIVED FROM THE MODEL


           ESTIMATED MEANS FOR THE LATENT VARIABLES
              ETA1          ETA2          ETA3          Y
              ________      ________      ________      ________
                0.000         0.000         0.032        -0.147


           S.E. FOR ESTIMATED MEANS FOR THE LATENT VARIABLES
              ETA1          ETA2          ETA3          Y
              ________      ________      ________      ________
                0.000         0.000         0.068         0.065


           EST./S.E. FOR ESTIMATED MEANS FOR THE LATENT VARIABLES
              ETA1          ETA2          ETA3          Y
              ________      ________      ________      ________
                0.000         0.000         0.468        -2.253


           TWO-TAILED P-VALUE FOR ESTIMATED MEANS FOR THE LATENT VARIABLES
              ETA1          ETA2          ETA3          Y
              ________      ________      ________      ________
                1.000         1.000         0.639         0.024


           ESTIMATED COVARIANCE MATRIX FOR THE LATENT VARIABLES
              ETA1          ETA2          ETA3          Y
              ________      ________      ________      ________
 ETA1           0.942
 ETA2           0.032         0.937
 ETA3           0.000         0.000         0.884
 Y              0.358         0.318         0.439         1.124


           S.E. FOR ESTIMATED COVARIANCE MATRIX FOR THE LATENT VARIABLES
              ETA1          ETA2          ETA3          Y
              ________      ________      ________      ________
 ETA1           0.141
 ETA2           0.068         0.169
 ETA3           0.000         0.000         0.215
 Y              0.076         0.090         0.105         0.095


           EST./S.E. FOR ESTIMATED COVARIANCE MATRIX FOR THE LATENT VARIABLES
              ETA1          ETA2          ETA3          Y
              ________      ________      ________      ________
 ETA1           6.666
 ETA2           0.468         5.535
 ETA3           0.000         0.000         4.107
 Y              4.730         3.528         4.192        11.826


           TWO-TAILED P-VALUE FOR ESTIMATED COVARIANCE MATRIX FOR THE LATENT VARIABLES
              ETA1          ETA2          ETA3          Y
              ________      ________      ________      ________
 ETA1           0.000
 ETA2           0.639         0.000
 ETA3           1.000         1.000         0.000
 Y              0.000         0.000         0.000         0.000


           ESTIMATED CORRELATION MATRIX FOR THE LATENT VARIABLES
              ETA1          ETA2          ETA3          Y
              ________      ________      ________      ________
 ETA1           1.000
 ETA2           0.034         1.000
 ETA3           0.000         0.000         1.000
 Y              0.348         0.310         0.440         1.000


           S.E. FOR ESTIMATED CORRELATION MATRIX FOR THE LATENT VARIABLES
              ETA1          ETA2          ETA3          Y
              ________      ________      ________      ________
 ETA1           0.000
 ETA2           0.072         0.000
 ETA3           0.000         0.000         0.000
 Y              0.061         0.070         0.065         0.000


           EST./S.E. FOR ESTIMATED CORRELATION MATRIX FOR THE LATENT VARIABLES
              ETA1          ETA2          ETA3          Y
              ________      ________      ________      ________
 ETA1         999.000
 ETA2           0.473       999.000
 ETA3           0.000         0.000       999.000
 Y              5.747         4.405         6.749       999.000


           TWO-TAILED P-VALUE FOR ESTIMATED CORRELATION MATRIX FOR THE LATENT VARIABLES
              ETA1          ETA2          ETA3          Y
              ________      ________      ________      ________
 ETA1           0.000
 ETA2           0.637         0.000
 ETA3           1.000         1.000         0.000
 Y              0.000         0.000         0.000         0.000


     Beginning Time:  00:22:38
        Ending Time:  00:24:24
       Elapsed Time:  00:01:46



MUTHEN & MUTHEN
3463 Stoner Ave.
Los Angeles, CA  90066

Tel: (310) 391-9971
Fax: (310) 391-8971
Web: www.StatModel.com
Support: Support@StatModel.com

Copyright (c) 1998-2022 Muthen & Muthen
