Mplus VERSION 8.8 (Mac)
MUTHEN & MUTHEN
08/20/2024  11:40 PM

INPUT INSTRUCTIONS

  TITLE: Data Generation for SEM with Latent Interaction

  MONTECARLO:
    NAMES ARE x1 x2 x3 m1 m2 m3 y;
    NOBSERVATIONS = 250;
    NREPS = 1;
    SEED = 721404;
    SAVE = /Users/jimmy_z/desktop/Temp_Data/temp_data_101.dat;

  MODEL POPULATION:
    eta1 BY x1*1 x2*0.9 x3*0.75;
    eta2 BY m1*1 m2*0.9 m3*0.75;
    [eta1@0 eta2@0];
    eta1*1 eta2*1;
    eta3 | eta1 XWITH eta2;
    eta1 WITH eta2*0;
    y ON eta1*0.3 eta2*0.3 eta3*0.3;
    x1*0.772475 x2*0.57935625 x3*0.40379375;
    m1*0.772475 m2*0.57935625 m3*0.40379375;
    y*0.73;

  ANALYSIS:
    TYPE = RANDOM;
    ESTIMATOR = MLR;
    ALGORITHM = INTEGRATION;
    INTEGRATION = MONTECARLO;

  OUTPUT:
    TECH9;





*** WARNING in MODEL command
  All variables are uncorrelated with all other variables in the model.
  Check that this is what is intended.
   1 WARNING(S) FOUND IN THE INPUT INSTRUCTIONS



Data Generation for SEM with Latent Interaction

SUMMARY OF ANALYSIS

Number of groups                                                 1
Number of observations                                         250

Number of replications
    Requested                                                    1
    Completed                                                    1
Value of seed                                               721404

Number of dependent variables                                    7
Number of independent variables                                  0
Number of continuous latent variables                            0

Observed dependent variables

  Continuous
   X1          X2          X3          M1          M2          M3
   Y


Estimator                                                      MLR
Information matrix                                        OBSERVED
Optimization Specifications for the Quasi-Newton Algorithm for
Continuous Outcomes
  Maximum number of iterations                                 100
  Convergence criterion                                  0.100D-05
Optimization Specifications for the EM Algorithm
  Maximum number of iterations                                 500
  Convergence criteria
    Loglikelihood change                                 0.100D-02
    Relative loglikelihood change                        0.100D-05
    Derivative                                           0.100D-02
Optimization Specifications for the M step of the EM Algorithm for
Categorical Latent variables
  Number of M step iterations                                    1
  M step convergence criterion                           0.100D-02
  Basis for M step termination                           ITERATION
Optimization Specifications for the M step of the EM Algorithm for
Censored, Binary or Ordered Categorical (Ordinal), Unordered
Categorical (Nominal) and Count Outcomes
  Number of M step iterations                                    1
  M step convergence criterion                           0.100D-02
  Basis for M step termination                           ITERATION
  Maximum value for logit thresholds                            15
  Minimum value for logit thresholds                           -15
  Minimum expected cell size for chi-square              0.100D-01
Optimization algorithm                                         EMA
Integration Specifications
  Type                                                  MONTECARLO
  Number of integration points                                   1
  Dimensions of numerical integration                            0
  Adaptive quadrature                                           ON
  Monte Carlo integration seed                                   0
Cholesky                                                       OFF


SAMPLE STATISTICS FOR THE FIRST REPLICATION


     SAMPLE STATISTICS


           Means
              X1            X2            X3            M1            M2
              ________      ________      ________      ________      ________
               -0.049        -0.023        -0.035        -0.238        -0.211


           Means
              M3            Y
              ________      ________
               -0.086        -0.039


           Covariances
              X1            X2            X3            M1            M2
              ________      ________      ________      ________      ________
 X1             1.595
 X2             0.885         1.432
 X3             0.672         0.673         0.915
 M1             0.155         0.214         0.098         1.649
 M2             0.033         0.095         0.055         0.728         1.204
 M3             0.017         0.022        -0.035         0.660         0.555
 Y              0.289         0.299         0.280         0.354         0.197


           Covariances
              M3            Y
              ________      ________
 M3             0.873
 Y              0.240         0.921


           Correlations
              X1            X2            X3            M1            M2
              ________      ________      ________      ________      ________
 X1             1.000
 X2             0.586         1.000
 X3             0.557         0.588         1.000
 M1             0.096         0.139         0.080         1.000
 M2             0.024         0.072         0.053         0.517         1.000
 M3             0.014         0.020        -0.039         0.550         0.542
 Y              0.239         0.261         0.305         0.287         0.187


           Correlations
              M3            Y
              ________      ________
 M3             1.000
 Y              0.267         1.000




MODEL FIT INFORMATION

Number of Free Parameters                       14

Loglikelihood

    H0 Value

        Mean                             -2633.679
        Std Dev                              0.000
        Number of successful computations        1

             Proportions                   Percentiles
        Expected    Observed         Expected       Observed
           0.990       0.000        -2633.679      -2633.679
           0.980       0.000        -2633.679      -2633.679
           0.950       0.000        -2633.679      -2633.679
           0.900       0.000        -2633.679      -2633.679
           0.800       0.000        -2633.679      -2633.679
           0.700       0.000        -2633.679      -2633.679
           0.500       0.000        -2633.679      -2633.679
           0.300       0.000        -2633.679      -2633.679
           0.200       0.000        -2633.679      -2633.679
           0.100       0.000        -2633.679      -2633.679
           0.050       0.000        -2633.679      -2633.679
           0.020       0.000        -2633.679      -2633.679
           0.010       0.000        -2633.679      -2633.679

Information Criteria

    Akaike (AIC)

        Mean                              5295.358
        Std Dev                              0.000
        Number of successful computations        1

             Proportions                   Percentiles
        Expected    Observed         Expected       Observed
           0.990       0.000         5295.358       5295.358
           0.980       0.000         5295.358       5295.358
           0.950       0.000         5295.358       5295.358
           0.900       0.000         5295.358       5295.358
           0.800       0.000         5295.358       5295.358
           0.700       0.000         5295.358       5295.358
           0.500       0.000         5295.358       5295.358
           0.300       0.000         5295.358       5295.358
           0.200       0.000         5295.358       5295.358
           0.100       0.000         5295.358       5295.358
           0.050       0.000         5295.358       5295.358
           0.020       0.000         5295.358       5295.358
           0.010       0.000         5295.358       5295.358

    Bayesian (BIC)

        Mean                              5344.658
        Std Dev                              0.000
        Number of successful computations        1

             Proportions                   Percentiles
        Expected    Observed         Expected       Observed
           0.990       0.000         5344.658       5344.658
           0.980       0.000         5344.658       5344.658
           0.950       0.000         5344.658       5344.658
           0.900       0.000         5344.658       5344.658
           0.800       0.000         5344.658       5344.658
           0.700       0.000         5344.658       5344.658
           0.500       0.000         5344.658       5344.658
           0.300       0.000         5344.658       5344.658
           0.200       0.000         5344.658       5344.658
           0.100       0.000         5344.658       5344.658
           0.050       0.000         5344.658       5344.658
           0.020       0.000         5344.658       5344.658
           0.010       0.000         5344.658       5344.658

    Sample-Size Adjusted BIC (n* = (n + 2) / 24)

        Mean                              5300.277
        Std Dev                              0.000
        Number of successful computations        1

             Proportions                   Percentiles
        Expected    Observed         Expected       Observed
           0.990       0.000         5300.277       5300.277
           0.980       0.000         5300.277       5300.277
           0.950       0.000         5300.277       5300.277
           0.900       0.000         5300.277       5300.277
           0.800       0.000         5300.277       5300.277
           0.700       0.000         5300.277       5300.277
           0.500       0.000         5300.277       5300.277
           0.300       0.000         5300.277       5300.277
           0.200       0.000         5300.277       5300.277
           0.100       0.000         5300.277       5300.277
           0.050       0.000         5300.277       5300.277
           0.020       0.000         5300.277       5300.277
           0.010       0.000         5300.277       5300.277



MODEL RESULTS

                              ESTIMATES              S. E.     M. S. E.  95%  % Sig
                 Population   Average   Std. Dev.   Average             Cover Coeff

 Means
  X1                  0.000    -0.0493     0.0000     0.0799     0.0024 1.000 0.000
  X2                  0.000    -0.0225     0.0000     0.0757     0.0005 1.000 0.000
  X3                  0.000    -0.0352     0.0000     0.0605     0.0012 1.000 0.000
  M1                  0.000    -0.2385     0.0000     0.0812     0.0569 0.000 1.000
  M2                  0.000    -0.2113     0.0000     0.0694     0.0446 0.000 1.000
  M3                  0.000    -0.0859     0.0000     0.0591     0.0074 1.000 0.000
  Y                   0.000    -0.0394     0.0000     0.0607     0.0016 1.000 0.000

 Variances
  X1                  0.500     1.5949     0.0000     0.1352     1.1989 0.000 1.000
  X2                  0.500     1.4319     0.0000     0.1478     0.8684 0.000 1.000
  X3                  0.500     0.9148     0.0000     0.0784     0.1721 0.000 1.000
  M1                  0.500     1.6489     0.0000     0.1530     1.3200 0.000 1.000
  M2                  0.500     1.2042     0.0000     0.1104     0.4959 0.000 1.000
  M3                  0.500     0.8732     0.0000     0.0776     0.1393 0.000 1.000
  Y                   0.500     0.9205     0.0000     0.1030     0.1768 0.000 1.000


QUALITY OF NUMERICAL RESULTS

     Average Condition Number for the Information Matrix      0.549E-01
       (ratio of smallest to largest eigenvalue)


TECHNICAL 1 OUTPUT


     PARAMETER SPECIFICATION


           NU
              X1            X2            X3            M1            M2
              ________      ________      ________      ________      ________
                    1             2             3             4             5


           NU
              M3            Y
              ________      ________
                    6             7


           THETA
              X1            X2            X3            M1            M2
              ________      ________      ________      ________      ________
 X1                 8
 X2                 0             9
 X3                 0             0            10
 M1                 0             0             0            11
 M2                 0             0             0             0            12
 M3                 0             0             0             0             0
 Y                  0             0             0             0             0


           THETA
              M3            Y
              ________      ________
 M3                13
 Y                  0            14


     STARTING VALUES


           NU
              X1            X2            X3            M1            M2
              ________      ________      ________      ________      ________
                0.000         0.000         0.000         0.000         0.000


           NU
              M3            Y
              ________      ________
                0.000         0.000


           THETA
              X1            X2            X3            M1            M2
              ________      ________      ________      ________      ________
 X1             0.500
 X2             0.000         0.500
 X3             0.000         0.000         0.500
 M1             0.000         0.000         0.000         0.500
 M2             0.000         0.000         0.000         0.000         0.500
 M3             0.000         0.000         0.000         0.000         0.000
 Y              0.000         0.000         0.000         0.000         0.000


           THETA
              M3            Y
              ________      ________
 M3             0.500
 Y              0.000         0.500


     POPULATION VALUES


           NU
              X1            X2            X3            M1            M2
              ________      ________      ________      ________      ________
                0.000         0.000         0.000         0.000         0.000


           NU
              M3            Y
              ________      ________
                0.000         0.000


           LAMBDA
              ETA1          ETA2          ETA3          Y
              ________      ________      ________      ________
 X1             1.000         0.000         0.000         0.000
 X2             0.900         0.000         0.000         0.000
 X3             0.750         0.000         0.000         0.000
 M1             0.000         1.000         0.000         0.000
 M2             0.000         0.900         0.000         0.000
 M3             0.000         0.750         0.000         0.000
 Y              0.000         0.000         0.000         1.000


           THETA
              X1            X2            X3            M1            M2
              ________      ________      ________      ________      ________
 X1             0.772
 X2             0.000         0.579
 X3             0.000         0.000         0.404
 M1             0.000         0.000         0.000         0.772
 M2             0.000         0.000         0.000         0.000         0.579
 M3             0.000         0.000         0.000         0.000         0.000
 Y              0.000         0.000         0.000         0.000         0.000


           THETA
              M3            Y
              ________      ________
 M3             0.404
 Y              0.000         0.000


           ALPHA
              ETA1          ETA2          ETA3          Y
              ________      ________      ________      ________
                0.000         0.000         0.000         0.000


           BETA
              ETA1          ETA2          ETA3          Y
              ________      ________      ________      ________
 ETA1           0.000         0.000         0.000         0.000
 ETA2           0.000         0.000         0.000         0.000
 ETA3           0.000         0.000         0.000         0.000
 Y              0.300         0.300         0.300         0.000


           PSI
              ETA1          ETA2          ETA3          Y
              ________      ________      ________      ________
 ETA1           1.000
 ETA2           0.000         1.000
 ETA3           0.000         0.000         0.000
 Y              0.000         0.000         0.000         0.730


TECHNICAL 9 OUTPUT

  Error messages for each replication (if any)



SAVEDATA INFORMATION

  Order of variables

    X1
    X2
    X3
    M1
    M2
    M3
    Y

  Save file
    /Users/jimmy_z/desktop/Temp_Data/temp_data_101.dat

  Save file format           Free
  Save file record length    10000


     Beginning Time:  23:40:27
        Ending Time:  23:40:27
       Elapsed Time:  00:00:00



MUTHEN & MUTHEN
3463 Stoner Ave.
Los Angeles, CA  90066

Tel: (310) 391-9971
Fax: (310) 391-8971
Web: www.StatModel.com
Support: Support@StatModel.com

Copyright (c) 1998-2022 Muthen & Muthen
