Mplus VERSION 8.8 (Mac)
MUTHEN & MUTHEN
08/20/2024  10:38 PM

INPUT INSTRUCTIONS

  TITLE: Data Analysis for SEM with Latent Interaction

  DATA:
    FILE = /Users/jimmy_z/desktop/Temp_Data/temp_data_239.dat;
    FORMAT = FREE;

  VARIABLE:
    NAMES ARE x1 x2 x3 m1 m2 m3 y;
    USEVARIABLES ARE x1 x2 x3 m1 m2 m3 y;

  ANALYSIS:
    TYPE = RANDOM;
    ESTIMATOR = MLR;
    ALGORITHM = INTEGRATION;
    INTEGRATION = MONTECARLO;

  MODEL:
    eta1 BY x1 x2 x3;
    eta2 BY m1 m2 m3;
    eta3 | eta1 XWITH eta2;
    y ON eta1 eta2 eta3;

  OUTPUT:
    STANDARDIZED;
    TECH1;
    TECH4;





INPUT READING TERMINATED NORMALLY



Data Analysis for SEM with Latent Interaction

SUMMARY OF ANALYSIS

Number of groups                                                 1
Number of observations                                         250

Number of dependent variables                                    7
Number of independent variables                                  0
Number of continuous latent variables                            3

Observed dependent variables

  Continuous
   X1          X2          X3          M1          M2          M3
   Y

Continuous latent variables
   ETA1        ETA2        ETA3


Estimator                                                      MLR
Information matrix                                        OBSERVED
Optimization Specifications for the Quasi-Newton Algorithm for
Continuous Outcomes
  Maximum number of iterations                                 100
  Convergence criterion                                  0.100D-05
Optimization Specifications for the EM Algorithm
  Maximum number of iterations                                 500
  Convergence criteria
    Loglikelihood change                                 0.100D-02
    Relative loglikelihood change                        0.100D-05
    Derivative                                           0.100D-02
Optimization Specifications for the M step of the EM Algorithm for
Categorical Latent variables
  Number of M step iterations                                    1
  M step convergence criterion                           0.100D-02
  Basis for M step termination                           ITERATION
Optimization Specifications for the M step of the EM Algorithm for
Censored, Binary or Ordered Categorical (Ordinal), Unordered
Categorical (Nominal) and Count Outcomes
  Number of M step iterations                                    1
  M step convergence criterion                           0.100D-02
  Basis for M step termination                           ITERATION
  Maximum value for logit thresholds                            15
  Minimum value for logit thresholds                           -15
  Minimum expected cell size for chi-square              0.100D-01
Optimization algorithm                                         EMA
Integration Specifications
  Type                                                  MONTECARLO
  Number of integration points                                2000
  Dimensions of numerical integration                            2
  Adaptive quadrature                                           ON
  Monte Carlo integration seed                                   0
Cholesky                                                       OFF

Input data file(s)
  /Users/jimmy_z/desktop/Temp_Data/temp_data_239.dat
Input data format  FREE



UNIVARIATE SAMPLE STATISTICS


     UNIVARIATE HIGHER-ORDER MOMENT DESCRIPTIVE STATISTICS

         Variable/         Mean/     Skewness/   Minimum/ % with                Percentiles
        Sample Size      Variance    Kurtosis    Maximum  Min/Max      20%/60%    40%/80%    Median

     X1                    0.082      -0.207      -3.579    0.40%      -1.147     -0.221      0.176
             250.000       2.123      -0.339       3.844    0.40%       0.540      1.286
     X2                   -0.104      -0.524      -5.598    0.40%      -1.228     -0.420      0.025
             250.000       2.209       0.343       3.011    0.40%       0.387      1.125
     X3                    0.085       0.182      -2.511    0.40%      -0.771     -0.154      0.076
             250.000       1.005       0.402       3.669    0.40%       0.313      0.899
     M1                   -0.017      -0.021      -3.991    0.40%      -1.257     -0.347     -0.019
             250.000       2.429      -0.070       3.987    0.40%       0.343      1.163
     M2                   -0.105      -0.115      -3.960    0.40%      -1.382     -0.458     -0.036
             250.000       1.901      -0.272       3.798    0.40%       0.321      1.097
     M3                   -0.092      -0.206      -2.943    0.40%      -1.077     -0.409      0.010
             250.000       1.311      -0.600       2.332    0.40%       0.308      0.971
     Y                    -0.039      -0.012      -2.925    0.40%      -0.853     -0.275     -0.075
             250.000       1.074       0.091       3.114    0.40%       0.235      0.879


THE MODEL ESTIMATION TERMINATED NORMALLY



MODEL FIT INFORMATION

Number of Free Parameters                       24

Loglikelihood

          H0 Value                       -2726.075
          H0 Scaling Correction Factor      0.9937
            for MLR

Information Criteria

          Akaike (AIC)                    5500.150
          Bayesian (BIC)                  5584.665
          Sample-Size Adjusted BIC        5508.583
            (n* = (n + 2) / 24)



MODEL RESULTS

                                                    Two-Tailed
                    Estimate       S.E.  Est./S.E.    P-Value

 ETA1     BY
    X1                 1.000      0.000    999.000    999.000
    X2                 1.075      0.127      8.448      0.000
    X3                 0.778      0.098      7.922      0.000

 ETA2     BY
    M1                 1.000      0.000    999.000    999.000
    M2                 0.952      0.133      7.131      0.000
    M3                 0.804      0.118      6.788      0.000

 Y          ON
    ETA1               0.364      0.082      4.441      0.000
    ETA2               0.273      0.078      3.515      0.000
    ETA3               0.326      0.093      3.488      0.000

 ETA2     WITH
    ETA1              -0.011      0.083     -0.131      0.896

 Intercepts
    X1                 0.081      0.092      0.881      0.378
    X2                -0.104      0.094     -1.109      0.268
    X3                 0.085      0.063      1.336      0.181
    M1                -0.017      0.099     -0.172      0.863
    M2                -0.106      0.087     -1.211      0.226
    M3                -0.093      0.072     -1.280      0.200
    Y                 -0.036      0.064     -0.557      0.578

 Variances
    ETA1               0.913      0.168      5.435      0.000
    ETA2               1.032      0.233      4.427      0.000

 Residual Variances
    X1                 1.212      0.152      7.962      0.000
    X2                 1.154      0.168      6.884      0.000
    X3                 0.453      0.071      6.422      0.000
    M1                 1.397      0.183      7.627      0.000
    M2                 0.966      0.135      7.166      0.000
    M3                 0.644      0.088      7.334      0.000
    Y                  0.777      0.078      9.907      0.000


QUALITY OF NUMERICAL RESULTS

     Condition Number for the Information Matrix              0.183E-01
       (ratio of smallest to largest eigenvalue)


STANDARDIZED MODEL RESULTS


STDYX Standardization

                                                    Two-Tailed
                    Estimate       S.E.  Est./S.E.    P-Value

 ETA1     BY
    X1                 0.655      0.049     13.330      0.000
    X2                 0.691      0.052     13.321      0.000
    X3                 0.741      0.044     16.693      0.000

 ETA2     BY
    M1                 0.652      0.059     11.132      0.000
    M2                 0.701      0.052     13.505      0.000
    M3                 0.713      0.051     14.047      0.000

 Y          ON
    ETA1               0.336      0.063      5.325      0.000
    ETA2               0.268      0.074      3.644      0.000
    ETA3               0.305      0.086      3.564      0.000

 ETA2     WITH
    ETA1              -0.011      0.085     -0.132      0.895

 Intercepts
    X1                 0.056      0.064      0.875      0.382
    X2                -0.070      0.062     -1.128      0.259
    X3                 0.085      0.063      1.344      0.179
    M1                -0.011      0.063     -0.172      0.863
    M2                -0.077      0.063     -1.215      0.225
    M3                -0.081      0.063     -1.290      0.197
    Y                 -0.035      0.062     -0.557      0.577

 Variances
    ETA1               1.000      0.000    999.000    999.000
    ETA2               1.000      0.000    999.000    999.000

 Residual Variances
    X1                 0.570      0.064      8.853      0.000
    X2                 0.523      0.072      7.291      0.000
    X3                 0.451      0.066      6.846      0.000
    M1                 0.575      0.076      7.537      0.000
    M2                 0.508      0.073      6.976      0.000
    M3                 0.491      0.072      6.783      0.000
    Y                  0.724      0.068     10.687      0.000


STDY Standardization

                                                    Two-Tailed
                    Estimate       S.E.  Est./S.E.    P-Value

 ETA1     BY
    X1                 0.655      0.049     13.330      0.000
    X2                 0.691      0.052     13.321      0.000
    X3                 0.741      0.044     16.693      0.000

 ETA2     BY
    M1                 0.652      0.059     11.132      0.000
    M2                 0.701      0.052     13.505      0.000
    M3                 0.713      0.051     14.047      0.000

 Y          ON
    ETA1               0.336      0.063      5.325      0.000
    ETA2               0.268      0.074      3.644      0.000
    ETA3               0.305      0.086      3.564      0.000

 ETA2     WITH
    ETA1              -0.011      0.085     -0.132      0.895

 Intercepts
    X1                 0.056      0.064      0.875      0.382
    X2                -0.070      0.062     -1.128      0.259
    X3                 0.085      0.063      1.344      0.179
    M1                -0.011      0.063     -0.172      0.863
    M2                -0.077      0.063     -1.215      0.225
    M3                -0.081      0.063     -1.290      0.197
    Y                 -0.035      0.062     -0.557      0.577

 Variances
    ETA1               1.000      0.000    999.000    999.000
    ETA2               1.000      0.000    999.000    999.000

 Residual Variances
    X1                 0.570      0.064      8.853      0.000
    X2                 0.523      0.072      7.291      0.000
    X3                 0.451      0.066      6.846      0.000
    M1                 0.575      0.076      7.537      0.000
    M2                 0.508      0.073      6.976      0.000
    M3                 0.491      0.072      6.783      0.000
    Y                  0.724      0.068     10.687      0.000


STD Standardization

                                                    Two-Tailed
                    Estimate       S.E.  Est./S.E.    P-Value

 ETA1     BY
    X1                 0.955      0.088     10.870      0.000
    X2                 1.027      0.102     10.041      0.000
    X3                 0.743      0.064     11.652      0.000

 ETA2     BY
    M1                 1.016      0.115      8.854      0.000
    M2                 0.967      0.093     10.383      0.000
    M3                 0.817      0.076     10.795      0.000

 Y          ON
    ETA1               0.348      0.071      4.918      0.000
    ETA2               0.278      0.077      3.598      0.000
    ETA3               0.316      0.094      3.359      0.001

 ETA2     WITH
    ETA1              -0.011      0.085     -0.132      0.895

 Intercepts
    X1                 0.081      0.092      0.881      0.378
    X2                -0.104      0.094     -1.109      0.268
    X3                 0.085      0.063      1.336      0.181
    M1                -0.017      0.099     -0.172      0.863
    M2                -0.106      0.087     -1.211      0.226
    M3                -0.093      0.072     -1.280      0.200
    Y                 -0.036      0.064     -0.557      0.578

 Variances
    ETA1               1.000      0.000    999.000    999.000
    ETA2               1.000      0.000    999.000    999.000

 Residual Variances
    X1                 1.212      0.152      7.962      0.000
    X2                 1.154      0.168      6.884      0.000
    X3                 0.453      0.071      6.422      0.000
    M1                 1.397      0.183      7.627      0.000
    M2                 0.966      0.135      7.166      0.000
    M3                 0.644      0.088      7.334      0.000
    Y                  0.777      0.078      9.907      0.000


R-SQUARE

    Observed                                        Two-Tailed
    Variable        Estimate       S.E.  Est./S.E.    P-Value

    X1                 0.430      0.064      6.665      0.000
    X2                 0.477      0.072      6.660      0.000
    X3                 0.549      0.066      8.346      0.000
    M1                 0.425      0.076      5.566      0.000
    M2                 0.492      0.073      6.752      0.000
    M3                 0.509      0.072      7.023      0.000
    Y                  0.276      0.068      4.070      0.000


TECHNICAL 1 OUTPUT


     PARAMETER SPECIFICATION


           NU
              X1            X2            X3            M1            M2
              ________      ________      ________      ________      ________
                    1             2             3             4             5


           NU
              M3            Y
              ________      ________
                    6             0


           LAMBDA
              ETA1          ETA2          ETA3          Y
              ________      ________      ________      ________
 X1                 0             0             0             0
 X2                 7             0             0             0
 X3                 8             0             0             0
 M1                 0             0             0             0
 M2                 0             9             0             0
 M3                 0            10             0             0
 Y                  0             0             0             0


           THETA
              X1            X2            X3            M1            M2
              ________      ________      ________      ________      ________
 X1                11
 X2                 0            12
 X3                 0             0            13
 M1                 0             0             0            14
 M2                 0             0             0             0            15
 M3                 0             0             0             0             0
 Y                  0             0             0             0             0


           THETA
              M3            Y
              ________      ________
 M3                16
 Y                  0             0


           ALPHA
              ETA1          ETA2          ETA3          Y
              ________      ________      ________      ________
                    0             0             0            17


           BETA
              ETA1          ETA2          ETA3          Y
              ________      ________      ________      ________
 ETA1               0             0             0             0
 ETA2               0             0             0             0
 ETA3               0             0             0             0
 Y                 18            19            20             0


           PSI
              ETA1          ETA2          ETA3          Y
              ________      ________      ________      ________
 ETA1              21
 ETA2              22            23
 ETA3               0             0             0
 Y                  0             0             0            24


     STARTING VALUES


           NU
              X1            X2            X3            M1            M2
              ________      ________      ________      ________      ________
                0.082        -0.104         0.085        -0.017        -0.105


           NU
              M3            Y
              ________      ________
               -0.092         0.000


           LAMBDA
              ETA1          ETA2          ETA3          Y
              ________      ________      ________      ________
 X1             1.000         0.000         0.000         0.000
 X2             1.000         0.000         0.000         0.000
 X3             1.000         0.000         0.000         0.000
 M1             0.000         1.000         0.000         0.000
 M2             0.000         1.000         0.000         0.000
 M3             0.000         1.000         0.000         0.000
 Y              0.000         0.000         0.000         1.000


           THETA
              X1            X2            X3            M1            M2
              ________      ________      ________      ________      ________
 X1             1.062
 X2             0.000         1.104
 X3             0.000         0.000         0.502
 M1             0.000         0.000         0.000         1.214
 M2             0.000         0.000         0.000         0.000         0.951
 M3             0.000         0.000         0.000         0.000         0.000
 Y              0.000         0.000         0.000         0.000         0.000


           THETA
              M3            Y
              ________      ________
 M3             0.655
 Y              0.000         0.000


           ALPHA
              ETA1          ETA2          ETA3          Y
              ________      ________      ________      ________
                0.000         0.000         0.000        -0.039


           BETA
              ETA1          ETA2          ETA3          Y
              ________      ________      ________      ________
 ETA1           0.000         0.000         0.000         0.000
 ETA2           0.000         0.000         0.000         0.000
 ETA3           0.000         0.000         0.000         0.000
 Y              0.000         0.000         0.000         0.000


           PSI
              ETA1          ETA2          ETA3          Y
              ________      ________      ________      ________
 ETA1           0.050
 ETA2           0.000         0.050
 ETA3           0.000         0.000         0.000
 Y              0.000         0.000         0.000         0.537


TECHNICAL 4 OUTPUT


     ESTIMATES DERIVED FROM THE MODEL


           ESTIMATED MEANS FOR THE LATENT VARIABLES
              ETA1          ETA2          ETA3          Y
              ________      ________      ________      ________
                0.000         0.000        -0.011        -0.039


           S.E. FOR ESTIMATED MEANS FOR THE LATENT VARIABLES
              ETA1          ETA2          ETA3          Y
              ________      ________      ________      ________
                0.000         0.000         0.083         0.066


           EST./S.E. FOR ESTIMATED MEANS FOR THE LATENT VARIABLES
              ETA1          ETA2          ETA3          Y
              ________      ________      ________      ________
                0.000         0.000        -0.131        -0.601


           TWO-TAILED P-VALUE FOR ESTIMATED MEANS FOR THE LATENT VARIABLES
              ETA1          ETA2          ETA3          Y
              ________      ________      ________      ________
                1.000         1.000         0.896         0.548


           ESTIMATED COVARIANCE MATRIX FOR THE LATENT VARIABLES
              ETA1          ETA2          ETA3          Y
              ________      ________      ________      ________
 ETA1           0.913
 ETA2          -0.011         1.032
 ETA3           0.000         0.000         0.942
 Y              0.329         0.278         0.307         1.073


           S.E. FOR ESTIMATED COVARIANCE MATRIX FOR THE LATENT VARIABLES
              ETA1          ETA2          ETA3          Y
              ________      ________      ________      ________
 ETA1           0.168
 ETA2           0.083         0.233
 ETA3           0.000         0.000         0.280
 Y              0.077         0.088         0.115         0.097


           EST./S.E. FOR ESTIMATED COVARIANCE MATRIX FOR THE LATENT VARIABLES
              ETA1          ETA2          ETA3          Y
              ________      ________      ________      ________
 ETA1           5.435
 ETA2          -0.131         4.427
 ETA3           0.000         0.000         3.365
 Y              4.295         3.168         2.678        11.096


           TWO-TAILED P-VALUE FOR ESTIMATED COVARIANCE MATRIX FOR THE LATENT VARIABLES
              ETA1          ETA2          ETA3          Y
              ________      ________      ________      ________
 ETA1           0.000
 ETA2           0.896         0.000
 ETA3           1.000         1.000         0.001
 Y              0.000         0.002         0.007         0.000


           ESTIMATED CORRELATION MATRIX FOR THE LATENT VARIABLES
              ETA1          ETA2          ETA3          Y
              ________      ________      ________      ________
 ETA1           1.000
 ETA2          -0.011         1.000
 ETA3           0.000         0.000         1.000
 Y              0.333         0.264         0.305         1.000


           S.E. FOR ESTIMATED CORRELATION MATRIX FOR THE LATENT VARIABLES
              ETA1          ETA2          ETA3          Y
              ________      ________      ________      ________
 ETA1           0.000
 ETA2           0.085         0.000
 ETA3           0.000         0.000         0.000
 Y              0.067         0.076         0.086         0.000


           EST./S.E. FOR ESTIMATED CORRELATION MATRIX FOR THE LATENT VARIABLES
              ETA1          ETA2          ETA3          Y
              ________      ________      ________      ________
 ETA1         999.000
 ETA2          -0.132       999.000
 ETA3           0.000         0.000       999.000
 Y              4.959         3.483         3.562       999.000


           TWO-TAILED P-VALUE FOR ESTIMATED CORRELATION MATRIX FOR THE LATENT VARIABLES
              ETA1          ETA2          ETA3          Y
              ________      ________      ________      ________
 ETA1           0.000
 ETA2           0.895         0.000
 ETA3           1.000         1.000         0.000
 Y              0.000         0.000         0.000         0.000


     Beginning Time:  22:38:02
        Ending Time:  22:39:05
       Elapsed Time:  00:01:03



MUTHEN & MUTHEN
3463 Stoner Ave.
Los Angeles, CA  90066

Tel: (310) 391-9971
Fax: (310) 391-8971
Web: www.StatModel.com
Support: Support@StatModel.com

Copyright (c) 1998-2022 Muthen & Muthen
