Mplus VERSION 8.8 (Mac)
MUTHEN & MUTHEN
08/20/2024  11:01 PM

INPUT INSTRUCTIONS

  TITLE: Data Analysis for SEM with Latent Interaction

  DATA:
    FILE = /Users/jimmy_z/desktop/Temp_Data/temp_data_370.dat;
    FORMAT = FREE;

  VARIABLE:
    NAMES ARE x1 x2 x3 m1 m2 m3 y;
    USEVARIABLES ARE x1 x2 x3 m1 m2 m3 y;

  ANALYSIS:
    TYPE = RANDOM;
    ESTIMATOR = MLR;
    ALGORITHM = INTEGRATION;
    INTEGRATION = MONTECARLO;

  MODEL:
    eta1 BY x1 x2 x3;
    eta2 BY m1 m2 m3;
    eta3 | eta1 XWITH eta2;
    y ON eta1 eta2 eta3;

  OUTPUT:
    STANDARDIZED;
    TECH1;
    TECH4;





INPUT READING TERMINATED NORMALLY



Data Analysis for SEM with Latent Interaction

SUMMARY OF ANALYSIS

Number of groups                                                 1
Number of observations                                         250

Number of dependent variables                                    7
Number of independent variables                                  0
Number of continuous latent variables                            3

Observed dependent variables

  Continuous
   X1          X2          X3          M1          M2          M3
   Y

Continuous latent variables
   ETA1        ETA2        ETA3


Estimator                                                      MLR
Information matrix                                        OBSERVED
Optimization Specifications for the Quasi-Newton Algorithm for
Continuous Outcomes
  Maximum number of iterations                                 100
  Convergence criterion                                  0.100D-05
Optimization Specifications for the EM Algorithm
  Maximum number of iterations                                 500
  Convergence criteria
    Loglikelihood change                                 0.100D-02
    Relative loglikelihood change                        0.100D-05
    Derivative                                           0.100D-02
Optimization Specifications for the M step of the EM Algorithm for
Categorical Latent variables
  Number of M step iterations                                    1
  M step convergence criterion                           0.100D-02
  Basis for M step termination                           ITERATION
Optimization Specifications for the M step of the EM Algorithm for
Censored, Binary or Ordered Categorical (Ordinal), Unordered
Categorical (Nominal) and Count Outcomes
  Number of M step iterations                                    1
  M step convergence criterion                           0.100D-02
  Basis for M step termination                           ITERATION
  Maximum value for logit thresholds                            15
  Minimum value for logit thresholds                           -15
  Minimum expected cell size for chi-square              0.100D-01
Optimization algorithm                                         EMA
Integration Specifications
  Type                                                  MONTECARLO
  Number of integration points                                2000
  Dimensions of numerical integration                            2
  Adaptive quadrature                                           ON
  Monte Carlo integration seed                                   0
Cholesky                                                       OFF

Input data file(s)
  /Users/jimmy_z/desktop/Temp_Data/temp_data_370.dat
Input data format  FREE



UNIVARIATE SAMPLE STATISTICS


     UNIVARIATE HIGHER-ORDER MOMENT DESCRIPTIVE STATISTICS

         Variable/         Mean/     Skewness/   Minimum/ % with                Percentiles
        Sample Size      Variance    Kurtosis    Maximum  Min/Max      20%/60%    40%/80%    Median

     X1                    0.098       0.173      -3.660    0.40%      -1.169     -0.391     -0.009
             250.000       2.280      -0.280       4.347    0.40%       0.306      1.389
     X2                    0.170       0.164      -3.437    0.40%      -0.880     -0.217      0.051
             250.000       1.759      -0.052       3.879    0.40%       0.337      1.321
     X3                    0.061       0.184      -2.650    0.40%      -0.902     -0.280     -0.012
             250.000       1.303      -0.012       3.863    0.40%       0.331      0.984
     M1                    0.224       0.148      -3.191    0.40%      -1.081     -0.327      0.075
             250.000       2.298      -0.550       4.418    0.40%       0.593      1.701
     M2                    0.070       0.119      -3.291    0.40%      -1.114     -0.191      0.046
             250.000       1.645      -0.285       3.476    0.40%       0.371      1.137
     M3                    0.030      -0.007      -2.528    0.40%      -0.777     -0.215      0.007
             250.000       1.045      -0.083       2.906    0.40%       0.307      0.874
     Y                     0.070       0.075      -3.314    0.40%      -0.824     -0.184      0.018
             250.000       1.021       0.000       2.627    0.40%       0.245      0.922


THE MODEL ESTIMATION TERMINATED NORMALLY



MODEL FIT INFORMATION

Number of Free Parameters                       24

Loglikelihood

          H0 Value                       -2702.497
          H0 Scaling Correction Factor      0.9648
            for MLR

Information Criteria

          Akaike (AIC)                    5452.993
          Bayesian (BIC)                  5537.508
          Sample-Size Adjusted BIC        5461.426
            (n* = (n + 2) / 24)



MODEL RESULTS

                                                    Two-Tailed
                    Estimate       S.E.  Est./S.E.    P-Value

 ETA1     BY
    X1                 1.000      0.000    999.000    999.000
    X2                 0.826      0.106      7.819      0.000
    X3                 0.774      0.091      8.463      0.000

 ETA2     BY
    M1                 1.000      0.000    999.000    999.000
    M2                 0.977      0.140      6.951      0.000
    M3                 0.768      0.123      6.235      0.000

 Y          ON
    ETA1               0.281      0.080      3.537      0.000
    ETA2               0.458      0.103      4.434      0.000
    ETA3               0.245      0.081      3.045      0.002

 ETA2     WITH
    ETA1              -0.109      0.083     -1.317      0.188

 Intercepts
    X1                 0.098      0.095      1.027      0.305
    X2                 0.169      0.084      2.020      0.043
    X3                 0.061      0.072      0.849      0.396
    M1                 0.225      0.096      2.348      0.019
    M2                 0.071      0.081      0.876      0.381
    M3                 0.030      0.065      0.471      0.638
    Y                  0.097      0.065      1.495      0.135

 Variances
    ETA1               1.081      0.203      5.319      0.000
    ETA2               0.819      0.182      4.494      0.000

 Residual Variances
    X1                 1.196      0.160      7.466      0.000
    X2                 1.022      0.119      8.589      0.000
    X3                 0.655      0.093      7.080      0.000
    M1                 1.474      0.168      8.757      0.000
    M2                 0.864      0.136      6.357      0.000
    M3                 0.562      0.084      6.663      0.000
    Y                  0.749      0.089      8.365      0.000


QUALITY OF NUMERICAL RESULTS

     Condition Number for the Information Matrix              0.278E-01
       (ratio of smallest to largest eigenvalue)


STANDARDIZED MODEL RESULTS


STDYX Standardization

                                                    Two-Tailed
                    Estimate       S.E.  Est./S.E.    P-Value

 ETA1     BY
    X1                 0.689      0.051     13.633      0.000
    X2                 0.648      0.051     12.693      0.000
    X3                 0.705      0.049     14.315      0.000

 ETA2     BY
    M1                 0.598      0.057     10.398      0.000
    M2                 0.689      0.062     11.026      0.000
    M3                 0.680      0.058     11.622      0.000

 Y          ON
    ETA1               0.288      0.069      4.171      0.000
    ETA2               0.408      0.065      6.237      0.000
    ETA3               0.227      0.064      3.571      0.000

 ETA2     WITH
    ETA1              -0.116      0.085     -1.363      0.173

 Intercepts
    X1                 0.065      0.063      1.031      0.303
    X2                 0.128      0.063      2.033      0.042
    X3                 0.054      0.063      0.853      0.394
    M1                 0.149      0.063      2.366      0.018
    M2                 0.055      0.063      0.878      0.380
    M3                 0.030      0.063      0.470      0.638
    Y                  0.096      0.064      1.496      0.135

 Variances
    ETA1               1.000      0.000    999.000    999.000
    ETA2               1.000      0.000    999.000    999.000

 Residual Variances
    X1                 0.525      0.070      7.545      0.000
    X2                 0.581      0.066      8.790      0.000
    X3                 0.503      0.069      7.239      0.000
    M1                 0.643      0.069      9.350      0.000
    M2                 0.525      0.086      6.097      0.000
    M3                 0.538      0.079      6.769      0.000
    Y                  0.725      0.067     10.851      0.000


STDY Standardization

                                                    Two-Tailed
                    Estimate       S.E.  Est./S.E.    P-Value

 ETA1     BY
    X1                 0.689      0.051     13.633      0.000
    X2                 0.648      0.051     12.693      0.000
    X3                 0.705      0.049     14.315      0.000

 ETA2     BY
    M1                 0.598      0.057     10.398      0.000
    M2                 0.689      0.062     11.026      0.000
    M3                 0.680      0.058     11.622      0.000

 Y          ON
    ETA1               0.288      0.069      4.171      0.000
    ETA2               0.408      0.065      6.237      0.000
    ETA3               0.227      0.064      3.571      0.000

 ETA2     WITH
    ETA1              -0.116      0.085     -1.363      0.173

 Intercepts
    X1                 0.065      0.063      1.031      0.303
    X2                 0.128      0.063      2.033      0.042
    X3                 0.054      0.063      0.853      0.394
    M1                 0.149      0.063      2.366      0.018
    M2                 0.055      0.063      0.878      0.380
    M3                 0.030      0.063      0.470      0.638
    Y                  0.096      0.064      1.496      0.135

 Variances
    ETA1               1.000      0.000    999.000    999.000
    ETA2               1.000      0.000    999.000    999.000

 Residual Variances
    X1                 0.525      0.070      7.545      0.000
    X2                 0.581      0.066      8.790      0.000
    X3                 0.503      0.069      7.239      0.000
    M1                 0.643      0.069      9.350      0.000
    M2                 0.525      0.086      6.097      0.000
    M3                 0.538      0.079      6.769      0.000
    Y                  0.725      0.067     10.851      0.000


STD Standardization

                                                    Two-Tailed
                    Estimate       S.E.  Est./S.E.    P-Value

 ETA1     BY
    X1                 1.040      0.098     10.638      0.000
    X2                 0.859      0.089      9.695      0.000
    X3                 0.805      0.075     10.748      0.000

 ETA2     BY
    M1                 0.905      0.101      8.987      0.000
    M2                 0.884      0.099      8.970      0.000
    M3                 0.695      0.074      9.387      0.000

 Y          ON
    ETA1               0.292      0.073      4.009      0.000
    ETA2               0.415      0.070      5.885      0.000
    ETA3               0.231      0.065      3.555      0.000

 ETA2     WITH
    ETA1              -0.116      0.085     -1.363      0.173

 Intercepts
    X1                 0.098      0.095      1.027      0.305
    X2                 0.169      0.084      2.020      0.043
    X3                 0.061      0.072      0.849      0.396
    M1                 0.225      0.096      2.348      0.019
    M2                 0.071      0.081      0.876      0.381
    M3                 0.030      0.065      0.471      0.638
    Y                  0.097      0.065      1.495      0.135

 Variances
    ETA1               1.000      0.000    999.000    999.000
    ETA2               1.000      0.000    999.000    999.000

 Residual Variances
    X1                 1.196      0.160      7.466      0.000
    X2                 1.022      0.119      8.589      0.000
    X3                 0.655      0.093      7.080      0.000
    M1                 1.474      0.168      8.757      0.000
    M2                 0.864      0.136      6.357      0.000
    M3                 0.562      0.084      6.663      0.000
    Y                  0.749      0.089      8.365      0.000


R-SQUARE

    Observed                                        Two-Tailed
    Variable        Estimate       S.E.  Est./S.E.    P-Value

    X1                 0.475      0.070      6.816      0.000
    X2                 0.419      0.066      6.346      0.000
    X3                 0.497      0.069      7.158      0.000
    M1                 0.357      0.069      5.199      0.000
    M2                 0.475      0.086      5.513      0.000
    M3                 0.462      0.079      5.811      0.000
    Y                  0.275      0.067      4.106      0.000


TECHNICAL 1 OUTPUT


     PARAMETER SPECIFICATION


           NU
              X1            X2            X3            M1            M2
              ________      ________      ________      ________      ________
                    1             2             3             4             5


           NU
              M3            Y
              ________      ________
                    6             0


           LAMBDA
              ETA1          ETA2          ETA3          Y
              ________      ________      ________      ________
 X1                 0             0             0             0
 X2                 7             0             0             0
 X3                 8             0             0             0
 M1                 0             0             0             0
 M2                 0             9             0             0
 M3                 0            10             0             0
 Y                  0             0             0             0


           THETA
              X1            X2            X3            M1            M2
              ________      ________      ________      ________      ________
 X1                11
 X2                 0            12
 X3                 0             0            13
 M1                 0             0             0            14
 M2                 0             0             0             0            15
 M3                 0             0             0             0             0
 Y                  0             0             0             0             0


           THETA
              M3            Y
              ________      ________
 M3                16
 Y                  0             0


           ALPHA
              ETA1          ETA2          ETA3          Y
              ________      ________      ________      ________
                    0             0             0            17


           BETA
              ETA1          ETA2          ETA3          Y
              ________      ________      ________      ________
 ETA1               0             0             0             0
 ETA2               0             0             0             0
 ETA3               0             0             0             0
 Y                 18            19            20             0


           PSI
              ETA1          ETA2          ETA3          Y
              ________      ________      ________      ________
 ETA1              21
 ETA2              22            23
 ETA3               0             0             0
 Y                  0             0             0            24


     STARTING VALUES


           NU
              X1            X2            X3            M1            M2
              ________      ________      ________      ________      ________
                0.098         0.170         0.061         0.224         0.070


           NU
              M3            Y
              ________      ________
                0.030         0.000


           LAMBDA
              ETA1          ETA2          ETA3          Y
              ________      ________      ________      ________
 X1             1.000         0.000         0.000         0.000
 X2             1.000         0.000         0.000         0.000
 X3             1.000         0.000         0.000         0.000
 M1             0.000         1.000         0.000         0.000
 M2             0.000         1.000         0.000         0.000
 M3             0.000         1.000         0.000         0.000
 Y              0.000         0.000         0.000         1.000


           THETA
              X1            X2            X3            M1            M2
              ________      ________      ________      ________      ________
 X1             1.140
 X2             0.000         0.880
 X3             0.000         0.000         0.651
 M1             0.000         0.000         0.000         1.149
 M2             0.000         0.000         0.000         0.000         0.823
 M3             0.000         0.000         0.000         0.000         0.000
 Y              0.000         0.000         0.000         0.000         0.000


           THETA
              M3            Y
              ________      ________
 M3             0.523
 Y              0.000         0.000


           ALPHA
              ETA1          ETA2          ETA3          Y
              ________      ________      ________      ________
                0.000         0.000         0.000         0.070


           BETA
              ETA1          ETA2          ETA3          Y
              ________      ________      ________      ________
 ETA1           0.000         0.000         0.000         0.000
 ETA2           0.000         0.000         0.000         0.000
 ETA3           0.000         0.000         0.000         0.000
 Y              0.000         0.000         0.000         0.000


           PSI
              ETA1          ETA2          ETA3          Y
              ________      ________      ________      ________
 ETA1           0.050
 ETA2           0.000         0.050
 ETA3           0.000         0.000         0.000
 Y              0.000         0.000         0.000         0.511


TECHNICAL 4 OUTPUT


     ESTIMATES DERIVED FROM THE MODEL


           ESTIMATED MEANS FOR THE LATENT VARIABLES
              ETA1          ETA2          ETA3          Y
              ________      ________      ________      ________
                0.000         0.000        -0.109         0.070


           S.E. FOR ESTIMATED MEANS FOR THE LATENT VARIABLES
              ETA1          ETA2          ETA3          Y
              ________      ________      ________      ________
                0.000         0.000         0.083         0.064


           EST./S.E. FOR ESTIMATED MEANS FOR THE LATENT VARIABLES
              ETA1          ETA2          ETA3          Y
              ________      ________      ________      ________
                0.000         0.000        -1.317         1.098


           TWO-TAILED P-VALUE FOR ESTIMATED MEANS FOR THE LATENT VARIABLES
              ETA1          ETA2          ETA3          Y
              ________      ________      ________      ________
                1.000         1.000         0.188         0.272


           ESTIMATED COVARIANCE MATRIX FOR THE LATENT VARIABLES
              ETA1          ETA2          ETA3          Y
              ________      ________      ________      ________
 ETA1           1.081
 ETA2          -0.109         0.819
 ETA3           0.000         0.000         0.897
 Y              0.254         0.344         0.220         1.032


           S.E. FOR ESTIMATED COVARIANCE MATRIX FOR THE LATENT VARIABLES
              ETA1          ETA2          ETA3          Y
              ________      ________      ________      ________
 ETA1           0.203
 ETA2           0.083         0.182
 ETA3           0.000         0.000         0.263
 Y              0.077         0.065         0.067         0.092


           EST./S.E. FOR ESTIMATED COVARIANCE MATRIX FOR THE LATENT VARIABLES
              ETA1          ETA2          ETA3          Y
              ________      ________      ________      ________
 ETA1           5.319
 ETA2          -1.317         4.494
 ETA3           0.000         0.000         3.417
 Y              3.291         5.287         3.301        11.250


           TWO-TAILED P-VALUE FOR ESTIMATED COVARIANCE MATRIX FOR THE LATENT VARIABLES
              ETA1          ETA2          ETA3          Y
              ________      ________      ________      ________
 ETA1           0.000
 ETA2           0.188         0.000
 ETA3           1.000         1.000         0.001
 Y              0.001         0.000         0.001         0.000


           ESTIMATED CORRELATION MATRIX FOR THE LATENT VARIABLES
              ETA1          ETA2          ETA3          Y
              ________      ________      ________      ________
 ETA1           1.000
 ETA2          -0.116         1.000
 ETA3           0.000         0.000         1.000
 Y              0.240         0.375         0.229         1.000


           S.E. FOR ESTIMATED CORRELATION MATRIX FOR THE LATENT VARIABLES
              ETA1          ETA2          ETA3          Y
              ________      ________      ________      ________
 ETA1           0.000
 ETA2           0.085         0.000
 ETA3           0.000         0.000         0.000
 Y              0.072         0.065         0.064         0.000


           EST./S.E. FOR ESTIMATED CORRELATION MATRIX FOR THE LATENT VARIABLES
              ETA1          ETA2          ETA3          Y
              ________      ________      ________      ________
 ETA1         999.000
 ETA2          -1.363       999.000
 ETA3           0.000         0.000       999.000
 Y              3.326         5.740         3.585       999.000


           TWO-TAILED P-VALUE FOR ESTIMATED CORRELATION MATRIX FOR THE LATENT VARIABLES
              ETA1          ETA2          ETA3          Y
              ________      ________      ________      ________
 ETA1           0.000
 ETA2           0.173         0.000
 ETA3           1.000         1.000         0.000
 Y              0.001         0.000         0.000         0.000


     Beginning Time:  23:01:39
        Ending Time:  23:03:04
       Elapsed Time:  00:01:25



MUTHEN & MUTHEN
3463 Stoner Ave.
Los Angeles, CA  90066

Tel: (310) 391-9971
Fax: (310) 391-8971
Web: www.StatModel.com
Support: Support@StatModel.com

Copyright (c) 1998-2022 Muthen & Muthen
