Mplus VERSION 8.8 (Mac)
MUTHEN & MUTHEN
08/20/2024  11:37 PM

INPUT INSTRUCTIONS

  TITLE: Data Analysis for SEM with Latent Interaction

  DATA:
    FILE = /Users/jimmy_z/desktop/Temp_Data/temp_data_77.dat;
    FORMAT = FREE;

  VARIABLE:
    NAMES ARE x1 x2 x3 m1 m2 m3 y;
    USEVARIABLES ARE x1 x2 x3 m1 m2 m3 y;

  ANALYSIS:
    TYPE = RANDOM;
    ESTIMATOR = MLR;
    ALGORITHM = INTEGRATION;
    INTEGRATION = MONTECARLO;

  MODEL:
    eta1 BY x1 x2 x3;
    eta2 BY m1 m2 m3;
    eta3 | eta1 XWITH eta2;
    y ON eta1 eta2 eta3;

  OUTPUT:
    STANDARDIZED;
    TECH1;
    TECH4;





INPUT READING TERMINATED NORMALLY



Data Analysis for SEM with Latent Interaction

SUMMARY OF ANALYSIS

Number of groups                                                 1
Number of observations                                         250

Number of dependent variables                                    7
Number of independent variables                                  0
Number of continuous latent variables                            3

Observed dependent variables

  Continuous
   X1          X2          X3          M1          M2          M3
   Y

Continuous latent variables
   ETA1        ETA2        ETA3


Estimator                                                      MLR
Information matrix                                        OBSERVED
Optimization Specifications for the Quasi-Newton Algorithm for
Continuous Outcomes
  Maximum number of iterations                                 100
  Convergence criterion                                  0.100D-05
Optimization Specifications for the EM Algorithm
  Maximum number of iterations                                 500
  Convergence criteria
    Loglikelihood change                                 0.100D-02
    Relative loglikelihood change                        0.100D-05
    Derivative                                           0.100D-02
Optimization Specifications for the M step of the EM Algorithm for
Categorical Latent variables
  Number of M step iterations                                    1
  M step convergence criterion                           0.100D-02
  Basis for M step termination                           ITERATION
Optimization Specifications for the M step of the EM Algorithm for
Censored, Binary or Ordered Categorical (Ordinal), Unordered
Categorical (Nominal) and Count Outcomes
  Number of M step iterations                                    1
  M step convergence criterion                           0.100D-02
  Basis for M step termination                           ITERATION
  Maximum value for logit thresholds                            15
  Minimum value for logit thresholds                           -15
  Minimum expected cell size for chi-square              0.100D-01
Optimization algorithm                                         EMA
Integration Specifications
  Type                                                  MONTECARLO
  Number of integration points                                2000
  Dimensions of numerical integration                            2
  Adaptive quadrature                                           ON
  Monte Carlo integration seed                                   0
Cholesky                                                       OFF

Input data file(s)
  /Users/jimmy_z/desktop/Temp_Data/temp_data_77.dat
Input data format  FREE



UNIVARIATE SAMPLE STATISTICS


     UNIVARIATE HIGHER-ORDER MOMENT DESCRIPTIVE STATISTICS

         Variable/         Mean/     Skewness/   Minimum/ % with                Percentiles
        Sample Size      Variance    Kurtosis    Maximum  Min/Max      20%/60%    40%/80%    Median

     X1                   -0.206       0.125      -3.649    0.40%      -1.271     -0.527     -0.245
             250.000       1.493       0.021       3.331    0.40%       0.076      0.800
     X2                   -0.055       0.016      -3.185    0.40%      -1.033     -0.368     -0.132
             250.000       1.343      -0.102       3.041    0.40%       0.216      0.896
     X3                   -0.016      -0.008      -2.362    0.40%      -0.810     -0.283      0.001
             250.000       0.856      -0.324       2.536    0.40%       0.273      0.755
     M1                   -0.115       0.441      -3.425    0.40%      -1.236     -0.605     -0.285
             250.000       1.983       0.381       5.046    0.40%      -0.010      1.150
     M2                   -0.067       0.008      -3.609    0.40%      -0.996     -0.344     -0.071
             250.000       1.339       0.294       3.550    0.40%       0.196      0.915
     M3                   -0.093      -0.005      -3.449    0.40%      -1.002     -0.391     -0.107
             250.000       1.176       0.079       3.077    0.40%       0.178      0.822
     Y                    -0.011       0.230      -2.665    0.40%      -0.796     -0.235     -0.018
             250.000       0.954       0.172       2.984    0.40%       0.128      0.781


THE MODEL ESTIMATION TERMINATED NORMALLY



MODEL FIT INFORMATION

Number of Free Parameters                       24

Loglikelihood

          H0 Value                       -2442.087
          H0 Scaling Correction Factor      1.0040
            for MLR

Information Criteria

          Akaike (AIC)                    4932.174
          Bayesian (BIC)                  5016.689
          Sample-Size Adjusted BIC        4940.607
            (n* = (n + 2) / 24)



MODEL RESULTS

                                                    Two-Tailed
                    Estimate       S.E.  Est./S.E.    P-Value

 ETA1     BY
    X1                 1.000      0.000    999.000    999.000
    X2                 1.047      0.142      7.399      0.000
    X3                 0.850      0.105      8.077      0.000

 ETA2     BY
    M1                 1.000      0.000    999.000    999.000
    M2                 0.748      0.073     10.188      0.000
    M3                 0.778      0.069     11.337      0.000

 Y          ON
    ETA1               0.125      0.090      1.384      0.166
    ETA2               0.294      0.065      4.509      0.000
    ETA3               0.405      0.090      4.515      0.000

 ETA2     WITH
    ETA1              -0.031      0.066     -0.472      0.637

 Intercepts
    X1                -0.206      0.077     -2.678      0.007
    X2                -0.056      0.073     -0.759      0.448
    X3                -0.016      0.058     -0.276      0.783
    M1                -0.115      0.089     -1.296      0.195
    M2                -0.067      0.073     -0.917      0.359
    M3                -0.093      0.069     -1.361      0.173
    Y                  0.001      0.060      0.018      0.986

 Variances
    ETA1               0.661      0.127      5.214      0.000
    ETA2               1.239      0.202      6.137      0.000

 Residual Variances
    X1                 0.825      0.093      8.915      0.000
    X2                 0.617      0.091      6.806      0.000
    X3                 0.379      0.054      6.987      0.000
    M1                 0.742      0.107      6.927      0.000
    M2                 0.646      0.087      7.404      0.000
    M3                 0.426      0.055      7.685      0.000
    Y                  0.712      0.078      9.083      0.000


QUALITY OF NUMERICAL RESULTS

     Condition Number for the Information Matrix              0.827E-03
       (ratio of smallest to largest eigenvalue)


STANDARDIZED MODEL RESULTS


STDYX Standardization

                                                    Two-Tailed
                    Estimate       S.E.  Est./S.E.    P-Value

 ETA1     BY
    X1                 0.667      0.046     14.378      0.000
    X2                 0.735      0.047     15.574      0.000
    X3                 0.747      0.045     16.458      0.000

 ETA2     BY
    M1                 0.791      0.037     21.152      0.000
    M2                 0.719      0.048     14.995      0.000
    M3                 0.799      0.031     25.449      0.000

 Y          ON
    ETA1               0.104      0.074      1.411      0.158
    ETA2               0.334      0.065      5.118      0.000
    ETA3               0.374      0.076      4.929      0.000

 ETA2     WITH
    ETA1              -0.034      0.072     -0.473      0.636

 Intercepts
    X1                -0.169      0.064     -2.638      0.008
    X2                -0.048      0.063     -0.759      0.448
    X3                -0.017      0.063     -0.276      0.783
    M1                -0.082      0.064     -1.271      0.204
    M2                -0.058      0.063     -0.915      0.360
    M3                -0.086      0.063     -1.359      0.174
    Y                  0.001      0.062      0.018      0.986

 Variances
    ETA1               1.000      0.000    999.000    999.000
    ETA2               1.000      0.000    999.000    999.000

 Residual Variances
    X1                 0.555      0.062      8.968      0.000
    X2                 0.460      0.069      6.623      0.000
    X3                 0.442      0.068      6.521      0.000
    M1                 0.375      0.059      6.334      0.000
    M2                 0.483      0.069      6.992      0.000
    M3                 0.362      0.050      7.211      0.000
    Y                  0.740      0.065     11.408      0.000


STDY Standardization

                                                    Two-Tailed
                    Estimate       S.E.  Est./S.E.    P-Value

 ETA1     BY
    X1                 0.667      0.046     14.378      0.000
    X2                 0.735      0.047     15.574      0.000
    X3                 0.747      0.045     16.458      0.000

 ETA2     BY
    M1                 0.791      0.037     21.152      0.000
    M2                 0.719      0.048     14.995      0.000
    M3                 0.799      0.031     25.449      0.000

 Y          ON
    ETA1               0.104      0.074      1.411      0.158
    ETA2               0.334      0.065      5.118      0.000
    ETA3               0.374      0.076      4.929      0.000

 ETA2     WITH
    ETA1              -0.034      0.072     -0.473      0.636

 Intercepts
    X1                -0.169      0.064     -2.638      0.008
    X2                -0.048      0.063     -0.759      0.448
    X3                -0.017      0.063     -0.276      0.783
    M1                -0.082      0.064     -1.271      0.204
    M2                -0.058      0.063     -0.915      0.360
    M3                -0.086      0.063     -1.359      0.174
    Y                  0.001      0.062      0.018      0.986

 Variances
    ETA1               1.000      0.000    999.000    999.000
    ETA2               1.000      0.000    999.000    999.000

 Residual Variances
    X1                 0.555      0.062      8.968      0.000
    X2                 0.460      0.069      6.623      0.000
    X3                 0.442      0.068      6.521      0.000
    M1                 0.375      0.059      6.334      0.000
    M2                 0.483      0.069      6.992      0.000
    M3                 0.362      0.050      7.211      0.000
    Y                  0.740      0.065     11.408      0.000


STD Standardization

                                                    Two-Tailed
                    Estimate       S.E.  Est./S.E.    P-Value

 ETA1     BY
    X1                 0.813      0.078     10.428      0.000
    X2                 0.852      0.076     11.258      0.000
    X3                 0.691      0.059     11.711      0.000

 ETA2     BY
    M1                 1.113      0.091     12.274      0.000
    M2                 0.832      0.081     10.317      0.000
    M3                 0.867      0.062     13.967      0.000

 Y          ON
    ETA1               0.102      0.074      1.381      0.167
    ETA2               0.327      0.066      4.968      0.000
    ETA3               0.366      0.081      4.546      0.000

 ETA2     WITH
    ETA1              -0.034      0.072     -0.473      0.636

 Intercepts
    X1                -0.206      0.077     -2.678      0.007
    X2                -0.056      0.073     -0.759      0.448
    X3                -0.016      0.058     -0.276      0.783
    M1                -0.115      0.089     -1.296      0.195
    M2                -0.067      0.073     -0.917      0.359
    M3                -0.093      0.069     -1.361      0.173
    Y                  0.001      0.060      0.018      0.986

 Variances
    ETA1               1.000      0.000    999.000    999.000
    ETA2               1.000      0.000    999.000    999.000

 Residual Variances
    X1                 0.825      0.093      8.915      0.000
    X2                 0.617      0.091      6.806      0.000
    X3                 0.379      0.054      6.987      0.000
    M1                 0.742      0.107      6.927      0.000
    M2                 0.646      0.087      7.404      0.000
    M3                 0.426      0.055      7.685      0.000
    Y                  0.712      0.078      9.083      0.000


R-SQUARE

    Observed                                        Two-Tailed
    Variable        Estimate       S.E.  Est./S.E.    P-Value

    X1                 0.445      0.062      7.189      0.000
    X2                 0.540      0.069      7.787      0.000
    X3                 0.558      0.068      8.229      0.000
    M1                 0.625      0.059     10.576      0.000
    M2                 0.517      0.069      7.498      0.000
    M3                 0.638      0.050     12.724      0.000
    Y                  0.260      0.065      4.000      0.000


TECHNICAL 1 OUTPUT


     PARAMETER SPECIFICATION


           NU
              X1            X2            X3            M1            M2
              ________      ________      ________      ________      ________
                    1             2             3             4             5


           NU
              M3            Y
              ________      ________
                    6             0


           LAMBDA
              ETA1          ETA2          ETA3          Y
              ________      ________      ________      ________
 X1                 0             0             0             0
 X2                 7             0             0             0
 X3                 8             0             0             0
 M1                 0             0             0             0
 M2                 0             9             0             0
 M3                 0            10             0             0
 Y                  0             0             0             0


           THETA
              X1            X2            X3            M1            M2
              ________      ________      ________      ________      ________
 X1                11
 X2                 0            12
 X3                 0             0            13
 M1                 0             0             0            14
 M2                 0             0             0             0            15
 M3                 0             0             0             0             0
 Y                  0             0             0             0             0


           THETA
              M3            Y
              ________      ________
 M3                16
 Y                  0             0


           ALPHA
              ETA1          ETA2          ETA3          Y
              ________      ________      ________      ________
                    0             0             0            17


           BETA
              ETA1          ETA2          ETA3          Y
              ________      ________      ________      ________
 ETA1               0             0             0             0
 ETA2               0             0             0             0
 ETA3               0             0             0             0
 Y                 18            19            20             0


           PSI
              ETA1          ETA2          ETA3          Y
              ________      ________      ________      ________
 ETA1              21
 ETA2              22            23
 ETA3               0             0             0
 Y                  0             0             0            24


     STARTING VALUES


           NU
              X1            X2            X3            M1            M2
              ________      ________      ________      ________      ________
               -0.206        -0.055        -0.016        -0.115        -0.067


           NU
              M3            Y
              ________      ________
               -0.093         0.000


           LAMBDA
              ETA1          ETA2          ETA3          Y
              ________      ________      ________      ________
 X1             1.000         0.000         0.000         0.000
 X2             1.000         0.000         0.000         0.000
 X3             1.000         0.000         0.000         0.000
 M1             0.000         1.000         0.000         0.000
 M2             0.000         1.000         0.000         0.000
 M3             0.000         1.000         0.000         0.000
 Y              0.000         0.000         0.000         1.000


           THETA
              X1            X2            X3            M1            M2
              ________      ________      ________      ________      ________
 X1             0.747
 X2             0.000         0.672
 X3             0.000         0.000         0.428
 M1             0.000         0.000         0.000         0.992
 M2             0.000         0.000         0.000         0.000         0.669
 M3             0.000         0.000         0.000         0.000         0.000
 Y              0.000         0.000         0.000         0.000         0.000


           THETA
              M3            Y
              ________      ________
 M3             0.588
 Y              0.000         0.000


           ALPHA
              ETA1          ETA2          ETA3          Y
              ________      ________      ________      ________
                0.000         0.000         0.000        -0.011


           BETA
              ETA1          ETA2          ETA3          Y
              ________      ________      ________      ________
 ETA1           0.000         0.000         0.000         0.000
 ETA2           0.000         0.000         0.000         0.000
 ETA3           0.000         0.000         0.000         0.000
 Y              0.000         0.000         0.000         0.000


           PSI
              ETA1          ETA2          ETA3          Y
              ________      ________      ________      ________
 ETA1           0.050
 ETA2           0.000         0.050
 ETA3           0.000         0.000         0.000
 Y              0.000         0.000         0.000         0.477


TECHNICAL 4 OUTPUT


     ESTIMATES DERIVED FROM THE MODEL


           ESTIMATED MEANS FOR THE LATENT VARIABLES
              ETA1          ETA2          ETA3          Y
              ________      ________      ________      ________
                0.000         0.000        -0.031        -0.011


           S.E. FOR ESTIMATED MEANS FOR THE LATENT VARIABLES
              ETA1          ETA2          ETA3          Y
              ________      ________      ________      ________
                0.000         0.000         0.066         0.062


           EST./S.E. FOR ESTIMATED MEANS FOR THE LATENT VARIABLES
              ETA1          ETA2          ETA3          Y
              ________      ________      ________      ________
                0.000         0.000        -0.472        -0.186


           TWO-TAILED P-VALUE FOR ESTIMATED MEANS FOR THE LATENT VARIABLES
              ETA1          ETA2          ETA3          Y
              ________      ________      ________      ________
                1.000         1.000         0.637         0.853


           ESTIMATED COVARIANCE MATRIX FOR THE LATENT VARIABLES
              ETA1          ETA2          ETA3          Y
              ________      ________      ________      ________
 ETA1           0.661
 ETA2          -0.031         1.239
 ETA3           0.000         0.000         0.821
 Y              0.074         0.361         0.332         0.962


           S.E. FOR ESTIMATED COVARIANCE MATRIX FOR THE LATENT VARIABLES
              ETA1          ETA2          ETA3          Y
              ________      ________      ________      ________
 ETA1           0.127
 ETA2           0.066         0.202
 ETA3           0.000         0.000         0.191
 Y              0.062         0.078         0.091         0.092


           EST./S.E. FOR ESTIMATED COVARIANCE MATRIX FOR THE LATENT VARIABLES
              ETA1          ETA2          ETA3          Y
              ________      ________      ________      ________
 ETA1           5.214
 ETA2          -0.472         6.137
 ETA3           0.000         0.000         4.301
 Y              1.194         4.606         3.652        10.403


           TWO-TAILED P-VALUE FOR ESTIMATED COVARIANCE MATRIX FOR THE LATENT VARIABLES
              ETA1          ETA2          ETA3          Y
              ________      ________      ________      ________
 ETA1           0.000
 ETA2           0.637         0.000
 ETA3           1.000         1.000         0.000
 Y              0.233         0.000         0.000         0.000


           ESTIMATED CORRELATION MATRIX FOR THE LATENT VARIABLES
              ETA1          ETA2          ETA3          Y
              ________      ________      ________      ________
 ETA1           1.000
 ETA2          -0.034         1.000
 ETA3           0.000         0.000         1.000
 Y              0.092         0.330         0.374         1.000


           S.E. FOR ESTIMATED CORRELATION MATRIX FOR THE LATENT VARIABLES
              ETA1          ETA2          ETA3          Y
              ________      ________      ________      ________
 ETA1           0.000
 ETA2           0.072         0.000
 ETA3           0.000         0.000         0.000
 Y              0.075         0.066         0.076         0.000


           EST./S.E. FOR ESTIMATED CORRELATION MATRIX FOR THE LATENT VARIABLES
              ETA1          ETA2          ETA3          Y
              ________      ________      ________      ________
 ETA1         999.000
 ETA2          -0.473       999.000
 ETA3           0.000         0.000       999.000
 Y              1.230         4.999         4.921       999.000


           TWO-TAILED P-VALUE FOR ESTIMATED CORRELATION MATRIX FOR THE LATENT VARIABLES
              ETA1          ETA2          ETA3          Y
              ________      ________      ________      ________
 ETA1           0.000
 ETA2           0.636         0.000
 ETA3           1.000         1.000         0.000
 Y              0.219         0.000         0.000         0.000


     Beginning Time:  23:37:18
        Ending Time:  23:38:26
       Elapsed Time:  00:01:08



MUTHEN & MUTHEN
3463 Stoner Ave.
Los Angeles, CA  90066

Tel: (310) 391-9971
Fax: (310) 391-8971
Web: www.StatModel.com
Support: Support@StatModel.com

Copyright (c) 1998-2022 Muthen & Muthen
