Mplus VERSION 8.8 (Mac)
MUTHEN & MUTHEN
08/20/2024  11:33 PM

INPUT INSTRUCTIONS

  TITLE: Data Analysis for SEM with Latent Interaction

  DATA:
    FILE = /Users/jimmy_z/desktop/Temp_Data/temp_data_51.dat;
    FORMAT = FREE;

  VARIABLE:
    NAMES ARE x1 x2 x3 m1 m2 m3 y;
    USEVARIABLES ARE x1 x2 x3 m1 m2 m3 y;

  ANALYSIS:
    TYPE = RANDOM;
    ESTIMATOR = MLR;
    ALGORITHM = INTEGRATION;
    INTEGRATION = MONTECARLO;

  MODEL:
    eta1 BY x1 x2 x3;
    eta2 BY m1 m2 m3;
    eta3 | eta1 XWITH eta2;
    y ON eta1 eta2 eta3;

  OUTPUT:
    STANDARDIZED;
    TECH1;
    TECH4;





INPUT READING TERMINATED NORMALLY



Data Analysis for SEM with Latent Interaction

SUMMARY OF ANALYSIS

Number of groups                                                 1
Number of observations                                         250

Number of dependent variables                                    7
Number of independent variables                                  0
Number of continuous latent variables                            3

Observed dependent variables

  Continuous
   X1          X2          X3          M1          M2          M3
   Y

Continuous latent variables
   ETA1        ETA2        ETA3


Estimator                                                      MLR
Information matrix                                        OBSERVED
Optimization Specifications for the Quasi-Newton Algorithm for
Continuous Outcomes
  Maximum number of iterations                                 100
  Convergence criterion                                  0.100D-05
Optimization Specifications for the EM Algorithm
  Maximum number of iterations                                 500
  Convergence criteria
    Loglikelihood change                                 0.100D-02
    Relative loglikelihood change                        0.100D-05
    Derivative                                           0.100D-02
Optimization Specifications for the M step of the EM Algorithm for
Categorical Latent variables
  Number of M step iterations                                    1
  M step convergence criterion                           0.100D-02
  Basis for M step termination                           ITERATION
Optimization Specifications for the M step of the EM Algorithm for
Censored, Binary or Ordered Categorical (Ordinal), Unordered
Categorical (Nominal) and Count Outcomes
  Number of M step iterations                                    1
  M step convergence criterion                           0.100D-02
  Basis for M step termination                           ITERATION
  Maximum value for logit thresholds                            15
  Minimum value for logit thresholds                           -15
  Minimum expected cell size for chi-square              0.100D-01
Optimization algorithm                                         EMA
Integration Specifications
  Type                                                  MONTECARLO
  Number of integration points                                2000
  Dimensions of numerical integration                            2
  Adaptive quadrature                                           ON
  Monte Carlo integration seed                                   0
Cholesky                                                       OFF

Input data file(s)
  /Users/jimmy_z/desktop/Temp_Data/temp_data_51.dat
Input data format  FREE



UNIVARIATE SAMPLE STATISTICS


     UNIVARIATE HIGHER-ORDER MOMENT DESCRIPTIVE STATISTICS

         Variable/         Mean/     Skewness/   Minimum/ % with                Percentiles
        Sample Size      Variance    Kurtosis    Maximum  Min/Max      20%/60%    40%/80%    Median

     X1                    0.120      -0.042      -3.819    0.40%      -1.084     -0.259      0.230
             250.000       1.914      -0.287       3.889    0.40%       0.507      1.206
     X2                    0.085       0.227      -2.600    0.40%      -0.901     -0.288      0.009
             250.000       1.309      -0.404       3.420    0.40%       0.329      1.067
     X3                    0.050       0.046      -2.408    0.40%      -0.874     -0.220      0.106
             250.000       0.964      -0.330       2.911    0.40%       0.328      0.939
     M1                    0.065       0.162      -3.799    0.40%      -1.046     -0.304      0.102
             250.000       1.816       0.312       4.654    0.40%       0.353      1.037
     M2                    0.042       0.024      -2.992    0.40%      -0.927     -0.235      0.056
             250.000       1.322       0.030       3.528    0.40%       0.288      0.931
     M3                    0.057      -0.155      -3.512    0.40%      -0.859     -0.137      0.096
             250.000       0.991       0.580       3.387    0.40%       0.319      0.884
     Y                     0.035       0.460      -2.491    0.40%      -0.780     -0.225      0.024
             250.000       1.046       1.996       5.284    0.40%       0.232      0.842


THE MODEL ESTIMATION TERMINATED NORMALLY



MODEL FIT INFORMATION

Number of Free Parameters                       24

Loglikelihood

          H0 Value                       -2417.021
          H0 Scaling Correction Factor      1.0029
            for MLR

Information Criteria

          Akaike (AIC)                    4882.041
          Bayesian (BIC)                  4966.556
          Sample-Size Adjusted BIC        4890.474
            (n* = (n + 2) / 24)



MODEL RESULTS

                                                    Two-Tailed
                    Estimate       S.E.  Est./S.E.    P-Value

 ETA1     BY
    X1                 1.000      0.000    999.000    999.000
    X2                 0.772      0.059     12.990      0.000
    X3                 0.711      0.055     12.867      0.000

 ETA2     BY
    M1                 1.000      0.000    999.000    999.000
    M2                 0.896      0.102      8.795      0.000
    M3                 0.771      0.074     10.376      0.000

 Y          ON
    ETA1               0.321      0.060      5.310      0.000
    ETA2               0.230      0.077      3.000      0.003
    ETA3               0.358      0.068      5.251      0.000

 ETA2     WITH
    ETA1              -0.015      0.092     -0.164      0.870

 Intercepts
    X1                 0.120      0.088      1.373      0.170
    X2                 0.085      0.073      1.176      0.240
    X3                 0.050      0.062      0.807      0.420
    M1                 0.066      0.085      0.780      0.436
    M2                 0.043      0.073      0.595      0.552
    M3                 0.058      0.063      0.922      0.356
    Y                  0.041      0.061      0.673      0.501

 Variances
    ETA1               1.237      0.178      6.947      0.000
    ETA2               0.947      0.177      5.360      0.000

 Residual Variances
    X1                 0.675      0.101      6.701      0.000
    X2                 0.572      0.061      9.417      0.000
    X3                 0.339      0.050      6.716      0.000
    M1                 0.860      0.129      6.687      0.000
    M2                 0.562      0.081      6.946      0.000
    M3                 0.428      0.057      7.520      0.000
    Y                  0.684      0.065     10.518      0.000


QUALITY OF NUMERICAL RESULTS

     Condition Number for the Information Matrix              0.237E-01
       (ratio of smallest to largest eigenvalue)


STANDARDIZED MODEL RESULTS


STDYX Standardization

                                                    Two-Tailed
                    Estimate       S.E.  Est./S.E.    P-Value

 ETA1     BY
    X1                 0.804      0.036     22.532      0.000
    X2                 0.750      0.031     24.317      0.000
    X3                 0.805      0.032     25.074      0.000

 ETA2     BY
    M1                 0.724      0.048     14.976      0.000
    M2                 0.758      0.042     18.239      0.000
    M3                 0.754      0.040     19.015      0.000

 Y          ON
    ETA1               0.356      0.066      5.404      0.000
    ETA2               0.222      0.064      3.502      0.000
    ETA3               0.385      0.062      6.209      0.000

 ETA2     WITH
    ETA1              -0.014      0.085     -0.164      0.870

 Intercepts
    X1                 0.087      0.064      1.368      0.171
    X2                 0.075      0.063      1.184      0.236
    X3                 0.051      0.063      0.807      0.419
    M1                 0.049      0.063      0.782      0.434
    M2                 0.038      0.063      0.595      0.552
    M3                 0.058      0.064      0.917      0.359
    Y                  0.041      0.060      0.675      0.499

 Variances
    ETA1               1.000      0.000    999.000    999.000
    ETA2               1.000      0.000    999.000    999.000

 Residual Variances
    X1                 0.353      0.057      6.148      0.000
    X2                 0.437      0.046      9.437      0.000
    X3                 0.352      0.052      6.796      0.000
    M1                 0.476      0.070      6.803      0.000
    M2                 0.425      0.063      6.734      0.000
    M3                 0.432      0.060      7.233      0.000
    Y                  0.678      0.071      9.557      0.000


STDY Standardization

                                                    Two-Tailed
                    Estimate       S.E.  Est./S.E.    P-Value

 ETA1     BY
    X1                 0.804      0.036     22.532      0.000
    X2                 0.750      0.031     24.317      0.000
    X3                 0.805      0.032     25.074      0.000

 ETA2     BY
    M1                 0.724      0.048     14.976      0.000
    M2                 0.758      0.042     18.239      0.000
    M3                 0.754      0.040     19.015      0.000

 Y          ON
    ETA1               0.356      0.066      5.404      0.000
    ETA2               0.222      0.064      3.502      0.000
    ETA3               0.385      0.062      6.209      0.000

 ETA2     WITH
    ETA1              -0.014      0.085     -0.164      0.870

 Intercepts
    X1                 0.087      0.064      1.368      0.171
    X2                 0.075      0.063      1.184      0.236
    X3                 0.051      0.063      0.807      0.419
    M1                 0.049      0.063      0.782      0.434
    M2                 0.038      0.063      0.595      0.552
    M3                 0.058      0.064      0.917      0.359
    Y                  0.041      0.060      0.675      0.499

 Variances
    ETA1               1.000      0.000    999.000    999.000
    ETA2               1.000      0.000    999.000    999.000

 Residual Variances
    X1                 0.353      0.057      6.148      0.000
    X2                 0.437      0.046      9.437      0.000
    X3                 0.352      0.052      6.796      0.000
    M1                 0.476      0.070      6.803      0.000
    M2                 0.425      0.063      6.734      0.000
    M3                 0.432      0.060      7.233      0.000
    Y                  0.678      0.071      9.557      0.000


STD Standardization

                                                    Two-Tailed
                    Estimate       S.E.  Est./S.E.    P-Value

 ETA1     BY
    X1                 1.112      0.080     13.894      0.000
    X2                 0.858      0.058     14.883      0.000
    X3                 0.790      0.051     15.628      0.000

 ETA2     BY
    M1                 0.973      0.091     10.720      0.000
    M2                 0.872      0.072     12.151      0.000
    M3                 0.750      0.065     11.493      0.000

 Y          ON
    ETA1               0.357      0.073      4.898      0.000
    ETA2               0.223      0.068      3.302      0.001
    ETA3               0.387      0.072      5.410      0.000

 ETA2     WITH
    ETA1              -0.014      0.085     -0.164      0.870

 Intercepts
    X1                 0.120      0.088      1.373      0.170
    X2                 0.085      0.073      1.176      0.240
    X3                 0.050      0.062      0.807      0.420
    M1                 0.066      0.085      0.780      0.436
    M2                 0.043      0.073      0.595      0.552
    M3                 0.058      0.063      0.922      0.356
    Y                  0.041      0.061      0.673      0.501

 Variances
    ETA1               1.000      0.000    999.000    999.000
    ETA2               1.000      0.000    999.000    999.000

 Residual Variances
    X1                 0.675      0.101      6.701      0.000
    X2                 0.572      0.061      9.417      0.000
    X3                 0.339      0.050      6.716      0.000
    M1                 0.860      0.129      6.687      0.000
    M2                 0.562      0.081      6.946      0.000
    M3                 0.428      0.057      7.520      0.000
    Y                  0.684      0.065     10.518      0.000


R-SQUARE

    Observed                                        Two-Tailed
    Variable        Estimate       S.E.  Est./S.E.    P-Value

    X1                 0.647      0.057     11.266      0.000
    X2                 0.563      0.046     12.158      0.000
    X3                 0.648      0.052     12.537      0.000
    M1                 0.524      0.070      7.488      0.000
    M2                 0.575      0.063      9.119      0.000
    M3                 0.568      0.060      9.508      0.000
    Y                  0.322      0.071      4.548      0.000


TECHNICAL 1 OUTPUT


     PARAMETER SPECIFICATION


           NU
              X1            X2            X3            M1            M2
              ________      ________      ________      ________      ________
                    1             2             3             4             5


           NU
              M3            Y
              ________      ________
                    6             0


           LAMBDA
              ETA1          ETA2          ETA3          Y
              ________      ________      ________      ________
 X1                 0             0             0             0
 X2                 7             0             0             0
 X3                 8             0             0             0
 M1                 0             0             0             0
 M2                 0             9             0             0
 M3                 0            10             0             0
 Y                  0             0             0             0


           THETA
              X1            X2            X3            M1            M2
              ________      ________      ________      ________      ________
 X1                11
 X2                 0            12
 X3                 0             0            13
 M1                 0             0             0            14
 M2                 0             0             0             0            15
 M3                 0             0             0             0             0
 Y                  0             0             0             0             0


           THETA
              M3            Y
              ________      ________
 M3                16
 Y                  0             0


           ALPHA
              ETA1          ETA2          ETA3          Y
              ________      ________      ________      ________
                    0             0             0            17


           BETA
              ETA1          ETA2          ETA3          Y
              ________      ________      ________      ________
 ETA1               0             0             0             0
 ETA2               0             0             0             0
 ETA3               0             0             0             0
 Y                 18            19            20             0


           PSI
              ETA1          ETA2          ETA3          Y
              ________      ________      ________      ________
 ETA1              21
 ETA2              22            23
 ETA3               0             0             0
 Y                  0             0             0            24


     STARTING VALUES


           NU
              X1            X2            X3            M1            M2
              ________      ________      ________      ________      ________
                0.120         0.085         0.050         0.065         0.042


           NU
              M3            Y
              ________      ________
                0.057         0.000


           LAMBDA
              ETA1          ETA2          ETA3          Y
              ________      ________      ________      ________
 X1             1.000         0.000         0.000         0.000
 X2             1.000         0.000         0.000         0.000
 X3             1.000         0.000         0.000         0.000
 M1             0.000         1.000         0.000         0.000
 M2             0.000         1.000         0.000         0.000
 M3             0.000         1.000         0.000         0.000
 Y              0.000         0.000         0.000         1.000


           THETA
              X1            X2            X3            M1            M2
              ________      ________      ________      ________      ________
 X1             0.957
 X2             0.000         0.654
 X3             0.000         0.000         0.482
 M1             0.000         0.000         0.000         0.908
 M2             0.000         0.000         0.000         0.000         0.661
 M3             0.000         0.000         0.000         0.000         0.000
 Y              0.000         0.000         0.000         0.000         0.000


           THETA
              M3            Y
              ________      ________
 M3             0.496
 Y              0.000         0.000


           ALPHA
              ETA1          ETA2          ETA3          Y
              ________      ________      ________      ________
                0.000         0.000         0.000         0.035


           BETA
              ETA1          ETA2          ETA3          Y
              ________      ________      ________      ________
 ETA1           0.000         0.000         0.000         0.000
 ETA2           0.000         0.000         0.000         0.000
 ETA3           0.000         0.000         0.000         0.000
 Y              0.000         0.000         0.000         0.000


           PSI
              ETA1          ETA2          ETA3          Y
              ________      ________      ________      ________
 ETA1           0.050
 ETA2           0.000         0.050
 ETA3           0.000         0.000         0.000
 Y              0.000         0.000         0.000         0.523


TECHNICAL 4 OUTPUT


     ESTIMATES DERIVED FROM THE MODEL


           ESTIMATED MEANS FOR THE LATENT VARIABLES
              ETA1          ETA2          ETA3          Y
              ________      ________      ________      ________
                0.000         0.000        -0.015         0.036


           S.E. FOR ESTIMATED MEANS FOR THE LATENT VARIABLES
              ETA1          ETA2          ETA3          Y
              ________      ________      ________      ________
                0.000         0.000         0.092         0.065


           EST./S.E. FOR ESTIMATED MEANS FOR THE LATENT VARIABLES
              ETA1          ETA2          ETA3          Y
              ________      ________      ________      ________
                0.000         0.000        -0.164         0.551


           TWO-TAILED P-VALUE FOR ESTIMATED MEANS FOR THE LATENT VARIABLES
              ETA1          ETA2          ETA3          Y
              ________      ________      ________      ________
                1.000         1.000         0.870         0.582


           ESTIMATED COVARIANCE MATRIX FOR THE LATENT VARIABLES
              ETA1          ETA2          ETA3          Y
              ________      ________      ________      ________
 ETA1           1.237
 ETA2          -0.015         0.947
 ETA3           0.000         0.000         1.172
 Y              0.394         0.213         0.419         1.009


           S.E. FOR ESTIMATED COVARIANCE MATRIX FOR THE LATENT VARIABLES
              ETA1          ETA2          ETA3          Y
              ________      ________      ________      ________
 ETA1           0.178
 ETA2           0.092         0.177
 ETA3           0.000         0.000         0.279
 Y              0.099         0.069         0.103         0.100


           EST./S.E. FOR ESTIMATED COVARIANCE MATRIX FOR THE LATENT VARIABLES
              ETA1          ETA2          ETA3          Y
              ________      ________      ________      ________
 ETA1           6.947
 ETA2          -0.164         5.360
 ETA3           0.000         0.000         4.205
 Y              3.980         3.094         4.073        10.124


           TWO-TAILED P-VALUE FOR ESTIMATED COVARIANCE MATRIX FOR THE LATENT VARIABLES
              ETA1          ETA2          ETA3          Y
              ________      ________      ________      ________
 ETA1           0.000
 ETA2           0.870         0.000
 ETA3           1.000         1.000         0.000
 Y              0.000         0.002         0.000         0.000


           ESTIMATED CORRELATION MATRIX FOR THE LATENT VARIABLES
              ETA1          ETA2          ETA3          Y
              ________      ________      ________      ________
 ETA1           1.000
 ETA2          -0.014         1.000
 ETA3           0.000         0.000         1.000
 Y              0.353         0.218         0.386         1.000


           S.E. FOR ESTIMATED CORRELATION MATRIX FOR THE LATENT VARIABLES
              ETA1          ETA2          ETA3          Y
              ________      ________      ________      ________
 ETA1           0.000
 ETA2           0.085         0.000
 ETA3           0.000         0.000         0.000
 Y              0.068         0.067         0.062         0.000


           EST./S.E. FOR ESTIMATED CORRELATION MATRIX FOR THE LATENT VARIABLES
              ETA1          ETA2          ETA3          Y
              ________      ________      ________      ________
 ETA1         999.000
 ETA2          -0.164       999.000
 ETA3           0.000         0.000       999.000
 Y              5.182         3.261         6.211       999.000


           TWO-TAILED P-VALUE FOR ESTIMATED CORRELATION MATRIX FOR THE LATENT VARIABLES
              ETA1          ETA2          ETA3          Y
              ________      ________      ________      ________
 ETA1           0.000
 ETA2           0.870         0.000
 ETA3           1.000         1.000         0.000
 Y              0.000         0.001         0.000         0.000


     Beginning Time:  23:33:32
        Ending Time:  23:34:33
       Elapsed Time:  00:01:01



MUTHEN & MUTHEN
3463 Stoner Ave.
Los Angeles, CA  90066

Tel: (310) 391-9971
Fax: (310) 391-8971
Web: www.StatModel.com
Support: Support@StatModel.com

Copyright (c) 1998-2022 Muthen & Muthen
