Mplus VERSION 8.8 (Mac)
MUTHEN & MUTHEN
08/20/2024  11:41 PM

INPUT INSTRUCTIONS

  TITLE: Data Analysis for SEM with Latent Interaction

  DATA:
    FILE = /Users/jimmy_z/desktop/Temp_Data/temp_data_112.dat;
    FORMAT = FREE;

  VARIABLE:
    NAMES ARE x1 x2 x3 m1 m2 m3 y;
    USEVARIABLES ARE x1 x2 x3 m1 m2 m3 y;

  ANALYSIS:
    TYPE = RANDOM;
    ESTIMATOR = MLR;
    ALGORITHM = INTEGRATION;
    INTEGRATION = MONTECARLO;

  MODEL:
    eta1 BY x1 x2 x3;
    eta2 BY m1 m2 m3;
    eta3 | eta1 XWITH eta2;
    y ON eta1 eta2 eta3;

  OUTPUT:
    STANDARDIZED;
    TECH1;
    TECH4;





INPUT READING TERMINATED NORMALLY



Data Analysis for SEM with Latent Interaction

SUMMARY OF ANALYSIS

Number of groups                                                 1
Number of observations                                         250

Number of dependent variables                                    7
Number of independent variables                                  0
Number of continuous latent variables                            3

Observed dependent variables

  Continuous
   X1          X2          X3          M1          M2          M3
   Y

Continuous latent variables
   ETA1        ETA2        ETA3


Estimator                                                      MLR
Information matrix                                        OBSERVED
Optimization Specifications for the Quasi-Newton Algorithm for
Continuous Outcomes
  Maximum number of iterations                                 100
  Convergence criterion                                  0.100D-05
Optimization Specifications for the EM Algorithm
  Maximum number of iterations                                 500
  Convergence criteria
    Loglikelihood change                                 0.100D-02
    Relative loglikelihood change                        0.100D-05
    Derivative                                           0.100D-02
Optimization Specifications for the M step of the EM Algorithm for
Categorical Latent variables
  Number of M step iterations                                    1
  M step convergence criterion                           0.100D-02
  Basis for M step termination                           ITERATION
Optimization Specifications for the M step of the EM Algorithm for
Censored, Binary or Ordered Categorical (Ordinal), Unordered
Categorical (Nominal) and Count Outcomes
  Number of M step iterations                                    1
  M step convergence criterion                           0.100D-02
  Basis for M step termination                           ITERATION
  Maximum value for logit thresholds                            15
  Minimum value for logit thresholds                           -15
  Minimum expected cell size for chi-square              0.100D-01
Optimization algorithm                                         EMA
Integration Specifications
  Type                                                  MONTECARLO
  Number of integration points                                2000
  Dimensions of numerical integration                            2
  Adaptive quadrature                                           ON
  Monte Carlo integration seed                                   0
Cholesky                                                       OFF

Input data file(s)
  /Users/jimmy_z/desktop/Temp_Data/temp_data_112.dat
Input data format  FREE



UNIVARIATE SAMPLE STATISTICS


     UNIVARIATE HIGHER-ORDER MOMENT DESCRIPTIVE STATISTICS

         Variable/         Mean/     Skewness/   Minimum/ % with                Percentiles
        Sample Size      Variance    Kurtosis    Maximum  Min/Max      20%/60%    40%/80%    Median

     X1                   -0.154      -0.152      -4.401    0.40%      -1.307     -0.388     -0.150
             250.000       1.715       0.210       3.656    0.40%       0.151      0.916
     X2                   -0.103       0.088      -3.404    0.40%      -1.111     -0.468     -0.214
             250.000       1.369      -0.215       3.145    0.40%       0.173      0.906
     X3                   -0.056       0.162      -2.399    0.40%      -0.866     -0.355     -0.145
             250.000       0.956      -0.064       3.070    0.40%       0.108      0.781
     M1                    0.012       0.316      -3.364    0.40%      -1.167     -0.381     -0.083
             250.000       1.917       0.002       4.403    0.40%       0.200      1.164
     M2                    0.075      -0.186      -4.038    0.40%      -0.956     -0.159      0.067
             250.000       1.553       0.242       4.019    0.40%       0.354      1.093
     M3                    0.005       0.131      -2.628    0.40%      -0.847     -0.240     -0.009
             250.000       0.986      -0.073       2.800    0.40%       0.206      0.749
     Y                     0.020      -0.107      -2.986    0.40%      -0.775     -0.240     -0.006
             250.000       0.900       0.212       2.715    0.40%       0.338      0.816


THE MODEL ESTIMATION TERMINATED NORMALLY



MODEL FIT INFORMATION

Number of Free Parameters                       24

Loglikelihood

          H0 Value                       -2392.502
          H0 Scaling Correction Factor      1.0411
            for MLR

Information Criteria

          Akaike (AIC)                    4833.005
          Bayesian (BIC)                  4917.520
          Sample-Size Adjusted BIC        4841.438
            (n* = (n + 2) / 24)



MODEL RESULTS

                                                    Two-Tailed
                    Estimate       S.E.  Est./S.E.    P-Value

 ETA1     BY
    X1                 1.000      0.000    999.000    999.000
    X2                 1.004      0.111      9.040      0.000
    X3                 0.764      0.073     10.442      0.000

 ETA2     BY
    M1                 1.000      0.000    999.000    999.000
    M2                 0.879      0.085     10.333      0.000
    M3                 0.728      0.056     12.933      0.000

 Y          ON
    ETA1               0.342      0.072      4.718      0.000
    ETA2               0.255      0.060      4.221      0.000
    ETA3               0.250      0.082      3.054      0.002

 ETA2     WITH
    ETA1               0.053      0.069      0.767      0.443

 Intercepts
    X1                -0.155      0.083     -1.866      0.062
    X2                -0.104      0.074     -1.401      0.161
    X3                -0.056      0.062     -0.910      0.363
    M1                 0.012      0.088      0.143      0.887
    M2                 0.076      0.079      0.962      0.336
    M3                 0.005      0.063      0.088      0.930
    Y                  0.006      0.059      0.110      0.913

 Variances
    ETA1               0.913      0.164      5.561      0.000
    ETA2               1.244      0.176      7.059      0.000

 Residual Variances
    X1                 0.797      0.096      8.260      0.000
    X2                 0.448      0.090      4.963      0.000
    X3                 0.422      0.056      7.605      0.000
    M1                 0.672      0.094      7.126      0.000
    M2                 0.593      0.080      7.385      0.000
    M3                 0.327      0.053      6.158      0.000
    Y                  0.643      0.069      9.346      0.000


QUALITY OF NUMERICAL RESULTS

     Condition Number for the Information Matrix              0.451E-03
       (ratio of smallest to largest eigenvalue)


STANDARDIZED MODEL RESULTS


STDYX Standardization

                                                    Two-Tailed
                    Estimate       S.E.  Est./S.E.    P-Value

 ETA1     BY
    X1                 0.731      0.042     17.249      0.000
    X2                 0.820      0.040     20.303      0.000
    X3                 0.747      0.040     18.501      0.000

 ETA2     BY
    M1                 0.806      0.032     24.939      0.000
    M2                 0.786      0.034     23.021      0.000
    M3                 0.818      0.035     23.454      0.000

 Y          ON
    ETA1               0.342      0.064      5.380      0.000
    ETA2               0.298      0.065      4.554      0.000
    ETA3               0.280      0.085      3.276      0.001

 ETA2     WITH
    ETA1               0.050      0.065      0.766      0.444

 Intercepts
    X1                -0.118      0.063     -1.878      0.060
    X2                -0.089      0.064     -1.393      0.164
    X3                -0.058      0.064     -0.905      0.366
    M1                 0.009      0.063      0.143      0.886
    M2                 0.061      0.064      0.955      0.339
    M3                 0.006      0.063      0.088      0.930
    Y                  0.007      0.062      0.109      0.913

 Variances
    ETA1               1.000      0.000    999.000    999.000
    ETA2               1.000      0.000    999.000    999.000

 Residual Variances
    X1                 0.466      0.062      7.525      0.000
    X2                 0.327      0.066      4.938      0.000
    X3                 0.442      0.060      7.316      0.000
    M1                 0.351      0.052      6.739      0.000
    M2                 0.382      0.054      7.104      0.000
    M3                 0.331      0.057      5.810      0.000
    Y                  0.706      0.057     12.353      0.000


STDY Standardization

                                                    Two-Tailed
                    Estimate       S.E.  Est./S.E.    P-Value

 ETA1     BY
    X1                 0.731      0.042     17.249      0.000
    X2                 0.820      0.040     20.303      0.000
    X3                 0.747      0.040     18.501      0.000

 ETA2     BY
    M1                 0.806      0.032     24.939      0.000
    M2                 0.786      0.034     23.021      0.000
    M3                 0.818      0.035     23.454      0.000

 Y          ON
    ETA1               0.342      0.064      5.380      0.000
    ETA2               0.298      0.065      4.554      0.000
    ETA3               0.280      0.085      3.276      0.001

 ETA2     WITH
    ETA1               0.050      0.065      0.766      0.444

 Intercepts
    X1                -0.118      0.063     -1.878      0.060
    X2                -0.089      0.064     -1.393      0.164
    X3                -0.058      0.064     -0.905      0.366
    M1                 0.009      0.063      0.143      0.886
    M2                 0.061      0.064      0.955      0.339
    M3                 0.006      0.063      0.088      0.930
    Y                  0.007      0.062      0.109      0.913

 Variances
    ETA1               1.000      0.000    999.000    999.000
    ETA2               1.000      0.000    999.000    999.000

 Residual Variances
    X1                 0.466      0.062      7.525      0.000
    X2                 0.327      0.066      4.938      0.000
    X3                 0.442      0.060      7.316      0.000
    M1                 0.351      0.052      6.739      0.000
    M2                 0.382      0.054      7.104      0.000
    M3                 0.331      0.057      5.810      0.000
    Y                  0.706      0.057     12.353      0.000


STD Standardization

                                                    Two-Tailed
                    Estimate       S.E.  Est./S.E.    P-Value

 ETA1     BY
    X1                 0.956      0.086     11.122      0.000
    X2                 0.960      0.069     13.966      0.000
    X3                 0.731      0.060     12.253      0.000

 ETA2     BY
    M1                 1.115      0.079     14.118      0.000
    M2                 0.980      0.074     13.198      0.000
    M3                 0.812      0.058     14.000      0.000

 Y          ON
    ETA1               0.326      0.061      5.329      0.000
    ETA2               0.284      0.065      4.360      0.000
    ETA3               0.267      0.087      3.075      0.002

 ETA2     WITH
    ETA1               0.050      0.065      0.766      0.444

 Intercepts
    X1                -0.155      0.083     -1.866      0.062
    X2                -0.104      0.074     -1.401      0.161
    X3                -0.056      0.062     -0.910      0.363
    M1                 0.012      0.088      0.143      0.887
    M2                 0.076      0.079      0.962      0.336
    M3                 0.005      0.063      0.088      0.930
    Y                  0.006      0.059      0.110      0.913

 Variances
    ETA1               1.000      0.000    999.000    999.000
    ETA2               1.000      0.000    999.000    999.000

 Residual Variances
    X1                 0.797      0.096      8.260      0.000
    X2                 0.448      0.090      4.963      0.000
    X3                 0.422      0.056      7.605      0.000
    M1                 0.672      0.094      7.126      0.000
    M2                 0.593      0.080      7.385      0.000
    M3                 0.327      0.053      6.158      0.000
    Y                  0.643      0.069      9.346      0.000


R-SQUARE

    Observed                                        Two-Tailed
    Variable        Estimate       S.E.  Est./S.E.    P-Value

    X1                 0.534      0.062      8.624      0.000
    X2                 0.673      0.066     10.151      0.000
    X3                 0.558      0.060      9.251      0.000
    M1                 0.649      0.052     12.470      0.000
    M2                 0.618      0.054     11.510      0.000
    M3                 0.669      0.057     11.727      0.000
    Y                  0.294      0.057      5.149      0.000


TECHNICAL 1 OUTPUT


     PARAMETER SPECIFICATION


           NU
              X1            X2            X3            M1            M2
              ________      ________      ________      ________      ________
                    1             2             3             4             5


           NU
              M3            Y
              ________      ________
                    6             0


           LAMBDA
              ETA1          ETA2          ETA3          Y
              ________      ________      ________      ________
 X1                 0             0             0             0
 X2                 7             0             0             0
 X3                 8             0             0             0
 M1                 0             0             0             0
 M2                 0             9             0             0
 M3                 0            10             0             0
 Y                  0             0             0             0


           THETA
              X1            X2            X3            M1            M2
              ________      ________      ________      ________      ________
 X1                11
 X2                 0            12
 X3                 0             0            13
 M1                 0             0             0            14
 M2                 0             0             0             0            15
 M3                 0             0             0             0             0
 Y                  0             0             0             0             0


           THETA
              M3            Y
              ________      ________
 M3                16
 Y                  0             0


           ALPHA
              ETA1          ETA2          ETA3          Y
              ________      ________      ________      ________
                    0             0             0            17


           BETA
              ETA1          ETA2          ETA3          Y
              ________      ________      ________      ________
 ETA1               0             0             0             0
 ETA2               0             0             0             0
 ETA3               0             0             0             0
 Y                 18            19            20             0


           PSI
              ETA1          ETA2          ETA3          Y
              ________      ________      ________      ________
 ETA1              21
 ETA2              22            23
 ETA3               0             0             0
 Y                  0             0             0            24


     STARTING VALUES


           NU
              X1            X2            X3            M1            M2
              ________      ________      ________      ________      ________
               -0.154        -0.103        -0.056         0.012         0.075


           NU
              M3            Y
              ________      ________
                0.005         0.000


           LAMBDA
              ETA1          ETA2          ETA3          Y
              ________      ________      ________      ________
 X1             1.000         0.000         0.000         0.000
 X2             1.000         0.000         0.000         0.000
 X3             1.000         0.000         0.000         0.000
 M1             0.000         1.000         0.000         0.000
 M2             0.000         1.000         0.000         0.000
 M3             0.000         1.000         0.000         0.000
 Y              0.000         0.000         0.000         1.000


           THETA
              X1            X2            X3            M1            M2
              ________      ________      ________      ________      ________
 X1             0.857
 X2             0.000         0.684
 X3             0.000         0.000         0.478
 M1             0.000         0.000         0.000         0.958
 M2             0.000         0.000         0.000         0.000         0.776
 M3             0.000         0.000         0.000         0.000         0.000
 Y              0.000         0.000         0.000         0.000         0.000


           THETA
              M3            Y
              ________      ________
 M3             0.493
 Y              0.000         0.000


           ALPHA
              ETA1          ETA2          ETA3          Y
              ________      ________      ________      ________
                0.000         0.000         0.000         0.020


           BETA
              ETA1          ETA2          ETA3          Y
              ________      ________      ________      ________
 ETA1           0.000         0.000         0.000         0.000
 ETA2           0.000         0.000         0.000         0.000
 ETA3           0.000         0.000         0.000         0.000
 Y              0.000         0.000         0.000         0.000


           PSI
              ETA1          ETA2          ETA3          Y
              ________      ________      ________      ________
 ETA1           0.050
 ETA2           0.000         0.050
 ETA3           0.000         0.000         0.000
 Y              0.000         0.000         0.000         0.450


TECHNICAL 4 OUTPUT


     ESTIMATES DERIVED FROM THE MODEL


           ESTIMATED MEANS FOR THE LATENT VARIABLES
              ETA1          ETA2          ETA3          Y
              ________      ________      ________      ________
                0.000         0.000         0.053         0.020


           S.E. FOR ESTIMATED MEANS FOR THE LATENT VARIABLES
              ETA1          ETA2          ETA3          Y
              ________      ________      ________      ________
                0.000         0.000         0.069         0.060


           EST./S.E. FOR ESTIMATED MEANS FOR THE LATENT VARIABLES
              ETA1          ETA2          ETA3          Y
              ________      ________      ________      ________
                0.000         0.000         0.767         0.330


           TWO-TAILED P-VALUE FOR ESTIMATED MEANS FOR THE LATENT VARIABLES
              ETA1          ETA2          ETA3          Y
              ________      ________      ________      ________
                1.000         1.000         0.443         0.741


           ESTIMATED COVARIANCE MATRIX FOR THE LATENT VARIABLES
              ETA1          ETA2          ETA3          Y
              ________      ________      ________      ________
 ETA1           0.913
 ETA2           0.053         1.244
 ETA3           0.000         0.000         1.139
 Y              0.326         0.335         0.285         0.912


           S.E. FOR ESTIMATED COVARIANCE MATRIX FOR THE LATENT VARIABLES
              ETA1          ETA2          ETA3          Y
              ________      ________      ________      ________
 ETA1           0.164
 ETA2           0.069         0.176
 ETA3           0.000         0.000         0.237
 Y              0.065         0.080         0.101         0.087


           EST./S.E. FOR ESTIMATED COVARIANCE MATRIX FOR THE LATENT VARIABLES
              ETA1          ETA2          ETA3          Y
              ________      ________      ________      ________
 ETA1           5.561
 ETA2           0.767         7.059
 ETA3           0.000         0.000         4.803
 Y              5.026         4.217         2.830        10.435


           TWO-TAILED P-VALUE FOR ESTIMATED COVARIANCE MATRIX FOR THE LATENT VARIABLES
              ETA1          ETA2          ETA3          Y
              ________      ________      ________      ________
 ETA1           0.000
 ETA2           0.443         0.000
 ETA3           1.000         1.000         0.000
 Y              0.000         0.000         0.005         0.000


           ESTIMATED CORRELATION MATRIX FOR THE LATENT VARIABLES
              ETA1          ETA2          ETA3          Y
              ________      ________      ________      ________
 ETA1           1.000
 ETA2           0.050         1.000
 ETA3           0.000         0.000         1.000
 Y              0.357         0.315         0.280         1.000


           S.E. FOR ESTIMATED CORRELATION MATRIX FOR THE LATENT VARIABLES
              ETA1          ETA2          ETA3          Y
              ________      ________      ________      ________
 ETA1           0.000
 ETA2           0.065         0.000
 ETA3           0.000         0.000         0.000
 Y              0.066         0.067         0.085         0.000


           EST./S.E. FOR ESTIMATED CORRELATION MATRIX FOR THE LATENT VARIABLES
              ETA1          ETA2          ETA3          Y
              ________      ________      ________      ________
 ETA1         999.000
 ETA2           0.766       999.000
 ETA3           0.000         0.000       999.000
 Y              5.419         4.718         3.285       999.000


           TWO-TAILED P-VALUE FOR ESTIMATED CORRELATION MATRIX FOR THE LATENT VARIABLES
              ETA1          ETA2          ETA3          Y
              ________      ________      ________      ________
 ETA1           0.000
 ETA2           0.444         0.000
 ETA3           1.000         1.000         0.000
 Y              0.000         0.000         0.001         0.000


     Beginning Time:  23:41:04
        Ending Time:  23:41:44
       Elapsed Time:  00:00:40



MUTHEN & MUTHEN
3463 Stoner Ave.
Los Angeles, CA  90066

Tel: (310) 391-9971
Fax: (310) 391-8971
Web: www.StatModel.com
Support: Support@StatModel.com

Copyright (c) 1998-2022 Muthen & Muthen
