Mplus VERSION 8.8 (Mac)
MUTHEN & MUTHEN
08/20/2024  11:08 PM

INPUT INSTRUCTIONS

  TITLE: Data Analysis for SEM with Latent Interaction

  DATA:
    FILE = /Users/jimmy_z/desktop/Temp_Data/temp_data_395.dat;
    FORMAT = FREE;

  VARIABLE:
    NAMES ARE x1 x2 x3 m1 m2 m3 y;
    USEVARIABLES ARE x1 x2 x3 m1 m2 m3 y;

  ANALYSIS:
    TYPE = RANDOM;
    ESTIMATOR = MLR;
    ALGORITHM = INTEGRATION;
    INTEGRATION = MONTECARLO;

  MODEL:
    eta1 BY x1 x2 x3;
    eta2 BY m1 m2 m3;
    eta3 | eta1 XWITH eta2;
    y ON eta1 eta2 eta3;

  OUTPUT:
    STANDARDIZED;
    TECH1;
    TECH4;





INPUT READING TERMINATED NORMALLY



Data Analysis for SEM with Latent Interaction

SUMMARY OF ANALYSIS

Number of groups                                                 1
Number of observations                                         250

Number of dependent variables                                    7
Number of independent variables                                  0
Number of continuous latent variables                            3

Observed dependent variables

  Continuous
   X1          X2          X3          M1          M2          M3
   Y

Continuous latent variables
   ETA1        ETA2        ETA3


Estimator                                                      MLR
Information matrix                                        OBSERVED
Optimization Specifications for the Quasi-Newton Algorithm for
Continuous Outcomes
  Maximum number of iterations                                 100
  Convergence criterion                                  0.100D-05
Optimization Specifications for the EM Algorithm
  Maximum number of iterations                                 500
  Convergence criteria
    Loglikelihood change                                 0.100D-02
    Relative loglikelihood change                        0.100D-05
    Derivative                                           0.100D-02
Optimization Specifications for the M step of the EM Algorithm for
Categorical Latent variables
  Number of M step iterations                                    1
  M step convergence criterion                           0.100D-02
  Basis for M step termination                           ITERATION
Optimization Specifications for the M step of the EM Algorithm for
Censored, Binary or Ordered Categorical (Ordinal), Unordered
Categorical (Nominal) and Count Outcomes
  Number of M step iterations                                    1
  M step convergence criterion                           0.100D-02
  Basis for M step termination                           ITERATION
  Maximum value for logit thresholds                            15
  Minimum value for logit thresholds                           -15
  Minimum expected cell size for chi-square              0.100D-01
Optimization algorithm                                         EMA
Integration Specifications
  Type                                                  MONTECARLO
  Number of integration points                                2000
  Dimensions of numerical integration                            2
  Adaptive quadrature                                           ON
  Monte Carlo integration seed                                   0
Cholesky                                                       OFF

Input data file(s)
  /Users/jimmy_z/desktop/Temp_Data/temp_data_395.dat
Input data format  FREE



UNIVARIATE SAMPLE STATISTICS


     UNIVARIATE HIGHER-ORDER MOMENT DESCRIPTIVE STATISTICS

         Variable/         Mean/     Skewness/   Minimum/ % with                Percentiles
        Sample Size      Variance    Kurtosis    Maximum  Min/Max      20%/60%    40%/80%    Median

     X1                    0.169      -0.027      -4.697    0.40%      -0.910     -0.213      0.079
             250.000       2.233       0.547       5.194    0.40%       0.454      1.363
     X2                    0.190      -0.107      -3.658    0.40%      -0.946     -0.089      0.302
             250.000       1.673      -0.146       3.751    0.40%       0.502      1.324
     X3                    0.008       0.098      -3.150    0.40%      -1.006     -0.276     -0.003
             250.000       1.218      -0.079       3.127    0.40%       0.226      0.931
     M1                    0.267       0.023      -5.446    0.40%      -0.975     -0.124      0.165
             250.000       2.414       0.606       5.570    0.40%       0.572      1.597
     M2                    0.080      -0.200      -3.689    0.40%      -1.144     -0.150      0.173
             250.000       1.620      -0.055       3.255    0.40%       0.373      1.174
     M3                   -0.024       0.008      -2.745    0.40%      -1.116     -0.289      0.007
             250.000       1.241      -0.537       3.458    0.40%       0.325      0.974
     Y                     0.143       0.395      -2.209    0.40%      -0.589     -0.154      0.114
             250.000       0.896       0.528       3.568    0.40%       0.359      0.878


THE MODEL ESTIMATION TERMINATED NORMALLY



MODEL FIT INFORMATION

Number of Free Parameters                       24

Loglikelihood

          H0 Value                       -2698.926
          H0 Scaling Correction Factor      1.0078
            for MLR

Information Criteria

          Akaike (AIC)                    5445.852
          Bayesian (BIC)                  5530.367
          Sample-Size Adjusted BIC        5454.285
            (n* = (n + 2) / 24)



MODEL RESULTS

                                                    Two-Tailed
                    Estimate       S.E.  Est./S.E.    P-Value

 ETA1     BY
    X1                 1.000      0.000    999.000    999.000
    X2                 0.847      0.128      6.595      0.000
    X3                 0.625      0.086      7.277      0.000

 ETA2     BY
    M1                 1.000      0.000    999.000    999.000
    M2                 0.968      0.141      6.876      0.000
    M3                 0.859      0.121      7.093      0.000

 Y          ON
    ETA1               0.268      0.068      3.962      0.000
    ETA2               0.344      0.080      4.281      0.000
    ETA3               0.304      0.089      3.423      0.001

 ETA2     WITH
    ETA1              -0.004      0.088     -0.041      0.967

 Intercepts
    X1                 0.168      0.095      1.772      0.076
    X2                 0.189      0.082      2.315      0.021
    X3                 0.007      0.070      0.102      0.919
    M1                 0.267      0.098      2.710      0.007
    M2                 0.080      0.080      0.992      0.321
    M3                -0.024      0.070     -0.344      0.731
    Y                  0.144      0.060      2.414      0.016

 Variances
    ETA1               1.071      0.212      5.044      0.000
    ETA2               0.837      0.202      4.140      0.000

 Residual Variances
    X1                 1.161      0.187      6.219      0.000
    X2                 0.905      0.138      6.574      0.000
    X3                 0.800      0.091      8.814      0.000
    M1                 1.572      0.204      7.713      0.000
    M2                 0.836      0.121      6.887      0.000
    M3                 0.623      0.092      6.744      0.000
    Y                  0.626      0.063      9.980      0.000


QUALITY OF NUMERICAL RESULTS

     Condition Number for the Information Matrix              0.773E-03
       (ratio of smallest to largest eigenvalue)


STANDARDIZED MODEL RESULTS


STDYX Standardization

                                                    Two-Tailed
                    Estimate       S.E.  Est./S.E.    P-Value

 ETA1     BY
    X1                 0.693      0.054     12.885      0.000
    X2                 0.678      0.059     11.530      0.000
    X3                 0.586      0.056     10.376      0.000

 ETA2     BY
    M1                 0.590      0.059     10.049      0.000
    M2                 0.696      0.050     13.819      0.000
    M3                 0.706      0.049     14.517      0.000

 Y          ON
    ETA1               0.295      0.068      4.371      0.000
    ETA2               0.335      0.070      4.794      0.000
    ETA3               0.307      0.074      4.155      0.000

 ETA2     WITH
    ETA1              -0.004      0.093     -0.041      0.967

 Intercepts
    X1                 0.112      0.064      1.761      0.078
    X2                 0.146      0.064      2.286      0.022
    X3                 0.006      0.063      0.102      0.919
    M1                 0.172      0.064      2.691      0.007
    M2                 0.063      0.064      0.985      0.325
    M3                -0.022      0.063     -0.344      0.731
    Y                  0.153      0.063      2.432      0.015

 Variances
    ETA1               1.000      0.000    999.000    999.000
    ETA2               1.000      0.000    999.000    999.000

 Residual Variances
    X1                 0.520      0.074      6.984      0.000
    X2                 0.541      0.080      6.789      0.000
    X3                 0.657      0.066      9.919      0.000
    M1                 0.652      0.069      9.433      0.000
    M2                 0.516      0.070      7.364      0.000
    M3                 0.502      0.069      7.312      0.000
    Y                  0.707      0.067     10.515      0.000


STDY Standardization

                                                    Two-Tailed
                    Estimate       S.E.  Est./S.E.    P-Value

 ETA1     BY
    X1                 0.693      0.054     12.885      0.000
    X2                 0.678      0.059     11.530      0.000
    X3                 0.586      0.056     10.376      0.000

 ETA2     BY
    M1                 0.590      0.059     10.049      0.000
    M2                 0.696      0.050     13.819      0.000
    M3                 0.706      0.049     14.517      0.000

 Y          ON
    ETA1               0.295      0.068      4.371      0.000
    ETA2               0.335      0.070      4.794      0.000
    ETA3               0.307      0.074      4.155      0.000

 ETA2     WITH
    ETA1              -0.004      0.093     -0.041      0.967

 Intercepts
    X1                 0.112      0.064      1.761      0.078
    X2                 0.146      0.064      2.286      0.022
    X3                 0.006      0.063      0.102      0.919
    M1                 0.172      0.064      2.691      0.007
    M2                 0.063      0.064      0.985      0.325
    M3                -0.022      0.063     -0.344      0.731
    Y                  0.153      0.063      2.432      0.015

 Variances
    ETA1               1.000      0.000    999.000    999.000
    ETA2               1.000      0.000    999.000    999.000

 Residual Variances
    X1                 0.520      0.074      6.984      0.000
    X2                 0.541      0.080      6.789      0.000
    X3                 0.657      0.066      9.919      0.000
    M1                 0.652      0.069      9.433      0.000
    M2                 0.516      0.070      7.364      0.000
    M3                 0.502      0.069      7.312      0.000
    Y                  0.707      0.067     10.515      0.000


STD Standardization

                                                    Two-Tailed
                    Estimate       S.E.  Est./S.E.    P-Value

 ETA1     BY
    X1                 1.035      0.103     10.087      0.000
    X2                 0.876      0.092      9.477      0.000
    X3                 0.647      0.075      8.579      0.000

 ETA2     BY
    M1                 0.915      0.111      8.279      0.000
    M2                 0.886      0.082     10.815      0.000
    M3                 0.786      0.065     12.079      0.000

 Y          ON
    ETA1               0.278      0.067      4.138      0.000
    ETA2               0.315      0.070      4.479      0.000
    ETA3               0.288      0.074      3.913      0.000

 ETA2     WITH
    ETA1              -0.004      0.093     -0.041      0.967

 Intercepts
    X1                 0.168      0.095      1.772      0.076
    X2                 0.189      0.082      2.315      0.021
    X3                 0.007      0.070      0.102      0.919
    M1                 0.267      0.098      2.710      0.007
    M2                 0.080      0.080      0.992      0.321
    M3                -0.024      0.070     -0.344      0.731
    Y                  0.144      0.060      2.414      0.016

 Variances
    ETA1               1.000      0.000    999.000    999.000
    ETA2               1.000      0.000    999.000    999.000

 Residual Variances
    X1                 1.161      0.187      6.219      0.000
    X2                 0.905      0.138      6.574      0.000
    X3                 0.800      0.091      8.814      0.000
    M1                 1.572      0.204      7.713      0.000
    M2                 0.836      0.121      6.887      0.000
    M3                 0.623      0.092      6.744      0.000
    Y                  0.626      0.063      9.980      0.000


R-SQUARE

    Observed                                        Two-Tailed
    Variable        Estimate       S.E.  Est./S.E.    P-Value

    X1                 0.480      0.074      6.443      0.000
    X2                 0.459      0.080      5.765      0.000
    X3                 0.343      0.066      5.188      0.000
    M1                 0.348      0.069      5.024      0.000
    M2                 0.484      0.070      6.910      0.000
    M3                 0.498      0.069      7.259      0.000
    Y                  0.293      0.067      4.351      0.000


TECHNICAL 1 OUTPUT


     PARAMETER SPECIFICATION


           NU
              X1            X2            X3            M1            M2
              ________      ________      ________      ________      ________
                    1             2             3             4             5


           NU
              M3            Y
              ________      ________
                    6             0


           LAMBDA
              ETA1          ETA2          ETA3          Y
              ________      ________      ________      ________
 X1                 0             0             0             0
 X2                 7             0             0             0
 X3                 8             0             0             0
 M1                 0             0             0             0
 M2                 0             9             0             0
 M3                 0            10             0             0
 Y                  0             0             0             0


           THETA
              X1            X2            X3            M1            M2
              ________      ________      ________      ________      ________
 X1                11
 X2                 0            12
 X3                 0             0            13
 M1                 0             0             0            14
 M2                 0             0             0             0            15
 M3                 0             0             0             0             0
 Y                  0             0             0             0             0


           THETA
              M3            Y
              ________      ________
 M3                16
 Y                  0             0


           ALPHA
              ETA1          ETA2          ETA3          Y
              ________      ________      ________      ________
                    0             0             0            17


           BETA
              ETA1          ETA2          ETA3          Y
              ________      ________      ________      ________
 ETA1               0             0             0             0
 ETA2               0             0             0             0
 ETA3               0             0             0             0
 Y                 18            19            20             0


           PSI
              ETA1          ETA2          ETA3          Y
              ________      ________      ________      ________
 ETA1              21
 ETA2              22            23
 ETA3               0             0             0
 Y                  0             0             0            24


     STARTING VALUES


           NU
              X1            X2            X3            M1            M2
              ________      ________      ________      ________      ________
                0.169         0.190         0.008         0.267         0.080


           NU
              M3            Y
              ________      ________
               -0.024         0.000


           LAMBDA
              ETA1          ETA2          ETA3          Y
              ________      ________      ________      ________
 X1             1.000         0.000         0.000         0.000
 X2             1.000         0.000         0.000         0.000
 X3             1.000         0.000         0.000         0.000
 M1             0.000         1.000         0.000         0.000
 M2             0.000         1.000         0.000         0.000
 M3             0.000         1.000         0.000         0.000
 Y              0.000         0.000         0.000         1.000


           THETA
              X1            X2            X3            M1            M2
              ________      ________      ________      ________      ________
 X1             1.117
 X2             0.000         0.836
 X3             0.000         0.000         0.609
 M1             0.000         0.000         0.000         1.207
 M2             0.000         0.000         0.000         0.000         0.810
 M3             0.000         0.000         0.000         0.000         0.000
 Y              0.000         0.000         0.000         0.000         0.000


           THETA
              M3            Y
              ________      ________
 M3             0.620
 Y              0.000         0.000


           ALPHA
              ETA1          ETA2          ETA3          Y
              ________      ________      ________      ________
                0.000         0.000         0.000         0.143


           BETA
              ETA1          ETA2          ETA3          Y
              ________      ________      ________      ________
 ETA1           0.000         0.000         0.000         0.000
 ETA2           0.000         0.000         0.000         0.000
 ETA3           0.000         0.000         0.000         0.000
 Y              0.000         0.000         0.000         0.000


           PSI
              ETA1          ETA2          ETA3          Y
              ________      ________      ________      ________
 ETA1           0.050
 ETA2           0.000         0.050
 ETA3           0.000         0.000         0.000
 Y              0.000         0.000         0.000         0.448


TECHNICAL 4 OUTPUT


     ESTIMATES DERIVED FROM THE MODEL


           ESTIMATED MEANS FOR THE LATENT VARIABLES
              ETA1          ETA2          ETA3          Y
              ________      ________      ________      ________
                0.000         0.000        -0.004         0.143


           S.E. FOR ESTIMATED MEANS FOR THE LATENT VARIABLES
              ETA1          ETA2          ETA3          Y
              ________      ________      ________      ________
                0.000         0.000         0.088         0.060


           EST./S.E. FOR ESTIMATED MEANS FOR THE LATENT VARIABLES
              ETA1          ETA2          ETA3          Y
              ________      ________      ________      ________
                0.000         0.000        -0.041         2.381


           TWO-TAILED P-VALUE FOR ESTIMATED MEANS FOR THE LATENT VARIABLES
              ETA1          ETA2          ETA3          Y
              ________      ________      ________      ________
                1.000         1.000         0.967         0.017


           ESTIMATED COVARIANCE MATRIX FOR THE LATENT VARIABLES
              ETA1          ETA2          ETA3          Y
              ________      ________      ________      ________
 ETA1           1.071
 ETA2          -0.004         0.837
 ETA3           0.000         0.000         0.897
 Y              0.286         0.287         0.273         0.884


           S.E. FOR ESTIMATED COVARIANCE MATRIX FOR THE LATENT VARIABLES
              ETA1          ETA2          ETA3          Y
              ________      ________      ________      ________
 ETA1           0.212
 ETA2           0.088         0.202
 ETA3           0.000         0.000         0.282
 Y              0.084         0.080         0.084         0.085


           EST./S.E. FOR ESTIMATED COVARIANCE MATRIX FOR THE LATENT VARIABLES
              ETA1          ETA2          ETA3          Y
              ________      ________      ________      ________
 ETA1           5.044
 ETA2          -0.041         4.140
 ETA3           0.000         0.000         3.184
 Y              3.423         3.595         3.252        10.359


           TWO-TAILED P-VALUE FOR ESTIMATED COVARIANCE MATRIX FOR THE LATENT VARIABLES
              ETA1          ETA2          ETA3          Y
              ________      ________      ________      ________
 ETA1           0.000
 ETA2           0.967         0.000
 ETA3           1.000         1.000         0.001
 Y              0.001         0.000         0.001         0.000


           ESTIMATED CORRELATION MATRIX FOR THE LATENT VARIABLES
              ETA1          ETA2          ETA3          Y
              ________      ________      ________      ________
 ETA1           1.000
 ETA2          -0.004         1.000
 ETA3           0.000         0.000         1.000
 Y              0.294         0.334         0.307         1.000


           S.E. FOR ESTIMATED CORRELATION MATRIX FOR THE LATENT VARIABLES
              ETA1          ETA2          ETA3          Y
              ________      ________      ________      ________
 ETA1           0.000
 ETA2           0.093         0.000
 ETA3           0.000         0.000         0.000
 Y              0.070         0.071         0.074         0.000


           EST./S.E. FOR ESTIMATED CORRELATION MATRIX FOR THE LATENT VARIABLES
              ETA1          ETA2          ETA3          Y
              ________      ________      ________      ________
 ETA1         999.000
 ETA2          -0.041       999.000
 ETA3           0.000         0.000       999.000
 Y              4.172         4.688         4.156       999.000


           TWO-TAILED P-VALUE FOR ESTIMATED CORRELATION MATRIX FOR THE LATENT VARIABLES
              ETA1          ETA2          ETA3          Y
              ________      ________      ________      ________
 ETA1           0.000
 ETA2           0.967         0.000
 ETA3           1.000         1.000         0.000
 Y              0.000         0.000         0.000         0.000


     Beginning Time:  23:08:26
        Ending Time:  23:09:18
       Elapsed Time:  00:00:52



MUTHEN & MUTHEN
3463 Stoner Ave.
Los Angeles, CA  90066

Tel: (310) 391-9971
Fax: (310) 391-8971
Web: www.StatModel.com
Support: Support@StatModel.com

Copyright (c) 1998-2022 Muthen & Muthen
