Mplus VERSION 8.8 (Mac)
MUTHEN & MUTHEN
08/20/2024  11:05 PM

INPUT INSTRUCTIONS

  TITLE: Data Analysis for SEM with Latent Interaction

  DATA:
    FILE = /Users/jimmy_z/desktop/Temp_Data/temp_data_382.dat;
    FORMAT = FREE;

  VARIABLE:
    NAMES ARE x1 x2 x3 m1 m2 m3 y;
    USEVARIABLES ARE x1 x2 x3 m1 m2 m3 y;

  ANALYSIS:
    TYPE = RANDOM;
    ESTIMATOR = MLR;
    ALGORITHM = INTEGRATION;
    INTEGRATION = MONTECARLO;

  MODEL:
    eta1 BY x1 x2 x3;
    eta2 BY m1 m2 m3;
    eta3 | eta1 XWITH eta2;
    y ON eta1 eta2 eta3;

  OUTPUT:
    STANDARDIZED;
    TECH1;
    TECH4;





INPUT READING TERMINATED NORMALLY



Data Analysis for SEM with Latent Interaction

SUMMARY OF ANALYSIS

Number of groups                                                 1
Number of observations                                         250

Number of dependent variables                                    7
Number of independent variables                                  0
Number of continuous latent variables                            3

Observed dependent variables

  Continuous
   X1          X2          X3          M1          M2          M3
   Y

Continuous latent variables
   ETA1        ETA2        ETA3


Estimator                                                      MLR
Information matrix                                        OBSERVED
Optimization Specifications for the Quasi-Newton Algorithm for
Continuous Outcomes
  Maximum number of iterations                                 100
  Convergence criterion                                  0.100D-05
Optimization Specifications for the EM Algorithm
  Maximum number of iterations                                 500
  Convergence criteria
    Loglikelihood change                                 0.100D-02
    Relative loglikelihood change                        0.100D-05
    Derivative                                           0.100D-02
Optimization Specifications for the M step of the EM Algorithm for
Categorical Latent variables
  Number of M step iterations                                    1
  M step convergence criterion                           0.100D-02
  Basis for M step termination                           ITERATION
Optimization Specifications for the M step of the EM Algorithm for
Censored, Binary or Ordered Categorical (Ordinal), Unordered
Categorical (Nominal) and Count Outcomes
  Number of M step iterations                                    1
  M step convergence criterion                           0.100D-02
  Basis for M step termination                           ITERATION
  Maximum value for logit thresholds                            15
  Minimum value for logit thresholds                           -15
  Minimum expected cell size for chi-square              0.100D-01
Optimization algorithm                                         EMA
Integration Specifications
  Type                                                  MONTECARLO
  Number of integration points                                2000
  Dimensions of numerical integration                            2
  Adaptive quadrature                                           ON
  Monte Carlo integration seed                                   0
Cholesky                                                       OFF

Input data file(s)
  /Users/jimmy_z/desktop/Temp_Data/temp_data_382.dat
Input data format  FREE



UNIVARIATE SAMPLE STATISTICS


     UNIVARIATE HIGHER-ORDER MOMENT DESCRIPTIVE STATISTICS

         Variable/         Mean/     Skewness/   Minimum/ % with                Percentiles
        Sample Size      Variance    Kurtosis    Maximum  Min/Max      20%/60%    40%/80%    Median

     X1                    0.160      -0.019      -4.414    0.40%      -1.170     -0.226      0.266
             250.000       2.495      -0.134       4.284    0.40%       0.587      1.379
     X2                    0.058      -0.008      -3.757    0.40%      -1.123     -0.375      0.077
             250.000       2.114      -0.179       3.945    0.40%       0.414      1.254
     X3                    0.045       0.105      -3.149    0.40%      -0.978     -0.398     -0.062
             250.000       1.474      -0.410       3.175    0.40%       0.334      1.112
     M1                    0.084       0.163      -3.993    0.40%      -1.015     -0.400      0.009
             250.000       1.910       0.269       4.501    0.40%       0.306      1.155
     M2                   -0.058      -0.046      -3.906    0.40%      -1.200     -0.445     -0.042
             250.000       1.871      -0.206       3.257    0.40%       0.296      1.158
     M3                    0.038      -0.130      -3.447    0.40%      -0.793     -0.148      0.068
             250.000       1.097       0.224       2.938    0.40%       0.310      0.923
     Y                     0.039      -0.253      -3.467    0.40%      -0.720     -0.159      0.102
             250.000       0.994       0.637       2.830    0.40%       0.275      0.811


THE MODEL ESTIMATION TERMINATED NORMALLY



MODEL FIT INFORMATION

Number of Free Parameters                       24

Loglikelihood

          H0 Value                       -2682.767
          H0 Scaling Correction Factor      1.0696
            for MLR

Information Criteria

          Akaike (AIC)                    5413.535
          Bayesian (BIC)                  5498.050
          Sample-Size Adjusted BIC        5421.968
            (n* = (n + 2) / 24)



MODEL RESULTS

                                                    Two-Tailed
                    Estimate       S.E.  Est./S.E.    P-Value

 ETA1     BY
    X1                 1.000      0.000    999.000    999.000
    X2                 0.972      0.092     10.541      0.000
    X3                 0.931      0.090     10.343      0.000

 ETA2     BY
    M1                 1.000      0.000    999.000    999.000
    M2                 0.935      0.120      7.775      0.000
    M3                 0.723      0.079      9.152      0.000

 Y          ON
    ETA1               0.315      0.066      4.751      0.000
    ETA2               0.340      0.086      3.955      0.000
    ETA3               0.220      0.111      1.981      0.048

 ETA2     WITH
    ETA1               0.015      0.098      0.151      0.880

 Intercepts
    X1                 0.160      0.100      1.593      0.111
    X2                 0.057      0.092      0.618      0.537
    X3                 0.044      0.077      0.578      0.563
    M1                 0.084      0.087      0.964      0.335
    M2                -0.058      0.086     -0.666      0.505
    M3                 0.038      0.066      0.573      0.567
    Y                  0.035      0.064      0.551      0.582

 Variances
    ETA1               1.199      0.211      5.677      0.000
    ETA2               0.987      0.190      5.184      0.000

 Residual Variances
    X1                 1.292      0.148      8.728      0.000
    X2                 0.982      0.125      7.859      0.000
    X3                 0.434      0.086      5.059      0.000
    M1                 0.925      0.139      6.653      0.000
    M2                 1.009      0.138      7.317      0.000
    M3                 0.581      0.080      7.277      0.000
    Y                  0.720      0.078      9.212      0.000


QUALITY OF NUMERICAL RESULTS

     Condition Number for the Information Matrix              0.195E-01
       (ratio of smallest to largest eigenvalue)


STANDARDIZED MODEL RESULTS


STDYX Standardization

                                                    Two-Tailed
                    Estimate       S.E.  Est./S.E.    P-Value

 ETA1     BY
    X1                 0.694      0.043     16.178      0.000
    X2                 0.732      0.040     18.179      0.000
    X3                 0.840      0.035     23.845      0.000

 ETA2     BY
    M1                 0.719      0.051     14.178      0.000
    M2                 0.679      0.050     13.520      0.000
    M3                 0.686      0.051     13.464      0.000

 Y          ON
    ETA1               0.343      0.067      5.134      0.000
    ETA2               0.336      0.073      4.615      0.000
    ETA3               0.237      0.109      2.177      0.029

 ETA2     WITH
    ETA1               0.014      0.090      0.151      0.880

 Intercepts
    X1                 0.101      0.064      1.586      0.113
    X2                 0.039      0.063      0.617      0.537
    X3                 0.037      0.063      0.579      0.563
    M1                 0.061      0.063      0.968      0.333
    M2                -0.042      0.063     -0.667      0.505
    M3                 0.036      0.063      0.571      0.568
    Y                  0.035      0.063      0.549      0.583

 Variances
    ETA1               1.000      0.000    999.000    999.000
    ETA2               1.000      0.000    999.000    999.000

 Residual Variances
    X1                 0.518      0.060      8.711      0.000
    X2                 0.464      0.059      7.883      0.000
    X3                 0.295      0.059      4.981      0.000
    M1                 0.484      0.073      6.642      0.000
    M2                 0.539      0.068      7.904      0.000
    M3                 0.530      0.070      7.585      0.000
    Y                  0.710      0.072      9.811      0.000


STDY Standardization

                                                    Two-Tailed
                    Estimate       S.E.  Est./S.E.    P-Value

 ETA1     BY
    X1                 0.694      0.043     16.178      0.000
    X2                 0.732      0.040     18.179      0.000
    X3                 0.840      0.035     23.845      0.000

 ETA2     BY
    M1                 0.719      0.051     14.178      0.000
    M2                 0.679      0.050     13.520      0.000
    M3                 0.686      0.051     13.464      0.000

 Y          ON
    ETA1               0.343      0.067      5.134      0.000
    ETA2               0.336      0.073      4.615      0.000
    ETA3               0.237      0.109      2.177      0.029

 ETA2     WITH
    ETA1               0.014      0.090      0.151      0.880

 Intercepts
    X1                 0.101      0.064      1.586      0.113
    X2                 0.039      0.063      0.617      0.537
    X3                 0.037      0.063      0.579      0.563
    M1                 0.061      0.063      0.968      0.333
    M2                -0.042      0.063     -0.667      0.505
    M3                 0.036      0.063      0.571      0.568
    Y                  0.035      0.063      0.549      0.583

 Variances
    ETA1               1.000      0.000    999.000    999.000
    ETA2               1.000      0.000    999.000    999.000

 Residual Variances
    X1                 0.518      0.060      8.711      0.000
    X2                 0.464      0.059      7.883      0.000
    X3                 0.295      0.059      4.981      0.000
    M1                 0.484      0.073      6.642      0.000
    M2                 0.539      0.068      7.904      0.000
    M3                 0.530      0.070      7.585      0.000
    Y                  0.710      0.072      9.811      0.000


STD Standardization

                                                    Two-Tailed
                    Estimate       S.E.  Est./S.E.    P-Value

 ETA1     BY
    X1                 1.095      0.096     11.354      0.000
    X2                 1.064      0.085     12.499      0.000
    X3                 1.020      0.066     15.545      0.000

 ETA2     BY
    M1                 0.993      0.096     10.368      0.000
    M2                 0.929      0.086     10.794      0.000
    M3                 0.718      0.071     10.089      0.000

 Y          ON
    ETA1               0.345      0.072      4.798      0.000
    ETA2               0.338      0.081      4.185      0.000
    ETA3               0.239      0.114      2.105      0.035

 ETA2     WITH
    ETA1               0.014      0.090      0.151      0.880

 Intercepts
    X1                 0.160      0.100      1.593      0.111
    X2                 0.057      0.092      0.618      0.537
    X3                 0.044      0.077      0.578      0.563
    M1                 0.084      0.087      0.964      0.335
    M2                -0.058      0.086     -0.666      0.505
    M3                 0.038      0.066      0.573      0.567
    Y                  0.035      0.064      0.551      0.582

 Variances
    ETA1               1.000      0.000    999.000    999.000
    ETA2               1.000      0.000    999.000    999.000

 Residual Variances
    X1                 1.292      0.148      8.728      0.000
    X2                 0.982      0.125      7.859      0.000
    X3                 0.434      0.086      5.059      0.000
    M1                 0.925      0.139      6.653      0.000
    M2                 1.009      0.138      7.317      0.000
    M3                 0.581      0.080      7.277      0.000
    Y                  0.720      0.078      9.212      0.000


R-SQUARE

    Observed                                        Two-Tailed
    Variable        Estimate       S.E.  Est./S.E.    P-Value

    X1                 0.482      0.060      8.089      0.000
    X2                 0.536      0.059      9.090      0.000
    X3                 0.705      0.059     11.923      0.000
    M1                 0.516      0.073      7.089      0.000
    M2                 0.461      0.068      6.760      0.000
    M3                 0.470      0.070      6.732      0.000
    Y                  0.290      0.072      4.009      0.000


TECHNICAL 1 OUTPUT


     PARAMETER SPECIFICATION


           NU
              X1            X2            X3            M1            M2
              ________      ________      ________      ________      ________
                    1             2             3             4             5


           NU
              M3            Y
              ________      ________
                    6             0


           LAMBDA
              ETA1          ETA2          ETA3          Y
              ________      ________      ________      ________
 X1                 0             0             0             0
 X2                 7             0             0             0
 X3                 8             0             0             0
 M1                 0             0             0             0
 M2                 0             9             0             0
 M3                 0            10             0             0
 Y                  0             0             0             0


           THETA
              X1            X2            X3            M1            M2
              ________      ________      ________      ________      ________
 X1                11
 X2                 0            12
 X3                 0             0            13
 M1                 0             0             0            14
 M2                 0             0             0             0            15
 M3                 0             0             0             0             0
 Y                  0             0             0             0             0


           THETA
              M3            Y
              ________      ________
 M3                16
 Y                  0             0


           ALPHA
              ETA1          ETA2          ETA3          Y
              ________      ________      ________      ________
                    0             0             0            17


           BETA
              ETA1          ETA2          ETA3          Y
              ________      ________      ________      ________
 ETA1               0             0             0             0
 ETA2               0             0             0             0
 ETA3               0             0             0             0
 Y                 18            19            20             0


           PSI
              ETA1          ETA2          ETA3          Y
              ________      ________      ________      ________
 ETA1              21
 ETA2              22            23
 ETA3               0             0             0
 Y                  0             0             0            24


     STARTING VALUES


           NU
              X1            X2            X3            M1            M2
              ________      ________      ________      ________      ________
                0.160         0.058         0.045         0.084        -0.058


           NU
              M3            Y
              ________      ________
                0.038         0.000


           LAMBDA
              ETA1          ETA2          ETA3          Y
              ________      ________      ________      ________
 X1             1.000         0.000         0.000         0.000
 X2             1.000         0.000         0.000         0.000
 X3             1.000         0.000         0.000         0.000
 M1             0.000         1.000         0.000         0.000
 M2             0.000         1.000         0.000         0.000
 M3             0.000         1.000         0.000         0.000
 Y              0.000         0.000         0.000         1.000


           THETA
              X1            X2            X3            M1            M2
              ________      ________      ________      ________      ________
 X1             1.248
 X2             0.000         1.057
 X3             0.000         0.000         0.737
 M1             0.000         0.000         0.000         0.955
 M2             0.000         0.000         0.000         0.000         0.936
 M3             0.000         0.000         0.000         0.000         0.000
 Y              0.000         0.000         0.000         0.000         0.000


           THETA
              M3            Y
              ________      ________
 M3             0.548
 Y              0.000         0.000


           ALPHA
              ETA1          ETA2          ETA3          Y
              ________      ________      ________      ________
                0.000         0.000         0.000         0.039


           BETA
              ETA1          ETA2          ETA3          Y
              ________      ________      ________      ________
 ETA1           0.000         0.000         0.000         0.000
 ETA2           0.000         0.000         0.000         0.000
 ETA3           0.000         0.000         0.000         0.000
 Y              0.000         0.000         0.000         0.000


           PSI
              ETA1          ETA2          ETA3          Y
              ________      ________      ________      ________
 ETA1           0.050
 ETA2           0.000         0.050
 ETA3           0.000         0.000         0.000
 Y              0.000         0.000         0.000         0.497


TECHNICAL 4 OUTPUT


     ESTIMATES DERIVED FROM THE MODEL


           ESTIMATED MEANS FOR THE LATENT VARIABLES
              ETA1          ETA2          ETA3          Y
              ________      ________      ________      ________
                0.000         0.000         0.015         0.038


           S.E. FOR ESTIMATED MEANS FOR THE LATENT VARIABLES
              ETA1          ETA2          ETA3          Y
              ________      ________      ________      ________
                0.000         0.000         0.098         0.063


           EST./S.E. FOR ESTIMATED MEANS FOR THE LATENT VARIABLES
              ETA1          ETA2          ETA3          Y
              ________      ________      ________      ________
                0.000         0.000         0.151         0.608


           TWO-TAILED P-VALUE FOR ESTIMATED MEANS FOR THE LATENT VARIABLES
              ETA1          ETA2          ETA3          Y
              ________      ________      ________      ________
                1.000         1.000         0.880         0.543


           ESTIMATED COVARIANCE MATRIX FOR THE LATENT VARIABLES
              ETA1          ETA2          ETA3          Y
              ________      ________      ________      ________
 ETA1           1.199
 ETA2           0.015         0.987
 ETA3           0.000         0.000         1.184
 Y              0.383         0.341         0.260         1.014


           S.E. FOR ESTIMATED COVARIANCE MATRIX FOR THE LATENT VARIABLES
              ETA1          ETA2          ETA3          Y
              ________      ________      ________      ________
 ETA1           0.211
 ETA2           0.098         0.190
 ETA3           0.000         0.000         0.311
 Y              0.091         0.093         0.125         0.106


           EST./S.E. FOR ESTIMATED COVARIANCE MATRIX FOR THE LATENT VARIABLES
              ETA1          ETA2          ETA3          Y
              ________      ________      ________      ________
 ETA1           5.677
 ETA2           0.151         5.184
 ETA3           0.000         0.000         3.806
 Y              4.230         3.649         2.087         9.545


           TWO-TAILED P-VALUE FOR ESTIMATED COVARIANCE MATRIX FOR THE LATENT VARIABLES
              ETA1          ETA2          ETA3          Y
              ________      ________      ________      ________
 ETA1           0.000
 ETA2           0.880         0.000
 ETA3           1.000         1.000         0.000
 Y              0.000         0.000         0.037         0.000


           ESTIMATED CORRELATION MATRIX FOR THE LATENT VARIABLES
              ETA1          ETA2          ETA3          Y
              ________      ________      ________      ________
 ETA1           1.000
 ETA2           0.014         1.000
 ETA3           0.000         0.000         1.000
 Y              0.348         0.341         0.238         1.000


           S.E. FOR ESTIMATED CORRELATION MATRIX FOR THE LATENT VARIABLES
              ETA1          ETA2          ETA3          Y
              ________      ________      ________      ________
 ETA1           0.000
 ETA2           0.090         0.000
 ETA3           0.000         0.000         0.000
 Y              0.069         0.076         0.109         0.000


           EST./S.E. FOR ESTIMATED CORRELATION MATRIX FOR THE LATENT VARIABLES
              ETA1          ETA2          ETA3          Y
              ________      ________      ________      ________
 ETA1         999.000
 ETA2           0.151       999.000
 ETA3           0.000         0.000       999.000
 Y              5.068         4.497         2.181       999.000


           TWO-TAILED P-VALUE FOR ESTIMATED CORRELATION MATRIX FOR THE LATENT VARIABLES
              ETA1          ETA2          ETA3          Y
              ________      ________      ________      ________
 ETA1           0.000
 ETA2           0.880         0.000
 ETA3           1.000         1.000         0.000
 Y              0.000         0.000         0.029         0.000


     Beginning Time:  23:05:10
        Ending Time:  23:06:20
       Elapsed Time:  00:01:10



MUTHEN & MUTHEN
3463 Stoner Ave.
Los Angeles, CA  90066

Tel: (310) 391-9971
Fax: (310) 391-8971
Web: www.StatModel.com
Support: Support@StatModel.com

Copyright (c) 1998-2022 Muthen & Muthen
