Mplus VERSION 8.8 (Mac)
MUTHEN & MUTHEN
08/20/2024  10:47 PM

INPUT INSTRUCTIONS

  TITLE: Data Analysis for SEM with Latent Interaction

  DATA:
    FILE = /Users/jimmy_z/desktop/Temp_Data/temp_data_291.dat;
    FORMAT = FREE;

  VARIABLE:
    NAMES ARE x1 x2 x3 m1 m2 m3 y;
    USEVARIABLES ARE x1 x2 x3 m1 m2 m3 y;

  ANALYSIS:
    TYPE = RANDOM;
    ESTIMATOR = MLR;
    ALGORITHM = INTEGRATION;
    INTEGRATION = MONTECARLO;

  MODEL:
    eta1 BY x1 x2 x3;
    eta2 BY m1 m2 m3;
    eta3 | eta1 XWITH eta2;
    y ON eta1 eta2 eta3;

  OUTPUT:
    STANDARDIZED;
    TECH1;
    TECH4;





INPUT READING TERMINATED NORMALLY



Data Analysis for SEM with Latent Interaction

SUMMARY OF ANALYSIS

Number of groups                                                 1
Number of observations                                         250

Number of dependent variables                                    7
Number of independent variables                                  0
Number of continuous latent variables                            3

Observed dependent variables

  Continuous
   X1          X2          X3          M1          M2          M3
   Y

Continuous latent variables
   ETA1        ETA2        ETA3


Estimator                                                      MLR
Information matrix                                        OBSERVED
Optimization Specifications for the Quasi-Newton Algorithm for
Continuous Outcomes
  Maximum number of iterations                                 100
  Convergence criterion                                  0.100D-05
Optimization Specifications for the EM Algorithm
  Maximum number of iterations                                 500
  Convergence criteria
    Loglikelihood change                                 0.100D-02
    Relative loglikelihood change                        0.100D-05
    Derivative                                           0.100D-02
Optimization Specifications for the M step of the EM Algorithm for
Categorical Latent variables
  Number of M step iterations                                    1
  M step convergence criterion                           0.100D-02
  Basis for M step termination                           ITERATION
Optimization Specifications for the M step of the EM Algorithm for
Censored, Binary or Ordered Categorical (Ordinal), Unordered
Categorical (Nominal) and Count Outcomes
  Number of M step iterations                                    1
  M step convergence criterion                           0.100D-02
  Basis for M step termination                           ITERATION
  Maximum value for logit thresholds                            15
  Minimum value for logit thresholds                           -15
  Minimum expected cell size for chi-square              0.100D-01
Optimization algorithm                                         EMA
Integration Specifications
  Type                                                  MONTECARLO
  Number of integration points                                2000
  Dimensions of numerical integration                            2
  Adaptive quadrature                                           ON
  Monte Carlo integration seed                                   0
Cholesky                                                       OFF

Input data file(s)
  /Users/jimmy_z/desktop/Temp_Data/temp_data_291.dat
Input data format  FREE



UNIVARIATE SAMPLE STATISTICS


     UNIVARIATE HIGHER-ORDER MOMENT DESCRIPTIVE STATISTICS

         Variable/         Mean/     Skewness/   Minimum/ % with                Percentiles
        Sample Size      Variance    Kurtosis    Maximum  Min/Max      20%/60%    40%/80%    Median

     X1                    0.019       0.106      -3.736    0.40%      -1.444     -0.372      0.062
             250.000       2.443      -0.364       4.703    0.40%       0.521      1.320
     X2                    0.152       0.096      -3.095    0.40%      -0.984     -0.206      0.199
             250.000       1.502      -0.192       3.433    0.40%       0.488      1.225
     X3                    0.068      -0.073      -3.291    0.40%      -0.845     -0.279      0.016
             250.000       1.282      -0.278       2.762    0.40%       0.403      1.100
     M1                    0.079      -0.057      -4.402    0.40%      -1.177     -0.356      0.040
             250.000       2.308       0.177       4.962    0.40%       0.449      1.419
     M2                    0.056       0.246      -2.895    0.40%      -1.128     -0.332     -0.044
             250.000       1.671      -0.164       3.915    0.40%       0.395      1.092
     M3                    0.100       0.028      -3.070    0.40%      -1.005     -0.264      0.111
             250.000       1.374      -0.275       3.071    0.40%       0.369      1.145
     Y                     0.121       0.244      -2.465    0.40%      -0.752     -0.143      0.063
             250.000       0.937      -0.056       3.087    0.40%       0.339      0.893


THE MODEL ESTIMATION TERMINATED NORMALLY



MODEL FIT INFORMATION

Number of Free Parameters                       24

Loglikelihood

          H0 Value                       -2755.192
          H0 Scaling Correction Factor      0.9587
            for MLR

Information Criteria

          Akaike (AIC)                    5558.383
          Bayesian (BIC)                  5642.898
          Sample-Size Adjusted BIC        5566.816
            (n* = (n + 2) / 24)



MODEL RESULTS

                                                    Two-Tailed
                    Estimate       S.E.  Est./S.E.    P-Value

 ETA1     BY
    X1                 1.000      0.000    999.000    999.000
    X2                 0.756      0.125      6.061      0.000
    X3                 0.731      0.109      6.696      0.000

 ETA2     BY
    M1                 1.000      0.000    999.000    999.000
    M2                 0.730      0.110      6.653      0.000
    M3                 0.686      0.103      6.645      0.000

 Y          ON
    ETA1               0.165      0.077      2.138      0.033
    ETA2               0.125      0.069      1.809      0.071
    ETA3               0.262      0.069      3.795      0.000

 ETA2     WITH
    ETA1               0.100      0.108      0.927      0.354

 Intercepts
    X1                 0.018      0.099      0.179      0.858
    X2                 0.151      0.078      1.949      0.051
    X3                 0.067      0.072      0.941      0.347
    M1                 0.079      0.096      0.820      0.412
    M2                 0.056      0.082      0.683      0.495
    M3                 0.100      0.074      1.347      0.178
    Y                  0.094      0.062      1.523      0.128

 Variances
    ETA1               0.978      0.222      4.401      0.000
    ETA2               1.156      0.248      4.656      0.000

 Residual Variances
    X1                 1.474      0.212      6.966      0.000
    X2                 0.943      0.122      7.755      0.000
    X3                 0.760      0.114      6.646      0.000
    M1                 1.157      0.171      6.776      0.000
    M2                 1.055      0.150      7.021      0.000
    M3                 0.830      0.104      7.953      0.000
    Y                  0.814      0.086      9.503      0.000


QUALITY OF NUMERICAL RESULTS

     Condition Number for the Information Matrix              0.190E-01
       (ratio of smallest to largest eigenvalue)


STANDARDIZED MODEL RESULTS


STDYX Standardization

                                                    Two-Tailed
                    Estimate       S.E.  Est./S.E.    P-Value

 ETA1     BY
    X1                 0.632      0.063     10.000      0.000
    X2                 0.610      0.059     10.302      0.000
    X3                 0.638      0.062     10.252      0.000

 ETA2     BY
    M1                 0.707      0.056     12.567      0.000
    M2                 0.607      0.067      9.106      0.000
    M3                 0.629      0.058     10.878      0.000

 Y          ON
    ETA1               0.168      0.073      2.297      0.022
    ETA2               0.139      0.073      1.903      0.057
    ETA3               0.288      0.074      3.871      0.000

 ETA2     WITH
    ETA1               0.094      0.099      0.949      0.343

 Intercepts
    X1                 0.011      0.063      0.179      0.858
    X2                 0.123      0.063      1.953      0.051
    X3                 0.060      0.063      0.938      0.348
    M1                 0.052      0.063      0.818      0.413
    M2                 0.043      0.063      0.687      0.492
    M3                 0.085      0.063      1.347      0.178
    Y                  0.097      0.063      1.536      0.125

 Variances
    ETA1               1.000      0.000    999.000    999.000
    ETA2               1.000      0.000    999.000    999.000

 Residual Variances
    X1                 0.601      0.080      7.534      0.000
    X2                 0.628      0.072      8.681      0.000
    X3                 0.593      0.079      7.463      0.000
    M1                 0.500      0.080      6.293      0.000
    M2                 0.631      0.081      7.790      0.000
    M3                 0.604      0.073      8.302      0.000
    Y                  0.865      0.051     16.853      0.000


STDY Standardization

                                                    Two-Tailed
                    Estimate       S.E.  Est./S.E.    P-Value

 ETA1     BY
    X1                 0.632      0.063     10.000      0.000
    X2                 0.610      0.059     10.302      0.000
    X3                 0.638      0.062     10.252      0.000

 ETA2     BY
    M1                 0.707      0.056     12.567      0.000
    M2                 0.607      0.067      9.106      0.000
    M3                 0.629      0.058     10.878      0.000

 Y          ON
    ETA1               0.168      0.073      2.297      0.022
    ETA2               0.139      0.073      1.903      0.057
    ETA3               0.288      0.074      3.871      0.000

 ETA2     WITH
    ETA1               0.094      0.099      0.949      0.343

 Intercepts
    X1                 0.011      0.063      0.179      0.858
    X2                 0.123      0.063      1.953      0.051
    X3                 0.060      0.063      0.938      0.348
    M1                 0.052      0.063      0.818      0.413
    M2                 0.043      0.063      0.687      0.492
    M3                 0.085      0.063      1.347      0.178
    Y                  0.097      0.063      1.536      0.125

 Variances
    ETA1               1.000      0.000    999.000    999.000
    ETA2               1.000      0.000    999.000    999.000

 Residual Variances
    X1                 0.601      0.080      7.534      0.000
    X2                 0.628      0.072      8.681      0.000
    X3                 0.593      0.079      7.463      0.000
    M1                 0.500      0.080      6.293      0.000
    M2                 0.631      0.081      7.790      0.000
    M3                 0.604      0.073      8.302      0.000
    Y                  0.865      0.051     16.853      0.000


STD Standardization

                                                    Two-Tailed
                    Estimate       S.E.  Est./S.E.    P-Value

 ETA1     BY
    X1                 0.989      0.112      8.802      0.000
    X2                 0.748      0.085      8.817      0.000
    X3                 0.723      0.079      9.114      0.000

 ETA2     BY
    M1                 1.075      0.115      9.313      0.000
    M2                 0.785      0.097      8.055      0.000
    M3                 0.738      0.082      9.011      0.000

 Y          ON
    ETA1               0.163      0.072      2.280      0.023
    ETA2               0.135      0.071      1.889      0.059
    ETA3               0.279      0.073      3.838      0.000

 ETA2     WITH
    ETA1               0.094      0.099      0.949      0.343

 Intercepts
    X1                 0.018      0.099      0.179      0.858
    X2                 0.151      0.078      1.949      0.051
    X3                 0.067      0.072      0.941      0.347
    M1                 0.079      0.096      0.820      0.412
    M2                 0.056      0.082      0.683      0.495
    M3                 0.100      0.074      1.347      0.178
    Y                  0.094      0.062      1.523      0.128

 Variances
    ETA1               1.000      0.000    999.000    999.000
    ETA2               1.000      0.000    999.000    999.000

 Residual Variances
    X1                 1.474      0.212      6.966      0.000
    X2                 0.943      0.122      7.755      0.000
    X3                 0.760      0.114      6.646      0.000
    M1                 1.157      0.171      6.776      0.000
    M2                 1.055      0.150      7.021      0.000
    M3                 0.830      0.104      7.953      0.000
    Y                  0.814      0.086      9.503      0.000


R-SQUARE

    Observed                                        Two-Tailed
    Variable        Estimate       S.E.  Est./S.E.    P-Value

    X1                 0.399      0.080      5.000      0.000
    X2                 0.372      0.072      5.151      0.000
    X3                 0.407      0.079      5.126      0.000
    M1                 0.500      0.080      6.284      0.000
    M2                 0.369      0.081      4.553      0.000
    M3                 0.396      0.073      5.439      0.000
    Y                  0.135      0.051      2.641      0.008


TECHNICAL 1 OUTPUT


     PARAMETER SPECIFICATION


           NU
              X1            X2            X3            M1            M2
              ________      ________      ________      ________      ________
                    1             2             3             4             5


           NU
              M3            Y
              ________      ________
                    6             0


           LAMBDA
              ETA1          ETA2          ETA3          Y
              ________      ________      ________      ________
 X1                 0             0             0             0
 X2                 7             0             0             0
 X3                 8             0             0             0
 M1                 0             0             0             0
 M2                 0             9             0             0
 M3                 0            10             0             0
 Y                  0             0             0             0


           THETA
              X1            X2            X3            M1            M2
              ________      ________      ________      ________      ________
 X1                11
 X2                 0            12
 X3                 0             0            13
 M1                 0             0             0            14
 M2                 0             0             0             0            15
 M3                 0             0             0             0             0
 Y                  0             0             0             0             0


           THETA
              M3            Y
              ________      ________
 M3                16
 Y                  0             0


           ALPHA
              ETA1          ETA2          ETA3          Y
              ________      ________      ________      ________
                    0             0             0            17


           BETA
              ETA1          ETA2          ETA3          Y
              ________      ________      ________      ________
 ETA1               0             0             0             0
 ETA2               0             0             0             0
 ETA3               0             0             0             0
 Y                 18            19            20             0


           PSI
              ETA1          ETA2          ETA3          Y
              ________      ________      ________      ________
 ETA1              21
 ETA2              22            23
 ETA3               0             0             0
 Y                  0             0             0            24


     STARTING VALUES


           NU
              X1            X2            X3            M1            M2
              ________      ________      ________      ________      ________
                0.019         0.152         0.068         0.079         0.056


           NU
              M3            Y
              ________      ________
                0.100         0.000


           LAMBDA
              ETA1          ETA2          ETA3          Y
              ________      ________      ________      ________
 X1             1.000         0.000         0.000         0.000
 X2             1.000         0.000         0.000         0.000
 X3             1.000         0.000         0.000         0.000
 M1             0.000         1.000         0.000         0.000
 M2             0.000         1.000         0.000         0.000
 M3             0.000         1.000         0.000         0.000
 Y              0.000         0.000         0.000         1.000


           THETA
              X1            X2            X3            M1            M2
              ________      ________      ________      ________      ________
 X1             1.221
 X2             0.000         0.751
 X3             0.000         0.000         0.641
 M1             0.000         0.000         0.000         1.154
 M2             0.000         0.000         0.000         0.000         0.836
 M3             0.000         0.000         0.000         0.000         0.000
 Y              0.000         0.000         0.000         0.000         0.000


           THETA
              M3            Y
              ________      ________
 M3             0.687
 Y              0.000         0.000


           ALPHA
              ETA1          ETA2          ETA3          Y
              ________      ________      ________      ________
                0.000         0.000         0.000         0.121


           BETA
              ETA1          ETA2          ETA3          Y
              ________      ________      ________      ________
 ETA1           0.000         0.000         0.000         0.000
 ETA2           0.000         0.000         0.000         0.000
 ETA3           0.000         0.000         0.000         0.000
 Y              0.000         0.000         0.000         0.000


           PSI
              ETA1          ETA2          ETA3          Y
              ________      ________      ________      ________
 ETA1           0.050
 ETA2           0.000         0.050
 ETA3           0.000         0.000         0.000
 Y              0.000         0.000         0.000         0.468


TECHNICAL 4 OUTPUT


     ESTIMATES DERIVED FROM THE MODEL


           ESTIMATED MEANS FOR THE LATENT VARIABLES
              ETA1          ETA2          ETA3          Y
              ________      ________      ________      ________
                0.000         0.000         0.100         0.121


           S.E. FOR ESTIMATED MEANS FOR THE LATENT VARIABLES
              ETA1          ETA2          ETA3          Y
              ________      ________      ________      ________
                0.000         0.000         0.108         0.061


           EST./S.E. FOR ESTIMATED MEANS FOR THE LATENT VARIABLES
              ETA1          ETA2          ETA3          Y
              ________      ________      ________      ________
                0.000         0.000         0.927         1.972


           TWO-TAILED P-VALUE FOR ESTIMATED MEANS FOR THE LATENT VARIABLES
              ETA1          ETA2          ETA3          Y
              ________      ________      ________      ________
                1.000         1.000         0.354         0.049


           ESTIMATED COVARIANCE MATRIX FOR THE LATENT VARIABLES
              ETA1          ETA2          ETA3          Y
              ________      ________      ________      ________
 ETA1           0.978
 ETA2           0.100         1.156
 ETA3           0.000         0.000         1.140
 Y              0.174         0.161         0.299         0.941


           S.E. FOR ESTIMATED COVARIANCE MATRIX FOR THE LATENT VARIABLES
              ETA1          ETA2          ETA3          Y
              ________      ________      ________      ________
 ETA1           0.222
 ETA2           0.108         0.248
 ETA3           0.000         0.000         0.343
 Y              0.071         0.077         0.100         0.082


           EST./S.E. FOR ESTIMATED COVARIANCE MATRIX FOR THE LATENT VARIABLES
              ETA1          ETA2          ETA3          Y
              ________      ________      ________      ________
 ETA1           4.401
 ETA2           0.927         4.656
 ETA3           0.000         0.000         3.323
 Y              2.445         2.099         3.002        11.464


           TWO-TAILED P-VALUE FOR ESTIMATED COVARIANCE MATRIX FOR THE LATENT VARIABLES
              ETA1          ETA2          ETA3          Y
              ________      ________      ________      ________
 ETA1           0.000
 ETA2           0.354         0.000
 ETA3           1.000         1.000         0.001
 Y              0.014         0.036         0.003         0.000


           ESTIMATED CORRELATION MATRIX FOR THE LATENT VARIABLES
              ETA1          ETA2          ETA3          Y
              ________      ________      ________      ________
 ETA1           1.000
 ETA2           0.094         1.000
 ETA3           0.000         0.000         1.000
 Y              0.182         0.155         0.289         1.000


           S.E. FOR ESTIMATED CORRELATION MATRIX FOR THE LATENT VARIABLES
              ETA1          ETA2          ETA3          Y
              ________      ________      ________      ________
 ETA1           0.000
 ETA2           0.099         0.000
 ETA3           0.000         0.000         0.000
 Y              0.073         0.073         0.074         0.000


           EST./S.E. FOR ESTIMATED CORRELATION MATRIX FOR THE LATENT VARIABLES
              ETA1          ETA2          ETA3          Y
              ________      ________      ________      ________
 ETA1         999.000
 ETA2           0.949       999.000
 ETA3           0.000         0.000       999.000
 Y              2.476         2.122         3.881       999.000


           TWO-TAILED P-VALUE FOR ESTIMATED CORRELATION MATRIX FOR THE LATENT VARIABLES
              ETA1          ETA2          ETA3          Y
              ________      ________      ________      ________
 ETA1           0.000
 ETA2           0.343         0.000
 ETA3           1.000         1.000         0.000
 Y              0.013         0.034         0.000         0.000


     Beginning Time:  22:47:18
        Ending Time:  22:48:26
       Elapsed Time:  00:01:08



MUTHEN & MUTHEN
3463 Stoner Ave.
Los Angeles, CA  90066

Tel: (310) 391-9971
Fax: (310) 391-8971
Web: www.StatModel.com
Support: Support@StatModel.com

Copyright (c) 1998-2022 Muthen & Muthen
