Mplus VERSION 8.8 (Mac)
MUTHEN & MUTHEN
08/20/2024  11:27 PM

INPUT INSTRUCTIONS

  TITLE: Data Analysis for SEM with Latent Interaction

  DATA:
    FILE = /Users/jimmy_z/desktop/Temp_Data/temp_data_3.dat;
    FORMAT = FREE;

  VARIABLE:
    NAMES ARE x1 x2 x3 m1 m2 m3 y;
    USEVARIABLES ARE x1 x2 x3 m1 m2 m3 y;

  ANALYSIS:
    TYPE = RANDOM;
    ESTIMATOR = MLR;
    ALGORITHM = INTEGRATION;
    INTEGRATION = MONTECARLO;

  MODEL:
    eta1 BY x1 x2 x3;
    eta2 BY m1 m2 m3;
    eta3 | eta1 XWITH eta2;
    y ON eta1 eta2 eta3;

  OUTPUT:
    STANDARDIZED;
    TECH1;
    TECH4;





INPUT READING TERMINATED NORMALLY



Data Analysis for SEM with Latent Interaction

SUMMARY OF ANALYSIS

Number of groups                                                 1
Number of observations                                         250

Number of dependent variables                                    7
Number of independent variables                                  0
Number of continuous latent variables                            3

Observed dependent variables

  Continuous
   X1          X2          X3          M1          M2          M3
   Y

Continuous latent variables
   ETA1        ETA2        ETA3


Estimator                                                      MLR
Information matrix                                        OBSERVED
Optimization Specifications for the Quasi-Newton Algorithm for
Continuous Outcomes
  Maximum number of iterations                                 100
  Convergence criterion                                  0.100D-05
Optimization Specifications for the EM Algorithm
  Maximum number of iterations                                 500
  Convergence criteria
    Loglikelihood change                                 0.100D-02
    Relative loglikelihood change                        0.100D-05
    Derivative                                           0.100D-02
Optimization Specifications for the M step of the EM Algorithm for
Categorical Latent variables
  Number of M step iterations                                    1
  M step convergence criterion                           0.100D-02
  Basis for M step termination                           ITERATION
Optimization Specifications for the M step of the EM Algorithm for
Censored, Binary or Ordered Categorical (Ordinal), Unordered
Categorical (Nominal) and Count Outcomes
  Number of M step iterations                                    1
  M step convergence criterion                           0.100D-02
  Basis for M step termination                           ITERATION
  Maximum value for logit thresholds                            15
  Minimum value for logit thresholds                           -15
  Minimum expected cell size for chi-square              0.100D-01
Optimization algorithm                                         EMA
Integration Specifications
  Type                                                  MONTECARLO
  Number of integration points                                2000
  Dimensions of numerical integration                            2
  Adaptive quadrature                                           ON
  Monte Carlo integration seed                                   0
Cholesky                                                       OFF

Input data file(s)
  /Users/jimmy_z/desktop/Temp_Data/temp_data_3.dat
Input data format  FREE



UNIVARIATE SAMPLE STATISTICS


     UNIVARIATE HIGHER-ORDER MOMENT DESCRIPTIVE STATISTICS

         Variable/         Mean/     Skewness/   Minimum/ % with                Percentiles
        Sample Size      Variance    Kurtosis    Maximum  Min/Max      20%/60%    40%/80%    Median

     X1                    0.090      -0.108      -3.868    0.40%      -1.130     -0.278      0.217
             250.000       1.726      -0.380       3.873    0.40%       0.557      1.254
     X2                    0.139      -0.140      -2.885    0.40%      -0.985     -0.077      0.156
             250.000       1.391      -0.487       2.778    0.40%       0.558      1.157
     X3                    0.065      -0.133      -2.596    0.40%      -0.695     -0.184      0.095
             250.000       0.877      -0.128       2.654    0.40%       0.303      0.864
     M1                    0.092       0.011      -3.770    0.40%      -1.106     -0.215      0.034
             250.000       1.636      -0.369       3.577    0.40%       0.417      1.266
     M2                    0.155      -0.005      -2.991    0.40%      -0.838     -0.146      0.270
             250.000       1.255      -0.109       2.987    0.40%       0.461      1.093
     M3                    0.035       0.158      -2.863    0.40%      -0.832     -0.290      0.032
             250.000       0.986       0.191       3.675    0.40%       0.230      0.921
     Y                     0.074       0.104      -3.578    0.40%      -0.761     -0.299      0.025
             250.000       1.068       0.323       3.212    0.40%       0.244      0.990


THE MODEL ESTIMATION TERMINATED NORMALLY



MODEL FIT INFORMATION

Number of Free Parameters                       24

Loglikelihood

          H0 Value                       -2431.373
          H0 Scaling Correction Factor      0.9845
            for MLR

Information Criteria

          Akaike (AIC)                    4910.746
          Bayesian (BIC)                  4995.261
          Sample-Size Adjusted BIC        4919.179
            (n* = (n + 2) / 24)



MODEL RESULTS

                                                    Two-Tailed
                    Estimate       S.E.  Est./S.E.    P-Value

 ETA1     BY
    X1                 1.000      0.000    999.000    999.000
    X2                 1.140      0.143      7.988      0.000
    X3                 0.866      0.104      8.294      0.000

 ETA2     BY
    M1                 1.000      0.000    999.000    999.000
    M2                 0.917      0.092      9.931      0.000
    M3                 0.797      0.083      9.591      0.000

 Y          ON
    ETA1               0.357      0.085      4.212      0.000
    ETA2               0.430      0.076      5.632      0.000
    ETA3               0.347      0.099      3.522      0.000

 ETA2     WITH
    ETA1               0.008      0.062      0.130      0.897

 Intercepts
    X1                 0.090      0.083      1.080      0.280
    X2                 0.139      0.075      1.857      0.063
    X3                 0.065      0.059      1.091      0.275
    M1                 0.092      0.081      1.144      0.253
    M2                 0.155      0.071      2.186      0.029
    M3                 0.035      0.063      0.556      0.578
    Y                  0.071      0.064      1.123      0.261

 Variances
    ETA1               0.689      0.136      5.060      0.000
    ETA2               0.838      0.138      6.074      0.000

 Residual Variances
    X1                 1.030      0.111      9.263      0.000
    X2                 0.495      0.103      4.807      0.000
    X3                 0.360      0.059      6.073      0.000
    M1                 0.799      0.091      8.817      0.000
    M2                 0.551      0.093      5.930      0.000
    M3                 0.454      0.052      8.715      0.000
    Y                  0.737      0.085      8.672      0.000


QUALITY OF NUMERICAL RESULTS

     Condition Number for the Information Matrix              0.852E-03
       (ratio of smallest to largest eigenvalue)


STANDARDIZED MODEL RESULTS


STDYX Standardization

                                                    Two-Tailed
                    Estimate       S.E.  Est./S.E.    P-Value

 ETA1     BY
    X1                 0.633      0.049     12.881      0.000
    X2                 0.803      0.047     17.004      0.000
    X3                 0.768      0.044     17.495      0.000

 ETA2     BY
    M1                 0.716      0.041     17.504      0.000
    M2                 0.749      0.046     16.329      0.000
    M3                 0.734      0.042     17.315      0.000

 Y          ON
    ETA1               0.289      0.058      4.988      0.000
    ETA2               0.384      0.056      6.815      0.000
    ETA3               0.257      0.065      3.974      0.000

 ETA2     WITH
    ETA1               0.011      0.082      0.130      0.897

 Intercepts
    X1                 0.069      0.064      1.074      0.283
    X2                 0.118      0.064      1.838      0.066
    X3                 0.069      0.064      1.085      0.278
    M1                 0.072      0.063      1.143      0.253
    M2                 0.138      0.064      2.176      0.030
    M3                 0.035      0.063      0.558      0.577
    Y                  0.070      0.062      1.120      0.263

 Variances
    ETA1               1.000      0.000    999.000    999.000
    ETA2               1.000      0.000    999.000    999.000

 Residual Variances
    X1                 0.599      0.062      9.629      0.000
    X2                 0.356      0.076      4.692      0.000
    X3                 0.410      0.067      6.086      0.000
    M1                 0.488      0.058      8.342      0.000
    M2                 0.439      0.069      6.389      0.000
    M3                 0.461      0.062      7.397      0.000
    Y                  0.701      0.057     12.231      0.000


STDY Standardization

                                                    Two-Tailed
                    Estimate       S.E.  Est./S.E.    P-Value

 ETA1     BY
    X1                 0.633      0.049     12.881      0.000
    X2                 0.803      0.047     17.004      0.000
    X3                 0.768      0.044     17.495      0.000

 ETA2     BY
    M1                 0.716      0.041     17.504      0.000
    M2                 0.749      0.046     16.329      0.000
    M3                 0.734      0.042     17.315      0.000

 Y          ON
    ETA1               0.289      0.058      4.988      0.000
    ETA2               0.384      0.056      6.815      0.000
    ETA3               0.257      0.065      3.974      0.000

 ETA2     WITH
    ETA1               0.011      0.082      0.130      0.897

 Intercepts
    X1                 0.069      0.064      1.074      0.283
    X2                 0.118      0.064      1.838      0.066
    X3                 0.069      0.064      1.085      0.278
    M1                 0.072      0.063      1.143      0.253
    M2                 0.138      0.064      2.176      0.030
    M3                 0.035      0.063      0.558      0.577
    Y                  0.070      0.062      1.120      0.263

 Variances
    ETA1               1.000      0.000    999.000    999.000
    ETA2               1.000      0.000    999.000    999.000

 Residual Variances
    X1                 0.599      0.062      9.629      0.000
    X2                 0.356      0.076      4.692      0.000
    X3                 0.410      0.067      6.086      0.000
    M1                 0.488      0.058      8.342      0.000
    M2                 0.439      0.069      6.389      0.000
    M3                 0.461      0.062      7.397      0.000
    Y                  0.701      0.057     12.231      0.000


STD Standardization

                                                    Two-Tailed
                    Estimate       S.E.  Est./S.E.    P-Value

 ETA1     BY
    X1                 0.830      0.082     10.120      0.000
    X2                 0.947      0.074     12.803      0.000
    X3                 0.719      0.058     12.481      0.000

 ETA2     BY
    M1                 0.915      0.075     12.149      0.000
    M2                 0.839      0.067     12.548      0.000
    M3                 0.729      0.067     10.853      0.000

 Y          ON
    ETA1               0.297      0.064      4.618      0.000
    ETA2               0.394      0.063      6.281      0.000
    ETA3               0.264      0.064      4.094      0.000

 ETA2     WITH
    ETA1               0.011      0.082      0.130      0.897

 Intercepts
    X1                 0.090      0.083      1.080      0.280
    X2                 0.139      0.075      1.857      0.063
    X3                 0.065      0.059      1.091      0.275
    M1                 0.092      0.081      1.144      0.253
    M2                 0.155      0.071      2.186      0.029
    M3                 0.035      0.063      0.556      0.578
    Y                  0.071      0.064      1.123      0.261

 Variances
    ETA1               1.000      0.000    999.000    999.000
    ETA2               1.000      0.000    999.000    999.000

 Residual Variances
    X1                 1.030      0.111      9.263      0.000
    X2                 0.495      0.103      4.807      0.000
    X3                 0.360      0.059      6.073      0.000
    M1                 0.799      0.091      8.817      0.000
    M2                 0.551      0.093      5.930      0.000
    M3                 0.454      0.052      8.715      0.000
    Y                  0.737      0.085      8.672      0.000


R-SQUARE

    Observed                                        Two-Tailed
    Variable        Estimate       S.E.  Est./S.E.    P-Value

    X1                 0.401      0.062      6.440      0.000
    X2                 0.644      0.076      8.502      0.000
    X3                 0.590      0.067      8.748      0.000
    M1                 0.512      0.058      8.752      0.000
    M2                 0.561      0.069      8.165      0.000
    M3                 0.539      0.062      8.657      0.000
    Y                  0.299      0.057      5.228      0.000


TECHNICAL 1 OUTPUT


     PARAMETER SPECIFICATION


           NU
              X1            X2            X3            M1            M2
              ________      ________      ________      ________      ________
                    1             2             3             4             5


           NU
              M3            Y
              ________      ________
                    6             0


           LAMBDA
              ETA1          ETA2          ETA3          Y
              ________      ________      ________      ________
 X1                 0             0             0             0
 X2                 7             0             0             0
 X3                 8             0             0             0
 M1                 0             0             0             0
 M2                 0             9             0             0
 M3                 0            10             0             0
 Y                  0             0             0             0


           THETA
              X1            X2            X3            M1            M2
              ________      ________      ________      ________      ________
 X1                11
 X2                 0            12
 X3                 0             0            13
 M1                 0             0             0            14
 M2                 0             0             0             0            15
 M3                 0             0             0             0             0
 Y                  0             0             0             0             0


           THETA
              M3            Y
              ________      ________
 M3                16
 Y                  0             0


           ALPHA
              ETA1          ETA2          ETA3          Y
              ________      ________      ________      ________
                    0             0             0            17


           BETA
              ETA1          ETA2          ETA3          Y
              ________      ________      ________      ________
 ETA1               0             0             0             0
 ETA2               0             0             0             0
 ETA3               0             0             0             0
 Y                 18            19            20             0


           PSI
              ETA1          ETA2          ETA3          Y
              ________      ________      ________      ________
 ETA1              21
 ETA2              22            23
 ETA3               0             0             0
 Y                  0             0             0            24


     STARTING VALUES


           NU
              X1            X2            X3            M1            M2
              ________      ________      ________      ________      ________
                0.090         0.139         0.065         0.092         0.155


           NU
              M3            Y
              ________      ________
                0.035         0.000


           LAMBDA
              ETA1          ETA2          ETA3          Y
              ________      ________      ________      ________
 X1             1.000         0.000         0.000         0.000
 X2             1.000         0.000         0.000         0.000
 X3             1.000         0.000         0.000         0.000
 M1             0.000         1.000         0.000         0.000
 M2             0.000         1.000         0.000         0.000
 M3             0.000         1.000         0.000         0.000
 Y              0.000         0.000         0.000         1.000


           THETA
              X1            X2            X3            M1            M2
              ________      ________      ________      ________      ________
 X1             0.863
 X2             0.000         0.695
 X3             0.000         0.000         0.438
 M1             0.000         0.000         0.000         0.818
 M2             0.000         0.000         0.000         0.000         0.628
 M3             0.000         0.000         0.000         0.000         0.000
 Y              0.000         0.000         0.000         0.000         0.000


           THETA
              M3            Y
              ________      ________
 M3             0.493
 Y              0.000         0.000


           ALPHA
              ETA1          ETA2          ETA3          Y
              ________      ________      ________      ________
                0.000         0.000         0.000         0.074


           BETA
              ETA1          ETA2          ETA3          Y
              ________      ________      ________      ________
 ETA1           0.000         0.000         0.000         0.000
 ETA2           0.000         0.000         0.000         0.000
 ETA3           0.000         0.000         0.000         0.000
 Y              0.000         0.000         0.000         0.000


           PSI
              ETA1          ETA2          ETA3          Y
              ________      ________      ________      ________
 ETA1           0.050
 ETA2           0.000         0.050
 ETA3           0.000         0.000         0.000
 Y              0.000         0.000         0.000         0.534


TECHNICAL 4 OUTPUT


     ESTIMATES DERIVED FROM THE MODEL


           ESTIMATED MEANS FOR THE LATENT VARIABLES
              ETA1          ETA2          ETA3          Y
              ________      ________      ________      ________
                0.000         0.000         0.008         0.074


           S.E. FOR ESTIMATED MEANS FOR THE LATENT VARIABLES
              ETA1          ETA2          ETA3          Y
              ________      ________      ________      ________
                0.000         0.000         0.062         0.065


           EST./S.E. FOR ESTIMATED MEANS FOR THE LATENT VARIABLES
              ETA1          ETA2          ETA3          Y
              ________      ________      ________      ________
                0.000         0.000         0.130         1.136


           TWO-TAILED P-VALUE FOR ESTIMATED MEANS FOR THE LATENT VARIABLES
              ETA1          ETA2          ETA3          Y
              ________      ________      ________      ________
                1.000         1.000         0.897         0.256


           ESTIMATED COVARIANCE MATRIX FOR THE LATENT VARIABLES
              ETA1          ETA2          ETA3          Y
              ________      ________      ________      ________
 ETA1           0.689
 ETA2           0.008         0.838
 ETA3           0.000         0.000         0.577
 Y              0.250         0.363         0.200         1.052


           S.E. FOR ESTIMATED COVARIANCE MATRIX FOR THE LATENT VARIABLES
              ETA1          ETA2          ETA3          Y
              ________      ________      ________      ________
 ETA1           0.136
 ETA2           0.062         0.138
 ETA3           0.000         0.000         0.153
 Y              0.065         0.072         0.054         0.100


           EST./S.E. FOR ESTIMATED COVARIANCE MATRIX FOR THE LATENT VARIABLES
              ETA1          ETA2          ETA3          Y
              ________      ________      ________      ________
 ETA1           5.060
 ETA2           0.130         6.074
 ETA3           0.000         0.000         3.780
 Y              3.814         5.057         3.686        10.529


           TWO-TAILED P-VALUE FOR ESTIMATED COVARIANCE MATRIX FOR THE LATENT VARIABLES
              ETA1          ETA2          ETA3          Y
              ________      ________      ________      ________
 ETA1           0.000
 ETA2           0.897         0.000
 ETA3           1.000         1.000         0.000
 Y              0.000         0.000         0.000         0.000


           ESTIMATED CORRELATION MATRIX FOR THE LATENT VARIABLES
              ETA1          ETA2          ETA3          Y
              ________      ________      ________      ________
 ETA1           1.000
 ETA2           0.011         1.000
 ETA3           0.000         0.000         1.000
 Y              0.293         0.387         0.257         1.000


           S.E. FOR ESTIMATED CORRELATION MATRIX FOR THE LATENT VARIABLES
              ETA1          ETA2          ETA3          Y
              ________      ________      ________      ________
 ETA1           0.000
 ETA2           0.082         0.000
 ETA3           0.000         0.000         0.000
 Y              0.065         0.062         0.065         0.000


           EST./S.E. FOR ESTIMATED CORRELATION MATRIX FOR THE LATENT VARIABLES
              ETA1          ETA2          ETA3          Y
              ________      ________      ________      ________
 ETA1         999.000
 ETA2           0.130       999.000
 ETA3           0.000         0.000       999.000
 Y              4.490         6.281         3.976       999.000


           TWO-TAILED P-VALUE FOR ESTIMATED CORRELATION MATRIX FOR THE LATENT VARIABLES
              ETA1          ETA2          ETA3          Y
              ________      ________      ________      ________
 ETA1           0.000
 ETA2           0.897         0.000
 ETA3           1.000         1.000         0.000
 Y              0.000         0.000         0.000         0.000


     Beginning Time:  23:27:36
        Ending Time:  23:28:22
       Elapsed Time:  00:00:46



MUTHEN & MUTHEN
3463 Stoner Ave.
Los Angeles, CA  90066

Tel: (310) 391-9971
Fax: (310) 391-8971
Web: www.StatModel.com
Support: Support@StatModel.com

Copyright (c) 1998-2022 Muthen & Muthen
