Mplus VERSION 8.8 (Mac)
MUTHEN & MUTHEN
08/20/2024  10:49 PM

INPUT INSTRUCTIONS

  TITLE: Data Analysis for SEM with Latent Interaction

  DATA:
    FILE = /Users/jimmy_z/desktop/Temp_Data/temp_data_304.dat;
    FORMAT = FREE;

  VARIABLE:
    NAMES ARE x1 x2 x3 m1 m2 m3 y;
    USEVARIABLES ARE x1 x2 x3 m1 m2 m3 y;

  ANALYSIS:
    TYPE = RANDOM;
    ESTIMATOR = MLR;
    ALGORITHM = INTEGRATION;
    INTEGRATION = MONTECARLO;

  MODEL:
    eta1 BY x1 x2 x3;
    eta2 BY m1 m2 m3;
    eta3 | eta1 XWITH eta2;
    y ON eta1 eta2 eta3;

  OUTPUT:
    STANDARDIZED;
    TECH1;
    TECH4;





INPUT READING TERMINATED NORMALLY



Data Analysis for SEM with Latent Interaction

SUMMARY OF ANALYSIS

Number of groups                                                 1
Number of observations                                         250

Number of dependent variables                                    7
Number of independent variables                                  0
Number of continuous latent variables                            3

Observed dependent variables

  Continuous
   X1          X2          X3          M1          M2          M3
   Y

Continuous latent variables
   ETA1        ETA2        ETA3


Estimator                                                      MLR
Information matrix                                        OBSERVED
Optimization Specifications for the Quasi-Newton Algorithm for
Continuous Outcomes
  Maximum number of iterations                                 100
  Convergence criterion                                  0.100D-05
Optimization Specifications for the EM Algorithm
  Maximum number of iterations                                 500
  Convergence criteria
    Loglikelihood change                                 0.100D-02
    Relative loglikelihood change                        0.100D-05
    Derivative                                           0.100D-02
Optimization Specifications for the M step of the EM Algorithm for
Categorical Latent variables
  Number of M step iterations                                    1
  M step convergence criterion                           0.100D-02
  Basis for M step termination                           ITERATION
Optimization Specifications for the M step of the EM Algorithm for
Censored, Binary or Ordered Categorical (Ordinal), Unordered
Categorical (Nominal) and Count Outcomes
  Number of M step iterations                                    1
  M step convergence criterion                           0.100D-02
  Basis for M step termination                           ITERATION
  Maximum value for logit thresholds                            15
  Minimum value for logit thresholds                           -15
  Minimum expected cell size for chi-square              0.100D-01
Optimization algorithm                                         EMA
Integration Specifications
  Type                                                  MONTECARLO
  Number of integration points                                2000
  Dimensions of numerical integration                            2
  Adaptive quadrature                                           ON
  Monte Carlo integration seed                                   0
Cholesky                                                       OFF

Input data file(s)
  /Users/jimmy_z/desktop/Temp_Data/temp_data_304.dat
Input data format  FREE



UNIVARIATE SAMPLE STATISTICS


     UNIVARIATE HIGHER-ORDER MOMENT DESCRIPTIVE STATISTICS

         Variable/         Mean/     Skewness/   Minimum/ % with                Percentiles
        Sample Size      Variance    Kurtosis    Maximum  Min/Max      20%/60%    40%/80%    Median

     X1                    0.080       0.004      -3.812    0.40%      -1.217     -0.325      0.105
             250.000       2.222      -0.263       4.158    0.40%       0.479      1.328
     X2                   -0.027       0.227      -4.324    0.40%      -1.205     -0.395     -0.100
             250.000       1.965       0.611       4.689    0.40%       0.155      1.157
     X3                    0.081       0.070      -2.569    0.40%      -0.889     -0.208      0.062
             250.000       1.053      -0.327       3.173    0.40%       0.318      0.997
     M1                   -0.037       0.094      -3.945    0.40%      -1.393     -0.471      0.023
             250.000       2.302      -0.259       4.745    0.40%       0.405      1.166
     M2                    0.155      -0.218      -3.241    0.40%      -1.191     -0.180      0.299
             250.000       1.861      -0.564       3.681    0.40%       0.610      1.416
     M3                    0.033      -0.019      -3.003    0.40%      -0.817     -0.278      0.036
             250.000       1.096       0.217       3.290    0.40%       0.254      0.872
     Y                     0.146       0.291      -2.778    0.40%      -0.640     -0.125      0.074
             250.000       0.997       0.299       2.962    0.40%       0.307      0.946


THE MODEL ESTIMATION TERMINATED NORMALLY



MODEL FIT INFORMATION

Number of Free Parameters                       24

Loglikelihood

          H0 Value                       -2712.623
          H0 Scaling Correction Factor      1.0180
            for MLR

Information Criteria

          Akaike (AIC)                    5473.245
          Bayesian (BIC)                  5557.760
          Sample-Size Adjusted BIC        5481.678
            (n* = (n + 2) / 24)



MODEL RESULTS

                                                    Two-Tailed
                    Estimate       S.E.  Est./S.E.    P-Value

 ETA1     BY
    X1                 1.000      0.000    999.000    999.000
    X2                 0.998      0.127      7.838      0.000
    X3                 0.685      0.113      6.065      0.000

 ETA2     BY
    M1                 1.000      0.000    999.000    999.000
    M2                 0.876      0.148      5.904      0.000
    M3                 0.668      0.111      6.000      0.000

 Y          ON
    ETA1               0.306      0.074      4.145      0.000
    ETA2               0.280      0.080      3.490      0.000
    ETA3               0.235      0.083      2.814      0.005

 ETA2     WITH
    ETA1               0.132      0.102      1.295      0.195

 Intercepts
    X1                 0.080      0.095      0.846      0.397
    X2                -0.027      0.089     -0.306      0.760
    X3                 0.081      0.065      1.246      0.213
    M1                -0.037      0.096     -0.381      0.703
    M2                 0.155      0.086      1.801      0.072
    M3                 0.034      0.066      0.509      0.610
    Y                  0.115      0.063      1.837      0.066

 Variances
    ETA1               0.977      0.198      4.934      0.000
    ETA2               0.983      0.218      4.517      0.000

 Residual Variances
    X1                 1.241      0.174      7.122      0.000
    X2                 0.992      0.147      6.767      0.000
    X3                 0.594      0.087      6.809      0.000
    M1                 1.316      0.213      6.173      0.000
    M2                 1.106      0.161      6.890      0.000
    M3                 0.657      0.083      7.924      0.000
    Y                  0.747      0.075     10.001      0.000


QUALITY OF NUMERICAL RESULTS

     Condition Number for the Information Matrix              0.255E-01
       (ratio of smallest to largest eigenvalue)


STANDARDIZED MODEL RESULTS


STDYX Standardization

                                                    Two-Tailed
                    Estimate       S.E.  Est./S.E.    P-Value

 ETA1     BY
    X1                 0.664      0.056     11.898      0.000
    X2                 0.704      0.057     12.315      0.000
    X3                 0.660      0.062     10.692      0.000

 ETA2     BY
    M1                 0.654      0.065     10.137      0.000
    M2                 0.637      0.067      9.449      0.000
    M3                 0.633      0.056     11.282      0.000

 Y          ON
    ETA1               0.304      0.063      4.829      0.000
    ETA2               0.279      0.071      3.953      0.000
    ETA3               0.231      0.073      3.147      0.002

 ETA2     WITH
    ETA1               0.134      0.105      1.277      0.201

 Intercepts
    X1                 0.054      0.064      0.846      0.398
    X2                -0.019      0.064     -0.305      0.760
    X3                 0.079      0.063      1.248      0.212
    M1                -0.024      0.063     -0.380      0.704
    M2                 0.114      0.064      1.775      0.076
    M3                 0.032      0.063      0.509      0.611
    Y                  0.116      0.063      1.840      0.066

 Variances
    ETA1               1.000      0.000    999.000    999.000
    ETA2               1.000      0.000    999.000    999.000

 Residual Variances
    X1                 0.559      0.074      7.550      0.000
    X2                 0.504      0.080      6.269      0.000
    X3                 0.565      0.081      6.932      0.000
    M1                 0.572      0.084      6.783      0.000
    M2                 0.594      0.086      6.919      0.000
    M3                 0.600      0.071      8.446      0.000
    Y                  0.753      0.063     11.969      0.000


STDY Standardization

                                                    Two-Tailed
                    Estimate       S.E.  Est./S.E.    P-Value

 ETA1     BY
    X1                 0.664      0.056     11.898      0.000
    X2                 0.704      0.057     12.315      0.000
    X3                 0.660      0.062     10.692      0.000

 ETA2     BY
    M1                 0.654      0.065     10.137      0.000
    M2                 0.637      0.067      9.449      0.000
    M3                 0.633      0.056     11.282      0.000

 Y          ON
    ETA1               0.304      0.063      4.829      0.000
    ETA2               0.279      0.071      3.953      0.000
    ETA3               0.231      0.073      3.147      0.002

 ETA2     WITH
    ETA1               0.134      0.105      1.277      0.201

 Intercepts
    X1                 0.054      0.064      0.846      0.398
    X2                -0.019      0.064     -0.305      0.760
    X3                 0.079      0.063      1.248      0.212
    M1                -0.024      0.063     -0.380      0.704
    M2                 0.114      0.064      1.775      0.076
    M3                 0.032      0.063      0.509      0.611
    Y                  0.116      0.063      1.840      0.066

 Variances
    ETA1               1.000      0.000    999.000    999.000
    ETA2               1.000      0.000    999.000    999.000

 Residual Variances
    X1                 0.559      0.074      7.550      0.000
    X2                 0.504      0.080      6.269      0.000
    X3                 0.565      0.081      6.932      0.000
    M1                 0.572      0.084      6.783      0.000
    M2                 0.594      0.086      6.919      0.000
    M3                 0.600      0.071      8.446      0.000
    Y                  0.753      0.063     11.969      0.000


STD Standardization

                                                    Two-Tailed
                    Estimate       S.E.  Est./S.E.    P-Value

 ETA1     BY
    X1                 0.989      0.100      9.867      0.000
    X2                 0.987      0.112      8.848      0.000
    X3                 0.677      0.075      9.001      0.000

 ETA2     BY
    M1                 0.992      0.110      9.034      0.000
    M2                 0.869      0.105      8.255      0.000
    M3                 0.662      0.075      8.881      0.000

 Y          ON
    ETA1               0.302      0.065      4.659      0.000
    ETA2               0.278      0.075      3.697      0.000
    ETA3               0.230      0.075      3.057      0.002

 ETA2     WITH
    ETA1               0.134      0.105      1.277      0.201

 Intercepts
    X1                 0.080      0.095      0.846      0.397
    X2                -0.027      0.089     -0.306      0.760
    X3                 0.081      0.065      1.246      0.213
    M1                -0.037      0.096     -0.381      0.703
    M2                 0.155      0.086      1.801      0.072
    M3                 0.034      0.066      0.509      0.610
    Y                  0.115      0.063      1.837      0.066

 Variances
    ETA1               1.000      0.000    999.000    999.000
    ETA2               1.000      0.000    999.000    999.000

 Residual Variances
    X1                 1.241      0.174      7.122      0.000
    X2                 0.992      0.147      6.767      0.000
    X3                 0.594      0.087      6.809      0.000
    M1                 1.316      0.213      6.173      0.000
    M2                 1.106      0.161      6.890      0.000
    M3                 0.657      0.083      7.924      0.000
    Y                  0.747      0.075     10.001      0.000


R-SQUARE

    Observed                                        Two-Tailed
    Variable        Estimate       S.E.  Est./S.E.    P-Value

    X1                 0.441      0.074      5.949      0.000
    X2                 0.496      0.080      6.157      0.000
    X3                 0.435      0.081      5.346      0.000
    M1                 0.428      0.084      5.068      0.000
    M2                 0.406      0.086      4.724      0.000
    M3                 0.400      0.071      5.641      0.000
    Y                  0.247      0.063      3.929      0.000


TECHNICAL 1 OUTPUT


     PARAMETER SPECIFICATION


           NU
              X1            X2            X3            M1            M2
              ________      ________      ________      ________      ________
                    1             2             3             4             5


           NU
              M3            Y
              ________      ________
                    6             0


           LAMBDA
              ETA1          ETA2          ETA3          Y
              ________      ________      ________      ________
 X1                 0             0             0             0
 X2                 7             0             0             0
 X3                 8             0             0             0
 M1                 0             0             0             0
 M2                 0             9             0             0
 M3                 0            10             0             0
 Y                  0             0             0             0


           THETA
              X1            X2            X3            M1            M2
              ________      ________      ________      ________      ________
 X1                11
 X2                 0            12
 X3                 0             0            13
 M1                 0             0             0            14
 M2                 0             0             0             0            15
 M3                 0             0             0             0             0
 Y                  0             0             0             0             0


           THETA
              M3            Y
              ________      ________
 M3                16
 Y                  0             0


           ALPHA
              ETA1          ETA2          ETA3          Y
              ________      ________      ________      ________
                    0             0             0            17


           BETA
              ETA1          ETA2          ETA3          Y
              ________      ________      ________      ________
 ETA1               0             0             0             0
 ETA2               0             0             0             0
 ETA3               0             0             0             0
 Y                 18            19            20             0


           PSI
              ETA1          ETA2          ETA3          Y
              ________      ________      ________      ________
 ETA1              21
 ETA2              22            23
 ETA3               0             0             0
 Y                  0             0             0            24


     STARTING VALUES


           NU
              X1            X2            X3            M1            M2
              ________      ________      ________      ________      ________
                0.080        -0.027         0.081        -0.037         0.155


           NU
              M3            Y
              ________      ________
                0.033         0.000


           LAMBDA
              ETA1          ETA2          ETA3          Y
              ________      ________      ________      ________
 X1             1.000         0.000         0.000         0.000
 X2             1.000         0.000         0.000         0.000
 X3             1.000         0.000         0.000         0.000
 M1             0.000         1.000         0.000         0.000
 M2             0.000         1.000         0.000         0.000
 M3             0.000         1.000         0.000         0.000
 Y              0.000         0.000         0.000         1.000


           THETA
              X1            X2            X3            M1            M2
              ________      ________      ________      ________      ________
 X1             1.111
 X2             0.000         0.983
 X3             0.000         0.000         0.526
 M1             0.000         0.000         0.000         1.151
 M2             0.000         0.000         0.000         0.000         0.931
 M3             0.000         0.000         0.000         0.000         0.000
 Y              0.000         0.000         0.000         0.000         0.000


           THETA
              M3            Y
              ________      ________
 M3             0.548
 Y              0.000         0.000


           ALPHA
              ETA1          ETA2          ETA3          Y
              ________      ________      ________      ________
                0.000         0.000         0.000         0.146


           BETA
              ETA1          ETA2          ETA3          Y
              ________      ________      ________      ________
 ETA1           0.000         0.000         0.000         0.000
 ETA2           0.000         0.000         0.000         0.000
 ETA3           0.000         0.000         0.000         0.000
 Y              0.000         0.000         0.000         0.000


           PSI
              ETA1          ETA2          ETA3          Y
              ________      ________      ________      ________
 ETA1           0.050
 ETA2           0.000         0.050
 ETA3           0.000         0.000         0.000
 Y              0.000         0.000         0.000         0.498


TECHNICAL 4 OUTPUT


     ESTIMATES DERIVED FROM THE MODEL


           ESTIMATED MEANS FOR THE LATENT VARIABLES
              ETA1          ETA2          ETA3          Y
              ________      ________      ________      ________
                0.000         0.000         0.132         0.146


           S.E. FOR ESTIMATED MEANS FOR THE LATENT VARIABLES
              ETA1          ETA2          ETA3          Y
              ________      ________      ________      ________
                0.000         0.000         0.102         0.063


           EST./S.E. FOR ESTIMATED MEANS FOR THE LATENT VARIABLES
              ETA1          ETA2          ETA3          Y
              ________      ________      ________      ________
                0.000         0.000         1.295         2.315


           TWO-TAILED P-VALUE FOR ESTIMATED MEANS FOR THE LATENT VARIABLES
              ETA1          ETA2          ETA3          Y
              ________      ________      ________      ________
                1.000         1.000         0.195         0.021


           ESTIMATED COVARIANCE MATRIX FOR THE LATENT VARIABLES
              ETA1          ETA2          ETA3          Y
              ________      ________      ________      ________
 ETA1           0.977
 ETA2           0.132         0.983
 ETA3           0.000         0.000         0.978
 Y              0.336         0.316         0.230         0.992


           S.E. FOR ESTIMATED COVARIANCE MATRIX FOR THE LATENT VARIABLES
              ETA1          ETA2          ETA3          Y
              ________      ________      ________      ________
 ETA1           0.198
 ETA2           0.102         0.218
 ETA3           0.000         0.000         0.304
 Y              0.075         0.087         0.086         0.095


           EST./S.E. FOR ESTIMATED COVARIANCE MATRIX FOR THE LATENT VARIABLES
              ETA1          ETA2          ETA3          Y
              ________      ________      ________      ________
 ETA1           4.934
 ETA2           1.295         4.517
 ETA3           0.000         0.000         3.219
 Y              4.472         3.634         2.671        10.489


           TWO-TAILED P-VALUE FOR ESTIMATED COVARIANCE MATRIX FOR THE LATENT VARIABLES
              ETA1          ETA2          ETA3          Y
              ________      ________      ________      ________
 ETA1           0.000
 ETA2           0.195         0.000
 ETA3           1.000         1.000         0.001
 Y              0.000         0.000         0.008         0.000


           ESTIMATED CORRELATION MATRIX FOR THE LATENT VARIABLES
              ETA1          ETA2          ETA3          Y
              ________      ________      ________      ________
 ETA1           1.000
 ETA2           0.134         1.000
 ETA3           0.000         0.000         1.000
 Y              0.341         0.320         0.233         1.000


           S.E. FOR ESTIMATED CORRELATION MATRIX FOR THE LATENT VARIABLES
              ETA1          ETA2          ETA3          Y
              ________      ________      ________      ________
 ETA1           0.000
 ETA2           0.105         0.000
 ETA3           0.000         0.000         0.000
 Y              0.069         0.070         0.075         0.000


           EST./S.E. FOR ESTIMATED CORRELATION MATRIX FOR THE LATENT VARIABLES
              ETA1          ETA2          ETA3          Y
              ________      ________      ________      ________
 ETA1         999.000
 ETA2           1.277       999.000
 ETA3           0.000         0.000       999.000
 Y              4.972         4.563         3.120       999.000


           TWO-TAILED P-VALUE FOR ESTIMATED CORRELATION MATRIX FOR THE LATENT VARIABLES
              ETA1          ETA2          ETA3          Y
              ________      ________      ________      ________
 ETA1           0.000
 ETA2           0.201         0.000
 ETA3           1.000         1.000         0.000
 Y              0.000         0.000         0.002         0.000


     Beginning Time:  22:49:35
        Ending Time:  22:50:33
       Elapsed Time:  00:00:58



MUTHEN & MUTHEN
3463 Stoner Ave.
Los Angeles, CA  90066

Tel: (310) 391-9971
Fax: (310) 391-8971
Web: www.StatModel.com
Support: Support@StatModel.com

Copyright (c) 1998-2022 Muthen & Muthen
