Mplus VERSION 8.8 (Mac)
MUTHEN & MUTHEN
08/20/2024  11:25 PM

INPUT INSTRUCTIONS

  TITLE: Data Analysis for SEM with Latent Interaction

  DATA:
    FILE = /Users/jimmy_z/desktop/Temp_Data/temp_data_498.dat;
    FORMAT = FREE;

  VARIABLE:
    NAMES ARE x1 x2 x3 m1 m2 m3 y;
    USEVARIABLES ARE x1 x2 x3 m1 m2 m3 y;

  ANALYSIS:
    TYPE = RANDOM;
    ESTIMATOR = MLR;
    ALGORITHM = INTEGRATION;
    INTEGRATION = MONTECARLO;

  MODEL:
    eta1 BY x1 x2 x3;
    eta2 BY m1 m2 m3;
    eta3 | eta1 XWITH eta2;
    y ON eta1 eta2 eta3;

  OUTPUT:
    STANDARDIZED;
    TECH1;
    TECH4;





INPUT READING TERMINATED NORMALLY



Data Analysis for SEM with Latent Interaction

SUMMARY OF ANALYSIS

Number of groups                                                 1
Number of observations                                         250

Number of dependent variables                                    7
Number of independent variables                                  0
Number of continuous latent variables                            3

Observed dependent variables

  Continuous
   X1          X2          X3          M1          M2          M3
   Y

Continuous latent variables
   ETA1        ETA2        ETA3


Estimator                                                      MLR
Information matrix                                        OBSERVED
Optimization Specifications for the Quasi-Newton Algorithm for
Continuous Outcomes
  Maximum number of iterations                                 100
  Convergence criterion                                  0.100D-05
Optimization Specifications for the EM Algorithm
  Maximum number of iterations                                 500
  Convergence criteria
    Loglikelihood change                                 0.100D-02
    Relative loglikelihood change                        0.100D-05
    Derivative                                           0.100D-02
Optimization Specifications for the M step of the EM Algorithm for
Categorical Latent variables
  Number of M step iterations                                    1
  M step convergence criterion                           0.100D-02
  Basis for M step termination                           ITERATION
Optimization Specifications for the M step of the EM Algorithm for
Censored, Binary or Ordered Categorical (Ordinal), Unordered
Categorical (Nominal) and Count Outcomes
  Number of M step iterations                                    1
  M step convergence criterion                           0.100D-02
  Basis for M step termination                           ITERATION
  Maximum value for logit thresholds                            15
  Minimum value for logit thresholds                           -15
  Minimum expected cell size for chi-square              0.100D-01
Optimization algorithm                                         EMA
Integration Specifications
  Type                                                  MONTECARLO
  Number of integration points                                2000
  Dimensions of numerical integration                            2
  Adaptive quadrature                                           ON
  Monte Carlo integration seed                                   0
Cholesky                                                       OFF

Input data file(s)
  /Users/jimmy_z/desktop/Temp_Data/temp_data_498.dat
Input data format  FREE



UNIVARIATE SAMPLE STATISTICS


     UNIVARIATE HIGHER-ORDER MOMENT DESCRIPTIVE STATISTICS

         Variable/         Mean/     Skewness/   Minimum/ % with                Percentiles
        Sample Size      Variance    Kurtosis    Maximum  Min/Max      20%/60%    40%/80%    Median

     X1                   -0.176      -0.095      -4.022    0.40%      -1.654     -0.529     -0.027
             250.000       2.299      -0.599       3.693    0.40%       0.380      1.126
     X2                   -0.160       0.015      -3.929    0.40%      -1.183     -0.501     -0.154
             250.000       1.816       0.121       3.730    0.40%       0.162      0.923
     X3                    0.062      -0.033      -2.865    0.40%      -0.867     -0.187      0.071
             250.000       1.393       0.023       3.597    0.40%       0.345      1.036
     M1                   -0.037      -0.249      -3.998    0.40%      -1.504     -0.319      0.176
             250.000       2.475      -0.205       3.997    0.40%       0.499      1.146
     M2                   -0.020      -0.207      -4.734    0.40%      -1.131     -0.416     -0.014
             250.000       1.657       0.255       2.843    0.40%       0.297      1.025
     M3                   -0.036      -0.265      -3.196    0.40%      -0.969     -0.361     -0.043
             250.000       1.225      -0.211       2.383    0.40%       0.256      1.000
     Y                     0.010       0.026      -2.663    0.40%      -0.761     -0.208     -0.057
             250.000       0.939      -0.299       2.221    0.40%       0.204      0.803


THE MODEL ESTIMATION TERMINATED NORMALLY



MODEL FIT INFORMATION

Number of Free Parameters                       24

Loglikelihood

          H0 Value                       -2735.231
          H0 Scaling Correction Factor      0.9789
            for MLR

Information Criteria

          Akaike (AIC)                    5518.462
          Bayesian (BIC)                  5602.977
          Sample-Size Adjusted BIC        5526.895
            (n* = (n + 2) / 24)



MODEL RESULTS

                                                    Two-Tailed
                    Estimate       S.E.  Est./S.E.    P-Value

 ETA1     BY
    X1                 1.000      0.000    999.000    999.000
    X2                 0.727      0.118      6.176      0.000
    X3                 0.801      0.118      6.771      0.000

 ETA2     BY
    M1                 1.000      0.000    999.000    999.000
    M2                 0.870      0.131      6.616      0.000
    M3                 0.710      0.117      6.081      0.000

 Y          ON
    ETA1               0.297      0.058      5.094      0.000
    ETA2               0.333      0.074      4.503      0.000
    ETA3               0.237      0.060      3.953      0.000

 ETA2     WITH
    ETA1               0.027      0.096      0.285      0.776

 Intercepts
    X1                -0.175      0.096     -1.818      0.069
    X2                -0.158      0.086     -1.853      0.064
    X3                 0.064      0.075      0.851      0.395
    M1                -0.037      0.099     -0.374      0.708
    M2                -0.020      0.081     -0.240      0.810
    M3                -0.036      0.070     -0.518      0.604
    Y                  0.004      0.061      0.062      0.951

 Variances
    ETA1               1.171      0.227      5.156      0.000
    ETA2               0.989      0.216      4.582      0.000

 Residual Variances
    X1                 1.131      0.174      6.493      0.000
    X2                 1.197      0.133      9.020      0.000
    X3                 0.642      0.112      5.733      0.000
    M1                 1.488      0.207      7.193      0.000
    M2                 0.909      0.124      7.344      0.000
    M3                 0.726      0.094      7.720      0.000
    Y                  0.654      0.066      9.975      0.000


QUALITY OF NUMERICAL RESULTS

     Condition Number for the Information Matrix              0.143E-02
       (ratio of smallest to largest eigenvalue)


STANDARDIZED MODEL RESULTS


STDYX Standardization

                                                    Two-Tailed
                    Estimate       S.E.  Est./S.E.    P-Value

 ETA1     BY
    X1                 0.713      0.056     12.815      0.000
    X2                 0.584      0.055     10.580      0.000
    X3                 0.734      0.054     13.642      0.000

 ETA2     BY
    M1                 0.632      0.060     10.618      0.000
    M2                 0.672      0.058     11.641      0.000
    M3                 0.638      0.063     10.176      0.000

 Y          ON
    ETA1               0.332      0.062      5.349      0.000
    ETA2               0.342      0.066      5.215      0.000
    ETA3               0.264      0.064      4.105      0.000

 ETA2     WITH
    ETA1               0.025      0.089      0.285      0.776

 Intercepts
    X1                -0.115      0.063     -1.825      0.068
    X2                -0.118      0.064     -1.844      0.065
    X3                 0.054      0.064      0.850      0.395
    M1                -0.024      0.063     -0.375      0.708
    M2                -0.015      0.063     -0.240      0.810
    M3                -0.033      0.063     -0.521      0.603
    Y                  0.004      0.063      0.062      0.951

 Variances
    ETA1               1.000      0.000    999.000    999.000
    ETA2               1.000      0.000    999.000    999.000

 Residual Variances
    X1                 0.491      0.079      6.189      0.000
    X2                 0.659      0.064     10.230      0.000
    X3                 0.461      0.079      5.828      0.000
    M1                 0.601      0.075      7.984      0.000
    M2                 0.548      0.078      7.063      0.000
    M3                 0.593      0.080      7.399      0.000
    Y                  0.697      0.059     11.887      0.000


STDY Standardization

                                                    Two-Tailed
                    Estimate       S.E.  Est./S.E.    P-Value

 ETA1     BY
    X1                 0.713      0.056     12.815      0.000
    X2                 0.584      0.055     10.580      0.000
    X3                 0.734      0.054     13.642      0.000

 ETA2     BY
    M1                 0.632      0.060     10.618      0.000
    M2                 0.672      0.058     11.641      0.000
    M3                 0.638      0.063     10.176      0.000

 Y          ON
    ETA1               0.332      0.062      5.349      0.000
    ETA2               0.342      0.066      5.215      0.000
    ETA3               0.264      0.064      4.105      0.000

 ETA2     WITH
    ETA1               0.025      0.089      0.285      0.776

 Intercepts
    X1                -0.115      0.063     -1.825      0.068
    X2                -0.118      0.064     -1.844      0.065
    X3                 0.054      0.064      0.850      0.395
    M1                -0.024      0.063     -0.375      0.708
    M2                -0.015      0.063     -0.240      0.810
    M3                -0.033      0.063     -0.521      0.603
    Y                  0.004      0.063      0.062      0.951

 Variances
    ETA1               1.000      0.000    999.000    999.000
    ETA2               1.000      0.000    999.000    999.000

 Residual Variances
    X1                 0.491      0.079      6.189      0.000
    X2                 0.659      0.064     10.230      0.000
    X3                 0.461      0.079      5.828      0.000
    M1                 0.601      0.075      7.984      0.000
    M2                 0.548      0.078      7.063      0.000
    M3                 0.593      0.080      7.399      0.000
    Y                  0.697      0.059     11.887      0.000


STD Standardization

                                                    Two-Tailed
                    Estimate       S.E.  Est./S.E.    P-Value

 ETA1     BY
    X1                 1.082      0.105     10.312      0.000
    X2                 0.787      0.093      8.502      0.000
    X3                 0.867      0.082     10.590      0.000

 ETA2     BY
    M1                 0.995      0.109      9.165      0.000
    M2                 0.865      0.098      8.829      0.000
    M3                 0.706      0.085      8.278      0.000

 Y          ON
    ETA1               0.321      0.064      5.001      0.000
    ETA2               0.331      0.066      5.006      0.000
    ETA3               0.256      0.064      4.025      0.000

 ETA2     WITH
    ETA1               0.025      0.089      0.285      0.776

 Intercepts
    X1                -0.175      0.096     -1.818      0.069
    X2                -0.158      0.086     -1.853      0.064
    X3                 0.064      0.075      0.851      0.395
    M1                -0.037      0.099     -0.374      0.708
    M2                -0.020      0.081     -0.240      0.810
    M3                -0.036      0.070     -0.518      0.604
    Y                  0.004      0.061      0.062      0.951

 Variances
    ETA1               1.000      0.000    999.000    999.000
    ETA2               1.000      0.000    999.000    999.000

 Residual Variances
    X1                 1.131      0.174      6.493      0.000
    X2                 1.197      0.133      9.020      0.000
    X3                 0.642      0.112      5.733      0.000
    M1                 1.488      0.207      7.193      0.000
    M2                 0.909      0.124      7.344      0.000
    M3                 0.726      0.094      7.720      0.000
    Y                  0.654      0.066      9.975      0.000


R-SQUARE

    Observed                                        Two-Tailed
    Variable        Estimate       S.E.  Est./S.E.    P-Value

    X1                 0.509      0.079      6.408      0.000
    X2                 0.341      0.064      5.290      0.000
    X3                 0.539      0.079      6.821      0.000
    M1                 0.399      0.075      5.309      0.000
    M2                 0.452      0.078      5.820      0.000
    M3                 0.407      0.080      5.088      0.000
    Y                  0.303      0.059      5.163      0.000


TECHNICAL 1 OUTPUT


     PARAMETER SPECIFICATION


           NU
              X1            X2            X3            M1            M2
              ________      ________      ________      ________      ________
                    1             2             3             4             5


           NU
              M3            Y
              ________      ________
                    6             0


           LAMBDA
              ETA1          ETA2          ETA3          Y
              ________      ________      ________      ________
 X1                 0             0             0             0
 X2                 7             0             0             0
 X3                 8             0             0             0
 M1                 0             0             0             0
 M2                 0             9             0             0
 M3                 0            10             0             0
 Y                  0             0             0             0


           THETA
              X1            X2            X3            M1            M2
              ________      ________      ________      ________      ________
 X1                11
 X2                 0            12
 X3                 0             0            13
 M1                 0             0             0            14
 M2                 0             0             0             0            15
 M3                 0             0             0             0             0
 Y                  0             0             0             0             0


           THETA
              M3            Y
              ________      ________
 M3                16
 Y                  0             0


           ALPHA
              ETA1          ETA2          ETA3          Y
              ________      ________      ________      ________
                    0             0             0            17


           BETA
              ETA1          ETA2          ETA3          Y
              ________      ________      ________      ________
 ETA1               0             0             0             0
 ETA2               0             0             0             0
 ETA3               0             0             0             0
 Y                 18            19            20             0


           PSI
              ETA1          ETA2          ETA3          Y
              ________      ________      ________      ________
 ETA1              21
 ETA2              22            23
 ETA3               0             0             0
 Y                  0             0             0            24


     STARTING VALUES


           NU
              X1            X2            X3            M1            M2
              ________      ________      ________      ________      ________
               -0.176        -0.160         0.062        -0.037        -0.020


           NU
              M3            Y
              ________      ________
               -0.036         0.000


           LAMBDA
              ETA1          ETA2          ETA3          Y
              ________      ________      ________      ________
 X1             1.000         0.000         0.000         0.000
 X2             1.000         0.000         0.000         0.000
 X3             1.000         0.000         0.000         0.000
 M1             0.000         1.000         0.000         0.000
 M2             0.000         1.000         0.000         0.000
 M3             0.000         1.000         0.000         0.000
 Y              0.000         0.000         0.000         1.000


           THETA
              X1            X2            X3            M1            M2
              ________      ________      ________      ________      ________
 X1             1.149
 X2             0.000         0.908
 X3             0.000         0.000         0.696
 M1             0.000         0.000         0.000         1.237
 M2             0.000         0.000         0.000         0.000         0.829
 M3             0.000         0.000         0.000         0.000         0.000
 Y              0.000         0.000         0.000         0.000         0.000


           THETA
              M3            Y
              ________      ________
 M3             0.612
 Y              0.000         0.000


           ALPHA
              ETA1          ETA2          ETA3          Y
              ________      ________      ________      ________
                0.000         0.000         0.000         0.010


           BETA
              ETA1          ETA2          ETA3          Y
              ________      ________      ________      ________
 ETA1           0.000         0.000         0.000         0.000
 ETA2           0.000         0.000         0.000         0.000
 ETA3           0.000         0.000         0.000         0.000
 Y              0.000         0.000         0.000         0.000


           PSI
              ETA1          ETA2          ETA3          Y
              ________      ________      ________      ________
 ETA1           0.050
 ETA2           0.000         0.050
 ETA3           0.000         0.000         0.000
 Y              0.000         0.000         0.000         0.469


TECHNICAL 4 OUTPUT


     ESTIMATES DERIVED FROM THE MODEL


           ESTIMATED MEANS FOR THE LATENT VARIABLES
              ETA1          ETA2          ETA3          Y
              ________      ________      ________      ________
                0.000         0.000         0.027         0.010


           S.E. FOR ESTIMATED MEANS FOR THE LATENT VARIABLES
              ETA1          ETA2          ETA3          Y
              ________      ________      ________      ________
                0.000         0.000         0.096         0.061


           EST./S.E. FOR ESTIMATED MEANS FOR THE LATENT VARIABLES
              ETA1          ETA2          ETA3          Y
              ________      ________      ________      ________
                0.000         0.000         0.285         0.168


           TWO-TAILED P-VALUE FOR ESTIMATED MEANS FOR THE LATENT VARIABLES
              ETA1          ETA2          ETA3          Y
              ________      ________      ________      ________
                1.000         1.000         0.776         0.866


           ESTIMATED COVARIANCE MATRIX FOR THE LATENT VARIABLES
              ETA1          ETA2          ETA3          Y
              ________      ________      ________      ________
 ETA1           1.171
 ETA2           0.027         0.989
 ETA3           0.000         0.000         1.159
 Y              0.357         0.338         0.275         0.938


           S.E. FOR ESTIMATED COVARIANCE MATRIX FOR THE LATENT VARIABLES
              ETA1          ETA2          ETA3          Y
              ________      ________      ________      ________
 ETA1           0.227
 ETA2           0.096         0.216
 ETA3           0.000         0.000         0.336
 Y              0.087         0.082         0.088         0.078


           EST./S.E. FOR ESTIMATED COVARIANCE MATRIX FOR THE LATENT VARIABLES
              ETA1          ETA2          ETA3          Y
              ________      ________      ________      ________
 ETA1           5.156
 ETA2           0.285         4.582
 ETA3           0.000         0.000         3.450
 Y              4.080         4.130         3.140        12.019


           TWO-TAILED P-VALUE FOR ESTIMATED COVARIANCE MATRIX FOR THE LATENT VARIABLES
              ETA1          ETA2          ETA3          Y
              ________      ________      ________      ________
 ETA1           0.000
 ETA2           0.776         0.000
 ETA3           1.000         1.000         0.001
 Y              0.000         0.000         0.002         0.000


           ESTIMATED CORRELATION MATRIX FOR THE LATENT VARIABLES
              ETA1          ETA2          ETA3          Y
              ________      ________      ________      ________
 ETA1           1.000
 ETA2           0.025         1.000
 ETA3           0.000         0.000         1.000
 Y              0.341         0.351         0.264         1.000


           S.E. FOR ESTIMATED CORRELATION MATRIX FOR THE LATENT VARIABLES
              ETA1          ETA2          ETA3          Y
              ________      ________      ________      ________
 ETA1           0.000
 ETA2           0.089         0.000
 ETA3           0.000         0.000         0.000
 Y              0.064         0.070         0.064         0.000


           EST./S.E. FOR ESTIMATED CORRELATION MATRIX FOR THE LATENT VARIABLES
              ETA1          ETA2          ETA3          Y
              ________      ________      ________      ________
 ETA1         999.000
 ETA2           0.285       999.000
 ETA3           0.000         0.000       999.000
 Y              5.336         5.037         4.108       999.000


           TWO-TAILED P-VALUE FOR ESTIMATED CORRELATION MATRIX FOR THE LATENT VARIABLES
              ETA1          ETA2          ETA3          Y
              ________      ________      ________      ________
 ETA1           0.000
 ETA2           0.776         0.000
 ETA3           1.000         1.000         0.000
 Y              0.000         0.000         0.000         0.000


     Beginning Time:  23:25:37
        Ending Time:  23:26:51
       Elapsed Time:  00:01:14



MUTHEN & MUTHEN
3463 Stoner Ave.
Los Angeles, CA  90066

Tel: (310) 391-9971
Fax: (310) 391-8971
Web: www.StatModel.com
Support: Support@StatModel.com

Copyright (c) 1998-2022 Muthen & Muthen
