Mplus VERSION 8.8 (Mac)
MUTHEN & MUTHEN
08/20/2024  11:03 PM

INPUT INSTRUCTIONS

  TITLE: Data Analysis for SEM with Latent Interaction

  DATA:
    FILE = /Users/jimmy_z/desktop/Temp_Data/temp_data_377.dat;
    FORMAT = FREE;

  VARIABLE:
    NAMES ARE x1 x2 x3 m1 m2 m3 y;
    USEVARIABLES ARE x1 x2 x3 m1 m2 m3 y;

  ANALYSIS:
    TYPE = RANDOM;
    ESTIMATOR = MLR;
    ALGORITHM = INTEGRATION;
    INTEGRATION = MONTECARLO;

  MODEL:
    eta1 BY x1 x2 x3;
    eta2 BY m1 m2 m3;
    eta3 | eta1 XWITH eta2;
    y ON eta1 eta2 eta3;

  OUTPUT:
    STANDARDIZED;
    TECH1;
    TECH4;





INPUT READING TERMINATED NORMALLY



Data Analysis for SEM with Latent Interaction

SUMMARY OF ANALYSIS

Number of groups                                                 1
Number of observations                                         250

Number of dependent variables                                    7
Number of independent variables                                  0
Number of continuous latent variables                            3

Observed dependent variables

  Continuous
   X1          X2          X3          M1          M2          M3
   Y

Continuous latent variables
   ETA1        ETA2        ETA3


Estimator                                                      MLR
Information matrix                                        OBSERVED
Optimization Specifications for the Quasi-Newton Algorithm for
Continuous Outcomes
  Maximum number of iterations                                 100
  Convergence criterion                                  0.100D-05
Optimization Specifications for the EM Algorithm
  Maximum number of iterations                                 500
  Convergence criteria
    Loglikelihood change                                 0.100D-02
    Relative loglikelihood change                        0.100D-05
    Derivative                                           0.100D-02
Optimization Specifications for the M step of the EM Algorithm for
Categorical Latent variables
  Number of M step iterations                                    1
  M step convergence criterion                           0.100D-02
  Basis for M step termination                           ITERATION
Optimization Specifications for the M step of the EM Algorithm for
Censored, Binary or Ordered Categorical (Ordinal), Unordered
Categorical (Nominal) and Count Outcomes
  Number of M step iterations                                    1
  M step convergence criterion                           0.100D-02
  Basis for M step termination                           ITERATION
  Maximum value for logit thresholds                            15
  Minimum value for logit thresholds                           -15
  Minimum expected cell size for chi-square              0.100D-01
Optimization algorithm                                         EMA
Integration Specifications
  Type                                                  MONTECARLO
  Number of integration points                                2000
  Dimensions of numerical integration                            2
  Adaptive quadrature                                           ON
  Monte Carlo integration seed                                   0
Cholesky                                                       OFF

Input data file(s)
  /Users/jimmy_z/desktop/Temp_Data/temp_data_377.dat
Input data format  FREE



UNIVARIATE SAMPLE STATISTICS


     UNIVARIATE HIGHER-ORDER MOMENT DESCRIPTIVE STATISTICS

         Variable/         Mean/     Skewness/   Minimum/ % with                Percentiles
        Sample Size      Variance    Kurtosis    Maximum  Min/Max      20%/60%    40%/80%    Median

     X1                    0.002      -0.228      -5.057    0.40%      -1.422     -0.264      0.184
             250.000       2.699      -0.129       4.346    0.40%       0.564      1.253
     X2                   -0.021      -0.039      -3.896    0.40%      -1.296     -0.366     -0.067
             250.000       1.851      -0.316       3.426    0.40%       0.341      1.224
     X3                   -0.051      -0.176      -2.893    0.40%      -1.058     -0.291     -0.048
             250.000       1.244      -0.346       2.684    0.40%       0.262      0.867
     M1                   -0.077      -0.083      -3.888    0.40%      -1.431     -0.439     -0.050
             250.000       2.178      -0.396       3.669    0.40%       0.358      1.182
     M2                   -0.116      -0.072      -3.979    0.40%      -1.469     -0.477     -0.011
             250.000       2.017      -0.400       3.588    0.40%       0.180      1.085
     M3                   -0.053      -0.249      -3.404    0.40%      -0.954     -0.235      0.016
             250.000       1.250      -0.079       2.638    0.40%       0.262      0.818
     Y                     0.010       0.140      -2.726    0.40%      -0.765     -0.268      0.020
             250.000       0.957       0.228       3.264    0.40%       0.204      0.828


THE MODEL ESTIMATION TERMINATED NORMALLY



MODEL FIT INFORMATION

Number of Free Parameters                       24

Loglikelihood

          H0 Value                       -2759.380
          H0 Scaling Correction Factor      0.9654
            for MLR

Information Criteria

          Akaike (AIC)                    5566.760
          Bayesian (BIC)                  5651.275
          Sample-Size Adjusted BIC        5575.193
            (n* = (n + 2) / 24)



MODEL RESULTS

                                                    Two-Tailed
                    Estimate       S.E.  Est./S.E.    P-Value

 ETA1     BY
    X1                 1.000      0.000    999.000    999.000
    X2                 0.868      0.113      7.677      0.000
    X3                 0.603      0.082      7.396      0.000

 ETA2     BY
    M1                 1.000      0.000    999.000    999.000
    M2                 0.914      0.147      6.223      0.000
    M3                 0.624      0.100      6.234      0.000

 Y          ON
    ETA1               0.241      0.067      3.575      0.000
    ETA2               0.264      0.069      3.808      0.000
    ETA3               0.180      0.067      2.661      0.008

 ETA2     WITH
    ETA1              -0.070      0.111     -0.627      0.531

 Intercepts
    X1                 0.003      0.104      0.025      0.980
    X2                -0.021      0.086     -0.238      0.812
    X3                -0.051      0.071     -0.725      0.468
    M1                -0.077      0.093     -0.825      0.409
    M2                -0.116      0.090     -1.286      0.199
    M3                -0.053      0.071     -0.742      0.458
    Y                  0.023      0.061      0.377      0.706

 Variances
    ETA1               1.314      0.243      5.416      0.000
    ETA2               1.109      0.219      5.051      0.000

 Residual Variances
    X1                 1.384      0.196      7.080      0.000
    X2                 0.862      0.141      6.106      0.000
    X3                 0.767      0.078      9.806      0.000
    M1                 1.069      0.180      5.934      0.000
    M2                 1.091      0.159      6.883      0.000
    M3                 0.818      0.090      9.061      0.000
    Y                  0.760      0.078      9.789      0.000


QUALITY OF NUMERICAL RESULTS

     Condition Number for the Information Matrix              0.491E-03
       (ratio of smallest to largest eigenvalue)


STANDARDIZED MODEL RESULTS


STDYX Standardization

                                                    Two-Tailed
                    Estimate       S.E.  Est./S.E.    P-Value

 ETA1     BY
    X1                 0.698      0.050     13.939      0.000
    X2                 0.731      0.053     13.738      0.000
    X3                 0.620      0.052     11.834      0.000

 ETA2     BY
    M1                 0.714      0.058     12.257      0.000
    M2                 0.677      0.062     10.927      0.000
    M3                 0.588      0.058     10.226      0.000

 Y          ON
    ETA1               0.283      0.071      3.985      0.000
    ETA2               0.285      0.063      4.547      0.000
    ETA3               0.222      0.075      2.942      0.003

 ETA2     WITH
    ETA1              -0.058      0.093     -0.622      0.534

 Intercepts
    X1                 0.002      0.063      0.025      0.980
    X2                -0.015      0.063     -0.238      0.812
    X3                -0.046      0.063     -0.728      0.467
    M1                -0.052      0.063     -0.827      0.408
    M2                -0.081      0.063     -1.288      0.198
    M3                -0.047      0.063     -0.746      0.456
    Y                  0.024      0.063      0.377      0.706

 Variances
    ETA1               1.000      0.000    999.000    999.000
    ETA2               1.000      0.000    999.000    999.000

 Residual Variances
    X1                 0.513      0.070      7.343      0.000
    X2                 0.465      0.078      5.979      0.000
    X3                 0.616      0.065      9.491      0.000
    M1                 0.491      0.083      5.909      0.000
    M2                 0.541      0.084      6.442      0.000
    M3                 0.654      0.068      9.675      0.000
    Y                  0.798      0.055     14.480      0.000


STDY Standardization

                                                    Two-Tailed
                    Estimate       S.E.  Est./S.E.    P-Value

 ETA1     BY
    X1                 0.698      0.050     13.939      0.000
    X2                 0.731      0.053     13.738      0.000
    X3                 0.620      0.052     11.834      0.000

 ETA2     BY
    M1                 0.714      0.058     12.257      0.000
    M2                 0.677      0.062     10.927      0.000
    M3                 0.588      0.058     10.226      0.000

 Y          ON
    ETA1               0.283      0.071      3.985      0.000
    ETA2               0.285      0.063      4.547      0.000
    ETA3               0.222      0.075      2.942      0.003

 ETA2     WITH
    ETA1              -0.058      0.093     -0.622      0.534

 Intercepts
    X1                 0.002      0.063      0.025      0.980
    X2                -0.015      0.063     -0.238      0.812
    X3                -0.046      0.063     -0.728      0.467
    M1                -0.052      0.063     -0.827      0.408
    M2                -0.081      0.063     -1.288      0.198
    M3                -0.047      0.063     -0.746      0.456
    Y                  0.024      0.063      0.377      0.706

 Variances
    ETA1               1.000      0.000    999.000    999.000
    ETA2               1.000      0.000    999.000    999.000

 Residual Variances
    X1                 0.513      0.070      7.343      0.000
    X2                 0.465      0.078      5.979      0.000
    X3                 0.616      0.065      9.491      0.000
    M1                 0.491      0.083      5.909      0.000
    M2                 0.541      0.084      6.442      0.000
    M3                 0.654      0.068      9.675      0.000
    Y                  0.798      0.055     14.480      0.000


STD Standardization

                                                    Two-Tailed
                    Estimate       S.E.  Est./S.E.    P-Value

 ETA1     BY
    X1                 1.146      0.106     10.833      0.000
    X2                 0.995      0.093     10.722      0.000
    X3                 0.691      0.075      9.234      0.000

 ETA2     BY
    M1                 1.053      0.104     10.101      0.000
    M2                 0.962      0.109      8.858      0.000
    M3                 0.657      0.079      8.330      0.000

 Y          ON
    ETA1               0.276      0.071      3.895      0.000
    ETA2               0.278      0.066      4.229      0.000
    ETA3               0.217      0.075      2.879      0.004

 ETA2     WITH
    ETA1              -0.058      0.093     -0.622      0.534

 Intercepts
    X1                 0.003      0.104      0.025      0.980
    X2                -0.021      0.086     -0.238      0.812
    X3                -0.051      0.071     -0.725      0.468
    M1                -0.077      0.093     -0.825      0.409
    M2                -0.116      0.090     -1.286      0.199
    M3                -0.053      0.071     -0.742      0.458
    Y                  0.023      0.061      0.377      0.706

 Variances
    ETA1               1.000      0.000    999.000    999.000
    ETA2               1.000      0.000    999.000    999.000

 Residual Variances
    X1                 1.384      0.196      7.080      0.000
    X2                 0.862      0.141      6.106      0.000
    X3                 0.767      0.078      9.806      0.000
    M1                 1.069      0.180      5.934      0.000
    M2                 1.091      0.159      6.883      0.000
    M3                 0.818      0.090      9.061      0.000
    Y                  0.760      0.078      9.789      0.000


R-SQUARE

    Observed                                        Two-Tailed
    Variable        Estimate       S.E.  Est./S.E.    P-Value

    X1                 0.487      0.070      6.970      0.000
    X2                 0.535      0.078      6.869      0.000
    X3                 0.384      0.065      5.917      0.000
    M1                 0.509      0.083      6.128      0.000
    M2                 0.459      0.084      5.463      0.000
    M3                 0.346      0.068      5.113      0.000
    Y                  0.202      0.055      3.656      0.000


TECHNICAL 1 OUTPUT


     PARAMETER SPECIFICATION


           NU
              X1            X2            X3            M1            M2
              ________      ________      ________      ________      ________
                    1             2             3             4             5


           NU
              M3            Y
              ________      ________
                    6             0


           LAMBDA
              ETA1          ETA2          ETA3          Y
              ________      ________      ________      ________
 X1                 0             0             0             0
 X2                 7             0             0             0
 X3                 8             0             0             0
 M1                 0             0             0             0
 M2                 0             9             0             0
 M3                 0            10             0             0
 Y                  0             0             0             0


           THETA
              X1            X2            X3            M1            M2
              ________      ________      ________      ________      ________
 X1                11
 X2                 0            12
 X3                 0             0            13
 M1                 0             0             0            14
 M2                 0             0             0             0            15
 M3                 0             0             0             0             0
 Y                  0             0             0             0             0


           THETA
              M3            Y
              ________      ________
 M3                16
 Y                  0             0


           ALPHA
              ETA1          ETA2          ETA3          Y
              ________      ________      ________      ________
                    0             0             0            17


           BETA
              ETA1          ETA2          ETA3          Y
              ________      ________      ________      ________
 ETA1               0             0             0             0
 ETA2               0             0             0             0
 ETA3               0             0             0             0
 Y                 18            19            20             0


           PSI
              ETA1          ETA2          ETA3          Y
              ________      ________      ________      ________
 ETA1              21
 ETA2              22            23
 ETA3               0             0             0
 Y                  0             0             0            24


     STARTING VALUES


           NU
              X1            X2            X3            M1            M2
              ________      ________      ________      ________      ________
                0.002        -0.021        -0.051        -0.077        -0.116


           NU
              M3            Y
              ________      ________
               -0.053         0.000


           LAMBDA
              ETA1          ETA2          ETA3          Y
              ________      ________      ________      ________
 X1             1.000         0.000         0.000         0.000
 X2             1.000         0.000         0.000         0.000
 X3             1.000         0.000         0.000         0.000
 M1             0.000         1.000         0.000         0.000
 M2             0.000         1.000         0.000         0.000
 M3             0.000         1.000         0.000         0.000
 Y              0.000         0.000         0.000         1.000


           THETA
              X1            X2            X3            M1            M2
              ________      ________      ________      ________      ________
 X1             1.349
 X2             0.000         0.926
 X3             0.000         0.000         0.622
 M1             0.000         0.000         0.000         1.089
 M2             0.000         0.000         0.000         0.000         1.008
 M3             0.000         0.000         0.000         0.000         0.000
 Y              0.000         0.000         0.000         0.000         0.000


           THETA
              M3            Y
              ________      ________
 M3             0.625
 Y              0.000         0.000


           ALPHA
              ETA1          ETA2          ETA3          Y
              ________      ________      ________      ________
                0.000         0.000         0.000         0.010


           BETA
              ETA1          ETA2          ETA3          Y
              ________      ________      ________      ________
 ETA1           0.000         0.000         0.000         0.000
 ETA2           0.000         0.000         0.000         0.000
 ETA3           0.000         0.000         0.000         0.000
 Y              0.000         0.000         0.000         0.000


           PSI
              ETA1          ETA2          ETA3          Y
              ________      ________      ________      ________
 ETA1           0.050
 ETA2           0.000         0.050
 ETA3           0.000         0.000         0.000
 Y              0.000         0.000         0.000         0.478


TECHNICAL 4 OUTPUT


     ESTIMATES DERIVED FROM THE MODEL


           ESTIMATED MEANS FOR THE LATENT VARIABLES
              ETA1          ETA2          ETA3          Y
              ________      ________      ________      ________
                0.000         0.000        -0.070         0.011


           S.E. FOR ESTIMATED MEANS FOR THE LATENT VARIABLES
              ETA1          ETA2          ETA3          Y
              ________      ________      ________      ________
                0.000         0.000         0.111         0.062


           EST./S.E. FOR ESTIMATED MEANS FOR THE LATENT VARIABLES
              ETA1          ETA2          ETA3          Y
              ________      ________      ________      ________
                0.000         0.000        -0.627         0.170


           TWO-TAILED P-VALUE FOR ESTIMATED MEANS FOR THE LATENT VARIABLES
              ETA1          ETA2          ETA3          Y
              ________      ________      ________      ________
                1.000         1.000         0.531         0.865


           ESTIMATED COVARIANCE MATRIX FOR THE LATENT VARIABLES
              ETA1          ETA2          ETA3          Y
              ________      ________      ________      ________
 ETA1           1.314
 ETA2          -0.070         1.109
 ETA3           0.000         0.000         1.462
 Y              0.298         0.276         0.262         0.952


           S.E. FOR ESTIMATED COVARIANCE MATRIX FOR THE LATENT VARIABLES
              ETA1          ETA2          ETA3          Y
              ________      ________      ________      ________
 ETA1           0.243
 ETA2           0.111         0.219
 ETA3           0.000         0.000         0.388
 Y              0.088         0.073         0.096         0.090


           EST./S.E. FOR ESTIMATED COVARIANCE MATRIX FOR THE LATENT VARIABLES
              ETA1          ETA2          ETA3          Y
              ________      ________      ________      ________
 ETA1           5.416
 ETA2          -0.627         5.051
 ETA3           0.000         0.000         3.764
 Y              3.387         3.760         2.743        10.636


           TWO-TAILED P-VALUE FOR ESTIMATED COVARIANCE MATRIX FOR THE LATENT VARIABLES
              ETA1          ETA2          ETA3          Y
              ________      ________      ________      ________
 ETA1           0.000
 ETA2           0.531         0.000
 ETA3           1.000         1.000         0.000
 Y              0.001         0.000         0.006         0.000


           ESTIMATED CORRELATION MATRIX FOR THE LATENT VARIABLES
              ETA1          ETA2          ETA3          Y
              ________      ________      ________      ________
 ETA1           1.000
 ETA2          -0.058         1.000
 ETA3           0.000         0.000         1.000
 Y              0.267         0.269         0.222         1.000


           S.E. FOR ESTIMATED CORRELATION MATRIX FOR THE LATENT VARIABLES
              ETA1          ETA2          ETA3          Y
              ________      ________      ________      ________
 ETA1           0.000
 ETA2           0.093         0.000
 ETA3           0.000         0.000         0.000
 Y              0.074         0.063         0.075         0.000


           EST./S.E. FOR ESTIMATED CORRELATION MATRIX FOR THE LATENT VARIABLES
              ETA1          ETA2          ETA3          Y
              ________      ________      ________      ________
 ETA1         999.000
 ETA2          -0.622       999.000
 ETA3           0.000         0.000       999.000
 Y              3.578         4.281         2.957       999.000


           TWO-TAILED P-VALUE FOR ESTIMATED CORRELATION MATRIX FOR THE LATENT VARIABLES
              ETA1          ETA2          ETA3          Y
              ________      ________      ________      ________
 ETA1           0.000
 ETA2           0.534         0.000
 ETA3           1.000         1.000         0.000
 Y              0.000         0.000         0.003         0.000


     Beginning Time:  23:03:05
        Ending Time:  23:04:25
       Elapsed Time:  00:01:20



MUTHEN & MUTHEN
3463 Stoner Ave.
Los Angeles, CA  90066

Tel: (310) 391-9971
Fax: (310) 391-8971
Web: www.StatModel.com
Support: Support@StatModel.com

Copyright (c) 1998-2022 Muthen & Muthen
