Mplus VERSION 8.8 (Mac)
MUTHEN & MUTHEN
08/21/2024   1:34 AM

INPUT INSTRUCTIONS

  TITLE: Data Analysis for SEM with Latent Interaction

  DATA:
    FILE = /Users/jimmy_z/desktop/Temp_Data/temp_data_207.dat;
    FORMAT = FREE;

  VARIABLE:
    NAMES ARE x1 x2 x3 m1 m2 m3 y;
    USEVARIABLES ARE x1 x2 x3 m1 m2 m3 y;

  ANALYSIS:
    TYPE = RANDOM;
    ESTIMATOR = MLR;
    ALGORITHM = INTEGRATION;
    INTEGRATION = MONTECARLO;

  MODEL:
    eta1 BY x1 x2 x3;
    eta2 BY m1 m2 m3;
    eta3 | eta1 XWITH eta2;
    y ON eta1 eta2 eta3;

  OUTPUT:
    STANDARDIZED;
    TECH1;
    TECH4;





INPUT READING TERMINATED NORMALLY



Data Analysis for SEM with Latent Interaction

SUMMARY OF ANALYSIS

Number of groups                                                 1
Number of observations                                         250

Number of dependent variables                                    7
Number of independent variables                                  0
Number of continuous latent variables                            3

Observed dependent variables

  Continuous
   X1          X2          X3          M1          M2          M3
   Y

Continuous latent variables
   ETA1        ETA2        ETA3


Estimator                                                      MLR
Information matrix                                        OBSERVED
Optimization Specifications for the Quasi-Newton Algorithm for
Continuous Outcomes
  Maximum number of iterations                                 100
  Convergence criterion                                  0.100D-05
Optimization Specifications for the EM Algorithm
  Maximum number of iterations                                 500
  Convergence criteria
    Loglikelihood change                                 0.100D-02
    Relative loglikelihood change                        0.100D-05
    Derivative                                           0.100D-02
Optimization Specifications for the M step of the EM Algorithm for
Categorical Latent variables
  Number of M step iterations                                    1
  M step convergence criterion                           0.100D-02
  Basis for M step termination                           ITERATION
Optimization Specifications for the M step of the EM Algorithm for
Censored, Binary or Ordered Categorical (Ordinal), Unordered
Categorical (Nominal) and Count Outcomes
  Number of M step iterations                                    1
  M step convergence criterion                           0.100D-02
  Basis for M step termination                           ITERATION
  Maximum value for logit thresholds                            15
  Minimum value for logit thresholds                           -15
  Minimum expected cell size for chi-square              0.100D-01
Optimization algorithm                                         EMA
Integration Specifications
  Type                                                  MONTECARLO
  Number of integration points                                2000
  Dimensions of numerical integration                            2
  Adaptive quadrature                                           ON
  Monte Carlo integration seed                                   0
Cholesky                                                       OFF

Input data file(s)
  /Users/jimmy_z/desktop/Temp_Data/temp_data_207.dat
Input data format  FREE



UNIVARIATE SAMPLE STATISTICS


     UNIVARIATE HIGHER-ORDER MOMENT DESCRIPTIVE STATISTICS

         Variable/         Mean/     Skewness/   Minimum/ % with                Percentiles
        Sample Size      Variance    Kurtosis    Maximum  Min/Max      20%/60%    40%/80%    Median

     X1                    0.064      -0.203      -3.615    0.40%      -0.912     -0.239      0.072
             250.000       1.577       0.272       3.734    0.40%       0.449      1.128
     X2                    0.050      -0.191      -4.076    0.40%      -0.972     -0.251      0.036
             250.000       1.355       0.229       3.116    0.40%       0.343      1.040
     X3                    0.070      -0.163      -2.852    0.40%      -0.790     -0.110      0.086
             250.000       1.064       0.019       2.766    0.40%       0.384      0.830
     M1                   -0.035      -0.086      -4.379    0.40%      -1.161     -0.347      0.058
             250.000       1.824       0.497       4.523    0.40%       0.386      1.049
     M2                   -0.021       0.106      -3.565    0.40%      -0.915     -0.271     -0.015
             250.000       1.271       0.825       4.449    0.40%       0.262      0.806
     M3                   -0.013       0.011      -2.730    0.40%      -0.754     -0.315     -0.017
             250.000       0.767       0.502       3.026    0.40%       0.219      0.690
     Y                     0.003       0.489      -2.455    0.40%      -0.858     -0.268     -0.078
             250.000       1.054       1.230       4.806    0.40%       0.110      0.809


THE MODEL ESTIMATION TERMINATED NORMALLY



MODEL FIT INFORMATION

Number of Free Parameters                       24

Loglikelihood

          H0 Value                       -2372.052
          H0 Scaling Correction Factor      1.0122
            for MLR

Information Criteria

          Akaike (AIC)                    4792.103
          Bayesian (BIC)                  4876.618
          Sample-Size Adjusted BIC        4800.536
            (n* = (n + 2) / 24)



MODEL RESULTS

                                                    Two-Tailed
                    Estimate       S.E.  Est./S.E.    P-Value

 ETA1     BY
    X1                 1.000      0.000    999.000    999.000
    X2                 0.918      0.086     10.643      0.000
    X3                 0.780      0.085      9.166      0.000

 ETA2     BY
    M1                 1.000      0.000    999.000    999.000
    M2                 0.902      0.072     12.608      0.000
    M3                 0.740      0.060     12.284      0.000

 Y          ON
    ETA1               0.320      0.066      4.850      0.000
    ETA2               0.447      0.071      6.325      0.000
    ETA3               0.338      0.072      4.712      0.000

 ETA2     WITH
    ETA1              -0.114      0.071     -1.601      0.109

 Intercepts
    X1                 0.064      0.079      0.805      0.421
    X2                 0.049      0.074      0.671      0.502
    X3                 0.069      0.065      1.064      0.287
    M1                -0.035      0.086     -0.413      0.679
    M2                -0.021      0.071     -0.291      0.771
    M3                -0.013      0.056     -0.232      0.817
    Y                  0.041      0.064      0.647      0.518

 Variances
    ETA1               0.933      0.154      6.047      0.000
    ETA2               0.963      0.172      5.587      0.000

 Residual Variances
    X1                 0.643      0.098      6.548      0.000
    X2                 0.570      0.072      7.933      0.000
    X3                 0.496      0.065      7.616      0.000
    M1                 0.857      0.096      8.882      0.000
    M2                 0.487      0.065      7.540      0.000
    M3                 0.240      0.039      6.224      0.000
    Y                  0.690      0.069     10.053      0.000


QUALITY OF NUMERICAL RESULTS

     Condition Number for the Information Matrix              0.187E-01
       (ratio of smallest to largest eigenvalue)


STANDARDIZED MODEL RESULTS


STDYX Standardization

                                                    Two-Tailed
                    Estimate       S.E.  Est./S.E.    P-Value

 ETA1     BY
    X1                 0.769      0.041     18.743      0.000
    X2                 0.761      0.038     19.962      0.000
    X3                 0.731      0.041     17.620      0.000

 ETA2     BY
    M1                 0.727      0.039     18.610      0.000
    M2                 0.785      0.036     21.544      0.000
    M3                 0.829      0.033     25.358      0.000

 Y          ON
    ETA1               0.302      0.060      4.996      0.000
    ETA2               0.428      0.057      7.460      0.000
    ETA3               0.313      0.068      4.595      0.000

 ETA2     WITH
    ETA1              -0.120      0.075     -1.611      0.107

 Intercepts
    X1                 0.051      0.064      0.799      0.424
    X2                 0.042      0.063      0.668      0.504
    X3                 0.067      0.063      1.057      0.291
    M1                -0.026      0.063     -0.414      0.679
    M2                -0.018      0.063     -0.291      0.771
    M3                -0.015      0.063     -0.232      0.817
    Y                  0.040      0.062      0.651      0.515

 Variances
    ETA1               1.000      0.000    999.000    999.000
    ETA2               1.000      0.000    999.000    999.000

 Residual Variances
    X1                 0.408      0.063      6.465      0.000
    X2                 0.420      0.058      7.234      0.000
    X3                 0.466      0.061      7.689      0.000
    M1                 0.471      0.057      8.277      0.000
    M2                 0.383      0.057      6.690      0.000
    M3                 0.313      0.054      5.769      0.000
    Y                  0.658      0.071      9.230      0.000


STDY Standardization

                                                    Two-Tailed
                    Estimate       S.E.  Est./S.E.    P-Value

 ETA1     BY
    X1                 0.769      0.041     18.743      0.000
    X2                 0.761      0.038     19.962      0.000
    X3                 0.731      0.041     17.620      0.000

 ETA2     BY
    M1                 0.727      0.039     18.610      0.000
    M2                 0.785      0.036     21.544      0.000
    M3                 0.829      0.033     25.358      0.000

 Y          ON
    ETA1               0.302      0.060      4.996      0.000
    ETA2               0.428      0.057      7.460      0.000
    ETA3               0.313      0.068      4.595      0.000

 ETA2     WITH
    ETA1              -0.120      0.075     -1.611      0.107

 Intercepts
    X1                 0.051      0.064      0.799      0.424
    X2                 0.042      0.063      0.668      0.504
    X3                 0.067      0.063      1.057      0.291
    M1                -0.026      0.063     -0.414      0.679
    M2                -0.018      0.063     -0.291      0.771
    M3                -0.015      0.063     -0.232      0.817
    Y                  0.040      0.062      0.651      0.515

 Variances
    ETA1               1.000      0.000    999.000    999.000
    ETA2               1.000      0.000    999.000    999.000

 Residual Variances
    X1                 0.408      0.063      6.465      0.000
    X2                 0.420      0.058      7.234      0.000
    X3                 0.466      0.061      7.689      0.000
    M1                 0.471      0.057      8.277      0.000
    M2                 0.383      0.057      6.690      0.000
    M3                 0.313      0.054      5.769      0.000
    Y                  0.658      0.071      9.230      0.000


STD Standardization

                                                    Two-Tailed
                    Estimate       S.E.  Est./S.E.    P-Value

 ETA1     BY
    X1                 0.966      0.080     12.094      0.000
    X2                 0.886      0.074     12.007      0.000
    X3                 0.754      0.063     12.012      0.000

 ETA2     BY
    M1                 0.981      0.088     11.174      0.000
    M2                 0.885      0.076     11.575      0.000
    M3                 0.726      0.055     13.281      0.000

 Y          ON
    ETA1               0.309      0.066      4.681      0.000
    ETA2               0.439      0.070      6.264      0.000
    ETA3               0.320      0.076      4.194      0.000

 ETA2     WITH
    ETA1              -0.120      0.075     -1.611      0.107

 Intercepts
    X1                 0.064      0.079      0.805      0.421
    X2                 0.049      0.074      0.671      0.502
    X3                 0.069      0.065      1.064      0.287
    M1                -0.035      0.086     -0.413      0.679
    M2                -0.021      0.071     -0.291      0.771
    M3                -0.013      0.056     -0.232      0.817
    Y                  0.041      0.064      0.647      0.518

 Variances
    ETA1               1.000      0.000    999.000    999.000
    ETA2               1.000      0.000    999.000    999.000

 Residual Variances
    X1                 0.643      0.098      6.548      0.000
    X2                 0.570      0.072      7.933      0.000
    X3                 0.496      0.065      7.616      0.000
    M1                 0.857      0.096      8.882      0.000
    M2                 0.487      0.065      7.540      0.000
    M3                 0.240      0.039      6.224      0.000
    Y                  0.690      0.069     10.053      0.000


R-SQUARE

    Observed                                        Two-Tailed
    Variable        Estimate       S.E.  Est./S.E.    P-Value

    X1                 0.592      0.063      9.371      0.000
    X2                 0.580      0.058      9.981      0.000
    X3                 0.534      0.061      8.810      0.000
    M1                 0.529      0.057      9.305      0.000
    M2                 0.617      0.057     10.772      0.000
    M3                 0.687      0.054     12.679      0.000
    Y                  0.342      0.071      4.806      0.000


TECHNICAL 1 OUTPUT


     PARAMETER SPECIFICATION


           NU
              X1            X2            X3            M1            M2
              ________      ________      ________      ________      ________
                    1             2             3             4             5


           NU
              M3            Y
              ________      ________
                    6             0


           LAMBDA
              ETA1          ETA2          ETA3          Y
              ________      ________      ________      ________
 X1                 0             0             0             0
 X2                 7             0             0             0
 X3                 8             0             0             0
 M1                 0             0             0             0
 M2                 0             9             0             0
 M3                 0            10             0             0
 Y                  0             0             0             0


           THETA
              X1            X2            X3            M1            M2
              ________      ________      ________      ________      ________
 X1                11
 X2                 0            12
 X3                 0             0            13
 M1                 0             0             0            14
 M2                 0             0             0             0            15
 M3                 0             0             0             0             0
 Y                  0             0             0             0             0


           THETA
              M3            Y
              ________      ________
 M3                16
 Y                  0             0


           ALPHA
              ETA1          ETA2          ETA3          Y
              ________      ________      ________      ________
                    0             0             0            17


           BETA
              ETA1          ETA2          ETA3          Y
              ________      ________      ________      ________
 ETA1               0             0             0             0
 ETA2               0             0             0             0
 ETA3               0             0             0             0
 Y                 18            19            20             0


           PSI
              ETA1          ETA2          ETA3          Y
              ________      ________      ________      ________
 ETA1              21
 ETA2              22            23
 ETA3               0             0             0
 Y                  0             0             0            24


     STARTING VALUES


           NU
              X1            X2            X3            M1            M2
              ________      ________      ________      ________      ________
                0.064         0.050         0.070        -0.035        -0.021


           NU
              M3            Y
              ________      ________
               -0.013         0.000


           LAMBDA
              ETA1          ETA2          ETA3          Y
              ________      ________      ________      ________
 X1             1.000         0.000         0.000         0.000
 X2             1.000         0.000         0.000         0.000
 X3             1.000         0.000         0.000         0.000
 M1             0.000         1.000         0.000         0.000
 M2             0.000         1.000         0.000         0.000
 M3             0.000         1.000         0.000         0.000
 Y              0.000         0.000         0.000         1.000


           THETA
              X1            X2            X3            M1            M2
              ________      ________      ________      ________      ________
 X1             0.788
 X2             0.000         0.678
 X3             0.000         0.000         0.532
 M1             0.000         0.000         0.000         0.912
 M2             0.000         0.000         0.000         0.000         0.635
 M3             0.000         0.000         0.000         0.000         0.000
 Y              0.000         0.000         0.000         0.000         0.000


           THETA
              M3            Y
              ________      ________
 M3             0.384
 Y              0.000         0.000


           ALPHA
              ETA1          ETA2          ETA3          Y
              ________      ________      ________      ________
                0.000         0.000         0.000         0.003


           BETA
              ETA1          ETA2          ETA3          Y
              ________      ________      ________      ________
 ETA1           0.000         0.000         0.000         0.000
 ETA2           0.000         0.000         0.000         0.000
 ETA3           0.000         0.000         0.000         0.000
 Y              0.000         0.000         0.000         0.000


           PSI
              ETA1          ETA2          ETA3          Y
              ________      ________      ________      ________
 ETA1           0.050
 ETA2           0.000         0.050
 ETA3           0.000         0.000         0.000
 Y              0.000         0.000         0.000         0.527


TECHNICAL 4 OUTPUT


     ESTIMATES DERIVED FROM THE MODEL


           ESTIMATED MEANS FOR THE LATENT VARIABLES
              ETA1          ETA2          ETA3          Y
              ________      ________      ________      ________
                0.000         0.000        -0.114         0.003


           S.E. FOR ESTIMATED MEANS FOR THE LATENT VARIABLES
              ETA1          ETA2          ETA3          Y
              ________      ________      ________      ________
                0.000         0.000         0.071         0.065


           EST./S.E. FOR ESTIMATED MEANS FOR THE LATENT VARIABLES
              ETA1          ETA2          ETA3          Y
              ________      ________      ________      ________
                0.000         0.000        -1.601         0.043


           TWO-TAILED P-VALUE FOR ESTIMATED MEANS FOR THE LATENT VARIABLES
              ETA1          ETA2          ETA3          Y
              ________      ________      ________      ________
                1.000         1.000         0.109         0.965


           ESTIMATED COVARIANCE MATRIX FOR THE LATENT VARIABLES
              ETA1          ETA2          ETA3          Y
              ________      ________      ________      ________
 ETA1           0.933
 ETA2          -0.114         0.963
 ETA3           0.000         0.000         0.911
 Y              0.248         0.394         0.308         1.049


           S.E. FOR ESTIMATED COVARIANCE MATRIX FOR THE LATENT VARIABLES
              ETA1          ETA2          ETA3          Y
              ________      ________      ________      ________
 ETA1           0.154
 ETA2           0.071         0.172
 ETA3           0.000         0.000         0.215
 Y              0.078         0.093         0.096         0.106


           EST./S.E. FOR ESTIMATED COVARIANCE MATRIX FOR THE LATENT VARIABLES
              ETA1          ETA2          ETA3          Y
              ________      ________      ________      ________
 ETA1           6.047
 ETA2          -1.601         5.587
 ETA3           0.000         0.000         4.235
 Y              3.186         4.234         3.215         9.926


           TWO-TAILED P-VALUE FOR ESTIMATED COVARIANCE MATRIX FOR THE LATENT VARIABLES
              ETA1          ETA2          ETA3          Y
              ________      ________      ________      ________
 ETA1           0.000
 ETA2           0.109         0.000
 ETA3           1.000         1.000         0.000
 Y              0.001         0.000         0.001         0.000


           ESTIMATED CORRELATION MATRIX FOR THE LATENT VARIABLES
              ETA1          ETA2          ETA3          Y
              ________      ________      ________      ________
 ETA1           1.000
 ETA2          -0.120         1.000
 ETA3           0.000         0.000         1.000
 Y              0.250         0.392         0.315         1.000


           S.E. FOR ESTIMATED CORRELATION MATRIX FOR THE LATENT VARIABLES
              ETA1          ETA2          ETA3          Y
              ________      ________      ________      ________
 ETA1           0.000
 ETA2           0.075         0.000
 ETA3           0.000         0.000         0.000
 Y              0.068         0.065         0.069         0.000


           EST./S.E. FOR ESTIMATED CORRELATION MATRIX FOR THE LATENT VARIABLES
              ETA1          ETA2          ETA3          Y
              ________      ________      ________      ________
 ETA1         999.000
 ETA2          -1.611       999.000
 ETA3           0.000         0.000       999.000
 Y              3.684         6.023         4.579       999.000


           TWO-TAILED P-VALUE FOR ESTIMATED CORRELATION MATRIX FOR THE LATENT VARIABLES
              ETA1          ETA2          ETA3          Y
              ________      ________      ________      ________
 ETA1           0.000
 ETA2           0.107         0.000
 ETA3           1.000         1.000         0.000
 Y              0.000         0.000         0.000         0.000


     Beginning Time:  01:34:11
        Ending Time:  01:36:57
       Elapsed Time:  00:02:46



MUTHEN & MUTHEN
3463 Stoner Ave.
Los Angeles, CA  90066

Tel: (310) 391-9971
Fax: (310) 391-8971
Web: www.StatModel.com
Support: Support@StatModel.com

Copyright (c) 1998-2022 Muthen & Muthen
