Mplus VERSION 8.8 (Mac)
MUTHEN & MUTHEN
08/20/2024  10:53 PM

INPUT INSTRUCTIONS

  TITLE: Data Analysis for SEM with Latent Interaction

  DATA:
    FILE = /Users/jimmy_z/desktop/Temp_Data/temp_data_326.dat;
    FORMAT = FREE;

  VARIABLE:
    NAMES ARE x1 x2 x3 m1 m2 m3 y;
    USEVARIABLES ARE x1 x2 x3 m1 m2 m3 y;

  ANALYSIS:
    TYPE = RANDOM;
    ESTIMATOR = MLR;
    ALGORITHM = INTEGRATION;
    INTEGRATION = MONTECARLO;

  MODEL:
    eta1 BY x1 x2 x3;
    eta2 BY m1 m2 m3;
    eta3 | eta1 XWITH eta2;
    y ON eta1 eta2 eta3;

  OUTPUT:
    STANDARDIZED;
    TECH1;
    TECH4;





INPUT READING TERMINATED NORMALLY



Data Analysis for SEM with Latent Interaction

SUMMARY OF ANALYSIS

Number of groups                                                 1
Number of observations                                         250

Number of dependent variables                                    7
Number of independent variables                                  0
Number of continuous latent variables                            3

Observed dependent variables

  Continuous
   X1          X2          X3          M1          M2          M3
   Y

Continuous latent variables
   ETA1        ETA2        ETA3


Estimator                                                      MLR
Information matrix                                        OBSERVED
Optimization Specifications for the Quasi-Newton Algorithm for
Continuous Outcomes
  Maximum number of iterations                                 100
  Convergence criterion                                  0.100D-05
Optimization Specifications for the EM Algorithm
  Maximum number of iterations                                 500
  Convergence criteria
    Loglikelihood change                                 0.100D-02
    Relative loglikelihood change                        0.100D-05
    Derivative                                           0.100D-02
Optimization Specifications for the M step of the EM Algorithm for
Categorical Latent variables
  Number of M step iterations                                    1
  M step convergence criterion                           0.100D-02
  Basis for M step termination                           ITERATION
Optimization Specifications for the M step of the EM Algorithm for
Censored, Binary or Ordered Categorical (Ordinal), Unordered
Categorical (Nominal) and Count Outcomes
  Number of M step iterations                                    1
  M step convergence criterion                           0.100D-02
  Basis for M step termination                           ITERATION
  Maximum value for logit thresholds                            15
  Minimum value for logit thresholds                           -15
  Minimum expected cell size for chi-square              0.100D-01
Optimization algorithm                                         EMA
Integration Specifications
  Type                                                  MONTECARLO
  Number of integration points                                2000
  Dimensions of numerical integration                            2
  Adaptive quadrature                                           ON
  Monte Carlo integration seed                                   0
Cholesky                                                       OFF

Input data file(s)
  /Users/jimmy_z/desktop/Temp_Data/temp_data_326.dat
Input data format  FREE



UNIVARIATE SAMPLE STATISTICS


     UNIVARIATE HIGHER-ORDER MOMENT DESCRIPTIVE STATISTICS

         Variable/         Mean/     Skewness/   Minimum/ % with                Percentiles
        Sample Size      Variance    Kurtosis    Maximum  Min/Max      20%/60%    40%/80%    Median

     X1                    0.001       0.025      -4.704    0.40%      -1.407     -0.305     -0.037
             250.000       3.063       0.063       4.825    0.40%       0.443      1.276
     X2                    0.053       0.366      -3.087    0.40%      -1.136     -0.372      0.001
             250.000       1.967       0.278       4.979    0.40%       0.347      1.242
     X3                   -0.083       0.275      -2.704    0.40%      -1.117     -0.365     -0.103
             250.000       1.329       0.120       4.012    0.40%       0.107      0.830
     M1                    0.066      -0.148      -5.156    0.40%      -1.273     -0.396      0.068
             250.000       2.312       0.157       4.190    0.40%       0.476      1.392
     M2                    0.117      -0.142      -4.224    0.40%      -1.026     -0.170      0.207
             250.000       1.786       0.213       3.559    0.40%       0.484      1.177
     M3                    0.128      -0.149      -2.758    0.40%      -0.975     -0.130      0.158
             250.000       1.299      -0.447       2.985    0.40%       0.466      1.128
     Y                     0.049       0.226      -2.868    0.40%      -0.845     -0.237      0.042
             250.000       1.109       0.891       4.539    0.40%       0.315      0.881


THE MODEL ESTIMATION TERMINATED NORMALLY



MODEL FIT INFORMATION

Number of Free Parameters                       24

Loglikelihood

          H0 Value                       -2765.109
          H0 Scaling Correction Factor      1.0054
            for MLR

Information Criteria

          Akaike (AIC)                    5578.218
          Bayesian (BIC)                  5662.733
          Sample-Size Adjusted BIC        5586.651
            (n* = (n + 2) / 24)



MODEL RESULTS

                                                    Two-Tailed
                    Estimate       S.E.  Est./S.E.    P-Value

 ETA1     BY
    X1                 1.000      0.000    999.000    999.000
    X2                 0.880      0.106      8.298      0.000
    X3                 0.739      0.090      8.229      0.000

 ETA2     BY
    M1                 1.000      0.000    999.000    999.000
    M2                 1.061      0.126      8.453      0.000
    M3                 0.993      0.132      7.497      0.000

 Y          ON
    ETA1               0.365      0.070      5.209      0.000
    ETA2               0.258      0.087      2.945      0.003
    ETA3               0.287      0.073      3.926      0.000

 ETA2     WITH
    ETA1               0.152      0.101      1.515      0.130

 Intercepts
    X1                 0.001      0.111      0.009      0.993
    X2                 0.053      0.089      0.589      0.556
    X3                -0.084      0.073     -1.146      0.252
    M1                 0.066      0.096      0.685      0.494
    M2                 0.117      0.084      1.388      0.165
    M3                 0.128      0.072      1.784      0.074
    Y                  0.005      0.068      0.080      0.936

 Variances
    ETA1               1.291      0.248      5.197      0.000
    ETA2               0.820      0.172      4.775      0.000

 Residual Variances
    X1                 1.774      0.228      7.797      0.000
    X2                 0.967      0.142      6.820      0.000
    X3                 0.623      0.091      6.864      0.000
    M1                 1.501      0.177      8.495      0.000
    M2                 0.862      0.115      7.485      0.000
    M3                 0.491      0.105      4.679      0.000
    Y                  0.765      0.079      9.652      0.000


QUALITY OF NUMERICAL RESULTS

     Condition Number for the Information Matrix              0.348E-03
       (ratio of smallest to largest eigenvalue)


STANDARDIZED MODEL RESULTS


STDYX Standardization

                                                    Two-Tailed
                    Estimate       S.E.  Est./S.E.    P-Value

 ETA1     BY
    X1                 0.649      0.050     13.058      0.000
    X2                 0.713      0.054     13.176      0.000
    X3                 0.729      0.050     14.433      0.000

 ETA2     BY
    M1                 0.594      0.051     11.727      0.000
    M2                 0.719      0.053     13.625      0.000
    M3                 0.789      0.053     14.858      0.000

 Y          ON
    ETA1               0.394      0.063      6.255      0.000
    ETA2               0.221      0.066      3.334      0.001
    ETA3               0.281      0.059      4.793      0.000

 ETA2     WITH
    ETA1               0.148      0.090      1.652      0.099

 Intercepts
    X1                 0.001      0.063      0.009      0.993
    X2                 0.037      0.063      0.593      0.553
    X3                -0.073      0.064     -1.134      0.257
    M1                 0.043      0.063      0.682      0.495
    M2                 0.088      0.064      1.377      0.169
    M3                 0.113      0.064      1.765      0.078
    Y                  0.005      0.065      0.080      0.936

 Variances
    ETA1               1.000      0.000    999.000    999.000
    ETA2               1.000      0.000    999.000    999.000

 Residual Variances
    X1                 0.579      0.065      8.970      0.000
    X2                 0.492      0.077      6.371      0.000
    X3                 0.469      0.074      6.375      0.000
    M1                 0.647      0.060     10.731      0.000
    M2                 0.483      0.076      6.360      0.000
    M3                 0.378      0.084      4.514      0.000
    Y                  0.689      0.069      9.981      0.000


STDY Standardization

                                                    Two-Tailed
                    Estimate       S.E.  Est./S.E.    P-Value

 ETA1     BY
    X1                 0.649      0.050     13.058      0.000
    X2                 0.713      0.054     13.176      0.000
    X3                 0.729      0.050     14.433      0.000

 ETA2     BY
    M1                 0.594      0.051     11.727      0.000
    M2                 0.719      0.053     13.625      0.000
    M3                 0.789      0.053     14.858      0.000

 Y          ON
    ETA1               0.394      0.063      6.255      0.000
    ETA2               0.221      0.066      3.334      0.001
    ETA3               0.281      0.059      4.793      0.000

 ETA2     WITH
    ETA1               0.148      0.090      1.652      0.099

 Intercepts
    X1                 0.001      0.063      0.009      0.993
    X2                 0.037      0.063      0.593      0.553
    X3                -0.073      0.064     -1.134      0.257
    M1                 0.043      0.063      0.682      0.495
    M2                 0.088      0.064      1.377      0.169
    M3                 0.113      0.064      1.765      0.078
    Y                  0.005      0.065      0.080      0.936

 Variances
    ETA1               1.000      0.000    999.000    999.000
    ETA2               1.000      0.000    999.000    999.000

 Residual Variances
    X1                 0.579      0.065      8.970      0.000
    X2                 0.492      0.077      6.371      0.000
    X3                 0.469      0.074      6.375      0.000
    M1                 0.647      0.060     10.731      0.000
    M2                 0.483      0.076      6.360      0.000
    M3                 0.378      0.084      4.514      0.000
    Y                  0.689      0.069      9.981      0.000


STD Standardization

                                                    Two-Tailed
                    Estimate       S.E.  Est./S.E.    P-Value

 ETA1     BY
    X1                 1.136      0.109     10.395      0.000
    X2                 1.000      0.105      9.535      0.000
    X3                 0.840      0.082     10.238      0.000

 ETA2     BY
    M1                 0.905      0.095      9.550      0.000
    M2                 0.961      0.102      9.416      0.000
    M3                 0.899      0.078     11.510      0.000

 Y          ON
    ETA1               0.415      0.073      5.667      0.000
    ETA2               0.233      0.072      3.231      0.001
    ETA3               0.296      0.068      4.369      0.000

 ETA2     WITH
    ETA1               0.148      0.090      1.652      0.099

 Intercepts
    X1                 0.001      0.111      0.009      0.993
    X2                 0.053      0.089      0.589      0.556
    X3                -0.084      0.073     -1.146      0.252
    M1                 0.066      0.096      0.685      0.494
    M2                 0.117      0.084      1.388      0.165
    M3                 0.128      0.072      1.784      0.074
    Y                  0.005      0.068      0.080      0.936

 Variances
    ETA1               1.000      0.000    999.000    999.000
    ETA2               1.000      0.000    999.000    999.000

 Residual Variances
    X1                 1.774      0.228      7.797      0.000
    X2                 0.967      0.142      6.820      0.000
    X3                 0.623      0.091      6.864      0.000
    M1                 1.501      0.177      8.495      0.000
    M2                 0.862      0.115      7.485      0.000
    M3                 0.491      0.105      4.679      0.000
    Y                  0.765      0.079      9.652      0.000


R-SQUARE

    Observed                                        Two-Tailed
    Variable        Estimate       S.E.  Est./S.E.    P-Value

    X1                 0.421      0.065      6.529      0.000
    X2                 0.508      0.077      6.588      0.000
    X3                 0.531      0.074      7.216      0.000
    M1                 0.353      0.060      5.864      0.000
    M2                 0.517      0.076      6.813      0.000
    M3                 0.622      0.084      7.429      0.000
    Y                  0.311      0.069      4.495      0.000


TECHNICAL 1 OUTPUT


     PARAMETER SPECIFICATION


           NU
              X1            X2            X3            M1            M2
              ________      ________      ________      ________      ________
                    1             2             3             4             5


           NU
              M3            Y
              ________      ________
                    6             0


           LAMBDA
              ETA1          ETA2          ETA3          Y
              ________      ________      ________      ________
 X1                 0             0             0             0
 X2                 7             0             0             0
 X3                 8             0             0             0
 M1                 0             0             0             0
 M2                 0             9             0             0
 M3                 0            10             0             0
 Y                  0             0             0             0


           THETA
              X1            X2            X3            M1            M2
              ________      ________      ________      ________      ________
 X1                11
 X2                 0            12
 X3                 0             0            13
 M1                 0             0             0            14
 M2                 0             0             0             0            15
 M3                 0             0             0             0             0
 Y                  0             0             0             0             0


           THETA
              M3            Y
              ________      ________
 M3                16
 Y                  0             0


           ALPHA
              ETA1          ETA2          ETA3          Y
              ________      ________      ________      ________
                    0             0             0            17


           BETA
              ETA1          ETA2          ETA3          Y
              ________      ________      ________      ________
 ETA1               0             0             0             0
 ETA2               0             0             0             0
 ETA3               0             0             0             0
 Y                 18            19            20             0


           PSI
              ETA1          ETA2          ETA3          Y
              ________      ________      ________      ________
 ETA1              21
 ETA2              22            23
 ETA3               0             0             0
 Y                  0             0             0            24


     STARTING VALUES


           NU
              X1            X2            X3            M1            M2
              ________      ________      ________      ________      ________
                0.001         0.053        -0.083         0.066         0.117


           NU
              M3            Y
              ________      ________
                0.128         0.000


           LAMBDA
              ETA1          ETA2          ETA3          Y
              ________      ________      ________      ________
 X1             1.000         0.000         0.000         0.000
 X2             1.000         0.000         0.000         0.000
 X3             1.000         0.000         0.000         0.000
 M1             0.000         1.000         0.000         0.000
 M2             0.000         1.000         0.000         0.000
 M3             0.000         1.000         0.000         0.000
 Y              0.000         0.000         0.000         1.000


           THETA
              X1            X2            X3            M1            M2
              ________      ________      ________      ________      ________
 X1             1.531
 X2             0.000         0.984
 X3             0.000         0.000         0.664
 M1             0.000         0.000         0.000         1.156
 M2             0.000         0.000         0.000         0.000         0.893
 M3             0.000         0.000         0.000         0.000         0.000
 Y              0.000         0.000         0.000         0.000         0.000


           THETA
              M3            Y
              ________      ________
 M3             0.649
 Y              0.000         0.000


           ALPHA
              ETA1          ETA2          ETA3          Y
              ________      ________      ________      ________
                0.000         0.000         0.000         0.049


           BETA
              ETA1          ETA2          ETA3          Y
              ________      ________      ________      ________
 ETA1           0.000         0.000         0.000         0.000
 ETA2           0.000         0.000         0.000         0.000
 ETA3           0.000         0.000         0.000         0.000
 Y              0.000         0.000         0.000         0.000


           PSI
              ETA1          ETA2          ETA3          Y
              ________      ________      ________      ________
 ETA1           0.050
 ETA2           0.000         0.050
 ETA3           0.000         0.000         0.000
 Y              0.000         0.000         0.000         0.554


TECHNICAL 4 OUTPUT


     ESTIMATES DERIVED FROM THE MODEL


           ESTIMATED MEANS FOR THE LATENT VARIABLES
              ETA1          ETA2          ETA3          Y
              ________      ________      ________      ________
                0.000         0.000         0.152         0.049


           S.E. FOR ESTIMATED MEANS FOR THE LATENT VARIABLES
              ETA1          ETA2          ETA3          Y
              ________      ________      ________      ________
                0.000         0.000         0.101         0.067


           EST./S.E. FOR ESTIMATED MEANS FOR THE LATENT VARIABLES
              ETA1          ETA2          ETA3          Y
              ________      ________      ________      ________
                0.000         0.000         1.515         0.740


           TWO-TAILED P-VALUE FOR ESTIMATED MEANS FOR THE LATENT VARIABLES
              ETA1          ETA2          ETA3          Y
              ________      ________      ________      ________
                1.000         1.000         0.130         0.459


           ESTIMATED COVARIANCE MATRIX FOR THE LATENT VARIABLES
              ETA1          ETA2          ETA3          Y
              ________      ________      ________      ________
 ETA1           1.291
 ETA2           0.152         0.820
 ETA3           0.000         0.000         1.082
 Y              0.511         0.267         0.311         1.110


           S.E. FOR ESTIMATED COVARIANCE MATRIX FOR THE LATENT VARIABLES
              ETA1          ETA2          ETA3          Y
              ________      ________      ________      ________
 ETA1           0.248
 ETA2           0.101         0.172
 ETA3           0.000         0.000         0.327
 Y              0.102         0.076         0.093         0.107


           EST./S.E. FOR ESTIMATED COVARIANCE MATRIX FOR THE LATENT VARIABLES
              ETA1          ETA2          ETA3          Y
              ________      ________      ________      ________
 ETA1           5.197
 ETA2           1.515         4.775
 ETA3           0.000         0.000         3.304
 Y              4.985         3.513         3.330        10.413


           TWO-TAILED P-VALUE FOR ESTIMATED COVARIANCE MATRIX FOR THE LATENT VARIABLES
              ETA1          ETA2          ETA3          Y
              ________      ________      ________      ________
 ETA1           0.000
 ETA2           0.130         0.000
 ETA3           1.000         1.000         0.001
 Y              0.000         0.000         0.001         0.000


           ESTIMATED CORRELATION MATRIX FOR THE LATENT VARIABLES
              ETA1          ETA2          ETA3          Y
              ________      ________      ________      ________
 ETA1           1.000
 ETA2           0.148         1.000
 ETA3           0.000         0.000         1.000
 Y              0.427         0.280         0.284         1.000


           S.E. FOR ESTIMATED CORRELATION MATRIX FOR THE LATENT VARIABLES
              ETA1          ETA2          ETA3          Y
              ________      ________      ________      ________
 ETA1           0.000
 ETA2           0.090         0.000
 ETA3           0.000         0.000         0.000
 Y              0.060         0.069         0.061         0.000


           EST./S.E. FOR ESTIMATED CORRELATION MATRIX FOR THE LATENT VARIABLES
              ETA1          ETA2          ETA3          Y
              ________      ________      ________      ________
 ETA1         999.000
 ETA2           1.652       999.000
 ETA3           0.000         0.000       999.000
 Y              7.059         4.076         4.687       999.000


           TWO-TAILED P-VALUE FOR ESTIMATED CORRELATION MATRIX FOR THE LATENT VARIABLES
              ETA1          ETA2          ETA3          Y
              ________      ________      ________      ________
 ETA1           0.000
 ETA2           0.099         0.000
 ETA3           1.000         1.000         0.000
 Y              0.000         0.000         0.000         0.000


     Beginning Time:  22:53:21
        Ending Time:  22:54:33
       Elapsed Time:  00:01:12



MUTHEN & MUTHEN
3463 Stoner Ave.
Los Angeles, CA  90066

Tel: (310) 391-9971
Fax: (310) 391-8971
Web: www.StatModel.com
Support: Support@StatModel.com

Copyright (c) 1998-2022 Muthen & Muthen
