Mplus VERSION 8.8 (Mac)
MUTHEN & MUTHEN
08/21/2024   1:34 AM

INPUT INSTRUCTIONS

  TITLE: Data Analysis for SEM with Latent Interaction

  DATA:
    FILE = /Users/jimmy_z/desktop/Temp_Data/temp_data_206.dat;
    FORMAT = FREE;

  VARIABLE:
    NAMES ARE x1 x2 x3 m1 m2 m3 y;
    USEVARIABLES ARE x1 x2 x3 m1 m2 m3 y;

  ANALYSIS:
    TYPE = RANDOM;
    ESTIMATOR = MLR;
    ALGORITHM = INTEGRATION;
    INTEGRATION = MONTECARLO;

  MODEL:
    eta1 BY x1 x2 x3;
    eta2 BY m1 m2 m3;
    eta3 | eta1 XWITH eta2;
    y ON eta1 eta2 eta3;

  OUTPUT:
    STANDARDIZED;
    TECH1;
    TECH4;





INPUT READING TERMINATED NORMALLY



Data Analysis for SEM with Latent Interaction

SUMMARY OF ANALYSIS

Number of groups                                                 1
Number of observations                                         250

Number of dependent variables                                    7
Number of independent variables                                  0
Number of continuous latent variables                            3

Observed dependent variables

  Continuous
   X1          X2          X3          M1          M2          M3
   Y

Continuous latent variables
   ETA1        ETA2        ETA3


Estimator                                                      MLR
Information matrix                                        OBSERVED
Optimization Specifications for the Quasi-Newton Algorithm for
Continuous Outcomes
  Maximum number of iterations                                 100
  Convergence criterion                                  0.100D-05
Optimization Specifications for the EM Algorithm
  Maximum number of iterations                                 500
  Convergence criteria
    Loglikelihood change                                 0.100D-02
    Relative loglikelihood change                        0.100D-05
    Derivative                                           0.100D-02
Optimization Specifications for the M step of the EM Algorithm for
Categorical Latent variables
  Number of M step iterations                                    1
  M step convergence criterion                           0.100D-02
  Basis for M step termination                           ITERATION
Optimization Specifications for the M step of the EM Algorithm for
Censored, Binary or Ordered Categorical (Ordinal), Unordered
Categorical (Nominal) and Count Outcomes
  Number of M step iterations                                    1
  M step convergence criterion                           0.100D-02
  Basis for M step termination                           ITERATION
  Maximum value for logit thresholds                            15
  Minimum value for logit thresholds                           -15
  Minimum expected cell size for chi-square              0.100D-01
Optimization algorithm                                         EMA
Integration Specifications
  Type                                                  MONTECARLO
  Number of integration points                                2000
  Dimensions of numerical integration                            2
  Adaptive quadrature                                           ON
  Monte Carlo integration seed                                   0
Cholesky                                                       OFF

Input data file(s)
  /Users/jimmy_z/desktop/Temp_Data/temp_data_206.dat
Input data format  FREE



UNIVARIATE SAMPLE STATISTICS


     UNIVARIATE HIGHER-ORDER MOMENT DESCRIPTIVE STATISTICS

         Variable/         Mean/     Skewness/   Minimum/ % with                Percentiles
        Sample Size      Variance    Kurtosis    Maximum  Min/Max      20%/60%    40%/80%    Median

     X1                    0.038      -0.096      -3.633    0.40%      -1.055     -0.349     -0.017
             250.000       1.642      -0.397       3.354    0.40%       0.382      1.217
     X2                   -0.057      -0.061      -2.832    0.40%      -1.077     -0.422     -0.048
             250.000       1.273      -0.416       2.883    0.40%       0.271      0.905
     X3                    0.030       0.060      -2.360    0.40%      -0.862     -0.242      0.059
             250.000       0.964      -0.505       2.359    0.40%       0.310      0.892
     M1                   -0.097       0.287      -3.154    0.40%      -1.376     -0.474     -0.216
             250.000       1.862      -0.219       3.937    0.40%       0.204      1.024
     M2                   -0.117       0.217      -3.323    0.40%      -1.139     -0.491     -0.134
             250.000       1.468      -0.022       3.035    0.40%       0.176      0.754
     M3                   -0.053       0.158      -2.149    0.40%      -0.836     -0.356     -0.088
             250.000       0.907      -0.271       2.899    0.40%       0.205      0.729
     Y                     0.035       0.453      -2.210    0.40%      -0.814     -0.250     -0.023
             250.000       0.989       0.615       3.474    0.40%       0.256      0.806


THE MODEL ESTIMATION TERMINATED NORMALLY



MODEL FIT INFORMATION

Number of Free Parameters                       24

Loglikelihood

          H0 Value                       -2396.271
          H0 Scaling Correction Factor      0.9864
            for MLR

Information Criteria

          Akaike (AIC)                    4840.541
          Bayesian (BIC)                  4925.056
          Sample-Size Adjusted BIC        4848.974
            (n* = (n + 2) / 24)



MODEL RESULTS

                                                    Two-Tailed
                    Estimate       S.E.  Est./S.E.    P-Value

 ETA1     BY
    X1                 1.000      0.000    999.000    999.000
    X2                 1.014      0.099     10.213      0.000
    X3                 0.877      0.086     10.156      0.000

 ETA2     BY
    M1                 1.000      0.000    999.000    999.000
    M2                 0.869      0.085     10.174      0.000
    M3                 0.694      0.065     10.745      0.000

 Y          ON
    ETA1               0.334      0.083      4.028      0.000
    ETA2               0.300      0.063      4.732      0.000
    ETA3               0.346      0.096      3.583      0.000

 ETA2     WITH
    ETA1               0.054      0.071      0.758      0.448

 Intercepts
    X1                 0.037      0.081      0.459      0.646
    X2                -0.057      0.072     -0.793      0.428
    X3                 0.030      0.062      0.484      0.628
    M1                -0.098      0.086     -1.137      0.256
    M2                -0.117      0.077     -1.533      0.125
    M3                -0.054      0.060     -0.891      0.373
    Y                  0.016      0.060      0.271      0.786

 Variances
    ETA1               0.803      0.135      5.953      0.000
    ETA2               1.091      0.164      6.635      0.000

 Residual Variances
    X1                 0.835      0.089      9.355      0.000
    X2                 0.447      0.074      6.042      0.000
    X3                 0.347      0.065      5.367      0.000
    M1                 0.772      0.106      7.287      0.000
    M2                 0.644      0.088      7.285      0.000
    M3                 0.381      0.046      8.273      0.000
    Y                  0.651      0.066      9.808      0.000


QUALITY OF NUMERICAL RESULTS

     Condition Number for the Information Matrix              0.289E-01
       (ratio of smallest to largest eigenvalue)


STANDARDIZED MODEL RESULTS


STDYX Standardization

                                                    Two-Tailed
                    Estimate       S.E.  Est./S.E.    P-Value

 ETA1     BY
    X1                 0.700      0.041     17.027      0.000
    X2                 0.806      0.037     21.821      0.000
    X3                 0.800      0.044     18.106      0.000

 ETA2     BY
    M1                 0.765      0.038     20.080      0.000
    M2                 0.749      0.042     17.703      0.000
    M3                 0.761      0.037     20.467      0.000

 Y          ON
    ETA1               0.307      0.068      4.543      0.000
    ETA2               0.320      0.065      4.924      0.000
    ETA3               0.331      0.078      4.260      0.000

 ETA2     WITH
    ETA1               0.058      0.076      0.754      0.451

 Intercepts
    X1                 0.029      0.064      0.458      0.647
    X2                -0.050      0.063     -0.794      0.427
    X3                 0.031      0.064      0.484      0.628
    M1                -0.072      0.064     -1.124      0.261
    M2                -0.097      0.064     -1.513      0.130
    M3                -0.056      0.063     -0.887      0.375
    Y                  0.017      0.061      0.272      0.786

 Variances
    ETA1               1.000      0.000    999.000    999.000
    ETA2               1.000      0.000    999.000    999.000

 Residual Variances
    X1                 0.510      0.058      8.846      0.000
    X2                 0.351      0.059      5.902      0.000
    X3                 0.360      0.071      5.084      0.000
    M1                 0.414      0.058      7.099      0.000
    M2                 0.439      0.063      6.920      0.000
    M3                 0.420      0.057      7.419      0.000
    Y                  0.682      0.066     10.290      0.000


STDY Standardization

                                                    Two-Tailed
                    Estimate       S.E.  Est./S.E.    P-Value

 ETA1     BY
    X1                 0.700      0.041     17.027      0.000
    X2                 0.806      0.037     21.821      0.000
    X3                 0.800      0.044     18.106      0.000

 ETA2     BY
    M1                 0.765      0.038     20.080      0.000
    M2                 0.749      0.042     17.703      0.000
    M3                 0.761      0.037     20.467      0.000

 Y          ON
    ETA1               0.307      0.068      4.543      0.000
    ETA2               0.320      0.065      4.924      0.000
    ETA3               0.331      0.078      4.260      0.000

 ETA2     WITH
    ETA1               0.058      0.076      0.754      0.451

 Intercepts
    X1                 0.029      0.064      0.458      0.647
    X2                -0.050      0.063     -0.794      0.427
    X3                 0.031      0.064      0.484      0.628
    M1                -0.072      0.064     -1.124      0.261
    M2                -0.097      0.064     -1.513      0.130
    M3                -0.056      0.063     -0.887      0.375
    Y                  0.017      0.061      0.272      0.786

 Variances
    ETA1               1.000      0.000    999.000    999.000
    ETA2               1.000      0.000    999.000    999.000

 Residual Variances
    X1                 0.510      0.058      8.846      0.000
    X2                 0.351      0.059      5.902      0.000
    X3                 0.360      0.071      5.084      0.000
    M1                 0.414      0.058      7.099      0.000
    M2                 0.439      0.063      6.920      0.000
    M3                 0.420      0.057      7.419      0.000
    Y                  0.682      0.066     10.290      0.000


STD Standardization

                                                    Two-Tailed
                    Estimate       S.E.  Est./S.E.    P-Value

 ETA1     BY
    X1                 0.896      0.075     11.906      0.000
    X2                 0.909      0.062     14.561      0.000
    X3                 0.786      0.061     12.976      0.000

 ETA2     BY
    M1                 1.045      0.079     13.270      0.000
    M2                 0.908      0.077     11.856      0.000
    M3                 0.725      0.056     12.894      0.000

 Y          ON
    ETA1               0.300      0.069      4.326      0.000
    ETA2               0.313      0.067      4.643      0.000
    ETA3               0.324      0.081      4.019      0.000

 ETA2     WITH
    ETA1               0.058      0.076      0.754      0.451

 Intercepts
    X1                 0.037      0.081      0.459      0.646
    X2                -0.057      0.072     -0.793      0.428
    X3                 0.030      0.062      0.484      0.628
    M1                -0.098      0.086     -1.137      0.256
    M2                -0.117      0.077     -1.533      0.125
    M3                -0.054      0.060     -0.891      0.373
    Y                  0.016      0.060      0.271      0.786

 Variances
    ETA1               1.000      0.000    999.000    999.000
    ETA2               1.000      0.000    999.000    999.000

 Residual Variances
    X1                 0.835      0.089      9.355      0.000
    X2                 0.447      0.074      6.042      0.000
    X3                 0.347      0.065      5.367      0.000
    M1                 0.772      0.106      7.287      0.000
    M2                 0.644      0.088      7.285      0.000
    M3                 0.381      0.046      8.273      0.000
    Y                  0.651      0.066      9.808      0.000


R-SQUARE

    Observed                                        Two-Tailed
    Variable        Estimate       S.E.  Est./S.E.    P-Value

    X1                 0.490      0.058      8.513      0.000
    X2                 0.649      0.059     10.910      0.000
    X3                 0.640      0.071      9.053      0.000
    M1                 0.586      0.058     10.040      0.000
    M2                 0.561      0.063      8.852      0.000
    M3                 0.580      0.057     10.233      0.000
    Y                  0.318      0.066      4.800      0.000


TECHNICAL 1 OUTPUT


     PARAMETER SPECIFICATION


           NU
              X1            X2            X3            M1            M2
              ________      ________      ________      ________      ________
                    1             2             3             4             5


           NU
              M3            Y
              ________      ________
                    6             0


           LAMBDA
              ETA1          ETA2          ETA3          Y
              ________      ________      ________      ________
 X1                 0             0             0             0
 X2                 7             0             0             0
 X3                 8             0             0             0
 M1                 0             0             0             0
 M2                 0             9             0             0
 M3                 0            10             0             0
 Y                  0             0             0             0


           THETA
              X1            X2            X3            M1            M2
              ________      ________      ________      ________      ________
 X1                11
 X2                 0            12
 X3                 0             0            13
 M1                 0             0             0            14
 M2                 0             0             0             0            15
 M3                 0             0             0             0             0
 Y                  0             0             0             0             0


           THETA
              M3            Y
              ________      ________
 M3                16
 Y                  0             0


           ALPHA
              ETA1          ETA2          ETA3          Y
              ________      ________      ________      ________
                    0             0             0            17


           BETA
              ETA1          ETA2          ETA3          Y
              ________      ________      ________      ________
 ETA1               0             0             0             0
 ETA2               0             0             0             0
 ETA3               0             0             0             0
 Y                 18            19            20             0


           PSI
              ETA1          ETA2          ETA3          Y
              ________      ________      ________      ________
 ETA1              21
 ETA2              22            23
 ETA3               0             0             0
 Y                  0             0             0            24


     STARTING VALUES


           NU
              X1            X2            X3            M1            M2
              ________      ________      ________      ________      ________
                0.038        -0.057         0.030        -0.097        -0.117


           NU
              M3            Y
              ________      ________
               -0.053         0.000


           LAMBDA
              ETA1          ETA2          ETA3          Y
              ________      ________      ________      ________
 X1             1.000         0.000         0.000         0.000
 X2             1.000         0.000         0.000         0.000
 X3             1.000         0.000         0.000         0.000
 M1             0.000         1.000         0.000         0.000
 M2             0.000         1.000         0.000         0.000
 M3             0.000         1.000         0.000         0.000
 Y              0.000         0.000         0.000         1.000


           THETA
              X1            X2            X3            M1            M2
              ________      ________      ________      ________      ________
 X1             0.821
 X2             0.000         0.637
 X3             0.000         0.000         0.482
 M1             0.000         0.000         0.000         0.931
 M2             0.000         0.000         0.000         0.000         0.734
 M3             0.000         0.000         0.000         0.000         0.000
 Y              0.000         0.000         0.000         0.000         0.000


           THETA
              M3            Y
              ________      ________
 M3             0.453
 Y              0.000         0.000


           ALPHA
              ETA1          ETA2          ETA3          Y
              ________      ________      ________      ________
                0.000         0.000         0.000         0.035


           BETA
              ETA1          ETA2          ETA3          Y
              ________      ________      ________      ________
 ETA1           0.000         0.000         0.000         0.000
 ETA2           0.000         0.000         0.000         0.000
 ETA3           0.000         0.000         0.000         0.000
 Y              0.000         0.000         0.000         0.000


           PSI
              ETA1          ETA2          ETA3          Y
              ________      ________      ________      ________
 ETA1           0.050
 ETA2           0.000         0.050
 ETA3           0.000         0.000         0.000
 Y              0.000         0.000         0.000         0.495


TECHNICAL 4 OUTPUT


     ESTIMATES DERIVED FROM THE MODEL


           ESTIMATED MEANS FOR THE LATENT VARIABLES
              ETA1          ETA2          ETA3          Y
              ________      ________      ________      ________
                0.000         0.000         0.054         0.035


           S.E. FOR ESTIMATED MEANS FOR THE LATENT VARIABLES
              ETA1          ETA2          ETA3          Y
              ________      ________      ________      ________
                0.000         0.000         0.071         0.063


           EST./S.E. FOR ESTIMATED MEANS FOR THE LATENT VARIABLES
              ETA1          ETA2          ETA3          Y
              ________      ________      ________      ________
                0.000         0.000         0.758         0.556


           TWO-TAILED P-VALUE FOR ESTIMATED MEANS FOR THE LATENT VARIABLES
              ETA1          ETA2          ETA3          Y
              ________      ________      ________      ________
                1.000         1.000         0.448         0.578


           ESTIMATED COVARIANCE MATRIX FOR THE LATENT VARIABLES
              ETA1          ETA2          ETA3          Y
              ________      ________      ________      ________
 ETA1           0.803
 ETA2           0.054         1.091
 ETA3           0.000         0.000         0.880
 Y              0.285         0.345         0.304         0.955


           S.E. FOR ESTIMATED COVARIANCE MATRIX FOR THE LATENT VARIABLES
              ETA1          ETA2          ETA3          Y
              ________      ________      ________      ________
 ETA1           0.135
 ETA2           0.071         0.164
 ETA3           0.000         0.000         0.194
 Y              0.069         0.081         0.082         0.089


           EST./S.E. FOR ESTIMATED COVARIANCE MATRIX FOR THE LATENT VARIABLES
              ETA1          ETA2          ETA3          Y
              ________      ________      ________      ________
 ETA1           5.953
 ETA2           0.758         6.635
 ETA3           0.000         0.000         4.528
 Y              4.123         4.234         3.724        10.707


           TWO-TAILED P-VALUE FOR ESTIMATED COVARIANCE MATRIX FOR THE LATENT VARIABLES
              ETA1          ETA2          ETA3          Y
              ________      ________      ________      ________
 ETA1           0.000
 ETA2           0.448         0.000
 ETA3           1.000         1.000         0.000
 Y              0.000         0.000         0.000         0.000


           ESTIMATED CORRELATION MATRIX FOR THE LATENT VARIABLES
              ETA1          ETA2          ETA3          Y
              ________      ________      ________      ________
 ETA1           1.000
 ETA2           0.058         1.000
 ETA3           0.000         0.000         1.000
 Y              0.325         0.338         0.332         1.000


           S.E. FOR ESTIMATED CORRELATION MATRIX FOR THE LATENT VARIABLES
              ETA1          ETA2          ETA3          Y
              ________      ________      ________      ________
 ETA1           0.000
 ETA2           0.076         0.000
 ETA3           0.000         0.000         0.000
 Y              0.071         0.064         0.078         0.000


           EST./S.E. FOR ESTIMATED CORRELATION MATRIX FOR THE LATENT VARIABLES
              ETA1          ETA2          ETA3          Y
              ________      ________      ________      ________
 ETA1         999.000
 ETA2           0.754       999.000
 ETA3           0.000         0.000       999.000
 Y              4.610         5.245         4.231       999.000


           TWO-TAILED P-VALUE FOR ESTIMATED CORRELATION MATRIX FOR THE LATENT VARIABLES
              ETA1          ETA2          ETA3          Y
              ________      ________      ________      ________
 ETA1           0.000
 ETA2           0.451         0.000
 ETA3           1.000         1.000         0.000
 Y              0.000         0.000         0.000         0.000


     Beginning Time:  01:34:11
        Ending Time:  01:36:56
       Elapsed Time:  00:02:45



MUTHEN & MUTHEN
3463 Stoner Ave.
Los Angeles, CA  90066

Tel: (310) 391-9971
Fax: (310) 391-8971
Web: www.StatModel.com
Support: Support@StatModel.com

Copyright (c) 1998-2022 Muthen & Muthen
