Mplus VERSION 8.8 (Mac)
MUTHEN & MUTHEN
08/20/2024  10:44 PM

INPUT INSTRUCTIONS

  TITLE: Data Analysis for SEM with Latent Interaction

  DATA:
    FILE = /Users/jimmy_z/desktop/Temp_Data/temp_data_273.dat;
    FORMAT = FREE;

  VARIABLE:
    NAMES ARE x1 x2 x3 m1 m2 m3 y;
    USEVARIABLES ARE x1 x2 x3 m1 m2 m3 y;

  ANALYSIS:
    TYPE = RANDOM;
    ESTIMATOR = MLR;
    ALGORITHM = INTEGRATION;
    INTEGRATION = MONTECARLO;

  MODEL:
    eta1 BY x1 x2 x3;
    eta2 BY m1 m2 m3;
    eta3 | eta1 XWITH eta2;
    y ON eta1 eta2 eta3;

  OUTPUT:
    STANDARDIZED;
    TECH1;
    TECH4;





INPUT READING TERMINATED NORMALLY



Data Analysis for SEM with Latent Interaction

SUMMARY OF ANALYSIS

Number of groups                                                 1
Number of observations                                         250

Number of dependent variables                                    7
Number of independent variables                                  0
Number of continuous latent variables                            3

Observed dependent variables

  Continuous
   X1          X2          X3          M1          M2          M3
   Y

Continuous latent variables
   ETA1        ETA2        ETA3


Estimator                                                      MLR
Information matrix                                        OBSERVED
Optimization Specifications for the Quasi-Newton Algorithm for
Continuous Outcomes
  Maximum number of iterations                                 100
  Convergence criterion                                  0.100D-05
Optimization Specifications for the EM Algorithm
  Maximum number of iterations                                 500
  Convergence criteria
    Loglikelihood change                                 0.100D-02
    Relative loglikelihood change                        0.100D-05
    Derivative                                           0.100D-02
Optimization Specifications for the M step of the EM Algorithm for
Categorical Latent variables
  Number of M step iterations                                    1
  M step convergence criterion                           0.100D-02
  Basis for M step termination                           ITERATION
Optimization Specifications for the M step of the EM Algorithm for
Censored, Binary or Ordered Categorical (Ordinal), Unordered
Categorical (Nominal) and Count Outcomes
  Number of M step iterations                                    1
  M step convergence criterion                           0.100D-02
  Basis for M step termination                           ITERATION
  Maximum value for logit thresholds                            15
  Minimum value for logit thresholds                           -15
  Minimum expected cell size for chi-square              0.100D-01
Optimization algorithm                                         EMA
Integration Specifications
  Type                                                  MONTECARLO
  Number of integration points                                2000
  Dimensions of numerical integration                            2
  Adaptive quadrature                                           ON
  Monte Carlo integration seed                                   0
Cholesky                                                       OFF

Input data file(s)
  /Users/jimmy_z/desktop/Temp_Data/temp_data_273.dat
Input data format  FREE



UNIVARIATE SAMPLE STATISTICS


     UNIVARIATE HIGHER-ORDER MOMENT DESCRIPTIVE STATISTICS

         Variable/         Mean/     Skewness/   Minimum/ % with                Percentiles
        Sample Size      Variance    Kurtosis    Maximum  Min/Max      20%/60%    40%/80%    Median

     X1                   -0.020       0.261      -4.536    0.40%      -1.314     -0.497     -0.144
             250.000       2.342       0.416       5.715    0.40%       0.270      1.112
     X2                    0.024      -0.135      -3.749    0.40%      -0.995     -0.196      0.041
             250.000       1.608       0.220       3.305    0.40%       0.296      1.014
     X3                   -0.007      -0.013      -4.009    0.40%      -1.097     -0.305      0.062
             250.000       1.463       0.257       4.359    0.40%       0.339      1.021
     M1                   -0.070       0.251      -4.829    0.40%      -1.432     -0.660     -0.200
             250.000       2.516      -0.116       4.261    0.40%       0.318      1.398
     M2                   -0.078      -0.113      -4.124    0.40%      -1.422     -0.417     -0.025
             250.000       2.053      -0.574       3.258    0.40%       0.362      1.290
     M3                   -0.096       0.072      -3.739    0.40%      -1.109     -0.507     -0.052
             250.000       1.212      -0.325       2.945    0.40%       0.233      0.771
     Y                     0.011      -0.112      -3.009    0.40%      -0.855     -0.234      0.051
             250.000       1.040      -0.102       2.785    0.40%       0.329      0.857


THE MODEL ESTIMATION TERMINATED NORMALLY



MODEL FIT INFORMATION

Number of Free Parameters                       24

Loglikelihood

          H0 Value                       -2762.075
          H0 Scaling Correction Factor      1.0218
            for MLR

Information Criteria

          Akaike (AIC)                    5572.149
          Bayesian (BIC)                  5656.664
          Sample-Size Adjusted BIC        5580.582
            (n* = (n + 2) / 24)



MODEL RESULTS

                                                    Two-Tailed
                    Estimate       S.E.  Est./S.E.    P-Value

 ETA1     BY
    X1                 1.000      0.000    999.000    999.000
    X2                 0.807      0.152      5.314      0.000
    X3                 0.679      0.085      7.946      0.000

 ETA2     BY
    M1                 1.000      0.000    999.000    999.000
    M2                 0.837      0.111      7.541      0.000
    M3                 0.588      0.075      7.816      0.000

 Y          ON
    ETA1               0.324      0.086      3.783      0.000
    ETA2               0.307      0.071      4.335      0.000
    ETA3               0.062      0.059      1.063      0.288

 ETA2     WITH
    ETA1               0.019      0.136      0.139      0.889

 Intercepts
    X1                -0.019      0.097     -0.195      0.846
    X2                 0.025      0.080      0.311      0.756
    X3                -0.006      0.076     -0.081      0.936
    M1                -0.071      0.100     -0.703      0.482
    M2                -0.078      0.091     -0.858      0.391
    M3                -0.096      0.070     -1.376      0.169
    Y                  0.010      0.064      0.151      0.880

 Variances
    ETA1               1.187      0.264      4.497      0.000
    ETA2               1.344      0.243      5.530      0.000

 Residual Variances
    X1                 1.150      0.172      6.696      0.000
    X2                 0.835      0.139      6.017      0.000
    X3                 0.916      0.113      8.141      0.000
    M1                 1.171      0.174      6.743      0.000
    M2                 1.111      0.155      7.157      0.000
    M3                 0.748      0.093      8.034      0.000
    Y                  0.772      0.076     10.214      0.000


QUALITY OF NUMERICAL RESULTS

     Condition Number for the Information Matrix              0.615E-03
       (ratio of smallest to largest eigenvalue)


STANDARDIZED MODEL RESULTS


STDYX Standardization

                                                    Two-Tailed
                    Estimate       S.E.  Est./S.E.    P-Value

 ETA1     BY
    X1                 0.713      0.057     12.484      0.000
    X2                 0.693      0.066     10.476      0.000
    X3                 0.612      0.068      9.039      0.000

 ETA2     BY
    M1                 0.731      0.049     15.026      0.000
    M2                 0.677      0.055     12.416      0.000
    M3                 0.619      0.054     11.439      0.000

 Y          ON
    ETA1               0.347      0.075      4.607      0.000
    ETA2               0.350      0.070      4.995      0.000
    ETA3               0.077      0.076      1.019      0.308

 ETA2     WITH
    ETA1               0.015      0.107      0.140      0.889

 Intercepts
    X1                -0.012      0.063     -0.194      0.846
    X2                 0.020      0.063      0.311      0.756
    X3                -0.005      0.063     -0.081      0.936
    M1                -0.045      0.064     -0.699      0.484
    M2                -0.054      0.063     -0.860      0.390
    M3                -0.087      0.064     -1.369      0.171
    Y                  0.009      0.063      0.151      0.880

 Variances
    ETA1               1.000      0.000    999.000    999.000
    ETA2               1.000      0.000    999.000    999.000

 Residual Variances
    X1                 0.492      0.081      6.049      0.000
    X2                 0.520      0.092      5.664      0.000
    X3                 0.626      0.083      7.562      0.000
    M1                 0.466      0.071      6.547      0.000
    M2                 0.541      0.074      7.323      0.000
    M3                 0.617      0.067      9.221      0.000
    Y                  0.747      0.062     12.098      0.000


STDY Standardization

                                                    Two-Tailed
                    Estimate       S.E.  Est./S.E.    P-Value

 ETA1     BY
    X1                 0.713      0.057     12.484      0.000
    X2                 0.693      0.066     10.476      0.000
    X3                 0.612      0.068      9.039      0.000

 ETA2     BY
    M1                 0.731      0.049     15.026      0.000
    M2                 0.677      0.055     12.416      0.000
    M3                 0.619      0.054     11.439      0.000

 Y          ON
    ETA1               0.347      0.075      4.607      0.000
    ETA2               0.350      0.070      4.995      0.000
    ETA3               0.077      0.076      1.019      0.308

 ETA2     WITH
    ETA1               0.015      0.107      0.140      0.889

 Intercepts
    X1                -0.012      0.063     -0.194      0.846
    X2                 0.020      0.063      0.311      0.756
    X3                -0.005      0.063     -0.081      0.936
    M1                -0.045      0.064     -0.699      0.484
    M2                -0.054      0.063     -0.860      0.390
    M3                -0.087      0.064     -1.369      0.171
    Y                  0.009      0.063      0.151      0.880

 Variances
    ETA1               1.000      0.000    999.000    999.000
    ETA2               1.000      0.000    999.000    999.000

 Residual Variances
    X1                 0.492      0.081      6.049      0.000
    X2                 0.520      0.092      5.664      0.000
    X3                 0.626      0.083      7.562      0.000
    M1                 0.466      0.071      6.547      0.000
    M2                 0.541      0.074      7.323      0.000
    M3                 0.617      0.067      9.221      0.000
    Y                  0.747      0.062     12.098      0.000


STD Standardization

                                                    Two-Tailed
                    Estimate       S.E.  Est./S.E.    P-Value

 ETA1     BY
    X1                 1.089      0.121      8.993      0.000
    X2                 0.879      0.107      8.251      0.000
    X3                 0.740      0.103      7.205      0.000

 ETA2     BY
    M1                 1.159      0.105     11.059      0.000
    M2                 0.971      0.094     10.348      0.000
    M3                 0.681      0.070      9.752      0.000

 Y          ON
    ETA1               0.353      0.081      4.369      0.000
    ETA2               0.356      0.076      4.716      0.000
    ETA3               0.079      0.077      1.022      0.307

 ETA2     WITH
    ETA1               0.015      0.107      0.140      0.889

 Intercepts
    X1                -0.019      0.097     -0.195      0.846
    X2                 0.025      0.080      0.311      0.756
    X3                -0.006      0.076     -0.081      0.936
    M1                -0.071      0.100     -0.703      0.482
    M2                -0.078      0.091     -0.858      0.391
    M3                -0.096      0.070     -1.376      0.169
    Y                  0.010      0.064      0.151      0.880

 Variances
    ETA1               1.000      0.000    999.000    999.000
    ETA2               1.000      0.000    999.000    999.000

 Residual Variances
    X1                 1.150      0.172      6.696      0.000
    X2                 0.835      0.139      6.017      0.000
    X3                 0.916      0.113      8.141      0.000
    M1                 1.171      0.174      6.743      0.000
    M2                 1.111      0.155      7.157      0.000
    M3                 0.748      0.093      8.034      0.000
    Y                  0.772      0.076     10.214      0.000


R-SQUARE

    Observed                                        Two-Tailed
    Variable        Estimate       S.E.  Est./S.E.    P-Value

    X1                 0.508      0.081      6.242      0.000
    X2                 0.480      0.092      5.238      0.000
    X3                 0.374      0.083      4.519      0.000
    M1                 0.534      0.071      7.513      0.000
    M2                 0.459      0.074      6.208      0.000
    M3                 0.383      0.067      5.719      0.000
    Y                  0.253      0.062      4.094      0.000


TECHNICAL 1 OUTPUT


     PARAMETER SPECIFICATION


           NU
              X1            X2            X3            M1            M2
              ________      ________      ________      ________      ________
                    1             2             3             4             5


           NU
              M3            Y
              ________      ________
                    6             0


           LAMBDA
              ETA1          ETA2          ETA3          Y
              ________      ________      ________      ________
 X1                 0             0             0             0
 X2                 7             0             0             0
 X3                 8             0             0             0
 M1                 0             0             0             0
 M2                 0             9             0             0
 M3                 0            10             0             0
 Y                  0             0             0             0


           THETA
              X1            X2            X3            M1            M2
              ________      ________      ________      ________      ________
 X1                11
 X2                 0            12
 X3                 0             0            13
 M1                 0             0             0            14
 M2                 0             0             0             0            15
 M3                 0             0             0             0             0
 Y                  0             0             0             0             0


           THETA
              M3            Y
              ________      ________
 M3                16
 Y                  0             0


           ALPHA
              ETA1          ETA2          ETA3          Y
              ________      ________      ________      ________
                    0             0             0            17


           BETA
              ETA1          ETA2          ETA3          Y
              ________      ________      ________      ________
 ETA1               0             0             0             0
 ETA2               0             0             0             0
 ETA3               0             0             0             0
 Y                 18            19            20             0


           PSI
              ETA1          ETA2          ETA3          Y
              ________      ________      ________      ________
 ETA1              21
 ETA2              22            23
 ETA3               0             0             0
 Y                  0             0             0            24


     STARTING VALUES


           NU
              X1            X2            X3            M1            M2
              ________      ________      ________      ________      ________
               -0.020         0.024        -0.007        -0.070        -0.078


           NU
              M3            Y
              ________      ________
               -0.096         0.000


           LAMBDA
              ETA1          ETA2          ETA3          Y
              ________      ________      ________      ________
 X1             1.000         0.000         0.000         0.000
 X2             1.000         0.000         0.000         0.000
 X3             1.000         0.000         0.000         0.000
 M1             0.000         1.000         0.000         0.000
 M2             0.000         1.000         0.000         0.000
 M3             0.000         1.000         0.000         0.000
 Y              0.000         0.000         0.000         1.000


           THETA
              X1            X2            X3            M1            M2
              ________      ________      ________      ________      ________
 X1             1.171
 X2             0.000         0.804
 X3             0.000         0.000         0.732
 M1             0.000         0.000         0.000         1.258
 M2             0.000         0.000         0.000         0.000         1.027
 M3             0.000         0.000         0.000         0.000         0.000
 Y              0.000         0.000         0.000         0.000         0.000


           THETA
              M3            Y
              ________      ________
 M3             0.606
 Y              0.000         0.000


           ALPHA
              ETA1          ETA2          ETA3          Y
              ________      ________      ________      ________
                0.000         0.000         0.000         0.011


           BETA
              ETA1          ETA2          ETA3          Y
              ________      ________      ________      ________
 ETA1           0.000         0.000         0.000         0.000
 ETA2           0.000         0.000         0.000         0.000
 ETA3           0.000         0.000         0.000         0.000
 Y              0.000         0.000         0.000         0.000


           PSI
              ETA1          ETA2          ETA3          Y
              ________      ________      ________      ________
 ETA1           0.050
 ETA2           0.000         0.050
 ETA3           0.000         0.000         0.000
 Y              0.000         0.000         0.000         0.520


TECHNICAL 4 OUTPUT


     ESTIMATES DERIVED FROM THE MODEL


           ESTIMATED MEANS FOR THE LATENT VARIABLES
              ETA1          ETA2          ETA3          Y
              ________      ________      ________      ________
                0.000         0.000         0.019         0.011


           S.E. FOR ESTIMATED MEANS FOR THE LATENT VARIABLES
              ETA1          ETA2          ETA3          Y
              ________      ________      ________      ________
                0.000         0.000         0.136         0.064


           EST./S.E. FOR ESTIMATED MEANS FOR THE LATENT VARIABLES
              ETA1          ETA2          ETA3          Y
              ________      ________      ________      ________
                0.000         0.000         0.139         0.168


           TWO-TAILED P-VALUE FOR ESTIMATED MEANS FOR THE LATENT VARIABLES
              ETA1          ETA2          ETA3          Y
              ________      ________      ________      ________
                1.000         1.000         0.889         0.867


           ESTIMATED COVARIANCE MATRIX FOR THE LATENT VARIABLES
              ETA1          ETA2          ETA3          Y
              ________      ________      ________      ________
 ETA1           1.187
 ETA2           0.019         1.344
 ETA3           0.000         0.000         1.595
 Y              0.390         0.419         0.099         1.034


           S.E. FOR ESTIMATED COVARIANCE MATRIX FOR THE LATENT VARIABLES
              ETA1          ETA2          ETA3          Y
              ________      ________      ________      ________
 ETA1           0.264
 ETA2           0.136         0.243
 ETA3           0.000         0.000         0.470
 Y              0.099         0.100         0.103         0.089


           EST./S.E. FOR ESTIMATED COVARIANCE MATRIX FOR THE LATENT VARIABLES
              ETA1          ETA2          ETA3          Y
              ________      ________      ________      ________
 ETA1           4.497
 ETA2           0.139         5.530
 ETA3           0.000         0.000         3.391
 Y              3.950         4.183         0.965        11.617


           TWO-TAILED P-VALUE FOR ESTIMATED COVARIANCE MATRIX FOR THE LATENT VARIABLES
              ETA1          ETA2          ETA3          Y
              ________      ________      ________      ________
 ETA1           0.000
 ETA2           0.889         0.000
 ETA3           1.000         1.000         0.001
 Y              0.000         0.000         0.334         0.000


           ESTIMATED CORRELATION MATRIX FOR THE LATENT VARIABLES
              ETA1          ETA2          ETA3          Y
              ________      ________      ________      ________
 ETA1           1.000
 ETA2           0.015         1.000
 ETA3           0.000         0.000         1.000
 Y              0.352         0.356         0.077         1.000


           S.E. FOR ESTIMATED CORRELATION MATRIX FOR THE LATENT VARIABLES
              ETA1          ETA2          ETA3          Y
              ________      ________      ________      ________
 ETA1           0.000
 ETA2           0.107         0.000
 ETA3           0.000         0.000         0.000
 Y              0.073         0.075         0.076         0.000


           EST./S.E. FOR ESTIMATED CORRELATION MATRIX FOR THE LATENT VARIABLES
              ETA1          ETA2          ETA3          Y
              ________      ________      ________      ________
 ETA1         999.000
 ETA2           0.140       999.000
 ETA3           0.000         0.000       999.000
 Y              4.816         4.765         1.018       999.000


           TWO-TAILED P-VALUE FOR ESTIMATED CORRELATION MATRIX FOR THE LATENT VARIABLES
              ETA1          ETA2          ETA3          Y
              ________      ________      ________      ________
 ETA1           0.000
 ETA2           0.889         0.000
 ETA3           1.000         1.000         0.000
 Y              0.000         0.000         0.308         0.000


     Beginning Time:  22:44:30
        Ending Time:  22:45:39
       Elapsed Time:  00:01:09



MUTHEN & MUTHEN
3463 Stoner Ave.
Los Angeles, CA  90066

Tel: (310) 391-9971
Fax: (310) 391-8971
Web: www.StatModel.com
Support: Support@StatModel.com

Copyright (c) 1998-2022 Muthen & Muthen
