Mplus VERSION 8.8 (Mac)
MUTHEN & MUTHEN
08/20/2024  11:33 PM

INPUT INSTRUCTIONS

  TITLE: Data Analysis for SEM with Latent Interaction

  DATA:
    FILE = /Users/jimmy_z/desktop/Temp_Data/temp_data_57.dat;
    FORMAT = FREE;

  VARIABLE:
    NAMES ARE x1 x2 x3 m1 m2 m3 y;
    USEVARIABLES ARE x1 x2 x3 m1 m2 m3 y;

  ANALYSIS:
    TYPE = RANDOM;
    ESTIMATOR = MLR;
    ALGORITHM = INTEGRATION;
    INTEGRATION = MONTECARLO;

  MODEL:
    eta1 BY x1 x2 x3;
    eta2 BY m1 m2 m3;
    eta3 | eta1 XWITH eta2;
    y ON eta1 eta2 eta3;

  OUTPUT:
    STANDARDIZED;
    TECH1;
    TECH4;





INPUT READING TERMINATED NORMALLY



Data Analysis for SEM with Latent Interaction

SUMMARY OF ANALYSIS

Number of groups                                                 1
Number of observations                                         250

Number of dependent variables                                    7
Number of independent variables                                  0
Number of continuous latent variables                            3

Observed dependent variables

  Continuous
   X1          X2          X3          M1          M2          M3
   Y

Continuous latent variables
   ETA1        ETA2        ETA3


Estimator                                                      MLR
Information matrix                                        OBSERVED
Optimization Specifications for the Quasi-Newton Algorithm for
Continuous Outcomes
  Maximum number of iterations                                 100
  Convergence criterion                                  0.100D-05
Optimization Specifications for the EM Algorithm
  Maximum number of iterations                                 500
  Convergence criteria
    Loglikelihood change                                 0.100D-02
    Relative loglikelihood change                        0.100D-05
    Derivative                                           0.100D-02
Optimization Specifications for the M step of the EM Algorithm for
Categorical Latent variables
  Number of M step iterations                                    1
  M step convergence criterion                           0.100D-02
  Basis for M step termination                           ITERATION
Optimization Specifications for the M step of the EM Algorithm for
Censored, Binary or Ordered Categorical (Ordinal), Unordered
Categorical (Nominal) and Count Outcomes
  Number of M step iterations                                    1
  M step convergence criterion                           0.100D-02
  Basis for M step termination                           ITERATION
  Maximum value for logit thresholds                            15
  Minimum value for logit thresholds                           -15
  Minimum expected cell size for chi-square              0.100D-01
Optimization algorithm                                         EMA
Integration Specifications
  Type                                                  MONTECARLO
  Number of integration points                                2000
  Dimensions of numerical integration                            2
  Adaptive quadrature                                           ON
  Monte Carlo integration seed                                   0
Cholesky                                                       OFF

Input data file(s)
  /Users/jimmy_z/desktop/Temp_Data/temp_data_57.dat
Input data format  FREE



UNIVARIATE SAMPLE STATISTICS


     UNIVARIATE HIGHER-ORDER MOMENT DESCRIPTIVE STATISTICS

         Variable/         Mean/     Skewness/   Minimum/ % with                Percentiles
        Sample Size      Variance    Kurtosis    Maximum  Min/Max      20%/60%    40%/80%    Median

     X1                    0.006      -0.192      -4.690    0.40%      -1.046     -0.337     -0.029
             250.000       1.754       0.269       3.615    0.40%       0.375      1.052
     X2                    0.018       0.560      -2.687    0.40%      -0.935     -0.334     -0.078
             250.000       1.399       0.771       4.453    0.40%       0.154      0.932
     X3                   -0.001       0.024      -2.534    0.40%      -0.818     -0.260      0.012
             250.000       0.847      -0.126       2.386    0.40%       0.270      0.707
     M1                   -0.065       0.041      -4.050    0.40%      -1.251     -0.465     -0.011
             250.000       1.834      -0.027       3.861    0.40%       0.292      1.098
     M2                    0.032       0.087      -3.783    0.40%      -0.916     -0.253     -0.005
             250.000       1.319       0.158       3.077    0.40%       0.282      0.949
     M3                   -0.001       0.101      -2.489    0.40%      -0.840     -0.317     -0.023
             250.000       0.907      -0.164       3.002    0.40%       0.213      0.887
     Y                     0.062       0.073      -2.388    0.40%      -0.852     -0.216      0.049
             250.000       1.136      -0.364       3.355    0.40%       0.295      1.002


THE MODEL ESTIMATION TERMINATED NORMALLY



MODEL FIT INFORMATION

Number of Free Parameters                       24

Loglikelihood

          H0 Value                       -2450.878
          H0 Scaling Correction Factor      0.9688
            for MLR

Information Criteria

          Akaike (AIC)                    4949.757
          Bayesian (BIC)                  5034.272
          Sample-Size Adjusted BIC        4958.190
            (n* = (n + 2) / 24)



MODEL RESULTS

                                                    Two-Tailed
                    Estimate       S.E.  Est./S.E.    P-Value

 ETA1     BY
    X1                 1.000      0.000    999.000    999.000
    X2                 0.991      0.135      7.359      0.000
    X3                 0.768      0.088      8.739      0.000

 ETA2     BY
    M1                 1.000      0.000    999.000    999.000
    M2                 0.725      0.080      9.070      0.000
    M3                 0.677      0.067     10.132      0.000

 Y          ON
    ETA1               0.399      0.075      5.315      0.000
    ETA2               0.278      0.063      4.440      0.000
    ETA3               0.187      0.068      2.748      0.006

 ETA2     WITH
    ETA1               0.072      0.072      1.001      0.317

 Intercepts
    X1                 0.006      0.084      0.068      0.946
    X2                 0.017      0.075      0.232      0.816
    X3                -0.002      0.058     -0.026      0.979
    M1                -0.065      0.086     -0.761      0.447
    M2                 0.033      0.073      0.448      0.654
    M3                -0.001      0.060     -0.021      0.983
    Y                  0.048      0.067      0.718      0.473

 Variances
    ETA1               0.800      0.156      5.120      0.000
    ETA2               1.178      0.171      6.906      0.000

 Residual Variances
    X1                 0.949      0.110      8.591      0.000
    X2                 0.614      0.095      6.452      0.000
    X3                 0.375      0.054      6.902      0.000
    M1                 0.655      0.109      6.040      0.000
    M2                 0.700      0.076      9.210      0.000
    M3                 0.367      0.047      7.832      0.000
    Y                  0.873      0.081     10.819      0.000


QUALITY OF NUMERICAL RESULTS

     Condition Number for the Information Matrix              0.386E-03
       (ratio of smallest to largest eigenvalue)


STANDARDIZED MODEL RESULTS


STDYX Standardization

                                                    Two-Tailed
                    Estimate       S.E.  Est./S.E.    P-Value

 ETA1     BY
    X1                 0.676      0.046     14.574      0.000
    X2                 0.749      0.047     15.862      0.000
    X3                 0.747      0.046     16.106      0.000

 ETA2     BY
    M1                 0.802      0.037     21.576      0.000
    M2                 0.685      0.040     16.933      0.000
    M3                 0.772      0.038     20.498      0.000

 Y          ON
    ETA1               0.334      0.059      5.679      0.000
    ETA2               0.282      0.061      4.639      0.000
    ETA3               0.170      0.060      2.850      0.004

 ETA2     WITH
    ETA1               0.075      0.074      1.002      0.316

 Intercepts
    X1                 0.004      0.064      0.068      0.946
    X2                 0.015      0.063      0.233      0.815
    X3                -0.002      0.064     -0.026      0.979
    M1                -0.048      0.063     -0.759      0.448
    M2                 0.028      0.063      0.448      0.654
    M3                -0.001      0.063     -0.021      0.983
    Y                  0.045      0.063      0.718      0.473

 Variances
    ETA1               1.000      0.000    999.000    999.000
    ETA2               1.000      0.000    999.000    999.000

 Residual Variances
    X1                 0.543      0.063      8.645      0.000
    X2                 0.439      0.071      6.196      0.000
    X3                 0.442      0.069      6.391      0.000
    M1                 0.357      0.060      6.003      0.000
    M2                 0.531      0.055      9.585      0.000
    M3                 0.404      0.058      6.952      0.000
    Y                  0.765      0.055     13.937      0.000


STDY Standardization

                                                    Two-Tailed
                    Estimate       S.E.  Est./S.E.    P-Value

 ETA1     BY
    X1                 0.676      0.046     14.574      0.000
    X2                 0.749      0.047     15.862      0.000
    X3                 0.747      0.046     16.106      0.000

 ETA2     BY
    M1                 0.802      0.037     21.576      0.000
    M2                 0.685      0.040     16.933      0.000
    M3                 0.772      0.038     20.498      0.000

 Y          ON
    ETA1               0.334      0.059      5.679      0.000
    ETA2               0.282      0.061      4.639      0.000
    ETA3               0.170      0.060      2.850      0.004

 ETA2     WITH
    ETA1               0.075      0.074      1.002      0.316

 Intercepts
    X1                 0.004      0.064      0.068      0.946
    X2                 0.015      0.063      0.233      0.815
    X3                -0.002      0.064     -0.026      0.979
    M1                -0.048      0.063     -0.759      0.448
    M2                 0.028      0.063      0.448      0.654
    M3                -0.001      0.063     -0.021      0.983
    Y                  0.045      0.063      0.718      0.473

 Variances
    ETA1               1.000      0.000    999.000    999.000
    ETA2               1.000      0.000    999.000    999.000

 Residual Variances
    X1                 0.543      0.063      8.645      0.000
    X2                 0.439      0.071      6.196      0.000
    X3                 0.442      0.069      6.391      0.000
    M1                 0.357      0.060      6.003      0.000
    M2                 0.531      0.055      9.585      0.000
    M3                 0.404      0.058      6.952      0.000
    Y                  0.765      0.055     13.937      0.000


STD Standardization

                                                    Two-Tailed
                    Estimate       S.E.  Est./S.E.    P-Value

 ETA1     BY
    X1                 0.894      0.087     10.240      0.000
    X2                 0.886      0.085     10.370      0.000
    X3                 0.687      0.061     11.250      0.000

 ETA2     BY
    M1                 1.085      0.079     13.812      0.000
    M2                 0.787      0.070     11.299      0.000
    M3                 0.735      0.058     12.695      0.000

 Y          ON
    ETA1               0.357      0.067      5.369      0.000
    ETA2               0.301      0.068      4.455      0.000
    ETA3               0.181      0.065      2.789      0.005

 ETA2     WITH
    ETA1               0.075      0.074      1.002      0.316

 Intercepts
    X1                 0.006      0.084      0.068      0.946
    X2                 0.017      0.075      0.232      0.816
    X3                -0.002      0.058     -0.026      0.979
    M1                -0.065      0.086     -0.761      0.447
    M2                 0.033      0.073      0.448      0.654
    M3                -0.001      0.060     -0.021      0.983
    Y                  0.048      0.067      0.718      0.473

 Variances
    ETA1               1.000      0.000    999.000    999.000
    ETA2               1.000      0.000    999.000    999.000

 Residual Variances
    X1                 0.949      0.110      8.591      0.000
    X2                 0.614      0.095      6.452      0.000
    X3                 0.375      0.054      6.902      0.000
    M1                 0.655      0.109      6.040      0.000
    M2                 0.700      0.076      9.210      0.000
    M3                 0.367      0.047      7.832      0.000
    Y                  0.873      0.081     10.819      0.000


R-SQUARE

    Observed                                        Two-Tailed
    Variable        Estimate       S.E.  Est./S.E.    P-Value

    X1                 0.457      0.063      7.287      0.000
    X2                 0.561      0.071      7.931      0.000
    X3                 0.558      0.069      8.053      0.000
    M1                 0.643      0.060     10.788      0.000
    M2                 0.469      0.055      8.467      0.000
    M3                 0.596      0.058     10.249      0.000
    Y                  0.235      0.055      4.270      0.000


TECHNICAL 1 OUTPUT


     PARAMETER SPECIFICATION


           NU
              X1            X2            X3            M1            M2
              ________      ________      ________      ________      ________
                    1             2             3             4             5


           NU
              M3            Y
              ________      ________
                    6             0


           LAMBDA
              ETA1          ETA2          ETA3          Y
              ________      ________      ________      ________
 X1                 0             0             0             0
 X2                 7             0             0             0
 X3                 8             0             0             0
 M1                 0             0             0             0
 M2                 0             9             0             0
 M3                 0            10             0             0
 Y                  0             0             0             0


           THETA
              X1            X2            X3            M1            M2
              ________      ________      ________      ________      ________
 X1                11
 X2                 0            12
 X3                 0             0            13
 M1                 0             0             0            14
 M2                 0             0             0             0            15
 M3                 0             0             0             0             0
 Y                  0             0             0             0             0


           THETA
              M3            Y
              ________      ________
 M3                16
 Y                  0             0


           ALPHA
              ETA1          ETA2          ETA3          Y
              ________      ________      ________      ________
                    0             0             0            17


           BETA
              ETA1          ETA2          ETA3          Y
              ________      ________      ________      ________
 ETA1               0             0             0             0
 ETA2               0             0             0             0
 ETA3               0             0             0             0
 Y                 18            19            20             0


           PSI
              ETA1          ETA2          ETA3          Y
              ________      ________      ________      ________
 ETA1              21
 ETA2              22            23
 ETA3               0             0             0
 Y                  0             0             0            24


     STARTING VALUES


           NU
              X1            X2            X3            M1            M2
              ________      ________      ________      ________      ________
                0.006         0.018        -0.001        -0.065         0.032


           NU
              M3            Y
              ________      ________
               -0.001         0.000


           LAMBDA
              ETA1          ETA2          ETA3          Y
              ________      ________      ________      ________
 X1             1.000         0.000         0.000         0.000
 X2             1.000         0.000         0.000         0.000
 X3             1.000         0.000         0.000         0.000
 M1             0.000         1.000         0.000         0.000
 M2             0.000         1.000         0.000         0.000
 M3             0.000         1.000         0.000         0.000
 Y              0.000         0.000         0.000         1.000


           THETA
              X1            X2            X3            M1            M2
              ________      ________      ________      ________      ________
 X1             0.877
 X2             0.000         0.699
 X3             0.000         0.000         0.424
 M1             0.000         0.000         0.000         0.917
 M2             0.000         0.000         0.000         0.000         0.660
 M3             0.000         0.000         0.000         0.000         0.000
 Y              0.000         0.000         0.000         0.000         0.000


           THETA
              M3            Y
              ________      ________
 M3             0.454
 Y              0.000         0.000


           ALPHA
              ETA1          ETA2          ETA3          Y
              ________      ________      ________      ________
                0.000         0.000         0.000         0.062


           BETA
              ETA1          ETA2          ETA3          Y
              ________      ________      ________      ________
 ETA1           0.000         0.000         0.000         0.000
 ETA2           0.000         0.000         0.000         0.000
 ETA3           0.000         0.000         0.000         0.000
 Y              0.000         0.000         0.000         0.000


           PSI
              ETA1          ETA2          ETA3          Y
              ________      ________      ________      ________
 ETA1           0.050
 ETA2           0.000         0.050
 ETA3           0.000         0.000         0.000
 Y              0.000         0.000         0.000         0.568


TECHNICAL 4 OUTPUT


     ESTIMATES DERIVED FROM THE MODEL


           ESTIMATED MEANS FOR THE LATENT VARIABLES
              ETA1          ETA2          ETA3          Y
              ________      ________      ________      ________
                0.000         0.000         0.072         0.062


           S.E. FOR ESTIMATED MEANS FOR THE LATENT VARIABLES
              ETA1          ETA2          ETA3          Y
              ________      ________      ________      ________
                0.000         0.000         0.072         0.067


           EST./S.E. FOR ESTIMATED MEANS FOR THE LATENT VARIABLES
              ETA1          ETA2          ETA3          Y
              ________      ________      ________      ________
                0.000         0.000         1.001         0.918


           TWO-TAILED P-VALUE FOR ESTIMATED MEANS FOR THE LATENT VARIABLES
              ETA1          ETA2          ETA3          Y
              ________      ________      ________      ________
                1.000         1.000         0.317         0.359


           ESTIMATED COVARIANCE MATRIX FOR THE LATENT VARIABLES
              ETA1          ETA2          ETA3          Y
              ________      ________      ________      ________
 ETA1           0.800
 ETA2           0.072         1.178
 ETA3           0.000         0.000         0.948
 Y              0.340         0.356         0.177         1.141


           S.E. FOR ESTIMATED COVARIANCE MATRIX FOR THE LATENT VARIABLES
              ETA1          ETA2          ETA3          Y
              ________      ________      ________      ________
 ETA1           0.156
 ETA2           0.072         0.171
 ETA3           0.000         0.000         0.230
 Y              0.075         0.086         0.069         0.093


           EST./S.E. FOR ESTIMATED COVARIANCE MATRIX FOR THE LATENT VARIABLES
              ETA1          ETA2          ETA3          Y
              ________      ________      ________      ________
 ETA1           5.120
 ETA2           1.001         6.906
 ETA3           0.000         0.000         4.129
 Y              4.547         4.135         2.551        12.294


           TWO-TAILED P-VALUE FOR ESTIMATED COVARIANCE MATRIX FOR THE LATENT VARIABLES
              ETA1          ETA2          ETA3          Y
              ________      ________      ________      ________
 ETA1           0.000
 ETA2           0.317         0.000
 ETA3           1.000         1.000         0.000
 Y              0.000         0.000         0.011         0.000


           ESTIMATED CORRELATION MATRIX FOR THE LATENT VARIABLES
              ETA1          ETA2          ETA3          Y
              ________      ________      ________      ________
 ETA1           1.000
 ETA2           0.075         1.000
 ETA3           0.000         0.000         1.000
 Y              0.355         0.307         0.170         1.000


           S.E. FOR ESTIMATED CORRELATION MATRIX FOR THE LATENT VARIABLES
              ETA1          ETA2          ETA3          Y
              ________      ________      ________      ________
 ETA1           0.000
 ETA2           0.074         0.000
 ETA3           0.000         0.000         0.000
 Y              0.059         0.064         0.060         0.000


           EST./S.E. FOR ESTIMATED CORRELATION MATRIX FOR THE LATENT VARIABLES
              ETA1          ETA2          ETA3          Y
              ________      ________      ________      ________
 ETA1         999.000
 ETA2           1.002       999.000
 ETA3           0.000         0.000       999.000
 Y              6.041         4.791         2.852       999.000


           TWO-TAILED P-VALUE FOR ESTIMATED CORRELATION MATRIX FOR THE LATENT VARIABLES
              ETA1          ETA2          ETA3          Y
              ________      ________      ________      ________
 ETA1           0.000
 ETA2           0.316         0.000
 ETA3           1.000         1.000         0.000
 Y              0.000         0.000         0.004         0.000


     Beginning Time:  23:33:32
        Ending Time:  23:34:36
       Elapsed Time:  00:01:04



MUTHEN & MUTHEN
3463 Stoner Ave.
Los Angeles, CA  90066

Tel: (310) 391-9971
Fax: (310) 391-8971
Web: www.StatModel.com
Support: Support@StatModel.com

Copyright (c) 1998-2022 Muthen & Muthen
