Mplus VERSION 8.8 (Mac)
MUTHEN & MUTHEN
08/20/2024  10:37 PM

INPUT INSTRUCTIONS

  TITLE: Data Analysis for SEM with Latent Interaction

  DATA:
    FILE = /Users/jimmy_z/desktop/Temp_Data/temp_data_233.dat;
    FORMAT = FREE;

  VARIABLE:
    NAMES ARE x1 x2 x3 m1 m2 m3 y;
    USEVARIABLES ARE x1 x2 x3 m1 m2 m3 y;

  ANALYSIS:
    TYPE = RANDOM;
    ESTIMATOR = MLR;
    ALGORITHM = INTEGRATION;
    INTEGRATION = MONTECARLO;

  MODEL:
    eta1 BY x1 x2 x3;
    eta2 BY m1 m2 m3;
    eta3 | eta1 XWITH eta2;
    y ON eta1 eta2 eta3;

  OUTPUT:
    STANDARDIZED;
    TECH1;
    TECH4;





INPUT READING TERMINATED NORMALLY



Data Analysis for SEM with Latent Interaction

SUMMARY OF ANALYSIS

Number of groups                                                 1
Number of observations                                         250

Number of dependent variables                                    7
Number of independent variables                                  0
Number of continuous latent variables                            3

Observed dependent variables

  Continuous
   X1          X2          X3          M1          M2          M3
   Y

Continuous latent variables
   ETA1        ETA2        ETA3


Estimator                                                      MLR
Information matrix                                        OBSERVED
Optimization Specifications for the Quasi-Newton Algorithm for
Continuous Outcomes
  Maximum number of iterations                                 100
  Convergence criterion                                  0.100D-05
Optimization Specifications for the EM Algorithm
  Maximum number of iterations                                 500
  Convergence criteria
    Loglikelihood change                                 0.100D-02
    Relative loglikelihood change                        0.100D-05
    Derivative                                           0.100D-02
Optimization Specifications for the M step of the EM Algorithm for
Categorical Latent variables
  Number of M step iterations                                    1
  M step convergence criterion                           0.100D-02
  Basis for M step termination                           ITERATION
Optimization Specifications for the M step of the EM Algorithm for
Censored, Binary or Ordered Categorical (Ordinal), Unordered
Categorical (Nominal) and Count Outcomes
  Number of M step iterations                                    1
  M step convergence criterion                           0.100D-02
  Basis for M step termination                           ITERATION
  Maximum value for logit thresholds                            15
  Minimum value for logit thresholds                           -15
  Minimum expected cell size for chi-square              0.100D-01
Optimization algorithm                                         EMA
Integration Specifications
  Type                                                  MONTECARLO
  Number of integration points                                2000
  Dimensions of numerical integration                            2
  Adaptive quadrature                                           ON
  Monte Carlo integration seed                                   0
Cholesky                                                       OFF

Input data file(s)
  /Users/jimmy_z/desktop/Temp_Data/temp_data_233.dat
Input data format  FREE



UNIVARIATE SAMPLE STATISTICS


     UNIVARIATE HIGHER-ORDER MOMENT DESCRIPTIVE STATISTICS

         Variable/         Mean/     Skewness/   Minimum/ % with                Percentiles
        Sample Size      Variance    Kurtosis    Maximum  Min/Max      20%/60%    40%/80%    Median

     X1                   -0.093      -0.082      -4.624    0.40%      -1.472     -0.580     -0.056
             250.000       2.482      -0.422       3.237    0.40%       0.388      1.204
     X2                   -0.113      -0.007      -3.896    0.40%      -1.421     -0.499     -0.073
             250.000       2.179      -0.309       3.394    0.40%       0.291      1.153
     X3                    0.068      -0.048      -3.068    0.40%      -1.018     -0.214      0.122
             250.000       1.494      -0.147       3.838    0.40%       0.380      1.144
     M1                   -0.177      -0.018      -4.434    0.40%      -1.426     -0.678     -0.230
             250.000       2.415      -0.192       3.847    0.40%       0.186      1.161
     M2                    0.124      -0.060      -5.016    0.40%      -1.062     -0.217      0.087
             250.000       1.935       0.300       3.760    0.40%       0.403      1.344
     M3                   -0.074       0.053      -3.191    0.40%      -1.022     -0.495     -0.120
             250.000       1.288      -0.215       3.070    0.40%       0.207      0.879
     Y                     0.108       0.318      -2.438    0.40%      -0.751     -0.136      0.049
             250.000       1.107       0.025       3.661    0.40%       0.250      0.956


THE MODEL ESTIMATION TERMINATED NORMALLY



MODEL FIT INFORMATION

Number of Free Parameters                       24

Loglikelihood

          H0 Value                       -2806.478
          H0 Scaling Correction Factor      0.9772
            for MLR

Information Criteria

          Akaike (AIC)                    5660.955
          Bayesian (BIC)                  5745.471
          Sample-Size Adjusted BIC        5669.388
            (n* = (n + 2) / 24)



MODEL RESULTS

                                                    Two-Tailed
                    Estimate       S.E.  Est./S.E.    P-Value

 ETA1     BY
    X1                 1.000      0.000    999.000    999.000
    X2                 0.958      0.124      7.735      0.000
    X3                 0.801      0.102      7.869      0.000

 ETA2     BY
    M1                 1.000      0.000    999.000    999.000
    M2                 0.776      0.115      6.744      0.000
    M3                 0.683      0.104      6.537      0.000

 Y          ON
    ETA1               0.300      0.077      3.895      0.000
    ETA2               0.328      0.066      4.993      0.000
    ETA3               0.288      0.088      3.272      0.001

 ETA2     WITH
    ETA1               0.077      0.104      0.740      0.459

 Intercepts
    X1                -0.094      0.100     -0.941      0.347
    X2                -0.115      0.094     -1.224      0.221
    X3                 0.067      0.077      0.872      0.383
    M1                -0.176      0.098     -1.796      0.072
    M2                 0.125      0.088      1.420      0.156
    M3                -0.073      0.072     -1.024      0.306
    Y                  0.086      0.066      1.303      0.193

 Variances
    ETA1               1.131      0.228      4.970      0.000
    ETA2               1.212      0.249      4.866      0.000

 Residual Variances
    X1                 1.350      0.184      7.340      0.000
    X2                 1.140      0.155      7.375      0.000
    X3                 0.769      0.090      8.506      0.000
    M1                 1.199      0.203      5.896      0.000
    M2                 1.205      0.142      8.501      0.000
    M3                 0.724      0.093      7.802      0.000
    Y                  0.740      0.084      8.799      0.000


QUALITY OF NUMERICAL RESULTS

     Condition Number for the Information Matrix              0.255E-01
       (ratio of smallest to largest eigenvalue)


STANDARDIZED MODEL RESULTS


STDYX Standardization

                                                    Two-Tailed
                    Estimate       S.E.  Est./S.E.    P-Value

 ETA1     BY
    X1                 0.675      0.055     12.308      0.000
    X2                 0.690      0.053     13.144      0.000
    X3                 0.697      0.046     15.023      0.000

 ETA2     BY
    M1                 0.709      0.060     11.897      0.000
    M2                 0.614      0.056     11.003      0.000
    M3                 0.662      0.057     11.535      0.000

 Y          ON
    ETA1               0.304      0.072      4.244      0.000
    ETA2               0.344      0.064      5.385      0.000
    ETA3               0.321      0.072      4.477      0.000

 ETA2     WITH
    ETA1               0.066      0.091      0.725      0.468

 Intercepts
    X1                -0.060      0.063     -0.944      0.345
    X2                -0.078      0.063     -1.223      0.221
    X3                 0.055      0.063      0.870      0.384
    M1                -0.113      0.063     -1.792      0.073
    M2                 0.090      0.063      1.413      0.158
    M3                -0.065      0.063     -1.021      0.307
    Y                  0.081      0.062      1.312      0.190

 Variances
    ETA1               1.000      0.000    999.000    999.000
    ETA2               1.000      0.000    999.000    999.000

 Residual Variances
    X1                 0.544      0.074      7.342      0.000
    X2                 0.523      0.073      7.217      0.000
    X3                 0.515      0.065      7.962      0.000
    M1                 0.497      0.085      5.882      0.000
    M2                 0.623      0.069      9.084      0.000
    M3                 0.562      0.076      7.388      0.000
    Y                  0.671      0.069      9.687      0.000


STDY Standardization

                                                    Two-Tailed
                    Estimate       S.E.  Est./S.E.    P-Value

 ETA1     BY
    X1                 0.675      0.055     12.308      0.000
    X2                 0.690      0.053     13.144      0.000
    X3                 0.697      0.046     15.023      0.000

 ETA2     BY
    M1                 0.709      0.060     11.897      0.000
    M2                 0.614      0.056     11.003      0.000
    M3                 0.662      0.057     11.535      0.000

 Y          ON
    ETA1               0.304      0.072      4.244      0.000
    ETA2               0.344      0.064      5.385      0.000
    ETA3               0.321      0.072      4.477      0.000

 ETA2     WITH
    ETA1               0.066      0.091      0.725      0.468

 Intercepts
    X1                -0.060      0.063     -0.944      0.345
    X2                -0.078      0.063     -1.223      0.221
    X3                 0.055      0.063      0.870      0.384
    M1                -0.113      0.063     -1.792      0.073
    M2                 0.090      0.063      1.413      0.158
    M3                -0.065      0.063     -1.021      0.307
    Y                  0.081      0.062      1.312      0.190

 Variances
    ETA1               1.000      0.000    999.000    999.000
    ETA2               1.000      0.000    999.000    999.000

 Residual Variances
    X1                 0.544      0.074      7.342      0.000
    X2                 0.523      0.073      7.217      0.000
    X3                 0.515      0.065      7.962      0.000
    M1                 0.497      0.085      5.882      0.000
    M2                 0.623      0.069      9.084      0.000
    M3                 0.562      0.076      7.388      0.000
    Y                  0.671      0.069      9.687      0.000


STD Standardization

                                                    Two-Tailed
                    Estimate       S.E.  Est./S.E.    P-Value

 ETA1     BY
    X1                 1.064      0.107      9.941      0.000
    X2                 1.019      0.100     10.230      0.000
    X3                 0.852      0.080     10.682      0.000

 ETA2     BY
    M1                 1.101      0.113      9.732      0.000
    M2                 0.854      0.100      8.561      0.000
    M3                 0.752      0.083      9.057      0.000

 Y          ON
    ETA1               0.320      0.081      3.954      0.000
    ETA2               0.361      0.069      5.239      0.000
    ETA3               0.337      0.080      4.206      0.000

 ETA2     WITH
    ETA1               0.066      0.091      0.725      0.468

 Intercepts
    X1                -0.094      0.100     -0.941      0.347
    X2                -0.115      0.094     -1.224      0.221
    X3                 0.067      0.077      0.872      0.383
    M1                -0.176      0.098     -1.796      0.072
    M2                 0.125      0.088      1.420      0.156
    M3                -0.073      0.072     -1.024      0.306
    Y                  0.086      0.066      1.303      0.193

 Variances
    ETA1               1.000      0.000    999.000    999.000
    ETA2               1.000      0.000    999.000    999.000

 Residual Variances
    X1                 1.350      0.184      7.340      0.000
    X2                 1.140      0.155      7.375      0.000
    X3                 0.769      0.090      8.506      0.000
    M1                 1.199      0.203      5.896      0.000
    M2                 1.205      0.142      8.501      0.000
    M3                 0.724      0.093      7.802      0.000
    Y                  0.740      0.084      8.799      0.000


R-SQUARE

    Observed                                        Two-Tailed
    Variable        Estimate       S.E.  Est./S.E.    P-Value

    X1                 0.456      0.074      6.154      0.000
    X2                 0.477      0.073      6.572      0.000
    X3                 0.485      0.065      7.511      0.000
    M1                 0.503      0.085      5.948      0.000
    M2                 0.377      0.069      5.501      0.000
    M3                 0.438      0.076      5.767      0.000
    Y                  0.329      0.069      4.740      0.000


TECHNICAL 1 OUTPUT


     PARAMETER SPECIFICATION


           NU
              X1            X2            X3            M1            M2
              ________      ________      ________      ________      ________
                    1             2             3             4             5


           NU
              M3            Y
              ________      ________
                    6             0


           LAMBDA
              ETA1          ETA2          ETA3          Y
              ________      ________      ________      ________
 X1                 0             0             0             0
 X2                 7             0             0             0
 X3                 8             0             0             0
 M1                 0             0             0             0
 M2                 0             9             0             0
 M3                 0            10             0             0
 Y                  0             0             0             0


           THETA
              X1            X2            X3            M1            M2
              ________      ________      ________      ________      ________
 X1                11
 X2                 0            12
 X3                 0             0            13
 M1                 0             0             0            14
 M2                 0             0             0             0            15
 M3                 0             0             0             0             0
 Y                  0             0             0             0             0


           THETA
              M3            Y
              ________      ________
 M3                16
 Y                  0             0


           ALPHA
              ETA1          ETA2          ETA3          Y
              ________      ________      ________      ________
                    0             0             0            17


           BETA
              ETA1          ETA2          ETA3          Y
              ________      ________      ________      ________
 ETA1               0             0             0             0
 ETA2               0             0             0             0
 ETA3               0             0             0             0
 Y                 18            19            20             0


           PSI
              ETA1          ETA2          ETA3          Y
              ________      ________      ________      ________
 ETA1              21
 ETA2              22            23
 ETA3               0             0             0
 Y                  0             0             0            24


     STARTING VALUES


           NU
              X1            X2            X3            M1            M2
              ________      ________      ________      ________      ________
               -0.093        -0.113         0.068        -0.177         0.124


           NU
              M3            Y
              ________      ________
               -0.074         0.000


           LAMBDA
              ETA1          ETA2          ETA3          Y
              ________      ________      ________      ________
 X1             1.000         0.000         0.000         0.000
 X2             1.000         0.000         0.000         0.000
 X3             1.000         0.000         0.000         0.000
 M1             0.000         1.000         0.000         0.000
 M2             0.000         1.000         0.000         0.000
 M3             0.000         1.000         0.000         0.000
 Y              0.000         0.000         0.000         1.000


           THETA
              X1            X2            X3            M1            M2
              ________      ________      ________      ________      ________
 X1             1.241
 X2             0.000         1.089
 X3             0.000         0.000         0.747
 M1             0.000         0.000         0.000         1.207
 M2             0.000         0.000         0.000         0.000         0.967
 M3             0.000         0.000         0.000         0.000         0.000
 Y              0.000         0.000         0.000         0.000         0.000


           THETA
              M3            Y
              ________      ________
 M3             0.644
 Y              0.000         0.000


           ALPHA
              ETA1          ETA2          ETA3          Y
              ________      ________      ________      ________
                0.000         0.000         0.000         0.108


           BETA
              ETA1          ETA2          ETA3          Y
              ________      ________      ________      ________
 ETA1           0.000         0.000         0.000         0.000
 ETA2           0.000         0.000         0.000         0.000
 ETA3           0.000         0.000         0.000         0.000
 Y              0.000         0.000         0.000         0.000


           PSI
              ETA1          ETA2          ETA3          Y
              ________      ________      ________      ________
 ETA1           0.050
 ETA2           0.000         0.050
 ETA3           0.000         0.000         0.000
 Y              0.000         0.000         0.000         0.553


TECHNICAL 4 OUTPUT


     ESTIMATES DERIVED FROM THE MODEL


           ESTIMATED MEANS FOR THE LATENT VARIABLES
              ETA1          ETA2          ETA3          Y
              ________      ________      ________      ________
                0.000         0.000         0.077         0.108


           S.E. FOR ESTIMATED MEANS FOR THE LATENT VARIABLES
              ETA1          ETA2          ETA3          Y
              ________      ________      ________      ________
                0.000         0.000         0.104         0.067


           EST./S.E. FOR ESTIMATED MEANS FOR THE LATENT VARIABLES
              ETA1          ETA2          ETA3          Y
              ________      ________      ________      ________
                0.000         0.000         0.740         1.619


           TWO-TAILED P-VALUE FOR ESTIMATED MEANS FOR THE LATENT VARIABLES
              ETA1          ETA2          ETA3          Y
              ________      ________      ________      ________
                1.000         1.000         0.459         0.105


           ESTIMATED COVARIANCE MATRIX FOR THE LATENT VARIABLES
              ETA1          ETA2          ETA3          Y
              ________      ________      ________      ________
 ETA1           1.131
 ETA2           0.077         1.212
 ETA3           0.000         0.000         1.377
 Y              0.365         0.421         0.397         1.103


           S.E. FOR ESTIMATED COVARIANCE MATRIX FOR THE LATENT VARIABLES
              ETA1          ETA2          ETA3          Y
              ________      ________      ________      ________
 ETA1           0.228
 ETA2           0.104         0.249
 ETA3           0.000         0.000         0.405
 Y              0.096         0.094         0.099         0.103


           EST./S.E. FOR ESTIMATED COVARIANCE MATRIX FOR THE LATENT VARIABLES
              ETA1          ETA2          ETA3          Y
              ________      ________      ________      ________
 ETA1           4.970
 ETA2           0.740         4.866
 ETA3           0.000         0.000         3.403
 Y              3.804         4.471         4.010        10.668


           TWO-TAILED P-VALUE FOR ESTIMATED COVARIANCE MATRIX FOR THE LATENT VARIABLES
              ETA1          ETA2          ETA3          Y
              ________      ________      ________      ________
 ETA1           0.000
 ETA2           0.459         0.000
 ETA3           1.000         1.000         0.001
 Y              0.000         0.000         0.000         0.000


           ESTIMATED CORRELATION MATRIX FOR THE LATENT VARIABLES
              ETA1          ETA2          ETA3          Y
              ________      ________      ________      ________
 ETA1           1.000
 ETA2           0.066         1.000
 ETA3           0.000         0.000         1.000
 Y              0.327         0.364         0.322         1.000


           S.E. FOR ESTIMATED CORRELATION MATRIX FOR THE LATENT VARIABLES
              ETA1          ETA2          ETA3          Y
              ________      ________      ________      ________
 ETA1           0.000
 ETA2           0.091         0.000
 ETA3           0.000         0.000         0.000
 Y              0.070         0.066         0.072         0.000


           EST./S.E. FOR ESTIMATED CORRELATION MATRIX FOR THE LATENT VARIABLES
              ETA1          ETA2          ETA3          Y
              ________      ________      ________      ________
 ETA1         999.000
 ETA2           0.725       999.000
 ETA3           0.000         0.000       999.000
 Y              4.638         5.495         4.492       999.000


           TWO-TAILED P-VALUE FOR ESTIMATED CORRELATION MATRIX FOR THE LATENT VARIABLES
              ETA1          ETA2          ETA3          Y
              ________      ________      ________      ________
 ETA1           0.000
 ETA2           0.468         0.000
 ETA3           1.000         1.000         0.000
 Y              0.000         0.000         0.000         0.000


     Beginning Time:  22:37:00
        Ending Time:  22:38:05
       Elapsed Time:  00:01:05



MUTHEN & MUTHEN
3463 Stoner Ave.
Los Angeles, CA  90066

Tel: (310) 391-9971
Fax: (310) 391-8971
Web: www.StatModel.com
Support: Support@StatModel.com

Copyright (c) 1998-2022 Muthen & Muthen
