Mplus VERSION 8.8 (Mac)
MUTHEN & MUTHEN
08/20/2024  11:00 PM

INPUT INSTRUCTIONS

  TITLE: Data Analysis for SEM with Latent Interaction

  DATA:
    FILE = /Users/jimmy_z/desktop/Temp_Data/temp_data_359.dat;
    FORMAT = FREE;

  VARIABLE:
    NAMES ARE x1 x2 x3 m1 m2 m3 y;
    USEVARIABLES ARE x1 x2 x3 m1 m2 m3 y;

  ANALYSIS:
    TYPE = RANDOM;
    ESTIMATOR = MLR;
    ALGORITHM = INTEGRATION;
    INTEGRATION = MONTECARLO;

  MODEL:
    eta1 BY x1 x2 x3;
    eta2 BY m1 m2 m3;
    eta3 | eta1 XWITH eta2;
    y ON eta1 eta2 eta3;

  OUTPUT:
    STANDARDIZED;
    TECH1;
    TECH4;





INPUT READING TERMINATED NORMALLY



Data Analysis for SEM with Latent Interaction

SUMMARY OF ANALYSIS

Number of groups                                                 1
Number of observations                                         250

Number of dependent variables                                    7
Number of independent variables                                  0
Number of continuous latent variables                            3

Observed dependent variables

  Continuous
   X1          X2          X3          M1          M2          M3
   Y

Continuous latent variables
   ETA1        ETA2        ETA3


Estimator                                                      MLR
Information matrix                                        OBSERVED
Optimization Specifications for the Quasi-Newton Algorithm for
Continuous Outcomes
  Maximum number of iterations                                 100
  Convergence criterion                                  0.100D-05
Optimization Specifications for the EM Algorithm
  Maximum number of iterations                                 500
  Convergence criteria
    Loglikelihood change                                 0.100D-02
    Relative loglikelihood change                        0.100D-05
    Derivative                                           0.100D-02
Optimization Specifications for the M step of the EM Algorithm for
Categorical Latent variables
  Number of M step iterations                                    1
  M step convergence criterion                           0.100D-02
  Basis for M step termination                           ITERATION
Optimization Specifications for the M step of the EM Algorithm for
Censored, Binary or Ordered Categorical (Ordinal), Unordered
Categorical (Nominal) and Count Outcomes
  Number of M step iterations                                    1
  M step convergence criterion                           0.100D-02
  Basis for M step termination                           ITERATION
  Maximum value for logit thresholds                            15
  Minimum value for logit thresholds                           -15
  Minimum expected cell size for chi-square              0.100D-01
Optimization algorithm                                         EMA
Integration Specifications
  Type                                                  MONTECARLO
  Number of integration points                                2000
  Dimensions of numerical integration                            2
  Adaptive quadrature                                           ON
  Monte Carlo integration seed                                   0
Cholesky                                                       OFF

Input data file(s)
  /Users/jimmy_z/desktop/Temp_Data/temp_data_359.dat
Input data format  FREE



UNIVARIATE SAMPLE STATISTICS


     UNIVARIATE HIGHER-ORDER MOMENT DESCRIPTIVE STATISTICS

         Variable/         Mean/     Skewness/   Minimum/ % with                Percentiles
        Sample Size      Variance    Kurtosis    Maximum  Min/Max      20%/60%    40%/80%    Median

     X1                   -0.008       0.083      -3.775    0.40%      -1.416     -0.365      0.012
             250.000       2.454      -0.141       4.441    0.40%       0.382      1.382
     X2                    0.012       0.052      -3.812    0.40%      -1.364     -0.264      0.067
             250.000       1.954      -0.023       4.409    0.40%       0.407      1.201
     X3                    0.060       0.010      -3.413    0.40%      -0.790     -0.254      0.047
             250.000       1.234       0.201       3.107    0.40%       0.298      0.998
     M1                    0.051      -0.008      -3.682    0.40%      -1.405     -0.360      0.037
             250.000       2.532      -0.535       4.365    0.40%       0.562      1.398
     M2                    0.142       0.005      -3.350    0.40%      -1.132     -0.263      0.128
             250.000       1.784      -0.525       4.022    0.40%       0.495      1.385
     M3                    0.038      -0.122      -3.450    0.40%      -0.835     -0.331      0.019
             250.000       1.301       0.247       2.845    0.40%       0.327      1.062
     Y                     0.057       0.370      -3.099    0.40%      -0.753     -0.299      0.020
             250.000       0.952       0.637       3.340    0.40%       0.260      0.772


THE MODEL ESTIMATION TERMINATED NORMALLY



MODEL FIT INFORMATION

Number of Free Parameters                       24

Loglikelihood

          H0 Value                       -2715.311
          H0 Scaling Correction Factor      0.9992
            for MLR

Information Criteria

          Akaike (AIC)                    5478.623
          Bayesian (BIC)                  5563.138
          Sample-Size Adjusted BIC        5487.056
            (n* = (n + 2) / 24)



MODEL RESULTS

                                                    Two-Tailed
                    Estimate       S.E.  Est./S.E.    P-Value

 ETA1     BY
    X1                 1.000      0.000    999.000    999.000
    X2                 0.898      0.098      9.172      0.000
    X3                 0.731      0.092      7.909      0.000

 ETA2     BY
    M1                 1.000      0.000    999.000    999.000
    M2                 0.704      0.097      7.237      0.000
    M3                 0.516      0.080      6.477      0.000

 Y          ON
    ETA1               0.333      0.059      5.633      0.000
    ETA2               0.271      0.055      4.939      0.000
    ETA3               0.105      0.051      2.063      0.039

 ETA2     WITH
    ETA1              -0.134      0.138     -0.977      0.329

 Intercepts
    X1                -0.008      0.099     -0.079      0.937
    X2                 0.012      0.088      0.141      0.888
    X3                 0.060      0.070      0.849      0.396
    M1                 0.050      0.101      0.501      0.616
    M2                 0.142      0.084      1.684      0.092
    M3                 0.038      0.072      0.530      0.596
    Y                  0.071      0.061      1.173      0.241

 Variances
    ETA1               1.258      0.226      5.571      0.000
    ETA2               1.622      0.287      5.657      0.000

 Residual Variances
    X1                 1.186      0.153      7.778      0.000
    X2                 0.939      0.114      8.207      0.000
    X3                 0.563      0.082      6.823      0.000
    M1                 0.907      0.220      4.130      0.000
    M2                 0.980      0.117      8.356      0.000
    M3                 0.868      0.093      9.380      0.000
    Y                  0.678      0.074      9.174      0.000


QUALITY OF NUMERICAL RESULTS

     Condition Number for the Information Matrix              0.332E-03
       (ratio of smallest to largest eigenvalue)


STANDARDIZED MODEL RESULTS


STDYX Standardization

                                                    Two-Tailed
                    Estimate       S.E.  Est./S.E.    P-Value

 ETA1     BY
    X1                 0.717      0.046     15.668      0.000
    X2                 0.721      0.040     17.909      0.000
    X3                 0.738      0.047     15.689      0.000

 ETA2     BY
    M1                 0.801      0.056     14.234      0.000
    M2                 0.671      0.051     13.154      0.000
    M3                 0.577      0.056     10.266      0.000

 Y          ON
    ETA1               0.386      0.063      6.143      0.000
    ETA2               0.358      0.059      6.045      0.000
    ETA3               0.154      0.067      2.294      0.022

 ETA2     WITH
    ETA1              -0.094      0.092     -1.023      0.306

 Intercepts
    X1                -0.005      0.063     -0.079      0.937
    X2                 0.009      0.063      0.141      0.888
    X3                 0.054      0.063      0.848      0.396
    M1                 0.032      0.063      0.501      0.616
    M2                 0.106      0.063      1.681      0.093
    M3                 0.034      0.063      0.529      0.597
    Y                  0.074      0.062      1.186      0.236

 Variances
    ETA1               1.000      0.000    999.000    999.000
    ETA2               1.000      0.000    999.000    999.000

 Residual Variances
    X1                 0.485      0.066      7.390      0.000
    X2                 0.481      0.058      8.289      0.000
    X3                 0.456      0.069      6.574      0.000
    M1                 0.359      0.090      3.982      0.000
    M2                 0.549      0.069      8.014      0.000
    M3                 0.668      0.065     10.310      0.000
    Y                  0.725      0.060     12.006      0.000


STDY Standardization

                                                    Two-Tailed
                    Estimate       S.E.  Est./S.E.    P-Value

 ETA1     BY
    X1                 0.717      0.046     15.668      0.000
    X2                 0.721      0.040     17.909      0.000
    X3                 0.738      0.047     15.689      0.000

 ETA2     BY
    M1                 0.801      0.056     14.234      0.000
    M2                 0.671      0.051     13.154      0.000
    M3                 0.577      0.056     10.266      0.000

 Y          ON
    ETA1               0.386      0.063      6.143      0.000
    ETA2               0.358      0.059      6.045      0.000
    ETA3               0.154      0.067      2.294      0.022

 ETA2     WITH
    ETA1              -0.094      0.092     -1.023      0.306

 Intercepts
    X1                -0.005      0.063     -0.079      0.937
    X2                 0.009      0.063      0.141      0.888
    X3                 0.054      0.063      0.848      0.396
    M1                 0.032      0.063      0.501      0.616
    M2                 0.106      0.063      1.681      0.093
    M3                 0.034      0.063      0.529      0.597
    Y                  0.074      0.062      1.186      0.236

 Variances
    ETA1               1.000      0.000    999.000    999.000
    ETA2               1.000      0.000    999.000    999.000

 Residual Variances
    X1                 0.485      0.066      7.390      0.000
    X2                 0.481      0.058      8.289      0.000
    X3                 0.456      0.069      6.574      0.000
    M1                 0.359      0.090      3.982      0.000
    M2                 0.549      0.069      8.014      0.000
    M3                 0.668      0.065     10.310      0.000
    Y                  0.725      0.060     12.006      0.000


STD Standardization

                                                    Two-Tailed
                    Estimate       S.E.  Est./S.E.    P-Value

 ETA1     BY
    X1                 1.121      0.101     11.142      0.000
    X2                 1.007      0.083     12.081      0.000
    X3                 0.819      0.075     10.878      0.000

 ETA2     BY
    M1                 1.274      0.113     11.314      0.000
    M2                 0.897      0.087     10.297      0.000
    M3                 0.658      0.081      8.094      0.000

 Y          ON
    ETA1               0.373      0.066      5.684      0.000
    ETA2               0.346      0.063      5.525      0.000
    ETA3               0.149      0.067      2.243      0.025

 ETA2     WITH
    ETA1              -0.094      0.092     -1.023      0.306

 Intercepts
    X1                -0.008      0.099     -0.079      0.937
    X2                 0.012      0.088      0.141      0.888
    X3                 0.060      0.070      0.849      0.396
    M1                 0.050      0.101      0.501      0.616
    M2                 0.142      0.084      1.684      0.092
    M3                 0.038      0.072      0.530      0.596
    Y                  0.071      0.061      1.173      0.241

 Variances
    ETA1               1.000      0.000    999.000    999.000
    ETA2               1.000      0.000    999.000    999.000

 Residual Variances
    X1                 1.186      0.153      7.778      0.000
    X2                 0.939      0.114      8.207      0.000
    X3                 0.563      0.082      6.823      0.000
    M1                 0.907      0.220      4.130      0.000
    M2                 0.980      0.117      8.356      0.000
    M3                 0.868      0.093      9.380      0.000
    Y                  0.678      0.074      9.174      0.000


R-SQUARE

    Observed                                        Two-Tailed
    Variable        Estimate       S.E.  Est./S.E.    P-Value

    X1                 0.515      0.066      7.834      0.000
    X2                 0.519      0.058      8.955      0.000
    X3                 0.544      0.069      7.845      0.000
    M1                 0.641      0.090      7.117      0.000
    M2                 0.451      0.069      6.577      0.000
    M3                 0.332      0.065      5.133      0.000
    Y                  0.275      0.060      4.553      0.000


TECHNICAL 1 OUTPUT


     PARAMETER SPECIFICATION


           NU
              X1            X2            X3            M1            M2
              ________      ________      ________      ________      ________
                    1             2             3             4             5


           NU
              M3            Y
              ________      ________
                    6             0


           LAMBDA
              ETA1          ETA2          ETA3          Y
              ________      ________      ________      ________
 X1                 0             0             0             0
 X2                 7             0             0             0
 X3                 8             0             0             0
 M1                 0             0             0             0
 M2                 0             9             0             0
 M3                 0            10             0             0
 Y                  0             0             0             0


           THETA
              X1            X2            X3            M1            M2
              ________      ________      ________      ________      ________
 X1                11
 X2                 0            12
 X3                 0             0            13
 M1                 0             0             0            14
 M2                 0             0             0             0            15
 M3                 0             0             0             0             0
 Y                  0             0             0             0             0


           THETA
              M3            Y
              ________      ________
 M3                16
 Y                  0             0


           ALPHA
              ETA1          ETA2          ETA3          Y
              ________      ________      ________      ________
                    0             0             0            17


           BETA
              ETA1          ETA2          ETA3          Y
              ________      ________      ________      ________
 ETA1               0             0             0             0
 ETA2               0             0             0             0
 ETA3               0             0             0             0
 Y                 18            19            20             0


           PSI
              ETA1          ETA2          ETA3          Y
              ________      ________      ________      ________
 ETA1              21
 ETA2              22            23
 ETA3               0             0             0
 Y                  0             0             0            24


     STARTING VALUES


           NU
              X1            X2            X3            M1            M2
              ________      ________      ________      ________      ________
               -0.008         0.012         0.060         0.051         0.142


           NU
              M3            Y
              ________      ________
                0.038         0.000


           LAMBDA
              ETA1          ETA2          ETA3          Y
              ________      ________      ________      ________
 X1             1.000         0.000         0.000         0.000
 X2             1.000         0.000         0.000         0.000
 X3             1.000         0.000         0.000         0.000
 M1             0.000         1.000         0.000         0.000
 M2             0.000         1.000         0.000         0.000
 M3             0.000         1.000         0.000         0.000
 Y              0.000         0.000         0.000         1.000


           THETA
              X1            X2            X3            M1            M2
              ________      ________      ________      ________      ________
 X1             1.227
 X2             0.000         0.977
 X3             0.000         0.000         0.617
 M1             0.000         0.000         0.000         1.266
 M2             0.000         0.000         0.000         0.000         0.892
 M3             0.000         0.000         0.000         0.000         0.000
 Y              0.000         0.000         0.000         0.000         0.000


           THETA
              M3            Y
              ________      ________
 M3             0.650
 Y              0.000         0.000


           ALPHA
              ETA1          ETA2          ETA3          Y
              ________      ________      ________      ________
                0.000         0.000         0.000         0.057


           BETA
              ETA1          ETA2          ETA3          Y
              ________      ________      ________      ________
 ETA1           0.000         0.000         0.000         0.000
 ETA2           0.000         0.000         0.000         0.000
 ETA3           0.000         0.000         0.000         0.000
 Y              0.000         0.000         0.000         0.000


           PSI
              ETA1          ETA2          ETA3          Y
              ________      ________      ________      ________
 ETA1           0.050
 ETA2           0.000         0.050
 ETA3           0.000         0.000         0.000
 Y              0.000         0.000         0.000         0.476


TECHNICAL 4 OUTPUT


     ESTIMATES DERIVED FROM THE MODEL


           ESTIMATED MEANS FOR THE LATENT VARIABLES
              ETA1          ETA2          ETA3          Y
              ________      ________      ________      ________
                0.000         0.000        -0.134         0.057


           S.E. FOR ESTIMATED MEANS FOR THE LATENT VARIABLES
              ETA1          ETA2          ETA3          Y
              ________      ________      ________      ________
                0.000         0.000         0.138         0.062


           EST./S.E. FOR ESTIMATED MEANS FOR THE LATENT VARIABLES
              ETA1          ETA2          ETA3          Y
              ________      ________      ________      ________
                0.000         0.000        -0.977         0.930


           TWO-TAILED P-VALUE FOR ESTIMATED MEANS FOR THE LATENT VARIABLES
              ETA1          ETA2          ETA3          Y
              ________      ________      ________      ________
                1.000         1.000         0.329         0.352


           ESTIMATED COVARIANCE MATRIX FOR THE LATENT VARIABLES
              ETA1          ETA2          ETA3          Y
              ________      ________      ________      ________
 ETA1           1.258
 ETA2          -0.134         1.622
 ETA3           0.000         0.000         2.058
 Y              0.382         0.396         0.215         0.934


           S.E. FOR ESTIMATED COVARIANCE MATRIX FOR THE LATENT VARIABLES
              ETA1          ETA2          ETA3          Y
              ________      ________      ________      ________
 ETA1           0.226
 ETA2           0.138         0.287
 ETA3           0.000         0.000         0.564
 Y              0.092         0.089         0.095         0.094


           EST./S.E. FOR ESTIMATED COVARIANCE MATRIX FOR THE LATENT VARIABLES
              ETA1          ETA2          ETA3          Y
              ________      ________      ________      ________
 ETA1           5.571
 ETA2          -0.977         5.657
 ETA3           0.000         0.000         3.650
 Y              4.145         4.426         2.259         9.939


           TWO-TAILED P-VALUE FOR ESTIMATED COVARIANCE MATRIX FOR THE LATENT VARIABLES
              ETA1          ETA2          ETA3          Y
              ________      ________      ________      ________
 ETA1           0.000
 ETA2           0.329         0.000
 ETA3           1.000         1.000         0.000
 Y              0.000         0.000         0.024         0.000


           ESTIMATED CORRELATION MATRIX FOR THE LATENT VARIABLES
              ETA1          ETA2          ETA3          Y
              ________      ________      ________      ________
 ETA1           1.000
 ETA2          -0.094         1.000
 ETA3           0.000         0.000         1.000
 Y              0.352         0.321         0.155         1.000


           S.E. FOR ESTIMATED CORRELATION MATRIX FOR THE LATENT VARIABLES
              ETA1          ETA2          ETA3          Y
              ________      ________      ________      ________
 ETA1           0.000
 ETA2           0.092         0.000
 ETA3           0.000         0.000         0.000
 Y              0.069         0.067         0.067         0.000


           EST./S.E. FOR ESTIMATED CORRELATION MATRIX FOR THE LATENT VARIABLES
              ETA1          ETA2          ETA3          Y
              ________      ________      ________      ________
 ETA1         999.000
 ETA2          -1.023       999.000
 ETA3           0.000         0.000       999.000
 Y              5.123         4.824         2.306       999.000


           TWO-TAILED P-VALUE FOR ESTIMATED CORRELATION MATRIX FOR THE LATENT VARIABLES
              ETA1          ETA2          ETA3          Y
              ________      ________      ________      ________
 ETA1           0.000
 ETA2           0.306         0.000
 ETA3           1.000         1.000         0.000
 Y              0.000         0.000         0.021         0.000


     Beginning Time:  23:00:43
        Ending Time:  23:01:36
       Elapsed Time:  00:00:53



MUTHEN & MUTHEN
3463 Stoner Ave.
Los Angeles, CA  90066

Tel: (310) 391-9971
Fax: (310) 391-8971
Web: www.StatModel.com
Support: Support@StatModel.com

Copyright (c) 1998-2022 Muthen & Muthen
