Mplus VERSION 8.8 (Mac)
MUTHEN & MUTHEN
08/20/2024  10:42 PM

INPUT INSTRUCTIONS

  TITLE: Data Analysis for SEM with Latent Interaction

  DATA:
    FILE = /Users/jimmy_z/desktop/Temp_Data/temp_data_263.dat;
    FORMAT = FREE;

  VARIABLE:
    NAMES ARE x1 x2 x3 m1 m2 m3 y;
    USEVARIABLES ARE x1 x2 x3 m1 m2 m3 y;

  ANALYSIS:
    TYPE = RANDOM;
    ESTIMATOR = MLR;
    ALGORITHM = INTEGRATION;
    INTEGRATION = MONTECARLO;

  MODEL:
    eta1 BY x1 x2 x3;
    eta2 BY m1 m2 m3;
    eta3 | eta1 XWITH eta2;
    y ON eta1 eta2 eta3;

  OUTPUT:
    STANDARDIZED;
    TECH1;
    TECH4;





INPUT READING TERMINATED NORMALLY



Data Analysis for SEM with Latent Interaction

SUMMARY OF ANALYSIS

Number of groups                                                 1
Number of observations                                         250

Number of dependent variables                                    7
Number of independent variables                                  0
Number of continuous latent variables                            3

Observed dependent variables

  Continuous
   X1          X2          X3          M1          M2          M3
   Y

Continuous latent variables
   ETA1        ETA2        ETA3


Estimator                                                      MLR
Information matrix                                        OBSERVED
Optimization Specifications for the Quasi-Newton Algorithm for
Continuous Outcomes
  Maximum number of iterations                                 100
  Convergence criterion                                  0.100D-05
Optimization Specifications for the EM Algorithm
  Maximum number of iterations                                 500
  Convergence criteria
    Loglikelihood change                                 0.100D-02
    Relative loglikelihood change                        0.100D-05
    Derivative                                           0.100D-02
Optimization Specifications for the M step of the EM Algorithm for
Categorical Latent variables
  Number of M step iterations                                    1
  M step convergence criterion                           0.100D-02
  Basis for M step termination                           ITERATION
Optimization Specifications for the M step of the EM Algorithm for
Censored, Binary or Ordered Categorical (Ordinal), Unordered
Categorical (Nominal) and Count Outcomes
  Number of M step iterations                                    1
  M step convergence criterion                           0.100D-02
  Basis for M step termination                           ITERATION
  Maximum value for logit thresholds                            15
  Minimum value for logit thresholds                           -15
  Minimum expected cell size for chi-square              0.100D-01
Optimization algorithm                                         EMA
Integration Specifications
  Type                                                  MONTECARLO
  Number of integration points                                2000
  Dimensions of numerical integration                            2
  Adaptive quadrature                                           ON
  Monte Carlo integration seed                                   0
Cholesky                                                       OFF

Input data file(s)
  /Users/jimmy_z/desktop/Temp_Data/temp_data_263.dat
Input data format  FREE



UNIVARIATE SAMPLE STATISTICS


     UNIVARIATE HIGHER-ORDER MOMENT DESCRIPTIVE STATISTICS

         Variable/         Mean/     Skewness/   Minimum/ % with                Percentiles
        Sample Size      Variance    Kurtosis    Maximum  Min/Max      20%/60%    40%/80%    Median

     X1                   -0.012       0.081      -3.427    0.40%      -1.314     -0.422     -0.081
             250.000       2.286      -0.294       4.657    0.40%       0.425      1.308
     X2                   -0.021       0.072      -3.176    0.40%      -1.079     -0.361     -0.006
             250.000       1.739       0.128       4.848    0.40%       0.250      1.058
     X3                    0.004       0.258      -3.013    0.40%      -0.949     -0.354     -0.098
             250.000       1.183      -0.046       3.067    0.40%       0.153      0.896
     M1                    0.035       0.051      -3.443    0.40%      -1.181     -0.331      0.012
             250.000       2.179      -0.171       3.786    0.40%       0.350      1.234
     M2                    0.086      -0.146      -3.169    0.40%      -1.067     -0.283      0.168
             250.000       1.767      -0.388       3.529    0.40%       0.541      1.248
     M3                    0.039       0.003      -2.472    0.40%      -0.860     -0.295      0.003
             250.000       1.147      -0.350       3.010    0.40%       0.367      0.995
     Y                     0.078       0.387      -2.609    0.40%      -0.839     -0.246      0.007
             250.000       1.126      -0.071       3.271    0.40%       0.293      0.958


THE MODEL ESTIMATION TERMINATED NORMALLY



MODEL FIT INFORMATION

Number of Free Parameters                       24

Loglikelihood

          H0 Value                       -2721.268
          H0 Scaling Correction Factor      0.9590
            for MLR

Information Criteria

          Akaike (AIC)                    5490.535
          Bayesian (BIC)                  5575.050
          Sample-Size Adjusted BIC        5498.968
            (n* = (n + 2) / 24)



MODEL RESULTS

                                                    Two-Tailed
                    Estimate       S.E.  Est./S.E.    P-Value

 ETA1     BY
    X1                 1.000      0.000    999.000    999.000
    X2                 0.741      0.133      5.589      0.000
    X3                 0.688      0.103      6.702      0.000

 ETA2     BY
    M1                 1.000      0.000    999.000    999.000
    M2                 1.098      0.142      7.741      0.000
    M3                 0.728      0.094      7.739      0.000

 Y          ON
    ETA1               0.415      0.081      5.095      0.000
    ETA2               0.272      0.084      3.237      0.001
    ETA3               0.230      0.077      2.975      0.003

 ETA2     WITH
    ETA1               0.111      0.079      1.398      0.162

 Intercepts
    X1                -0.013      0.096     -0.131      0.895
    X2                -0.022      0.084     -0.261      0.794
    X3                 0.003      0.069      0.050      0.960
    M1                 0.035      0.093      0.377      0.706
    M2                 0.086      0.084      1.024      0.306
    M3                 0.039      0.068      0.580      0.562
    Y                  0.052      0.068      0.760      0.447

 Variances
    ETA1               1.058      0.226      4.680      0.000
    ETA2               0.864      0.180      4.798      0.000

 Residual Variances
    X1                 1.229      0.171      7.199      0.000
    X2                 1.158      0.148      7.796      0.000
    X3                 0.682      0.089      7.681      0.000
    M1                 1.306      0.162      8.050      0.000
    M2                 0.726      0.150      4.828      0.000
    M3                 0.689      0.085      8.134      0.000
    Y                  0.814      0.091      8.932      0.000


QUALITY OF NUMERICAL RESULTS

     Condition Number for the Information Matrix              0.116E-02
       (ratio of smallest to largest eigenvalue)


STANDARDIZED MODEL RESULTS


STDYX Standardization

                                                    Two-Tailed
                    Estimate       S.E.  Est./S.E.    P-Value

 ETA1     BY
    X1                 0.680      0.057     11.827      0.000
    X2                 0.578      0.072      7.982      0.000
    X3                 0.650      0.055     11.870      0.000

 ETA2     BY
    M1                 0.631      0.054     11.686      0.000
    M2                 0.767      0.056     13.696      0.000
    M3                 0.632      0.055     11.456      0.000

 Y          ON
    ETA1               0.401      0.067      5.978      0.000
    ETA2               0.237      0.066      3.599      0.000
    ETA3               0.206      0.062      3.333      0.001

 ETA2     WITH
    ETA1               0.116      0.085      1.375      0.169

 Intercepts
    X1                -0.008      0.063     -0.131      0.895
    X2                -0.017      0.063     -0.261      0.794
    X3                 0.003      0.063      0.050      0.960
    M1                 0.024      0.063      0.377      0.706
    M2                 0.065      0.063      1.018      0.309
    M3                 0.037      0.063      0.580      0.562
    Y                  0.049      0.064      0.765      0.444

 Variances
    ETA1               1.000      0.000    999.000    999.000
    ETA2               1.000      0.000    999.000    999.000

 Residual Variances
    X1                 0.538      0.078      6.874      0.000
    X2                 0.666      0.084      7.949      0.000
    X3                 0.577      0.071      8.092      0.000
    M1                 0.602      0.068      8.835      0.000
    M2                 0.411      0.086      4.781      0.000
    M3                 0.601      0.070      8.625      0.000
    Y                  0.718      0.074      9.751      0.000


STDY Standardization

                                                    Two-Tailed
                    Estimate       S.E.  Est./S.E.    P-Value

 ETA1     BY
    X1                 0.680      0.057     11.827      0.000
    X2                 0.578      0.072      7.982      0.000
    X3                 0.650      0.055     11.870      0.000

 ETA2     BY
    M1                 0.631      0.054     11.686      0.000
    M2                 0.767      0.056     13.696      0.000
    M3                 0.632      0.055     11.456      0.000

 Y          ON
    ETA1               0.401      0.067      5.978      0.000
    ETA2               0.237      0.066      3.599      0.000
    ETA3               0.206      0.062      3.333      0.001

 ETA2     WITH
    ETA1               0.116      0.085      1.375      0.169

 Intercepts
    X1                -0.008      0.063     -0.131      0.895
    X2                -0.017      0.063     -0.261      0.794
    X3                 0.003      0.063      0.050      0.960
    M1                 0.024      0.063      0.377      0.706
    M2                 0.065      0.063      1.018      0.309
    M3                 0.037      0.063      0.580      0.562
    Y                  0.049      0.064      0.765      0.444

 Variances
    ETA1               1.000      0.000    999.000    999.000
    ETA2               1.000      0.000    999.000    999.000

 Residual Variances
    X1                 0.538      0.078      6.874      0.000
    X2                 0.666      0.084      7.949      0.000
    X3                 0.577      0.071      8.092      0.000
    M1                 0.602      0.068      8.835      0.000
    M2                 0.411      0.086      4.781      0.000
    M3                 0.601      0.070      8.625      0.000
    Y                  0.718      0.074      9.751      0.000


STD Standardization

                                                    Two-Tailed
                    Estimate       S.E.  Est./S.E.    P-Value

 ETA1     BY
    X1                 1.028      0.110      9.360      0.000
    X2                 0.762      0.112      6.781      0.000
    X3                 0.708      0.075      9.474      0.000

 ETA2     BY
    M1                 0.929      0.097      9.597      0.000
    M2                 1.020      0.092     11.036      0.000
    M3                 0.677      0.071      9.482      0.000

 Y          ON
    ETA1               0.427      0.077      5.535      0.000
    ETA2               0.252      0.073      3.471      0.001
    ETA3               0.219      0.068      3.211      0.001

 ETA2     WITH
    ETA1               0.116      0.085      1.375      0.169

 Intercepts
    X1                -0.013      0.096     -0.131      0.895
    X2                -0.022      0.084     -0.261      0.794
    X3                 0.003      0.069      0.050      0.960
    M1                 0.035      0.093      0.377      0.706
    M2                 0.086      0.084      1.024      0.306
    M3                 0.039      0.068      0.580      0.562
    Y                  0.052      0.068      0.760      0.447

 Variances
    ETA1               1.000      0.000    999.000    999.000
    ETA2               1.000      0.000    999.000    999.000

 Residual Variances
    X1                 1.229      0.171      7.199      0.000
    X2                 1.158      0.148      7.796      0.000
    X3                 0.682      0.089      7.681      0.000
    M1                 1.306      0.162      8.050      0.000
    M2                 0.726      0.150      4.828      0.000
    M3                 0.689      0.085      8.134      0.000
    Y                  0.814      0.091      8.932      0.000


R-SQUARE

    Observed                                        Two-Tailed
    Variable        Estimate       S.E.  Est./S.E.    P-Value

    X1                 0.462      0.078      5.913      0.000
    X2                 0.334      0.084      3.991      0.000
    X3                 0.423      0.071      5.935      0.000
    M1                 0.398      0.068      5.843      0.000
    M2                 0.589      0.086      6.848      0.000
    M3                 0.399      0.070      5.728      0.000
    Y                  0.282      0.074      3.828      0.000


TECHNICAL 1 OUTPUT


     PARAMETER SPECIFICATION


           NU
              X1            X2            X3            M1            M2
              ________      ________      ________      ________      ________
                    1             2             3             4             5


           NU
              M3            Y
              ________      ________
                    6             0


           LAMBDA
              ETA1          ETA2          ETA3          Y
              ________      ________      ________      ________
 X1                 0             0             0             0
 X2                 7             0             0             0
 X3                 8             0             0             0
 M1                 0             0             0             0
 M2                 0             9             0             0
 M3                 0            10             0             0
 Y                  0             0             0             0


           THETA
              X1            X2            X3            M1            M2
              ________      ________      ________      ________      ________
 X1                11
 X2                 0            12
 X3                 0             0            13
 M1                 0             0             0            14
 M2                 0             0             0             0            15
 M3                 0             0             0             0             0
 Y                  0             0             0             0             0


           THETA
              M3            Y
              ________      ________
 M3                16
 Y                  0             0


           ALPHA
              ETA1          ETA2          ETA3          Y
              ________      ________      ________      ________
                    0             0             0            17


           BETA
              ETA1          ETA2          ETA3          Y
              ________      ________      ________      ________
 ETA1               0             0             0             0
 ETA2               0             0             0             0
 ETA3               0             0             0             0
 Y                 18            19            20             0


           PSI
              ETA1          ETA2          ETA3          Y
              ________      ________      ________      ________
 ETA1              21
 ETA2              22            23
 ETA3               0             0             0
 Y                  0             0             0            24


     STARTING VALUES


           NU
              X1            X2            X3            M1            M2
              ________      ________      ________      ________      ________
               -0.012        -0.021         0.004         0.035         0.086


           NU
              M3            Y
              ________      ________
                0.039         0.000


           LAMBDA
              ETA1          ETA2          ETA3          Y
              ________      ________      ________      ________
 X1             1.000         0.000         0.000         0.000
 X2             1.000         0.000         0.000         0.000
 X3             1.000         0.000         0.000         0.000
 M1             0.000         1.000         0.000         0.000
 M2             0.000         1.000         0.000         0.000
 M3             0.000         1.000         0.000         0.000
 Y              0.000         0.000         0.000         1.000


           THETA
              X1            X2            X3            M1            M2
              ________      ________      ________      ________      ________
 X1             1.143
 X2             0.000         0.869
 X3             0.000         0.000         0.591
 M1             0.000         0.000         0.000         1.089
 M2             0.000         0.000         0.000         0.000         0.883
 M3             0.000         0.000         0.000         0.000         0.000
 Y              0.000         0.000         0.000         0.000         0.000


           THETA
              M3            Y
              ________      ________
 M3             0.574
 Y              0.000         0.000


           ALPHA
              ETA1          ETA2          ETA3          Y
              ________      ________      ________      ________
                0.000         0.000         0.000         0.078


           BETA
              ETA1          ETA2          ETA3          Y
              ________      ________      ________      ________
 ETA1           0.000         0.000         0.000         0.000
 ETA2           0.000         0.000         0.000         0.000
 ETA3           0.000         0.000         0.000         0.000
 Y              0.000         0.000         0.000         0.000


           PSI
              ETA1          ETA2          ETA3          Y
              ________      ________      ________      ________
 ETA1           0.050
 ETA2           0.000         0.050
 ETA3           0.000         0.000         0.000
 Y              0.000         0.000         0.000         0.563


TECHNICAL 4 OUTPUT


     ESTIMATES DERIVED FROM THE MODEL


           ESTIMATED MEANS FOR THE LATENT VARIABLES
              ETA1          ETA2          ETA3          Y
              ________      ________      ________      ________
                0.000         0.000         0.111         0.077


           S.E. FOR ESTIMATED MEANS FOR THE LATENT VARIABLES
              ETA1          ETA2          ETA3          Y
              ________      ________      ________      ________
                0.000         0.000         0.079         0.067


           EST./S.E. FOR ESTIMATED MEANS FOR THE LATENT VARIABLES
              ETA1          ETA2          ETA3          Y
              ________      ________      ________      ________
                0.000         0.000         1.398         1.152


           TWO-TAILED P-VALUE FOR ESTIMATED MEANS FOR THE LATENT VARIABLES
              ETA1          ETA2          ETA3          Y
              ________      ________      ________      ________
                1.000         1.000         0.162         0.249


           ESTIMATED COVARIANCE MATRIX FOR THE LATENT VARIABLES
              ETA1          ETA2          ETA3          Y
              ________      ________      ________      ________
 ETA1           1.058
 ETA2           0.111         0.864
 ETA3           0.000         0.000         0.926
 Y              0.469         0.281         0.212         1.133


           S.E. FOR ESTIMATED COVARIANCE MATRIX FOR THE LATENT VARIABLES
              ETA1          ETA2          ETA3          Y
              ________      ________      ________      ________
 ETA1           0.226
 ETA2           0.079         0.180
 ETA3           0.000         0.000         0.257
 Y              0.099         0.076         0.074         0.100


           EST./S.E. FOR ESTIMATED COVARIANCE MATRIX FOR THE LATENT VARIABLES
              ETA1          ETA2          ETA3          Y
              ________      ________      ________      ________
 ETA1           4.680
 ETA2           1.398         4.798
 ETA3           0.000         0.000         3.609
 Y              4.738         3.695         2.883        11.323


           TWO-TAILED P-VALUE FOR ESTIMATED COVARIANCE MATRIX FOR THE LATENT VARIABLES
              ETA1          ETA2          ETA3          Y
              ________      ________      ________      ________
 ETA1           0.000
 ETA2           0.162         0.000
 ETA3           1.000         1.000         0.000
 Y              0.000         0.000         0.004         0.000


           ESTIMATED CORRELATION MATRIX FOR THE LATENT VARIABLES
              ETA1          ETA2          ETA3          Y
              ________      ________      ________      ________
 ETA1           1.000
 ETA2           0.116         1.000
 ETA3           0.000         0.000         1.000
 Y              0.428         0.284         0.207         1.000


           S.E. FOR ESTIMATED CORRELATION MATRIX FOR THE LATENT VARIABLES
              ETA1          ETA2          ETA3          Y
              ________      ________      ________      ________
 ETA1           0.000
 ETA2           0.085         0.000
 ETA3           0.000         0.000         0.000
 Y              0.067         0.067         0.062         0.000


           EST./S.E. FOR ESTIMATED CORRELATION MATRIX FOR THE LATENT VARIABLES
              ETA1          ETA2          ETA3          Y
              ________      ________      ________      ________
 ETA1         999.000
 ETA2           1.375       999.000
 ETA3           0.000         0.000       999.000
 Y              6.378         4.210         3.326       999.000


           TWO-TAILED P-VALUE FOR ESTIMATED CORRELATION MATRIX FOR THE LATENT VARIABLES
              ETA1          ETA2          ETA3          Y
              ________      ________      ________      ________
 ETA1           0.000
 ETA2           0.169         0.000
 ETA3           1.000         1.000         0.000
 Y              0.000         0.000         0.001         0.000


     Beginning Time:  22:42:05
        Ending Time:  22:43:13
       Elapsed Time:  00:01:08



MUTHEN & MUTHEN
3463 Stoner Ave.
Los Angeles, CA  90066

Tel: (310) 391-9971
Fax: (310) 391-8971
Web: www.StatModel.com
Support: Support@StatModel.com

Copyright (c) 1998-2022 Muthen & Muthen
