Mplus VERSION 8.8 (Mac)
MUTHEN & MUTHEN
08/20/2024  11:06 PM

INPUT INSTRUCTIONS

  TITLE: Data Analysis for SEM with Latent Interaction

  DATA:
    FILE = /Users/jimmy_z/desktop/Temp_Data/temp_data_389.dat;
    FORMAT = FREE;

  VARIABLE:
    NAMES ARE x1 x2 x3 m1 m2 m3 y;
    USEVARIABLES ARE x1 x2 x3 m1 m2 m3 y;

  ANALYSIS:
    TYPE = RANDOM;
    ESTIMATOR = MLR;
    ALGORITHM = INTEGRATION;
    INTEGRATION = MONTECARLO;

  MODEL:
    eta1 BY x1 x2 x3;
    eta2 BY m1 m2 m3;
    eta3 | eta1 XWITH eta2;
    y ON eta1 eta2 eta3;

  OUTPUT:
    STANDARDIZED;
    TECH1;
    TECH4;





INPUT READING TERMINATED NORMALLY



Data Analysis for SEM with Latent Interaction

SUMMARY OF ANALYSIS

Number of groups                                                 1
Number of observations                                         250

Number of dependent variables                                    7
Number of independent variables                                  0
Number of continuous latent variables                            3

Observed dependent variables

  Continuous
   X1          X2          X3          M1          M2          M3
   Y

Continuous latent variables
   ETA1        ETA2        ETA3


Estimator                                                      MLR
Information matrix                                        OBSERVED
Optimization Specifications for the Quasi-Newton Algorithm for
Continuous Outcomes
  Maximum number of iterations                                 100
  Convergence criterion                                  0.100D-05
Optimization Specifications for the EM Algorithm
  Maximum number of iterations                                 500
  Convergence criteria
    Loglikelihood change                                 0.100D-02
    Relative loglikelihood change                        0.100D-05
    Derivative                                           0.100D-02
Optimization Specifications for the M step of the EM Algorithm for
Categorical Latent variables
  Number of M step iterations                                    1
  M step convergence criterion                           0.100D-02
  Basis for M step termination                           ITERATION
Optimization Specifications for the M step of the EM Algorithm for
Censored, Binary or Ordered Categorical (Ordinal), Unordered
Categorical (Nominal) and Count Outcomes
  Number of M step iterations                                    1
  M step convergence criterion                           0.100D-02
  Basis for M step termination                           ITERATION
  Maximum value for logit thresholds                            15
  Minimum value for logit thresholds                           -15
  Minimum expected cell size for chi-square              0.100D-01
Optimization algorithm                                         EMA
Integration Specifications
  Type                                                  MONTECARLO
  Number of integration points                                2000
  Dimensions of numerical integration                            2
  Adaptive quadrature                                           ON
  Monte Carlo integration seed                                   0
Cholesky                                                       OFF

Input data file(s)
  /Users/jimmy_z/desktop/Temp_Data/temp_data_389.dat
Input data format  FREE



UNIVARIATE SAMPLE STATISTICS


     UNIVARIATE HIGHER-ORDER MOMENT DESCRIPTIVE STATISTICS

         Variable/         Mean/     Skewness/   Minimum/ % with                Percentiles
        Sample Size      Variance    Kurtosis    Maximum  Min/Max      20%/60%    40%/80%    Median

     X1                    0.023      -0.115      -4.995    0.40%      -1.246     -0.394      0.036
             250.000       2.453       0.073       4.286    0.40%       0.395      1.294
     X2                   -0.063       0.212      -4.748    0.40%      -1.227     -0.408     -0.162
             250.000       1.871       0.390       4.062    0.40%       0.122      1.009
     X3                   -0.044       0.108      -3.373    0.40%      -1.141     -0.334     -0.041
             250.000       1.298      -0.160       3.130    0.40%       0.247      0.918
     M1                   -0.056       0.157      -3.927    0.40%      -1.219     -0.436     -0.142
             250.000       2.204      -0.065       3.791    0.40%       0.161      1.097
     M2                    0.012      -0.023      -3.407    0.40%      -1.030     -0.346     -0.029
             250.000       1.852      -0.108       3.817    0.40%       0.398      1.167
     M3                   -0.057       0.062      -2.631    0.40%      -1.043     -0.339     -0.042
             250.000       1.188      -0.180       3.256    0.40%       0.298      0.828
     Y                    -0.046       0.043      -2.856    0.40%      -0.940     -0.317     -0.088
             250.000       0.970      -0.228       2.921    0.40%       0.227      0.795


THE MODEL ESTIMATION TERMINATED NORMALLY



MODEL FIT INFORMATION

Number of Free Parameters                       24

Loglikelihood

          H0 Value                       -2712.939
          H0 Scaling Correction Factor      0.9775
            for MLR

Information Criteria

          Akaike (AIC)                    5473.878
          Bayesian (BIC)                  5558.393
          Sample-Size Adjusted BIC        5482.311
            (n* = (n + 2) / 24)



MODEL RESULTS

                                                    Two-Tailed
                    Estimate       S.E.  Est./S.E.    P-Value

 ETA1     BY
    X1                 1.000      0.000    999.000    999.000
    X2                 1.295      0.210      6.155      0.000
    X3                 1.001      0.161      6.211      0.000

 ETA2     BY
    M1                 1.000      0.000    999.000    999.000
    M2                 1.005      0.125      8.034      0.000
    M3                 0.717      0.098      7.345      0.000

 Y          ON
    ETA1               0.459      0.092      4.978      0.000
    ETA2               0.269      0.066      4.077      0.000
    ETA3               0.257      0.093      2.759      0.006

 ETA2     WITH
    ETA1               0.053      0.073      0.728      0.467

 Intercepts
    X1                 0.023      0.099      0.227      0.820
    X2                -0.064      0.087     -0.735      0.463
    X3                -0.045      0.072     -0.627      0.531
    M1                -0.055      0.094     -0.592      0.554
    M2                 0.013      0.086      0.147      0.883
    M3                -0.057      0.069     -0.830      0.407
    Y                 -0.060      0.061     -0.975      0.329

 Variances
    ETA1               0.630      0.170      3.705      0.000
    ETA2               1.084      0.208      5.201      0.000

 Residual Variances
    X1                 1.824      0.217      8.423      0.000
    X2                 0.815      0.145      5.625      0.000
    X3                 0.667      0.096      6.923      0.000
    M1                 1.119      0.136      8.251      0.000
    M2                 0.757      0.116      6.549      0.000
    M3                 0.631      0.086      7.311      0.000
    Y                  0.695      0.061     11.343      0.000


QUALITY OF NUMERICAL RESULTS

     Condition Number for the Information Matrix              0.228E-01
       (ratio of smallest to largest eigenvalue)


STANDARDIZED MODEL RESULTS


STDYX Standardization

                                                    Two-Tailed
                    Estimate       S.E.  Est./S.E.    P-Value

 ETA1     BY
    X1                 0.507      0.062      8.111      0.000
    X2                 0.751      0.057     13.232      0.000
    X3                 0.697      0.054     12.905      0.000

 ETA2     BY
    M1                 0.702      0.048     14.686      0.000
    M2                 0.769      0.043     17.710      0.000
    M3                 0.685      0.052     13.203      0.000

 Y          ON
    ETA1               0.371      0.060      6.213      0.000
    ETA2               0.285      0.066      4.350      0.000
    ETA3               0.217      0.067      3.224      0.001

 ETA2     WITH
    ETA1               0.064      0.085      0.756      0.450

 Intercepts
    X1                 0.014      0.063      0.227      0.820
    X2                -0.046      0.064     -0.730      0.465
    X3                -0.040      0.064     -0.625      0.532
    M1                -0.037      0.063     -0.590      0.555
    M2                 0.009      0.063      0.147      0.883
    M3                -0.052      0.063     -0.828      0.408
    Y                 -0.061      0.063     -0.976      0.329

 Variances
    ETA1               1.000      0.000    999.000    999.000
    ETA2               1.000      0.000    999.000    999.000

 Residual Variances
    X1                 0.743      0.063     11.750      0.000
    X2                 0.436      0.085      5.109      0.000
    X3                 0.514      0.075      6.832      0.000
    M1                 0.508      0.067      7.577      0.000
    M2                 0.409      0.067      6.122      0.000
    M3                 0.531      0.071      7.466      0.000
    Y                  0.721      0.057     12.674      0.000


STDY Standardization

                                                    Two-Tailed
                    Estimate       S.E.  Est./S.E.    P-Value

 ETA1     BY
    X1                 0.507      0.062      8.111      0.000
    X2                 0.751      0.057     13.232      0.000
    X3                 0.697      0.054     12.905      0.000

 ETA2     BY
    M1                 0.702      0.048     14.686      0.000
    M2                 0.769      0.043     17.710      0.000
    M3                 0.685      0.052     13.203      0.000

 Y          ON
    ETA1               0.371      0.060      6.213      0.000
    ETA2               0.285      0.066      4.350      0.000
    ETA3               0.217      0.067      3.224      0.001

 ETA2     WITH
    ETA1               0.064      0.085      0.756      0.450

 Intercepts
    X1                 0.014      0.063      0.227      0.820
    X2                -0.046      0.064     -0.730      0.465
    X3                -0.040      0.064     -0.625      0.532
    M1                -0.037      0.063     -0.590      0.555
    M2                 0.009      0.063      0.147      0.883
    M3                -0.052      0.063     -0.828      0.408
    Y                 -0.061      0.063     -0.976      0.329

 Variances
    ETA1               1.000      0.000    999.000    999.000
    ETA2               1.000      0.000    999.000    999.000

 Residual Variances
    X1                 0.743      0.063     11.750      0.000
    X2                 0.436      0.085      5.109      0.000
    X3                 0.514      0.075      6.832      0.000
    M1                 0.508      0.067      7.577      0.000
    M2                 0.409      0.067      6.122      0.000
    M3                 0.531      0.071      7.466      0.000
    Y                  0.721      0.057     12.674      0.000


STD Standardization

                                                    Two-Tailed
                    Estimate       S.E.  Est./S.E.    P-Value

 ETA1     BY
    X1                 0.793      0.107      7.409      0.000
    X2                 1.028      0.109      9.433      0.000
    X3                 0.794      0.079     10.031      0.000

 ETA2     BY
    M1                 1.041      0.100     10.402      0.000
    M2                 1.047      0.087     11.978      0.000
    M3                 0.747      0.072     10.315      0.000

 Y          ON
    ETA1               0.364      0.063      5.800      0.000
    ETA2               0.280      0.068      4.097      0.000
    ETA3               0.213      0.067      3.175      0.002

 ETA2     WITH
    ETA1               0.064      0.085      0.756      0.450

 Intercepts
    X1                 0.023      0.099      0.227      0.820
    X2                -0.064      0.087     -0.735      0.463
    X3                -0.045      0.072     -0.627      0.531
    M1                -0.055      0.094     -0.592      0.554
    M2                 0.013      0.086      0.147      0.883
    M3                -0.057      0.069     -0.830      0.407
    Y                 -0.060      0.061     -0.975      0.329

 Variances
    ETA1               1.000      0.000    999.000    999.000
    ETA2               1.000      0.000    999.000    999.000

 Residual Variances
    X1                 1.824      0.217      8.423      0.000
    X2                 0.815      0.145      5.625      0.000
    X3                 0.667      0.096      6.923      0.000
    M1                 1.119      0.136      8.251      0.000
    M2                 0.757      0.116      6.549      0.000
    M3                 0.631      0.086      7.311      0.000
    Y                  0.695      0.061     11.343      0.000


R-SQUARE

    Observed                                        Two-Tailed
    Variable        Estimate       S.E.  Est./S.E.    P-Value

    X1                 0.257      0.063      4.056      0.000
    X2                 0.564      0.085      6.616      0.000
    X3                 0.486      0.075      6.452      0.000
    M1                 0.492      0.067      7.343      0.000
    M2                 0.591      0.067      8.855      0.000
    M3                 0.469      0.071      6.601      0.000
    Y                  0.279      0.057      4.913      0.000


TECHNICAL 1 OUTPUT


     PARAMETER SPECIFICATION


           NU
              X1            X2            X3            M1            M2
              ________      ________      ________      ________      ________
                    1             2             3             4             5


           NU
              M3            Y
              ________      ________
                    6             0


           LAMBDA
              ETA1          ETA2          ETA3          Y
              ________      ________      ________      ________
 X1                 0             0             0             0
 X2                 7             0             0             0
 X3                 8             0             0             0
 M1                 0             0             0             0
 M2                 0             9             0             0
 M3                 0            10             0             0
 Y                  0             0             0             0


           THETA
              X1            X2            X3            M1            M2
              ________      ________      ________      ________      ________
 X1                11
 X2                 0            12
 X3                 0             0            13
 M1                 0             0             0            14
 M2                 0             0             0             0            15
 M3                 0             0             0             0             0
 Y                  0             0             0             0             0


           THETA
              M3            Y
              ________      ________
 M3                16
 Y                  0             0


           ALPHA
              ETA1          ETA2          ETA3          Y
              ________      ________      ________      ________
                    0             0             0            17


           BETA
              ETA1          ETA2          ETA3          Y
              ________      ________      ________      ________
 ETA1               0             0             0             0
 ETA2               0             0             0             0
 ETA3               0             0             0             0
 Y                 18            19            20             0


           PSI
              ETA1          ETA2          ETA3          Y
              ________      ________      ________      ________
 ETA1              21
 ETA2              22            23
 ETA3               0             0             0
 Y                  0             0             0            24


     STARTING VALUES


           NU
              X1            X2            X3            M1            M2
              ________      ________      ________      ________      ________
                0.023        -0.063        -0.044        -0.056         0.012


           NU
              M3            Y
              ________      ________
               -0.057         0.000


           LAMBDA
              ETA1          ETA2          ETA3          Y
              ________      ________      ________      ________
 X1             1.000         0.000         0.000         0.000
 X2             1.000         0.000         0.000         0.000
 X3             1.000         0.000         0.000         0.000
 M1             0.000         1.000         0.000         0.000
 M2             0.000         1.000         0.000         0.000
 M3             0.000         1.000         0.000         0.000
 Y              0.000         0.000         0.000         1.000


           THETA
              X1            X2            X3            M1            M2
              ________      ________      ________      ________      ________
 X1             1.227
 X2             0.000         0.936
 X3             0.000         0.000         0.649
 M1             0.000         0.000         0.000         1.102
 M2             0.000         0.000         0.000         0.000         0.926
 M3             0.000         0.000         0.000         0.000         0.000
 Y              0.000         0.000         0.000         0.000         0.000


           THETA
              M3            Y
              ________      ________
 M3             0.594
 Y              0.000         0.000


           ALPHA
              ETA1          ETA2          ETA3          Y
              ________      ________      ________      ________
                0.000         0.000         0.000        -0.046


           BETA
              ETA1          ETA2          ETA3          Y
              ________      ________      ________      ________
 ETA1           0.000         0.000         0.000         0.000
 ETA2           0.000         0.000         0.000         0.000
 ETA3           0.000         0.000         0.000         0.000
 Y              0.000         0.000         0.000         0.000


           PSI
              ETA1          ETA2          ETA3          Y
              ________      ________      ________      ________
 ETA1           0.050
 ETA2           0.000         0.050
 ETA3           0.000         0.000         0.000
 Y              0.000         0.000         0.000         0.485


TECHNICAL 4 OUTPUT


     ESTIMATES DERIVED FROM THE MODEL


           ESTIMATED MEANS FOR THE LATENT VARIABLES
              ETA1          ETA2          ETA3          Y
              ________      ________      ________      ________
                0.000         0.000         0.053        -0.046


           S.E. FOR ESTIMATED MEANS FOR THE LATENT VARIABLES
              ETA1          ETA2          ETA3          Y
              ________      ________      ________      ________
                0.000         0.000         0.073         0.062


           EST./S.E. FOR ESTIMATED MEANS FOR THE LATENT VARIABLES
              ETA1          ETA2          ETA3          Y
              ________      ________      ________      ________
                0.000         0.000         0.728        -0.744


           TWO-TAILED P-VALUE FOR ESTIMATED MEANS FOR THE LATENT VARIABLES
              ETA1          ETA2          ETA3          Y
              ________      ________      ________      ________
                1.000         1.000         0.467         0.457


           ESTIMATED COVARIANCE MATRIX FOR THE LATENT VARIABLES
              ETA1          ETA2          ETA3          Y
              ________      ________      ________      ________
 ETA1           0.630
 ETA2           0.053         1.084
 ETA3           0.000         0.000         0.686
 Y              0.303         0.316         0.176         0.965


           S.E. FOR ESTIMATED COVARIANCE MATRIX FOR THE LATENT VARIABLES
              ETA1          ETA2          ETA3          Y
              ________      ________      ________      ________
 ETA1           0.170
 ETA2           0.073         0.208
 ETA3           0.000         0.000         0.227
 Y              0.075         0.086         0.061         0.079


           EST./S.E. FOR ESTIMATED COVARIANCE MATRIX FOR THE LATENT VARIABLES
              ETA1          ETA2          ETA3          Y
              ________      ________      ________      ________
 ETA1           3.705
 ETA2           0.728         5.201
 ETA3           0.000         0.000         3.019
 Y              4.044         3.683         2.878        12.190


           TWO-TAILED P-VALUE FOR ESTIMATED COVARIANCE MATRIX FOR THE LATENT VARIABLES
              ETA1          ETA2          ETA3          Y
              ________      ________      ________      ________
 ETA1           0.000
 ETA2           0.467         0.000
 ETA3           1.000         1.000         0.003
 Y              0.000         0.000         0.004         0.000


           ESTIMATED CORRELATION MATRIX FOR THE LATENT VARIABLES
              ETA1          ETA2          ETA3          Y
              ________      ________      ________      ________
 ETA1           1.000
 ETA2           0.064         1.000
 ETA3           0.000         0.000         1.000
 Y              0.389         0.309         0.217         1.000


           S.E. FOR ESTIMATED CORRELATION MATRIX FOR THE LATENT VARIABLES
              ETA1          ETA2          ETA3          Y
              ________      ________      ________      ________
 ETA1           0.000
 ETA2           0.085         0.000
 ETA3           0.000         0.000         0.000
 Y              0.063         0.068         0.067         0.000


           EST./S.E. FOR ESTIMATED CORRELATION MATRIX FOR THE LATENT VARIABLES
              ETA1          ETA2          ETA3          Y
              ________      ________      ________      ________
 ETA1         999.000
 ETA2           0.756       999.000
 ETA3           0.000         0.000       999.000
 Y              6.161         4.577         3.236       999.000


           TWO-TAILED P-VALUE FOR ESTIMATED CORRELATION MATRIX FOR THE LATENT VARIABLES
              ETA1          ETA2          ETA3          Y
              ________      ________      ________      ________
 ETA1           0.000
 ETA2           0.450         0.000
 ETA3           1.000         1.000         0.000
 Y              0.000         0.000         0.001         0.000


     Beginning Time:  23:06:21
        Ending Time:  23:07:46
       Elapsed Time:  00:01:25



MUTHEN & MUTHEN
3463 Stoner Ave.
Los Angeles, CA  90066

Tel: (310) 391-9971
Fax: (310) 391-8971
Web: www.StatModel.com
Support: Support@StatModel.com

Copyright (c) 1998-2022 Muthen & Muthen
