Mplus VERSION 8.8 (Mac)
MUTHEN & MUTHEN
08/20/2024  11:42 PM

INPUT INSTRUCTIONS

  TITLE: Data Analysis for SEM with Latent Interaction

  DATA:
    FILE = /Users/jimmy_z/desktop/Temp_Data/temp_data_134.dat;
    FORMAT = FREE;

  VARIABLE:
    NAMES ARE x1 x2 x3 m1 m2 m3 y;
    USEVARIABLES ARE x1 x2 x3 m1 m2 m3 y;

  ANALYSIS:
    TYPE = RANDOM;
    ESTIMATOR = MLR;
    ALGORITHM = INTEGRATION;
    INTEGRATION = MONTECARLO;

  MODEL:
    eta1 BY x1 x2 x3;
    eta2 BY m1 m2 m3;
    eta3 | eta1 XWITH eta2;
    y ON eta1 eta2 eta3;

  OUTPUT:
    STANDARDIZED;
    TECH1;
    TECH4;





INPUT READING TERMINATED NORMALLY



Data Analysis for SEM with Latent Interaction

SUMMARY OF ANALYSIS

Number of groups                                                 1
Number of observations                                         250

Number of dependent variables                                    7
Number of independent variables                                  0
Number of continuous latent variables                            3

Observed dependent variables

  Continuous
   X1          X2          X3          M1          M2          M3
   Y

Continuous latent variables
   ETA1        ETA2        ETA3


Estimator                                                      MLR
Information matrix                                        OBSERVED
Optimization Specifications for the Quasi-Newton Algorithm for
Continuous Outcomes
  Maximum number of iterations                                 100
  Convergence criterion                                  0.100D-05
Optimization Specifications for the EM Algorithm
  Maximum number of iterations                                 500
  Convergence criteria
    Loglikelihood change                                 0.100D-02
    Relative loglikelihood change                        0.100D-05
    Derivative                                           0.100D-02
Optimization Specifications for the M step of the EM Algorithm for
Categorical Latent variables
  Number of M step iterations                                    1
  M step convergence criterion                           0.100D-02
  Basis for M step termination                           ITERATION
Optimization Specifications for the M step of the EM Algorithm for
Censored, Binary or Ordered Categorical (Ordinal), Unordered
Categorical (Nominal) and Count Outcomes
  Number of M step iterations                                    1
  M step convergence criterion                           0.100D-02
  Basis for M step termination                           ITERATION
  Maximum value for logit thresholds                            15
  Minimum value for logit thresholds                           -15
  Minimum expected cell size for chi-square              0.100D-01
Optimization algorithm                                         EMA
Integration Specifications
  Type                                                  MONTECARLO
  Number of integration points                                2000
  Dimensions of numerical integration                            2
  Adaptive quadrature                                           ON
  Monte Carlo integration seed                                   0
Cholesky                                                       OFF

Input data file(s)
  /Users/jimmy_z/desktop/Temp_Data/temp_data_134.dat
Input data format  FREE



UNIVARIATE SAMPLE STATISTICS


     UNIVARIATE HIGHER-ORDER MOMENT DESCRIPTIVE STATISTICS

         Variable/         Mean/     Skewness/   Minimum/ % with                Percentiles
        Sample Size      Variance    Kurtosis    Maximum  Min/Max      20%/60%    40%/80%    Median

     X1                   -0.072      -0.237      -4.060    0.40%      -1.026     -0.357     -0.062
             250.000       1.668       0.430       3.923    0.40%       0.146      1.064
     X2                    0.021      -0.038      -3.363    0.40%      -1.005     -0.282     -0.020
             250.000       1.327      -0.255       2.812    0.40%       0.334      0.996
     X3                   -0.052      -0.145      -2.564    0.40%      -0.917     -0.282      0.013
             250.000       0.920      -0.333       2.687    0.40%       0.255      0.819
     M1                   -0.074       0.042      -3.900    0.40%      -1.128     -0.407     -0.074
             250.000       1.879       0.013       3.780    0.40%       0.258      1.015
     M2                   -0.038       0.059      -3.209    0.40%      -1.042     -0.284      0.004
             250.000       1.308       0.042       3.346    0.40%       0.271      0.864
     M3                    0.005       0.144      -2.191    0.40%      -0.728     -0.250     -0.107
             250.000       0.821      -0.361       2.356    0.40%       0.123      0.867
     Y                    -0.021       0.103      -2.930    0.40%      -0.920     -0.380     -0.035
             250.000       1.192      -0.018       3.553    0.40%       0.304      0.883


THE MODEL ESTIMATION TERMINATED NORMALLY



MODEL FIT INFORMATION

Number of Free Parameters                       24

Loglikelihood

          H0 Value                       -2422.849
          H0 Scaling Correction Factor      0.9744
            for MLR

Information Criteria

          Akaike (AIC)                    4893.699
          Bayesian (BIC)                  4978.214
          Sample-Size Adjusted BIC        4902.132
            (n* = (n + 2) / 24)



MODEL RESULTS

                                                    Two-Tailed
                    Estimate       S.E.  Est./S.E.    P-Value

 ETA1     BY
    X1                 1.000      0.000    999.000    999.000
    X2                 0.891      0.094      9.464      0.000
    X3                 0.805      0.086      9.362      0.000

 ETA2     BY
    M1                 1.000      0.000    999.000    999.000
    M2                 0.847      0.085      9.967      0.000
    M3                 0.657      0.064     10.257      0.000

 Y          ON
    ETA1               0.235      0.078      3.017      0.003
    ETA2               0.488      0.075      6.519      0.000
    ETA3               0.413      0.074      5.559      0.000

 ETA2     WITH
    ETA1               0.009      0.088      0.103      0.918

 Intercepts
    X1                -0.072      0.082     -0.885      0.376
    X2                 0.020      0.073      0.278      0.781
    X3                -0.053      0.061     -0.868      0.385
    M1                -0.074      0.087     -0.855      0.392
    M2                -0.038      0.072     -0.519      0.604
    M3                 0.005      0.057      0.087      0.931
    Y                 -0.025      0.068     -0.365      0.715

 Variances
    ETA1               0.864      0.165      5.225      0.000
    ETA2               1.046      0.176      5.955      0.000

 Residual Variances
    X1                 0.799      0.103      7.747      0.000
    X2                 0.641      0.088      7.267      0.000
    X3                 0.359      0.057      6.312      0.000
    M1                 0.829      0.102      8.133      0.000
    M2                 0.558      0.082      6.766      0.000
    M3                 0.370      0.046      8.113      0.000
    Y                  0.747      0.072     10.312      0.000


QUALITY OF NUMERICAL RESULTS

     Condition Number for the Information Matrix              0.573E-03
       (ratio of smallest to largest eigenvalue)


STANDARDIZED MODEL RESULTS


STDYX Standardization

                                                    Two-Tailed
                    Estimate       S.E.  Est./S.E.    P-Value

 ETA1     BY
    X1                 0.721      0.046     15.823      0.000
    X2                 0.719      0.048     15.109      0.000
    X3                 0.781      0.041     19.147      0.000

 ETA2     BY
    M1                 0.747      0.040     18.663      0.000
    M2                 0.757      0.039     19.236      0.000
    M3                 0.742      0.036     20.370      0.000

 Y          ON
    ETA1               0.200      0.066      3.032      0.002
    ETA2               0.456      0.051      8.919      0.000
    ETA3               0.358      0.050      7.163      0.000

 ETA2     WITH
    ETA1               0.010      0.092      0.103      0.918

 Intercepts
    X1                -0.056      0.063     -0.891      0.373
    X2                 0.018      0.063      0.277      0.781
    X3                -0.055      0.063     -0.871      0.384
    M1                -0.054      0.063     -0.854      0.393
    M2                -0.033      0.063     -0.518      0.605
    M3                 0.006      0.063      0.087      0.931
    Y                 -0.023      0.062     -0.365      0.715

 Variances
    ETA1               1.000      0.000    999.000    999.000
    ETA2               1.000      0.000    999.000    999.000

 Residual Variances
    X1                 0.480      0.066      7.311      0.000
    X2                 0.483      0.068      7.048      0.000
    X3                 0.390      0.064      6.132      0.000
    M1                 0.442      0.060      7.398      0.000
    M2                 0.427      0.060      7.154      0.000
    M3                 0.450      0.054      8.337      0.000
    Y                  0.622      0.057     10.892      0.000


STDY Standardization

                                                    Two-Tailed
                    Estimate       S.E.  Est./S.E.    P-Value

 ETA1     BY
    X1                 0.721      0.046     15.823      0.000
    X2                 0.719      0.048     15.109      0.000
    X3                 0.781      0.041     19.147      0.000

 ETA2     BY
    M1                 0.747      0.040     18.663      0.000
    M2                 0.757      0.039     19.236      0.000
    M3                 0.742      0.036     20.370      0.000

 Y          ON
    ETA1               0.200      0.066      3.032      0.002
    ETA2               0.456      0.051      8.919      0.000
    ETA3               0.358      0.050      7.163      0.000

 ETA2     WITH
    ETA1               0.010      0.092      0.103      0.918

 Intercepts
    X1                -0.056      0.063     -0.891      0.373
    X2                 0.018      0.063      0.277      0.781
    X3                -0.055      0.063     -0.871      0.384
    M1                -0.054      0.063     -0.854      0.393
    M2                -0.033      0.063     -0.518      0.605
    M3                 0.006      0.063      0.087      0.931
    Y                 -0.023      0.062     -0.365      0.715

 Variances
    ETA1               1.000      0.000    999.000    999.000
    ETA2               1.000      0.000    999.000    999.000

 Residual Variances
    X1                 0.480      0.066      7.311      0.000
    X2                 0.483      0.068      7.048      0.000
    X3                 0.390      0.064      6.132      0.000
    M1                 0.442      0.060      7.398      0.000
    M2                 0.427      0.060      7.154      0.000
    M3                 0.450      0.054      8.337      0.000
    Y                  0.622      0.057     10.892      0.000


STD Standardization

                                                    Two-Tailed
                    Estimate       S.E.  Est./S.E.    P-Value

 ETA1     BY
    X1                 0.930      0.089     10.449      0.000
    X2                 0.829      0.074     11.163      0.000
    X3                 0.749      0.057     13.249      0.000

 ETA2     BY
    M1                 1.023      0.086     11.910      0.000
    M2                 0.866      0.066     13.094      0.000
    M3                 0.672      0.049     13.838      0.000

 Y          ON
    ETA1               0.219      0.074      2.959      0.003
    ETA2               0.499      0.066      7.550      0.000
    ETA3               0.392      0.059      6.675      0.000

 ETA2     WITH
    ETA1               0.010      0.092      0.103      0.918

 Intercepts
    X1                -0.072      0.082     -0.885      0.376
    X2                 0.020      0.073      0.278      0.781
    X3                -0.053      0.061     -0.868      0.385
    M1                -0.074      0.087     -0.855      0.392
    M2                -0.038      0.072     -0.519      0.604
    M3                 0.005      0.057      0.087      0.931
    Y                 -0.025      0.068     -0.365      0.715

 Variances
    ETA1               1.000      0.000    999.000    999.000
    ETA2               1.000      0.000    999.000    999.000

 Residual Variances
    X1                 0.799      0.103      7.747      0.000
    X2                 0.641      0.088      7.267      0.000
    X3                 0.359      0.057      6.312      0.000
    M1                 0.829      0.102      8.133      0.000
    M2                 0.558      0.082      6.766      0.000
    M3                 0.370      0.046      8.113      0.000
    Y                  0.747      0.072     10.312      0.000


R-SQUARE

    Observed                                        Two-Tailed
    Variable        Estimate       S.E.  Est./S.E.    P-Value

    X1                 0.520      0.066      7.911      0.000
    X2                 0.517      0.068      7.555      0.000
    X3                 0.610      0.064      9.574      0.000
    M1                 0.558      0.060      9.331      0.000
    M2                 0.573      0.060      9.618      0.000
    M3                 0.550      0.054     10.185      0.000
    Y                  0.378      0.057      6.607      0.000


TECHNICAL 1 OUTPUT


     PARAMETER SPECIFICATION


           NU
              X1            X2            X3            M1            M2
              ________      ________      ________      ________      ________
                    1             2             3             4             5


           NU
              M3            Y
              ________      ________
                    6             0


           LAMBDA
              ETA1          ETA2          ETA3          Y
              ________      ________      ________      ________
 X1                 0             0             0             0
 X2                 7             0             0             0
 X3                 8             0             0             0
 M1                 0             0             0             0
 M2                 0             9             0             0
 M3                 0            10             0             0
 Y                  0             0             0             0


           THETA
              X1            X2            X3            M1            M2
              ________      ________      ________      ________      ________
 X1                11
 X2                 0            12
 X3                 0             0            13
 M1                 0             0             0            14
 M2                 0             0             0             0            15
 M3                 0             0             0             0             0
 Y                  0             0             0             0             0


           THETA
              M3            Y
              ________      ________
 M3                16
 Y                  0             0


           ALPHA
              ETA1          ETA2          ETA3          Y
              ________      ________      ________      ________
                    0             0             0            17


           BETA
              ETA1          ETA2          ETA3          Y
              ________      ________      ________      ________
 ETA1               0             0             0             0
 ETA2               0             0             0             0
 ETA3               0             0             0             0
 Y                 18            19            20             0


           PSI
              ETA1          ETA2          ETA3          Y
              ________      ________      ________      ________
 ETA1              21
 ETA2              22            23
 ETA3               0             0             0
 Y                  0             0             0            24


     STARTING VALUES


           NU
              X1            X2            X3            M1            M2
              ________      ________      ________      ________      ________
               -0.072         0.021        -0.052        -0.074        -0.038


           NU
              M3            Y
              ________      ________
                0.005         0.000


           LAMBDA
              ETA1          ETA2          ETA3          Y
              ________      ________      ________      ________
 X1             1.000         0.000         0.000         0.000
 X2             1.000         0.000         0.000         0.000
 X3             1.000         0.000         0.000         0.000
 M1             0.000         1.000         0.000         0.000
 M2             0.000         1.000         0.000         0.000
 M3             0.000         1.000         0.000         0.000
 Y              0.000         0.000         0.000         1.000


           THETA
              X1            X2            X3            M1            M2
              ________      ________      ________      ________      ________
 X1             0.834
 X2             0.000         0.664
 X3             0.000         0.000         0.460
 M1             0.000         0.000         0.000         0.939
 M2             0.000         0.000         0.000         0.000         0.654
 M3             0.000         0.000         0.000         0.000         0.000
 Y              0.000         0.000         0.000         0.000         0.000


           THETA
              M3            Y
              ________      ________
 M3             0.411
 Y              0.000         0.000


           ALPHA
              ETA1          ETA2          ETA3          Y
              ________      ________      ________      ________
                0.000         0.000         0.000        -0.021


           BETA
              ETA1          ETA2          ETA3          Y
              ________      ________      ________      ________
 ETA1           0.000         0.000         0.000         0.000
 ETA2           0.000         0.000         0.000         0.000
 ETA3           0.000         0.000         0.000         0.000
 Y              0.000         0.000         0.000         0.000


           PSI
              ETA1          ETA2          ETA3          Y
              ________      ________      ________      ________
 ETA1           0.050
 ETA2           0.000         0.050
 ETA3           0.000         0.000         0.000
 Y              0.000         0.000         0.000         0.596


TECHNICAL 4 OUTPUT


     ESTIMATES DERIVED FROM THE MODEL


           ESTIMATED MEANS FOR THE LATENT VARIABLES
              ETA1          ETA2          ETA3          Y
              ________      ________      ________      ________
                0.000         0.000         0.009        -0.021


           S.E. FOR ESTIMATED MEANS FOR THE LATENT VARIABLES
              ETA1          ETA2          ETA3          Y
              ________      ________      ________      ________
                0.000         0.000         0.088         0.069


           EST./S.E. FOR ESTIMATED MEANS FOR THE LATENT VARIABLES
              ETA1          ETA2          ETA3          Y
              ________      ________      ________      ________
                0.000         0.000         0.103        -0.306


           TWO-TAILED P-VALUE FOR ESTIMATED MEANS FOR THE LATENT VARIABLES
              ETA1          ETA2          ETA3          Y
              ________      ________      ________      ________
                1.000         1.000         0.918         0.760


           ESTIMATED COVARIANCE MATRIX FOR THE LATENT VARIABLES
              ETA1          ETA2          ETA3          Y
              ________      ________      ________      ________
 ETA1           0.864
 ETA2           0.009         1.046
 ETA3           0.000         0.000         0.904
 Y              0.208         0.513         0.373         1.200


           S.E. FOR ESTIMATED COVARIANCE MATRIX FOR THE LATENT VARIABLES
              ETA1          ETA2          ETA3          Y
              ________      ________      ________      ________
 ETA1           0.165
 ETA2           0.088         0.176
 ETA3           0.000         0.000         0.243
 Y              0.089         0.084         0.082         0.102


           EST./S.E. FOR ESTIMATED COVARIANCE MATRIX FOR THE LATENT VARIABLES
              ETA1          ETA2          ETA3          Y
              ________      ________      ________      ________
 ETA1           5.225
 ETA2           0.103         5.955
 ETA3           0.000         0.000         3.713
 Y              2.329         6.119         4.528        11.731


           TWO-TAILED P-VALUE FOR ESTIMATED COVARIANCE MATRIX FOR THE LATENT VARIABLES
              ETA1          ETA2          ETA3          Y
              ________      ________      ________      ________
 ETA1           0.000
 ETA2           0.918         0.000
 ETA3           1.000         1.000         0.000
 Y              0.020         0.000         0.000         0.000


           ESTIMATED CORRELATION MATRIX FOR THE LATENT VARIABLES
              ETA1          ETA2          ETA3          Y
              ________      ________      ________      ________
 ETA1           1.000
 ETA2           0.010         1.000
 ETA3           0.000         0.000         1.000
 Y              0.204         0.458         0.358         1.000


           S.E. FOR ESTIMATED CORRELATION MATRIX FOR THE LATENT VARIABLES
              ETA1          ETA2          ETA3          Y
              ________      ________      ________      ________
 ETA1           0.000
 ETA2           0.092         0.000
 ETA3           0.000         0.000         0.000
 Y              0.077         0.049         0.050         0.000


           EST./S.E. FOR ESTIMATED CORRELATION MATRIX FOR THE LATENT VARIABLES
              ETA1          ETA2          ETA3          Y
              ________      ________      ________      ________
 ETA1         999.000
 ETA2           0.103       999.000
 ETA3           0.000         0.000       999.000
 Y              2.641         9.285         7.165       999.000


           TWO-TAILED P-VALUE FOR ESTIMATED CORRELATION MATRIX FOR THE LATENT VARIABLES
              ETA1          ETA2          ETA3          Y
              ________      ________      ________      ________
 ETA1           0.000
 ETA2           0.918         0.000
 ETA3           1.000         1.000         0.000
 Y              0.008         0.000         0.000         0.000


     Beginning Time:  23:42:59
        Ending Time:  23:43:38
       Elapsed Time:  00:00:39



MUTHEN & MUTHEN
3463 Stoner Ave.
Los Angeles, CA  90066

Tel: (310) 391-9971
Fax: (310) 391-8971
Web: www.StatModel.com
Support: Support@StatModel.com

Copyright (c) 1998-2022 Muthen & Muthen
