Mplus VERSION 8.8 (Mac)
MUTHEN & MUTHEN
08/20/2024  11:21 PM

INPUT INSTRUCTIONS

  TITLE: Data Analysis for SEM with Latent Interaction

  DATA:
    FILE = /Users/jimmy_z/desktop/Temp_Data/temp_data_475.dat;
    FORMAT = FREE;

  VARIABLE:
    NAMES ARE x1 x2 x3 m1 m2 m3 y;
    USEVARIABLES ARE x1 x2 x3 m1 m2 m3 y;

  ANALYSIS:
    TYPE = RANDOM;
    ESTIMATOR = MLR;
    ALGORITHM = INTEGRATION;
    INTEGRATION = MONTECARLO;

  MODEL:
    eta1 BY x1 x2 x3;
    eta2 BY m1 m2 m3;
    eta3 | eta1 XWITH eta2;
    y ON eta1 eta2 eta3;

  OUTPUT:
    STANDARDIZED;
    TECH1;
    TECH4;





INPUT READING TERMINATED NORMALLY



Data Analysis for SEM with Latent Interaction

SUMMARY OF ANALYSIS

Number of groups                                                 1
Number of observations                                         250

Number of dependent variables                                    7
Number of independent variables                                  0
Number of continuous latent variables                            3

Observed dependent variables

  Continuous
   X1          X2          X3          M1          M2          M3
   Y

Continuous latent variables
   ETA1        ETA2        ETA3


Estimator                                                      MLR
Information matrix                                        OBSERVED
Optimization Specifications for the Quasi-Newton Algorithm for
Continuous Outcomes
  Maximum number of iterations                                 100
  Convergence criterion                                  0.100D-05
Optimization Specifications for the EM Algorithm
  Maximum number of iterations                                 500
  Convergence criteria
    Loglikelihood change                                 0.100D-02
    Relative loglikelihood change                        0.100D-05
    Derivative                                           0.100D-02
Optimization Specifications for the M step of the EM Algorithm for
Categorical Latent variables
  Number of M step iterations                                    1
  M step convergence criterion                           0.100D-02
  Basis for M step termination                           ITERATION
Optimization Specifications for the M step of the EM Algorithm for
Censored, Binary or Ordered Categorical (Ordinal), Unordered
Categorical (Nominal) and Count Outcomes
  Number of M step iterations                                    1
  M step convergence criterion                           0.100D-02
  Basis for M step termination                           ITERATION
  Maximum value for logit thresholds                            15
  Minimum value for logit thresholds                           -15
  Minimum expected cell size for chi-square              0.100D-01
Optimization algorithm                                         EMA
Integration Specifications
  Type                                                  MONTECARLO
  Number of integration points                                2000
  Dimensions of numerical integration                            2
  Adaptive quadrature                                           ON
  Monte Carlo integration seed                                   0
Cholesky                                                       OFF

Input data file(s)
  /Users/jimmy_z/desktop/Temp_Data/temp_data_475.dat
Input data format  FREE



UNIVARIATE SAMPLE STATISTICS


     UNIVARIATE HIGHER-ORDER MOMENT DESCRIPTIVE STATISTICS

         Variable/         Mean/     Skewness/   Minimum/ % with                Percentiles
        Sample Size      Variance    Kurtosis    Maximum  Min/Max      20%/60%    40%/80%    Median

     X1                   -0.049      -0.088      -4.326    0.40%      -1.404     -0.349      0.013
             250.000       2.350      -0.150       3.890    0.40%       0.356      1.248
     X2                   -0.016       0.113      -3.768    0.40%      -1.127     -0.300     -0.076
             250.000       1.474       0.475       4.413    0.40%       0.393      1.018
     X3                   -0.097      -0.078      -3.212    0.40%      -1.152     -0.417      0.002
             250.000       1.390      -0.293       3.197    0.40%       0.297      0.879
     M1                    0.050      -0.333      -5.159    0.40%      -1.328     -0.256      0.141
             250.000       2.559       0.065       4.143    0.40%       0.548      1.550
     M2                   -0.027      -0.105      -3.571    0.40%      -1.160     -0.355     -0.012
             250.000       1.690      -0.184       3.557    0.40%       0.363      1.120
     M3                    0.116       0.011      -3.473    0.40%      -0.785     -0.194      0.082
             250.000       1.384       0.100       3.266    0.40%       0.407      1.092
     Y                     0.082       0.241      -2.755    0.40%      -0.807     -0.190      0.117
             250.000       1.028       0.324       3.732    0.40%       0.296      0.849


THE MODEL ESTIMATION TERMINATED NORMALLY



MODEL FIT INFORMATION

Number of Free Parameters                       24

Loglikelihood

          H0 Value                       -2712.600
          H0 Scaling Correction Factor      0.9606
            for MLR

Information Criteria

          Akaike (AIC)                    5473.201
          Bayesian (BIC)                  5557.716
          Sample-Size Adjusted BIC        5481.634
            (n* = (n + 2) / 24)



MODEL RESULTS

                                                    Two-Tailed
                    Estimate       S.E.  Est./S.E.    P-Value

 ETA1     BY
    X1                 1.000      0.000    999.000    999.000
    X2                 0.865      0.129      6.724      0.000
    X3                 0.963      0.119      8.104      0.000

 ETA2     BY
    M1                 1.000      0.000    999.000    999.000
    M2                 0.856      0.080     10.708      0.000
    M3                 0.731      0.080      9.130      0.000

 Y          ON
    ETA1               0.331      0.078      4.234      0.000
    ETA2               0.256      0.065      3.947      0.000
    ETA3               0.274      0.070      3.905      0.000

 ETA2     WITH
    ETA1              -0.063      0.086     -0.734      0.463

 Intercepts
    X1                -0.050      0.097     -0.521      0.603
    X2                -0.018      0.077     -0.229      0.819
    X3                -0.099      0.075     -1.325      0.185
    M1                 0.050      0.101      0.493      0.622
    M2                -0.027      0.082     -0.325      0.745
    M3                 0.116      0.074      1.556      0.120
    Y                  0.099      0.063      1.566      0.117

 Variances
    ETA1               0.870      0.175      4.956      0.000
    ETA2               1.305      0.231      5.643      0.000

 Residual Variances
    X1                 1.484      0.160      9.249      0.000
    X2                 0.824      0.094      8.795      0.000
    X3                 0.584      0.100      5.822      0.000
    M1                 1.256      0.148      8.490      0.000
    M2                 0.734      0.111      6.586      0.000
    M3                 0.687      0.093      7.420      0.000
    Y                  0.770      0.079      9.690      0.000


QUALITY OF NUMERICAL RESULTS

     Condition Number for the Information Matrix              0.239E-01
       (ratio of smallest to largest eigenvalue)


STANDARDIZED MODEL RESULTS


STDYX Standardization

                                                    Two-Tailed
                    Estimate       S.E.  Est./S.E.    P-Value

 ETA1     BY
    X1                 0.608      0.049     12.368      0.000
    X2                 0.664      0.049     13.525      0.000
    X3                 0.761      0.051     15.058      0.000

 ETA2     BY
    M1                 0.714      0.042     16.908      0.000
    M2                 0.752      0.044     16.960      0.000
    M3                 0.710      0.045     15.758      0.000

 Y          ON
    ETA1               0.305      0.063      4.817      0.000
    ETA2               0.289      0.067      4.319      0.000
    ETA3               0.288      0.066      4.384      0.000

 ETA2     WITH
    ETA1              -0.059      0.080     -0.738      0.460

 Intercepts
    X1                -0.033      0.063     -0.521      0.602
    X2                -0.014      0.063     -0.229      0.819
    X3                -0.084      0.063     -1.327      0.184
    M1                 0.031      0.064      0.490      0.624
    M2                -0.021      0.063     -0.326      0.745
    M3                 0.098      0.063      1.553      0.121
    Y                  0.098      0.062      1.582      0.114

 Variances
    ETA1               1.000      0.000    999.000    999.000
    ETA2               1.000      0.000    999.000    999.000

 Residual Variances
    X1                 0.630      0.060     10.552      0.000
    X2                 0.559      0.065      8.572      0.000
    X3                 0.420      0.077      5.456      0.000
    M1                 0.490      0.060      8.137      0.000
    M2                 0.434      0.067      6.511      0.000
    M3                 0.496      0.064      7.769      0.000
    Y                  0.751      0.066     11.387      0.000


STDY Standardization

                                                    Two-Tailed
                    Estimate       S.E.  Est./S.E.    P-Value

 ETA1     BY
    X1                 0.608      0.049     12.368      0.000
    X2                 0.664      0.049     13.525      0.000
    X3                 0.761      0.051     15.058      0.000

 ETA2     BY
    M1                 0.714      0.042     16.908      0.000
    M2                 0.752      0.044     16.960      0.000
    M3                 0.710      0.045     15.758      0.000

 Y          ON
    ETA1               0.305      0.063      4.817      0.000
    ETA2               0.289      0.067      4.319      0.000
    ETA3               0.288      0.066      4.384      0.000

 ETA2     WITH
    ETA1              -0.059      0.080     -0.738      0.460

 Intercepts
    X1                -0.033      0.063     -0.521      0.602
    X2                -0.014      0.063     -0.229      0.819
    X3                -0.084      0.063     -1.327      0.184
    M1                 0.031      0.064      0.490      0.624
    M2                -0.021      0.063     -0.326      0.745
    M3                 0.098      0.063      1.553      0.121
    Y                  0.098      0.062      1.582      0.114

 Variances
    ETA1               1.000      0.000    999.000    999.000
    ETA2               1.000      0.000    999.000    999.000

 Residual Variances
    X1                 0.630      0.060     10.552      0.000
    X2                 0.559      0.065      8.572      0.000
    X3                 0.420      0.077      5.456      0.000
    M1                 0.490      0.060      8.137      0.000
    M2                 0.434      0.067      6.511      0.000
    M3                 0.496      0.064      7.769      0.000
    Y                  0.751      0.066     11.387      0.000


STD Standardization

                                                    Two-Tailed
                    Estimate       S.E.  Est./S.E.    P-Value

 ETA1     BY
    X1                 0.932      0.094      9.912      0.000
    X2                 0.806      0.086      9.409      0.000
    X3                 0.898      0.081     11.111      0.000

 ETA2     BY
    M1                 1.142      0.101     11.286      0.000
    M2                 0.978      0.081     12.134      0.000
    M3                 0.835      0.074     11.319      0.000

 Y          ON
    ETA1               0.309      0.069      4.481      0.000
    ETA2               0.292      0.072      4.044      0.000
    ETA3               0.292      0.070      4.159      0.000

 ETA2     WITH
    ETA1              -0.059      0.080     -0.738      0.460

 Intercepts
    X1                -0.050      0.097     -0.521      0.603
    X2                -0.018      0.077     -0.229      0.819
    X3                -0.099      0.075     -1.325      0.185
    M1                 0.050      0.101      0.493      0.622
    M2                -0.027      0.082     -0.325      0.745
    M3                 0.116      0.074      1.556      0.120
    Y                  0.099      0.063      1.566      0.117

 Variances
    ETA1               1.000      0.000    999.000    999.000
    ETA2               1.000      0.000    999.000    999.000

 Residual Variances
    X1                 1.484      0.160      9.249      0.000
    X2                 0.824      0.094      8.795      0.000
    X3                 0.584      0.100      5.822      0.000
    M1                 1.256      0.148      8.490      0.000
    M2                 0.734      0.111      6.586      0.000
    M3                 0.687      0.093      7.420      0.000
    Y                  0.770      0.079      9.690      0.000


R-SQUARE

    Observed                                        Two-Tailed
    Variable        Estimate       S.E.  Est./S.E.    P-Value

    X1                 0.370      0.060      6.184      0.000
    X2                 0.441      0.065      6.763      0.000
    X3                 0.580      0.077      7.529      0.000
    M1                 0.510      0.060      8.454      0.000
    M2                 0.566      0.067      8.480      0.000
    M3                 0.504      0.064      7.879      0.000
    Y                  0.249      0.066      3.785      0.000


TECHNICAL 1 OUTPUT


     PARAMETER SPECIFICATION


           NU
              X1            X2            X3            M1            M2
              ________      ________      ________      ________      ________
                    1             2             3             4             5


           NU
              M3            Y
              ________      ________
                    6             0


           LAMBDA
              ETA1          ETA2          ETA3          Y
              ________      ________      ________      ________
 X1                 0             0             0             0
 X2                 7             0             0             0
 X3                 8             0             0             0
 M1                 0             0             0             0
 M2                 0             9             0             0
 M3                 0            10             0             0
 Y                  0             0             0             0


           THETA
              X1            X2            X3            M1            M2
              ________      ________      ________      ________      ________
 X1                11
 X2                 0            12
 X3                 0             0            13
 M1                 0             0             0            14
 M2                 0             0             0             0            15
 M3                 0             0             0             0             0
 Y                  0             0             0             0             0


           THETA
              M3            Y
              ________      ________
 M3                16
 Y                  0             0


           ALPHA
              ETA1          ETA2          ETA3          Y
              ________      ________      ________      ________
                    0             0             0            17


           BETA
              ETA1          ETA2          ETA3          Y
              ________      ________      ________      ________
 ETA1               0             0             0             0
 ETA2               0             0             0             0
 ETA3               0             0             0             0
 Y                 18            19            20             0


           PSI
              ETA1          ETA2          ETA3          Y
              ________      ________      ________      ________
 ETA1              21
 ETA2              22            23
 ETA3               0             0             0
 Y                  0             0             0            24


     STARTING VALUES


           NU
              X1            X2            X3            M1            M2
              ________      ________      ________      ________      ________
               -0.049        -0.016        -0.097         0.050        -0.027


           NU
              M3            Y
              ________      ________
                0.116         0.000


           LAMBDA
              ETA1          ETA2          ETA3          Y
              ________      ________      ________      ________
 X1             1.000         0.000         0.000         0.000
 X2             1.000         0.000         0.000         0.000
 X3             1.000         0.000         0.000         0.000
 M1             0.000         1.000         0.000         0.000
 M2             0.000         1.000         0.000         0.000
 M3             0.000         1.000         0.000         0.000
 Y              0.000         0.000         0.000         1.000


           THETA
              X1            X2            X3            M1            M2
              ________      ________      ________      ________      ________
 X1             1.175
 X2             0.000         0.737
 X3             0.000         0.000         0.695
 M1             0.000         0.000         0.000         1.279
 M2             0.000         0.000         0.000         0.000         0.845
 M3             0.000         0.000         0.000         0.000         0.000
 Y              0.000         0.000         0.000         0.000         0.000


           THETA
              M3            Y
              ________      ________
 M3             0.692
 Y              0.000         0.000


           ALPHA
              ETA1          ETA2          ETA3          Y
              ________      ________      ________      ________
                0.000         0.000         0.000         0.082


           BETA
              ETA1          ETA2          ETA3          Y
              ________      ________      ________      ________
 ETA1           0.000         0.000         0.000         0.000
 ETA2           0.000         0.000         0.000         0.000
 ETA3           0.000         0.000         0.000         0.000
 Y              0.000         0.000         0.000         0.000


           PSI
              ETA1          ETA2          ETA3          Y
              ________      ________      ________      ________
 ETA1           0.050
 ETA2           0.000         0.050
 ETA3           0.000         0.000         0.000
 Y              0.000         0.000         0.000         0.514


TECHNICAL 4 OUTPUT


     ESTIMATES DERIVED FROM THE MODEL


           ESTIMATED MEANS FOR THE LATENT VARIABLES
              ETA1          ETA2          ETA3          Y
              ________      ________      ________      ________
                0.000         0.000        -0.063         0.082


           S.E. FOR ESTIMATED MEANS FOR THE LATENT VARIABLES
              ETA1          ETA2          ETA3          Y
              ________      ________      ________      ________
                0.000         0.000         0.086         0.064


           EST./S.E. FOR ESTIMATED MEANS FOR THE LATENT VARIABLES
              ETA1          ETA2          ETA3          Y
              ________      ________      ________      ________
                0.000         0.000        -0.734         1.281


           TWO-TAILED P-VALUE FOR ESTIMATED MEANS FOR THE LATENT VARIABLES
              ETA1          ETA2          ETA3          Y
              ________      ________      ________      ________
                1.000         1.000         0.463         0.200


           ESTIMATED COVARIANCE MATRIX FOR THE LATENT VARIABLES
              ETA1          ETA2          ETA3          Y
              ________      ________      ________      ________
 ETA1           0.870
 ETA2          -0.063         1.305
 ETA3           0.000         0.000         1.139
 Y              0.272         0.313         0.312         1.026


           S.E. FOR ESTIMATED COVARIANCE MATRIX FOR THE LATENT VARIABLES
              ETA1          ETA2          ETA3          Y
              ________      ________      ________      ________
 ETA1           0.175
 ETA2           0.086         0.231
 ETA3           0.000         0.000         0.311
 Y              0.073         0.094         0.092         0.097


           EST./S.E. FOR ESTIMATED COVARIANCE MATRIX FOR THE LATENT VARIABLES
              ETA1          ETA2          ETA3          Y
              ________      ________      ________      ________
 ETA1           4.956
 ETA2          -0.734         5.643
 ETA3           0.000         0.000         3.659
 Y              3.703         3.328         3.377        10.553


           TWO-TAILED P-VALUE FOR ESTIMATED COVARIANCE MATRIX FOR THE LATENT VARIABLES
              ETA1          ETA2          ETA3          Y
              ________      ________      ________      ________
 ETA1           0.000
 ETA2           0.463         0.000
 ETA3           1.000         1.000         0.000
 Y              0.000         0.001         0.001         0.000


           ESTIMATED CORRELATION MATRIX FOR THE LATENT VARIABLES
              ETA1          ETA2          ETA3          Y
              ________      ________      ________      ________
 ETA1           1.000
 ETA2          -0.059         1.000
 ETA3           0.000         0.000         1.000
 Y              0.288         0.270         0.289         1.000


           S.E. FOR ESTIMATED CORRELATION MATRIX FOR THE LATENT VARIABLES
              ETA1          ETA2          ETA3          Y
              ________      ________      ________      ________
 ETA1           0.000
 ETA2           0.080         0.000
 ETA3           0.000         0.000         0.000
 Y              0.064         0.072         0.066         0.000


           EST./S.E. FOR ESTIMATED CORRELATION MATRIX FOR THE LATENT VARIABLES
              ETA1          ETA2          ETA3          Y
              ________      ________      ________      ________
 ETA1         999.000
 ETA2          -0.738       999.000
 ETA3           0.000         0.000       999.000
 Y              4.496         3.742         4.376       999.000


           TWO-TAILED P-VALUE FOR ESTIMATED CORRELATION MATRIX FOR THE LATENT VARIABLES
              ETA1          ETA2          ETA3          Y
              ________      ________      ________      ________
 ETA1           0.000
 ETA2           0.460         0.000
 ETA3           1.000         1.000         0.000
 Y              0.000         0.000         0.000         0.000


     Beginning Time:  23:21:59
        Ending Time:  23:23:25
       Elapsed Time:  00:01:26



MUTHEN & MUTHEN
3463 Stoner Ave.
Los Angeles, CA  90066

Tel: (310) 391-9971
Fax: (310) 391-8971
Web: www.StatModel.com
Support: Support@StatModel.com

Copyright (c) 1998-2022 Muthen & Muthen
