Mplus VERSION 8.8 (Mac)
MUTHEN & MUTHEN
08/20/2024  10:52 PM

INPUT INSTRUCTIONS

  TITLE: Data Analysis for SEM with Latent Interaction

  DATA:
    FILE = /Users/jimmy_z/desktop/Temp_Data/temp_data_315.dat;
    FORMAT = FREE;

  VARIABLE:
    NAMES ARE x1 x2 x3 m1 m2 m3 y;
    USEVARIABLES ARE x1 x2 x3 m1 m2 m3 y;

  ANALYSIS:
    TYPE = RANDOM;
    ESTIMATOR = MLR;
    ALGORITHM = INTEGRATION;
    INTEGRATION = MONTECARLO;

  MODEL:
    eta1 BY x1 x2 x3;
    eta2 BY m1 m2 m3;
    eta3 | eta1 XWITH eta2;
    y ON eta1 eta2 eta3;

  OUTPUT:
    STANDARDIZED;
    TECH1;
    TECH4;





INPUT READING TERMINATED NORMALLY



Data Analysis for SEM with Latent Interaction

SUMMARY OF ANALYSIS

Number of groups                                                 1
Number of observations                                         250

Number of dependent variables                                    7
Number of independent variables                                  0
Number of continuous latent variables                            3

Observed dependent variables

  Continuous
   X1          X2          X3          M1          M2          M3
   Y

Continuous latent variables
   ETA1        ETA2        ETA3


Estimator                                                      MLR
Information matrix                                        OBSERVED
Optimization Specifications for the Quasi-Newton Algorithm for
Continuous Outcomes
  Maximum number of iterations                                 100
  Convergence criterion                                  0.100D-05
Optimization Specifications for the EM Algorithm
  Maximum number of iterations                                 500
  Convergence criteria
    Loglikelihood change                                 0.100D-02
    Relative loglikelihood change                        0.100D-05
    Derivative                                           0.100D-02
Optimization Specifications for the M step of the EM Algorithm for
Categorical Latent variables
  Number of M step iterations                                    1
  M step convergence criterion                           0.100D-02
  Basis for M step termination                           ITERATION
Optimization Specifications for the M step of the EM Algorithm for
Censored, Binary or Ordered Categorical (Ordinal), Unordered
Categorical (Nominal) and Count Outcomes
  Number of M step iterations                                    1
  M step convergence criterion                           0.100D-02
  Basis for M step termination                           ITERATION
  Maximum value for logit thresholds                            15
  Minimum value for logit thresholds                           -15
  Minimum expected cell size for chi-square              0.100D-01
Optimization algorithm                                         EMA
Integration Specifications
  Type                                                  MONTECARLO
  Number of integration points                                2000
  Dimensions of numerical integration                            2
  Adaptive quadrature                                           ON
  Monte Carlo integration seed                                   0
Cholesky                                                       OFF

Input data file(s)
  /Users/jimmy_z/desktop/Temp_Data/temp_data_315.dat
Input data format  FREE



UNIVARIATE SAMPLE STATISTICS


     UNIVARIATE HIGHER-ORDER MOMENT DESCRIPTIVE STATISTICS

         Variable/         Mean/     Skewness/   Minimum/ % with                Percentiles
        Sample Size      Variance    Kurtosis    Maximum  Min/Max      20%/60%    40%/80%    Median

     X1                    0.230       0.021      -4.213    0.40%      -1.139     -0.231      0.241
             250.000       2.560       0.149       5.996    0.40%       0.637      1.592
     X2                    0.109       0.058      -3.216    0.40%      -1.049     -0.249      0.126
             250.000       1.842      -0.453       3.551    0.40%       0.414      1.326
     X3                    0.023      -0.086      -2.749    0.40%      -0.859     -0.238      0.081
             250.000       1.128      -0.292       2.707    0.40%       0.313      0.900
     M1                    0.074      -0.019      -4.383    0.40%      -1.060     -0.361      0.049
             250.000       2.124       0.182       3.910    0.40%       0.413      1.230
     M2                    0.144       0.059      -3.130    0.40%      -0.964     -0.162      0.171
             250.000       1.660       0.054       4.075    0.40%       0.450      1.171
     M3                    0.221      -0.316      -3.141    0.40%      -0.757     -0.031      0.180
             250.000       1.300       0.036       3.027    0.40%       0.570      1.228
     Y                    -0.016       0.091      -3.249    0.40%      -0.921     -0.330     -0.027
             250.000       1.117       0.113       2.880    0.40%       0.175      0.858


THE MODEL ESTIMATION TERMINATED NORMALLY



MODEL FIT INFORMATION

Number of Free Parameters                       24

Loglikelihood

          H0 Value                       -2736.298
          H0 Scaling Correction Factor      0.9775
            for MLR

Information Criteria

          Akaike (AIC)                    5520.595
          Bayesian (BIC)                  5605.110
          Sample-Size Adjusted BIC        5529.028
            (n* = (n + 2) / 24)



MODEL RESULTS

                                                    Two-Tailed
                    Estimate       S.E.  Est./S.E.    P-Value

 ETA1     BY
    X1                 1.000      0.000    999.000    999.000
    X2                 0.905      0.130      6.971      0.000
    X3                 0.708      0.095      7.454      0.000

 ETA2     BY
    M1                 1.000      0.000    999.000    999.000
    M2                 0.865      0.145      5.983      0.000
    M3                 0.905      0.149      6.080      0.000

 Y          ON
    ETA1               0.422      0.083      5.063      0.000
    ETA2               0.392      0.092      4.281      0.000
    ETA3               0.469      0.095      4.938      0.000

 ETA2     WITH
    ETA1              -0.070      0.087     -0.803      0.422

 Intercepts
    X1                 0.229      0.101      2.270      0.023
    X2                 0.108      0.086      1.261      0.207
    X3                 0.023      0.067      0.341      0.733
    M1                 0.074      0.092      0.802      0.422
    M2                 0.144      0.082      1.760      0.078
    M3                 0.221      0.072      3.063      0.002
    Y                  0.016      0.068      0.239      0.811

 Variances
    ETA1               1.026      0.218      4.709      0.000
    ETA2               0.820      0.194      4.231      0.000

 Residual Variances
    X1                 1.525      0.184      8.299      0.000
    X2                 1.002      0.138      7.265      0.000
    X3                 0.614      0.081      7.604      0.000
    M1                 1.305      0.166      7.858      0.000
    M2                 1.047      0.123      8.516      0.000
    M3                 0.629      0.091      6.912      0.000
    Y                  0.680      0.082      8.318      0.000


QUALITY OF NUMERICAL RESULTS

     Condition Number for the Information Matrix              0.237E-01
       (ratio of smallest to largest eigenvalue)


STANDARDIZED MODEL RESULTS


STDYX Standardization

                                                    Two-Tailed
                    Estimate       S.E.  Est./S.E.    P-Value

 ETA1     BY
    X1                 0.634      0.053     12.044      0.000
    X2                 0.676      0.056     12.070      0.000
    X3                 0.675      0.050     13.379      0.000

 ETA2     BY
    M1                 0.621      0.059     10.491      0.000
    M2                 0.608      0.059     10.317      0.000
    M3                 0.719      0.052     13.904      0.000

 Y          ON
    ETA1               0.398      0.066      6.073      0.000
    ETA2               0.331      0.066      5.009      0.000
    ETA3               0.401      0.064      6.237      0.000

 ETA2     WITH
    ETA1              -0.076      0.092     -0.830      0.407

 Intercepts
    X1                 0.144      0.064      2.257      0.024
    X2                 0.080      0.063      1.262      0.207
    X3                 0.022      0.063      0.341      0.733
    M1                 0.051      0.063      0.802      0.423
    M2                 0.112      0.063      1.761      0.078
    M3                 0.194      0.066      2.946      0.003
    Y                  0.015      0.064      0.240      0.810

 Variances
    ETA1               1.000      0.000    999.000    999.000
    ETA2               1.000      0.000    999.000    999.000

 Residual Variances
    X1                 0.598      0.067      8.947      0.000
    X2                 0.544      0.076      7.190      0.000
    X3                 0.544      0.068      7.982      0.000
    M1                 0.614      0.074      8.346      0.000
    M2                 0.631      0.072      8.812      0.000
    M3                 0.484      0.074      6.509      0.000
    Y                  0.590      0.071      8.278      0.000


STDY Standardization

                                                    Two-Tailed
                    Estimate       S.E.  Est./S.E.    P-Value

 ETA1     BY
    X1                 0.634      0.053     12.044      0.000
    X2                 0.676      0.056     12.070      0.000
    X3                 0.675      0.050     13.379      0.000

 ETA2     BY
    M1                 0.621      0.059     10.491      0.000
    M2                 0.608      0.059     10.317      0.000
    M3                 0.719      0.052     13.904      0.000

 Y          ON
    ETA1               0.398      0.066      6.073      0.000
    ETA2               0.331      0.066      5.009      0.000
    ETA3               0.401      0.064      6.237      0.000

 ETA2     WITH
    ETA1              -0.076      0.092     -0.830      0.407

 Intercepts
    X1                 0.144      0.064      2.257      0.024
    X2                 0.080      0.063      1.262      0.207
    X3                 0.022      0.063      0.341      0.733
    M1                 0.051      0.063      0.802      0.423
    M2                 0.112      0.063      1.761      0.078
    M3                 0.194      0.066      2.946      0.003
    Y                  0.015      0.064      0.240      0.810

 Variances
    ETA1               1.000      0.000    999.000    999.000
    ETA2               1.000      0.000    999.000    999.000

 Residual Variances
    X1                 0.598      0.067      8.947      0.000
    X2                 0.544      0.076      7.190      0.000
    X3                 0.544      0.068      7.982      0.000
    M1                 0.614      0.074      8.346      0.000
    M2                 0.631      0.072      8.812      0.000
    M3                 0.484      0.074      6.509      0.000
    Y                  0.590      0.071      8.278      0.000


STD Standardization

                                                    Two-Tailed
                    Estimate       S.E.  Est./S.E.    P-Value

 ETA1     BY
    X1                 1.013      0.108      9.418      0.000
    X2                 0.917      0.093      9.820      0.000
    X3                 0.717      0.067     10.628      0.000

 ETA2     BY
    M1                 0.906      0.107      8.461      0.000
    M2                 0.783      0.094      8.286      0.000
    M3                 0.819      0.081     10.132      0.000

 Y          ON
    ETA1               0.427      0.076      5.612      0.000
    ETA2               0.355      0.076      4.686      0.000
    ETA3               0.431      0.076      5.686      0.000

 ETA2     WITH
    ETA1              -0.076      0.092     -0.830      0.407

 Intercepts
    X1                 0.229      0.101      2.270      0.023
    X2                 0.108      0.086      1.261      0.207
    X3                 0.023      0.067      0.341      0.733
    M1                 0.074      0.092      0.802      0.422
    M2                 0.144      0.082      1.760      0.078
    M3                 0.221      0.072      3.063      0.002
    Y                  0.016      0.068      0.239      0.811

 Variances
    ETA1               1.000      0.000    999.000    999.000
    ETA2               1.000      0.000    999.000    999.000

 Residual Variances
    X1                 1.525      0.184      8.299      0.000
    X2                 1.002      0.138      7.265      0.000
    X3                 0.614      0.081      7.604      0.000
    M1                 1.305      0.166      7.858      0.000
    M2                 1.047      0.123      8.516      0.000
    M3                 0.629      0.091      6.912      0.000
    Y                  0.680      0.082      8.318      0.000


R-SQUARE

    Observed                                        Two-Tailed
    Variable        Estimate       S.E.  Est./S.E.    P-Value

    X1                 0.402      0.067      6.022      0.000
    X2                 0.456      0.076      6.035      0.000
    X3                 0.456      0.068      6.689      0.000
    M1                 0.386      0.074      5.246      0.000
    M2                 0.369      0.072      5.159      0.000
    M3                 0.516      0.074      6.952      0.000
    Y                  0.410      0.071      5.747      0.000


TECHNICAL 1 OUTPUT


     PARAMETER SPECIFICATION


           NU
              X1            X2            X3            M1            M2
              ________      ________      ________      ________      ________
                    1             2             3             4             5


           NU
              M3            Y
              ________      ________
                    6             0


           LAMBDA
              ETA1          ETA2          ETA3          Y
              ________      ________      ________      ________
 X1                 0             0             0             0
 X2                 7             0             0             0
 X3                 8             0             0             0
 M1                 0             0             0             0
 M2                 0             9             0             0
 M3                 0            10             0             0
 Y                  0             0             0             0


           THETA
              X1            X2            X3            M1            M2
              ________      ________      ________      ________      ________
 X1                11
 X2                 0            12
 X3                 0             0            13
 M1                 0             0             0            14
 M2                 0             0             0             0            15
 M3                 0             0             0             0             0
 Y                  0             0             0             0             0


           THETA
              M3            Y
              ________      ________
 M3                16
 Y                  0             0


           ALPHA
              ETA1          ETA2          ETA3          Y
              ________      ________      ________      ________
                    0             0             0            17


           BETA
              ETA1          ETA2          ETA3          Y
              ________      ________      ________      ________
 ETA1               0             0             0             0
 ETA2               0             0             0             0
 ETA3               0             0             0             0
 Y                 18            19            20             0


           PSI
              ETA1          ETA2          ETA3          Y
              ________      ________      ________      ________
 ETA1              21
 ETA2              22            23
 ETA3               0             0             0
 Y                  0             0             0            24


     STARTING VALUES


           NU
              X1            X2            X3            M1            M2
              ________      ________      ________      ________      ________
                0.230         0.109         0.023         0.074         0.144


           NU
              M3            Y
              ________      ________
                0.221         0.000


           LAMBDA
              ETA1          ETA2          ETA3          Y
              ________      ________      ________      ________
 X1             1.000         0.000         0.000         0.000
 X2             1.000         0.000         0.000         0.000
 X3             1.000         0.000         0.000         0.000
 M1             0.000         1.000         0.000         0.000
 M2             0.000         1.000         0.000         0.000
 M3             0.000         1.000         0.000         0.000
 Y              0.000         0.000         0.000         1.000


           THETA
              X1            X2            X3            M1            M2
              ________      ________      ________      ________      ________
 X1             1.280
 X2             0.000         0.921
 X3             0.000         0.000         0.564
 M1             0.000         0.000         0.000         1.062
 M2             0.000         0.000         0.000         0.000         0.830
 M3             0.000         0.000         0.000         0.000         0.000
 Y              0.000         0.000         0.000         0.000         0.000


           THETA
              M3            Y
              ________      ________
 M3             0.650
 Y              0.000         0.000


           ALPHA
              ETA1          ETA2          ETA3          Y
              ________      ________      ________      ________
                0.000         0.000         0.000        -0.016


           BETA
              ETA1          ETA2          ETA3          Y
              ________      ________      ________      ________
 ETA1           0.000         0.000         0.000         0.000
 ETA2           0.000         0.000         0.000         0.000
 ETA3           0.000         0.000         0.000         0.000
 Y              0.000         0.000         0.000         0.000


           PSI
              ETA1          ETA2          ETA3          Y
              ________      ________      ________      ________
 ETA1           0.050
 ETA2           0.000         0.050
 ETA3           0.000         0.000         0.000
 Y              0.000         0.000         0.000         0.559


TECHNICAL 4 OUTPUT


     ESTIMATES DERIVED FROM THE MODEL


           ESTIMATED MEANS FOR THE LATENT VARIABLES
              ETA1          ETA2          ETA3          Y
              ________      ________      ________      ________
                0.000         0.000        -0.070        -0.016


           S.E. FOR ESTIMATED MEANS FOR THE LATENT VARIABLES
              ETA1          ETA2          ETA3          Y
              ________      ________      ________      ________
                0.000         0.000         0.087         0.067


           EST./S.E. FOR ESTIMATED MEANS FOR THE LATENT VARIABLES
              ETA1          ETA2          ETA3          Y
              ________      ________      ________      ________
                0.000         0.000        -0.803        -0.246


           TWO-TAILED P-VALUE FOR ESTIMATED MEANS FOR THE LATENT VARIABLES
              ETA1          ETA2          ETA3          Y
              ________      ________      ________      ________
                1.000         1.000         0.422         0.806


           ESTIMATED COVARIANCE MATRIX FOR THE LATENT VARIABLES
              ETA1          ETA2          ETA3          Y
              ________      ________      ________      ________
 ETA1           1.026
 ETA2          -0.070         0.820
 ETA3           0.000         0.000         0.846
 Y              0.406         0.292         0.397         1.152


           S.E. FOR ESTIMATED COVARIANCE MATRIX FOR THE LATENT VARIABLES
              ETA1          ETA2          ETA3          Y
              ________      ________      ________      ________
 ETA1           0.218
 ETA2           0.087         0.194
 ETA3           0.000         0.000         0.259
 Y              0.087         0.080         0.103         0.106


           EST./S.E. FOR ESTIMATED COVARIANCE MATRIX FOR THE LATENT VARIABLES
              ETA1          ETA2          ETA3          Y
              ________      ________      ________      ________
 ETA1           4.709
 ETA2          -0.803         4.231
 ETA3           0.000         0.000         3.262
 Y              4.642         3.655         3.860        10.825


           TWO-TAILED P-VALUE FOR ESTIMATED COVARIANCE MATRIX FOR THE LATENT VARIABLES
              ETA1          ETA2          ETA3          Y
              ________      ________      ________      ________
 ETA1           0.000
 ETA2           0.422         0.000
 ETA3           1.000         1.000         0.001
 Y              0.000         0.000         0.000         0.000


           ESTIMATED CORRELATION MATRIX FOR THE LATENT VARIABLES
              ETA1          ETA2          ETA3          Y
              ________      ________      ________      ________
 ETA1           1.000
 ETA2          -0.076         1.000
 ETA3           0.000         0.000         1.000
 Y              0.373         0.300         0.402         1.000


           S.E. FOR ESTIMATED CORRELATION MATRIX FOR THE LATENT VARIABLES
              ETA1          ETA2          ETA3          Y
              ________      ________      ________      ________
 ETA1           0.000
 ETA2           0.092         0.000
 ETA3           0.000         0.000         0.000
 Y              0.061         0.071         0.064         0.000


           EST./S.E. FOR ESTIMATED CORRELATION MATRIX FOR THE LATENT VARIABLES
              ETA1          ETA2          ETA3          Y
              ________      ________      ________      ________
 ETA1         999.000
 ETA2          -0.830       999.000
 ETA3           0.000         0.000       999.000
 Y              6.137         4.242         6.277       999.000


           TWO-TAILED P-VALUE FOR ESTIMATED CORRELATION MATRIX FOR THE LATENT VARIABLES
              ETA1          ETA2          ETA3          Y
              ________      ________      ________      ________
 ETA1           0.000
 ETA2           0.407         0.000
 ETA3           1.000         1.000         0.000
 Y              0.000         0.000         0.000         0.000


     Beginning Time:  22:52:23
        Ending Time:  22:53:34
       Elapsed Time:  00:01:11



MUTHEN & MUTHEN
3463 Stoner Ave.
Los Angeles, CA  90066

Tel: (310) 391-9971
Fax: (310) 391-8971
Web: www.StatModel.com
Support: Support@StatModel.com

Copyright (c) 1998-2022 Muthen & Muthen
