Mplus VERSION 8.8 (Mac)
MUTHEN & MUTHEN
08/20/2024  11:45 PM

INPUT INSTRUCTIONS

  TITLE: Data Analysis for SEM with Latent Interaction

  DATA:
    FILE = /Users/jimmy_z/desktop/Temp_Data/temp_data_156.dat;
    FORMAT = FREE;

  VARIABLE:
    NAMES ARE x1 x2 x3 m1 m2 m3 y;
    USEVARIABLES ARE x1 x2 x3 m1 m2 m3 y;

  ANALYSIS:
    TYPE = RANDOM;
    ESTIMATOR = MLR;
    ALGORITHM = INTEGRATION;
    INTEGRATION = MONTECARLO;

  MODEL:
    eta1 BY x1 x2 x3;
    eta2 BY m1 m2 m3;
    eta3 | eta1 XWITH eta2;
    y ON eta1 eta2 eta3;

  OUTPUT:
    STANDARDIZED;
    TECH1;
    TECH4;





INPUT READING TERMINATED NORMALLY



Data Analysis for SEM with Latent Interaction

SUMMARY OF ANALYSIS

Number of groups                                                 1
Number of observations                                         250

Number of dependent variables                                    7
Number of independent variables                                  0
Number of continuous latent variables                            3

Observed dependent variables

  Continuous
   X1          X2          X3          M1          M2          M3
   Y

Continuous latent variables
   ETA1        ETA2        ETA3


Estimator                                                      MLR
Information matrix                                        OBSERVED
Optimization Specifications for the Quasi-Newton Algorithm for
Continuous Outcomes
  Maximum number of iterations                                 100
  Convergence criterion                                  0.100D-05
Optimization Specifications for the EM Algorithm
  Maximum number of iterations                                 500
  Convergence criteria
    Loglikelihood change                                 0.100D-02
    Relative loglikelihood change                        0.100D-05
    Derivative                                           0.100D-02
Optimization Specifications for the M step of the EM Algorithm for
Categorical Latent variables
  Number of M step iterations                                    1
  M step convergence criterion                           0.100D-02
  Basis for M step termination                           ITERATION
Optimization Specifications for the M step of the EM Algorithm for
Censored, Binary or Ordered Categorical (Ordinal), Unordered
Categorical (Nominal) and Count Outcomes
  Number of M step iterations                                    1
  M step convergence criterion                           0.100D-02
  Basis for M step termination                           ITERATION
  Maximum value for logit thresholds                            15
  Minimum value for logit thresholds                           -15
  Minimum expected cell size for chi-square              0.100D-01
Optimization algorithm                                         EMA
Integration Specifications
  Type                                                  MONTECARLO
  Number of integration points                                2000
  Dimensions of numerical integration                            2
  Adaptive quadrature                                           ON
  Monte Carlo integration seed                                   0
Cholesky                                                       OFF

Input data file(s)
  /Users/jimmy_z/desktop/Temp_Data/temp_data_156.dat
Input data format  FREE



UNIVARIATE SAMPLE STATISTICS


     UNIVARIATE HIGHER-ORDER MOMENT DESCRIPTIVE STATISTICS

         Variable/         Mean/     Skewness/   Minimum/ % with                Percentiles
        Sample Size      Variance    Kurtosis    Maximum  Min/Max      20%/60%    40%/80%    Median

     X1                    0.025       0.351      -3.569    0.40%      -1.205     -0.422      0.004
             250.000       1.942       0.145       4.594    0.40%       0.294      1.043
     X2                    0.009       0.102      -3.050    0.40%      -0.883     -0.299     -0.019
             250.000       1.299      -0.110       2.760    0.40%       0.182      0.948
     X3                    0.077       0.165      -2.265    0.40%      -0.730     -0.190      0.117
             250.000       0.925       0.048       2.874    0.40%       0.327      0.813
     M1                   -0.017       0.023      -3.436    0.40%      -1.024     -0.359     -0.053
             250.000       1.553      -0.063       3.372    0.40%       0.313      1.040
     M2                   -0.119       0.048      -2.852    0.40%      -1.212     -0.418     -0.100
             250.000       1.399      -0.368       3.698    0.40%       0.205      0.867
     M3                   -0.065      -0.063      -2.862    0.40%      -0.877     -0.288     -0.006
             250.000       0.892       0.317       3.021    0.40%       0.133      0.795
     Y                     0.031       0.320      -2.633    0.40%      -0.717     -0.234     -0.013
             250.000       0.930       0.885       3.826    0.40%       0.205      0.827


THE MODEL ESTIMATION TERMINATED NORMALLY



MODEL FIT INFORMATION

Number of Free Parameters                       24

Loglikelihood

          H0 Value                       -2376.333
          H0 Scaling Correction Factor      0.9823
            for MLR

Information Criteria

          Akaike (AIC)                    4800.666
          Bayesian (BIC)                  4885.181
          Sample-Size Adjusted BIC        4809.099
            (n* = (n + 2) / 24)



MODEL RESULTS

                                                    Two-Tailed
                    Estimate       S.E.  Est./S.E.    P-Value

 ETA1     BY
    X1                 1.000      0.000    999.000    999.000
    X2                 0.833      0.074     11.208      0.000
    X3                 0.611      0.057     10.705      0.000

 ETA2     BY
    M1                 1.000      0.000    999.000    999.000
    M2                 0.927      0.080     11.658      0.000
    M3                 0.758      0.065     11.737      0.000

 Y          ON
    ETA1               0.203      0.063      3.235      0.001
    ETA2               0.207      0.069      3.000      0.003
    ETA3               0.342      0.069      4.927      0.000

 ETA2     WITH
    ETA1               0.097      0.077      1.260      0.208

 Intercepts
    X1                 0.025      0.088      0.284      0.776
    X2                 0.009      0.072      0.121      0.904
    X3                 0.076      0.061      1.255      0.209
    M1                -0.016      0.079     -0.207      0.836
    M2                -0.119      0.075     -1.592      0.111
    M3                -0.065      0.060     -1.084      0.278
    Y                 -0.002      0.059     -0.029      0.977

 Variances
    ETA1               1.222      0.189      6.474      0.000
    ETA2               0.949      0.146      6.482      0.000

 Residual Variances
    X1                 0.716      0.108      6.646      0.000
    X2                 0.452      0.072      6.232      0.000
    X3                 0.468      0.052      8.924      0.000
    M1                 0.602      0.081      7.450      0.000
    M2                 0.584      0.076      7.698      0.000
    M3                 0.347      0.047      7.453      0.000
    Y                  0.691      0.070      9.891      0.000


QUALITY OF NUMERICAL RESULTS

     Condition Number for the Information Matrix              0.489E-03
       (ratio of smallest to largest eigenvalue)


STANDARDIZED MODEL RESULTS


STDYX Standardization

                                                    Two-Tailed
                    Estimate       S.E.  Est./S.E.    P-Value

 ETA1     BY
    X1                 0.794      0.037     21.384      0.000
    X2                 0.808      0.035     23.070      0.000
    X3                 0.703      0.041     17.126      0.000

 ETA2     BY
    M1                 0.782      0.037     21.289      0.000
    M2                 0.763      0.036     21.441      0.000
    M3                 0.782      0.034     22.812      0.000

 Y          ON
    ETA1               0.233      0.065      3.574      0.000
    ETA2               0.210      0.066      3.191      0.001
    ETA3               0.382      0.071      5.387      0.000

 ETA2     WITH
    ETA1               0.090      0.071      1.265      0.206

 Intercepts
    X1                 0.018      0.063      0.285      0.776
    X2                 0.008      0.063      0.121      0.904
    X3                 0.079      0.063      1.261      0.207
    M1                -0.013      0.063     -0.207      0.836
    M2                -0.100      0.063     -1.585      0.113
    M3                -0.068      0.063     -1.085      0.278
    Y                 -0.002      0.061     -0.029      0.977

 Variances
    ETA1               1.000      0.000    999.000    999.000
    ETA2               1.000      0.000    999.000    999.000

 Residual Variances
    X1                 0.370      0.059      6.267      0.000
    X2                 0.348      0.057      6.149      0.000
    X3                 0.506      0.058      8.778      0.000
    M1                 0.388      0.057      6.756      0.000
    M2                 0.417      0.054      7.676      0.000
    M3                 0.389      0.054      7.259      0.000
    Y                  0.746      0.065     11.556      0.000


STDY Standardization

                                                    Two-Tailed
                    Estimate       S.E.  Est./S.E.    P-Value

 ETA1     BY
    X1                 0.794      0.037     21.384      0.000
    X2                 0.808      0.035     23.070      0.000
    X3                 0.703      0.041     17.126      0.000

 ETA2     BY
    M1                 0.782      0.037     21.289      0.000
    M2                 0.763      0.036     21.441      0.000
    M3                 0.782      0.034     22.812      0.000

 Y          ON
    ETA1               0.233      0.065      3.574      0.000
    ETA2               0.210      0.066      3.191      0.001
    ETA3               0.382      0.071      5.387      0.000

 ETA2     WITH
    ETA1               0.090      0.071      1.265      0.206

 Intercepts
    X1                 0.018      0.063      0.285      0.776
    X2                 0.008      0.063      0.121      0.904
    X3                 0.079      0.063      1.261      0.207
    M1                -0.013      0.063     -0.207      0.836
    M2                -0.100      0.063     -1.585      0.113
    M3                -0.068      0.063     -1.085      0.278
    Y                 -0.002      0.061     -0.029      0.977

 Variances
    ETA1               1.000      0.000    999.000    999.000
    ETA2               1.000      0.000    999.000    999.000

 Residual Variances
    X1                 0.370      0.059      6.267      0.000
    X2                 0.348      0.057      6.149      0.000
    X3                 0.506      0.058      8.778      0.000
    M1                 0.388      0.057      6.756      0.000
    M2                 0.417      0.054      7.676      0.000
    M3                 0.389      0.054      7.259      0.000
    Y                  0.746      0.065     11.556      0.000


STD Standardization

                                                    Two-Tailed
                    Estimate       S.E.  Est./S.E.    P-Value

 ETA1     BY
    X1                 1.106      0.085     12.947      0.000
    X2                 0.921      0.064     14.335      0.000
    X3                 0.676      0.059     11.425      0.000

 ETA2     BY
    M1                 0.974      0.075     12.965      0.000
    M2                 0.903      0.064     14.153      0.000
    M3                 0.738      0.057     13.057      0.000

 Y          ON
    ETA1               0.224      0.066      3.388      0.001
    ETA2               0.202      0.066      3.036      0.002
    ETA3               0.368      0.076      4.872      0.000

 ETA2     WITH
    ETA1               0.090      0.071      1.265      0.206

 Intercepts
    X1                 0.025      0.088      0.284      0.776
    X2                 0.009      0.072      0.121      0.904
    X3                 0.076      0.061      1.255      0.209
    M1                -0.016      0.079     -0.207      0.836
    M2                -0.119      0.075     -1.592      0.111
    M3                -0.065      0.060     -1.084      0.278
    Y                 -0.002      0.059     -0.029      0.977

 Variances
    ETA1               1.000      0.000    999.000    999.000
    ETA2               1.000      0.000    999.000    999.000

 Residual Variances
    X1                 0.716      0.108      6.646      0.000
    X2                 0.452      0.072      6.232      0.000
    X3                 0.468      0.052      8.924      0.000
    M1                 0.602      0.081      7.450      0.000
    M2                 0.584      0.076      7.698      0.000
    M3                 0.347      0.047      7.453      0.000
    Y                  0.691      0.070      9.891      0.000


R-SQUARE

    Observed                                        Two-Tailed
    Variable        Estimate       S.E.  Est./S.E.    P-Value

    X1                 0.630      0.059     10.692      0.000
    X2                 0.652      0.057     11.535      0.000
    X3                 0.494      0.058      8.563      0.000
    M1                 0.612      0.057     10.645      0.000
    M2                 0.583      0.054     10.720      0.000
    M3                 0.611      0.054     11.406      0.000
    Y                  0.254      0.065      3.939      0.000


TECHNICAL 1 OUTPUT


     PARAMETER SPECIFICATION


           NU
              X1            X2            X3            M1            M2
              ________      ________      ________      ________      ________
                    1             2             3             4             5


           NU
              M3            Y
              ________      ________
                    6             0


           LAMBDA
              ETA1          ETA2          ETA3          Y
              ________      ________      ________      ________
 X1                 0             0             0             0
 X2                 7             0             0             0
 X3                 8             0             0             0
 M1                 0             0             0             0
 M2                 0             9             0             0
 M3                 0            10             0             0
 Y                  0             0             0             0


           THETA
              X1            X2            X3            M1            M2
              ________      ________      ________      ________      ________
 X1                11
 X2                 0            12
 X3                 0             0            13
 M1                 0             0             0            14
 M2                 0             0             0             0            15
 M3                 0             0             0             0             0
 Y                  0             0             0             0             0


           THETA
              M3            Y
              ________      ________
 M3                16
 Y                  0             0


           ALPHA
              ETA1          ETA2          ETA3          Y
              ________      ________      ________      ________
                    0             0             0            17


           BETA
              ETA1          ETA2          ETA3          Y
              ________      ________      ________      ________
 ETA1               0             0             0             0
 ETA2               0             0             0             0
 ETA3               0             0             0             0
 Y                 18            19            20             0


           PSI
              ETA1          ETA2          ETA3          Y
              ________      ________      ________      ________
 ETA1              21
 ETA2              22            23
 ETA3               0             0             0
 Y                  0             0             0            24


     STARTING VALUES


           NU
              X1            X2            X3            M1            M2
              ________      ________      ________      ________      ________
                0.025         0.009         0.077        -0.017        -0.119


           NU
              M3            Y
              ________      ________
               -0.065         0.000


           LAMBDA
              ETA1          ETA2          ETA3          Y
              ________      ________      ________      ________
 X1             1.000         0.000         0.000         0.000
 X2             1.000         0.000         0.000         0.000
 X3             1.000         0.000         0.000         0.000
 M1             0.000         1.000         0.000         0.000
 M2             0.000         1.000         0.000         0.000
 M3             0.000         1.000         0.000         0.000
 Y              0.000         0.000         0.000         1.000


           THETA
              X1            X2            X3            M1            M2
              ________      ________      ________      ________      ________
 X1             0.971
 X2             0.000         0.650
 X3             0.000         0.000         0.462
 M1             0.000         0.000         0.000         0.776
 M2             0.000         0.000         0.000         0.000         0.700
 M3             0.000         0.000         0.000         0.000         0.000
 Y              0.000         0.000         0.000         0.000         0.000


           THETA
              M3            Y
              ________      ________
 M3             0.446
 Y              0.000         0.000


           ALPHA
              ETA1          ETA2          ETA3          Y
              ________      ________      ________      ________
                0.000         0.000         0.000         0.031


           BETA
              ETA1          ETA2          ETA3          Y
              ________      ________      ________      ________
 ETA1           0.000         0.000         0.000         0.000
 ETA2           0.000         0.000         0.000         0.000
 ETA3           0.000         0.000         0.000         0.000
 Y              0.000         0.000         0.000         0.000


           PSI
              ETA1          ETA2          ETA3          Y
              ________      ________      ________      ________
 ETA1           0.050
 ETA2           0.000         0.050
 ETA3           0.000         0.000         0.000
 Y              0.000         0.000         0.000         0.465


TECHNICAL 4 OUTPUT


     ESTIMATES DERIVED FROM THE MODEL


           ESTIMATED MEANS FOR THE LATENT VARIABLES
              ETA1          ETA2          ETA3          Y
              ________      ________      ________      ________
                0.000         0.000         0.097         0.031


           S.E. FOR ESTIMATED MEANS FOR THE LATENT VARIABLES
              ETA1          ETA2          ETA3          Y
              ________      ________      ________      ________
                0.000         0.000         0.077         0.061


           EST./S.E. FOR ESTIMATED MEANS FOR THE LATENT VARIABLES
              ETA1          ETA2          ETA3          Y
              ________      ________      ________      ________
                0.000         0.000         1.260         0.515


           TWO-TAILED P-VALUE FOR ESTIMATED MEANS FOR THE LATENT VARIABLES
              ETA1          ETA2          ETA3          Y
              ________      ________      ________      ________
                1.000         1.000         0.208         0.607


           ESTIMATED COVARIANCE MATRIX FOR THE LATENT VARIABLES
              ETA1          ETA2          ETA3          Y
              ________      ________      ________      ________
 ETA1           1.222
 ETA2           0.097         0.949
 ETA3           0.000         0.000         1.169
 Y              0.268         0.216         0.400         0.927


           S.E. FOR ESTIMATED COVARIANCE MATRIX FOR THE LATENT VARIABLES
              ETA1          ETA2          ETA3          Y
              ________      ________      ________      ________
 ETA1           0.189
 ETA2           0.077         0.146
 ETA3           0.000         0.000         0.251
 Y              0.077         0.071         0.103         0.096


           EST./S.E. FOR ESTIMATED COVARIANCE MATRIX FOR THE LATENT VARIABLES
              ETA1          ETA2          ETA3          Y
              ________      ________      ________      ________
 ETA1           6.474
 ETA2           1.260         6.482
 ETA3           0.000         0.000         4.663
 Y              3.496         3.061         3.879         9.639


           TWO-TAILED P-VALUE FOR ESTIMATED COVARIANCE MATRIX FOR THE LATENT VARIABLES
              ETA1          ETA2          ETA3          Y
              ________      ________      ________      ________
 ETA1           0.000
 ETA2           0.208         0.000
 ETA3           1.000         1.000         0.000
 Y              0.000         0.002         0.000         0.000


           ESTIMATED CORRELATION MATRIX FOR THE LATENT VARIABLES
              ETA1          ETA2          ETA3          Y
              ________      ________      ________      ________
 ETA1           1.000
 ETA2           0.090         1.000
 ETA3           0.000         0.000         1.000
 Y              0.251         0.231         0.384         1.000


           S.E. FOR ESTIMATED CORRELATION MATRIX FOR THE LATENT VARIABLES
              ETA1          ETA2          ETA3          Y
              ________      ________      ________      ________
 ETA1           0.000
 ETA2           0.071         0.000
 ETA3           0.000         0.000         0.000
 Y              0.066         0.068         0.071         0.000


           EST./S.E. FOR ESTIMATED CORRELATION MATRIX FOR THE LATENT VARIABLES
              ETA1          ETA2          ETA3          Y
              ________      ________      ________      ________
 ETA1         999.000
 ETA2           1.265       999.000
 ETA3           0.000         0.000       999.000
 Y              3.799         3.408         5.375       999.000


           TWO-TAILED P-VALUE FOR ESTIMATED CORRELATION MATRIX FOR THE LATENT VARIABLES
              ETA1          ETA2          ETA3          Y
              ________      ________      ________      ________
 ETA1           0.000
 ETA2           0.206         0.000
 ETA3           1.000         1.000         0.000
 Y              0.000         0.001         0.000         0.000


     Beginning Time:  23:45:19
        Ending Time:  23:45:54
       Elapsed Time:  00:00:35



MUTHEN & MUTHEN
3463 Stoner Ave.
Los Angeles, CA  90066

Tel: (310) 391-9971
Fax: (310) 391-8971
Web: www.StatModel.com
Support: Support@StatModel.com

Copyright (c) 1998-2022 Muthen & Muthen
