Mplus VERSION 8.8 (Mac)
MUTHEN & MUTHEN
08/20/2024  10:51 PM

INPUT INSTRUCTIONS

  TITLE: Data Analysis for SEM with Latent Interaction

  DATA:
    FILE = /Users/jimmy_z/desktop/Temp_Data/temp_data_316.dat;
    FORMAT = FREE;

  VARIABLE:
    NAMES ARE x1 x2 x3 m1 m2 m3 y;
    USEVARIABLES ARE x1 x2 x3 m1 m2 m3 y;

  ANALYSIS:
    TYPE = RANDOM;
    ESTIMATOR = MLR;
    ALGORITHM = INTEGRATION;
    INTEGRATION = MONTECARLO;

  MODEL:
    eta1 BY x1 x2 x3;
    eta2 BY m1 m2 m3;
    eta3 | eta1 XWITH eta2;
    y ON eta1 eta2 eta3;

  OUTPUT:
    STANDARDIZED;
    TECH1;
    TECH4;





INPUT READING TERMINATED NORMALLY



Data Analysis for SEM with Latent Interaction

SUMMARY OF ANALYSIS

Number of groups                                                 1
Number of observations                                         250

Number of dependent variables                                    7
Number of independent variables                                  0
Number of continuous latent variables                            3

Observed dependent variables

  Continuous
   X1          X2          X3          M1          M2          M3
   Y

Continuous latent variables
   ETA1        ETA2        ETA3


Estimator                                                      MLR
Information matrix                                        OBSERVED
Optimization Specifications for the Quasi-Newton Algorithm for
Continuous Outcomes
  Maximum number of iterations                                 100
  Convergence criterion                                  0.100D-05
Optimization Specifications for the EM Algorithm
  Maximum number of iterations                                 500
  Convergence criteria
    Loglikelihood change                                 0.100D-02
    Relative loglikelihood change                        0.100D-05
    Derivative                                           0.100D-02
Optimization Specifications for the M step of the EM Algorithm for
Categorical Latent variables
  Number of M step iterations                                    1
  M step convergence criterion                           0.100D-02
  Basis for M step termination                           ITERATION
Optimization Specifications for the M step of the EM Algorithm for
Censored, Binary or Ordered Categorical (Ordinal), Unordered
Categorical (Nominal) and Count Outcomes
  Number of M step iterations                                    1
  M step convergence criterion                           0.100D-02
  Basis for M step termination                           ITERATION
  Maximum value for logit thresholds                            15
  Minimum value for logit thresholds                           -15
  Minimum expected cell size for chi-square              0.100D-01
Optimization algorithm                                         EMA
Integration Specifications
  Type                                                  MONTECARLO
  Number of integration points                                2000
  Dimensions of numerical integration                            2
  Adaptive quadrature                                           ON
  Monte Carlo integration seed                                   0
Cholesky                                                       OFF

Input data file(s)
  /Users/jimmy_z/desktop/Temp_Data/temp_data_316.dat
Input data format  FREE



UNIVARIATE SAMPLE STATISTICS


     UNIVARIATE HIGHER-ORDER MOMENT DESCRIPTIVE STATISTICS

         Variable/         Mean/     Skewness/   Minimum/ % with                Percentiles
        Sample Size      Variance    Kurtosis    Maximum  Min/Max      20%/60%    40%/80%    Median

     X1                   -0.110      -0.002      -3.886    0.40%      -1.237     -0.439     -0.070
             250.000       2.006       0.188       3.944    0.40%       0.241      0.945
     X2                    0.021       0.019      -4.413    0.40%      -1.218     -0.323      0.014
             250.000       1.892       0.104       4.011    0.40%       0.381      1.145
     X3                   -0.008       0.226      -2.720    0.40%      -1.017     -0.399      0.010
             250.000       1.295      -0.354       3.224    0.40%       0.278      1.003
     M1                    0.107       0.051      -3.950    0.40%      -1.177     -0.296      0.076
             250.000       2.439      -0.034       4.578    0.40%       0.583      1.403
     M2                    0.002       0.131      -3.529    0.40%      -1.139     -0.298     -0.005
             250.000       1.588       0.207       3.999    0.40%       0.258      1.036
     M3                    0.072      -0.190      -3.771    0.40%      -0.774     -0.265      0.101
             250.000       1.225       0.424       3.188    0.40%       0.337      0.998
     Y                     0.008       0.047      -3.180    0.40%      -0.814     -0.247      0.049
             250.000       0.981      -0.027       2.833    0.40%       0.269      0.860


THE MODEL ESTIMATION TERMINATED NORMALLY



MODEL FIT INFORMATION

Number of Free Parameters                       24

Loglikelihood

          H0 Value                       -2707.975
          H0 Scaling Correction Factor      1.0039
            for MLR

Information Criteria

          Akaike (AIC)                    5463.949
          Bayesian (BIC)                  5548.464
          Sample-Size Adjusted BIC        5472.382
            (n* = (n + 2) / 24)



MODEL RESULTS

                                                    Two-Tailed
                    Estimate       S.E.  Est./S.E.    P-Value

 ETA1     BY
    X1                 1.000      0.000    999.000    999.000
    X2                 1.144      0.202      5.655      0.000
    X3                 0.871      0.106      8.179      0.000

 ETA2     BY
    M1                 1.000      0.000    999.000    999.000
    M2                 0.878      0.129      6.821      0.000
    M3                 0.824      0.122      6.773      0.000

 Y          ON
    ETA1               0.484      0.108      4.471      0.000
    ETA2               0.363      0.076      4.756      0.000
    ETA3               0.252      0.134      1.877      0.061

 ETA2     WITH
    ETA1              -0.027      0.071     -0.383      0.702

 Intercepts
    X1                -0.110      0.090     -1.230      0.219
    X2                 0.021      0.087      0.240      0.810
    X3                -0.008      0.072     -0.113      0.910
    M1                 0.107      0.099      1.086      0.277
    M2                 0.002      0.080      0.022      0.982
    M3                 0.072      0.070      1.025      0.306
    Y                  0.015      0.062      0.239      0.811

 Variances
    ETA1               0.751      0.173      4.340      0.000
    ETA2               0.910      0.200      4.544      0.000

 Residual Variances
    X1                 1.260      0.135      9.348      0.000
    X2                 0.910      0.159      5.725      0.000
    X3                 0.726      0.103      7.082      0.000
    M1                 1.530      0.172      8.886      0.000
    M2                 0.886      0.115      7.674      0.000
    M3                 0.607      0.088      6.876      0.000
    Y                  0.645      0.069      9.284      0.000


QUALITY OF NUMERICAL RESULTS

     Condition Number for the Information Matrix              0.830E-03
       (ratio of smallest to largest eigenvalue)


STANDARDIZED MODEL RESULTS


STDYX Standardization

                                                    Two-Tailed
                    Estimate       S.E.  Est./S.E.    P-Value

 ETA1     BY
    X1                 0.611      0.053     11.439      0.000
    X2                 0.720      0.060     11.996      0.000
    X3                 0.663      0.056     11.786      0.000

 ETA2     BY
    M1                 0.611      0.054     11.395      0.000
    M2                 0.665      0.053     12.465      0.000
    M3                 0.710      0.054     13.058      0.000

 Y          ON
    ETA1               0.425      0.068      6.235      0.000
    ETA2               0.351      0.068      5.192      0.000
    ETA3               0.211      0.103      2.054      0.040

 ETA2     WITH
    ETA1              -0.033      0.086     -0.385      0.700

 Intercepts
    X1                -0.078      0.063     -1.229      0.219
    X2                 0.015      0.063      0.240      0.810
    X3                -0.007      0.063     -0.112      0.910
    M1                 0.069      0.063      1.087      0.277
    M2                 0.001      0.063      0.022      0.982
    M3                 0.065      0.064      1.017      0.309
    Y                  0.015      0.063      0.239      0.811

 Variances
    ETA1               1.000      0.000    999.000    999.000
    ETA2               1.000      0.000    999.000    999.000

 Residual Variances
    X1                 0.627      0.065      9.602      0.000
    X2                 0.481      0.087      5.557      0.000
    X3                 0.560      0.075      7.512      0.000
    M1                 0.627      0.065      9.573      0.000
    M2                 0.558      0.071      7.866      0.000
    M3                 0.496      0.077      6.423      0.000
    Y                  0.662      0.064     10.409      0.000


STDY Standardization

                                                    Two-Tailed
                    Estimate       S.E.  Est./S.E.    P-Value

 ETA1     BY
    X1                 0.611      0.053     11.439      0.000
    X2                 0.720      0.060     11.996      0.000
    X3                 0.663      0.056     11.786      0.000

 ETA2     BY
    M1                 0.611      0.054     11.395      0.000
    M2                 0.665      0.053     12.465      0.000
    M3                 0.710      0.054     13.058      0.000

 Y          ON
    ETA1               0.425      0.068      6.235      0.000
    ETA2               0.351      0.068      5.192      0.000
    ETA3               0.211      0.103      2.054      0.040

 ETA2     WITH
    ETA1              -0.033      0.086     -0.385      0.700

 Intercepts
    X1                -0.078      0.063     -1.229      0.219
    X2                 0.015      0.063      0.240      0.810
    X3                -0.007      0.063     -0.112      0.910
    M1                 0.069      0.063      1.087      0.277
    M2                 0.001      0.063      0.022      0.982
    M3                 0.065      0.064      1.017      0.309
    Y                  0.015      0.063      0.239      0.811

 Variances
    ETA1               1.000      0.000    999.000    999.000
    ETA2               1.000      0.000    999.000    999.000

 Residual Variances
    X1                 0.627      0.065      9.602      0.000
    X2                 0.481      0.087      5.557      0.000
    X3                 0.560      0.075      7.512      0.000
    M1                 0.627      0.065      9.573      0.000
    M2                 0.558      0.071      7.866      0.000
    M3                 0.496      0.077      6.423      0.000
    Y                  0.662      0.064     10.409      0.000


STD Standardization

                                                    Two-Tailed
                    Estimate       S.E.  Est./S.E.    P-Value

 ETA1     BY
    X1                 0.866      0.100      8.679      0.000
    X2                 0.991      0.106      9.350      0.000
    X3                 0.755      0.076      9.882      0.000

 ETA2     BY
    M1                 0.954      0.105      9.089      0.000
    M2                 0.838      0.089      9.461      0.000
    M3                 0.786      0.084      9.351      0.000

 Y          ON
    ETA1               0.419      0.074      5.637      0.000
    ETA2               0.346      0.069      4.996      0.000
    ETA3               0.208      0.103      2.033      0.042

 ETA2     WITH
    ETA1              -0.033      0.086     -0.385      0.700

 Intercepts
    X1                -0.110      0.090     -1.230      0.219
    X2                 0.021      0.087      0.240      0.810
    X3                -0.008      0.072     -0.113      0.910
    M1                 0.107      0.099      1.086      0.277
    M2                 0.002      0.080      0.022      0.982
    M3                 0.072      0.070      1.025      0.306
    Y                  0.015      0.062      0.239      0.811

 Variances
    ETA1               1.000      0.000    999.000    999.000
    ETA2               1.000      0.000    999.000    999.000

 Residual Variances
    X1                 1.260      0.135      9.348      0.000
    X2                 0.910      0.159      5.725      0.000
    X3                 0.726      0.103      7.082      0.000
    M1                 1.530      0.172      8.886      0.000
    M2                 0.886      0.115      7.674      0.000
    M3                 0.607      0.088      6.876      0.000
    Y                  0.645      0.069      9.284      0.000


R-SQUARE

    Observed                                        Two-Tailed
    Variable        Estimate       S.E.  Est./S.E.    P-Value

    X1                 0.373      0.065      5.719      0.000
    X2                 0.519      0.087      5.998      0.000
    X3                 0.440      0.075      5.893      0.000
    M1                 0.373      0.065      5.698      0.000
    M2                 0.442      0.071      6.233      0.000
    M3                 0.504      0.077      6.529      0.000
    Y                  0.338      0.064      5.322      0.000


TECHNICAL 1 OUTPUT


     PARAMETER SPECIFICATION


           NU
              X1            X2            X3            M1            M2
              ________      ________      ________      ________      ________
                    1             2             3             4             5


           NU
              M3            Y
              ________      ________
                    6             0


           LAMBDA
              ETA1          ETA2          ETA3          Y
              ________      ________      ________      ________
 X1                 0             0             0             0
 X2                 7             0             0             0
 X3                 8             0             0             0
 M1                 0             0             0             0
 M2                 0             9             0             0
 M3                 0            10             0             0
 Y                  0             0             0             0


           THETA
              X1            X2            X3            M1            M2
              ________      ________      ________      ________      ________
 X1                11
 X2                 0            12
 X3                 0             0            13
 M1                 0             0             0            14
 M2                 0             0             0             0            15
 M3                 0             0             0             0             0
 Y                  0             0             0             0             0


           THETA
              M3            Y
              ________      ________
 M3                16
 Y                  0             0


           ALPHA
              ETA1          ETA2          ETA3          Y
              ________      ________      ________      ________
                    0             0             0            17


           BETA
              ETA1          ETA2          ETA3          Y
              ________      ________      ________      ________
 ETA1               0             0             0             0
 ETA2               0             0             0             0
 ETA3               0             0             0             0
 Y                 18            19            20             0


           PSI
              ETA1          ETA2          ETA3          Y
              ________      ________      ________      ________
 ETA1              21
 ETA2              22            23
 ETA3               0             0             0
 Y                  0             0             0            24


     STARTING VALUES


           NU
              X1            X2            X3            M1            M2
              ________      ________      ________      ________      ________
               -0.110         0.021        -0.008         0.107         0.002


           NU
              M3            Y
              ________      ________
                0.072         0.000


           LAMBDA
              ETA1          ETA2          ETA3          Y
              ________      ________      ________      ________
 X1             1.000         0.000         0.000         0.000
 X2             1.000         0.000         0.000         0.000
 X3             1.000         0.000         0.000         0.000
 M1             0.000         1.000         0.000         0.000
 M2             0.000         1.000         0.000         0.000
 M3             0.000         1.000         0.000         0.000
 Y              0.000         0.000         0.000         1.000


           THETA
              X1            X2            X3            M1            M2
              ________      ________      ________      ________      ________
 X1             1.003
 X2             0.000         0.946
 X3             0.000         0.000         0.648
 M1             0.000         0.000         0.000         1.219
 M2             0.000         0.000         0.000         0.000         0.794
 M3             0.000         0.000         0.000         0.000         0.000
 Y              0.000         0.000         0.000         0.000         0.000


           THETA
              M3            Y
              ________      ________
 M3             0.612
 Y              0.000         0.000


           ALPHA
              ETA1          ETA2          ETA3          Y
              ________      ________      ________      ________
                0.000         0.000         0.000         0.008


           BETA
              ETA1          ETA2          ETA3          Y
              ________      ________      ________      ________
 ETA1           0.000         0.000         0.000         0.000
 ETA2           0.000         0.000         0.000         0.000
 ETA3           0.000         0.000         0.000         0.000
 Y              0.000         0.000         0.000         0.000


           PSI
              ETA1          ETA2          ETA3          Y
              ________      ________      ________      ________
 ETA1           0.050
 ETA2           0.000         0.050
 ETA3           0.000         0.000         0.000
 Y              0.000         0.000         0.000         0.491


TECHNICAL 4 OUTPUT


     ESTIMATES DERIVED FROM THE MODEL


           ESTIMATED MEANS FOR THE LATENT VARIABLES
              ETA1          ETA2          ETA3          Y
              ________      ________      ________      ________
                0.000         0.000        -0.027         0.008


           S.E. FOR ESTIMATED MEANS FOR THE LATENT VARIABLES
              ETA1          ETA2          ETA3          Y
              ________      ________      ________      ________
                0.000         0.000         0.071         0.063


           EST./S.E. FOR ESTIMATED MEANS FOR THE LATENT VARIABLES
              ETA1          ETA2          ETA3          Y
              ________      ________      ________      ________
                0.000         0.000        -0.383         0.126


           TWO-TAILED P-VALUE FOR ESTIMATED MEANS FOR THE LATENT VARIABLES
              ETA1          ETA2          ETA3          Y
              ________      ________      ________      ________
                1.000         1.000         0.702         0.900


           ESTIMATED COVARIANCE MATRIX FOR THE LATENT VARIABLES
              ETA1          ETA2          ETA3          Y
              ________      ________      ________      ________
 ETA1           0.751
 ETA2          -0.027         0.910
 ETA3           0.000         0.000         0.684
 Y              0.353         0.317         0.173         0.974


           S.E. FOR ESTIMATED COVARIANCE MATRIX FOR THE LATENT VARIABLES
              ETA1          ETA2          ETA3          Y
              ________      ________      ________      ________
 ETA1           0.173
 ETA2           0.071         0.200
 ETA3           0.000         0.000         0.212
 Y              0.070         0.082         0.086         0.087


           EST./S.E. FOR ESTIMATED COVARIANCE MATRIX FOR THE LATENT VARIABLES
              ETA1          ETA2          ETA3          Y
              ________      ________      ________      ________
 ETA1           4.340
 ETA2          -0.383         4.544
 ETA3           0.000         0.000         3.233
 Y              5.081         3.882         2.003        11.165


           TWO-TAILED P-VALUE FOR ESTIMATED COVARIANCE MATRIX FOR THE LATENT VARIABLES
              ETA1          ETA2          ETA3          Y
              ________      ________      ________      ________
 ETA1           0.000
 ETA2           0.702         0.000
 ETA3           1.000         1.000         0.001
 Y              0.000         0.000         0.045         0.000


           ESTIMATED CORRELATION MATRIX FOR THE LATENT VARIABLES
              ETA1          ETA2          ETA3          Y
              ________      ________      ________      ________
 ETA1           1.000
 ETA2          -0.033         1.000
 ETA3           0.000         0.000         1.000
 Y              0.413         0.337         0.211         1.000


           S.E. FOR ESTIMATED CORRELATION MATRIX FOR THE LATENT VARIABLES
              ETA1          ETA2          ETA3          Y
              ________      ________      ________      ________
 ETA1           0.000
 ETA2           0.086         0.000
 ETA3           0.000         0.000         0.000
 Y              0.063         0.073         0.103         0.000


           EST./S.E. FOR ESTIMATED CORRELATION MATRIX FOR THE LATENT VARIABLES
              ETA1          ETA2          ETA3          Y
              ________      ________      ________      ________
 ETA1         999.000
 ETA2          -0.385       999.000
 ETA3           0.000         0.000       999.000
 Y              6.522         4.612         2.051       999.000


           TWO-TAILED P-VALUE FOR ESTIMATED CORRELATION MATRIX FOR THE LATENT VARIABLES
              ETA1          ETA2          ETA3          Y
              ________      ________      ________      ________
 ETA1           0.000
 ETA2           0.700         0.000
 ETA3           1.000         1.000         0.000
 Y              0.000         0.000         0.040         0.000


     Beginning Time:  22:51:44
        Ending Time:  22:53:00
       Elapsed Time:  00:01:16



MUTHEN & MUTHEN
3463 Stoner Ave.
Los Angeles, CA  90066

Tel: (310) 391-9971
Fax: (310) 391-8971
Web: www.StatModel.com
Support: Support@StatModel.com

Copyright (c) 1998-2022 Muthen & Muthen
