Mplus VERSION 8.8 (Mac)
MUTHEN & MUTHEN
08/20/2024  10:56 PM

INPUT INSTRUCTIONS

  TITLE: Data Analysis for SEM with Latent Interaction

  DATA:
    FILE = /Users/jimmy_z/desktop/Temp_Data/temp_data_346.dat;
    FORMAT = FREE;

  VARIABLE:
    NAMES ARE x1 x2 x3 m1 m2 m3 y;
    USEVARIABLES ARE x1 x2 x3 m1 m2 m3 y;

  ANALYSIS:
    TYPE = RANDOM;
    ESTIMATOR = MLR;
    ALGORITHM = INTEGRATION;
    INTEGRATION = MONTECARLO;

  MODEL:
    eta1 BY x1 x2 x3;
    eta2 BY m1 m2 m3;
    eta3 | eta1 XWITH eta2;
    y ON eta1 eta2 eta3;

  OUTPUT:
    STANDARDIZED;
    TECH1;
    TECH4;





INPUT READING TERMINATED NORMALLY



Data Analysis for SEM with Latent Interaction

SUMMARY OF ANALYSIS

Number of groups                                                 1
Number of observations                                         250

Number of dependent variables                                    7
Number of independent variables                                  0
Number of continuous latent variables                            3

Observed dependent variables

  Continuous
   X1          X2          X3          M1          M2          M3
   Y

Continuous latent variables
   ETA1        ETA2        ETA3


Estimator                                                      MLR
Information matrix                                        OBSERVED
Optimization Specifications for the Quasi-Newton Algorithm for
Continuous Outcomes
  Maximum number of iterations                                 100
  Convergence criterion                                  0.100D-05
Optimization Specifications for the EM Algorithm
  Maximum number of iterations                                 500
  Convergence criteria
    Loglikelihood change                                 0.100D-02
    Relative loglikelihood change                        0.100D-05
    Derivative                                           0.100D-02
Optimization Specifications for the M step of the EM Algorithm for
Categorical Latent variables
  Number of M step iterations                                    1
  M step convergence criterion                           0.100D-02
  Basis for M step termination                           ITERATION
Optimization Specifications for the M step of the EM Algorithm for
Censored, Binary or Ordered Categorical (Ordinal), Unordered
Categorical (Nominal) and Count Outcomes
  Number of M step iterations                                    1
  M step convergence criterion                           0.100D-02
  Basis for M step termination                           ITERATION
  Maximum value for logit thresholds                            15
  Minimum value for logit thresholds                           -15
  Minimum expected cell size for chi-square              0.100D-01
Optimization algorithm                                         EMA
Integration Specifications
  Type                                                  MONTECARLO
  Number of integration points                                2000
  Dimensions of numerical integration                            2
  Adaptive quadrature                                           ON
  Monte Carlo integration seed                                   0
Cholesky                                                       OFF

Input data file(s)
  /Users/jimmy_z/desktop/Temp_Data/temp_data_346.dat
Input data format  FREE



UNIVARIATE SAMPLE STATISTICS


     UNIVARIATE HIGHER-ORDER MOMENT DESCRIPTIVE STATISTICS

         Variable/         Mean/     Skewness/   Minimum/ % with                Percentiles
        Sample Size      Variance    Kurtosis    Maximum  Min/Max      20%/60%    40%/80%    Median

     X1                    0.039       0.045      -4.190    0.40%      -1.242     -0.425     -0.034
             250.000       2.400      -0.332       3.702    0.40%       0.409      1.253
     X2                   -0.084       0.006      -3.518    0.40%      -1.189     -0.408     -0.074
             250.000       1.771      -0.006       3.998    0.40%       0.294      0.957
     X3                    0.031      -0.133      -3.386    0.40%      -0.976     -0.221      0.037
             250.000       1.610      -0.135       2.917    0.40%       0.379      1.019
     M1                   -0.077       0.050      -3.862    0.40%      -1.410     -0.400     -0.050
             250.000       2.311      -0.116       4.261    0.40%       0.305      1.161
     M2                   -0.051      -0.040      -4.240    0.40%      -1.351     -0.312      0.073
             250.000       2.024      -0.079       3.426    0.40%       0.349      1.084
     M3                   -0.052       0.406      -3.449    0.40%      -0.985     -0.362     -0.070
             250.000       1.294       1.102       4.706    0.40%       0.177      0.713
     Y                     0.152       0.586      -2.748    0.40%      -0.707     -0.204      0.083
             250.000       1.029       1.965       5.065    0.40%       0.393      0.999


THE MODEL ESTIMATION TERMINATED NORMALLY



MODEL FIT INFORMATION

Number of Free Parameters                       24

Loglikelihood

          H0 Value                       -2772.253
          H0 Scaling Correction Factor      1.0416
            for MLR

Information Criteria

          Akaike (AIC)                    5592.506
          Bayesian (BIC)                  5677.021
          Sample-Size Adjusted BIC        5600.939
            (n* = (n + 2) / 24)



MODEL RESULTS

                                                    Two-Tailed
                    Estimate       S.E.  Est./S.E.    P-Value

 ETA1     BY
    X1                 1.000      0.000    999.000    999.000
    X2                 0.837      0.091      9.186      0.000
    X3                 0.850      0.118      7.211      0.000

 ETA2     BY
    M1                 1.000      0.000    999.000    999.000
    M2                 1.022      0.136      7.531      0.000
    M3                 0.845      0.106      7.978      0.000

 Y          ON
    ETA1               0.270      0.073      3.705      0.000
    ETA2               0.349      0.090      3.876      0.000
    ETA3               0.254      0.098      2.597      0.009

 ETA2     WITH
    ETA1               0.048      0.090      0.535      0.593

 Intercepts
    X1                 0.036      0.098      0.369      0.712
    X2                -0.086      0.084     -1.024      0.306
    X3                 0.029      0.080      0.360      0.719
    M1                -0.078      0.096     -0.813      0.416
    M2                -0.051      0.090     -0.571      0.568
    M3                -0.053      0.072     -0.731      0.465
    Y                  0.139      0.063      2.221      0.026

 Variances
    ETA1               1.129      0.214      5.262      0.000
    ETA2               0.928      0.181      5.115      0.000

 Residual Variances
    X1                 1.276      0.167      7.653      0.000
    X2                 0.980      0.123      7.959      0.000
    X3                 0.796      0.118      6.757      0.000
    M1                 1.386      0.150      9.267      0.000
    M2                 1.056      0.150      7.039      0.000
    M3                 0.632      0.105      6.016      0.000
    Y                  0.731      0.077      9.447      0.000


QUALITY OF NUMERICAL RESULTS

     Condition Number for the Information Matrix              0.150E-01
       (ratio of smallest to largest eigenvalue)


STANDARDIZED MODEL RESULTS


STDYX Standardization

                                                    Two-Tailed
                    Estimate       S.E.  Est./S.E.    P-Value

 ETA1     BY
    X1                 0.685      0.051     13.499      0.000
    X2                 0.668      0.048     13.865      0.000
    X3                 0.711      0.051     14.067      0.000

 ETA2     BY
    M1                 0.633      0.047     13.375      0.000
    M2                 0.692      0.052     13.323      0.000
    M3                 0.715      0.049     14.520      0.000

 Y          ON
    ETA1               0.286      0.065      4.420      0.000
    ETA2               0.336      0.066      5.103      0.000
    ETA3               0.259      0.088      2.960      0.003

 ETA2     WITH
    ETA1               0.047      0.087      0.542      0.588

 Intercepts
    X1                 0.023      0.063      0.369      0.712
    X2                -0.065      0.063     -1.023      0.307
    X3                 0.023      0.063      0.360      0.719
    M1                -0.051      0.063     -0.811      0.417
    M2                -0.036      0.063     -0.571      0.568
    M3                -0.046      0.064     -0.724      0.469
    Y                  0.139      0.061      2.259      0.024

 Variances
    ETA1               1.000      0.000    999.000    999.000
    ETA2               1.000      0.000    999.000    999.000

 Residual Variances
    X1                 0.531      0.070      7.632      0.000
    X2                 0.554      0.064      8.603      0.000
    X3                 0.494      0.072      6.872      0.000
    M1                 0.599      0.060      9.996      0.000
    M2                 0.522      0.072      7.265      0.000
    M3                 0.489      0.070      6.937      0.000
    Y                  0.729      0.074      9.897      0.000


STDY Standardization

                                                    Two-Tailed
                    Estimate       S.E.  Est./S.E.    P-Value

 ETA1     BY
    X1                 0.685      0.051     13.499      0.000
    X2                 0.668      0.048     13.865      0.000
    X3                 0.711      0.051     14.067      0.000

 ETA2     BY
    M1                 0.633      0.047     13.375      0.000
    M2                 0.692      0.052     13.323      0.000
    M3                 0.715      0.049     14.520      0.000

 Y          ON
    ETA1               0.286      0.065      4.420      0.000
    ETA2               0.336      0.066      5.103      0.000
    ETA3               0.259      0.088      2.960      0.003

 ETA2     WITH
    ETA1               0.047      0.087      0.542      0.588

 Intercepts
    X1                 0.023      0.063      0.369      0.712
    X2                -0.065      0.063     -1.023      0.307
    X3                 0.023      0.063      0.360      0.719
    M1                -0.051      0.063     -0.811      0.417
    M2                -0.036      0.063     -0.571      0.568
    M3                -0.046      0.064     -0.724      0.469
    Y                  0.139      0.061      2.259      0.024

 Variances
    ETA1               1.000      0.000    999.000    999.000
    ETA2               1.000      0.000    999.000    999.000

 Residual Variances
    X1                 0.531      0.070      7.632      0.000
    X2                 0.554      0.064      8.603      0.000
    X3                 0.494      0.072      6.872      0.000
    M1                 0.599      0.060      9.996      0.000
    M2                 0.522      0.072      7.265      0.000
    M3                 0.489      0.070      6.937      0.000
    Y                  0.729      0.074      9.897      0.000


STD Standardization

                                                    Two-Tailed
                    Estimate       S.E.  Est./S.E.    P-Value

 ETA1     BY
    X1                 1.062      0.101     10.524      0.000
    X2                 0.889      0.084     10.559      0.000
    X3                 0.902      0.084     10.806      0.000

 ETA2     BY
    M1                 0.963      0.094     10.230      0.000
    M2                 0.984      0.095     10.361      0.000
    M3                 0.813      0.078     10.439      0.000

 Y          ON
    ETA1               0.286      0.068      4.215      0.000
    ETA2               0.336      0.076      4.432      0.000
    ETA3               0.260      0.095      2.740      0.006

 ETA2     WITH
    ETA1               0.047      0.087      0.542      0.588

 Intercepts
    X1                 0.036      0.098      0.369      0.712
    X2                -0.086      0.084     -1.024      0.306
    X3                 0.029      0.080      0.360      0.719
    M1                -0.078      0.096     -0.813      0.416
    M2                -0.051      0.090     -0.571      0.568
    M3                -0.053      0.072     -0.731      0.465
    Y                  0.139      0.063      2.221      0.026

 Variances
    ETA1               1.000      0.000    999.000    999.000
    ETA2               1.000      0.000    999.000    999.000

 Residual Variances
    X1                 1.276      0.167      7.653      0.000
    X2                 0.980      0.123      7.959      0.000
    X3                 0.796      0.118      6.757      0.000
    M1                 1.386      0.150      9.267      0.000
    M2                 1.056      0.150      7.039      0.000
    M3                 0.632      0.105      6.016      0.000
    Y                  0.731      0.077      9.447      0.000


R-SQUARE

    Observed                                        Two-Tailed
    Variable        Estimate       S.E.  Est./S.E.    P-Value

    X1                 0.469      0.070      6.750      0.000
    X2                 0.446      0.064      6.933      0.000
    X3                 0.506      0.072      7.033      0.000
    M1                 0.401      0.060      6.688      0.000
    M2                 0.478      0.072      6.662      0.000
    M3                 0.511      0.070      7.260      0.000
    Y                  0.271      0.074      3.679      0.000


TECHNICAL 1 OUTPUT


     PARAMETER SPECIFICATION


           NU
              X1            X2            X3            M1            M2
              ________      ________      ________      ________      ________
                    1             2             3             4             5


           NU
              M3            Y
              ________      ________
                    6             0


           LAMBDA
              ETA1          ETA2          ETA3          Y
              ________      ________      ________      ________
 X1                 0             0             0             0
 X2                 7             0             0             0
 X3                 8             0             0             0
 M1                 0             0             0             0
 M2                 0             9             0             0
 M3                 0            10             0             0
 Y                  0             0             0             0


           THETA
              X1            X2            X3            M1            M2
              ________      ________      ________      ________      ________
 X1                11
 X2                 0            12
 X3                 0             0            13
 M1                 0             0             0            14
 M2                 0             0             0             0            15
 M3                 0             0             0             0             0
 Y                  0             0             0             0             0


           THETA
              M3            Y
              ________      ________
 M3                16
 Y                  0             0


           ALPHA
              ETA1          ETA2          ETA3          Y
              ________      ________      ________      ________
                    0             0             0            17


           BETA
              ETA1          ETA2          ETA3          Y
              ________      ________      ________      ________
 ETA1               0             0             0             0
 ETA2               0             0             0             0
 ETA3               0             0             0             0
 Y                 18            19            20             0


           PSI
              ETA1          ETA2          ETA3          Y
              ________      ________      ________      ________
 ETA1              21
 ETA2              22            23
 ETA3               0             0             0
 Y                  0             0             0            24


     STARTING VALUES


           NU
              X1            X2            X3            M1            M2
              ________      ________      ________      ________      ________
                0.039        -0.084         0.031        -0.077        -0.051


           NU
              M3            Y
              ________      ________
               -0.052         0.000


           LAMBDA
              ETA1          ETA2          ETA3          Y
              ________      ________      ________      ________
 X1             1.000         0.000         0.000         0.000
 X2             1.000         0.000         0.000         0.000
 X3             1.000         0.000         0.000         0.000
 M1             0.000         1.000         0.000         0.000
 M2             0.000         1.000         0.000         0.000
 M3             0.000         1.000         0.000         0.000
 Y              0.000         0.000         0.000         1.000


           THETA
              X1            X2            X3            M1            M2
              ________      ________      ________      ________      ________
 X1             1.200
 X2             0.000         0.885
 X3             0.000         0.000         0.805
 M1             0.000         0.000         0.000         1.155
 M2             0.000         0.000         0.000         0.000         1.012
 M3             0.000         0.000         0.000         0.000         0.000
 Y              0.000         0.000         0.000         0.000         0.000


           THETA
              M3            Y
              ________      ________
 M3             0.647
 Y              0.000         0.000


           ALPHA
              ETA1          ETA2          ETA3          Y
              ________      ________      ________      ________
                0.000         0.000         0.000         0.152


           BETA
              ETA1          ETA2          ETA3          Y
              ________      ________      ________      ________
 ETA1           0.000         0.000         0.000         0.000
 ETA2           0.000         0.000         0.000         0.000
 ETA3           0.000         0.000         0.000         0.000
 Y              0.000         0.000         0.000         0.000


           PSI
              ETA1          ETA2          ETA3          Y
              ________      ________      ________      ________
 ETA1           0.050
 ETA2           0.000         0.050
 ETA3           0.000         0.000         0.000
 Y              0.000         0.000         0.000         0.515


TECHNICAL 4 OUTPUT


     ESTIMATES DERIVED FROM THE MODEL


           ESTIMATED MEANS FOR THE LATENT VARIABLES
              ETA1          ETA2          ETA3          Y
              ________      ________      ________      ________
                0.000         0.000         0.048         0.151


           S.E. FOR ESTIMATED MEANS FOR THE LATENT VARIABLES
              ETA1          ETA2          ETA3          Y
              ________      ________      ________      ________
                0.000         0.000         0.090         0.064


           EST./S.E. FOR ESTIMATED MEANS FOR THE LATENT VARIABLES
              ETA1          ETA2          ETA3          Y
              ________      ________      ________      ________
                0.000         0.000         0.535         2.360


           TWO-TAILED P-VALUE FOR ESTIMATED MEANS FOR THE LATENT VARIABLES
              ETA1          ETA2          ETA3          Y
              ________      ________      ________      ________
                1.000         1.000         0.593         0.018


           ESTIMATED COVARIANCE MATRIX FOR THE LATENT VARIABLES
              ETA1          ETA2          ETA3          Y
              ________      ________      ________      ________
 ETA1           1.129
 ETA2           0.048         0.928
 ETA3           0.000         0.000         1.049
 Y              0.321         0.337         0.266         1.003


           S.E. FOR ESTIMATED COVARIANCE MATRIX FOR THE LATENT VARIABLES
              ETA1          ETA2          ETA3          Y
              ________      ________      ________      ________
 ETA1           0.214
 ETA2           0.090         0.181
 ETA3           0.000         0.000         0.296
 Y              0.078         0.082         0.106         0.119


           EST./S.E. FOR ESTIMATED COVARIANCE MATRIX FOR THE LATENT VARIABLES
              ETA1          ETA2          ETA3          Y
              ________      ________      ________      ________
 ETA1           5.262
 ETA2           0.535         5.115
 ETA3           0.000         0.000         3.540
 Y              4.102         4.128         2.510         8.407


           TWO-TAILED P-VALUE FOR ESTIMATED COVARIANCE MATRIX FOR THE LATENT VARIABLES
              ETA1          ETA2          ETA3          Y
              ________      ________      ________      ________
 ETA1           0.000
 ETA2           0.593         0.000
 ETA3           1.000         1.000         0.000
 Y              0.000         0.000         0.012         0.000


           ESTIMATED CORRELATION MATRIX FOR THE LATENT VARIABLES
              ETA1          ETA2          ETA3          Y
              ________      ________      ________      ________
 ETA1           1.000
 ETA2           0.047         1.000
 ETA3           0.000         0.000         1.000
 Y              0.302         0.349         0.260         1.000


           S.E. FOR ESTIMATED CORRELATION MATRIX FOR THE LATENT VARIABLES
              ETA1          ETA2          ETA3          Y
              ________      ________      ________      ________
 ETA1           0.000
 ETA2           0.087         0.000
 ETA3           0.000         0.000         0.000
 Y              0.066         0.070         0.088         0.000


           EST./S.E. FOR ESTIMATED CORRELATION MATRIX FOR THE LATENT VARIABLES
              ETA1          ETA2          ETA3          Y
              ________      ________      ________      ________
 ETA1         999.000
 ETA2           0.542       999.000
 ETA3           0.000         0.000       999.000
 Y              4.563         4.982         2.956       999.000


           TWO-TAILED P-VALUE FOR ESTIMATED CORRELATION MATRIX FOR THE LATENT VARIABLES
              ETA1          ETA2          ETA3          Y
              ________      ________      ________      ________
 ETA1           0.000
 ETA2           0.588         0.000
 ETA3           1.000         1.000         0.000
 Y              0.000         0.000         0.003         0.000


     Beginning Time:  22:56:34
        Ending Time:  22:57:56
       Elapsed Time:  00:01:22



MUTHEN & MUTHEN
3463 Stoner Ave.
Los Angeles, CA  90066

Tel: (310) 391-9971
Fax: (310) 391-8971
Web: www.StatModel.com
Support: Support@StatModel.com

Copyright (c) 1998-2022 Muthen & Muthen
