Mplus VERSION 8.8 (Mac)
MUTHEN & MUTHEN
08/20/2024  11:02 PM

INPUT INSTRUCTIONS

  TITLE: Data Analysis for SEM with Latent Interaction

  DATA:
    FILE = /Users/jimmy_z/desktop/Temp_Data/temp_data_368.dat;
    FORMAT = FREE;

  VARIABLE:
    NAMES ARE x1 x2 x3 m1 m2 m3 y;
    USEVARIABLES ARE x1 x2 x3 m1 m2 m3 y;

  ANALYSIS:
    TYPE = RANDOM;
    ESTIMATOR = MLR;
    ALGORITHM = INTEGRATION;
    INTEGRATION = MONTECARLO;

  MODEL:
    eta1 BY x1 x2 x3;
    eta2 BY m1 m2 m3;
    eta3 | eta1 XWITH eta2;
    y ON eta1 eta2 eta3;

  OUTPUT:
    STANDARDIZED;
    TECH1;
    TECH4;





INPUT READING TERMINATED NORMALLY



Data Analysis for SEM with Latent Interaction

SUMMARY OF ANALYSIS

Number of groups                                                 1
Number of observations                                         250

Number of dependent variables                                    7
Number of independent variables                                  0
Number of continuous latent variables                            3

Observed dependent variables

  Continuous
   X1          X2          X3          M1          M2          M3
   Y

Continuous latent variables
   ETA1        ETA2        ETA3


Estimator                                                      MLR
Information matrix                                        OBSERVED
Optimization Specifications for the Quasi-Newton Algorithm for
Continuous Outcomes
  Maximum number of iterations                                 100
  Convergence criterion                                  0.100D-05
Optimization Specifications for the EM Algorithm
  Maximum number of iterations                                 500
  Convergence criteria
    Loglikelihood change                                 0.100D-02
    Relative loglikelihood change                        0.100D-05
    Derivative                                           0.100D-02
Optimization Specifications for the M step of the EM Algorithm for
Categorical Latent variables
  Number of M step iterations                                    1
  M step convergence criterion                           0.100D-02
  Basis for M step termination                           ITERATION
Optimization Specifications for the M step of the EM Algorithm for
Censored, Binary or Ordered Categorical (Ordinal), Unordered
Categorical (Nominal) and Count Outcomes
  Number of M step iterations                                    1
  M step convergence criterion                           0.100D-02
  Basis for M step termination                           ITERATION
  Maximum value for logit thresholds                            15
  Minimum value for logit thresholds                           -15
  Minimum expected cell size for chi-square              0.100D-01
Optimization algorithm                                         EMA
Integration Specifications
  Type                                                  MONTECARLO
  Number of integration points                                2000
  Dimensions of numerical integration                            2
  Adaptive quadrature                                           ON
  Monte Carlo integration seed                                   0
Cholesky                                                       OFF

Input data file(s)
  /Users/jimmy_z/desktop/Temp_Data/temp_data_368.dat
Input data format  FREE



UNIVARIATE SAMPLE STATISTICS


     UNIVARIATE HIGHER-ORDER MOMENT DESCRIPTIVE STATISTICS

         Variable/         Mean/     Skewness/   Minimum/ % with                Percentiles
        Sample Size      Variance    Kurtosis    Maximum  Min/Max      20%/60%    40%/80%    Median

     X1                    0.000       0.012      -4.126    0.40%      -1.327     -0.383     -0.023
             250.000       2.746      -0.006       4.607    0.40%       0.314      1.378
     X2                    0.022      -0.092      -3.990    0.40%      -1.310     -0.259      0.097
             250.000       2.105      -0.540       3.329    0.40%       0.424      1.305
     X3                    0.039       0.038      -3.077    0.40%      -0.851     -0.285      0.010
             250.000       1.246       0.292       3.222    0.40%       0.326      0.952
     M1                   -0.114      -0.198      -4.649    0.40%      -1.147     -0.348     -0.054
             250.000       1.863       0.287       3.544    0.40%       0.186      0.912
     M2                   -0.050      -0.119      -4.913    0.40%      -1.255     -0.332     -0.069
             250.000       1.834       0.422       4.005    0.40%       0.301      0.989
     M3                   -0.043      -0.182      -3.366    0.40%      -0.966     -0.336     -0.024
             250.000       1.245      -0.112       2.878    0.40%       0.239      0.911
     Y                     0.069      -0.166      -2.867    0.40%      -0.726     -0.159      0.098
             250.000       0.892       0.025       2.577    0.40%       0.317      0.819


THE MODEL ESTIMATION TERMINATED NORMALLY



MODEL FIT INFORMATION

Number of Free Parameters                       24

Loglikelihood

          H0 Value                       -2736.337
          H0 Scaling Correction Factor      1.0128
            for MLR

Information Criteria

          Akaike (AIC)                    5520.674
          Bayesian (BIC)                  5605.189
          Sample-Size Adjusted BIC        5529.107
            (n* = (n + 2) / 24)



MODEL RESULTS

                                                    Two-Tailed
                    Estimate       S.E.  Est./S.E.    P-Value

 ETA1     BY
    X1                 1.000      0.000    999.000    999.000
    X2                 0.939      0.094      9.999      0.000
    X3                 0.731      0.092      7.963      0.000

 ETA2     BY
    M1                 1.000      0.000    999.000    999.000
    M2                 1.383      0.273      5.071      0.000
    M3                 0.991      0.177      5.608      0.000

 Y          ON
    ETA1               0.295      0.067      4.431      0.000
    ETA2               0.380      0.113      3.372      0.001
    ETA3               0.301      0.115      2.627      0.009

 ETA2     WITH
    ETA1              -0.113      0.073     -1.552      0.121

 Intercepts
    X1                 0.000      0.105     -0.001      0.999
    X2                 0.022      0.092      0.240      0.810
    X3                 0.039      0.071      0.548      0.584
    M1                -0.114      0.086     -1.320      0.187
    M2                -0.050      0.086     -0.581      0.561
    M3                -0.043      0.071     -0.605      0.545
    Y                  0.103      0.059      1.763      0.078

 Variances
    ETA1               1.259      0.238      5.295      0.000
    ETA2               0.467      0.140      3.329      0.001

 Residual Variances
    X1                 1.481      0.177      8.347      0.000
    X2                 0.995      0.139      7.172      0.000
    X3                 0.573      0.091      6.270      0.000
    M1                 1.387      0.169      8.224      0.000
    M2                 0.941      0.192      4.909      0.000
    M3                 0.787      0.110      7.147      0.000
    Y                  0.669      0.062     10.764      0.000


QUALITY OF NUMERICAL RESULTS

     Condition Number for the Information Matrix              0.377E-03
       (ratio of smallest to largest eigenvalue)


STANDARDIZED MODEL RESULTS


STDYX Standardization

                                                    Two-Tailed
                    Estimate       S.E.  Est./S.E.    P-Value

 ETA1     BY
    X1                 0.678      0.047     14.403      0.000
    X2                 0.726      0.045     16.194      0.000
    X3                 0.735      0.046     15.813      0.000

 ETA2     BY
    M1                 0.502      0.068      7.354      0.000
    M2                 0.698      0.071      9.842      0.000
    M3                 0.607      0.071      8.539      0.000

 Y          ON
    ETA1               0.354      0.067      5.278      0.000
    ETA2               0.278      0.072      3.839      0.000
    ETA3               0.247      0.083      2.985      0.003

 ETA2     WITH
    ETA1              -0.148      0.093     -1.586      0.113

 Intercepts
    X1                 0.000      0.063     -0.001      0.999
    X2                 0.015      0.063      0.240      0.810
    X3                 0.035      0.063      0.548      0.584
    M1                -0.084      0.063     -1.329      0.184
    M2                -0.037      0.063     -0.582      0.560
    M3                -0.038      0.063     -0.607      0.544
    Y                  0.111      0.063      1.749      0.080

 Variances
    ETA1               1.000      0.000    999.000    999.000
    ETA2               1.000      0.000    999.000    999.000

 Residual Variances
    X1                 0.541      0.064      8.471      0.000
    X2                 0.473      0.065      7.262      0.000
    X3                 0.460      0.068      6.723      0.000
    M1                 0.748      0.069     10.920      0.000
    M2                 0.513      0.099      5.187      0.000
    M3                 0.632      0.086      7.324      0.000
    Y                  0.765      0.055     13.934      0.000


STDY Standardization

                                                    Two-Tailed
                    Estimate       S.E.  Est./S.E.    P-Value

 ETA1     BY
    X1                 0.678      0.047     14.403      0.000
    X2                 0.726      0.045     16.194      0.000
    X3                 0.735      0.046     15.813      0.000

 ETA2     BY
    M1                 0.502      0.068      7.354      0.000
    M2                 0.698      0.071      9.842      0.000
    M3                 0.607      0.071      8.539      0.000

 Y          ON
    ETA1               0.354      0.067      5.278      0.000
    ETA2               0.278      0.072      3.839      0.000
    ETA3               0.247      0.083      2.985      0.003

 ETA2     WITH
    ETA1              -0.148      0.093     -1.586      0.113

 Intercepts
    X1                 0.000      0.063     -0.001      0.999
    X2                 0.015      0.063      0.240      0.810
    X3                 0.035      0.063      0.548      0.584
    M1                -0.084      0.063     -1.329      0.184
    M2                -0.037      0.063     -0.582      0.560
    M3                -0.038      0.063     -0.607      0.544
    Y                  0.111      0.063      1.749      0.080

 Variances
    ETA1               1.000      0.000    999.000    999.000
    ETA2               1.000      0.000    999.000    999.000

 Residual Variances
    X1                 0.541      0.064      8.471      0.000
    X2                 0.473      0.065      7.262      0.000
    X3                 0.460      0.068      6.723      0.000
    M1                 0.748      0.069     10.920      0.000
    M2                 0.513      0.099      5.187      0.000
    M3                 0.632      0.086      7.324      0.000
    Y                  0.765      0.055     13.934      0.000


STD Standardization

                                                    Two-Tailed
                    Estimate       S.E.  Est./S.E.    P-Value

 ETA1     BY
    X1                 1.122      0.106     10.591      0.000
    X2                 1.054      0.085     12.429      0.000
    X3                 0.821      0.071     11.521      0.000

 ETA2     BY
    M1                 0.683      0.103      6.658      0.000
    M2                 0.945      0.112      8.405      0.000
    M3                 0.677      0.092      7.365      0.000

 Y          ON
    ETA1               0.331      0.067      4.914      0.000
    ETA2               0.260      0.070      3.734      0.000
    ETA3               0.231      0.079      2.905      0.004

 ETA2     WITH
    ETA1              -0.148      0.093     -1.586      0.113

 Intercepts
    X1                 0.000      0.105     -0.001      0.999
    X2                 0.022      0.092      0.240      0.810
    X3                 0.039      0.071      0.548      0.584
    M1                -0.114      0.086     -1.320      0.187
    M2                -0.050      0.086     -0.581      0.561
    M3                -0.043      0.071     -0.605      0.545
    Y                  0.103      0.059      1.763      0.078

 Variances
    ETA1               1.000      0.000    999.000    999.000
    ETA2               1.000      0.000    999.000    999.000

 Residual Variances
    X1                 1.481      0.177      8.347      0.000
    X2                 0.995      0.139      7.172      0.000
    X3                 0.573      0.091      6.270      0.000
    M1                 1.387      0.169      8.224      0.000
    M2                 0.941      0.192      4.909      0.000
    M3                 0.787      0.110      7.147      0.000
    Y                  0.669      0.062     10.764      0.000


R-SQUARE

    Observed                                        Two-Tailed
    Variable        Estimate       S.E.  Est./S.E.    P-Value

    X1                 0.459      0.064      7.202      0.000
    X2                 0.527      0.065      8.097      0.000
    X3                 0.540      0.068      7.907      0.000
    M1                 0.252      0.069      3.677      0.000
    M2                 0.487      0.099      4.921      0.000
    M3                 0.368      0.086      4.269      0.000
    Y                  0.235      0.055      4.290      0.000


TECHNICAL 1 OUTPUT


     PARAMETER SPECIFICATION


           NU
              X1            X2            X3            M1            M2
              ________      ________      ________      ________      ________
                    1             2             3             4             5


           NU
              M3            Y
              ________      ________
                    6             0


           LAMBDA
              ETA1          ETA2          ETA3          Y
              ________      ________      ________      ________
 X1                 0             0             0             0
 X2                 7             0             0             0
 X3                 8             0             0             0
 M1                 0             0             0             0
 M2                 0             9             0             0
 M3                 0            10             0             0
 Y                  0             0             0             0


           THETA
              X1            X2            X3            M1            M2
              ________      ________      ________      ________      ________
 X1                11
 X2                 0            12
 X3                 0             0            13
 M1                 0             0             0            14
 M2                 0             0             0             0            15
 M3                 0             0             0             0             0
 Y                  0             0             0             0             0


           THETA
              M3            Y
              ________      ________
 M3                16
 Y                  0             0


           ALPHA
              ETA1          ETA2          ETA3          Y
              ________      ________      ________      ________
                    0             0             0            17


           BETA
              ETA1          ETA2          ETA3          Y
              ________      ________      ________      ________
 ETA1               0             0             0             0
 ETA2               0             0             0             0
 ETA3               0             0             0             0
 Y                 18            19            20             0


           PSI
              ETA1          ETA2          ETA3          Y
              ________      ________      ________      ________
 ETA1              21
 ETA2              22            23
 ETA3               0             0             0
 Y                  0             0             0            24


     STARTING VALUES


           NU
              X1            X2            X3            M1            M2
              ________      ________      ________      ________      ________
                0.000         0.022         0.039        -0.114        -0.050


           NU
              M3            Y
              ________      ________
               -0.043         0.000


           LAMBDA
              ETA1          ETA2          ETA3          Y
              ________      ________      ________      ________
 X1             1.000         0.000         0.000         0.000
 X2             1.000         0.000         0.000         0.000
 X3             1.000         0.000         0.000         0.000
 M1             0.000         1.000         0.000         0.000
 M2             0.000         1.000         0.000         0.000
 M3             0.000         1.000         0.000         0.000
 Y              0.000         0.000         0.000         1.000


           THETA
              X1            X2            X3            M1            M2
              ________      ________      ________      ________      ________
 X1             1.373
 X2             0.000         1.053
 X3             0.000         0.000         0.623
 M1             0.000         0.000         0.000         0.932
 M2             0.000         0.000         0.000         0.000         0.917
 M3             0.000         0.000         0.000         0.000         0.000
 Y              0.000         0.000         0.000         0.000         0.000


           THETA
              M3            Y
              ________      ________
 M3             0.623
 Y              0.000         0.000


           ALPHA
              ETA1          ETA2          ETA3          Y
              ________      ________      ________      ________
                0.000         0.000         0.000         0.069


           BETA
              ETA1          ETA2          ETA3          Y
              ________      ________      ________      ________
 ETA1           0.000         0.000         0.000         0.000
 ETA2           0.000         0.000         0.000         0.000
 ETA3           0.000         0.000         0.000         0.000
 Y              0.000         0.000         0.000         0.000


           PSI
              ETA1          ETA2          ETA3          Y
              ________      ________      ________      ________
 ETA1           0.050
 ETA2           0.000         0.050
 ETA3           0.000         0.000         0.000
 Y              0.000         0.000         0.000         0.446


TECHNICAL 4 OUTPUT


     ESTIMATES DERIVED FROM THE MODEL


           ESTIMATED MEANS FOR THE LATENT VARIABLES
              ETA1          ETA2          ETA3          Y
              ________      ________      ________      ________
                0.000         0.000        -0.113         0.069


           S.E. FOR ESTIMATED MEANS FOR THE LATENT VARIABLES
              ETA1          ETA2          ETA3          Y
              ________      ________      ________      ________
                0.000         0.000         0.073         0.060


           EST./S.E. FOR ESTIMATED MEANS FOR THE LATENT VARIABLES
              ETA1          ETA2          ETA3          Y
              ________      ________      ________      ________
                0.000         0.000        -1.552         1.163


           TWO-TAILED P-VALUE FOR ESTIMATED MEANS FOR THE LATENT VARIABLES
              ETA1          ETA2          ETA3          Y
              ________      ________      ________      ________
                1.000         1.000         0.121         0.245


           ESTIMATED COVARIANCE MATRIX FOR THE LATENT VARIABLES
              ETA1          ETA2          ETA3          Y
              ________      ________      ________      ________
 ETA1           1.259
 ETA2          -0.113         0.467
 ETA3           0.000         0.000         0.601
 Y              0.328         0.144         0.181         0.876


           S.E. FOR ESTIMATED COVARIANCE MATRIX FOR THE LATENT VARIABLES
              ETA1          ETA2          ETA3          Y
              ________      ________      ________      ________
 ETA1           0.238
 ETA2           0.073         0.140
 ETA3           0.000         0.000         0.210
 Y              0.082         0.056         0.071         0.076


           EST./S.E. FOR ESTIMATED COVARIANCE MATRIX FOR THE LATENT VARIABLES
              ETA1          ETA2          ETA3          Y
              ________      ________      ________      ________
 ETA1           5.295
 ETA2          -1.552         3.329
 ETA3           0.000         0.000         2.861
 Y              3.991         2.589         2.539        11.514


           TWO-TAILED P-VALUE FOR ESTIMATED COVARIANCE MATRIX FOR THE LATENT VARIABLES
              ETA1          ETA2          ETA3          Y
              ________      ________      ________      ________
 ETA1           0.000
 ETA2           0.121         0.001
 ETA3           1.000         1.000         0.004
 Y              0.000         0.010         0.011         0.000


           ESTIMATED CORRELATION MATRIX FOR THE LATENT VARIABLES
              ETA1          ETA2          ETA3          Y
              ________      ________      ________      ________
 ETA1           1.000
 ETA2          -0.148         1.000
 ETA3           0.000         0.000         1.000
 Y              0.313         0.226         0.249         1.000


           S.E. FOR ESTIMATED CORRELATION MATRIX FOR THE LATENT VARIABLES
              ETA1          ETA2          ETA3          Y
              ________      ________      ________      ________
 ETA1           0.000
 ETA2           0.093         0.000
 ETA3           0.000         0.000         0.000
 Y              0.070         0.076         0.084         0.000


           EST./S.E. FOR ESTIMATED CORRELATION MATRIX FOR THE LATENT VARIABLES
              ETA1          ETA2          ETA3          Y
              ________      ________      ________      ________
 ETA1         999.000
 ETA2          -1.586       999.000
 ETA3           0.000         0.000       999.000
 Y              4.496         2.987         2.973       999.000


           TWO-TAILED P-VALUE FOR ESTIMATED CORRELATION MATRIX FOR THE LATENT VARIABLES
              ETA1          ETA2          ETA3          Y
              ________      ________      ________      ________
 ETA1           0.000
 ETA2           0.113         0.000
 ETA3           1.000         1.000         0.000
 Y              0.000         0.003         0.003         0.000


     Beginning Time:  23:02:10
        Ending Time:  23:03:34
       Elapsed Time:  00:01:24



MUTHEN & MUTHEN
3463 Stoner Ave.
Los Angeles, CA  90066

Tel: (310) 391-9971
Fax: (310) 391-8971
Web: www.StatModel.com
Support: Support@StatModel.com

Copyright (c) 1998-2022 Muthen & Muthen
