Mplus VERSION 8.8 (Mac)
MUTHEN & MUTHEN
08/20/2024  10:54 PM

INPUT INSTRUCTIONS

  TITLE: Data Analysis for SEM with Latent Interaction

  DATA:
    FILE = /Users/jimmy_z/desktop/Temp_Data/temp_data_330.dat;
    FORMAT = FREE;

  VARIABLE:
    NAMES ARE x1 x2 x3 m1 m2 m3 y;
    USEVARIABLES ARE x1 x2 x3 m1 m2 m3 y;

  ANALYSIS:
    TYPE = RANDOM;
    ESTIMATOR = MLR;
    ALGORITHM = INTEGRATION;
    INTEGRATION = MONTECARLO;

  MODEL:
    eta1 BY x1 x2 x3;
    eta2 BY m1 m2 m3;
    eta3 | eta1 XWITH eta2;
    y ON eta1 eta2 eta3;

  OUTPUT:
    STANDARDIZED;
    TECH1;
    TECH4;





INPUT READING TERMINATED NORMALLY



Data Analysis for SEM with Latent Interaction

SUMMARY OF ANALYSIS

Number of groups                                                 1
Number of observations                                         250

Number of dependent variables                                    7
Number of independent variables                                  0
Number of continuous latent variables                            3

Observed dependent variables

  Continuous
   X1          X2          X3          M1          M2          M3
   Y

Continuous latent variables
   ETA1        ETA2        ETA3


Estimator                                                      MLR
Information matrix                                        OBSERVED
Optimization Specifications for the Quasi-Newton Algorithm for
Continuous Outcomes
  Maximum number of iterations                                 100
  Convergence criterion                                  0.100D-05
Optimization Specifications for the EM Algorithm
  Maximum number of iterations                                 500
  Convergence criteria
    Loglikelihood change                                 0.100D-02
    Relative loglikelihood change                        0.100D-05
    Derivative                                           0.100D-02
Optimization Specifications for the M step of the EM Algorithm for
Categorical Latent variables
  Number of M step iterations                                    1
  M step convergence criterion                           0.100D-02
  Basis for M step termination                           ITERATION
Optimization Specifications for the M step of the EM Algorithm for
Censored, Binary or Ordered Categorical (Ordinal), Unordered
Categorical (Nominal) and Count Outcomes
  Number of M step iterations                                    1
  M step convergence criterion                           0.100D-02
  Basis for M step termination                           ITERATION
  Maximum value for logit thresholds                            15
  Minimum value for logit thresholds                           -15
  Minimum expected cell size for chi-square              0.100D-01
Optimization algorithm                                         EMA
Integration Specifications
  Type                                                  MONTECARLO
  Number of integration points                                2000
  Dimensions of numerical integration                            2
  Adaptive quadrature                                           ON
  Monte Carlo integration seed                                   0
Cholesky                                                       OFF

Input data file(s)
  /Users/jimmy_z/desktop/Temp_Data/temp_data_330.dat
Input data format  FREE



UNIVARIATE SAMPLE STATISTICS


     UNIVARIATE HIGHER-ORDER MOMENT DESCRIPTIVE STATISTICS

         Variable/         Mean/     Skewness/   Minimum/ % with                Percentiles
        Sample Size      Variance    Kurtosis    Maximum  Min/Max      20%/60%    40%/80%    Median

     X1                   -0.054       0.368      -4.942    0.40%      -1.293     -0.454     -0.074
             250.000       2.264       1.809       7.029    0.40%       0.327      1.051
     X2                    0.055      -0.044      -3.599    0.40%      -1.001     -0.246      0.074
             250.000       1.483      -0.047       3.890    0.40%       0.372      1.054
     X3                    0.025       0.007      -2.542    0.40%      -0.773     -0.240      0.047
             250.000       1.111      -0.053       3.068    0.40%       0.266      0.901
     M1                    0.044      -0.040      -4.569    0.40%      -1.296     -0.378      0.095
             250.000       2.350       0.111       4.568    0.40%       0.414      1.277
     M2                    0.073      -0.027      -4.076    0.40%      -1.025     -0.359      0.131
             250.000       1.667       0.115       3.833    0.40%       0.432      1.140
     M3                   -0.058      -0.094      -2.786    0.40%      -0.945     -0.326      0.001
             250.000       1.087      -0.424       2.200    0.40%       0.219      0.837
     Y                    -0.080      -0.033      -2.823    0.40%      -0.914     -0.342     -0.131
             250.000       0.991      -0.107       2.884    0.40%       0.218      0.790


THE MODEL ESTIMATION TERMINATED NORMALLY



MODEL FIT INFORMATION

Number of Free Parameters                       24

Loglikelihood

          H0 Value                       -2678.438
          H0 Scaling Correction Factor      1.0178
            for MLR

Information Criteria

          Akaike (AIC)                    5404.876
          Bayesian (BIC)                  5489.391
          Sample-Size Adjusted BIC        5413.309
            (n* = (n + 2) / 24)



MODEL RESULTS

                                                    Two-Tailed
                    Estimate       S.E.  Est./S.E.    P-Value

 ETA1     BY
    X1                 1.000      0.000    999.000    999.000
    X2                 0.653      0.107      6.130      0.000
    X3                 0.738      0.124      5.956      0.000

 ETA2     BY
    M1                 1.000      0.000    999.000    999.000
    M2                 1.032      0.153      6.758      0.000
    M3                 0.752      0.093      8.064      0.000

 Y          ON
    ETA1               0.274      0.078      3.498      0.000
    ETA2               0.211      0.081      2.602      0.009
    ETA3               0.380      0.114      3.335      0.001

 ETA2     WITH
    ETA1              -0.131      0.089     -1.467      0.142

 Intercepts
    X1                -0.055      0.095     -0.574      0.566
    X2                 0.055      0.077      0.716      0.474
    X3                 0.025      0.067      0.375      0.708
    M1                 0.044      0.097      0.449      0.653
    M2                 0.072      0.082      0.879      0.379
    M3                -0.059      0.066     -0.890      0.374
    Y                 -0.031      0.063     -0.491      0.623

 Variances
    ETA1               0.975      0.239      4.085      0.000
    ETA2               0.900      0.190      4.737      0.000

 Residual Variances
    X1                 1.286      0.201      6.401      0.000
    X2                 1.067      0.110      9.708      0.000
    X3                 0.580      0.084      6.888      0.000
    M1                 1.457      0.150      9.733      0.000
    M2                 0.710      0.158      4.494      0.000
    M3                 0.577      0.085      6.815      0.000
    Y                  0.765      0.077      9.994      0.000


QUALITY OF NUMERICAL RESULTS

     Condition Number for the Information Matrix              0.233E-01
       (ratio of smallest to largest eigenvalue)


STANDARDIZED MODEL RESULTS


STDYX Standardization

                                                    Two-Tailed
                    Estimate       S.E.  Est./S.E.    P-Value

 ETA1     BY
    X1                 0.657      0.060     11.029      0.000
    X2                 0.529      0.063      8.386      0.000
    X3                 0.691      0.058     11.860      0.000

 ETA2     BY
    M1                 0.618      0.048     12.809      0.000
    M2                 0.758      0.060     12.641      0.000
    M3                 0.685      0.056     12.146      0.000

 Y          ON
    ETA1               0.272      0.074      3.681      0.000
    ETA2               0.201      0.072      2.784      0.005
    ETA3               0.357      0.079      4.498      0.000

 ETA2     WITH
    ETA1              -0.139      0.091     -1.534      0.125

 Intercepts
    X1                -0.036      0.064     -0.570      0.568
    X2                 0.045      0.063      0.715      0.475
    X3                 0.024      0.063      0.375      0.708
    M1                 0.028      0.063      0.449      0.654
    M2                 0.056      0.063      0.877      0.380
    M3                -0.056      0.063     -0.892      0.373
    Y                 -0.031      0.064     -0.490      0.624

 Variances
    ETA1               1.000      0.000    999.000    999.000
    ETA2               1.000      0.000    999.000    999.000

 Residual Variances
    X1                 0.569      0.078      7.271      0.000
    X2                 0.720      0.067     10.762      0.000
    X3                 0.522      0.081      6.488      0.000
    M1                 0.618      0.060     10.369      0.000
    M2                 0.426      0.091      4.683      0.000
    M3                 0.531      0.077      6.881      0.000
    Y                  0.771      0.061     12.566      0.000


STDY Standardization

                                                    Two-Tailed
                    Estimate       S.E.  Est./S.E.    P-Value

 ETA1     BY
    X1                 0.657      0.060     11.029      0.000
    X2                 0.529      0.063      8.386      0.000
    X3                 0.691      0.058     11.860      0.000

 ETA2     BY
    M1                 0.618      0.048     12.809      0.000
    M2                 0.758      0.060     12.641      0.000
    M3                 0.685      0.056     12.146      0.000

 Y          ON
    ETA1               0.272      0.074      3.681      0.000
    ETA2               0.201      0.072      2.784      0.005
    ETA3               0.357      0.079      4.498      0.000

 ETA2     WITH
    ETA1              -0.139      0.091     -1.534      0.125

 Intercepts
    X1                -0.036      0.064     -0.570      0.568
    X2                 0.045      0.063      0.715      0.475
    X3                 0.024      0.063      0.375      0.708
    M1                 0.028      0.063      0.449      0.654
    M2                 0.056      0.063      0.877      0.380
    M3                -0.056      0.063     -0.892      0.373
    Y                 -0.031      0.064     -0.490      0.624

 Variances
    ETA1               1.000      0.000    999.000    999.000
    ETA2               1.000      0.000    999.000    999.000

 Residual Variances
    X1                 0.569      0.078      7.271      0.000
    X2                 0.720      0.067     10.762      0.000
    X3                 0.522      0.081      6.488      0.000
    M1                 0.618      0.060     10.369      0.000
    M2                 0.426      0.091      4.683      0.000
    M3                 0.531      0.077      6.881      0.000
    Y                  0.771      0.061     12.566      0.000


STD Standardization

                                                    Two-Tailed
                    Estimate       S.E.  Est./S.E.    P-Value

 ETA1     BY
    X1                 0.987      0.121      8.171      0.000
    X2                 0.645      0.091      7.086      0.000
    X3                 0.728      0.080      9.158      0.000

 ETA2     BY
    M1                 0.949      0.100      9.474      0.000
    M2                 0.979      0.094     10.417      0.000
    M3                 0.714      0.071      9.987      0.000

 Y          ON
    ETA1               0.271      0.077      3.502      0.000
    ETA2               0.200      0.073      2.727      0.006
    ETA3               0.356      0.082      4.336      0.000

 ETA2     WITH
    ETA1              -0.139      0.091     -1.534      0.125

 Intercepts
    X1                -0.055      0.095     -0.574      0.566
    X2                 0.055      0.077      0.716      0.474
    X3                 0.025      0.067      0.375      0.708
    M1                 0.044      0.097      0.449      0.653
    M2                 0.072      0.082      0.879      0.379
    M3                -0.059      0.066     -0.890      0.374
    Y                 -0.031      0.063     -0.491      0.623

 Variances
    ETA1               1.000      0.000    999.000    999.000
    ETA2               1.000      0.000    999.000    999.000

 Residual Variances
    X1                 1.286      0.201      6.401      0.000
    X2                 1.067      0.110      9.708      0.000
    X3                 0.580      0.084      6.888      0.000
    M1                 1.457      0.150      9.733      0.000
    M2                 0.710      0.158      4.494      0.000
    M3                 0.577      0.085      6.815      0.000
    Y                  0.765      0.077      9.994      0.000


R-SQUARE

    Observed                                        Two-Tailed
    Variable        Estimate       S.E.  Est./S.E.    P-Value

    X1                 0.431      0.078      5.514      0.000
    X2                 0.280      0.067      4.193      0.000
    X3                 0.478      0.081      5.930      0.000
    M1                 0.382      0.060      6.405      0.000
    M2                 0.574      0.091      6.321      0.000
    M3                 0.469      0.077      6.073      0.000
    Y                  0.229      0.061      3.733      0.000


TECHNICAL 1 OUTPUT


     PARAMETER SPECIFICATION


           NU
              X1            X2            X3            M1            M2
              ________      ________      ________      ________      ________
                    1             2             3             4             5


           NU
              M3            Y
              ________      ________
                    6             0


           LAMBDA
              ETA1          ETA2          ETA3          Y
              ________      ________      ________      ________
 X1                 0             0             0             0
 X2                 7             0             0             0
 X3                 8             0             0             0
 M1                 0             0             0             0
 M2                 0             9             0             0
 M3                 0            10             0             0
 Y                  0             0             0             0


           THETA
              X1            X2            X3            M1            M2
              ________      ________      ________      ________      ________
 X1                11
 X2                 0            12
 X3                 0             0            13
 M1                 0             0             0            14
 M2                 0             0             0             0            15
 M3                 0             0             0             0             0
 Y                  0             0             0             0             0


           THETA
              M3            Y
              ________      ________
 M3                16
 Y                  0             0


           ALPHA
              ETA1          ETA2          ETA3          Y
              ________      ________      ________      ________
                    0             0             0            17


           BETA
              ETA1          ETA2          ETA3          Y
              ________      ________      ________      ________
 ETA1               0             0             0             0
 ETA2               0             0             0             0
 ETA3               0             0             0             0
 Y                 18            19            20             0


           PSI
              ETA1          ETA2          ETA3          Y
              ________      ________      ________      ________
 ETA1              21
 ETA2              22            23
 ETA3               0             0             0
 Y                  0             0             0            24


     STARTING VALUES


           NU
              X1            X2            X3            M1            M2
              ________      ________      ________      ________      ________
               -0.054         0.055         0.025         0.044         0.073


           NU
              M3            Y
              ________      ________
               -0.058         0.000


           LAMBDA
              ETA1          ETA2          ETA3          Y
              ________      ________      ________      ________
 X1             1.000         0.000         0.000         0.000
 X2             1.000         0.000         0.000         0.000
 X3             1.000         0.000         0.000         0.000
 M1             0.000         1.000         0.000         0.000
 M2             0.000         1.000         0.000         0.000
 M3             0.000         1.000         0.000         0.000
 Y              0.000         0.000         0.000         1.000


           THETA
              X1            X2            X3            M1            M2
              ________      ________      ________      ________      ________
 X1             1.132
 X2             0.000         0.742
 X3             0.000         0.000         0.555
 M1             0.000         0.000         0.000         1.175
 M2             0.000         0.000         0.000         0.000         0.834
 M3             0.000         0.000         0.000         0.000         0.000
 Y              0.000         0.000         0.000         0.000         0.000


           THETA
              M3            Y
              ________      ________
 M3             0.543
 Y              0.000         0.000


           ALPHA
              ETA1          ETA2          ETA3          Y
              ________      ________      ________      ________
                0.000         0.000         0.000        -0.080


           BETA
              ETA1          ETA2          ETA3          Y
              ________      ________      ________      ________
 ETA1           0.000         0.000         0.000         0.000
 ETA2           0.000         0.000         0.000         0.000
 ETA3           0.000         0.000         0.000         0.000
 Y              0.000         0.000         0.000         0.000


           PSI
              ETA1          ETA2          ETA3          Y
              ________      ________      ________      ________
 ETA1           0.050
 ETA2           0.000         0.050
 ETA3           0.000         0.000         0.000
 Y              0.000         0.000         0.000         0.496


TECHNICAL 4 OUTPUT


     ESTIMATES DERIVED FROM THE MODEL


           ESTIMATED MEANS FOR THE LATENT VARIABLES
              ETA1          ETA2          ETA3          Y
              ________      ________      ________      ________
                0.000         0.000        -0.131        -0.081


           S.E. FOR ESTIMATED MEANS FOR THE LATENT VARIABLES
              ETA1          ETA2          ETA3          Y
              ________      ________      ________      ________
                0.000         0.000         0.089         0.063


           EST./S.E. FOR ESTIMATED MEANS FOR THE LATENT VARIABLES
              ETA1          ETA2          ETA3          Y
              ________      ________      ________      ________
                0.000         0.000        -1.467        -1.282


           TWO-TAILED P-VALUE FOR ESTIMATED MEANS FOR THE LATENT VARIABLES
              ETA1          ETA2          ETA3          Y
              ________      ________      ________      ________
                1.000         1.000         0.142         0.200


           ESTIMATED COVARIANCE MATRIX FOR THE LATENT VARIABLES
              ETA1          ETA2          ETA3          Y
              ________      ________      ________      ________
 ETA1           0.975
 ETA2          -0.131         0.900
 ETA3           0.000         0.000         0.894
 Y              0.240         0.154         0.340         0.992


           S.E. FOR ESTIMATED COVARIANCE MATRIX FOR THE LATENT VARIABLES
              ETA1          ETA2          ETA3          Y
              ________      ________      ________      ________
 ETA1           0.239
 ETA2           0.089         0.190
 ETA3           0.000         0.000         0.292
 Y              0.085         0.073         0.091         0.086


           EST./S.E. FOR ESTIMATED COVARIANCE MATRIX FOR THE LATENT VARIABLES
              ETA1          ETA2          ETA3          Y
              ________      ________      ________      ________
 ETA1           4.085
 ETA2          -1.467         4.737
 ETA3           0.000         0.000         3.066
 Y              2.836         2.116         3.730        11.602


           TWO-TAILED P-VALUE FOR ESTIMATED COVARIANCE MATRIX FOR THE LATENT VARIABLES
              ETA1          ETA2          ETA3          Y
              ________      ________      ________      ________
 ETA1           0.000
 ETA2           0.142         0.000
 ETA3           1.000         1.000         0.002
 Y              0.005         0.034         0.000         0.000


           ESTIMATED CORRELATION MATRIX FOR THE LATENT VARIABLES
              ETA1          ETA2          ETA3          Y
              ________      ________      ________      ________
 ETA1           1.000
 ETA2          -0.139         1.000
 ETA3           0.000         0.000         1.000
 Y              0.244         0.163         0.361         1.000


           S.E. FOR ESTIMATED CORRELATION MATRIX FOR THE LATENT VARIABLES
              ETA1          ETA2          ETA3          Y
              ________      ________      ________      ________
 ETA1           0.000
 ETA2           0.091         0.000
 ETA3           0.000         0.000         0.000
 Y              0.072         0.075         0.081         0.000


           EST./S.E. FOR ESTIMATED CORRELATION MATRIX FOR THE LATENT VARIABLES
              ETA1          ETA2          ETA3          Y
              ________      ________      ________      ________
 ETA1         999.000
 ETA2          -1.534       999.000
 ETA3           0.000         0.000       999.000
 Y              3.405         2.173         4.452       999.000


           TWO-TAILED P-VALUE FOR ESTIMATED CORRELATION MATRIX FOR THE LATENT VARIABLES
              ETA1          ETA2          ETA3          Y
              ________      ________      ________      ________
 ETA1           0.000
 ETA2           0.125         0.000
 ETA3           1.000         1.000         0.000
 Y              0.001         0.030         0.000         0.000


     Beginning Time:  22:54:09
        Ending Time:  22:55:42
       Elapsed Time:  00:01:33



MUTHEN & MUTHEN
3463 Stoner Ave.
Los Angeles, CA  90066

Tel: (310) 391-9971
Fax: (310) 391-8971
Web: www.StatModel.com
Support: Support@StatModel.com

Copyright (c) 1998-2022 Muthen & Muthen
