Mplus VERSION 8.8 (Mac)
MUTHEN & MUTHEN
08/20/2024  11:45 PM

INPUT INSTRUCTIONS

  TITLE: Data Analysis for SEM with Latent Interaction

  DATA:
    FILE = /Users/jimmy_z/desktop/Temp_Data/temp_data_155.dat;
    FORMAT = FREE;

  VARIABLE:
    NAMES ARE x1 x2 x3 m1 m2 m3 y;
    USEVARIABLES ARE x1 x2 x3 m1 m2 m3 y;

  ANALYSIS:
    TYPE = RANDOM;
    ESTIMATOR = MLR;
    ALGORITHM = INTEGRATION;
    INTEGRATION = MONTECARLO;

  MODEL:
    eta1 BY x1 x2 x3;
    eta2 BY m1 m2 m3;
    eta3 | eta1 XWITH eta2;
    y ON eta1 eta2 eta3;

  OUTPUT:
    STANDARDIZED;
    TECH1;
    TECH4;





INPUT READING TERMINATED NORMALLY



Data Analysis for SEM with Latent Interaction

SUMMARY OF ANALYSIS

Number of groups                                                 1
Number of observations                                         250

Number of dependent variables                                    7
Number of independent variables                                  0
Number of continuous latent variables                            3

Observed dependent variables

  Continuous
   X1          X2          X3          M1          M2          M3
   Y

Continuous latent variables
   ETA1        ETA2        ETA3


Estimator                                                      MLR
Information matrix                                        OBSERVED
Optimization Specifications for the Quasi-Newton Algorithm for
Continuous Outcomes
  Maximum number of iterations                                 100
  Convergence criterion                                  0.100D-05
Optimization Specifications for the EM Algorithm
  Maximum number of iterations                                 500
  Convergence criteria
    Loglikelihood change                                 0.100D-02
    Relative loglikelihood change                        0.100D-05
    Derivative                                           0.100D-02
Optimization Specifications for the M step of the EM Algorithm for
Categorical Latent variables
  Number of M step iterations                                    1
  M step convergence criterion                           0.100D-02
  Basis for M step termination                           ITERATION
Optimization Specifications for the M step of the EM Algorithm for
Censored, Binary or Ordered Categorical (Ordinal), Unordered
Categorical (Nominal) and Count Outcomes
  Number of M step iterations                                    1
  M step convergence criterion                           0.100D-02
  Basis for M step termination                           ITERATION
  Maximum value for logit thresholds                            15
  Minimum value for logit thresholds                           -15
  Minimum expected cell size for chi-square              0.100D-01
Optimization algorithm                                         EMA
Integration Specifications
  Type                                                  MONTECARLO
  Number of integration points                                2000
  Dimensions of numerical integration                            2
  Adaptive quadrature                                           ON
  Monte Carlo integration seed                                   0
Cholesky                                                       OFF

Input data file(s)
  /Users/jimmy_z/desktop/Temp_Data/temp_data_155.dat
Input data format  FREE



UNIVARIATE SAMPLE STATISTICS


     UNIVARIATE HIGHER-ORDER MOMENT DESCRIPTIVE STATISTICS

         Variable/         Mean/     Skewness/   Minimum/ % with                Percentiles
        Sample Size      Variance    Kurtosis    Maximum  Min/Max      20%/60%    40%/80%    Median

     X1                    0.057       0.054      -3.179    0.40%      -1.042     -0.256      0.051
             250.000       1.595      -0.053       3.911    0.40%       0.409      1.091
     X2                    0.102      -0.061      -2.570    0.40%      -0.915     -0.174      0.244
             250.000       1.281      -0.514       2.905    0.40%       0.491      1.076
     X3                    0.010       0.282      -2.275    0.40%      -0.777     -0.287     -0.029
             250.000       0.881       0.032       2.648    0.40%       0.168      0.751
     M1                    0.010       0.061      -3.479    0.40%      -1.170     -0.455     -0.064
             250.000       1.831      -0.482       3.199    0.40%       0.338      1.259
     M2                    0.044       0.120      -3.212    0.40%      -0.989     -0.251     -0.033
             250.000       1.490      -0.133       3.291    0.40%       0.354      1.018
     M3                    0.048       0.159      -3.088    0.40%      -0.918     -0.157      0.043
             250.000       1.033       0.289       3.119    0.40%       0.333      0.875
     Y                     0.023       0.338      -2.285    0.40%      -0.731     -0.276     -0.031
             250.000       0.868       0.395       3.452    0.40%       0.164      0.764


THE MODEL ESTIMATION TERMINATED NORMALLY



MODEL FIT INFORMATION

Number of Free Parameters                       24

Loglikelihood

          H0 Value                       -2412.274
          H0 Scaling Correction Factor      0.9683
            for MLR

Information Criteria

          Akaike (AIC)                    4872.548
          Bayesian (BIC)                  4957.063
          Sample-Size Adjusted BIC        4880.981
            (n* = (n + 2) / 24)



MODEL RESULTS

                                                    Two-Tailed
                    Estimate       S.E.  Est./S.E.    P-Value

 ETA1     BY
    X1                 1.000      0.000    999.000    999.000
    X2                 0.906      0.097      9.393      0.000
    X3                 0.802      0.090      8.906      0.000

 ETA2     BY
    M1                 1.000      0.000    999.000    999.000
    M2                 1.010      0.089     11.341      0.000
    M3                 0.909      0.078     11.631      0.000

 Y          ON
    ETA1               0.189      0.072      2.620      0.009
    ETA2               0.289      0.067      4.332      0.000
    ETA3               0.260      0.087      2.978      0.003

 ETA2     WITH
    ETA1               0.094      0.063      1.482      0.138

 Intercepts
    X1                 0.057      0.080      0.713      0.476
    X2                 0.102      0.072      1.416      0.157
    X3                 0.010      0.059      0.170      0.865
    M1                 0.010      0.085      0.118      0.906
    M2                 0.045      0.077      0.580      0.562
    M3                 0.049      0.064      0.765      0.444
    Y                 -0.001      0.060     -0.019      0.985

 Variances
    ETA1               0.791      0.142      5.586      0.000
    ETA2               0.909      0.148      6.157      0.000

 Residual Variances
    X1                 0.803      0.095      8.441      0.000
    X2                 0.630      0.082      7.672      0.000
    X3                 0.372      0.059      6.329      0.000
    M1                 0.918      0.100      9.193      0.000
    M2                 0.563      0.083      6.753      0.000
    M3                 0.282      0.061      4.652      0.000
    Y                  0.718      0.079      9.093      0.000


QUALITY OF NUMERICAL RESULTS

     Condition Number for the Information Matrix              0.606E-03
       (ratio of smallest to largest eigenvalue)


STANDARDIZED MODEL RESULTS


STDYX Standardization

                                                    Two-Tailed
                    Estimate       S.E.  Est./S.E.    P-Value

 ETA1     BY
    X1                 0.704      0.044     16.144      0.000
    X2                 0.712      0.044     16.174      0.000
    X3                 0.760      0.045     16.711      0.000

 ETA2     BY
    M1                 0.705      0.041     17.394      0.000
    M2                 0.789      0.040     19.919      0.000
    M3                 0.853      0.034     24.797      0.000

 Y          ON
    ETA1               0.179      0.064      2.781      0.005
    ETA2               0.294      0.059      5.010      0.000
    ETA3               0.235      0.069      3.409      0.001

 ETA2     WITH
    ETA1               0.110      0.073      1.507      0.132

 Intercepts
    X1                 0.045      0.063      0.713      0.476
    X2                 0.090      0.064      1.410      0.159
    X3                 0.011      0.063      0.171      0.865
    M1                 0.007      0.063      0.118      0.906
    M2                 0.037      0.063      0.582      0.561
    M3                 0.048      0.063      0.767      0.443
    Y                 -0.001      0.063     -0.019      0.985

 Variances
    ETA1               1.000      0.000    999.000    999.000
    ETA2               1.000      0.000    999.000    999.000

 Residual Variances
    X1                 0.504      0.061      8.197      0.000
    X2                 0.492      0.063      7.843      0.000
    X3                 0.422      0.069      6.106      0.000
    M1                 0.502      0.057      8.776      0.000
    M2                 0.378      0.062      6.050      0.000
    M3                 0.273      0.059      4.661      0.000
    Y                  0.814      0.061     13.319      0.000


STDY Standardization

                                                    Two-Tailed
                    Estimate       S.E.  Est./S.E.    P-Value

 ETA1     BY
    X1                 0.704      0.044     16.144      0.000
    X2                 0.712      0.044     16.174      0.000
    X3                 0.760      0.045     16.711      0.000

 ETA2     BY
    M1                 0.705      0.041     17.394      0.000
    M2                 0.789      0.040     19.919      0.000
    M3                 0.853      0.034     24.797      0.000

 Y          ON
    ETA1               0.179      0.064      2.781      0.005
    ETA2               0.294      0.059      5.010      0.000
    ETA3               0.235      0.069      3.409      0.001

 ETA2     WITH
    ETA1               0.110      0.073      1.507      0.132

 Intercepts
    X1                 0.045      0.063      0.713      0.476
    X2                 0.090      0.064      1.410      0.159
    X3                 0.011      0.063      0.171      0.865
    M1                 0.007      0.063      0.118      0.906
    M2                 0.037      0.063      0.582      0.561
    M3                 0.048      0.063      0.767      0.443
    Y                 -0.001      0.063     -0.019      0.985

 Variances
    ETA1               1.000      0.000    999.000    999.000
    ETA2               1.000      0.000    999.000    999.000

 Residual Variances
    X1                 0.504      0.061      8.197      0.000
    X2                 0.492      0.063      7.843      0.000
    X3                 0.422      0.069      6.106      0.000
    M1                 0.502      0.057      8.776      0.000
    M2                 0.378      0.062      6.050      0.000
    M3                 0.273      0.059      4.661      0.000
    Y                  0.814      0.061     13.319      0.000


STD Standardization

                                                    Two-Tailed
                    Estimate       S.E.  Est./S.E.    P-Value

 ETA1     BY
    X1                 0.889      0.080     11.173      0.000
    X2                 0.806      0.065     12.337      0.000
    X3                 0.713      0.062     11.598      0.000

 ETA2     BY
    M1                 0.954      0.077     12.313      0.000
    M2                 0.963      0.077     12.562      0.000
    M3                 0.867      0.060     14.500      0.000

 Y          ON
    ETA1               0.168      0.062      2.719      0.007
    ETA2               0.276      0.059      4.709      0.000
    ETA3               0.221      0.067      3.297      0.001

 ETA2     WITH
    ETA1               0.110      0.073      1.507      0.132

 Intercepts
    X1                 0.057      0.080      0.713      0.476
    X2                 0.102      0.072      1.416      0.157
    X3                 0.010      0.059      0.170      0.865
    M1                 0.010      0.085      0.118      0.906
    M2                 0.045      0.077      0.580      0.562
    M3                 0.049      0.064      0.765      0.444
    Y                 -0.001      0.060     -0.019      0.985

 Variances
    ETA1               1.000      0.000    999.000    999.000
    ETA2               1.000      0.000    999.000    999.000

 Residual Variances
    X1                 0.803      0.095      8.441      0.000
    X2                 0.630      0.082      7.672      0.000
    X3                 0.372      0.059      6.329      0.000
    M1                 0.918      0.100      9.193      0.000
    M2                 0.563      0.083      6.753      0.000
    M3                 0.282      0.061      4.652      0.000
    Y                  0.718      0.079      9.093      0.000


R-SQUARE

    Observed                                        Two-Tailed
    Variable        Estimate       S.E.  Est./S.E.    P-Value

    X1                 0.496      0.061      8.072      0.000
    X2                 0.508      0.063      8.087      0.000
    X3                 0.578      0.069      8.355      0.000
    M1                 0.498      0.057      8.697      0.000
    M2                 0.622      0.062      9.960      0.000
    M3                 0.727      0.059     12.399      0.000
    Y                  0.186      0.061      3.038      0.002


TECHNICAL 1 OUTPUT


     PARAMETER SPECIFICATION


           NU
              X1            X2            X3            M1            M2
              ________      ________      ________      ________      ________
                    1             2             3             4             5


           NU
              M3            Y
              ________      ________
                    6             0


           LAMBDA
              ETA1          ETA2          ETA3          Y
              ________      ________      ________      ________
 X1                 0             0             0             0
 X2                 7             0             0             0
 X3                 8             0             0             0
 M1                 0             0             0             0
 M2                 0             9             0             0
 M3                 0            10             0             0
 Y                  0             0             0             0


           THETA
              X1            X2            X3            M1            M2
              ________      ________      ________      ________      ________
 X1                11
 X2                 0            12
 X3                 0             0            13
 M1                 0             0             0            14
 M2                 0             0             0             0            15
 M3                 0             0             0             0             0
 Y                  0             0             0             0             0


           THETA
              M3            Y
              ________      ________
 M3                16
 Y                  0             0


           ALPHA
              ETA1          ETA2          ETA3          Y
              ________      ________      ________      ________
                    0             0             0            17


           BETA
              ETA1          ETA2          ETA3          Y
              ________      ________      ________      ________
 ETA1               0             0             0             0
 ETA2               0             0             0             0
 ETA3               0             0             0             0
 Y                 18            19            20             0


           PSI
              ETA1          ETA2          ETA3          Y
              ________      ________      ________      ________
 ETA1              21
 ETA2              22            23
 ETA3               0             0             0
 Y                  0             0             0            24


     STARTING VALUES


           NU
              X1            X2            X3            M1            M2
              ________      ________      ________      ________      ________
                0.057         0.102         0.010         0.010         0.044


           NU
              M3            Y
              ________      ________
                0.048         0.000


           LAMBDA
              ETA1          ETA2          ETA3          Y
              ________      ________      ________      ________
 X1             1.000         0.000         0.000         0.000
 X2             1.000         0.000         0.000         0.000
 X3             1.000         0.000         0.000         0.000
 M1             0.000         1.000         0.000         0.000
 M2             0.000         1.000         0.000         0.000
 M3             0.000         1.000         0.000         0.000
 Y              0.000         0.000         0.000         1.000


           THETA
              X1            X2            X3            M1            M2
              ________      ________      ________      ________      ________
 X1             0.797
 X2             0.000         0.640
 X3             0.000         0.000         0.440
 M1             0.000         0.000         0.000         0.916
 M2             0.000         0.000         0.000         0.000         0.745
 M3             0.000         0.000         0.000         0.000         0.000
 Y              0.000         0.000         0.000         0.000         0.000


           THETA
              M3            Y
              ________      ________
 M3             0.517
 Y              0.000         0.000


           ALPHA
              ETA1          ETA2          ETA3          Y
              ________      ________      ________      ________
                0.000         0.000         0.000         0.023


           BETA
              ETA1          ETA2          ETA3          Y
              ________      ________      ________      ________
 ETA1           0.000         0.000         0.000         0.000
 ETA2           0.000         0.000         0.000         0.000
 ETA3           0.000         0.000         0.000         0.000
 Y              0.000         0.000         0.000         0.000


           PSI
              ETA1          ETA2          ETA3          Y
              ________      ________      ________      ________
 ETA1           0.050
 ETA2           0.000         0.050
 ETA3           0.000         0.000         0.000
 Y              0.000         0.000         0.000         0.434


TECHNICAL 4 OUTPUT


     ESTIMATES DERIVED FROM THE MODEL


           ESTIMATED MEANS FOR THE LATENT VARIABLES
              ETA1          ETA2          ETA3          Y
              ________      ________      ________      ________
                0.000         0.000         0.094         0.023


           S.E. FOR ESTIMATED MEANS FOR THE LATENT VARIABLES
              ETA1          ETA2          ETA3          Y
              ________      ________      ________      ________
                0.000         0.000         0.063         0.059


           EST./S.E. FOR ESTIMATED MEANS FOR THE LATENT VARIABLES
              ETA1          ETA2          ETA3          Y
              ________      ________      ________      ________
                0.000         0.000         1.482         0.394


           TWO-TAILED P-VALUE FOR ESTIMATED MEANS FOR THE LATENT VARIABLES
              ETA1          ETA2          ETA3          Y
              ________      ________      ________      ________
                1.000         1.000         0.138         0.693


           ESTIMATED COVARIANCE MATRIX FOR THE LATENT VARIABLES
              ETA1          ETA2          ETA3          Y
              ________      ________      ________      ________
 ETA1           0.791
 ETA2           0.094         0.909
 ETA3           0.000         0.000         0.728
 Y              0.176         0.281         0.189         0.882


           S.E. FOR ESTIMATED COVARIANCE MATRIX FOR THE LATENT VARIABLES
              ETA1          ETA2          ETA3          Y
              ________      ________      ________      ________
 ETA1           0.142
 ETA2           0.063         0.148
 ETA3           0.000         0.000         0.180
 Y              0.061         0.060         0.061         0.086


           EST./S.E. FOR ESTIMATED COVARIANCE MATRIX FOR THE LATENT VARIABLES
              ETA1          ETA2          ETA3          Y
              ________      ________      ________      ________
 ETA1           5.586
 ETA2           1.482         6.157
 ETA3           0.000         0.000         4.040
 Y              2.899         4.665         3.111        10.222


           TWO-TAILED P-VALUE FOR ESTIMATED COVARIANCE MATRIX FOR THE LATENT VARIABLES
              ETA1          ETA2          ETA3          Y
              ________      ________      ________      ________
 ETA1           0.000
 ETA2           0.138         0.000
 ETA3           1.000         1.000         0.000
 Y              0.004         0.000         0.002         0.000


           ESTIMATED CORRELATION MATRIX FOR THE LATENT VARIABLES
              ETA1          ETA2          ETA3          Y
              ________      ________      ________      ________
 ETA1           1.000
 ETA2           0.110         1.000
 ETA3           0.000         0.000         1.000
 Y              0.211         0.313         0.236         1.000


           S.E. FOR ESTIMATED CORRELATION MATRIX FOR THE LATENT VARIABLES
              ETA1          ETA2          ETA3          Y
              ________      ________      ________      ________
 ETA1           0.000
 ETA2           0.073         0.000
 ETA3           0.000         0.000         0.000
 Y              0.069         0.059         0.070         0.000


           EST./S.E. FOR ESTIMATED CORRELATION MATRIX FOR THE LATENT VARIABLES
              ETA1          ETA2          ETA3          Y
              ________      ________      ________      ________
 ETA1         999.000
 ETA2           1.507       999.000
 ETA3           0.000         0.000       999.000
 Y              3.068         5.334         3.396       999.000


           TWO-TAILED P-VALUE FOR ESTIMATED CORRELATION MATRIX FOR THE LATENT VARIABLES
              ETA1          ETA2          ETA3          Y
              ________      ________      ________      ________
 ETA1           0.000
 ETA2           0.132         0.000
 ETA3           1.000         1.000         0.000
 Y              0.002         0.000         0.001         0.000


     Beginning Time:  23:45:19
        Ending Time:  23:46:02
       Elapsed Time:  00:00:43



MUTHEN & MUTHEN
3463 Stoner Ave.
Los Angeles, CA  90066

Tel: (310) 391-9971
Fax: (310) 391-8971
Web: www.StatModel.com
Support: Support@StatModel.com

Copyright (c) 1998-2022 Muthen & Muthen
