Mplus VERSION 8.8 (Mac)
MUTHEN & MUTHEN
08/20/2024  11:43 PM

INPUT INSTRUCTIONS

  TITLE: Data Analysis for SEM with Latent Interaction

  DATA:
    FILE = /Users/jimmy_z/desktop/Temp_Data/temp_data_131.dat;
    FORMAT = FREE;

  VARIABLE:
    NAMES ARE x1 x2 x3 m1 m2 m3 y;
    USEVARIABLES ARE x1 x2 x3 m1 m2 m3 y;

  ANALYSIS:
    TYPE = RANDOM;
    ESTIMATOR = MLR;
    ALGORITHM = INTEGRATION;
    INTEGRATION = MONTECARLO;

  MODEL:
    eta1 BY x1 x2 x3;
    eta2 BY m1 m2 m3;
    eta3 | eta1 XWITH eta2;
    y ON eta1 eta2 eta3;

  OUTPUT:
    STANDARDIZED;
    TECH1;
    TECH4;





INPUT READING TERMINATED NORMALLY



Data Analysis for SEM with Latent Interaction

SUMMARY OF ANALYSIS

Number of groups                                                 1
Number of observations                                         250

Number of dependent variables                                    7
Number of independent variables                                  0
Number of continuous latent variables                            3

Observed dependent variables

  Continuous
   X1          X2          X3          M1          M2          M3
   Y

Continuous latent variables
   ETA1        ETA2        ETA3


Estimator                                                      MLR
Information matrix                                        OBSERVED
Optimization Specifications for the Quasi-Newton Algorithm for
Continuous Outcomes
  Maximum number of iterations                                 100
  Convergence criterion                                  0.100D-05
Optimization Specifications for the EM Algorithm
  Maximum number of iterations                                 500
  Convergence criteria
    Loglikelihood change                                 0.100D-02
    Relative loglikelihood change                        0.100D-05
    Derivative                                           0.100D-02
Optimization Specifications for the M step of the EM Algorithm for
Categorical Latent variables
  Number of M step iterations                                    1
  M step convergence criterion                           0.100D-02
  Basis for M step termination                           ITERATION
Optimization Specifications for the M step of the EM Algorithm for
Censored, Binary or Ordered Categorical (Ordinal), Unordered
Categorical (Nominal) and Count Outcomes
  Number of M step iterations                                    1
  M step convergence criterion                           0.100D-02
  Basis for M step termination                           ITERATION
  Maximum value for logit thresholds                            15
  Minimum value for logit thresholds                           -15
  Minimum expected cell size for chi-square              0.100D-01
Optimization algorithm                                         EMA
Integration Specifications
  Type                                                  MONTECARLO
  Number of integration points                                2000
  Dimensions of numerical integration                            2
  Adaptive quadrature                                           ON
  Monte Carlo integration seed                                   0
Cholesky                                                       OFF

Input data file(s)
  /Users/jimmy_z/desktop/Temp_Data/temp_data_131.dat
Input data format  FREE



UNIVARIATE SAMPLE STATISTICS


     UNIVARIATE HIGHER-ORDER MOMENT DESCRIPTIVE STATISTICS

         Variable/         Mean/     Skewness/   Minimum/ % with                Percentiles
        Sample Size      Variance    Kurtosis    Maximum  Min/Max      20%/60%    40%/80%    Median

     X1                    0.083       0.124      -3.216    0.40%      -0.914     -0.271      0.036
             250.000       1.589       0.144       4.130    0.40%       0.295      1.126
     X2                   -0.072       0.073      -2.505    0.40%      -0.921     -0.342     -0.143
             250.000       1.207      -0.324       2.643    0.40%       0.105      0.907
     X3                   -0.004       0.057      -2.743    0.40%      -0.875     -0.230     -0.041
             250.000       0.903      -0.238       2.139    0.40%       0.189      0.742
     M1                    0.186       0.046      -3.473    0.40%      -1.032     -0.094      0.236
             250.000       1.858      -0.202       4.181    0.40%       0.459      1.228
     M2                    0.028       0.040      -3.795    0.40%      -1.006     -0.264      0.044
             250.000       1.207      -0.128       2.857    0.40%       0.217      1.055
     M3                    0.055      -0.072      -2.249    0.40%      -0.887     -0.101      0.137
             250.000       1.016      -0.426       2.655    0.40%       0.268      0.946
     Y                     0.029      -0.061      -2.714    0.40%      -0.745     -0.243     -0.027
             250.000       1.018      -0.013       2.640    0.40%       0.333      0.836


THE MODEL ESTIMATION TERMINATED NORMALLY



MODEL FIT INFORMATION

Number of Free Parameters                       24

Loglikelihood

          H0 Value                       -2420.495
          H0 Scaling Correction Factor      0.9961
            for MLR

Information Criteria

          Akaike (AIC)                    4888.989
          Bayesian (BIC)                  4973.504
          Sample-Size Adjusted BIC        4897.422
            (n* = (n + 2) / 24)



MODEL RESULTS

                                                    Two-Tailed
                    Estimate       S.E.  Est./S.E.    P-Value

 ETA1     BY
    X1                 1.000      0.000    999.000    999.000
    X2                 0.813      0.102      7.944      0.000
    X3                 0.705      0.079      8.959      0.000

 ETA2     BY
    M1                 1.000      0.000    999.000    999.000
    M2                 0.806      0.086      9.415      0.000
    M3                 0.823      0.078     10.593      0.000

 Y          ON
    ETA1               0.294      0.077      3.840      0.000
    ETA2               0.389      0.079      4.915      0.000
    ETA3               0.235      0.094      2.496      0.013

 ETA2     WITH
    ETA1               0.006      0.067      0.085      0.932

 Intercepts
    X1                 0.083      0.080      1.035      0.301
    X2                -0.072      0.070     -1.033      0.302
    X3                -0.004      0.060     -0.064      0.949
    M1                 0.187      0.086      2.164      0.030
    M2                 0.029      0.070      0.412      0.680
    M3                 0.055      0.064      0.863      0.388
    Y                  0.028      0.064      0.444      0.657

 Variances
    ETA1               0.906      0.164      5.510      0.000
    ETA2               0.977      0.164      5.971      0.000

 Residual Variances
    X1                 0.683      0.105      6.483      0.000
    X2                 0.608      0.077      7.890      0.000
    X3                 0.452      0.060      7.593      0.000
    M1                 0.877      0.105      8.383      0.000
    M2                 0.571      0.080      7.098      0.000
    M3                 0.354      0.055      6.476      0.000
    Y                  0.763      0.092      8.289      0.000


QUALITY OF NUMERICAL RESULTS

     Condition Number for the Information Matrix              0.421E-03
       (ratio of smallest to largest eigenvalue)


STANDARDIZED MODEL RESULTS


STDYX Standardization

                                                    Two-Tailed
                    Estimate       S.E.  Est./S.E.    P-Value

 ETA1     BY
    X1                 0.755      0.047     16.115      0.000
    X2                 0.704      0.042     16.591      0.000
    X3                 0.707      0.049     14.418      0.000

 ETA2     BY
    M1                 0.726      0.041     17.642      0.000
    M2                 0.726      0.046     15.865      0.000
    M3                 0.807      0.035     22.983      0.000

 Y          ON
    ETA1               0.274      0.066      4.180      0.000
    ETA2               0.377      0.067      5.591      0.000
    ETA3               0.217      0.085      2.548      0.011

 ETA2     WITH
    ETA1               0.006      0.071      0.085      0.932

 Intercepts
    X1                 0.066      0.063      1.038      0.299
    X2                -0.065      0.063     -1.029      0.303
    X3                -0.004      0.063     -0.064      0.949
    M1                 0.137      0.063      2.164      0.030
    M2                 0.026      0.063      0.412      0.680
    M3                 0.055      0.064      0.861      0.389
    Y                  0.028      0.063      0.443      0.658

 Variances
    ETA1               1.000      0.000    999.000    999.000
    ETA2               1.000      0.000    999.000    999.000

 Residual Variances
    X1                 0.430      0.071      6.071      0.000
    X2                 0.504      0.060      8.419      0.000
    X3                 0.501      0.069      7.231      0.000
    M1                 0.473      0.060      7.918      0.000
    M2                 0.473      0.066      7.129      0.000
    M3                 0.348      0.057      6.147      0.000
    Y                  0.734      0.067     11.032      0.000


STDY Standardization

                                                    Two-Tailed
                    Estimate       S.E.  Est./S.E.    P-Value

 ETA1     BY
    X1                 0.755      0.047     16.115      0.000
    X2                 0.704      0.042     16.591      0.000
    X3                 0.707      0.049     14.418      0.000

 ETA2     BY
    M1                 0.726      0.041     17.642      0.000
    M2                 0.726      0.046     15.865      0.000
    M3                 0.807      0.035     22.983      0.000

 Y          ON
    ETA1               0.274      0.066      4.180      0.000
    ETA2               0.377      0.067      5.591      0.000
    ETA3               0.217      0.085      2.548      0.011

 ETA2     WITH
    ETA1               0.006      0.071      0.085      0.932

 Intercepts
    X1                 0.066      0.063      1.038      0.299
    X2                -0.065      0.063     -1.029      0.303
    X3                -0.004      0.063     -0.064      0.949
    M1                 0.137      0.063      2.164      0.030
    M2                 0.026      0.063      0.412      0.680
    M3                 0.055      0.064      0.861      0.389
    Y                  0.028      0.063      0.443      0.658

 Variances
    ETA1               1.000      0.000    999.000    999.000
    ETA2               1.000      0.000    999.000    999.000

 Residual Variances
    X1                 0.430      0.071      6.071      0.000
    X2                 0.504      0.060      8.419      0.000
    X3                 0.501      0.069      7.231      0.000
    M1                 0.473      0.060      7.918      0.000
    M2                 0.473      0.066      7.129      0.000
    M3                 0.348      0.057      6.147      0.000
    Y                  0.734      0.067     11.032      0.000


STD Standardization

                                                    Two-Tailed
                    Estimate       S.E.  Est./S.E.    P-Value

 ETA1     BY
    X1                 0.952      0.086     11.019      0.000
    X2                 0.774      0.062     12.389      0.000
    X3                 0.671      0.063     10.669      0.000

 ETA2     BY
    M1                 0.989      0.083     11.942      0.000
    M2                 0.797      0.069     11.558      0.000
    M3                 0.813      0.056     14.656      0.000

 Y          ON
    ETA1               0.280      0.067      4.179      0.000
    ETA2               0.384      0.073      5.263      0.000
    ETA3               0.221      0.089      2.483      0.013

 ETA2     WITH
    ETA1               0.006      0.071      0.085      0.932

 Intercepts
    X1                 0.083      0.080      1.035      0.301
    X2                -0.072      0.070     -1.033      0.302
    X3                -0.004      0.060     -0.064      0.949
    M1                 0.187      0.086      2.164      0.030
    M2                 0.029      0.070      0.412      0.680
    M3                 0.055      0.064      0.863      0.388
    Y                  0.028      0.064      0.444      0.657

 Variances
    ETA1               1.000      0.000    999.000    999.000
    ETA2               1.000      0.000    999.000    999.000

 Residual Variances
    X1                 0.683      0.105      6.483      0.000
    X2                 0.608      0.077      7.890      0.000
    X3                 0.452      0.060      7.593      0.000
    M1                 0.877      0.105      8.383      0.000
    M2                 0.571      0.080      7.098      0.000
    M3                 0.354      0.055      6.476      0.000
    Y                  0.763      0.092      8.289      0.000


R-SQUARE

    Observed                                        Two-Tailed
    Variable        Estimate       S.E.  Est./S.E.    P-Value

    X1                 0.570      0.071      8.057      0.000
    X2                 0.496      0.060      8.295      0.000
    X3                 0.499      0.069      7.209      0.000
    M1                 0.527      0.060      8.821      0.000
    M2                 0.527      0.066      7.932      0.000
    M3                 0.652      0.057     11.491      0.000
    Y                  0.266      0.067      3.990      0.000


TECHNICAL 1 OUTPUT


     PARAMETER SPECIFICATION


           NU
              X1            X2            X3            M1            M2
              ________      ________      ________      ________      ________
                    1             2             3             4             5


           NU
              M3            Y
              ________      ________
                    6             0


           LAMBDA
              ETA1          ETA2          ETA3          Y
              ________      ________      ________      ________
 X1                 0             0             0             0
 X2                 7             0             0             0
 X3                 8             0             0             0
 M1                 0             0             0             0
 M2                 0             9             0             0
 M3                 0            10             0             0
 Y                  0             0             0             0


           THETA
              X1            X2            X3            M1            M2
              ________      ________      ________      ________      ________
 X1                11
 X2                 0            12
 X3                 0             0            13
 M1                 0             0             0            14
 M2                 0             0             0             0            15
 M3                 0             0             0             0             0
 Y                  0             0             0             0             0


           THETA
              M3            Y
              ________      ________
 M3                16
 Y                  0             0


           ALPHA
              ETA1          ETA2          ETA3          Y
              ________      ________      ________      ________
                    0             0             0            17


           BETA
              ETA1          ETA2          ETA3          Y
              ________      ________      ________      ________
 ETA1               0             0             0             0
 ETA2               0             0             0             0
 ETA3               0             0             0             0
 Y                 18            19            20             0


           PSI
              ETA1          ETA2          ETA3          Y
              ________      ________      ________      ________
 ETA1              21
 ETA2              22            23
 ETA3               0             0             0
 Y                  0             0             0            24


     STARTING VALUES


           NU
              X1            X2            X3            M1            M2
              ________      ________      ________      ________      ________
                0.083        -0.072        -0.004         0.186         0.028


           NU
              M3            Y
              ________      ________
                0.055         0.000


           LAMBDA
              ETA1          ETA2          ETA3          Y
              ________      ________      ________      ________
 X1             1.000         0.000         0.000         0.000
 X2             1.000         0.000         0.000         0.000
 X3             1.000         0.000         0.000         0.000
 M1             0.000         1.000         0.000         0.000
 M2             0.000         1.000         0.000         0.000
 M3             0.000         1.000         0.000         0.000
 Y              0.000         0.000         0.000         1.000


           THETA
              X1            X2            X3            M1            M2
              ________      ________      ________      ________      ________
 X1             0.795
 X2             0.000         0.604
 X3             0.000         0.000         0.451
 M1             0.000         0.000         0.000         0.929
 M2             0.000         0.000         0.000         0.000         0.603
 M3             0.000         0.000         0.000         0.000         0.000
 Y              0.000         0.000         0.000         0.000         0.000


           THETA
              M3            Y
              ________      ________
 M3             0.508
 Y              0.000         0.000


           ALPHA
              ETA1          ETA2          ETA3          Y
              ________      ________      ________      ________
                0.000         0.000         0.000         0.029


           BETA
              ETA1          ETA2          ETA3          Y
              ________      ________      ________      ________
 ETA1           0.000         0.000         0.000         0.000
 ETA2           0.000         0.000         0.000         0.000
 ETA3           0.000         0.000         0.000         0.000
 Y              0.000         0.000         0.000         0.000


           PSI
              ETA1          ETA2          ETA3          Y
              ________      ________      ________      ________
 ETA1           0.050
 ETA2           0.000         0.050
 ETA3           0.000         0.000         0.000
 Y              0.000         0.000         0.000         0.509


TECHNICAL 4 OUTPUT


     ESTIMATES DERIVED FROM THE MODEL


           ESTIMATED MEANS FOR THE LATENT VARIABLES
              ETA1          ETA2          ETA3          Y
              ________      ________      ________      ________
                0.000         0.000         0.006         0.030


           S.E. FOR ESTIMATED MEANS FOR THE LATENT VARIABLES
              ETA1          ETA2          ETA3          Y
              ________      ________      ________      ________
                0.000         0.000         0.067         0.064


           EST./S.E. FOR ESTIMATED MEANS FOR THE LATENT VARIABLES
              ETA1          ETA2          ETA3          Y
              ________      ________      ________      ________
                0.000         0.000         0.085         0.465


           TWO-TAILED P-VALUE FOR ESTIMATED MEANS FOR THE LATENT VARIABLES
              ETA1          ETA2          ETA3          Y
              ________      ________      ________      ________
                1.000         1.000         0.932         0.642


           ESTIMATED COVARIANCE MATRIX FOR THE LATENT VARIABLES
              ETA1          ETA2          ETA3          Y
              ________      ________      ________      ________
 ETA1           0.906
 ETA2           0.006         0.977
 ETA3           0.000         0.000         0.886
 Y              0.269         0.382         0.208         1.039


           S.E. FOR ESTIMATED COVARIANCE MATRIX FOR THE LATENT VARIABLES
              ETA1          ETA2          ETA3          Y
              ________      ________      ________      ________
 ETA1           0.164
 ETA2           0.067         0.164
 ETA3           0.000         0.000         0.202
 Y              0.069         0.081         0.090         0.096


           EST./S.E. FOR ESTIMATED COVARIANCE MATRIX FOR THE LATENT VARIABLES
              ETA1          ETA2          ETA3          Y
              ________      ________      ________      ________
 ETA1           5.510
 ETA2           0.085         5.971
 ETA3           0.000         0.000         4.389
 Y              3.918         4.692         2.297        10.827


           TWO-TAILED P-VALUE FOR ESTIMATED COVARIANCE MATRIX FOR THE LATENT VARIABLES
              ETA1          ETA2          ETA3          Y
              ________      ________      ________      ________
 ETA1           0.000
 ETA2           0.932         0.000
 ETA3           1.000         1.000         0.000
 Y              0.000         0.000         0.022         0.000


           ESTIMATED CORRELATION MATRIX FOR THE LATENT VARIABLES
              ETA1          ETA2          ETA3          Y
              ________      ________      ________      ________
 ETA1           1.000
 ETA2           0.006         1.000
 ETA3           0.000         0.000         1.000
 Y              0.277         0.379         0.217         1.000


           S.E. FOR ESTIMATED CORRELATION MATRIX FOR THE LATENT VARIABLES
              ETA1          ETA2          ETA3          Y
              ________      ________      ________      ________
 ETA1           0.000
 ETA2           0.071         0.000
 ETA3           0.000         0.000         0.000
 Y              0.067         0.070         0.085         0.000


           EST./S.E. FOR ESTIMATED CORRELATION MATRIX FOR THE LATENT VARIABLES
              ETA1          ETA2          ETA3          Y
              ________      ________      ________      ________
 ETA1         999.000
 ETA2           0.085       999.000
 ETA3           0.000         0.000       999.000
 Y              4.115         5.427         2.549       999.000


           TWO-TAILED P-VALUE FOR ESTIMATED CORRELATION MATRIX FOR THE LATENT VARIABLES
              ETA1          ETA2          ETA3          Y
              ________      ________      ________      ________
 ETA1           0.000
 ETA2           0.932         0.000
 ETA3           1.000         1.000         0.000
 Y              0.000         0.000         0.011         0.000


     Beginning Time:  23:43:18
        Ending Time:  23:43:57
       Elapsed Time:  00:00:39



MUTHEN & MUTHEN
3463 Stoner Ave.
Los Angeles, CA  90066

Tel: (310) 391-9971
Fax: (310) 391-8971
Web: www.StatModel.com
Support: Support@StatModel.com

Copyright (c) 1998-2022 Muthen & Muthen
