Mplus VERSION 8.8 (Mac)
MUTHEN & MUTHEN
08/20/2024  11:41 PM

INPUT INSTRUCTIONS

  TITLE: Data Analysis for SEM with Latent Interaction

  DATA:
    FILE = /Users/jimmy_z/desktop/Temp_Data/temp_data_117.dat;
    FORMAT = FREE;

  VARIABLE:
    NAMES ARE x1 x2 x3 m1 m2 m3 y;
    USEVARIABLES ARE x1 x2 x3 m1 m2 m3 y;

  ANALYSIS:
    TYPE = RANDOM;
    ESTIMATOR = MLR;
    ALGORITHM = INTEGRATION;
    INTEGRATION = MONTECARLO;

  MODEL:
    eta1 BY x1 x2 x3;
    eta2 BY m1 m2 m3;
    eta3 | eta1 XWITH eta2;
    y ON eta1 eta2 eta3;

  OUTPUT:
    STANDARDIZED;
    TECH1;
    TECH4;





INPUT READING TERMINATED NORMALLY



Data Analysis for SEM with Latent Interaction

SUMMARY OF ANALYSIS

Number of groups                                                 1
Number of observations                                         250

Number of dependent variables                                    7
Number of independent variables                                  0
Number of continuous latent variables                            3

Observed dependent variables

  Continuous
   X1          X2          X3          M1          M2          M3
   Y

Continuous latent variables
   ETA1        ETA2        ETA3


Estimator                                                      MLR
Information matrix                                        OBSERVED
Optimization Specifications for the Quasi-Newton Algorithm for
Continuous Outcomes
  Maximum number of iterations                                 100
  Convergence criterion                                  0.100D-05
Optimization Specifications for the EM Algorithm
  Maximum number of iterations                                 500
  Convergence criteria
    Loglikelihood change                                 0.100D-02
    Relative loglikelihood change                        0.100D-05
    Derivative                                           0.100D-02
Optimization Specifications for the M step of the EM Algorithm for
Categorical Latent variables
  Number of M step iterations                                    1
  M step convergence criterion                           0.100D-02
  Basis for M step termination                           ITERATION
Optimization Specifications for the M step of the EM Algorithm for
Censored, Binary or Ordered Categorical (Ordinal), Unordered
Categorical (Nominal) and Count Outcomes
  Number of M step iterations                                    1
  M step convergence criterion                           0.100D-02
  Basis for M step termination                           ITERATION
  Maximum value for logit thresholds                            15
  Minimum value for logit thresholds                           -15
  Minimum expected cell size for chi-square              0.100D-01
Optimization algorithm                                         EMA
Integration Specifications
  Type                                                  MONTECARLO
  Number of integration points                                2000
  Dimensions of numerical integration                            2
  Adaptive quadrature                                           ON
  Monte Carlo integration seed                                   0
Cholesky                                                       OFF

Input data file(s)
  /Users/jimmy_z/desktop/Temp_Data/temp_data_117.dat
Input data format  FREE



UNIVARIATE SAMPLE STATISTICS


     UNIVARIATE HIGHER-ORDER MOMENT DESCRIPTIVE STATISTICS

         Variable/         Mean/     Skewness/   Minimum/ % with                Percentiles
        Sample Size      Variance    Kurtosis    Maximum  Min/Max      20%/60%    40%/80%    Median

     X1                    0.068      -0.045      -3.245    0.40%      -1.103     -0.192      0.055
             250.000       1.591      -0.226       3.719    0.40%       0.418      1.127
     X2                   -0.034      -0.167      -3.310    0.40%      -1.059     -0.307     -0.013
             250.000       1.517      -0.105       3.148    0.40%       0.282      1.017
     X3                    0.082       0.384      -2.686    0.40%      -0.746     -0.174      0.005
             250.000       0.929       0.177       2.837    0.40%       0.256      0.769
     M1                    0.242      -0.130      -3.906    0.40%      -0.797      0.015      0.295
             250.000       1.519      -0.067       3.773    0.40%       0.620      1.208
     M2                    0.004       0.013      -3.663    0.40%      -0.932     -0.328      0.007
             250.000       1.331       0.363       3.612    0.40%       0.267      0.878
     M3                    0.028       0.042      -2.271    0.40%      -0.825     -0.183      0.043
             250.000       0.825      -0.512       2.346    0.40%       0.255      0.810
     Y                     0.148       0.324      -2.743    0.40%      -0.642     -0.045      0.117
             250.000       1.022       1.582       4.328    0.40%       0.364      0.916


THE MODEL ESTIMATION TERMINATED NORMALLY



MODEL FIT INFORMATION

Number of Free Parameters                       24

Loglikelihood

          H0 Value                       -2432.859
          H0 Scaling Correction Factor      1.0124
            for MLR

Information Criteria

          Akaike (AIC)                    4913.717
          Bayesian (BIC)                  4998.232
          Sample-Size Adjusted BIC        4922.150
            (n* = (n + 2) / 24)



MODEL RESULTS

                                                    Two-Tailed
                    Estimate       S.E.  Est./S.E.    P-Value

 ETA1     BY
    X1                 1.000      0.000    999.000    999.000
    X2                 1.083      0.100     10.843      0.000
    X3                 0.726      0.073      9.904      0.000

 ETA2     BY
    M1                 1.000      0.000    999.000    999.000
    M2                 0.885      0.100      8.832      0.000
    M3                 0.701      0.079      8.844      0.000

 Y          ON
    ETA1               0.286      0.079      3.637      0.000
    ETA2               0.352      0.081      4.328      0.000
    ETA3               0.351      0.120      2.926      0.003

 ETA2     WITH
    ETA1              -0.005      0.066     -0.079      0.937

 Intercepts
    X1                 0.068      0.080      0.858      0.391
    X2                -0.034      0.078     -0.431      0.666
    X3                 0.082      0.061      1.342      0.180
    M1                 0.242      0.078      3.102      0.002
    M2                 0.004      0.073      0.061      0.951
    M3                 0.028      0.057      0.483      0.629
    Y                  0.150      0.064      2.366      0.018

 Variances
    ETA1               0.822      0.131      6.295      0.000
    ETA2               0.834      0.149      5.595      0.000

 Residual Variances
    X1                 0.764      0.097      7.880      0.000
    X2                 0.553      0.095      5.800      0.000
    X3                 0.495      0.053      9.269      0.000
    M1                 0.684      0.112      6.120      0.000
    M2                 0.678      0.086      7.874      0.000
    M3                 0.416      0.050      8.310      0.000
    Y                  0.775      0.091      8.469      0.000


QUALITY OF NUMERICAL RESULTS

     Condition Number for the Information Matrix              0.723E-03
       (ratio of smallest to largest eigenvalue)


STANDARDIZED MODEL RESULTS


STDYX Standardization

                                                    Two-Tailed
                    Estimate       S.E.  Est./S.E.    P-Value

 ETA1     BY
    X1                 0.720      0.041     17.628      0.000
    X2                 0.797      0.039     20.698      0.000
    X3                 0.683      0.042     16.095      0.000

 ETA2     BY
    M1                 0.741      0.050     14.936      0.000
    M2                 0.700      0.043     16.303      0.000
    M3                 0.704      0.043     16.470      0.000

 Y          ON
    ETA1               0.256      0.065      3.926      0.000
    ETA2               0.317      0.067      4.705      0.000
    ETA3               0.287      0.088      3.265      0.001

 ETA2     WITH
    ETA1              -0.006      0.080     -0.079      0.937

 Intercepts
    X1                 0.054      0.064      0.856      0.392
    X2                -0.027      0.063     -0.432      0.666
    X3                 0.085      0.062      1.361      0.173
    M1                 0.196      0.065      3.038      0.002
    M2                 0.004      0.063      0.061      0.951
    M3                 0.031      0.063      0.484      0.629
    Y                  0.148      0.062      2.388      0.017

 Variances
    ETA1               1.000      0.000    999.000    999.000
    ETA2               1.000      0.000    999.000    999.000

 Residual Variances
    X1                 0.482      0.059      8.197      0.000
    X2                 0.365      0.061      5.942      0.000
    X3                 0.533      0.058      9.196      0.000
    M1                 0.451      0.074      6.124      0.000
    M2                 0.510      0.060      8.480      0.000
    M3                 0.504      0.060      8.370      0.000
    Y                  0.753      0.078      9.598      0.000


STDY Standardization

                                                    Two-Tailed
                    Estimate       S.E.  Est./S.E.    P-Value

 ETA1     BY
    X1                 0.720      0.041     17.628      0.000
    X2                 0.797      0.039     20.698      0.000
    X3                 0.683      0.042     16.095      0.000

 ETA2     BY
    M1                 0.741      0.050     14.936      0.000
    M2                 0.700      0.043     16.303      0.000
    M3                 0.704      0.043     16.470      0.000

 Y          ON
    ETA1               0.256      0.065      3.926      0.000
    ETA2               0.317      0.067      4.705      0.000
    ETA3               0.287      0.088      3.265      0.001

 ETA2     WITH
    ETA1              -0.006      0.080     -0.079      0.937

 Intercepts
    X1                 0.054      0.064      0.856      0.392
    X2                -0.027      0.063     -0.432      0.666
    X3                 0.085      0.062      1.361      0.173
    M1                 0.196      0.065      3.038      0.002
    M2                 0.004      0.063      0.061      0.951
    M3                 0.031      0.063      0.484      0.629
    Y                  0.148      0.062      2.388      0.017

 Variances
    ETA1               1.000      0.000    999.000    999.000
    ETA2               1.000      0.000    999.000    999.000

 Residual Variances
    X1                 0.482      0.059      8.197      0.000
    X2                 0.365      0.061      5.942      0.000
    X3                 0.533      0.058      9.196      0.000
    M1                 0.451      0.074      6.124      0.000
    M2                 0.510      0.060      8.480      0.000
    M3                 0.504      0.060      8.370      0.000
    Y                  0.753      0.078      9.598      0.000


STD Standardization

                                                    Two-Tailed
                    Estimate       S.E.  Est./S.E.    P-Value

 ETA1     BY
    X1                 0.907      0.072     12.590      0.000
    X2                 0.982      0.070     13.987      0.000
    X3                 0.658      0.061     10.799      0.000

 ETA2     BY
    M1                 0.913      0.082     11.190      0.000
    M2                 0.808      0.072     11.177      0.000
    M3                 0.640      0.052     12.277      0.000

 Y          ON
    ETA1               0.260      0.071      3.635      0.000
    ETA2               0.321      0.074      4.333      0.000
    ETA3               0.291      0.096      3.022      0.003

 ETA2     WITH
    ETA1              -0.006      0.080     -0.079      0.937

 Intercepts
    X1                 0.068      0.080      0.858      0.391
    X2                -0.034      0.078     -0.431      0.666
    X3                 0.082      0.061      1.342      0.180
    M1                 0.242      0.078      3.102      0.002
    M2                 0.004      0.073      0.061      0.951
    M3                 0.028      0.057      0.483      0.629
    Y                  0.150      0.064      2.366      0.018

 Variances
    ETA1               1.000      0.000    999.000    999.000
    ETA2               1.000      0.000    999.000    999.000

 Residual Variances
    X1                 0.764      0.097      7.880      0.000
    X2                 0.553      0.095      5.800      0.000
    X3                 0.495      0.053      9.269      0.000
    M1                 0.684      0.112      6.120      0.000
    M2                 0.678      0.086      7.874      0.000
    M3                 0.416      0.050      8.310      0.000
    Y                  0.775      0.091      8.469      0.000


R-SQUARE

    Observed                                        Two-Tailed
    Variable        Estimate       S.E.  Est./S.E.    P-Value

    X1                 0.518      0.059      8.814      0.000
    X2                 0.635      0.061     10.349      0.000
    X3                 0.467      0.058      8.047      0.000
    M1                 0.549      0.074      7.468      0.000
    M2                 0.490      0.060      8.152      0.000
    M3                 0.496      0.060      8.235      0.000
    Y                  0.247      0.078      3.148      0.002


TECHNICAL 1 OUTPUT


     PARAMETER SPECIFICATION


           NU
              X1            X2            X3            M1            M2
              ________      ________      ________      ________      ________
                    1             2             3             4             5


           NU
              M3            Y
              ________      ________
                    6             0


           LAMBDA
              ETA1          ETA2          ETA3          Y
              ________      ________      ________      ________
 X1                 0             0             0             0
 X2                 7             0             0             0
 X3                 8             0             0             0
 M1                 0             0             0             0
 M2                 0             9             0             0
 M3                 0            10             0             0
 Y                  0             0             0             0


           THETA
              X1            X2            X3            M1            M2
              ________      ________      ________      ________      ________
 X1                11
 X2                 0            12
 X3                 0             0            13
 M1                 0             0             0            14
 M2                 0             0             0             0            15
 M3                 0             0             0             0             0
 Y                  0             0             0             0             0


           THETA
              M3            Y
              ________      ________
 M3                16
 Y                  0             0


           ALPHA
              ETA1          ETA2          ETA3          Y
              ________      ________      ________      ________
                    0             0             0            17


           BETA
              ETA1          ETA2          ETA3          Y
              ________      ________      ________      ________
 ETA1               0             0             0             0
 ETA2               0             0             0             0
 ETA3               0             0             0             0
 Y                 18            19            20             0


           PSI
              ETA1          ETA2          ETA3          Y
              ________      ________      ________      ________
 ETA1              21
 ETA2              22            23
 ETA3               0             0             0
 Y                  0             0             0            24


     STARTING VALUES


           NU
              X1            X2            X3            M1            M2
              ________      ________      ________      ________      ________
                0.068        -0.034         0.082         0.242         0.004


           NU
              M3            Y
              ________      ________
                0.028         0.000


           LAMBDA
              ETA1          ETA2          ETA3          Y
              ________      ________      ________      ________
 X1             1.000         0.000         0.000         0.000
 X2             1.000         0.000         0.000         0.000
 X3             1.000         0.000         0.000         0.000
 M1             0.000         1.000         0.000         0.000
 M2             0.000         1.000         0.000         0.000
 M3             0.000         1.000         0.000         0.000
 Y              0.000         0.000         0.000         1.000


           THETA
              X1            X2            X3            M1            M2
              ________      ________      ________      ________      ________
 X1             0.795
 X2             0.000         0.758
 X3             0.000         0.000         0.464
 M1             0.000         0.000         0.000         0.760
 M2             0.000         0.000         0.000         0.000         0.665
 M3             0.000         0.000         0.000         0.000         0.000
 Y              0.000         0.000         0.000         0.000         0.000


           THETA
              M3            Y
              ________      ________
 M3             0.413
 Y              0.000         0.000


           ALPHA
              ETA1          ETA2          ETA3          Y
              ________      ________      ________      ________
                0.000         0.000         0.000         0.148


           BETA
              ETA1          ETA2          ETA3          Y
              ________      ________      ________      ________
 ETA1           0.000         0.000         0.000         0.000
 ETA2           0.000         0.000         0.000         0.000
 ETA3           0.000         0.000         0.000         0.000
 Y              0.000         0.000         0.000         0.000


           PSI
              ETA1          ETA2          ETA3          Y
              ________      ________      ________      ________
 ETA1           0.050
 ETA2           0.000         0.050
 ETA3           0.000         0.000         0.000
 Y              0.000         0.000         0.000         0.511


TECHNICAL 4 OUTPUT


     ESTIMATES DERIVED FROM THE MODEL


           ESTIMATED MEANS FOR THE LATENT VARIABLES
              ETA1          ETA2          ETA3          Y
              ________      ________      ________      ________
                0.000         0.000        -0.005         0.149


           S.E. FOR ESTIMATED MEANS FOR THE LATENT VARIABLES
              ETA1          ETA2          ETA3          Y
              ________      ________      ________      ________
                0.000         0.000         0.066         0.064


           EST./S.E. FOR ESTIMATED MEANS FOR THE LATENT VARIABLES
              ETA1          ETA2          ETA3          Y
              ________      ________      ________      ________
                0.000         0.000        -0.079         2.328


           TWO-TAILED P-VALUE FOR ESTIMATED MEANS FOR THE LATENT VARIABLES
              ETA1          ETA2          ETA3          Y
              ________      ________      ________      ________
                1.000         1.000         0.937         0.020


           ESTIMATED COVARIANCE MATRIX FOR THE LATENT VARIABLES
              ETA1          ETA2          ETA3          Y
              ________      ________      ________      ________
 ETA1           0.822
 ETA2          -0.005         0.834
 ETA3           0.000         0.000         0.685
 Y              0.233         0.292         0.241         1.029


           S.E. FOR ESTIMATED COVARIANCE MATRIX FOR THE LATENT VARIABLES
              ETA1          ETA2          ETA3          Y
              ________      ________      ________      ________
 ETA1           0.131
 ETA2           0.066         0.149
 ETA3           0.000         0.000         0.163
 Y              0.072         0.079         0.087         0.121


           EST./S.E. FOR ESTIMATED COVARIANCE MATRIX FOR THE LATENT VARIABLES
              ETA1          ETA2          ETA3          Y
              ________      ________      ________      ________
 ETA1           6.295
 ETA2          -0.079         5.595
 ETA3           0.000         0.000         4.210
 Y              3.235         3.715         2.771         8.476


           TWO-TAILED P-VALUE FOR ESTIMATED COVARIANCE MATRIX FOR THE LATENT VARIABLES
              ETA1          ETA2          ETA3          Y
              ________      ________      ________      ________
 ETA1           0.000
 ETA2           0.937         0.000
 ETA3           1.000         1.000         0.000
 Y              0.001         0.000         0.006         0.000


           ESTIMATED CORRELATION MATRIX FOR THE LATENT VARIABLES
              ETA1          ETA2          ETA3          Y
              ________      ________      ________      ________
 ETA1           1.000
 ETA2          -0.006         1.000
 ETA3           0.000         0.000         1.000
 Y              0.254         0.315         0.287         1.000


           S.E. FOR ESTIMATED CORRELATION MATRIX FOR THE LATENT VARIABLES
              ETA1          ETA2          ETA3          Y
              ________      ________      ________      ________
 ETA1           0.000
 ETA2           0.080         0.000
 ETA3           0.000         0.000         0.000
 Y              0.067         0.069         0.088         0.000


           EST./S.E. FOR ESTIMATED CORRELATION MATRIX FOR THE LATENT VARIABLES
              ETA1          ETA2          ETA3          Y
              ________      ________      ________      ________
 ETA1         999.000
 ETA2          -0.079       999.000
 ETA3           0.000         0.000       999.000
 Y              3.779         4.542         3.266       999.000


           TWO-TAILED P-VALUE FOR ESTIMATED CORRELATION MATRIX FOR THE LATENT VARIABLES
              ETA1          ETA2          ETA3          Y
              ________      ________      ________      ________
 ETA1           0.000
 ETA2           0.937         0.000
 ETA3           1.000         1.000         0.000
 Y              0.000         0.000         0.001         0.000


     Beginning Time:  23:41:53
        Ending Time:  23:42:38
       Elapsed Time:  00:00:45



MUTHEN & MUTHEN
3463 Stoner Ave.
Los Angeles, CA  90066

Tel: (310) 391-9971
Fax: (310) 391-8971
Web: www.StatModel.com
Support: Support@StatModel.com

Copyright (c) 1998-2022 Muthen & Muthen
