Mplus VERSION 8.8 (Mac)
MUTHEN & MUTHEN
08/20/2024  11:14 PM

INPUT INSTRUCTIONS

  TITLE: Data Analysis for SEM with Latent Interaction

  DATA:
    FILE = /Users/jimmy_z/desktop/Temp_Data/temp_data_430.dat;
    FORMAT = FREE;

  VARIABLE:
    NAMES ARE x1 x2 x3 m1 m2 m3 y;
    USEVARIABLES ARE x1 x2 x3 m1 m2 m3 y;

  ANALYSIS:
    TYPE = RANDOM;
    ESTIMATOR = MLR;
    ALGORITHM = INTEGRATION;
    INTEGRATION = MONTECARLO;

  MODEL:
    eta1 BY x1 x2 x3;
    eta2 BY m1 m2 m3;
    eta3 | eta1 XWITH eta2;
    y ON eta1 eta2 eta3;

  OUTPUT:
    STANDARDIZED;
    TECH1;
    TECH4;





INPUT READING TERMINATED NORMALLY



Data Analysis for SEM with Latent Interaction

SUMMARY OF ANALYSIS

Number of groups                                                 1
Number of observations                                         250

Number of dependent variables                                    7
Number of independent variables                                  0
Number of continuous latent variables                            3

Observed dependent variables

  Continuous
   X1          X2          X3          M1          M2          M3
   Y

Continuous latent variables
   ETA1        ETA2        ETA3


Estimator                                                      MLR
Information matrix                                        OBSERVED
Optimization Specifications for the Quasi-Newton Algorithm for
Continuous Outcomes
  Maximum number of iterations                                 100
  Convergence criterion                                  0.100D-05
Optimization Specifications for the EM Algorithm
  Maximum number of iterations                                 500
  Convergence criteria
    Loglikelihood change                                 0.100D-02
    Relative loglikelihood change                        0.100D-05
    Derivative                                           0.100D-02
Optimization Specifications for the M step of the EM Algorithm for
Categorical Latent variables
  Number of M step iterations                                    1
  M step convergence criterion                           0.100D-02
  Basis for M step termination                           ITERATION
Optimization Specifications for the M step of the EM Algorithm for
Censored, Binary or Ordered Categorical (Ordinal), Unordered
Categorical (Nominal) and Count Outcomes
  Number of M step iterations                                    1
  M step convergence criterion                           0.100D-02
  Basis for M step termination                           ITERATION
  Maximum value for logit thresholds                            15
  Minimum value for logit thresholds                           -15
  Minimum expected cell size for chi-square              0.100D-01
Optimization algorithm                                         EMA
Integration Specifications
  Type                                                  MONTECARLO
  Number of integration points                                2000
  Dimensions of numerical integration                            2
  Adaptive quadrature                                           ON
  Monte Carlo integration seed                                   0
Cholesky                                                       OFF

Input data file(s)
  /Users/jimmy_z/desktop/Temp_Data/temp_data_430.dat
Input data format  FREE



UNIVARIATE SAMPLE STATISTICS


     UNIVARIATE HIGHER-ORDER MOMENT DESCRIPTIVE STATISTICS

         Variable/         Mean/     Skewness/   Minimum/ % with                Percentiles
        Sample Size      Variance    Kurtosis    Maximum  Min/Max      20%/60%    40%/80%    Median

     X1                    0.065      -0.396      -7.377    0.40%      -1.102     -0.445      0.180
             250.000       2.300       1.867       4.061    0.40%       0.468      1.284
     X2                    0.050      -0.098      -3.230    0.40%      -1.163     -0.252      0.116
             250.000       1.699      -0.308       3.199    0.40%       0.377      1.261
     X3                   -0.029      -0.139      -2.868    0.40%      -0.888     -0.273     -0.054
             250.000       1.029      -0.348       2.434    0.40%       0.260      0.839
     M1                   -0.085       0.203      -4.901    0.40%      -1.307     -0.441     -0.227
             250.000       2.248       0.464       4.664    0.40%       0.184      1.016
     M2                   -0.102       0.129      -3.863    0.40%      -1.161     -0.460     -0.164
             250.000       1.782       0.165       3.719    0.40%       0.193      0.989
     M3                   -0.045       0.204      -2.902    0.40%      -0.907     -0.379     -0.104
             250.000       1.187       0.323       3.548    0.40%       0.106      0.788
     Y                    -0.094      -0.298      -3.257    0.40%      -0.903     -0.286     -0.035
             250.000       0.943       0.008       2.244    0.40%       0.201      0.766


THE MODEL ESTIMATION TERMINATED NORMALLY



MODEL FIT INFORMATION

Number of Free Parameters                       24

Loglikelihood

          H0 Value                       -2692.341
          H0 Scaling Correction Factor      1.0648
            for MLR

Information Criteria

          Akaike (AIC)                    5432.683
          Bayesian (BIC)                  5517.198
          Sample-Size Adjusted BIC        5441.116
            (n* = (n + 2) / 24)



MODEL RESULTS

                                                    Two-Tailed
                    Estimate       S.E.  Est./S.E.    P-Value

 ETA1     BY
    X1                 1.000      0.000    999.000    999.000
    X2                 0.720      0.118      6.104      0.000
    X3                 0.674      0.122      5.545      0.000

 ETA2     BY
    M1                 1.000      0.000    999.000    999.000
    M2                 1.040      0.140      7.416      0.000
    M3                 0.739      0.084      8.780      0.000

 Y          ON
    ETA1               0.176      0.080      2.203      0.028
    ETA2               0.292      0.078      3.757      0.000
    ETA3               0.277      0.096      2.893      0.004

 ETA2     WITH
    ETA1              -0.003      0.082     -0.039      0.969

 Intercepts
    X1                 0.065      0.096      0.678      0.498
    X2                 0.051      0.082      0.616      0.538
    X3                -0.028      0.064     -0.443      0.658
    M1                -0.085      0.095     -0.894      0.371
    M2                -0.101      0.085     -1.198      0.231
    M3                -0.045      0.069     -0.648      0.517
    Y                 -0.093      0.062     -1.495      0.135

 Variances
    ETA1               1.073      0.257      4.178      0.000
    ETA2               0.936      0.200      4.682      0.000

 Residual Variances
    X1                 1.227      0.218      5.615      0.000
    X2                 1.142      0.139      8.194      0.000
    X3                 0.542      0.085      6.408      0.000
    M1                 1.313      0.174      7.548      0.000
    M2                 0.769      0.140      5.476      0.000
    M3                 0.676      0.090      7.523      0.000
    Y                  0.765      0.093      8.262      0.000


QUALITY OF NUMERICAL RESULTS

     Condition Number for the Information Matrix              0.464E-03
       (ratio of smallest to largest eigenvalue)


STANDARDIZED MODEL RESULTS


STDYX Standardization

                                                    Two-Tailed
                    Estimate       S.E.  Est./S.E.    P-Value

 ETA1     BY
    X1                 0.683      0.061     11.128      0.000
    X2                 0.573      0.064      8.985      0.000
    X3                 0.688      0.059     11.597      0.000

 ETA2     BY
    M1                 0.645      0.054     12.058      0.000
    M2                 0.754      0.050     15.150      0.000
    M3                 0.656      0.056     11.806      0.000

 Y          ON
    ETA1               0.186      0.081      2.301      0.021
    ETA2               0.289      0.074      3.933      0.000
    ETA3               0.284      0.089      3.194      0.001

 ETA2     WITH
    ETA1              -0.003      0.082     -0.039      0.969

 Intercepts
    X1                 0.043      0.064      0.672      0.502
    X2                 0.039      0.063      0.615      0.539
    X3                -0.028      0.063     -0.443      0.658
    M1                -0.057      0.064     -0.888      0.374
    M2                -0.076      0.064     -1.190      0.234
    M3                -0.041      0.064     -0.645      0.519
    Y                 -0.095      0.063     -1.510      0.131

 Variances
    ETA1               1.000      0.000    999.000    999.000
    ETA2               1.000      0.000    999.000    999.000

 Residual Variances
    X1                 0.533      0.084      6.359      0.000
    X2                 0.672      0.073      9.213      0.000
    X3                 0.527      0.082      6.450      0.000
    M1                 0.584      0.069      8.452      0.000
    M2                 0.432      0.075      5.758      0.000
    M3                 0.570      0.073      7.813      0.000
    Y                  0.801      0.074     10.872      0.000


STDY Standardization

                                                    Two-Tailed
                    Estimate       S.E.  Est./S.E.    P-Value

 ETA1     BY
    X1                 0.683      0.061     11.128      0.000
    X2                 0.573      0.064      8.985      0.000
    X3                 0.688      0.059     11.597      0.000

 ETA2     BY
    M1                 0.645      0.054     12.058      0.000
    M2                 0.754      0.050     15.150      0.000
    M3                 0.656      0.056     11.806      0.000

 Y          ON
    ETA1               0.186      0.081      2.301      0.021
    ETA2               0.289      0.074      3.933      0.000
    ETA3               0.284      0.089      3.194      0.001

 ETA2     WITH
    ETA1              -0.003      0.082     -0.039      0.969

 Intercepts
    X1                 0.043      0.064      0.672      0.502
    X2                 0.039      0.063      0.615      0.539
    X3                -0.028      0.063     -0.443      0.658
    M1                -0.057      0.064     -0.888      0.374
    M2                -0.076      0.064     -1.190      0.234
    M3                -0.041      0.064     -0.645      0.519
    Y                 -0.095      0.063     -1.510      0.131

 Variances
    ETA1               1.000      0.000    999.000    999.000
    ETA2               1.000      0.000    999.000    999.000

 Residual Variances
    X1                 0.533      0.084      6.359      0.000
    X2                 0.672      0.073      9.213      0.000
    X3                 0.527      0.082      6.450      0.000
    M1                 0.584      0.069      8.452      0.000
    M2                 0.432      0.075      5.758      0.000
    M3                 0.570      0.073      7.813      0.000
    Y                  0.801      0.074     10.872      0.000


STD Standardization

                                                    Two-Tailed
                    Estimate       S.E.  Est./S.E.    P-Value

 ETA1     BY
    X1                 1.036      0.124      8.356      0.000
    X2                 0.746      0.094      7.917      0.000
    X3                 0.698      0.073      9.606      0.000

 ETA2     BY
    M1                 0.968      0.103      9.365      0.000
    M2                 1.006      0.088     11.497      0.000
    M3                 0.715      0.079      9.073      0.000

 Y          ON
    ETA1               0.182      0.080      2.290      0.022
    ETA2               0.283      0.075      3.776      0.000
    ETA3               0.278      0.089      3.139      0.002

 ETA2     WITH
    ETA1              -0.003      0.082     -0.039      0.969

 Intercepts
    X1                 0.065      0.096      0.678      0.498
    X2                 0.051      0.082      0.616      0.538
    X3                -0.028      0.064     -0.443      0.658
    M1                -0.085      0.095     -0.894      0.371
    M2                -0.101      0.085     -1.198      0.231
    M3                -0.045      0.069     -0.648      0.517
    Y                 -0.093      0.062     -1.495      0.135

 Variances
    ETA1               1.000      0.000    999.000    999.000
    ETA2               1.000      0.000    999.000    999.000

 Residual Variances
    X1                 1.227      0.218      5.615      0.000
    X2                 1.142      0.139      8.194      0.000
    X3                 0.542      0.085      6.408      0.000
    M1                 1.313      0.174      7.548      0.000
    M2                 0.769      0.140      5.476      0.000
    M3                 0.676      0.090      7.523      0.000
    Y                  0.765      0.093      8.262      0.000


R-SQUARE

    Observed                                        Two-Tailed
    Variable        Estimate       S.E.  Est./S.E.    P-Value

    X1                 0.467      0.084      5.564      0.000
    X2                 0.328      0.073      4.492      0.000
    X3                 0.473      0.082      5.799      0.000
    M1                 0.416      0.069      6.029      0.000
    M2                 0.568      0.075      7.575      0.000
    M3                 0.430      0.073      5.903      0.000
    Y                  0.199      0.074      2.700      0.007


TECHNICAL 1 OUTPUT


     PARAMETER SPECIFICATION


           NU
              X1            X2            X3            M1            M2
              ________      ________      ________      ________      ________
                    1             2             3             4             5


           NU
              M3            Y
              ________      ________
                    6             0


           LAMBDA
              ETA1          ETA2          ETA3          Y
              ________      ________      ________      ________
 X1                 0             0             0             0
 X2                 7             0             0             0
 X3                 8             0             0             0
 M1                 0             0             0             0
 M2                 0             9             0             0
 M3                 0            10             0             0
 Y                  0             0             0             0


           THETA
              X1            X2            X3            M1            M2
              ________      ________      ________      ________      ________
 X1                11
 X2                 0            12
 X3                 0             0            13
 M1                 0             0             0            14
 M2                 0             0             0             0            15
 M3                 0             0             0             0             0
 Y                  0             0             0             0             0


           THETA
              M3            Y
              ________      ________
 M3                16
 Y                  0             0


           ALPHA
              ETA1          ETA2          ETA3          Y
              ________      ________      ________      ________
                    0             0             0            17


           BETA
              ETA1          ETA2          ETA3          Y
              ________      ________      ________      ________
 ETA1               0             0             0             0
 ETA2               0             0             0             0
 ETA3               0             0             0             0
 Y                 18            19            20             0


           PSI
              ETA1          ETA2          ETA3          Y
              ________      ________      ________      ________
 ETA1              21
 ETA2              22            23
 ETA3               0             0             0
 Y                  0             0             0            24


     STARTING VALUES


           NU
              X1            X2            X3            M1            M2
              ________      ________      ________      ________      ________
                0.065         0.050        -0.029        -0.085        -0.102


           NU
              M3            Y
              ________      ________
               -0.045         0.000


           LAMBDA
              ETA1          ETA2          ETA3          Y
              ________      ________      ________      ________
 X1             1.000         0.000         0.000         0.000
 X2             1.000         0.000         0.000         0.000
 X3             1.000         0.000         0.000         0.000
 M1             0.000         1.000         0.000         0.000
 M2             0.000         1.000         0.000         0.000
 M3             0.000         1.000         0.000         0.000
 Y              0.000         0.000         0.000         1.000


           THETA
              X1            X2            X3            M1            M2
              ________      ________      ________      ________      ________
 X1             1.150
 X2             0.000         0.850
 X3             0.000         0.000         0.515
 M1             0.000         0.000         0.000         1.124
 M2             0.000         0.000         0.000         0.000         0.891
 M3             0.000         0.000         0.000         0.000         0.000
 Y              0.000         0.000         0.000         0.000         0.000


           THETA
              M3            Y
              ________      ________
 M3             0.593
 Y              0.000         0.000


           ALPHA
              ETA1          ETA2          ETA3          Y
              ________      ________      ________      ________
                0.000         0.000         0.000        -0.094


           BETA
              ETA1          ETA2          ETA3          Y
              ________      ________      ________      ________
 ETA1           0.000         0.000         0.000         0.000
 ETA2           0.000         0.000         0.000         0.000
 ETA3           0.000         0.000         0.000         0.000
 Y              0.000         0.000         0.000         0.000


           PSI
              ETA1          ETA2          ETA3          Y
              ________      ________      ________      ________
 ETA1           0.050
 ETA2           0.000         0.050
 ETA3           0.000         0.000         0.000
 Y              0.000         0.000         0.000         0.471


TECHNICAL 4 OUTPUT


     ESTIMATES DERIVED FROM THE MODEL


           ESTIMATED MEANS FOR THE LATENT VARIABLES
              ETA1          ETA2          ETA3          Y
              ________      ________      ________      ________
                0.000         0.000        -0.003        -0.094


           S.E. FOR ESTIMATED MEANS FOR THE LATENT VARIABLES
              ETA1          ETA2          ETA3          Y
              ________      ________      ________      ________
                0.000         0.000         0.082         0.061


           EST./S.E. FOR ESTIMATED MEANS FOR THE LATENT VARIABLES
              ETA1          ETA2          ETA3          Y
              ________      ________      ________      ________
                0.000         0.000        -0.039        -1.528


           TWO-TAILED P-VALUE FOR ESTIMATED MEANS FOR THE LATENT VARIABLES
              ETA1          ETA2          ETA3          Y
              ________      ________      ________      ________
                1.000         1.000         0.969         0.127


           ESTIMATED COVARIANCE MATRIX FOR THE LATENT VARIABLES
              ETA1          ETA2          ETA3          Y
              ________      ________      ________      ________
 ETA1           1.073
 ETA2          -0.003         0.936
 ETA3           0.000         0.000         1.005
 Y              0.188         0.273         0.279         0.956


           S.E. FOR ESTIMATED COVARIANCE MATRIX FOR THE LATENT VARIABLES
              ETA1          ETA2          ETA3          Y
              ________      ________      ________      ________
 ETA1           0.257
 ETA2           0.082         0.200
 ETA3           0.000         0.000         0.310
 Y              0.084         0.083         0.101         0.086


           EST./S.E. FOR ESTIMATED COVARIANCE MATRIX FOR THE LATENT VARIABLES
              ETA1          ETA2          ETA3          Y
              ________      ________      ________      ________
 ETA1           4.178
 ETA2          -0.039         4.682
 ETA3           0.000         0.000         3.243
 Y              2.233         3.299         2.762        11.070


           TWO-TAILED P-VALUE FOR ESTIMATED COVARIANCE MATRIX FOR THE LATENT VARIABLES
              ETA1          ETA2          ETA3          Y
              ________      ________      ________      ________
 ETA1           0.000
 ETA2           0.969         0.000
 ETA3           1.000         1.000         0.001
 Y              0.026         0.001         0.006         0.000


           ESTIMATED CORRELATION MATRIX FOR THE LATENT VARIABLES
              ETA1          ETA2          ETA3          Y
              ________      ________      ________      ________
 ETA1           1.000
 ETA2          -0.003         1.000
 ETA3           0.000         0.000         1.000
 Y              0.185         0.289         0.284         1.000


           S.E. FOR ESTIMATED CORRELATION MATRIX FOR THE LATENT VARIABLES
              ETA1          ETA2          ETA3          Y
              ________      ________      ________      ________
 ETA1           0.000
 ETA2           0.082         0.000
 ETA3           0.000         0.000         0.000
 Y              0.082         0.072         0.089         0.000


           EST./S.E. FOR ESTIMATED CORRELATION MATRIX FOR THE LATENT VARIABLES
              ETA1          ETA2          ETA3          Y
              ________      ________      ________      ________
 ETA1         999.000
 ETA2          -0.039       999.000
 ETA3           0.000         0.000       999.000
 Y              2.267         3.998         3.194       999.000


           TWO-TAILED P-VALUE FOR ESTIMATED CORRELATION MATRIX FOR THE LATENT VARIABLES
              ETA1          ETA2          ETA3          Y
              ________      ________      ________      ________
 ETA1           0.000
 ETA2           0.969         0.000
 ETA3           1.000         1.000         0.000
 Y              0.023         0.000         0.001         0.000


     Beginning Time:  23:14:08
        Ending Time:  23:15:22
       Elapsed Time:  00:01:14



MUTHEN & MUTHEN
3463 Stoner Ave.
Los Angeles, CA  90066

Tel: (310) 391-9971
Fax: (310) 391-8971
Web: www.StatModel.com
Support: Support@StatModel.com

Copyright (c) 1998-2022 Muthen & Muthen
