Mplus VERSION 8.8 (Mac)
MUTHEN & MUTHEN
08/20/2024  11:27 PM

INPUT INSTRUCTIONS

  TITLE: Data Analysis for SEM with Latent Interaction

  DATA:
    FILE = /Users/jimmy_z/desktop/Temp_Data/temp_data_500.dat;
    FORMAT = FREE;

  VARIABLE:
    NAMES ARE x1 x2 x3 m1 m2 m3 y;
    USEVARIABLES ARE x1 x2 x3 m1 m2 m3 y;

  ANALYSIS:
    TYPE = RANDOM;
    ESTIMATOR = MLR;
    ALGORITHM = INTEGRATION;
    INTEGRATION = MONTECARLO;

  MODEL:
    eta1 BY x1 x2 x3;
    eta2 BY m1 m2 m3;
    eta3 | eta1 XWITH eta2;
    y ON eta1 eta2 eta3;

  OUTPUT:
    STANDARDIZED;
    TECH1;
    TECH4;





INPUT READING TERMINATED NORMALLY



Data Analysis for SEM with Latent Interaction

SUMMARY OF ANALYSIS

Number of groups                                                 1
Number of observations                                         250

Number of dependent variables                                    7
Number of independent variables                                  0
Number of continuous latent variables                            3

Observed dependent variables

  Continuous
   X1          X2          X3          M1          M2          M3
   Y

Continuous latent variables
   ETA1        ETA2        ETA3


Estimator                                                      MLR
Information matrix                                        OBSERVED
Optimization Specifications for the Quasi-Newton Algorithm for
Continuous Outcomes
  Maximum number of iterations                                 100
  Convergence criterion                                  0.100D-05
Optimization Specifications for the EM Algorithm
  Maximum number of iterations                                 500
  Convergence criteria
    Loglikelihood change                                 0.100D-02
    Relative loglikelihood change                        0.100D-05
    Derivative                                           0.100D-02
Optimization Specifications for the M step of the EM Algorithm for
Categorical Latent variables
  Number of M step iterations                                    1
  M step convergence criterion                           0.100D-02
  Basis for M step termination                           ITERATION
Optimization Specifications for the M step of the EM Algorithm for
Censored, Binary or Ordered Categorical (Ordinal), Unordered
Categorical (Nominal) and Count Outcomes
  Number of M step iterations                                    1
  M step convergence criterion                           0.100D-02
  Basis for M step termination                           ITERATION
  Maximum value for logit thresholds                            15
  Minimum value for logit thresholds                           -15
  Minimum expected cell size for chi-square              0.100D-01
Optimization algorithm                                         EMA
Integration Specifications
  Type                                                  MONTECARLO
  Number of integration points                                2000
  Dimensions of numerical integration                            2
  Adaptive quadrature                                           ON
  Monte Carlo integration seed                                   0
Cholesky                                                       OFF

Input data file(s)
  /Users/jimmy_z/desktop/Temp_Data/temp_data_500.dat
Input data format  FREE



UNIVARIATE SAMPLE STATISTICS


     UNIVARIATE HIGHER-ORDER MOMENT DESCRIPTIVE STATISTICS

         Variable/         Mean/     Skewness/   Minimum/ % with                Percentiles
        Sample Size      Variance    Kurtosis    Maximum  Min/Max      20%/60%    40%/80%    Median

     X1                    0.012       0.216      -4.345    0.40%      -1.082     -0.401     -0.071
             250.000       1.952       0.328       4.407    0.40%       0.297      1.219
     X2                    0.048      -0.053      -3.842    0.40%      -1.069     -0.320      0.046
             250.000       1.544       0.158       3.539    0.40%       0.388      1.120
     X3                   -0.070      -0.197      -4.151    0.40%      -0.967     -0.340     -0.037
             250.000       1.360       0.404       2.900    0.40%       0.274      0.865
     M1                    0.002      -0.177      -3.704    0.40%      -1.138     -0.306      0.009
             250.000       1.997      -0.068       3.679    0.40%       0.299      1.210
     M2                   -0.078       0.240      -3.880    0.40%      -0.987     -0.526     -0.167
             250.000       1.474       0.375       3.522    0.40%       0.111      0.815
     M3                   -0.067      -0.109      -4.224    0.40%      -0.925     -0.324     -0.051
             250.000       1.142       0.570       2.763    0.40%       0.216      0.776
     Y                     0.007       0.077      -2.541    0.40%      -0.793     -0.262     -0.069
             250.000       0.941       0.024       2.735    0.40%       0.210      0.796


THE MODEL ESTIMATION TERMINATED NORMALLY



MODEL FIT INFORMATION

Number of Free Parameters                       24

Loglikelihood

          H0 Value                       -2674.436
          H0 Scaling Correction Factor      0.9882
            for MLR

Information Criteria

          Akaike (AIC)                    5396.873
          Bayesian (BIC)                  5481.388
          Sample-Size Adjusted BIC        5405.306
            (n* = (n + 2) / 24)



MODEL RESULTS

                                                    Two-Tailed
                    Estimate       S.E.  Est./S.E.    P-Value

 ETA1     BY
    X1                 1.000      0.000    999.000    999.000
    X2                 0.907      0.147      6.169      0.000
    X3                 1.184      0.170      6.982      0.000

 ETA2     BY
    M1                 1.000      0.000    999.000    999.000
    M2                 0.915      0.150      6.117      0.000
    M3                 0.945      0.147      6.448      0.000

 Y          ON
    ETA1               0.281      0.091      3.088      0.002
    ETA2               0.490      0.104      4.709      0.000
    ETA3               0.457      0.134      3.405      0.001

 ETA2     WITH
    ETA1              -0.030      0.048     -0.618      0.537

 Intercepts
    X1                 0.012      0.088      0.140      0.888
    X2                 0.048      0.078      0.605      0.545
    X3                -0.070      0.074     -0.946      0.344
    M1                 0.002      0.089      0.020      0.984
    M2                -0.079      0.077     -1.024      0.306
    M3                -0.067      0.068     -0.999      0.318
    Y                  0.020      0.061      0.331      0.741

 Variances
    ETA1               0.596      0.136      4.379      0.000
    ETA2               0.619      0.158      3.927      0.000

 Residual Variances
    X1                 1.354      0.153      8.870      0.000
    X2                 1.054      0.107      9.865      0.000
    X3                 0.525      0.119      4.395      0.000
    M1                 1.380      0.156      8.829      0.000
    M2                 0.956      0.120      7.966      0.000
    M3                 0.589      0.093      6.302      0.000
    Y                  0.675      0.078      8.681      0.000


QUALITY OF NUMERICAL RESULTS

     Condition Number for the Information Matrix              0.561E-03
       (ratio of smallest to largest eigenvalue)


STANDARDIZED MODEL RESULTS


STDYX Standardization

                                                    Two-Tailed
                    Estimate       S.E.  Est./S.E.    P-Value

 ETA1     BY
    X1                 0.553      0.053     10.496      0.000
    X2                 0.564      0.061      9.199      0.000
    X3                 0.784      0.056     13.935      0.000

 ETA2     BY
    M1                 0.556      0.061      9.183      0.000
    M2                 0.593      0.069      8.636      0.000
    M3                 0.696      0.059     11.885      0.000

 Y          ON
    ETA1               0.224      0.065      3.459      0.001
    ETA2               0.398      0.069      5.787      0.000
    ETA3               0.286      0.075      3.807      0.000

 ETA2     WITH
    ETA1              -0.049      0.079     -0.624      0.533

 Intercepts
    X1                 0.009      0.063      0.140      0.888
    X2                 0.038      0.063      0.604      0.546
    X3                -0.060      0.063     -0.950      0.342
    M1                 0.001      0.063      0.020      0.984
    M2                -0.065      0.064     -1.015      0.310
    M3                -0.063      0.063     -1.001      0.317
    Y                  0.021      0.063      0.331      0.741

 Variances
    ETA1               1.000      0.000    999.000    999.000
    ETA2               1.000      0.000    999.000    999.000

 Residual Variances
    X1                 0.694      0.058     11.929      0.000
    X2                 0.682      0.069      9.883      0.000
    X3                 0.386      0.088      4.382      0.000
    M1                 0.690      0.067     10.239      0.000
    M2                 0.648      0.081      7.962      0.000
    M3                 0.516      0.081      6.335      0.000
    Y                  0.718      0.071     10.062      0.000


STDY Standardization

                                                    Two-Tailed
                    Estimate       S.E.  Est./S.E.    P-Value

 ETA1     BY
    X1                 0.553      0.053     10.496      0.000
    X2                 0.564      0.061      9.199      0.000
    X3                 0.784      0.056     13.935      0.000

 ETA2     BY
    M1                 0.556      0.061      9.183      0.000
    M2                 0.593      0.069      8.636      0.000
    M3                 0.696      0.059     11.885      0.000

 Y          ON
    ETA1               0.224      0.065      3.459      0.001
    ETA2               0.398      0.069      5.787      0.000
    ETA3               0.286      0.075      3.807      0.000

 ETA2     WITH
    ETA1              -0.049      0.079     -0.624      0.533

 Intercepts
    X1                 0.009      0.063      0.140      0.888
    X2                 0.038      0.063      0.604      0.546
    X3                -0.060      0.063     -0.950      0.342
    M1                 0.001      0.063      0.020      0.984
    M2                -0.065      0.064     -1.015      0.310
    M3                -0.063      0.063     -1.001      0.317
    Y                  0.021      0.063      0.331      0.741

 Variances
    ETA1               1.000      0.000    999.000    999.000
    ETA2               1.000      0.000    999.000    999.000

 Residual Variances
    X1                 0.694      0.058     11.929      0.000
    X2                 0.682      0.069      9.883      0.000
    X3                 0.386      0.088      4.382      0.000
    M1                 0.690      0.067     10.239      0.000
    M2                 0.648      0.081      7.962      0.000
    M3                 0.516      0.081      6.335      0.000
    Y                  0.718      0.071     10.062      0.000


STD Standardization

                                                    Two-Tailed
                    Estimate       S.E.  Est./S.E.    P-Value

 ETA1     BY
    X1                 0.772      0.088      8.758      0.000
    X2                 0.700      0.095      7.334      0.000
    X3                 0.914      0.087     10.475      0.000

 ETA2     BY
    M1                 0.787      0.100      7.855      0.000
    M2                 0.720      0.102      7.041      0.000
    M3                 0.743      0.082      9.011      0.000

 Y          ON
    ETA1               0.217      0.064      3.363      0.001
    ETA2               0.385      0.072      5.347      0.000
    ETA3               0.278      0.075      3.693      0.000

 ETA2     WITH
    ETA1              -0.049      0.079     -0.624      0.533

 Intercepts
    X1                 0.012      0.088      0.140      0.888
    X2                 0.048      0.078      0.605      0.545
    X3                -0.070      0.074     -0.946      0.344
    M1                 0.002      0.089      0.020      0.984
    M2                -0.079      0.077     -1.024      0.306
    M3                -0.067      0.068     -0.999      0.318
    Y                  0.020      0.061      0.331      0.741

 Variances
    ETA1               1.000      0.000    999.000    999.000
    ETA2               1.000      0.000    999.000    999.000

 Residual Variances
    X1                 1.354      0.153      8.870      0.000
    X2                 1.054      0.107      9.865      0.000
    X3                 0.525      0.119      4.395      0.000
    M1                 1.380      0.156      8.829      0.000
    M2                 0.956      0.120      7.966      0.000
    M3                 0.589      0.093      6.302      0.000
    Y                  0.675      0.078      8.681      0.000


R-SQUARE

    Observed                                        Two-Tailed
    Variable        Estimate       S.E.  Est./S.E.    P-Value

    X1                 0.306      0.058      5.248      0.000
    X2                 0.318      0.069      4.600      0.000
    X3                 0.614      0.088      6.967      0.000
    M1                 0.310      0.067      4.591      0.000
    M2                 0.352      0.081      4.318      0.000
    M3                 0.484      0.081      5.943      0.000
    Y                  0.282      0.071      3.944      0.000


TECHNICAL 1 OUTPUT


     PARAMETER SPECIFICATION


           NU
              X1            X2            X3            M1            M2
              ________      ________      ________      ________      ________
                    1             2             3             4             5


           NU
              M3            Y
              ________      ________
                    6             0


           LAMBDA
              ETA1          ETA2          ETA3          Y
              ________      ________      ________      ________
 X1                 0             0             0             0
 X2                 7             0             0             0
 X3                 8             0             0             0
 M1                 0             0             0             0
 M2                 0             9             0             0
 M3                 0            10             0             0
 Y                  0             0             0             0


           THETA
              X1            X2            X3            M1            M2
              ________      ________      ________      ________      ________
 X1                11
 X2                 0            12
 X3                 0             0            13
 M1                 0             0             0            14
 M2                 0             0             0             0            15
 M3                 0             0             0             0             0
 Y                  0             0             0             0             0


           THETA
              M3            Y
              ________      ________
 M3                16
 Y                  0             0


           ALPHA
              ETA1          ETA2          ETA3          Y
              ________      ________      ________      ________
                    0             0             0            17


           BETA
              ETA1          ETA2          ETA3          Y
              ________      ________      ________      ________
 ETA1               0             0             0             0
 ETA2               0             0             0             0
 ETA3               0             0             0             0
 Y                 18            19            20             0


           PSI
              ETA1          ETA2          ETA3          Y
              ________      ________      ________      ________
 ETA1              21
 ETA2              22            23
 ETA3               0             0             0
 Y                  0             0             0            24


     STARTING VALUES


           NU
              X1            X2            X3            M1            M2
              ________      ________      ________      ________      ________
                0.012         0.048        -0.070         0.002        -0.078


           NU
              M3            Y
              ________      ________
               -0.067         0.000


           LAMBDA
              ETA1          ETA2          ETA3          Y
              ________      ________      ________      ________
 X1             1.000         0.000         0.000         0.000
 X2             1.000         0.000         0.000         0.000
 X3             1.000         0.000         0.000         0.000
 M1             0.000         1.000         0.000         0.000
 M2             0.000         1.000         0.000         0.000
 M3             0.000         1.000         0.000         0.000
 Y              0.000         0.000         0.000         1.000


           THETA
              X1            X2            X3            M1            M2
              ________      ________      ________      ________      ________
 X1             0.976
 X2             0.000         0.772
 X3             0.000         0.000         0.680
 M1             0.000         0.000         0.000         0.999
 M2             0.000         0.000         0.000         0.000         0.737
 M3             0.000         0.000         0.000         0.000         0.000
 Y              0.000         0.000         0.000         0.000         0.000


           THETA
              M3            Y
              ________      ________
 M3             0.571
 Y              0.000         0.000


           ALPHA
              ETA1          ETA2          ETA3          Y
              ________      ________      ________      ________
                0.000         0.000         0.000         0.007


           BETA
              ETA1          ETA2          ETA3          Y
              ________      ________      ________      ________
 ETA1           0.000         0.000         0.000         0.000
 ETA2           0.000         0.000         0.000         0.000
 ETA3           0.000         0.000         0.000         0.000
 Y              0.000         0.000         0.000         0.000


           PSI
              ETA1          ETA2          ETA3          Y
              ________      ________      ________      ________
 ETA1           0.050
 ETA2           0.000         0.050
 ETA3           0.000         0.000         0.000
 Y              0.000         0.000         0.000         0.470


TECHNICAL 4 OUTPUT


     ESTIMATES DERIVED FROM THE MODEL


           ESTIMATED MEANS FOR THE LATENT VARIABLES
              ETA1          ETA2          ETA3          Y
              ________      ________      ________      ________
                0.000         0.000        -0.030         0.007


           S.E. FOR ESTIMATED MEANS FOR THE LATENT VARIABLES
              ETA1          ETA2          ETA3          Y
              ________      ________      ________      ________
                0.000         0.000         0.048         0.061


           EST./S.E. FOR ESTIMATED MEANS FOR THE LATENT VARIABLES
              ETA1          ETA2          ETA3          Y
              ________      ________      ________      ________
                0.000         0.000        -0.618         0.108


           TWO-TAILED P-VALUE FOR ESTIMATED MEANS FOR THE LATENT VARIABLES
              ETA1          ETA2          ETA3          Y
              ________      ________      ________      ________
                1.000         1.000         0.537         0.914


           ESTIMATED COVARIANCE MATRIX FOR THE LATENT VARIABLES
              ETA1          ETA2          ETA3          Y
              ________      ________      ________      ________
 ETA1           0.596
 ETA2          -0.030         0.619
 ETA3           0.000         0.000         0.369
 Y              0.153         0.295         0.169         0.939


           S.E. FOR ESTIMATED COVARIANCE MATRIX FOR THE LATENT VARIABLES
              ETA1          ETA2          ETA3          Y
              ________      ________      ________      ________
 ETA1           0.136
 ETA2           0.048         0.158
 ETA3           0.000         0.000         0.120
 Y              0.055         0.073         0.057         0.085


           EST./S.E. FOR ESTIMATED COVARIANCE MATRIX FOR THE LATENT VARIABLES
              ETA1          ETA2          ETA3          Y
              ________      ________      ________      ________
 ETA1           4.379
 ETA2          -0.618         3.927
 ETA3           0.000         0.000         3.081
 Y              2.793         4.028         2.977        11.026


           TWO-TAILED P-VALUE FOR ESTIMATED COVARIANCE MATRIX FOR THE LATENT VARIABLES
              ETA1          ETA2          ETA3          Y
              ________      ________      ________      ________
 ETA1           0.000
 ETA2           0.537         0.000
 ETA3           1.000         1.000         0.002
 Y              0.005         0.000         0.003         0.000


           ESTIMATED CORRELATION MATRIX FOR THE LATENT VARIABLES
              ETA1          ETA2          ETA3          Y
              ________      ________      ________      ________
 ETA1           1.000
 ETA2          -0.049         1.000
 ETA3           0.000         0.000         1.000
 Y              0.204         0.387         0.287         1.000


           S.E. FOR ESTIMATED CORRELATION MATRIX FOR THE LATENT VARIABLES
              ETA1          ETA2          ETA3          Y
              ________      ________      ________      ________
 ETA1           0.000
 ETA2           0.079         0.000
 ETA3           0.000         0.000         0.000
 Y              0.069         0.071         0.075         0.000


           EST./S.E. FOR ESTIMATED CORRELATION MATRIX FOR THE LATENT VARIABLES
              ETA1          ETA2          ETA3          Y
              ________      ________      ________      ________
 ETA1         999.000
 ETA2          -0.624       999.000
 ETA3           0.000         0.000       999.000
 Y              2.972         5.439         3.809       999.000


           TWO-TAILED P-VALUE FOR ESTIMATED CORRELATION MATRIX FOR THE LATENT VARIABLES
              ETA1          ETA2          ETA3          Y
              ________      ________      ________      ________
 ETA1           0.000
 ETA2           0.533         0.000
 ETA3           1.000         1.000         0.000
 Y              0.003         0.000         0.000         0.000


     Beginning Time:  23:27:07
        Ending Time:  23:27:34
       Elapsed Time:  00:00:27



MUTHEN & MUTHEN
3463 Stoner Ave.
Los Angeles, CA  90066

Tel: (310) 391-9971
Fax: (310) 391-8971
Web: www.StatModel.com
Support: Support@StatModel.com

Copyright (c) 1998-2022 Muthen & Muthen
