Mplus VERSION 8.8 (Mac)
MUTHEN & MUTHEN
08/20/2024  11:45 PM

INPUT INSTRUCTIONS

  TITLE: Data Analysis for SEM with Latent Interaction

  DATA:
    FILE = /Users/jimmy_z/desktop/Temp_Data/temp_data_151.dat;
    FORMAT = FREE;

  VARIABLE:
    NAMES ARE x1 x2 x3 m1 m2 m3 y;
    USEVARIABLES ARE x1 x2 x3 m1 m2 m3 y;

  ANALYSIS:
    TYPE = RANDOM;
    ESTIMATOR = MLR;
    ALGORITHM = INTEGRATION;
    INTEGRATION = MONTECARLO;

  MODEL:
    eta1 BY x1 x2 x3;
    eta2 BY m1 m2 m3;
    eta3 | eta1 XWITH eta2;
    y ON eta1 eta2 eta3;

  OUTPUT:
    STANDARDIZED;
    TECH1;
    TECH4;





INPUT READING TERMINATED NORMALLY



Data Analysis for SEM with Latent Interaction

SUMMARY OF ANALYSIS

Number of groups                                                 1
Number of observations                                         250

Number of dependent variables                                    7
Number of independent variables                                  0
Number of continuous latent variables                            3

Observed dependent variables

  Continuous
   X1          X2          X3          M1          M2          M3
   Y

Continuous latent variables
   ETA1        ETA2        ETA3


Estimator                                                      MLR
Information matrix                                        OBSERVED
Optimization Specifications for the Quasi-Newton Algorithm for
Continuous Outcomes
  Maximum number of iterations                                 100
  Convergence criterion                                  0.100D-05
Optimization Specifications for the EM Algorithm
  Maximum number of iterations                                 500
  Convergence criteria
    Loglikelihood change                                 0.100D-02
    Relative loglikelihood change                        0.100D-05
    Derivative                                           0.100D-02
Optimization Specifications for the M step of the EM Algorithm for
Categorical Latent variables
  Number of M step iterations                                    1
  M step convergence criterion                           0.100D-02
  Basis for M step termination                           ITERATION
Optimization Specifications for the M step of the EM Algorithm for
Censored, Binary or Ordered Categorical (Ordinal), Unordered
Categorical (Nominal) and Count Outcomes
  Number of M step iterations                                    1
  M step convergence criterion                           0.100D-02
  Basis for M step termination                           ITERATION
  Maximum value for logit thresholds                            15
  Minimum value for logit thresholds                           -15
  Minimum expected cell size for chi-square              0.100D-01
Optimization algorithm                                         EMA
Integration Specifications
  Type                                                  MONTECARLO
  Number of integration points                                2000
  Dimensions of numerical integration                            2
  Adaptive quadrature                                           ON
  Monte Carlo integration seed                                   0
Cholesky                                                       OFF

Input data file(s)
  /Users/jimmy_z/desktop/Temp_Data/temp_data_151.dat
Input data format  FREE



UNIVARIATE SAMPLE STATISTICS


     UNIVARIATE HIGHER-ORDER MOMENT DESCRIPTIVE STATISTICS

         Variable/         Mean/     Skewness/   Minimum/ % with                Percentiles
        Sample Size      Variance    Kurtosis    Maximum  Min/Max      20%/60%    40%/80%    Median

     X1                    0.093      -0.033      -3.223    0.40%      -0.934     -0.268      0.037
             250.000       1.726      -0.267       3.526    0.40%       0.444      1.222
     X2                    0.115      -0.046      -3.132    0.40%      -0.875     -0.148      0.140
             250.000       1.476      -0.180       2.906    0.40%       0.344      1.182
     X3                    0.130      -0.280      -3.164    0.40%      -0.754     -0.086      0.166
             250.000       0.972       0.000       3.219    0.40%       0.446      1.068
     M1                    0.105       0.057      -4.208    0.40%      -1.097     -0.326      0.061
             250.000       2.071       0.051       4.695    0.40%       0.388      1.340
     M2                    0.060      -0.080      -2.813    0.40%      -0.872     -0.251     -0.002
             250.000       1.275      -0.507       2.899    0.40%       0.340      1.110
     M3                    0.012      -0.151      -2.462    0.40%      -0.927     -0.171      0.064
             250.000       1.049      -0.482       2.499    0.40%       0.374      0.850
     Y                    -0.051       0.300      -2.928    0.40%      -0.998     -0.352     -0.038
             250.000       1.082       0.300       3.292    0.40%       0.146      0.806


THE MODEL ESTIMATION TERMINATED NORMALLY



MODEL FIT INFORMATION

Number of Free Parameters                       24

Loglikelihood

          H0 Value                       -2436.812
          H0 Scaling Correction Factor      0.9768
            for MLR

Information Criteria

          Akaike (AIC)                    4921.623
          Bayesian (BIC)                  5006.139
          Sample-Size Adjusted BIC        4930.056
            (n* = (n + 2) / 24)



MODEL RESULTS

                                                    Two-Tailed
                    Estimate       S.E.  Est./S.E.    P-Value

 ETA1     BY
    X1                 1.000      0.000    999.000    999.000
    X2                 1.114      0.103     10.841      0.000
    X3                 0.862      0.090      9.555      0.000

 ETA2     BY
    M1                 1.000      0.000    999.000    999.000
    M2                 0.770      0.074     10.345      0.000
    M3                 0.704      0.066     10.651      0.000

 Y          ON
    ETA1               0.315      0.082      3.824      0.000
    ETA2               0.348      0.061      5.702      0.000
    ETA3               0.496      0.080      6.218      0.000

 ETA2     WITH
    ETA1               0.032      0.079      0.409      0.682

 Intercepts
    X1                 0.093      0.083      1.119      0.263
    X2                 0.114      0.077      1.484      0.138
    X3                 0.130      0.063      2.081      0.037
    M1                 0.106      0.091      1.159      0.246
    M2                 0.061      0.071      0.853      0.394
    M3                 0.013      0.065      0.200      0.842
    Y                 -0.067      0.062     -1.077      0.281

 Variances
    ETA1               0.802      0.140      5.720      0.000
    ETA2               1.231      0.185      6.649      0.000

 Residual Variances
    X1                 0.920      0.100      9.228      0.000
    X2                 0.480      0.085      5.650      0.000
    X3                 0.376      0.047      7.915      0.000
    M1                 0.839      0.108      7.741      0.000
    M2                 0.545      0.075      7.265      0.000
    M3                 0.439      0.056      7.810      0.000
    Y                  0.602      0.066      9.107      0.000


QUALITY OF NUMERICAL RESULTS

     Condition Number for the Information Matrix              0.272E-01
       (ratio of smallest to largest eigenvalue)


STANDARDIZED MODEL RESULTS


STDYX Standardization

                                                    Two-Tailed
                    Estimate       S.E.  Est./S.E.    P-Value

 ETA1     BY
    X1                 0.683      0.043     16.025      0.000
    X2                 0.822      0.036     22.726      0.000
    X3                 0.783      0.034     23.191      0.000

 ETA2     BY
    M1                 0.771      0.035     21.978      0.000
    M2                 0.757      0.040     19.030      0.000
    M3                 0.762      0.037     20.758      0.000

 Y          ON
    ETA1               0.272      0.062      4.377      0.000
    ETA2               0.372      0.059      6.256      0.000
    ETA3               0.474      0.061      7.737      0.000

 ETA2     WITH
    ETA1               0.032      0.079      0.409      0.682

 Intercepts
    X1                 0.071      0.064      1.115      0.265
    X2                 0.094      0.064      1.477      0.140
    X3                 0.132      0.065      2.036      0.042
    M1                 0.073      0.063      1.161      0.246
    M2                 0.054      0.063      0.851      0.395
    M3                 0.013      0.063      0.200      0.842
    Y                 -0.064      0.060     -1.068      0.285

 Variances
    ETA1               1.000      0.000    999.000    999.000
    ETA2               1.000      0.000    999.000    999.000

 Residual Variances
    X1                 0.534      0.058      9.187      0.000
    X2                 0.325      0.059      5.473      0.000
    X3                 0.386      0.053      7.303      0.000
    M1                 0.405      0.054      7.485      0.000
    M2                 0.428      0.060      7.106      0.000
    M3                 0.419      0.056      7.483      0.000
    Y                  0.557      0.070      8.007      0.000


STDY Standardization

                                                    Two-Tailed
                    Estimate       S.E.  Est./S.E.    P-Value

 ETA1     BY
    X1                 0.683      0.043     16.025      0.000
    X2                 0.822      0.036     22.726      0.000
    X3                 0.783      0.034     23.191      0.000

 ETA2     BY
    M1                 0.771      0.035     21.978      0.000
    M2                 0.757      0.040     19.030      0.000
    M3                 0.762      0.037     20.758      0.000

 Y          ON
    ETA1               0.272      0.062      4.377      0.000
    ETA2               0.372      0.059      6.256      0.000
    ETA3               0.474      0.061      7.737      0.000

 ETA2     WITH
    ETA1               0.032      0.079      0.409      0.682

 Intercepts
    X1                 0.071      0.064      1.115      0.265
    X2                 0.094      0.064      1.477      0.140
    X3                 0.132      0.065      2.036      0.042
    M1                 0.073      0.063      1.161      0.246
    M2                 0.054      0.063      0.851      0.395
    M3                 0.013      0.063      0.200      0.842
    Y                 -0.064      0.060     -1.068      0.285

 Variances
    ETA1               1.000      0.000    999.000    999.000
    ETA2               1.000      0.000    999.000    999.000

 Residual Variances
    X1                 0.534      0.058      9.187      0.000
    X2                 0.325      0.059      5.473      0.000
    X3                 0.386      0.053      7.303      0.000
    M1                 0.405      0.054      7.485      0.000
    M2                 0.428      0.060      7.106      0.000
    M3                 0.419      0.056      7.483      0.000
    Y                  0.557      0.070      8.007      0.000


STD Standardization

                                                    Two-Tailed
                    Estimate       S.E.  Est./S.E.    P-Value

 ETA1     BY
    X1                 0.896      0.078     11.441      0.000
    X2                 0.998      0.070     14.323      0.000
    X3                 0.772      0.058     13.418      0.000

 ETA2     BY
    M1                 1.110      0.083     13.299      0.000
    M2                 0.854      0.064     13.449      0.000
    M3                 0.781      0.056     13.872      0.000

 Y          ON
    ETA1               0.282      0.069      4.091      0.000
    ETA2               0.386      0.069      5.623      0.000
    ETA3               0.493      0.074      6.623      0.000

 ETA2     WITH
    ETA1               0.032      0.079      0.409      0.682

 Intercepts
    X1                 0.093      0.083      1.119      0.263
    X2                 0.114      0.077      1.484      0.138
    X3                 0.130      0.063      2.081      0.037
    M1                 0.106      0.091      1.159      0.246
    M2                 0.061      0.071      0.853      0.394
    M3                 0.013      0.065      0.200      0.842
    Y                 -0.067      0.062     -1.077      0.281

 Variances
    ETA1               1.000      0.000    999.000    999.000
    ETA2               1.000      0.000    999.000    999.000

 Residual Variances
    X1                 0.920      0.100      9.228      0.000
    X2                 0.480      0.085      5.650      0.000
    X3                 0.376      0.047      7.915      0.000
    M1                 0.839      0.108      7.741      0.000
    M2                 0.545      0.075      7.265      0.000
    M3                 0.439      0.056      7.810      0.000
    Y                  0.602      0.066      9.107      0.000


R-SQUARE

    Observed                                        Two-Tailed
    Variable        Estimate       S.E.  Est./S.E.    P-Value

    X1                 0.466      0.058      8.013      0.000
    X2                 0.675      0.059     11.363      0.000
    X3                 0.614      0.053     11.596      0.000
    M1                 0.595      0.054     10.989      0.000
    M2                 0.572      0.060      9.515      0.000
    M3                 0.581      0.056     10.379      0.000
    Y                  0.443      0.070      6.370      0.000


TECHNICAL 1 OUTPUT


     PARAMETER SPECIFICATION


           NU
              X1            X2            X3            M1            M2
              ________      ________      ________      ________      ________
                    1             2             3             4             5


           NU
              M3            Y
              ________      ________
                    6             0


           LAMBDA
              ETA1          ETA2          ETA3          Y
              ________      ________      ________      ________
 X1                 0             0             0             0
 X2                 7             0             0             0
 X3                 8             0             0             0
 M1                 0             0             0             0
 M2                 0             9             0             0
 M3                 0            10             0             0
 Y                  0             0             0             0


           THETA
              X1            X2            X3            M1            M2
              ________      ________      ________      ________      ________
 X1                11
 X2                 0            12
 X3                 0             0            13
 M1                 0             0             0            14
 M2                 0             0             0             0            15
 M3                 0             0             0             0             0
 Y                  0             0             0             0             0


           THETA
              M3            Y
              ________      ________
 M3                16
 Y                  0             0


           ALPHA
              ETA1          ETA2          ETA3          Y
              ________      ________      ________      ________
                    0             0             0            17


           BETA
              ETA1          ETA2          ETA3          Y
              ________      ________      ________      ________
 ETA1               0             0             0             0
 ETA2               0             0             0             0
 ETA3               0             0             0             0
 Y                 18            19            20             0


           PSI
              ETA1          ETA2          ETA3          Y
              ________      ________      ________      ________
 ETA1              21
 ETA2              22            23
 ETA3               0             0             0
 Y                  0             0             0            24


     STARTING VALUES


           NU
              X1            X2            X3            M1            M2
              ________      ________      ________      ________      ________
                0.093         0.115         0.130         0.105         0.060


           NU
              M3            Y
              ________      ________
                0.012         0.000


           LAMBDA
              ETA1          ETA2          ETA3          Y
              ________      ________      ________      ________
 X1             1.000         0.000         0.000         0.000
 X2             1.000         0.000         0.000         0.000
 X3             1.000         0.000         0.000         0.000
 M1             0.000         1.000         0.000         0.000
 M2             0.000         1.000         0.000         0.000
 M3             0.000         1.000         0.000         0.000
 Y              0.000         0.000         0.000         1.000


           THETA
              X1            X2            X3            M1            M2
              ________      ________      ________      ________      ________
 X1             0.863
 X2             0.000         0.738
 X3             0.000         0.000         0.486
 M1             0.000         0.000         0.000         1.035
 M2             0.000         0.000         0.000         0.000         0.637
 M3             0.000         0.000         0.000         0.000         0.000
 Y              0.000         0.000         0.000         0.000         0.000


           THETA
              M3            Y
              ________      ________
 M3             0.524
 Y              0.000         0.000


           ALPHA
              ETA1          ETA2          ETA3          Y
              ________      ________      ________      ________
                0.000         0.000         0.000        -0.051


           BETA
              ETA1          ETA2          ETA3          Y
              ________      ________      ________      ________
 ETA1           0.000         0.000         0.000         0.000
 ETA2           0.000         0.000         0.000         0.000
 ETA3           0.000         0.000         0.000         0.000
 Y              0.000         0.000         0.000         0.000


           PSI
              ETA1          ETA2          ETA3          Y
              ________      ________      ________      ________
 ETA1           0.050
 ETA2           0.000         0.050
 ETA3           0.000         0.000         0.000
 Y              0.000         0.000         0.000         0.541


TECHNICAL 4 OUTPUT


     ESTIMATES DERIVED FROM THE MODEL


           ESTIMATED MEANS FOR THE LATENT VARIABLES
              ETA1          ETA2          ETA3          Y
              ________      ________      ________      ________
                0.000         0.000         0.032        -0.051


           S.E. FOR ESTIMATED MEANS FOR THE LATENT VARIABLES
              ETA1          ETA2          ETA3          Y
              ________      ________      ________      ________
                0.000         0.000         0.079         0.066


           EST./S.E. FOR ESTIMATED MEANS FOR THE LATENT VARIABLES
              ETA1          ETA2          ETA3          Y
              ________      ________      ________      ________
                0.000         0.000         0.409        -0.777


           TWO-TAILED P-VALUE FOR ESTIMATED MEANS FOR THE LATENT VARIABLES
              ETA1          ETA2          ETA3          Y
              ________      ________      ________      ________
                1.000         1.000         0.682         0.437


           ESTIMATED COVARIANCE MATRIX FOR THE LATENT VARIABLES
              ETA1          ETA2          ETA3          Y
              ________      ________      ________      ________
 ETA1           0.802
 ETA2           0.032         1.231
 ETA3           0.000         0.000         0.989
 Y              0.264         0.439         0.490         1.081


           S.E. FOR ESTIMATED COVARIANCE MATRIX FOR THE LATENT VARIABLES
              ETA1          ETA2          ETA3          Y
              ________      ________      ________      ________
 ETA1           0.140
 ETA2           0.079         0.185
 ETA3           0.000         0.000         0.229
 Y              0.068         0.091         0.106         0.106


           EST./S.E. FOR ESTIMATED COVARIANCE MATRIX FOR THE LATENT VARIABLES
              ETA1          ETA2          ETA3          Y
              ________      ________      ________      ________
 ETA1           5.720
 ETA2           0.409         6.649
 ETA3           0.000         0.000         4.321
 Y              3.888         4.812         4.629        10.166


           TWO-TAILED P-VALUE FOR ESTIMATED COVARIANCE MATRIX FOR THE LATENT VARIABLES
              ETA1          ETA2          ETA3          Y
              ________      ________      ________      ________
 ETA1           0.000
 ETA2           0.682         0.000
 ETA3           1.000         1.000         0.000
 Y              0.000         0.000         0.000         0.000


           ESTIMATED CORRELATION MATRIX FOR THE LATENT VARIABLES
              ETA1          ETA2          ETA3          Y
              ________      ________      ________      ________
 ETA1           1.000
 ETA2           0.032         1.000
 ETA3           0.000         0.000         1.000
 Y              0.284         0.380         0.474         1.000


           S.E. FOR ESTIMATED CORRELATION MATRIX FOR THE LATENT VARIABLES
              ETA1          ETA2          ETA3          Y
              ________      ________      ________      ________
 ETA1           0.000
 ETA2           0.079         0.000
 ETA3           0.000         0.000         0.000
 Y              0.064         0.060         0.061         0.000


           EST./S.E. FOR ESTIMATED CORRELATION MATRIX FOR THE LATENT VARIABLES
              ETA1          ETA2          ETA3          Y
              ________      ________      ________      ________
 ETA1         999.000
 ETA2           0.409       999.000
 ETA3           0.000         0.000       999.000
 Y              4.437         6.375         7.724       999.000


           TWO-TAILED P-VALUE FOR ESTIMATED CORRELATION MATRIX FOR THE LATENT VARIABLES
              ETA1          ETA2          ETA3          Y
              ________      ________      ________      ________
 ETA1           0.000
 ETA2           0.682         0.000
 ETA3           1.000         1.000         0.000
 Y              0.000         0.000         0.000         0.000


     Beginning Time:  23:45:19
        Ending Time:  23:46:03
       Elapsed Time:  00:00:44



MUTHEN & MUTHEN
3463 Stoner Ave.
Los Angeles, CA  90066

Tel: (310) 391-9971
Fax: (310) 391-8971
Web: www.StatModel.com
Support: Support@StatModel.com

Copyright (c) 1998-2022 Muthen & Muthen
