Mplus VERSION 8.8 (Mac)
MUTHEN & MUTHEN
08/20/2024  10:37 PM

INPUT INSTRUCTIONS

  TITLE: Data Analysis for SEM with Latent Interaction

  DATA:
    FILE = /Users/jimmy_z/desktop/Temp_Data/temp_data_235.dat;
    FORMAT = FREE;

  VARIABLE:
    NAMES ARE x1 x2 x3 m1 m2 m3 y;
    USEVARIABLES ARE x1 x2 x3 m1 m2 m3 y;

  ANALYSIS:
    TYPE = RANDOM;
    ESTIMATOR = MLR;
    ALGORITHM = INTEGRATION;
    INTEGRATION = MONTECARLO;

  MODEL:
    eta1 BY x1 x2 x3;
    eta2 BY m1 m2 m3;
    eta3 | eta1 XWITH eta2;
    y ON eta1 eta2 eta3;

  OUTPUT:
    STANDARDIZED;
    TECH1;
    TECH4;





INPUT READING TERMINATED NORMALLY



Data Analysis for SEM with Latent Interaction

SUMMARY OF ANALYSIS

Number of groups                                                 1
Number of observations                                         250

Number of dependent variables                                    7
Number of independent variables                                  0
Number of continuous latent variables                            3

Observed dependent variables

  Continuous
   X1          X2          X3          M1          M2          M3
   Y

Continuous latent variables
   ETA1        ETA2        ETA3


Estimator                                                      MLR
Information matrix                                        OBSERVED
Optimization Specifications for the Quasi-Newton Algorithm for
Continuous Outcomes
  Maximum number of iterations                                 100
  Convergence criterion                                  0.100D-05
Optimization Specifications for the EM Algorithm
  Maximum number of iterations                                 500
  Convergence criteria
    Loglikelihood change                                 0.100D-02
    Relative loglikelihood change                        0.100D-05
    Derivative                                           0.100D-02
Optimization Specifications for the M step of the EM Algorithm for
Categorical Latent variables
  Number of M step iterations                                    1
  M step convergence criterion                           0.100D-02
  Basis for M step termination                           ITERATION
Optimization Specifications for the M step of the EM Algorithm for
Censored, Binary or Ordered Categorical (Ordinal), Unordered
Categorical (Nominal) and Count Outcomes
  Number of M step iterations                                    1
  M step convergence criterion                           0.100D-02
  Basis for M step termination                           ITERATION
  Maximum value for logit thresholds                            15
  Minimum value for logit thresholds                           -15
  Minimum expected cell size for chi-square              0.100D-01
Optimization algorithm                                         EMA
Integration Specifications
  Type                                                  MONTECARLO
  Number of integration points                                2000
  Dimensions of numerical integration                            2
  Adaptive quadrature                                           ON
  Monte Carlo integration seed                                   0
Cholesky                                                       OFF

Input data file(s)
  /Users/jimmy_z/desktop/Temp_Data/temp_data_235.dat
Input data format  FREE



UNIVARIATE SAMPLE STATISTICS


     UNIVARIATE HIGHER-ORDER MOMENT DESCRIPTIVE STATISTICS

         Variable/         Mean/     Skewness/   Minimum/ % with                Percentiles
        Sample Size      Variance    Kurtosis    Maximum  Min/Max      20%/60%    40%/80%    Median

     X1                   -0.112      -0.058      -5.474    0.40%      -1.569     -0.425     -0.100
             250.000       2.764       0.188       4.435    0.40%       0.305      1.222
     X2                   -0.113       0.131      -3.158    0.40%      -1.236     -0.477     -0.233
             250.000       1.616      -0.387       3.894    0.40%       0.192      0.991
     X3                    0.001       0.100      -2.708    0.40%      -0.923     -0.287     -0.069
             250.000       1.156      -0.038       3.053    0.40%       0.226      0.905
     M1                   -0.093      -0.168      -4.517    0.40%      -1.379     -0.332     -0.069
             250.000       2.288       0.032       4.337    0.40%       0.295      1.205
     M2                   -0.014      -0.159      -4.217    0.40%      -1.118     -0.322      0.092
             250.000       1.689       0.025       3.276    0.40%       0.291      1.116
     M3                   -0.040      -0.006      -3.100    0.40%      -1.021     -0.355     -0.043
             250.000       1.285      -0.277       2.957    0.40%       0.269      0.966
     Y                    -0.070       0.367      -2.341    0.40%      -0.953     -0.368     -0.121
             250.000       0.954       0.172       3.307    0.40%       0.147      0.756


THE MODEL ESTIMATION TERMINATED NORMALLY



MODEL FIT INFORMATION

Number of Free Parameters                       24

Loglikelihood

          H0 Value                       -2701.850
          H0 Scaling Correction Factor      0.9656
            for MLR

Information Criteria

          Akaike (AIC)                    5451.700
          Bayesian (BIC)                  5536.215
          Sample-Size Adjusted BIC        5460.133
            (n* = (n + 2) / 24)



MODEL RESULTS

                                                    Two-Tailed
                    Estimate       S.E.  Est./S.E.    P-Value

 ETA1     BY
    X1                 1.000      0.000    999.000    999.000
    X2                 0.781      0.086      9.136      0.000
    X3                 0.670      0.082      8.152      0.000

 ETA2     BY
    M1                 1.000      0.000    999.000    999.000
    M2                 0.894      0.129      6.953      0.000
    M3                 0.964      0.147      6.569      0.000

 Y          ON
    ETA1               0.297      0.063      4.744      0.000
    ETA2               0.366      0.097      3.784      0.000
    ETA3               0.358      0.084      4.271      0.000

 ETA2     WITH
    ETA1              -0.054      0.085     -0.626      0.531

 Intercepts
    X1                -0.113      0.105     -1.077      0.282
    X2                -0.114      0.080     -1.416      0.157
    X3                 0.001      0.068      0.008      0.994
    M1                -0.092      0.096     -0.966      0.334
    M2                -0.013      0.082     -0.159      0.874
    M3                -0.039      0.072     -0.544      0.586
    Y                 -0.051      0.062     -0.818      0.413

 Variances
    ETA1               1.362      0.259      5.248      0.000
    ETA2               0.760      0.183      4.149      0.000

 Residual Variances
    X1                 1.399      0.161      8.671      0.000
    X2                 0.785      0.100      7.884      0.000
    X3                 0.545      0.077      7.109      0.000
    M1                 1.516      0.173      8.774      0.000
    M2                 1.082      0.143      7.585      0.000
    M3                 0.578      0.107      5.430      0.000
    Y                  0.626      0.069      9.080      0.000


QUALITY OF NUMERICAL RESULTS

     Condition Number for the Information Matrix              0.969E-03
       (ratio of smallest to largest eigenvalue)


STANDARDIZED MODEL RESULTS


STDYX Standardization

                                                    Two-Tailed
                    Estimate       S.E.  Est./S.E.    P-Value

 ETA1     BY
    X1                 0.702      0.045     15.589      0.000
    X2                 0.717      0.045     15.969      0.000
    X3                 0.727      0.048     15.183      0.000

 ETA2     BY
    M1                 0.578      0.058     10.018      0.000
    M2                 0.599      0.066      9.052      0.000
    M3                 0.742      0.057     12.971      0.000

 Y          ON
    ETA1               0.352      0.066      5.324      0.000
    ETA2               0.324      0.067      4.835      0.000
    ETA3               0.370      0.072      5.168      0.000

 ETA2     WITH
    ETA1              -0.053      0.084     -0.625      0.532

 Intercepts
    X1                -0.068      0.063     -1.078      0.281
    X2                -0.090      0.064     -1.406      0.160
    X3                 0.000      0.063      0.008      0.994
    M1                -0.061      0.063     -0.970      0.332
    M2                -0.010      0.063     -0.159      0.874
    M3                -0.034      0.063     -0.544      0.586
    Y                 -0.052      0.064     -0.809      0.418

 Variances
    ETA1               1.000      0.000    999.000    999.000
    ETA2               1.000      0.000    999.000    999.000

 Residual Variances
    X1                 0.507      0.063      8.006      0.000
    X2                 0.485      0.064      7.535      0.000
    X3                 0.471      0.070      6.770      0.000
    M1                 0.666      0.067      9.996      0.000
    M2                 0.641      0.079      8.071      0.000
    M3                 0.450      0.085      5.307      0.000
    Y                  0.646      0.075      8.633      0.000


STDY Standardization

                                                    Two-Tailed
                    Estimate       S.E.  Est./S.E.    P-Value

 ETA1     BY
    X1                 0.702      0.045     15.589      0.000
    X2                 0.717      0.045     15.969      0.000
    X3                 0.727      0.048     15.183      0.000

 ETA2     BY
    M1                 0.578      0.058     10.018      0.000
    M2                 0.599      0.066      9.052      0.000
    M3                 0.742      0.057     12.971      0.000

 Y          ON
    ETA1               0.352      0.066      5.324      0.000
    ETA2               0.324      0.067      4.835      0.000
    ETA3               0.370      0.072      5.168      0.000

 ETA2     WITH
    ETA1              -0.053      0.084     -0.625      0.532

 Intercepts
    X1                -0.068      0.063     -1.078      0.281
    X2                -0.090      0.064     -1.406      0.160
    X3                 0.000      0.063      0.008      0.994
    M1                -0.061      0.063     -0.970      0.332
    M2                -0.010      0.063     -0.159      0.874
    M3                -0.034      0.063     -0.544      0.586
    Y                 -0.052      0.064     -0.809      0.418

 Variances
    ETA1               1.000      0.000    999.000    999.000
    ETA2               1.000      0.000    999.000    999.000

 Residual Variances
    X1                 0.507      0.063      8.006      0.000
    X2                 0.485      0.064      7.535      0.000
    X3                 0.471      0.070      6.770      0.000
    M1                 0.666      0.067      9.996      0.000
    M2                 0.641      0.079      8.071      0.000
    M3                 0.450      0.085      5.307      0.000
    Y                  0.646      0.075      8.633      0.000


STD Standardization

                                                    Two-Tailed
                    Estimate       S.E.  Est./S.E.    P-Value

 ETA1     BY
    X1                 1.167      0.111     10.496      0.000
    X2                 0.912      0.079     11.613      0.000
    X3                 0.782      0.072     10.845      0.000

 ETA2     BY
    M1                 0.872      0.105      8.298      0.000
    M2                 0.779      0.101      7.685      0.000
    M3                 0.841      0.081     10.317      0.000

 Y          ON
    ETA1               0.346      0.071      4.890      0.000
    ETA2               0.319      0.071      4.500      0.000
    ETA3               0.364      0.078      4.690      0.000

 ETA2     WITH
    ETA1              -0.053      0.084     -0.625      0.532

 Intercepts
    X1                -0.113      0.105     -1.077      0.282
    X2                -0.114      0.080     -1.416      0.157
    X3                 0.001      0.068      0.008      0.994
    M1                -0.092      0.096     -0.966      0.334
    M2                -0.013      0.082     -0.159      0.874
    M3                -0.039      0.072     -0.544      0.586
    Y                 -0.051      0.062     -0.818      0.413

 Variances
    ETA1               1.000      0.000    999.000    999.000
    ETA2               1.000      0.000    999.000    999.000

 Residual Variances
    X1                 1.399      0.161      8.671      0.000
    X2                 0.785      0.100      7.884      0.000
    X3                 0.545      0.077      7.109      0.000
    M1                 1.516      0.173      8.774      0.000
    M2                 1.082      0.143      7.585      0.000
    M3                 0.578      0.107      5.430      0.000
    Y                  0.626      0.069      9.080      0.000


R-SQUARE

    Observed                                        Two-Tailed
    Variable        Estimate       S.E.  Est./S.E.    P-Value

    X1                 0.493      0.063      7.794      0.000
    X2                 0.515      0.064      7.985      0.000
    X3                 0.529      0.070      7.591      0.000
    M1                 0.334      0.067      5.009      0.000
    M2                 0.359      0.079      4.526      0.000
    M3                 0.550      0.085      6.485      0.000
    Y                  0.354      0.075      4.726      0.000


TECHNICAL 1 OUTPUT


     PARAMETER SPECIFICATION


           NU
              X1            X2            X3            M1            M2
              ________      ________      ________      ________      ________
                    1             2             3             4             5


           NU
              M3            Y
              ________      ________
                    6             0


           LAMBDA
              ETA1          ETA2          ETA3          Y
              ________      ________      ________      ________
 X1                 0             0             0             0
 X2                 7             0             0             0
 X3                 8             0             0             0
 M1                 0             0             0             0
 M2                 0             9             0             0
 M3                 0            10             0             0
 Y                  0             0             0             0


           THETA
              X1            X2            X3            M1            M2
              ________      ________      ________      ________      ________
 X1                11
 X2                 0            12
 X3                 0             0            13
 M1                 0             0             0            14
 M2                 0             0             0             0            15
 M3                 0             0             0             0             0
 Y                  0             0             0             0             0


           THETA
              M3            Y
              ________      ________
 M3                16
 Y                  0             0


           ALPHA
              ETA1          ETA2          ETA3          Y
              ________      ________      ________      ________
                    0             0             0            17


           BETA
              ETA1          ETA2          ETA3          Y
              ________      ________      ________      ________
 ETA1               0             0             0             0
 ETA2               0             0             0             0
 ETA3               0             0             0             0
 Y                 18            19            20             0


           PSI
              ETA1          ETA2          ETA3          Y
              ________      ________      ________      ________
 ETA1              21
 ETA2              22            23
 ETA3               0             0             0
 Y                  0             0             0            24


     STARTING VALUES


           NU
              X1            X2            X3            M1            M2
              ________      ________      ________      ________      ________
               -0.112        -0.113         0.001        -0.093        -0.014


           NU
              M3            Y
              ________      ________
               -0.040         0.000


           LAMBDA
              ETA1          ETA2          ETA3          Y
              ________      ________      ________      ________
 X1             1.000         0.000         0.000         0.000
 X2             1.000         0.000         0.000         0.000
 X3             1.000         0.000         0.000         0.000
 M1             0.000         1.000         0.000         0.000
 M2             0.000         1.000         0.000         0.000
 M3             0.000         1.000         0.000         0.000
 Y              0.000         0.000         0.000         1.000


           THETA
              X1            X2            X3            M1            M2
              ________      ________      ________      ________      ________
 X1             1.382
 X2             0.000         0.808
 X3             0.000         0.000         0.578
 M1             0.000         0.000         0.000         1.144
 M2             0.000         0.000         0.000         0.000         0.844
 M3             0.000         0.000         0.000         0.000         0.000
 Y              0.000         0.000         0.000         0.000         0.000


           THETA
              M3            Y
              ________      ________
 M3             0.643
 Y              0.000         0.000


           ALPHA
              ETA1          ETA2          ETA3          Y
              ________      ________      ________      ________
                0.000         0.000         0.000        -0.070


           BETA
              ETA1          ETA2          ETA3          Y
              ________      ________      ________      ________
 ETA1           0.000         0.000         0.000         0.000
 ETA2           0.000         0.000         0.000         0.000
 ETA3           0.000         0.000         0.000         0.000
 Y              0.000         0.000         0.000         0.000


           PSI
              ETA1          ETA2          ETA3          Y
              ________      ________      ________      ________
 ETA1           0.050
 ETA2           0.000         0.050
 ETA3           0.000         0.000         0.000
 Y              0.000         0.000         0.000         0.477


TECHNICAL 4 OUTPUT


     ESTIMATES DERIVED FROM THE MODEL


           ESTIMATED MEANS FOR THE LATENT VARIABLES
              ETA1          ETA2          ETA3          Y
              ________      ________      ________      ________
                0.000         0.000        -0.054        -0.070


           S.E. FOR ESTIMATED MEANS FOR THE LATENT VARIABLES
              ETA1          ETA2          ETA3          Y
              ________      ________      ________      ________
                0.000         0.000         0.085         0.062


           EST./S.E. FOR ESTIMATED MEANS FOR THE LATENT VARIABLES
              ETA1          ETA2          ETA3          Y
              ________      ________      ________      ________
                0.000         0.000        -0.626        -1.134


           TWO-TAILED P-VALUE FOR ESTIMATED MEANS FOR THE LATENT VARIABLES
              ETA1          ETA2          ETA3          Y
              ________      ________      ________      ________
                1.000         1.000         0.531         0.257


           ESTIMATED COVARIANCE MATRIX FOR THE LATENT VARIABLES
              ETA1          ETA2          ETA3          Y
              ________      ________      ________      ________
 ETA1           1.362
 ETA2          -0.054         0.760
 ETA3           0.000         0.000         1.038
 Y              0.384         0.262         0.371         0.969


           S.E. FOR ESTIMATED COVARIANCE MATRIX FOR THE LATENT VARIABLES
              ETA1          ETA2          ETA3          Y
              ________      ________      ________      ________
 ETA1           0.259
 ETA2           0.085         0.183
 ETA3           0.000         0.000         0.303
 Y              0.096         0.069         0.104         0.093


           EST./S.E. FOR ESTIMATED COVARIANCE MATRIX FOR THE LATENT VARIABLES
              ETA1          ETA2          ETA3          Y
              ________      ________      ________      ________
 ETA1           5.248
 ETA2          -0.626         4.149
 ETA3           0.000         0.000         3.421
 Y              3.985         3.777         3.555        10.368


           TWO-TAILED P-VALUE FOR ESTIMATED COVARIANCE MATRIX FOR THE LATENT VARIABLES
              ETA1          ETA2          ETA3          Y
              ________      ________      ________      ________
 ETA1           0.000
 ETA2           0.531         0.000
 ETA3           1.000         1.000         0.001
 Y              0.000         0.000         0.000         0.000


           ESTIMATED CORRELATION MATRIX FOR THE LATENT VARIABLES
              ETA1          ETA2          ETA3          Y
              ________      ________      ________      ________
 ETA1           1.000
 ETA2          -0.053         1.000
 ETA3           0.000         0.000         1.000
 Y              0.334         0.306         0.370         1.000


           S.E. FOR ESTIMATED CORRELATION MATRIX FOR THE LATENT VARIABLES
              ETA1          ETA2          ETA3          Y
              ________      ________      ________      ________
 ETA1           0.000
 ETA2           0.084         0.000
 ETA3           0.000         0.000         0.000
 Y              0.066         0.071         0.072         0.000


           EST./S.E. FOR ESTIMATED CORRELATION MATRIX FOR THE LATENT VARIABLES
              ETA1          ETA2          ETA3          Y
              ________      ________      ________      ________
 ETA1         999.000
 ETA2          -0.625       999.000
 ETA3           0.000         0.000       999.000
 Y              5.033         4.292         5.158       999.000


           TWO-TAILED P-VALUE FOR ESTIMATED CORRELATION MATRIX FOR THE LATENT VARIABLES
              ETA1          ETA2          ETA3          Y
              ________      ________      ________      ________
 ETA1           0.000
 ETA2           0.532         0.000
 ETA3           1.000         1.000         0.000
 Y              0.000         0.000         0.000         0.000


     Beginning Time:  22:37:05
        Ending Time:  22:38:16
       Elapsed Time:  00:01:11



MUTHEN & MUTHEN
3463 Stoner Ave.
Los Angeles, CA  90066

Tel: (310) 391-9971
Fax: (310) 391-8971
Web: www.StatModel.com
Support: Support@StatModel.com

Copyright (c) 1998-2022 Muthen & Muthen
