Mplus VERSION 8.8 (Mac)
MUTHEN & MUTHEN
08/20/2024  11:20 PM

INPUT INSTRUCTIONS

  TITLE: Data Analysis for SEM with Latent Interaction

  DATA:
    FILE = /Users/jimmy_z/desktop/Temp_Data/temp_data_465.dat;
    FORMAT = FREE;

  VARIABLE:
    NAMES ARE x1 x2 x3 m1 m2 m3 y;
    USEVARIABLES ARE x1 x2 x3 m1 m2 m3 y;

  ANALYSIS:
    TYPE = RANDOM;
    ESTIMATOR = MLR;
    ALGORITHM = INTEGRATION;
    INTEGRATION = MONTECARLO;

  MODEL:
    eta1 BY x1 x2 x3;
    eta2 BY m1 m2 m3;
    eta3 | eta1 XWITH eta2;
    y ON eta1 eta2 eta3;

  OUTPUT:
    STANDARDIZED;
    TECH1;
    TECH4;





INPUT READING TERMINATED NORMALLY



Data Analysis for SEM with Latent Interaction

SUMMARY OF ANALYSIS

Number of groups                                                 1
Number of observations                                         250

Number of dependent variables                                    7
Number of independent variables                                  0
Number of continuous latent variables                            3

Observed dependent variables

  Continuous
   X1          X2          X3          M1          M2          M3
   Y

Continuous latent variables
   ETA1        ETA2        ETA3


Estimator                                                      MLR
Information matrix                                        OBSERVED
Optimization Specifications for the Quasi-Newton Algorithm for
Continuous Outcomes
  Maximum number of iterations                                 100
  Convergence criterion                                  0.100D-05
Optimization Specifications for the EM Algorithm
  Maximum number of iterations                                 500
  Convergence criteria
    Loglikelihood change                                 0.100D-02
    Relative loglikelihood change                        0.100D-05
    Derivative                                           0.100D-02
Optimization Specifications for the M step of the EM Algorithm for
Categorical Latent variables
  Number of M step iterations                                    1
  M step convergence criterion                           0.100D-02
  Basis for M step termination                           ITERATION
Optimization Specifications for the M step of the EM Algorithm for
Censored, Binary or Ordered Categorical (Ordinal), Unordered
Categorical (Nominal) and Count Outcomes
  Number of M step iterations                                    1
  M step convergence criterion                           0.100D-02
  Basis for M step termination                           ITERATION
  Maximum value for logit thresholds                            15
  Minimum value for logit thresholds                           -15
  Minimum expected cell size for chi-square              0.100D-01
Optimization algorithm                                         EMA
Integration Specifications
  Type                                                  MONTECARLO
  Number of integration points                                2000
  Dimensions of numerical integration                            2
  Adaptive quadrature                                           ON
  Monte Carlo integration seed                                   0
Cholesky                                                       OFF

Input data file(s)
  /Users/jimmy_z/desktop/Temp_Data/temp_data_465.dat
Input data format  FREE



UNIVARIATE SAMPLE STATISTICS


     UNIVARIATE HIGHER-ORDER MOMENT DESCRIPTIVE STATISTICS

         Variable/         Mean/     Skewness/   Minimum/ % with                Percentiles
        Sample Size      Variance    Kurtosis    Maximum  Min/Max      20%/60%    40%/80%    Median

     X1                    0.065      -0.202      -3.824    0.40%      -1.116     -0.132      0.162
             250.000       1.784       0.047       3.582    0.40%       0.485      1.067
     X2                    0.090      -0.269      -4.137    0.40%      -1.082     -0.184      0.141
             250.000       1.819       0.106       3.611    0.40%       0.482      1.187
     X3                    0.025       0.240      -2.498    0.40%      -0.815     -0.318      0.022
             250.000       0.981      -0.003       3.244    0.40%       0.284      0.836
     M1                   -0.013      -0.183      -4.062    0.40%      -1.364     -0.391      0.163
             250.000       2.182      -0.161       4.383    0.40%       0.479      1.261
     M2                   -0.107      -0.021      -4.030    0.40%      -1.193     -0.420     -0.148
             250.000       1.918       0.195       3.798    0.40%       0.169      0.979
     M3                   -0.009      -0.206      -3.519    0.40%      -0.956     -0.235      0.025
             250.000       1.221       0.068       2.802    0.40%       0.318      0.918
     Y                    -0.050      -0.033      -3.178    0.40%      -0.934     -0.399     -0.080
             250.000       0.975      -0.394       2.346    0.40%       0.233      0.844


THE MODEL ESTIMATION TERMINATED NORMALLY



MODEL FIT INFORMATION

Number of Free Parameters                       24

Loglikelihood

          H0 Value                       -2680.701
          H0 Scaling Correction Factor      1.0171
            for MLR

Information Criteria

          Akaike (AIC)                    5409.403
          Bayesian (BIC)                  5493.918
          Sample-Size Adjusted BIC        5417.836
            (n* = (n + 2) / 24)



MODEL RESULTS

                                                    Two-Tailed
                    Estimate       S.E.  Est./S.E.    P-Value

 ETA1     BY
    X1                 1.000      0.000    999.000    999.000
    X2                 1.095      0.164      6.660      0.000
    X3                 0.638      0.092      6.921      0.000

 ETA2     BY
    M1                 1.000      0.000    999.000    999.000
    M2                 1.024      0.142      7.206      0.000
    M3                 0.843      0.129      6.552      0.000

 Y          ON
    ETA1               0.192      0.090      2.139      0.032
    ETA2               0.359      0.085      4.212      0.000
    ETA3               0.202      0.133      1.515      0.130

 ETA2     WITH
    ETA1              -0.073      0.092     -0.789      0.430

 Intercepts
    X1                 0.067      0.084      0.793      0.428
    X2                 0.093      0.085      1.089      0.276
    X3                 0.025      0.063      0.397      0.691
    M1                -0.015      0.093     -0.164      0.870
    M2                -0.110      0.088     -1.254      0.210
    M3                -0.013      0.070     -0.191      0.849
    Y                 -0.036      0.063     -0.574      0.566

 Variances
    ETA1               0.839      0.176      4.766      0.000
    ETA2               0.811      0.166      4.877      0.000

 Residual Variances
    X1                 0.943      0.136      6.912      0.000
    X2                 0.813      0.151      5.394      0.000
    X3                 0.637      0.067      9.455      0.000
    M1                 1.370      0.149      9.202      0.000
    M2                 1.068      0.149      7.160      0.000
    M3                 0.644      0.104      6.215      0.000
    Y                  0.823      0.083      9.906      0.000


QUALITY OF NUMERICAL RESULTS

     Condition Number for the Information Matrix              0.201E-01
       (ratio of smallest to largest eigenvalue)


STANDARDIZED MODEL RESULTS


STDYX Standardization

                                                    Two-Tailed
                    Estimate       S.E.  Est./S.E.    P-Value

 ETA1     BY
    X1                 0.686      0.056     12.205      0.000
    X2                 0.743      0.058     12.877      0.000
    X3                 0.591      0.057     10.378      0.000

 ETA2     BY
    M1                 0.610      0.050     12.261      0.000
    M2                 0.666      0.055     12.170      0.000
    M3                 0.687      0.059     11.635      0.000

 Y          ON
    ETA1               0.178      0.080      2.209      0.027
    ETA2               0.327      0.075      4.364      0.000
    ETA3               0.168      0.106      1.587      0.112

 ETA2     WITH
    ETA1              -0.088      0.109     -0.809      0.418

 Intercepts
    X1                 0.050      0.064      0.789      0.430
    X2                 0.069      0.064      1.078      0.281
    X3                 0.025      0.063      0.398      0.690
    M1                -0.010      0.063     -0.164      0.869
    M2                -0.079      0.063     -1.253      0.210
    M3                -0.012      0.063     -0.191      0.848
    Y                 -0.036      0.064     -0.574      0.566

 Variances
    ETA1               1.000      0.000    999.000    999.000
    ETA2               1.000      0.000    999.000    999.000

 Residual Variances
    X1                 0.529      0.077      6.866      0.000
    X2                 0.447      0.086      5.210      0.000
    X3                 0.651      0.067      9.686      0.000
    M1                 0.628      0.061     10.364      0.000
    M2                 0.557      0.073      7.639      0.000
    M3                 0.528      0.081      6.499      0.000
    Y                  0.843      0.058     14.581      0.000


STDY Standardization

                                                    Two-Tailed
                    Estimate       S.E.  Est./S.E.    P-Value

 ETA1     BY
    X1                 0.686      0.056     12.205      0.000
    X2                 0.743      0.058     12.877      0.000
    X3                 0.591      0.057     10.378      0.000

 ETA2     BY
    M1                 0.610      0.050     12.261      0.000
    M2                 0.666      0.055     12.170      0.000
    M3                 0.687      0.059     11.635      0.000

 Y          ON
    ETA1               0.178      0.080      2.209      0.027
    ETA2               0.327      0.075      4.364      0.000
    ETA3               0.168      0.106      1.587      0.112

 ETA2     WITH
    ETA1              -0.088      0.109     -0.809      0.418

 Intercepts
    X1                 0.050      0.064      0.789      0.430
    X2                 0.069      0.064      1.078      0.281
    X3                 0.025      0.063      0.398      0.690
    M1                -0.010      0.063     -0.164      0.869
    M2                -0.079      0.063     -1.253      0.210
    M3                -0.012      0.063     -0.191      0.848
    Y                 -0.036      0.064     -0.574      0.566

 Variances
    ETA1               1.000      0.000    999.000    999.000
    ETA2               1.000      0.000    999.000    999.000

 Residual Variances
    X1                 0.529      0.077      6.866      0.000
    X2                 0.447      0.086      5.210      0.000
    X3                 0.651      0.067      9.686      0.000
    M1                 0.628      0.061     10.364      0.000
    M2                 0.557      0.073      7.639      0.000
    M3                 0.528      0.081      6.499      0.000
    Y                  0.843      0.058     14.581      0.000


STD Standardization

                                                    Two-Tailed
                    Estimate       S.E.  Est./S.E.    P-Value

 ETA1     BY
    X1                 0.916      0.096      9.533      0.000
    X2                 1.002      0.102      9.836      0.000
    X3                 0.584      0.071      8.233      0.000

 ETA2     BY
    M1                 0.900      0.092      9.754      0.000
    M2                 0.922      0.097      9.553      0.000
    M3                 0.759      0.080      9.473      0.000

 Y          ON
    ETA1               0.176      0.079      2.231      0.026
    ETA2               0.323      0.076      4.278      0.000
    ETA3               0.166      0.106      1.568      0.117

 ETA2     WITH
    ETA1              -0.088      0.109     -0.809      0.418

 Intercepts
    X1                 0.067      0.084      0.793      0.428
    X2                 0.093      0.085      1.089      0.276
    X3                 0.025      0.063      0.397      0.691
    M1                -0.015      0.093     -0.164      0.870
    M2                -0.110      0.088     -1.254      0.210
    M3                -0.013      0.070     -0.191      0.849
    Y                 -0.036      0.063     -0.574      0.566

 Variances
    ETA1               1.000      0.000    999.000    999.000
    ETA2               1.000      0.000    999.000    999.000

 Residual Variances
    X1                 0.943      0.136      6.912      0.000
    X2                 0.813      0.151      5.394      0.000
    X3                 0.637      0.067      9.455      0.000
    M1                 1.370      0.149      9.202      0.000
    M2                 1.068      0.149      7.160      0.000
    M3                 0.644      0.104      6.215      0.000
    Y                  0.823      0.083      9.906      0.000


R-SQUARE

    Observed                                        Two-Tailed
    Variable        Estimate       S.E.  Est./S.E.    P-Value

    X1                 0.471      0.077      6.103      0.000
    X2                 0.553      0.086      6.439      0.000
    X3                 0.349      0.067      5.189      0.000
    M1                 0.372      0.061      6.131      0.000
    M2                 0.443      0.073      6.085      0.000
    M3                 0.472      0.081      5.817      0.000
    Y                  0.157      0.058      2.713      0.007


TECHNICAL 1 OUTPUT


     PARAMETER SPECIFICATION


           NU
              X1            X2            X3            M1            M2
              ________      ________      ________      ________      ________
                    1             2             3             4             5


           NU
              M3            Y
              ________      ________
                    6             0


           LAMBDA
              ETA1          ETA2          ETA3          Y
              ________      ________      ________      ________
 X1                 0             0             0             0
 X2                 7             0             0             0
 X3                 8             0             0             0
 M1                 0             0             0             0
 M2                 0             9             0             0
 M3                 0            10             0             0
 Y                  0             0             0             0


           THETA
              X1            X2            X3            M1            M2
              ________      ________      ________      ________      ________
 X1                11
 X2                 0            12
 X3                 0             0            13
 M1                 0             0             0            14
 M2                 0             0             0             0            15
 M3                 0             0             0             0             0
 Y                  0             0             0             0             0


           THETA
              M3            Y
              ________      ________
 M3                16
 Y                  0             0


           ALPHA
              ETA1          ETA2          ETA3          Y
              ________      ________      ________      ________
                    0             0             0            17


           BETA
              ETA1          ETA2          ETA3          Y
              ________      ________      ________      ________
 ETA1               0             0             0             0
 ETA2               0             0             0             0
 ETA3               0             0             0             0
 Y                 18            19            20             0


           PSI
              ETA1          ETA2          ETA3          Y
              ________      ________      ________      ________
 ETA1              21
 ETA2              22            23
 ETA3               0             0             0
 Y                  0             0             0            24


     STARTING VALUES


           NU
              X1            X2            X3            M1            M2
              ________      ________      ________      ________      ________
                0.065         0.090         0.025        -0.013        -0.107


           NU
              M3            Y
              ________      ________
               -0.009         0.000


           LAMBDA
              ETA1          ETA2          ETA3          Y
              ________      ________      ________      ________
 X1             1.000         0.000         0.000         0.000
 X2             1.000         0.000         0.000         0.000
 X3             1.000         0.000         0.000         0.000
 M1             0.000         1.000         0.000         0.000
 M2             0.000         1.000         0.000         0.000
 M3             0.000         1.000         0.000         0.000
 Y              0.000         0.000         0.000         1.000


           THETA
              X1            X2            X3            M1            M2
              ________      ________      ________      ________      ________
 X1             0.892
 X2             0.000         0.909
 X3             0.000         0.000         0.491
 M1             0.000         0.000         0.000         1.091
 M2             0.000         0.000         0.000         0.000         0.959
 M3             0.000         0.000         0.000         0.000         0.000
 Y              0.000         0.000         0.000         0.000         0.000


           THETA
              M3            Y
              ________      ________
 M3             0.611
 Y              0.000         0.000


           ALPHA
              ETA1          ETA2          ETA3          Y
              ________      ________      ________      ________
                0.000         0.000         0.000        -0.050


           BETA
              ETA1          ETA2          ETA3          Y
              ________      ________      ________      ________
 ETA1           0.000         0.000         0.000         0.000
 ETA2           0.000         0.000         0.000         0.000
 ETA3           0.000         0.000         0.000         0.000
 Y              0.000         0.000         0.000         0.000


           PSI
              ETA1          ETA2          ETA3          Y
              ________      ________      ________      ________
 ETA1           0.050
 ETA2           0.000         0.050
 ETA3           0.000         0.000         0.000
 Y              0.000         0.000         0.000         0.487


TECHNICAL 4 OUTPUT


     ESTIMATES DERIVED FROM THE MODEL


           ESTIMATED MEANS FOR THE LATENT VARIABLES
              ETA1          ETA2          ETA3          Y
              ________      ________      ________      ________
                0.000         0.000        -0.073        -0.051


           S.E. FOR ESTIMATED MEANS FOR THE LATENT VARIABLES
              ETA1          ETA2          ETA3          Y
              ________      ________      ________      ________
                0.000         0.000         0.092         0.062


           EST./S.E. FOR ESTIMATED MEANS FOR THE LATENT VARIABLES
              ETA1          ETA2          ETA3          Y
              ________      ________      ________      ________
                0.000         0.000        -0.789        -0.814


           TWO-TAILED P-VALUE FOR ESTIMATED MEANS FOR THE LATENT VARIABLES
              ETA1          ETA2          ETA3          Y
              ________      ________      ________      ________
                1.000         1.000         0.430         0.416


           ESTIMATED COVARIANCE MATRIX FOR THE LATENT VARIABLES
              ETA1          ETA2          ETA3          Y
              ________      ________      ________      ________
 ETA1           0.839
 ETA2          -0.073         0.811
 ETA3           0.000         0.000         0.685
 Y              0.135         0.277         0.138         0.977


           S.E. FOR ESTIMATED COVARIANCE MATRIX FOR THE LATENT VARIABLES
              ETA1          ETA2          ETA3          Y
              ________      ________      ________      ________
 ETA1           0.176
 ETA2           0.092         0.166
 ETA3           0.000         0.000         0.205
 Y              0.067         0.076         0.088         0.080


           EST./S.E. FOR ESTIMATED COVARIANCE MATRIX FOR THE LATENT VARIABLES
              ETA1          ETA2          ETA3          Y
              ________      ________      ________      ________
 ETA1           4.766
 ETA2          -0.789         4.877
 ETA3           0.000         0.000         3.345
 Y              2.023         3.667         1.568        12.172


           TWO-TAILED P-VALUE FOR ESTIMATED COVARIANCE MATRIX FOR THE LATENT VARIABLES
              ETA1          ETA2          ETA3          Y
              ________      ________      ________      ________
 ETA1           0.000
 ETA2           0.430         0.000
 ETA3           1.000         1.000         0.001
 Y              0.043         0.000         0.117         0.000


           ESTIMATED CORRELATION MATRIX FOR THE LATENT VARIABLES
              ETA1          ETA2          ETA3          Y
              ________      ________      ________      ________
 ETA1           1.000
 ETA2          -0.088         1.000
 ETA3           0.000         0.000         1.000
 Y              0.149         0.311         0.169         1.000


           S.E. FOR ESTIMATED CORRELATION MATRIX FOR THE LATENT VARIABLES
              ETA1          ETA2          ETA3          Y
              ________      ________      ________      ________
 ETA1           0.000
 ETA2           0.109         0.000
 ETA3           0.000         0.000         0.000
 Y              0.074         0.071         0.105         0.000


           EST./S.E. FOR ESTIMATED CORRELATION MATRIX FOR THE LATENT VARIABLES
              ETA1          ETA2          ETA3          Y
              ________      ________      ________      ________
 ETA1         999.000
 ETA2          -0.809       999.000
 ETA3           0.000         0.000       999.000
 Y              2.014         4.376         1.602       999.000


           TWO-TAILED P-VALUE FOR ESTIMATED CORRELATION MATRIX FOR THE LATENT VARIABLES
              ETA1          ETA2          ETA3          Y
              ________      ________      ________      ________
 ETA1           0.000
 ETA2           0.418         0.000
 ETA3           1.000         1.000         0.000
 Y              0.044         0.000         0.109         0.000


     Beginning Time:  23:20:48
        Ending Time:  23:21:45
       Elapsed Time:  00:00:57



MUTHEN & MUTHEN
3463 Stoner Ave.
Los Angeles, CA  90066

Tel: (310) 391-9971
Fax: (310) 391-8971
Web: www.StatModel.com
Support: Support@StatModel.com

Copyright (c) 1998-2022 Muthen & Muthen
