Mplus VERSION 8.8 (Mac)
MUTHEN & MUTHEN
08/20/2024  11:28 PM

INPUT INSTRUCTIONS

  TITLE: Data Analysis for SEM with Latent Interaction

  DATA:
    FILE = /Users/jimmy_z/desktop/Temp_Data/temp_data_11.dat;
    FORMAT = FREE;

  VARIABLE:
    NAMES ARE x1 x2 x3 m1 m2 m3 y;
    USEVARIABLES ARE x1 x2 x3 m1 m2 m3 y;

  ANALYSIS:
    TYPE = RANDOM;
    ESTIMATOR = MLR;
    ALGORITHM = INTEGRATION;
    INTEGRATION = MONTECARLO;

  MODEL:
    eta1 BY x1 x2 x3;
    eta2 BY m1 m2 m3;
    eta3 | eta1 XWITH eta2;
    y ON eta1 eta2 eta3;

  OUTPUT:
    STANDARDIZED;
    TECH1;
    TECH4;





INPUT READING TERMINATED NORMALLY



Data Analysis for SEM with Latent Interaction

SUMMARY OF ANALYSIS

Number of groups                                                 1
Number of observations                                         250

Number of dependent variables                                    7
Number of independent variables                                  0
Number of continuous latent variables                            3

Observed dependent variables

  Continuous
   X1          X2          X3          M1          M2          M3
   Y

Continuous latent variables
   ETA1        ETA2        ETA3


Estimator                                                      MLR
Information matrix                                        OBSERVED
Optimization Specifications for the Quasi-Newton Algorithm for
Continuous Outcomes
  Maximum number of iterations                                 100
  Convergence criterion                                  0.100D-05
Optimization Specifications for the EM Algorithm
  Maximum number of iterations                                 500
  Convergence criteria
    Loglikelihood change                                 0.100D-02
    Relative loglikelihood change                        0.100D-05
    Derivative                                           0.100D-02
Optimization Specifications for the M step of the EM Algorithm for
Categorical Latent variables
  Number of M step iterations                                    1
  M step convergence criterion                           0.100D-02
  Basis for M step termination                           ITERATION
Optimization Specifications for the M step of the EM Algorithm for
Censored, Binary or Ordered Categorical (Ordinal), Unordered
Categorical (Nominal) and Count Outcomes
  Number of M step iterations                                    1
  M step convergence criterion                           0.100D-02
  Basis for M step termination                           ITERATION
  Maximum value for logit thresholds                            15
  Minimum value for logit thresholds                           -15
  Minimum expected cell size for chi-square              0.100D-01
Optimization algorithm                                         EMA
Integration Specifications
  Type                                                  MONTECARLO
  Number of integration points                                2000
  Dimensions of numerical integration                            2
  Adaptive quadrature                                           ON
  Monte Carlo integration seed                                   0
Cholesky                                                       OFF

Input data file(s)
  /Users/jimmy_z/desktop/Temp_Data/temp_data_11.dat
Input data format  FREE



UNIVARIATE SAMPLE STATISTICS


     UNIVARIATE HIGHER-ORDER MOMENT DESCRIPTIVE STATISTICS

         Variable/         Mean/     Skewness/   Minimum/ % with                Percentiles
        Sample Size      Variance    Kurtosis    Maximum  Min/Max      20%/60%    40%/80%    Median

     X1                   -0.108      -0.331      -4.398    0.40%      -1.352     -0.362     -0.009
             250.000       1.791       0.178       3.297    0.40%       0.269      1.003
     X2                    0.022       0.231      -2.832    0.40%      -0.941     -0.284     -0.038
             250.000       1.434       0.165       4.219    0.40%       0.291      1.015
     X3                   -0.020       0.037      -3.282    0.40%      -0.961     -0.347     -0.033
             250.000       1.110      -0.078       2.964    0.40%       0.282      0.830
     M1                   -0.016      -0.117      -3.972    0.40%      -1.193     -0.348     -0.030
             250.000       1.766      -0.382       2.663    0.40%       0.272      1.145
     M2                   -0.071      -0.387      -4.146    0.40%      -1.028     -0.328     -0.060
             250.000       1.405       0.473       3.120    0.40%       0.273      0.946
     M3                   -0.084      -0.056      -2.767    0.40%      -1.002     -0.278     -0.051
             250.000       0.988      -0.315       2.586    0.40%       0.170      0.753
     Y                    -0.107       0.287      -2.472    0.40%      -0.931     -0.307     -0.091
             250.000       0.907       0.666       2.903    0.40%       0.101      0.555


THE MODEL ESTIMATION TERMINATED NORMALLY



MODEL FIT INFORMATION

Number of Free Parameters                       24

Loglikelihood

          H0 Value                       -2422.711
          H0 Scaling Correction Factor      1.0021
            for MLR

Information Criteria

          Akaike (AIC)                    4893.422
          Bayesian (BIC)                  4977.937
          Sample-Size Adjusted BIC        4901.855
            (n* = (n + 2) / 24)



MODEL RESULTS

                                                    Two-Tailed
                    Estimate       S.E.  Est./S.E.    P-Value

 ETA1     BY
    X1                 1.000      0.000    999.000    999.000
    X2                 0.937      0.077     12.092      0.000
    X3                 0.844      0.063     13.339      0.000

 ETA2     BY
    M1                 1.000      0.000    999.000    999.000
    M2                 0.856      0.087      9.898      0.000
    M3                 0.739      0.061     12.139      0.000

 Y          ON
    ETA1               0.255      0.063      4.021      0.000
    ETA2               0.211      0.066      3.192      0.001
    ETA3               0.209      0.059      3.531      0.000

 ETA2     WITH
    ETA1              -0.005      0.088     -0.058      0.954

 Intercepts
    X1                -0.107      0.085     -1.266      0.206
    X2                 0.022      0.076      0.291      0.771
    X3                -0.019      0.067     -0.291      0.771
    M1                -0.015      0.084     -0.183      0.855
    M2                -0.071      0.075     -0.939      0.348
    M3                -0.084      0.063     -1.332      0.183
    Y                 -0.105      0.059     -1.773      0.076

 Variances
    ETA1               1.040      0.154      6.771      0.000
    ETA2               1.081      0.160      6.738      0.000

 Residual Variances
    X1                 0.747      0.100      7.450      0.000
    X2                 0.521      0.072      7.216      0.000
    X3                 0.369      0.055      6.698      0.000
    M1                 0.683      0.089      7.669      0.000
    M2                 0.612      0.087      7.058      0.000
    M3                 0.398      0.059      6.742      0.000
    Y                  0.746      0.075      9.985      0.000


QUALITY OF NUMERICAL RESULTS

     Condition Number for the Information Matrix              0.456E-03
       (ratio of smallest to largest eigenvalue)


STANDARDIZED MODEL RESULTS


STDYX Standardization

                                                    Two-Tailed
                    Estimate       S.E.  Est./S.E.    P-Value

 ETA1     BY
    X1                 0.763      0.035     21.924      0.000
    X2                 0.798      0.030     26.720      0.000
    X3                 0.817      0.032     25.611      0.000

 ETA2     BY
    M1                 0.783      0.036     21.463      0.000
    M2                 0.751      0.044     17.080      0.000
    M3                 0.773      0.038     20.282      0.000

 Y          ON
    ETA1               0.272      0.064      4.267      0.000
    ETA2               0.230      0.065      3.557      0.000
    ETA3               0.232      0.059      3.934      0.000

 ETA2     WITH
    ETA1              -0.005      0.083     -0.058      0.954

 Intercepts
    X1                -0.080      0.063     -1.281      0.200
    X2                 0.018      0.063      0.292      0.771
    X3                -0.018      0.063     -0.291      0.771
    M1                -0.012      0.063     -0.183      0.855
    M2                -0.060      0.063     -0.949      0.342
    M3                -0.084      0.063     -1.334      0.182
    Y                 -0.111      0.063     -1.743      0.081

 Variances
    ETA1               1.000      0.000    999.000    999.000
    ETA2               1.000      0.000    999.000    999.000

 Residual Variances
    X1                 0.418      0.053      7.875      0.000
    X2                 0.364      0.048      7.635      0.000
    X3                 0.333      0.052      6.384      0.000
    M1                 0.387      0.057      6.779      0.000
    M2                 0.435      0.066      6.587      0.000
    M3                 0.403      0.059      6.839      0.000
    Y                  0.820      0.057     14.439      0.000


STDY Standardization

                                                    Two-Tailed
                    Estimate       S.E.  Est./S.E.    P-Value

 ETA1     BY
    X1                 0.763      0.035     21.924      0.000
    X2                 0.798      0.030     26.720      0.000
    X3                 0.817      0.032     25.611      0.000

 ETA2     BY
    M1                 0.783      0.036     21.463      0.000
    M2                 0.751      0.044     17.080      0.000
    M3                 0.773      0.038     20.282      0.000

 Y          ON
    ETA1               0.272      0.064      4.267      0.000
    ETA2               0.230      0.065      3.557      0.000
    ETA3               0.232      0.059      3.934      0.000

 ETA2     WITH
    ETA1              -0.005      0.083     -0.058      0.954

 Intercepts
    X1                -0.080      0.063     -1.281      0.200
    X2                 0.018      0.063      0.292      0.771
    X3                -0.018      0.063     -0.291      0.771
    M1                -0.012      0.063     -0.183      0.855
    M2                -0.060      0.063     -0.949      0.342
    M3                -0.084      0.063     -1.334      0.182
    Y                 -0.111      0.063     -1.743      0.081

 Variances
    ETA1               1.000      0.000    999.000    999.000
    ETA2               1.000      0.000    999.000    999.000

 Residual Variances
    X1                 0.418      0.053      7.875      0.000
    X2                 0.364      0.048      7.635      0.000
    X3                 0.333      0.052      6.384      0.000
    M1                 0.387      0.057      6.779      0.000
    M2                 0.435      0.066      6.587      0.000
    M3                 0.403      0.059      6.839      0.000
    Y                  0.820      0.057     14.439      0.000


STD Standardization

                                                    Two-Tailed
                    Estimate       S.E.  Est./S.E.    P-Value

 ETA1     BY
    X1                 1.020      0.075     13.542      0.000
    X2                 0.955      0.064     14.895      0.000
    X3                 0.861      0.059     14.618      0.000

 ETA2     BY
    M1                 1.040      0.077     13.477      0.000
    M2                 0.891      0.082     10.924      0.000
    M3                 0.768      0.055     13.940      0.000

 Y          ON
    ETA1               0.260      0.064      4.046      0.000
    ETA2               0.220      0.066      3.327      0.001
    ETA3               0.222      0.060      3.675      0.000

 ETA2     WITH
    ETA1              -0.005      0.083     -0.058      0.954

 Intercepts
    X1                -0.107      0.085     -1.266      0.206
    X2                 0.022      0.076      0.291      0.771
    X3                -0.019      0.067     -0.291      0.771
    M1                -0.015      0.084     -0.183      0.855
    M2                -0.071      0.075     -0.939      0.348
    M3                -0.084      0.063     -1.332      0.183
    Y                 -0.105      0.059     -1.773      0.076

 Variances
    ETA1               1.000      0.000    999.000    999.000
    ETA2               1.000      0.000    999.000    999.000

 Residual Variances
    X1                 0.747      0.100      7.450      0.000
    X2                 0.521      0.072      7.216      0.000
    X3                 0.369      0.055      6.698      0.000
    M1                 0.683      0.089      7.669      0.000
    M2                 0.612      0.087      7.058      0.000
    M3                 0.398      0.059      6.742      0.000
    Y                  0.746      0.075      9.985      0.000


R-SQUARE

    Observed                                        Two-Tailed
    Variable        Estimate       S.E.  Est./S.E.    P-Value

    X1                 0.582      0.053     10.962      0.000
    X2                 0.636      0.048     13.360      0.000
    X3                 0.667      0.052     12.805      0.000
    M1                 0.613      0.057     10.731      0.000
    M2                 0.565      0.066      8.540      0.000
    M3                 0.597      0.059     10.141      0.000
    Y                  0.180      0.057      3.180      0.001


TECHNICAL 1 OUTPUT


     PARAMETER SPECIFICATION


           NU
              X1            X2            X3            M1            M2
              ________      ________      ________      ________      ________
                    1             2             3             4             5


           NU
              M3            Y
              ________      ________
                    6             0


           LAMBDA
              ETA1          ETA2          ETA3          Y
              ________      ________      ________      ________
 X1                 0             0             0             0
 X2                 7             0             0             0
 X3                 8             0             0             0
 M1                 0             0             0             0
 M2                 0             9             0             0
 M3                 0            10             0             0
 Y                  0             0             0             0


           THETA
              X1            X2            X3            M1            M2
              ________      ________      ________      ________      ________
 X1                11
 X2                 0            12
 X3                 0             0            13
 M1                 0             0             0            14
 M2                 0             0             0             0            15
 M3                 0             0             0             0             0
 Y                  0             0             0             0             0


           THETA
              M3            Y
              ________      ________
 M3                16
 Y                  0             0


           ALPHA
              ETA1          ETA2          ETA3          Y
              ________      ________      ________      ________
                    0             0             0            17


           BETA
              ETA1          ETA2          ETA3          Y
              ________      ________      ________      ________
 ETA1               0             0             0             0
 ETA2               0             0             0             0
 ETA3               0             0             0             0
 Y                 18            19            20             0


           PSI
              ETA1          ETA2          ETA3          Y
              ________      ________      ________      ________
 ETA1              21
 ETA2              22            23
 ETA3               0             0             0
 Y                  0             0             0            24


     STARTING VALUES


           NU
              X1            X2            X3            M1            M2
              ________      ________      ________      ________      ________
               -0.108         0.022        -0.020        -0.016        -0.071


           NU
              M3            Y
              ________      ________
               -0.084         0.000


           LAMBDA
              ETA1          ETA2          ETA3          Y
              ________      ________      ________      ________
 X1             1.000         0.000         0.000         0.000
 X2             1.000         0.000         0.000         0.000
 X3             1.000         0.000         0.000         0.000
 M1             0.000         1.000         0.000         0.000
 M2             0.000         1.000         0.000         0.000
 M3             0.000         1.000         0.000         0.000
 Y              0.000         0.000         0.000         1.000


           THETA
              X1            X2            X3            M1            M2
              ________      ________      ________      ________      ________
 X1             0.896
 X2             0.000         0.717
 X3             0.000         0.000         0.555
 M1             0.000         0.000         0.000         0.883
 M2             0.000         0.000         0.000         0.000         0.702
 M3             0.000         0.000         0.000         0.000         0.000
 Y              0.000         0.000         0.000         0.000         0.000


           THETA
              M3            Y
              ________      ________
 M3             0.494
 Y              0.000         0.000


           ALPHA
              ETA1          ETA2          ETA3          Y
              ________      ________      ________      ________
                0.000         0.000         0.000        -0.107


           BETA
              ETA1          ETA2          ETA3          Y
              ________      ________      ________      ________
 ETA1           0.000         0.000         0.000         0.000
 ETA2           0.000         0.000         0.000         0.000
 ETA3           0.000         0.000         0.000         0.000
 Y              0.000         0.000         0.000         0.000


           PSI
              ETA1          ETA2          ETA3          Y
              ________      ________      ________      ________
 ETA1           0.050
 ETA2           0.000         0.050
 ETA3           0.000         0.000         0.000
 Y              0.000         0.000         0.000         0.454


TECHNICAL 4 OUTPUT


     ESTIMATES DERIVED FROM THE MODEL


           ESTIMATED MEANS FOR THE LATENT VARIABLES
              ETA1          ETA2          ETA3          Y
              ________      ________      ________      ________
                0.000         0.000        -0.005        -0.107


           S.E. FOR ESTIMATED MEANS FOR THE LATENT VARIABLES
              ETA1          ETA2          ETA3          Y
              ________      ________      ________      ________
                0.000         0.000         0.088         0.060


           EST./S.E. FOR ESTIMATED MEANS FOR THE LATENT VARIABLES
              ETA1          ETA2          ETA3          Y
              ________      ________      ________      ________
                0.000         0.000        -0.058        -1.771


           TWO-TAILED P-VALUE FOR ESTIMATED MEANS FOR THE LATENT VARIABLES
              ETA1          ETA2          ETA3          Y
              ________      ________      ________      ________
                1.000         1.000         0.954         0.077


           ESTIMATED COVARIANCE MATRIX FOR THE LATENT VARIABLES
              ETA1          ETA2          ETA3          Y
              ________      ________      ________      ________
 ETA1           1.040
 ETA2          -0.005         1.081
 ETA3           0.000         0.000         1.124
 Y              0.264         0.227         0.235         0.910


           S.E. FOR ESTIMATED COVARIANCE MATRIX FOR THE LATENT VARIABLES
              ETA1          ETA2          ETA3          Y
              ________      ________      ________      ________
 ETA1           0.154
 ETA2           0.088         0.160
 ETA3           0.000         0.000         0.235
 Y              0.072         0.073         0.070         0.095


           EST./S.E. FOR ESTIMATED COVARIANCE MATRIX FOR THE LATENT VARIABLES
              ETA1          ETA2          ETA3          Y
              ________      ________      ________      ________
 ETA1           6.771
 ETA2          -0.058         6.738
 ETA3           0.000         0.000         4.787
 Y              3.661         3.125         3.341         9.605


           TWO-TAILED P-VALUE FOR ESTIMATED COVARIANCE MATRIX FOR THE LATENT VARIABLES
              ETA1          ETA2          ETA3          Y
              ________      ________      ________      ________
 ETA1           0.000
 ETA2           0.954         0.000
 ETA3           1.000         1.000         0.000
 Y              0.000         0.002         0.001         0.000


           ESTIMATED CORRELATION MATRIX FOR THE LATENT VARIABLES
              ETA1          ETA2          ETA3          Y
              ________      ________      ________      ________
 ETA1           1.000
 ETA2          -0.005         1.000
 ETA3           0.000         0.000         1.000
 Y              0.271         0.229         0.232         1.000


           S.E. FOR ESTIMATED CORRELATION MATRIX FOR THE LATENT VARIABLES
              ETA1          ETA2          ETA3          Y
              ________      ________      ________      ________
 ETA1           0.000
 ETA2           0.083         0.000
 ETA3           0.000         0.000         0.000
 Y              0.065         0.066         0.059         0.000


           EST./S.E. FOR ESTIMATED CORRELATION MATRIX FOR THE LATENT VARIABLES
              ETA1          ETA2          ETA3          Y
              ________      ________      ________      ________
 ETA1         999.000
 ETA2          -0.058       999.000
 ETA3           0.000         0.000       999.000
 Y              4.150         3.472         3.936       999.000


           TWO-TAILED P-VALUE FOR ESTIMATED CORRELATION MATRIX FOR THE LATENT VARIABLES
              ETA1          ETA2          ETA3          Y
              ________      ________      ________      ________
 ETA1           0.000
 ETA2           0.954         0.000
 ETA3           1.000         1.000         0.000
 Y              0.000         0.001         0.000         0.000


     Beginning Time:  23:28:21
        Ending Time:  23:28:58
       Elapsed Time:  00:00:37



MUTHEN & MUTHEN
3463 Stoner Ave.
Los Angeles, CA  90066

Tel: (310) 391-9971
Fax: (310) 391-8971
Web: www.StatModel.com
Support: Support@StatModel.com

Copyright (c) 1998-2022 Muthen & Muthen
