Mplus VERSION 8.8 (Mac)
MUTHEN & MUTHEN
08/20/2024  10:34 PM

INPUT INSTRUCTIONS

  TITLE: Data Analysis for SEM with Latent Interaction

  DATA:
    FILE = /Users/jimmy_z/desktop/Temp_Data/temp_data_218.dat;
    FORMAT = FREE;

  VARIABLE:
    NAMES ARE x1 x2 x3 m1 m2 m3 y;
    USEVARIABLES ARE x1 x2 x3 m1 m2 m3 y;

  ANALYSIS:
    TYPE = RANDOM;
    ESTIMATOR = MLR;
    ALGORITHM = INTEGRATION;
    INTEGRATION = MONTECARLO;

  MODEL:
    eta1 BY x1 x2 x3;
    eta2 BY m1 m2 m3;
    eta3 | eta1 XWITH eta2;
    y ON eta1 eta2 eta3;

  OUTPUT:
    STANDARDIZED;
    TECH1;
    TECH4;





INPUT READING TERMINATED NORMALLY



Data Analysis for SEM with Latent Interaction

SUMMARY OF ANALYSIS

Number of groups                                                 1
Number of observations                                         250

Number of dependent variables                                    7
Number of independent variables                                  0
Number of continuous latent variables                            3

Observed dependent variables

  Continuous
   X1          X2          X3          M1          M2          M3
   Y

Continuous latent variables
   ETA1        ETA2        ETA3


Estimator                                                      MLR
Information matrix                                        OBSERVED
Optimization Specifications for the Quasi-Newton Algorithm for
Continuous Outcomes
  Maximum number of iterations                                 100
  Convergence criterion                                  0.100D-05
Optimization Specifications for the EM Algorithm
  Maximum number of iterations                                 500
  Convergence criteria
    Loglikelihood change                                 0.100D-02
    Relative loglikelihood change                        0.100D-05
    Derivative                                           0.100D-02
Optimization Specifications for the M step of the EM Algorithm for
Categorical Latent variables
  Number of M step iterations                                    1
  M step convergence criterion                           0.100D-02
  Basis for M step termination                           ITERATION
Optimization Specifications for the M step of the EM Algorithm for
Censored, Binary or Ordered Categorical (Ordinal), Unordered
Categorical (Nominal) and Count Outcomes
  Number of M step iterations                                    1
  M step convergence criterion                           0.100D-02
  Basis for M step termination                           ITERATION
  Maximum value for logit thresholds                            15
  Minimum value for logit thresholds                           -15
  Minimum expected cell size for chi-square              0.100D-01
Optimization algorithm                                         EMA
Integration Specifications
  Type                                                  MONTECARLO
  Number of integration points                                2000
  Dimensions of numerical integration                            2
  Adaptive quadrature                                           ON
  Monte Carlo integration seed                                   0
Cholesky                                                       OFF

Input data file(s)
  /Users/jimmy_z/desktop/Temp_Data/temp_data_218.dat
Input data format  FREE



UNIVARIATE SAMPLE STATISTICS


     UNIVARIATE HIGHER-ORDER MOMENT DESCRIPTIVE STATISTICS

         Variable/         Mean/     Skewness/   Minimum/ % with                Percentiles
        Sample Size      Variance    Kurtosis    Maximum  Min/Max      20%/60%    40%/80%    Median

     X1                    0.185       0.084      -3.187    0.40%      -1.206     -0.191      0.205
             250.000       2.268      -0.444       4.417    0.40%       0.552      1.561
     X2                    0.101      -0.074      -3.362    0.40%      -1.048     -0.233      0.153
             250.000       1.608      -0.514       3.132    0.40%       0.461      1.243
     X3                    0.008       0.052      -2.396    0.40%      -0.821     -0.308     -0.013
             250.000       0.988      -0.246       2.747    0.40%       0.306      0.839
     M1                    0.320       0.155      -3.770    0.40%      -1.026     -0.007      0.311
             250.000       2.219       0.276       5.849    0.40%       0.685      1.516
     M2                    0.214       0.199      -3.190    0.40%      -0.861     -0.240      0.083
             250.000       1.671      -0.118       3.650    0.40%       0.531      1.262
     M3                    0.142       0.253      -1.993    0.40%      -0.757     -0.202      0.099
             250.000       1.078      -0.103       3.803    0.40%       0.414      1.027
     Y                     0.100       0.194      -2.784    0.40%      -0.727     -0.175      0.116
             250.000       1.093       0.478       3.731    0.40%       0.314      0.941


THE MODEL ESTIMATION TERMINATED NORMALLY



MODEL FIT INFORMATION

Number of Free Parameters                       24

Loglikelihood

          H0 Value                       -2668.004
          H0 Scaling Correction Factor      0.9702
            for MLR

Information Criteria

          Akaike (AIC)                    5384.008
          Bayesian (BIC)                  5468.523
          Sample-Size Adjusted BIC        5392.441
            (n* = (n + 2) / 24)



MODEL RESULTS

                                                    Two-Tailed
                    Estimate       S.E.  Est./S.E.    P-Value

 ETA1     BY
    X1                 1.000      0.000    999.000    999.000
    X2                 0.729      0.122      5.981      0.000
    X3                 0.610      0.104      5.851      0.000

 ETA2     BY
    M1                 1.000      0.000    999.000    999.000
    M2                 0.901      0.125      7.217      0.000
    M3                 0.558      0.078      7.130      0.000

 Y          ON
    ETA1               0.360      0.071      5.047      0.000
    ETA2               0.341      0.075      4.569      0.000
    ETA3               0.289      0.083      3.477      0.001

 ETA2     WITH
    ETA1               0.112      0.093      1.206      0.228

 Intercepts
    X1                 0.184      0.095      1.932      0.053
    X2                 0.101      0.080      1.254      0.210
    X3                 0.008      0.063      0.124      0.901
    M1                 0.320      0.094      3.395      0.001
    M2                 0.214      0.082      2.617      0.009
    M3                 0.142      0.066      2.164      0.030
    Y                  0.067      0.066      1.020      0.308

 Variances
    ETA1               1.085      0.229      4.727      0.000
    ETA2               1.077      0.201      5.349      0.000

 Residual Variances
    X1                 1.183      0.187      6.340      0.000
    X2                 1.032      0.121      8.514      0.000
    X3                 0.585      0.079      7.357      0.000
    M1                 1.138      0.159      7.160      0.000
    M2                 0.797      0.129      6.181      0.000
    M3                 0.743      0.086      8.634      0.000
    Y                  0.703      0.075      9.316      0.000


QUALITY OF NUMERICAL RESULTS

     Condition Number for the Information Matrix              0.147E-02
       (ratio of smallest to largest eigenvalue)


STANDARDIZED MODEL RESULTS


STDYX Standardization

                                                    Two-Tailed
                    Estimate       S.E.  Est./S.E.    P-Value

 ETA1     BY
    X1                 0.692      0.061     11.395      0.000
    X2                 0.599      0.060      9.921      0.000
    X3                 0.639      0.063     10.068      0.000

 ETA2     BY
    M1                 0.697      0.048     14.421      0.000
    M2                 0.723      0.053     13.642      0.000
    M3                 0.557      0.058      9.571      0.000

 Y          ON
    ETA1               0.358      0.068      5.265      0.000
    ETA2               0.338      0.065      5.205      0.000
    ETA3               0.298      0.080      3.728      0.000

 ETA2     WITH
    ETA1               0.104      0.084      1.243      0.214

 Intercepts
    X1                 0.122      0.063      1.935      0.053
    X2                 0.079      0.064      1.249      0.212
    X3                 0.008      0.063      0.124      0.901
    M1                 0.215      0.063      3.411      0.001
    M2                 0.165      0.063      2.643      0.008
    M3                 0.137      0.062      2.192      0.028
    Y                  0.064      0.063      1.019      0.308

 Variances
    ETA1               1.000      0.000    999.000    999.000
    ETA2               1.000      0.000    999.000    999.000

 Residual Variances
    X1                 0.522      0.084      6.215      0.000
    X2                 0.642      0.072      8.878      0.000
    X3                 0.592      0.081      7.302      0.000
    M1                 0.514      0.067      7.623      0.000
    M2                 0.477      0.077      6.227      0.000
    M3                 0.690      0.065     10.628      0.000
    Y                  0.642      0.070      9.234      0.000


STDY Standardization

                                                    Two-Tailed
                    Estimate       S.E.  Est./S.E.    P-Value

 ETA1     BY
    X1                 0.692      0.061     11.395      0.000
    X2                 0.599      0.060      9.921      0.000
    X3                 0.639      0.063     10.068      0.000

 ETA2     BY
    M1                 0.697      0.048     14.421      0.000
    M2                 0.723      0.053     13.642      0.000
    M3                 0.557      0.058      9.571      0.000

 Y          ON
    ETA1               0.358      0.068      5.265      0.000
    ETA2               0.338      0.065      5.205      0.000
    ETA3               0.298      0.080      3.728      0.000

 ETA2     WITH
    ETA1               0.104      0.084      1.243      0.214

 Intercepts
    X1                 0.122      0.063      1.935      0.053
    X2                 0.079      0.064      1.249      0.212
    X3                 0.008      0.063      0.124      0.901
    M1                 0.215      0.063      3.411      0.001
    M2                 0.165      0.063      2.643      0.008
    M3                 0.137      0.062      2.192      0.028
    Y                  0.064      0.063      1.019      0.308

 Variances
    ETA1               1.000      0.000    999.000    999.000
    ETA2               1.000      0.000    999.000    999.000

 Residual Variances
    X1                 0.522      0.084      6.215      0.000
    X2                 0.642      0.072      8.878      0.000
    X3                 0.592      0.081      7.302      0.000
    M1                 0.514      0.067      7.623      0.000
    M2                 0.477      0.077      6.227      0.000
    M3                 0.690      0.065     10.628      0.000
    Y                  0.642      0.070      9.234      0.000


STD Standardization

                                                    Two-Tailed
                    Estimate       S.E.  Est./S.E.    P-Value

 ETA1     BY
    X1                 1.041      0.110      9.454      0.000
    X2                 0.759      0.089      8.510      0.000
    X3                 0.635      0.076      8.373      0.000

 ETA2     BY
    M1                 1.038      0.097     10.698      0.000
    M2                 0.935      0.088     10.609      0.000
    M3                 0.579      0.070      8.307      0.000

 Y          ON
    ETA1               0.375      0.076      4.957      0.000
    ETA2               0.354      0.073      4.850      0.000
    ETA3               0.312      0.089      3.513      0.000

 ETA2     WITH
    ETA1               0.104      0.084      1.243      0.214

 Intercepts
    X1                 0.184      0.095      1.932      0.053
    X2                 0.101      0.080      1.254      0.210
    X3                 0.008      0.063      0.124      0.901
    M1                 0.320      0.094      3.395      0.001
    M2                 0.214      0.082      2.617      0.009
    M3                 0.142      0.066      2.164      0.030
    Y                  0.067      0.066      1.020      0.308

 Variances
    ETA1               1.000      0.000    999.000    999.000
    ETA2               1.000      0.000    999.000    999.000

 Residual Variances
    X1                 1.183      0.187      6.340      0.000
    X2                 1.032      0.121      8.514      0.000
    X3                 0.585      0.079      7.357      0.000
    M1                 1.138      0.159      7.160      0.000
    M2                 0.797      0.129      6.181      0.000
    M3                 0.743      0.086      8.634      0.000
    Y                  0.703      0.075      9.316      0.000


R-SQUARE

    Observed                                        Two-Tailed
    Variable        Estimate       S.E.  Est./S.E.    P-Value

    X1                 0.478      0.084      5.697      0.000
    X2                 0.358      0.072      4.961      0.000
    X3                 0.408      0.081      5.034      0.000
    M1                 0.486      0.067      7.210      0.000
    M2                 0.523      0.077      6.821      0.000
    M3                 0.310      0.065      4.785      0.000
    Y                  0.358      0.070      5.144      0.000


TECHNICAL 1 OUTPUT


     PARAMETER SPECIFICATION


           NU
              X1            X2            X3            M1            M2
              ________      ________      ________      ________      ________
                    1             2             3             4             5


           NU
              M3            Y
              ________      ________
                    6             0


           LAMBDA
              ETA1          ETA2          ETA3          Y
              ________      ________      ________      ________
 X1                 0             0             0             0
 X2                 7             0             0             0
 X3                 8             0             0             0
 M1                 0             0             0             0
 M2                 0             9             0             0
 M3                 0            10             0             0
 Y                  0             0             0             0


           THETA
              X1            X2            X3            M1            M2
              ________      ________      ________      ________      ________
 X1                11
 X2                 0            12
 X3                 0             0            13
 M1                 0             0             0            14
 M2                 0             0             0             0            15
 M3                 0             0             0             0             0
 Y                  0             0             0             0             0


           THETA
              M3            Y
              ________      ________
 M3                16
 Y                  0             0


           ALPHA
              ETA1          ETA2          ETA3          Y
              ________      ________      ________      ________
                    0             0             0            17


           BETA
              ETA1          ETA2          ETA3          Y
              ________      ________      ________      ________
 ETA1               0             0             0             0
 ETA2               0             0             0             0
 ETA3               0             0             0             0
 Y                 18            19            20             0


           PSI
              ETA1          ETA2          ETA3          Y
              ________      ________      ________      ________
 ETA1              21
 ETA2              22            23
 ETA3               0             0             0
 Y                  0             0             0            24


     STARTING VALUES


           NU
              X1            X2            X3            M1            M2
              ________      ________      ________      ________      ________
                0.185         0.101         0.008         0.320         0.214


           NU
              M3            Y
              ________      ________
                0.142         0.000


           LAMBDA
              ETA1          ETA2          ETA3          Y
              ________      ________      ________      ________
 X1             1.000         0.000         0.000         0.000
 X2             1.000         0.000         0.000         0.000
 X3             1.000         0.000         0.000         0.000
 M1             0.000         1.000         0.000         0.000
 M2             0.000         1.000         0.000         0.000
 M3             0.000         1.000         0.000         0.000
 Y              0.000         0.000         0.000         1.000


           THETA
              X1            X2            X3            M1            M2
              ________      ________      ________      ________      ________
 X1             1.134
 X2             0.000         0.804
 X3             0.000         0.000         0.494
 M1             0.000         0.000         0.000         1.109
 M2             0.000         0.000         0.000         0.000         0.835
 M3             0.000         0.000         0.000         0.000         0.000
 Y              0.000         0.000         0.000         0.000         0.000


           THETA
              M3            Y
              ________      ________
 M3             0.539
 Y              0.000         0.000


           ALPHA
              ETA1          ETA2          ETA3          Y
              ________      ________      ________      ________
                0.000         0.000         0.000         0.100


           BETA
              ETA1          ETA2          ETA3          Y
              ________      ________      ________      ________
 ETA1           0.000         0.000         0.000         0.000
 ETA2           0.000         0.000         0.000         0.000
 ETA3           0.000         0.000         0.000         0.000
 Y              0.000         0.000         0.000         0.000


           PSI
              ETA1          ETA2          ETA3          Y
              ________      ________      ________      ________
 ETA1           0.050
 ETA2           0.000         0.050
 ETA3           0.000         0.000         0.000
 Y              0.000         0.000         0.000         0.547


TECHNICAL 4 OUTPUT


     ESTIMATES DERIVED FROM THE MODEL


           ESTIMATED MEANS FOR THE LATENT VARIABLES
              ETA1          ETA2          ETA3          Y
              ________      ________      ________      ________
                0.000         0.000         0.112         0.100


           S.E. FOR ESTIMATED MEANS FOR THE LATENT VARIABLES
              ETA1          ETA2          ETA3          Y
              ________      ________      ________      ________
                0.000         0.000         0.093         0.066


           EST./S.E. FOR ESTIMATED MEANS FOR THE LATENT VARIABLES
              ETA1          ETA2          ETA3          Y
              ________      ________      ________      ________
                0.000         0.000         1.206         1.508


           TWO-TAILED P-VALUE FOR ESTIMATED MEANS FOR THE LATENT VARIABLES
              ETA1          ETA2          ETA3          Y
              ________      ________      ________      ________
                1.000         1.000         0.228         0.131


           ESTIMATED COVARIANCE MATRIX FOR THE LATENT VARIABLES
              ETA1          ETA2          ETA3          Y
              ________      ________      ________      ________
 ETA1           1.085
 ETA2           0.112         1.077
 ETA3           0.000         0.000         1.180
 Y              0.428         0.407         0.341         1.094


           S.E. FOR ESTIMATED COVARIANCE MATRIX FOR THE LATENT VARIABLES
              ETA1          ETA2          ETA3          Y
              ________      ________      ________      ________
 ETA1           0.229
 ETA2           0.093         0.201
 ETA3           0.000         0.000         0.329
 Y              0.109         0.086         0.117         0.106


           EST./S.E. FOR ESTIMATED COVARIANCE MATRIX FOR THE LATENT VARIABLES
              ETA1          ETA2          ETA3          Y
              ________      ________      ________      ________
 ETA1           4.727
 ETA2           1.206         5.349
 ETA3           0.000         0.000         3.593
 Y              3.938         4.734         2.904        10.334


           TWO-TAILED P-VALUE FOR ESTIMATED COVARIANCE MATRIX FOR THE LATENT VARIABLES
              ETA1          ETA2          ETA3          Y
              ________      ________      ________      ________
 ETA1           0.000
 ETA2           0.228         0.000
 ETA3           1.000         1.000         0.000
 Y              0.000         0.000         0.004         0.000


           ESTIMATED CORRELATION MATRIX FOR THE LATENT VARIABLES
              ETA1          ETA2          ETA3          Y
              ________      ________      ________      ________
 ETA1           1.000
 ETA2           0.104         1.000
 ETA3           0.000         0.000         1.000
 Y              0.393         0.375         0.300         1.000


           S.E. FOR ESTIMATED CORRELATION MATRIX FOR THE LATENT VARIABLES
              ETA1          ETA2          ETA3          Y
              ________      ________      ________      ________
 ETA1           0.000
 ETA2           0.084         0.000
 ETA3           0.000         0.000         0.000
 Y              0.072         0.062         0.080         0.000


           EST./S.E. FOR ESTIMATED CORRELATION MATRIX FOR THE LATENT VARIABLES
              ETA1          ETA2          ETA3          Y
              ________      ________      ________      ________
 ETA1         999.000
 ETA2           1.243       999.000
 ETA3           0.000         0.000       999.000
 Y              5.476         6.059         3.726       999.000


           TWO-TAILED P-VALUE FOR ESTIMATED CORRELATION MATRIX FOR THE LATENT VARIABLES
              ETA1          ETA2          ETA3          Y
              ________      ________      ________      ________
 ETA1           0.000
 ETA2           0.214         0.000
 ETA3           1.000         1.000         0.000
 Y              0.000         0.000         0.000         0.000


     Beginning Time:  22:34:50
        Ending Time:  22:35:58
       Elapsed Time:  00:01:08



MUTHEN & MUTHEN
3463 Stoner Ave.
Los Angeles, CA  90066

Tel: (310) 391-9971
Fax: (310) 391-8971
Web: www.StatModel.com
Support: Support@StatModel.com

Copyright (c) 1998-2022 Muthen & Muthen
