Mplus VERSION 8.8 (Mac)
MUTHEN & MUTHEN
08/20/2024  11:30 PM

INPUT INSTRUCTIONS

  TITLE: Data Analysis for SEM with Latent Interaction

  DATA:
    FILE = /Users/jimmy_z/desktop/Temp_Data/temp_data_35.dat;
    FORMAT = FREE;

  VARIABLE:
    NAMES ARE x1 x2 x3 m1 m2 m3 y;
    USEVARIABLES ARE x1 x2 x3 m1 m2 m3 y;

  ANALYSIS:
    TYPE = RANDOM;
    ESTIMATOR = MLR;
    ALGORITHM = INTEGRATION;
    INTEGRATION = MONTECARLO;

  MODEL:
    eta1 BY x1 x2 x3;
    eta2 BY m1 m2 m3;
    eta3 | eta1 XWITH eta2;
    y ON eta1 eta2 eta3;

  OUTPUT:
    STANDARDIZED;
    TECH1;
    TECH4;





INPUT READING TERMINATED NORMALLY



Data Analysis for SEM with Latent Interaction

SUMMARY OF ANALYSIS

Number of groups                                                 1
Number of observations                                         250

Number of dependent variables                                    7
Number of independent variables                                  0
Number of continuous latent variables                            3

Observed dependent variables

  Continuous
   X1          X2          X3          M1          M2          M3
   Y

Continuous latent variables
   ETA1        ETA2        ETA3


Estimator                                                      MLR
Information matrix                                        OBSERVED
Optimization Specifications for the Quasi-Newton Algorithm for
Continuous Outcomes
  Maximum number of iterations                                 100
  Convergence criterion                                  0.100D-05
Optimization Specifications for the EM Algorithm
  Maximum number of iterations                                 500
  Convergence criteria
    Loglikelihood change                                 0.100D-02
    Relative loglikelihood change                        0.100D-05
    Derivative                                           0.100D-02
Optimization Specifications for the M step of the EM Algorithm for
Categorical Latent variables
  Number of M step iterations                                    1
  M step convergence criterion                           0.100D-02
  Basis for M step termination                           ITERATION
Optimization Specifications for the M step of the EM Algorithm for
Censored, Binary or Ordered Categorical (Ordinal), Unordered
Categorical (Nominal) and Count Outcomes
  Number of M step iterations                                    1
  M step convergence criterion                           0.100D-02
  Basis for M step termination                           ITERATION
  Maximum value for logit thresholds                            15
  Minimum value for logit thresholds                           -15
  Minimum expected cell size for chi-square              0.100D-01
Optimization algorithm                                         EMA
Integration Specifications
  Type                                                  MONTECARLO
  Number of integration points                                2000
  Dimensions of numerical integration                            2
  Adaptive quadrature                                           ON
  Monte Carlo integration seed                                   0
Cholesky                                                       OFF

Input data file(s)
  /Users/jimmy_z/desktop/Temp_Data/temp_data_35.dat
Input data format  FREE



UNIVARIATE SAMPLE STATISTICS


     UNIVARIATE HIGHER-ORDER MOMENT DESCRIPTIVE STATISTICS

         Variable/         Mean/     Skewness/   Minimum/ % with                Percentiles
        Sample Size      Variance    Kurtosis    Maximum  Min/Max      20%/60%    40%/80%    Median

     X1                    0.028      -0.002      -3.498    0.40%      -1.103     -0.325      0.096
             250.000       1.676      -0.104       4.279    0.40%       0.394      1.162
     X2                    0.028      -0.012      -3.588    0.40%      -0.984     -0.373     -0.004
             250.000       1.354      -0.317       3.219    0.40%       0.380      0.993
     X3                   -0.030       0.032      -2.593    0.40%      -0.867     -0.354     -0.026
             250.000       1.010      -0.244       2.860    0.40%       0.240      0.827
     M1                   -0.136       0.023      -4.102    0.40%      -1.373     -0.585     -0.138
             250.000       1.807      -0.555       3.142    0.40%       0.320      1.065
     M2                   -0.115      -0.096      -3.281    0.40%      -1.094     -0.374     -0.104
             250.000       1.411      -0.081       2.967    0.40%       0.126      0.902
     M3                    0.032      -0.050      -2.568    0.40%      -0.827     -0.169      0.073
             250.000       0.912       0.168       3.108    0.40%       0.281      0.729
     Y                     0.084       0.077      -3.245    0.40%      -0.814     -0.159      0.086
             250.000       1.081       0.569       3.454    0.40%       0.303      0.963


THE MODEL ESTIMATION TERMINATED NORMALLY



MODEL FIT INFORMATION

Number of Free Parameters                       24

Loglikelihood

          H0 Value                       -2434.804
          H0 Scaling Correction Factor      1.0150
            for MLR

Information Criteria

          Akaike (AIC)                    4917.609
          Bayesian (BIC)                  5002.124
          Sample-Size Adjusted BIC        4926.042
            (n* = (n + 2) / 24)



MODEL RESULTS

                                                    Two-Tailed
                    Estimate       S.E.  Est./S.E.    P-Value

 ETA1     BY
    X1                 1.000      0.000    999.000    999.000
    X2                 0.784      0.076     10.263      0.000
    X3                 0.768      0.072     10.614      0.000

 ETA2     BY
    M1                 1.000      0.000    999.000    999.000
    M2                 0.827      0.080     10.307      0.000
    M3                 0.690      0.070      9.900      0.000

 Y          ON
    ETA1               0.245      0.073      3.363      0.001
    ETA2               0.365      0.070      5.225      0.000
    ETA3               0.239      0.093      2.564      0.010

 ETA2     WITH
    ETA1              -0.102      0.096     -1.064      0.287

 Intercepts
    X1                 0.028      0.082      0.338      0.735
    X2                 0.028      0.074      0.374      0.708
    X3                -0.030      0.063     -0.474      0.636
    M1                -0.136      0.085     -1.600      0.110
    M2                -0.114      0.075     -1.522      0.128
    M3                 0.032      0.060      0.526      0.599
    Y                  0.108      0.064      1.692      0.091

 Variances
    ETA1               1.055      0.153      6.915      0.000
    ETA2               1.106      0.162      6.832      0.000

 Residual Variances
    X1                 0.616      0.086      7.167      0.000
    X2                 0.705      0.074      9.533      0.000
    X3                 0.387      0.058      6.641      0.000
    M1                 0.698      0.101      6.944      0.000
    M2                 0.654      0.084      7.810      0.000
    M3                 0.385      0.055      7.037      0.000
    Y                  0.798      0.079     10.123      0.000


QUALITY OF NUMERICAL RESULTS

     Condition Number for the Information Matrix              0.261E-01
       (ratio of smallest to largest eigenvalue)


STANDARDIZED MODEL RESULTS


STDYX Standardization

                                                    Two-Tailed
                    Estimate       S.E.  Est./S.E.    P-Value

 ETA1     BY
    X1                 0.795      0.034     23.042      0.000
    X2                 0.692      0.042     16.393      0.000
    X3                 0.785      0.036     21.538      0.000

 ETA2     BY
    M1                 0.783      0.039     20.308      0.000
    M2                 0.733      0.043     17.233      0.000
    M3                 0.760      0.041     18.534      0.000

 Y          ON
    ETA1               0.245      0.070      3.509      0.000
    ETA2               0.373      0.067      5.547      0.000
    ETA3               0.251      0.085      2.965      0.003

 ETA2     WITH
    ETA1              -0.094      0.086     -1.098      0.272

 Intercepts
    X1                 0.021      0.063      0.338      0.735
    X2                 0.024      0.063      0.374      0.708
    X3                -0.030      0.063     -0.473      0.636
    M1                -0.101      0.064     -1.595      0.111
    M2                -0.096      0.063     -1.526      0.127
    M3                 0.033      0.063      0.526      0.599
    Y                  0.105      0.062      1.702      0.089

 Variances
    ETA1               1.000      0.000    999.000    999.000
    ETA2               1.000      0.000    999.000    999.000

 Residual Variances
    X1                 0.368      0.055      6.722      0.000
    X2                 0.521      0.058      8.911      0.000
    X3                 0.384      0.057      6.703      0.000
    M1                 0.387      0.060      6.411      0.000
    M2                 0.463      0.062      7.439      0.000
    M3                 0.422      0.062      6.779      0.000
    Y                  0.754      0.065     11.644      0.000


STDY Standardization

                                                    Two-Tailed
                    Estimate       S.E.  Est./S.E.    P-Value

 ETA1     BY
    X1                 0.795      0.034     23.042      0.000
    X2                 0.692      0.042     16.393      0.000
    X3                 0.785      0.036     21.538      0.000

 ETA2     BY
    M1                 0.783      0.039     20.308      0.000
    M2                 0.733      0.043     17.233      0.000
    M3                 0.760      0.041     18.534      0.000

 Y          ON
    ETA1               0.245      0.070      3.509      0.000
    ETA2               0.373      0.067      5.547      0.000
    ETA3               0.251      0.085      2.965      0.003

 ETA2     WITH
    ETA1              -0.094      0.086     -1.098      0.272

 Intercepts
    X1                 0.021      0.063      0.338      0.735
    X2                 0.024      0.063      0.374      0.708
    X3                -0.030      0.063     -0.473      0.636
    M1                -0.101      0.064     -1.595      0.111
    M2                -0.096      0.063     -1.526      0.127
    M3                 0.033      0.063      0.526      0.599
    Y                  0.105      0.062      1.702      0.089

 Variances
    ETA1               1.000      0.000    999.000    999.000
    ETA2               1.000      0.000    999.000    999.000

 Residual Variances
    X1                 0.368      0.055      6.722      0.000
    X2                 0.521      0.058      8.911      0.000
    X3                 0.384      0.057      6.703      0.000
    M1                 0.387      0.060      6.411      0.000
    M2                 0.463      0.062      7.439      0.000
    M3                 0.422      0.062      6.779      0.000
    Y                  0.754      0.065     11.644      0.000


STD Standardization

                                                    Two-Tailed
                    Estimate       S.E.  Est./S.E.    P-Value

 ETA1     BY
    X1                 1.027      0.074     13.829      0.000
    X2                 0.806      0.071     11.424      0.000
    X3                 0.789      0.055     14.232      0.000

 ETA2     BY
    M1                 1.052      0.077     13.665      0.000
    M2                 0.870      0.074     11.704      0.000
    M3                 0.726      0.060     11.996      0.000

 Y          ON
    ETA1               0.252      0.076      3.317      0.001
    ETA2               0.384      0.074      5.209      0.000
    ETA3               0.258      0.092      2.818      0.005

 ETA2     WITH
    ETA1              -0.094      0.086     -1.098      0.272

 Intercepts
    X1                 0.028      0.082      0.338      0.735
    X2                 0.028      0.074      0.374      0.708
    X3                -0.030      0.063     -0.474      0.636
    M1                -0.136      0.085     -1.600      0.110
    M2                -0.114      0.075     -1.522      0.128
    M3                 0.032      0.060      0.526      0.599
    Y                  0.108      0.064      1.692      0.091

 Variances
    ETA1               1.000      0.000    999.000    999.000
    ETA2               1.000      0.000    999.000    999.000

 Residual Variances
    X1                 0.616      0.086      7.167      0.000
    X2                 0.705      0.074      9.533      0.000
    X3                 0.387      0.058      6.641      0.000
    M1                 0.698      0.101      6.944      0.000
    M2                 0.654      0.084      7.810      0.000
    M3                 0.385      0.055      7.037      0.000
    Y                  0.798      0.079     10.123      0.000


R-SQUARE

    Observed                                        Two-Tailed
    Variable        Estimate       S.E.  Est./S.E.    P-Value

    X1                 0.632      0.055     11.521      0.000
    X2                 0.479      0.058      8.197      0.000
    X3                 0.616      0.057     10.769      0.000
    M1                 0.613      0.060     10.154      0.000
    M2                 0.537      0.062      8.617      0.000
    M3                 0.578      0.062      9.267      0.000
    Y                  0.246      0.065      3.790      0.000


TECHNICAL 1 OUTPUT


     PARAMETER SPECIFICATION


           NU
              X1            X2            X3            M1            M2
              ________      ________      ________      ________      ________
                    1             2             3             4             5


           NU
              M3            Y
              ________      ________
                    6             0


           LAMBDA
              ETA1          ETA2          ETA3          Y
              ________      ________      ________      ________
 X1                 0             0             0             0
 X2                 7             0             0             0
 X3                 8             0             0             0
 M1                 0             0             0             0
 M2                 0             9             0             0
 M3                 0            10             0             0
 Y                  0             0             0             0


           THETA
              X1            X2            X3            M1            M2
              ________      ________      ________      ________      ________
 X1                11
 X2                 0            12
 X3                 0             0            13
 M1                 0             0             0            14
 M2                 0             0             0             0            15
 M3                 0             0             0             0             0
 Y                  0             0             0             0             0


           THETA
              M3            Y
              ________      ________
 M3                16
 Y                  0             0


           ALPHA
              ETA1          ETA2          ETA3          Y
              ________      ________      ________      ________
                    0             0             0            17


           BETA
              ETA1          ETA2          ETA3          Y
              ________      ________      ________      ________
 ETA1               0             0             0             0
 ETA2               0             0             0             0
 ETA3               0             0             0             0
 Y                 18            19            20             0


           PSI
              ETA1          ETA2          ETA3          Y
              ________      ________      ________      ________
 ETA1              21
 ETA2              22            23
 ETA3               0             0             0
 Y                  0             0             0            24


     STARTING VALUES


           NU
              X1            X2            X3            M1            M2
              ________      ________      ________      ________      ________
                0.028         0.028        -0.030        -0.136        -0.115


           NU
              M3            Y
              ________      ________
                0.032         0.000


           LAMBDA
              ETA1          ETA2          ETA3          Y
              ________      ________      ________      ________
 X1             1.000         0.000         0.000         0.000
 X2             1.000         0.000         0.000         0.000
 X3             1.000         0.000         0.000         0.000
 M1             0.000         1.000         0.000         0.000
 M2             0.000         1.000         0.000         0.000
 M3             0.000         1.000         0.000         0.000
 Y              0.000         0.000         0.000         1.000


           THETA
              X1            X2            X3            M1            M2
              ________      ________      ________      ________      ________
 X1             0.838
 X2             0.000         0.677
 X3             0.000         0.000         0.505
 M1             0.000         0.000         0.000         0.904
 M2             0.000         0.000         0.000         0.000         0.705
 M3             0.000         0.000         0.000         0.000         0.000
 Y              0.000         0.000         0.000         0.000         0.000


           THETA
              M3            Y
              ________      ________
 M3             0.456
 Y              0.000         0.000


           ALPHA
              ETA1          ETA2          ETA3          Y
              ________      ________      ________      ________
                0.000         0.000         0.000         0.084


           BETA
              ETA1          ETA2          ETA3          Y
              ________      ________      ________      ________
 ETA1           0.000         0.000         0.000         0.000
 ETA2           0.000         0.000         0.000         0.000
 ETA3           0.000         0.000         0.000         0.000
 Y              0.000         0.000         0.000         0.000


           PSI
              ETA1          ETA2          ETA3          Y
              ________      ________      ________      ________
 ETA1           0.050
 ETA2           0.000         0.050
 ETA3           0.000         0.000         0.000
 Y              0.000         0.000         0.000         0.541


TECHNICAL 4 OUTPUT


     ESTIMATES DERIVED FROM THE MODEL


           ESTIMATED MEANS FOR THE LATENT VARIABLES
              ETA1          ETA2          ETA3          Y
              ________      ________      ________      ________
                0.000         0.000        -0.102         0.084


           S.E. FOR ESTIMATED MEANS FOR THE LATENT VARIABLES
              ETA1          ETA2          ETA3          Y
              ________      ________      ________      ________
                0.000         0.000         0.096         0.066


           EST./S.E. FOR ESTIMATED MEANS FOR THE LATENT VARIABLES
              ETA1          ETA2          ETA3          Y
              ________      ________      ________      ________
                0.000         0.000        -1.064         1.276


           TWO-TAILED P-VALUE FOR ESTIMATED MEANS FOR THE LATENT VARIABLES
              ETA1          ETA2          ETA3          Y
              ________      ________      ________      ________
                1.000         1.000         0.287         0.202


           ESTIMATED COVARIANCE MATRIX FOR THE LATENT VARIABLES
              ETA1          ETA2          ETA3          Y
              ________      ________      ________      ________
 ETA1           1.055
 ETA2          -0.102         1.106
 ETA3           0.000         0.000         1.177
 Y              0.221         0.379         0.281         1.058


           S.E. FOR ESTIMATED COVARIANCE MATRIX FOR THE LATENT VARIABLES
              ETA1          ETA2          ETA3          Y
              ________      ________      ________      ________
 ETA1           0.153
 ETA2           0.096         0.162
 ETA3           0.000         0.000         0.258
 Y              0.083         0.089         0.099         0.101


           EST./S.E. FOR ESTIMATED COVARIANCE MATRIX FOR THE LATENT VARIABLES
              ETA1          ETA2          ETA3          Y
              ________      ________      ________      ________
 ETA1           6.915
 ETA2          -1.064         6.832
 ETA3           0.000         0.000         4.561
 Y              2.653         4.262         2.831        10.436


           TWO-TAILED P-VALUE FOR ESTIMATED COVARIANCE MATRIX FOR THE LATENT VARIABLES
              ETA1          ETA2          ETA3          Y
              ________      ________      ________      ________
 ETA1           0.000
 ETA2           0.287         0.000
 ETA3           1.000         1.000         0.000
 Y              0.008         0.000         0.005         0.000


           ESTIMATED CORRELATION MATRIX FOR THE LATENT VARIABLES
              ETA1          ETA2          ETA3          Y
              ________      ________      ________      ________
 ETA1           1.000
 ETA2          -0.094         1.000
 ETA3           0.000         0.000         1.000
 Y              0.210         0.350         0.252         1.000


           S.E. FOR ESTIMATED CORRELATION MATRIX FOR THE LATENT VARIABLES
              ETA1          ETA2          ETA3          Y
              ________      ________      ________      ________
 ETA1           0.000
 ETA2           0.086         0.000
 ETA3           0.000         0.000         0.000
 Y              0.072         0.072         0.085         0.000


           EST./S.E. FOR ESTIMATED CORRELATION MATRIX FOR THE LATENT VARIABLES
              ETA1          ETA2          ETA3          Y
              ________      ________      ________      ________
 ETA1         999.000
 ETA2          -1.098       999.000
 ETA3           0.000         0.000       999.000
 Y              2.911         4.864         2.958       999.000


           TWO-TAILED P-VALUE FOR ESTIMATED CORRELATION MATRIX FOR THE LATENT VARIABLES
              ETA1          ETA2          ETA3          Y
              ________      ________      ________      ________
 ETA1           0.000
 ETA2           0.272         0.000
 ETA3           1.000         1.000         0.000
 Y              0.004         0.000         0.003         0.000


     Beginning Time:  23:30:29
        Ending Time:  23:31:11
       Elapsed Time:  00:00:42



MUTHEN & MUTHEN
3463 Stoner Ave.
Los Angeles, CA  90066

Tel: (310) 391-9971
Fax: (310) 391-8971
Web: www.StatModel.com
Support: Support@StatModel.com

Copyright (c) 1998-2022 Muthen & Muthen
