Mplus VERSION 8.8 (Mac)
MUTHEN & MUTHEN
08/20/2024  10:54 PM

INPUT INSTRUCTIONS

  TITLE: Data Analysis for SEM with Latent Interaction

  DATA:
    FILE = /Users/jimmy_z/desktop/Temp_Data/temp_data_335.dat;
    FORMAT = FREE;

  VARIABLE:
    NAMES ARE x1 x2 x3 m1 m2 m3 y;
    USEVARIABLES ARE x1 x2 x3 m1 m2 m3 y;

  ANALYSIS:
    TYPE = RANDOM;
    ESTIMATOR = MLR;
    ALGORITHM = INTEGRATION;
    INTEGRATION = MONTECARLO;

  MODEL:
    eta1 BY x1 x2 x3;
    eta2 BY m1 m2 m3;
    eta3 | eta1 XWITH eta2;
    y ON eta1 eta2 eta3;

  OUTPUT:
    STANDARDIZED;
    TECH1;
    TECH4;





INPUT READING TERMINATED NORMALLY



Data Analysis for SEM with Latent Interaction

SUMMARY OF ANALYSIS

Number of groups                                                 1
Number of observations                                         250

Number of dependent variables                                    7
Number of independent variables                                  0
Number of continuous latent variables                            3

Observed dependent variables

  Continuous
   X1          X2          X3          M1          M2          M3
   Y

Continuous latent variables
   ETA1        ETA2        ETA3


Estimator                                                      MLR
Information matrix                                        OBSERVED
Optimization Specifications for the Quasi-Newton Algorithm for
Continuous Outcomes
  Maximum number of iterations                                 100
  Convergence criterion                                  0.100D-05
Optimization Specifications for the EM Algorithm
  Maximum number of iterations                                 500
  Convergence criteria
    Loglikelihood change                                 0.100D-02
    Relative loglikelihood change                        0.100D-05
    Derivative                                           0.100D-02
Optimization Specifications for the M step of the EM Algorithm for
Categorical Latent variables
  Number of M step iterations                                    1
  M step convergence criterion                           0.100D-02
  Basis for M step termination                           ITERATION
Optimization Specifications for the M step of the EM Algorithm for
Censored, Binary or Ordered Categorical (Ordinal), Unordered
Categorical (Nominal) and Count Outcomes
  Number of M step iterations                                    1
  M step convergence criterion                           0.100D-02
  Basis for M step termination                           ITERATION
  Maximum value for logit thresholds                            15
  Minimum value for logit thresholds                           -15
  Minimum expected cell size for chi-square              0.100D-01
Optimization algorithm                                         EMA
Integration Specifications
  Type                                                  MONTECARLO
  Number of integration points                                2000
  Dimensions of numerical integration                            2
  Adaptive quadrature                                           ON
  Monte Carlo integration seed                                   0
Cholesky                                                       OFF

Input data file(s)
  /Users/jimmy_z/desktop/Temp_Data/temp_data_335.dat
Input data format  FREE



UNIVARIATE SAMPLE STATISTICS


     UNIVARIATE HIGHER-ORDER MOMENT DESCRIPTIVE STATISTICS

         Variable/         Mean/     Skewness/   Minimum/ % with                Percentiles
        Sample Size      Variance    Kurtosis    Maximum  Min/Max      20%/60%    40%/80%    Median

     X1                    0.081      -0.209      -4.467    0.40%      -1.032     -0.324      0.012
             250.000       2.358       0.232       3.844    0.40%       0.403      1.310
     X2                    0.084      -0.089      -3.348    0.40%      -0.967     -0.284      0.112
             250.000       1.587      -0.331       3.267    0.40%       0.390      1.234
     X3                    0.110       0.220      -2.563    0.40%      -0.924     -0.275      0.087
             250.000       1.306      -0.395       3.173    0.40%       0.338      1.134
     M1                    0.081       0.239      -3.497    0.40%      -1.097     -0.387     -0.058
             250.000       2.496      -0.253       4.064    0.40%       0.343      1.428
     M2                    0.100       0.036      -3.792    0.40%      -1.009     -0.262      0.024
             250.000       1.931       0.131       4.134    0.40%       0.371      1.193
     M3                    0.066       0.139      -2.771    0.40%      -0.958     -0.264      0.065
             250.000       1.372      -0.191       3.333    0.40%       0.308      1.107
     Y                     0.134       0.026      -3.434    0.40%      -0.821     -0.168      0.117
             250.000       1.120      -0.144       2.790    0.40%       0.352      1.006


THE MODEL ESTIMATION TERMINATED NORMALLY



MODEL FIT INFORMATION

Number of Free Parameters                       24

Loglikelihood

          H0 Value                       -2736.787
          H0 Scaling Correction Factor      0.9928
            for MLR

Information Criteria

          Akaike (AIC)                    5521.573
          Bayesian (BIC)                  5606.088
          Sample-Size Adjusted BIC        5530.006
            (n* = (n + 2) / 24)



MODEL RESULTS

                                                    Two-Tailed
                    Estimate       S.E.  Est./S.E.    P-Value

 ETA1     BY
    X1                 1.000      0.000    999.000    999.000
    X2                 0.760      0.092      8.281      0.000
    X3                 0.706      0.086      8.183      0.000

 ETA2     BY
    M1                 1.000      0.000    999.000    999.000
    M2                 0.961      0.127      7.589      0.000
    M3                 0.746      0.081      9.257      0.000

 Y          ON
    ETA1               0.338      0.062      5.457      0.000
    ETA2               0.305      0.080      3.830      0.000
    ETA3               0.258      0.087      2.964      0.003

 ETA2     WITH
    ETA1               0.061      0.109      0.561      0.575

 Intercepts
    X1                 0.081      0.098      0.830      0.407
    X2                 0.084      0.080      1.053      0.292
    X3                 0.110      0.073      1.520      0.128
    M1                 0.082      0.100      0.822      0.411
    M2                 0.101      0.088      1.144      0.252
    M3                 0.067      0.074      0.900      0.368
    Y                  0.119      0.064      1.849      0.064

 Variances
    ETA1               1.266      0.234      5.404      0.000
    ETA2               1.088      0.212      5.129      0.000

 Residual Variances
    X1                 1.092      0.143      7.611      0.000
    X2                 0.855      0.107      7.992      0.000
    X3                 0.675      0.084      8.053      0.000
    M1                 1.412      0.188      7.509      0.000
    M2                 0.927      0.150      6.197      0.000
    M3                 0.767      0.105      7.298      0.000
    Y                  0.735      0.065     11.378      0.000


QUALITY OF NUMERICAL RESULTS

     Condition Number for the Information Matrix              0.173E-01
       (ratio of smallest to largest eigenvalue)


STANDARDIZED MODEL RESULTS


STDYX Standardization

                                                    Two-Tailed
                    Estimate       S.E.  Est./S.E.    P-Value

 ETA1     BY
    X1                 0.733      0.045     16.195      0.000
    X2                 0.679      0.049     13.988      0.000
    X3                 0.695      0.047     14.767      0.000

 ETA2     BY
    M1                 0.660      0.052     12.588      0.000
    M2                 0.721      0.052     13.799      0.000
    M3                 0.664      0.053     12.507      0.000

 Y          ON
    ETA1               0.365      0.063      5.787      0.000
    ETA2               0.306      0.067      4.546      0.000
    ETA3               0.290      0.088      3.313      0.001

 ETA2     WITH
    ETA1               0.052      0.093      0.561      0.575

 Intercepts
    X1                 0.053      0.064      0.824      0.410
    X2                 0.067      0.064      1.049      0.294
    X3                 0.097      0.063      1.534      0.125
    M1                 0.052      0.063      0.827      0.408
    M2                 0.072      0.063      1.144      0.252
    M3                 0.057      0.063      0.903      0.367
    Y                  0.114      0.062      1.845      0.065

 Variances
    ETA1               1.000      0.000    999.000    999.000
    ETA2               1.000      0.000    999.000    999.000

 Residual Variances
    X1                 0.463      0.066      6.981      0.000
    X2                 0.538      0.066      8.160      0.000
    X3                 0.516      0.065      7.884      0.000
    M1                 0.565      0.069      8.165      0.000
    M2                 0.480      0.075      6.371      0.000
    M3                 0.559      0.071      7.924      0.000
    Y                  0.677      0.055     12.273      0.000


STDY Standardization

                                                    Two-Tailed
                    Estimate       S.E.  Est./S.E.    P-Value

 ETA1     BY
    X1                 0.733      0.045     16.195      0.000
    X2                 0.679      0.049     13.988      0.000
    X3                 0.695      0.047     14.767      0.000

 ETA2     BY
    M1                 0.660      0.052     12.588      0.000
    M2                 0.721      0.052     13.799      0.000
    M3                 0.664      0.053     12.507      0.000

 Y          ON
    ETA1               0.365      0.063      5.787      0.000
    ETA2               0.306      0.067      4.546      0.000
    ETA3               0.290      0.088      3.313      0.001

 ETA2     WITH
    ETA1               0.052      0.093      0.561      0.575

 Intercepts
    X1                 0.053      0.064      0.824      0.410
    X2                 0.067      0.064      1.049      0.294
    X3                 0.097      0.063      1.534      0.125
    M1                 0.052      0.063      0.827      0.408
    M2                 0.072      0.063      1.144      0.252
    M3                 0.057      0.063      0.903      0.367
    Y                  0.114      0.062      1.845      0.065

 Variances
    ETA1               1.000      0.000    999.000    999.000
    ETA2               1.000      0.000    999.000    999.000

 Residual Variances
    X1                 0.463      0.066      6.981      0.000
    X2                 0.538      0.066      8.160      0.000
    X3                 0.516      0.065      7.884      0.000
    M1                 0.565      0.069      8.165      0.000
    M2                 0.480      0.075      6.371      0.000
    M3                 0.559      0.071      7.924      0.000
    Y                  0.677      0.055     12.273      0.000


STD Standardization

                                                    Two-Tailed
                    Estimate       S.E.  Est./S.E.    P-Value

 ETA1     BY
    X1                 1.125      0.104     10.807      0.000
    X2                 0.856      0.079     10.821      0.000
    X3                 0.795      0.071     11.123      0.000

 ETA2     BY
    M1                 1.043      0.102     10.258      0.000
    M2                 1.002      0.095     10.523      0.000
    M3                 0.778      0.076     10.209      0.000

 Y          ON
    ETA1               0.380      0.072      5.255      0.000
    ETA2               0.318      0.072      4.453      0.000
    ETA3               0.302      0.094      3.225      0.001

 ETA2     WITH
    ETA1               0.052      0.093      0.561      0.575

 Intercepts
    X1                 0.081      0.098      0.830      0.407
    X2                 0.084      0.080      1.053      0.292
    X3                 0.110      0.073      1.520      0.128
    M1                 0.082      0.100      0.822      0.411
    M2                 0.101      0.088      1.144      0.252
    M3                 0.067      0.074      0.900      0.368
    Y                  0.119      0.064      1.849      0.064

 Variances
    ETA1               1.000      0.000    999.000    999.000
    ETA2               1.000      0.000    999.000    999.000

 Residual Variances
    X1                 1.092      0.143      7.611      0.000
    X2                 0.855      0.107      7.992      0.000
    X3                 0.675      0.084      8.053      0.000
    M1                 1.412      0.188      7.509      0.000
    M2                 0.927      0.150      6.197      0.000
    M3                 0.767      0.105      7.298      0.000
    Y                  0.735      0.065     11.378      0.000


R-SQUARE

    Observed                                        Two-Tailed
    Variable        Estimate       S.E.  Est./S.E.    P-Value

    X1                 0.537      0.066      8.098      0.000
    X2                 0.462      0.066      6.994      0.000
    X3                 0.484      0.065      7.383      0.000
    M1                 0.435      0.069      6.294      0.000
    M2                 0.520      0.075      6.899      0.000
    M3                 0.441      0.071      6.254      0.000
    Y                  0.323      0.055      5.850      0.000


TECHNICAL 1 OUTPUT


     PARAMETER SPECIFICATION


           NU
              X1            X2            X3            M1            M2
              ________      ________      ________      ________      ________
                    1             2             3             4             5


           NU
              M3            Y
              ________      ________
                    6             0


           LAMBDA
              ETA1          ETA2          ETA3          Y
              ________      ________      ________      ________
 X1                 0             0             0             0
 X2                 7             0             0             0
 X3                 8             0             0             0
 M1                 0             0             0             0
 M2                 0             9             0             0
 M3                 0            10             0             0
 Y                  0             0             0             0


           THETA
              X1            X2            X3            M1            M2
              ________      ________      ________      ________      ________
 X1                11
 X2                 0            12
 X3                 0             0            13
 M1                 0             0             0            14
 M2                 0             0             0             0            15
 M3                 0             0             0             0             0
 Y                  0             0             0             0             0


           THETA
              M3            Y
              ________      ________
 M3                16
 Y                  0             0


           ALPHA
              ETA1          ETA2          ETA3          Y
              ________      ________      ________      ________
                    0             0             0            17


           BETA
              ETA1          ETA2          ETA3          Y
              ________      ________      ________      ________
 ETA1               0             0             0             0
 ETA2               0             0             0             0
 ETA3               0             0             0             0
 Y                 18            19            20             0


           PSI
              ETA1          ETA2          ETA3          Y
              ________      ________      ________      ________
 ETA1              21
 ETA2              22            23
 ETA3               0             0             0
 Y                  0             0             0            24


     STARTING VALUES


           NU
              X1            X2            X3            M1            M2
              ________      ________      ________      ________      ________
                0.081         0.084         0.110         0.081         0.100


           NU
              M3            Y
              ________      ________
                0.066         0.000


           LAMBDA
              ETA1          ETA2          ETA3          Y
              ________      ________      ________      ________
 X1             1.000         0.000         0.000         0.000
 X2             1.000         0.000         0.000         0.000
 X3             1.000         0.000         0.000         0.000
 M1             0.000         1.000         0.000         0.000
 M2             0.000         1.000         0.000         0.000
 M3             0.000         1.000         0.000         0.000
 Y              0.000         0.000         0.000         1.000


           THETA
              X1            X2            X3            M1            M2
              ________      ________      ________      ________      ________
 X1             1.179
 X2             0.000         0.793
 X3             0.000         0.000         0.653
 M1             0.000         0.000         0.000         1.248
 M2             0.000         0.000         0.000         0.000         0.966
 M3             0.000         0.000         0.000         0.000         0.000
 Y              0.000         0.000         0.000         0.000         0.000


           THETA
              M3            Y
              ________      ________
 M3             0.686
 Y              0.000         0.000


           ALPHA
              ETA1          ETA2          ETA3          Y
              ________      ________      ________      ________
                0.000         0.000         0.000         0.134


           BETA
              ETA1          ETA2          ETA3          Y
              ________      ________      ________      ________
 ETA1           0.000         0.000         0.000         0.000
 ETA2           0.000         0.000         0.000         0.000
 ETA3           0.000         0.000         0.000         0.000
 Y              0.000         0.000         0.000         0.000


           PSI
              ETA1          ETA2          ETA3          Y
              ________      ________      ________      ________
 ETA1           0.050
 ETA2           0.000         0.050
 ETA3           0.000         0.000         0.000
 Y              0.000         0.000         0.000         0.560


TECHNICAL 4 OUTPUT


     ESTIMATES DERIVED FROM THE MODEL


           ESTIMATED MEANS FOR THE LATENT VARIABLES
              ETA1          ETA2          ETA3          Y
              ________      ________      ________      ________
                0.000         0.000         0.061         0.134


           S.E. FOR ESTIMATED MEANS FOR THE LATENT VARIABLES
              ETA1          ETA2          ETA3          Y
              ________      ________      ________      ________
                0.000         0.000         0.109         0.067


           EST./S.E. FOR ESTIMATED MEANS FOR THE LATENT VARIABLES
              ETA1          ETA2          ETA3          Y
              ________      ________      ________      ________
                0.000         0.000         0.561         2.009


           TWO-TAILED P-VALUE FOR ESTIMATED MEANS FOR THE LATENT VARIABLES
              ETA1          ETA2          ETA3          Y
              ________      ________      ________      ________
                1.000         1.000         0.575         0.045


           ESTIMATED COVARIANCE MATRIX FOR THE LATENT VARIABLES
              ETA1          ETA2          ETA3          Y
              ________      ________      ________      ________
 ETA1           1.266
 ETA2           0.061         1.088
 ETA3           0.000         0.000         1.382
 Y              0.446         0.353         0.356         1.085


           S.E. FOR ESTIMATED COVARIANCE MATRIX FOR THE LATENT VARIABLES
              ETA1          ETA2          ETA3          Y
              ________      ________      ________      ________
 ETA1           0.234
 ETA2           0.109         0.212
 ETA3           0.000         0.000         0.387
 Y              0.103         0.085         0.121         0.090


           EST./S.E. FOR ESTIMATED COVARIANCE MATRIX FOR THE LATENT VARIABLES
              ETA1          ETA2          ETA3          Y
              ________      ________      ________      ________
 ETA1           5.404
 ETA2           0.561         5.129
 ETA3           0.000         0.000         3.574
 Y              4.322         4.148         2.946        12.083


           TWO-TAILED P-VALUE FOR ESTIMATED COVARIANCE MATRIX FOR THE LATENT VARIABLES
              ETA1          ETA2          ETA3          Y
              ________      ________      ________      ________
 ETA1           0.000
 ETA2           0.575         0.000
 ETA3           1.000         1.000         0.000
 Y              0.000         0.000         0.003         0.000


           ESTIMATED CORRELATION MATRIX FOR THE LATENT VARIABLES
              ETA1          ETA2          ETA3          Y
              ________      ________      ________      ________
 ETA1           1.000
 ETA2           0.052         1.000
 ETA3           0.000         0.000         1.000
 Y              0.381         0.325         0.291         1.000


           S.E. FOR ESTIMATED CORRELATION MATRIX FOR THE LATENT VARIABLES
              ETA1          ETA2          ETA3          Y
              ________      ________      ________      ________
 ETA1           0.000
 ETA2           0.093         0.000
 ETA3           0.000         0.000         0.000
 Y              0.066         0.074         0.087         0.000


           EST./S.E. FOR ESTIMATED CORRELATION MATRIX FOR THE LATENT VARIABLES
              ETA1          ETA2          ETA3          Y
              ________      ________      ________      ________
 ETA1         999.000
 ETA2           0.561       999.000
 ETA3           0.000         0.000       999.000
 Y              5.796         4.363         3.336       999.000


           TWO-TAILED P-VALUE FOR ESTIMATED CORRELATION MATRIX FOR THE LATENT VARIABLES
              ETA1          ETA2          ETA3          Y
              ________      ________      ________      ________
 ETA1           0.000
 ETA2           0.575         0.000
 ETA3           1.000         1.000         0.000
 Y              0.000         0.000         0.001         0.000


     Beginning Time:  22:54:42
        Ending Time:  22:56:01
       Elapsed Time:  00:01:19



MUTHEN & MUTHEN
3463 Stoner Ave.
Los Angeles, CA  90066

Tel: (310) 391-9971
Fax: (310) 391-8971
Web: www.StatModel.com
Support: Support@StatModel.com

Copyright (c) 1998-2022 Muthen & Muthen
