Mplus VERSION 8.8 (Mac)
MUTHEN & MUTHEN
08/20/2024  10:35 PM

INPUT INSTRUCTIONS

  TITLE: Data Analysis for SEM with Latent Interaction

  DATA:
    FILE = /Users/jimmy_z/desktop/Temp_Data/temp_data_217.dat;
    FORMAT = FREE;

  VARIABLE:
    NAMES ARE x1 x2 x3 m1 m2 m3 y;
    USEVARIABLES ARE x1 x2 x3 m1 m2 m3 y;

  ANALYSIS:
    TYPE = RANDOM;
    ESTIMATOR = MLR;
    ALGORITHM = INTEGRATION;
    INTEGRATION = MONTECARLO;

  MODEL:
    eta1 BY x1 x2 x3;
    eta2 BY m1 m2 m3;
    eta3 | eta1 XWITH eta2;
    y ON eta1 eta2 eta3;

  OUTPUT:
    STANDARDIZED;
    TECH1;
    TECH4;





INPUT READING TERMINATED NORMALLY



Data Analysis for SEM with Latent Interaction

SUMMARY OF ANALYSIS

Number of groups                                                 1
Number of observations                                         250

Number of dependent variables                                    7
Number of independent variables                                  0
Number of continuous latent variables                            3

Observed dependent variables

  Continuous
   X1          X2          X3          M1          M2          M3
   Y

Continuous latent variables
   ETA1        ETA2        ETA3


Estimator                                                      MLR
Information matrix                                        OBSERVED
Optimization Specifications for the Quasi-Newton Algorithm for
Continuous Outcomes
  Maximum number of iterations                                 100
  Convergence criterion                                  0.100D-05
Optimization Specifications for the EM Algorithm
  Maximum number of iterations                                 500
  Convergence criteria
    Loglikelihood change                                 0.100D-02
    Relative loglikelihood change                        0.100D-05
    Derivative                                           0.100D-02
Optimization Specifications for the M step of the EM Algorithm for
Categorical Latent variables
  Number of M step iterations                                    1
  M step convergence criterion                           0.100D-02
  Basis for M step termination                           ITERATION
Optimization Specifications for the M step of the EM Algorithm for
Censored, Binary or Ordered Categorical (Ordinal), Unordered
Categorical (Nominal) and Count Outcomes
  Number of M step iterations                                    1
  M step convergence criterion                           0.100D-02
  Basis for M step termination                           ITERATION
  Maximum value for logit thresholds                            15
  Minimum value for logit thresholds                           -15
  Minimum expected cell size for chi-square              0.100D-01
Optimization algorithm                                         EMA
Integration Specifications
  Type                                                  MONTECARLO
  Number of integration points                                2000
  Dimensions of numerical integration                            2
  Adaptive quadrature                                           ON
  Monte Carlo integration seed                                   0
Cholesky                                                       OFF

Input data file(s)
  /Users/jimmy_z/desktop/Temp_Data/temp_data_217.dat
Input data format  FREE



UNIVARIATE SAMPLE STATISTICS


     UNIVARIATE HIGHER-ORDER MOMENT DESCRIPTIVE STATISTICS

         Variable/         Mean/     Skewness/   Minimum/ % with                Percentiles
        Sample Size      Variance    Kurtosis    Maximum  Min/Max      20%/60%    40%/80%    Median

     X1                    0.153       0.120      -4.343    0.40%      -1.073     -0.350      0.085
             250.000       2.096      -0.043       4.780    0.40%       0.536      1.422
     X2                    0.125       0.147      -3.418    0.40%      -1.207     -0.331      0.067
             250.000       2.266      -0.421       3.864    0.40%       0.390      1.386
     X3                   -0.102       0.001      -3.083    0.40%      -1.130     -0.372     -0.090
             250.000       1.235      -0.056       3.110    0.40%       0.249      0.821
     M1                   -0.143      -0.037      -4.425    0.40%      -1.443     -0.524     -0.093
             250.000       2.216      -0.010       4.064    0.40%       0.248      1.153
     M2                   -0.051      -0.251      -4.591    0.40%      -1.190     -0.336      0.046
             250.000       1.833       0.300       3.650    0.40%       0.249      1.095
     M3                   -0.162      -0.520      -3.716    0.40%      -1.108     -0.314     -0.004
             250.000       1.244       0.204       2.462    0.40%       0.249      0.763
     Y                    -0.064       0.332      -2.237    0.40%      -0.820     -0.357     -0.129
             250.000       0.895       0.115       3.381    0.40%       0.089      0.672


THE MODEL ESTIMATION TERMINATED NORMALLY



MODEL FIT INFORMATION

Number of Free Parameters                       24

Loglikelihood

          H0 Value                       -2729.800
          H0 Scaling Correction Factor      1.0264
            for MLR

Information Criteria

          Akaike (AIC)                    5507.601
          Bayesian (BIC)                  5592.116
          Sample-Size Adjusted BIC        5516.034
            (n* = (n + 2) / 24)



MODEL RESULTS

                                                    Two-Tailed
                    Estimate       S.E.  Est./S.E.    P-Value

 ETA1     BY
    X1                 1.000      0.000    999.000    999.000
    X2                 1.027      0.139      7.402      0.000
    X3                 0.693      0.087      7.960      0.000

 ETA2     BY
    M1                 1.000      0.000    999.000    999.000
    M2                 1.014      0.140      7.256      0.000
    M3                 0.929      0.150      6.188      0.000

 Y          ON
    ETA1               0.328      0.072      4.572      0.000
    ETA2               0.220      0.082      2.668      0.008
    ETA3               0.274      0.107      2.556      0.011

 ETA2     WITH
    ETA1               0.003      0.093      0.030      0.976

 Intercepts
    X1                 0.152      0.092      1.663      0.096
    X2                 0.124      0.095      1.303      0.193
    X3                -0.102      0.070     -1.456      0.145
    M1                -0.143      0.094     -1.520      0.128
    M2                -0.051      0.085     -0.600      0.549
    M3                -0.162      0.070     -2.294      0.022
    Y                 -0.065      0.059     -1.093      0.274

 Variances
    ETA1               1.053      0.205      5.140      0.000
    ETA2               0.767      0.178      4.299      0.000

 Residual Variances
    X1                 1.044      0.144      7.275      0.000
    X2                 1.154      0.168      6.863      0.000
    X3                 0.730      0.094      7.774      0.000
    M1                 1.452      0.174      8.355      0.000
    M2                 1.044      0.131      7.955      0.000
    M3                 0.581      0.115      5.058      0.000
    Y                  0.670      0.061     11.038      0.000


QUALITY OF NUMERICAL RESULTS

     Condition Number for the Information Matrix              0.836E-03
       (ratio of smallest to largest eigenvalue)


STANDARDIZED MODEL RESULTS


STDYX Standardization

                                                    Two-Tailed
                    Estimate       S.E.  Est./S.E.    P-Value

 ETA1     BY
    X1                 0.709      0.051     14.020      0.000
    X2                 0.700      0.053     13.246      0.000
    X3                 0.639      0.060     10.719      0.000

 ETA2     BY
    M1                 0.588      0.058     10.189      0.000
    M2                 0.656      0.058     11.217      0.000
    M3                 0.730      0.059     12.346      0.000

 Y          ON
    ETA1               0.358      0.069      5.202      0.000
    ETA2               0.205      0.072      2.841      0.005
    ETA3               0.262      0.088      2.994      0.003

 ETA2     WITH
    ETA1               0.003      0.103      0.030      0.976

 Intercepts
    X1                 0.105      0.063      1.667      0.095
    X2                 0.082      0.063      1.309      0.190
    X3                -0.092      0.063     -1.453      0.146
    M1                -0.096      0.063     -1.519      0.129
    M2                -0.038      0.063     -0.603      0.547
    M3                -0.145      0.061     -2.371      0.018
    Y                 -0.069      0.063     -1.086      0.278

 Variances
    ETA1               1.000      0.000    999.000    999.000
    ETA2               1.000      0.000    999.000    999.000

 Residual Variances
    X1                 0.498      0.072      6.952      0.000
    X2                 0.510      0.074      6.880      0.000
    X3                 0.591      0.076      7.747      0.000
    M1                 0.654      0.068      9.638      0.000
    M2                 0.570      0.077      7.419      0.000
    M3                 0.467      0.086      5.411      0.000
    Y                  0.760      0.059     12.996      0.000


STDY Standardization

                                                    Two-Tailed
                    Estimate       S.E.  Est./S.E.    P-Value

 ETA1     BY
    X1                 0.709      0.051     14.020      0.000
    X2                 0.700      0.053     13.246      0.000
    X3                 0.639      0.060     10.719      0.000

 ETA2     BY
    M1                 0.588      0.058     10.189      0.000
    M2                 0.656      0.058     11.217      0.000
    M3                 0.730      0.059     12.346      0.000

 Y          ON
    ETA1               0.358      0.069      5.202      0.000
    ETA2               0.205      0.072      2.841      0.005
    ETA3               0.262      0.088      2.994      0.003

 ETA2     WITH
    ETA1               0.003      0.103      0.030      0.976

 Intercepts
    X1                 0.105      0.063      1.667      0.095
    X2                 0.082      0.063      1.309      0.190
    X3                -0.092      0.063     -1.453      0.146
    M1                -0.096      0.063     -1.519      0.129
    M2                -0.038      0.063     -0.603      0.547
    M3                -0.145      0.061     -2.371      0.018
    Y                 -0.069      0.063     -1.086      0.278

 Variances
    ETA1               1.000      0.000    999.000    999.000
    ETA2               1.000      0.000    999.000    999.000

 Residual Variances
    X1                 0.498      0.072      6.952      0.000
    X2                 0.510      0.074      6.880      0.000
    X3                 0.591      0.076      7.747      0.000
    M1                 0.654      0.068      9.638      0.000
    M2                 0.570      0.077      7.419      0.000
    M3                 0.467      0.086      5.411      0.000
    Y                  0.760      0.059     12.996      0.000


STD Standardization

                                                    Two-Tailed
                    Estimate       S.E.  Est./S.E.    P-Value

 ETA1     BY
    X1                 1.026      0.100     10.281      0.000
    X2                 1.054      0.099     10.605      0.000
    X3                 0.711      0.083      8.606      0.000

 ETA2     BY
    M1                 0.876      0.102      8.599      0.000
    M2                 0.888      0.105      8.429      0.000
    M3                 0.814      0.080     10.197      0.000

 Y          ON
    ETA1               0.337      0.069      4.873      0.000
    ETA2               0.192      0.070      2.760      0.006
    ETA3               0.246      0.084      2.913      0.004

 ETA2     WITH
    ETA1               0.003      0.103      0.030      0.976

 Intercepts
    X1                 0.152      0.092      1.663      0.096
    X2                 0.124      0.095      1.303      0.193
    X3                -0.102      0.070     -1.456      0.145
    M1                -0.143      0.094     -1.520      0.128
    M2                -0.051      0.085     -0.600      0.549
    M3                -0.162      0.070     -2.294      0.022
    Y                 -0.065      0.059     -1.093      0.274

 Variances
    ETA1               1.000      0.000    999.000    999.000
    ETA2               1.000      0.000    999.000    999.000

 Residual Variances
    X1                 1.044      0.144      7.275      0.000
    X2                 1.154      0.168      6.863      0.000
    X3                 0.730      0.094      7.774      0.000
    M1                 1.452      0.174      8.355      0.000
    M2                 1.044      0.131      7.955      0.000
    M3                 0.581      0.115      5.058      0.000
    Y                  0.670      0.061     11.038      0.000


R-SQUARE

    Observed                                        Two-Tailed
    Variable        Estimate       S.E.  Est./S.E.    P-Value

    X1                 0.502      0.072      7.010      0.000
    X2                 0.490      0.074      6.623      0.000
    X3                 0.409      0.076      5.359      0.000
    M1                 0.346      0.068      5.094      0.000
    M2                 0.430      0.077      5.609      0.000
    M3                 0.533      0.086      6.173      0.000
    Y                  0.240      0.059      4.094      0.000


TECHNICAL 1 OUTPUT


     PARAMETER SPECIFICATION


           NU
              X1            X2            X3            M1            M2
              ________      ________      ________      ________      ________
                    1             2             3             4             5


           NU
              M3            Y
              ________      ________
                    6             0


           LAMBDA
              ETA1          ETA2          ETA3          Y
              ________      ________      ________      ________
 X1                 0             0             0             0
 X2                 7             0             0             0
 X3                 8             0             0             0
 M1                 0             0             0             0
 M2                 0             9             0             0
 M3                 0            10             0             0
 Y                  0             0             0             0


           THETA
              X1            X2            X3            M1            M2
              ________      ________      ________      ________      ________
 X1                11
 X2                 0            12
 X3                 0             0            13
 M1                 0             0             0            14
 M2                 0             0             0             0            15
 M3                 0             0             0             0             0
 Y                  0             0             0             0             0


           THETA
              M3            Y
              ________      ________
 M3                16
 Y                  0             0


           ALPHA
              ETA1          ETA2          ETA3          Y
              ________      ________      ________      ________
                    0             0             0            17


           BETA
              ETA1          ETA2          ETA3          Y
              ________      ________      ________      ________
 ETA1               0             0             0             0
 ETA2               0             0             0             0
 ETA3               0             0             0             0
 Y                 18            19            20             0


           PSI
              ETA1          ETA2          ETA3          Y
              ________      ________      ________      ________
 ETA1              21
 ETA2              22            23
 ETA3               0             0             0
 Y                  0             0             0            24


     STARTING VALUES


           NU
              X1            X2            X3            M1            M2
              ________      ________      ________      ________      ________
                0.153         0.125        -0.102        -0.143        -0.051


           NU
              M3            Y
              ________      ________
               -0.162         0.000


           LAMBDA
              ETA1          ETA2          ETA3          Y
              ________      ________      ________      ________
 X1             1.000         0.000         0.000         0.000
 X2             1.000         0.000         0.000         0.000
 X3             1.000         0.000         0.000         0.000
 M1             0.000         1.000         0.000         0.000
 M2             0.000         1.000         0.000         0.000
 M3             0.000         1.000         0.000         0.000
 Y              0.000         0.000         0.000         1.000


           THETA
              X1            X2            X3            M1            M2
              ________      ________      ________      ________      ________
 X1             1.048
 X2             0.000         1.133
 X3             0.000         0.000         0.618
 M1             0.000         0.000         0.000         1.108
 M2             0.000         0.000         0.000         0.000         0.917
 M3             0.000         0.000         0.000         0.000         0.000
 Y              0.000         0.000         0.000         0.000         0.000


           THETA
              M3            Y
              ________      ________
 M3             0.622
 Y              0.000         0.000


           ALPHA
              ETA1          ETA2          ETA3          Y
              ________      ________      ________      ________
                0.000         0.000         0.000        -0.064


           BETA
              ETA1          ETA2          ETA3          Y
              ________      ________      ________      ________
 ETA1           0.000         0.000         0.000         0.000
 ETA2           0.000         0.000         0.000         0.000
 ETA3           0.000         0.000         0.000         0.000
 Y              0.000         0.000         0.000         0.000


           PSI
              ETA1          ETA2          ETA3          Y
              ________      ________      ________      ________
 ETA1           0.050
 ETA2           0.000         0.050
 ETA3           0.000         0.000         0.000
 Y              0.000         0.000         0.000         0.447


TECHNICAL 4 OUTPUT


     ESTIMATES DERIVED FROM THE MODEL


           ESTIMATED MEANS FOR THE LATENT VARIABLES
              ETA1          ETA2          ETA3          Y
              ________      ________      ________      ________
                0.000         0.000         0.003        -0.064


           S.E. FOR ESTIMATED MEANS FOR THE LATENT VARIABLES
              ETA1          ETA2          ETA3          Y
              ________      ________      ________      ________
                0.000         0.000         0.093         0.060


           EST./S.E. FOR ESTIMATED MEANS FOR THE LATENT VARIABLES
              ETA1          ETA2          ETA3          Y
              ________      ________      ________      ________
                0.000         0.000         0.030        -1.067


           TWO-TAILED P-VALUE FOR ESTIMATED MEANS FOR THE LATENT VARIABLES
              ETA1          ETA2          ETA3          Y
              ________      ________      ________      ________
                1.000         1.000         0.976         0.286


           ESTIMATED COVARIANCE MATRIX FOR THE LATENT VARIABLES
              ETA1          ETA2          ETA3          Y
              ________      ________      ________      ________
 ETA1           1.053
 ETA2           0.003         0.767
 ETA3           0.000         0.000         0.808
 Y              0.346         0.169         0.221         0.882


           S.E. FOR ESTIMATED COVARIANCE MATRIX FOR THE LATENT VARIABLES
              ETA1          ETA2          ETA3          Y
              ________      ________      ________      ________
 ETA1           0.205
 ETA2           0.093         0.178
 ETA3           0.000         0.000         0.258
 Y              0.081         0.071         0.081         0.079


           EST./S.E. FOR ESTIMATED COVARIANCE MATRIX FOR THE LATENT VARIABLES
              ETA1          ETA2          ETA3          Y
              ________      ________      ________      ________
 ETA1           5.140
 ETA2           0.030         4.299
 ETA3           0.000         0.000         3.131
 Y              4.267         2.379         2.735        11.157


           TWO-TAILED P-VALUE FOR ESTIMATED COVARIANCE MATRIX FOR THE LATENT VARIABLES
              ETA1          ETA2          ETA3          Y
              ________      ________      ________      ________
 ETA1           0.000
 ETA2           0.976         0.000
 ETA3           1.000         1.000         0.002
 Y              0.000         0.017         0.006         0.000


           ESTIMATED CORRELATION MATRIX FOR THE LATENT VARIABLES
              ETA1          ETA2          ETA3          Y
              ________      ________      ________      ________
 ETA1           1.000
 ETA2           0.003         1.000
 ETA3           0.000         0.000         1.000
 Y              0.359         0.206         0.262         1.000


           S.E. FOR ESTIMATED CORRELATION MATRIX FOR THE LATENT VARIABLES
              ETA1          ETA2          ETA3          Y
              ________      ________      ________      ________
 ETA1           0.000
 ETA2           0.103         0.000
 ETA3           0.000         0.000         0.000
 Y              0.069         0.079         0.088         0.000


           EST./S.E. FOR ESTIMATED CORRELATION MATRIX FOR THE LATENT VARIABLES
              ETA1          ETA2          ETA3          Y
              ________      ________      ________      ________
 ETA1         999.000
 ETA2           0.030       999.000
 ETA3           0.000         0.000       999.000
 Y              5.188         2.625         2.993       999.000


           TWO-TAILED P-VALUE FOR ESTIMATED CORRELATION MATRIX FOR THE LATENT VARIABLES
              ETA1          ETA2          ETA3          Y
              ________      ________      ________      ________
 ETA1           0.000
 ETA2           0.976         0.000
 ETA3           1.000         1.000         0.000
 Y              0.000         0.009         0.003         0.000


     Beginning Time:  22:35:09
        Ending Time:  22:36:19
       Elapsed Time:  00:01:10



MUTHEN & MUTHEN
3463 Stoner Ave.
Los Angeles, CA  90066

Tel: (310) 391-9971
Fax: (310) 391-8971
Web: www.StatModel.com
Support: Support@StatModel.com

Copyright (c) 1998-2022 Muthen & Muthen
