Mplus VERSION 8.8 (Mac)
MUTHEN & MUTHEN
08/20/2024  11:13 PM

INPUT INSTRUCTIONS

  TITLE: Data Analysis for SEM with Latent Interaction

  DATA:
    FILE = /Users/jimmy_z/desktop/Temp_Data/temp_data_424.dat;
    FORMAT = FREE;

  VARIABLE:
    NAMES ARE x1 x2 x3 m1 m2 m3 y;
    USEVARIABLES ARE x1 x2 x3 m1 m2 m3 y;

  ANALYSIS:
    TYPE = RANDOM;
    ESTIMATOR = MLR;
    ALGORITHM = INTEGRATION;
    INTEGRATION = MONTECARLO;

  MODEL:
    eta1 BY x1 x2 x3;
    eta2 BY m1 m2 m3;
    eta3 | eta1 XWITH eta2;
    y ON eta1 eta2 eta3;

  OUTPUT:
    STANDARDIZED;
    TECH1;
    TECH4;





INPUT READING TERMINATED NORMALLY



Data Analysis for SEM with Latent Interaction

SUMMARY OF ANALYSIS

Number of groups                                                 1
Number of observations                                         250

Number of dependent variables                                    7
Number of independent variables                                  0
Number of continuous latent variables                            3

Observed dependent variables

  Continuous
   X1          X2          X3          M1          M2          M3
   Y

Continuous latent variables
   ETA1        ETA2        ETA3


Estimator                                                      MLR
Information matrix                                        OBSERVED
Optimization Specifications for the Quasi-Newton Algorithm for
Continuous Outcomes
  Maximum number of iterations                                 100
  Convergence criterion                                  0.100D-05
Optimization Specifications for the EM Algorithm
  Maximum number of iterations                                 500
  Convergence criteria
    Loglikelihood change                                 0.100D-02
    Relative loglikelihood change                        0.100D-05
    Derivative                                           0.100D-02
Optimization Specifications for the M step of the EM Algorithm for
Categorical Latent variables
  Number of M step iterations                                    1
  M step convergence criterion                           0.100D-02
  Basis for M step termination                           ITERATION
Optimization Specifications for the M step of the EM Algorithm for
Censored, Binary or Ordered Categorical (Ordinal), Unordered
Categorical (Nominal) and Count Outcomes
  Number of M step iterations                                    1
  M step convergence criterion                           0.100D-02
  Basis for M step termination                           ITERATION
  Maximum value for logit thresholds                            15
  Minimum value for logit thresholds                           -15
  Minimum expected cell size for chi-square              0.100D-01
Optimization algorithm                                         EMA
Integration Specifications
  Type                                                  MONTECARLO
  Number of integration points                                2000
  Dimensions of numerical integration                            2
  Adaptive quadrature                                           ON
  Monte Carlo integration seed                                   0
Cholesky                                                       OFF

Input data file(s)
  /Users/jimmy_z/desktop/Temp_Data/temp_data_424.dat
Input data format  FREE



UNIVARIATE SAMPLE STATISTICS


     UNIVARIATE HIGHER-ORDER MOMENT DESCRIPTIVE STATISTICS

         Variable/         Mean/     Skewness/   Minimum/ % with                Percentiles
        Sample Size      Variance    Kurtosis    Maximum  Min/Max      20%/60%    40%/80%    Median

     X1                   -0.006       0.266      -3.771    0.40%      -1.105     -0.422     -0.110
             250.000       1.967       0.190       4.115    0.40%       0.201      1.100
     X2                    0.022       0.315      -3.467    0.40%      -1.123     -0.441     -0.092
             250.000       1.923       0.094       4.948    0.40%       0.293      1.244
     X3                   -0.001       0.078      -2.973    0.40%      -0.974     -0.312     -0.064
             250.000       1.244      -0.225       2.783    0.40%       0.190      0.979
     M1                   -0.083      -0.185      -3.989    0.40%      -1.414     -0.358     -0.049
             250.000       2.346      -0.315       3.365    0.40%       0.320      1.159
     M2                   -0.085       0.053      -3.641    0.40%      -1.391     -0.480     -0.048
             250.000       1.959      -0.197       3.854    0.40%       0.393      1.125
     M3                   -0.119       0.228      -3.584    0.40%      -1.107     -0.443     -0.172
             250.000       1.379       0.046       3.140    0.40%       0.070      0.764
     Y                    -0.051       0.027      -3.433    0.40%      -0.864     -0.273     -0.035
             250.000       0.964       0.521       3.362    0.40%       0.178      0.763


THE MODEL ESTIMATION TERMINATED NORMALLY



MODEL FIT INFORMATION

Number of Free Parameters                       24

Loglikelihood

          H0 Value                       -2715.190
          H0 Scaling Correction Factor      0.9675
            for MLR

Information Criteria

          Akaike (AIC)                    5478.380
          Bayesian (BIC)                  5562.896
          Sample-Size Adjusted BIC        5486.813
            (n* = (n + 2) / 24)



MODEL RESULTS

                                                    Two-Tailed
                    Estimate       S.E.  Est./S.E.    P-Value

 ETA1     BY
    X1                 1.000      0.000    999.000    999.000
    X2                 1.079      0.170      6.348      0.000
    X3                 0.882      0.129      6.846      0.000

 ETA2     BY
    M1                 1.000      0.000    999.000    999.000
    M2                 0.849      0.096      8.856      0.000
    M3                 0.699      0.084      8.322      0.000

 Y          ON
    ETA1               0.283      0.083      3.416      0.001
    ETA2               0.380      0.066      5.792      0.000
    ETA3               0.215      0.067      3.191      0.001

 ETA2     WITH
    ETA1               0.026      0.087      0.304      0.761

 Intercepts
    X1                -0.006      0.089     -0.065      0.948
    X2                 0.022      0.088      0.256      0.798
    X3                -0.001      0.071     -0.017      0.987
    M1                -0.083      0.097     -0.853      0.393
    M2                -0.084      0.088     -0.951      0.342
    M3                -0.119      0.074     -1.604      0.109
    Y                 -0.056      0.062     -0.895      0.371

 Variances
    ETA1               0.786      0.189      4.151      0.000
    ETA2               1.300      0.211      6.159      0.000

 Residual Variances
    X1                 1.173      0.126      9.278      0.000
    X2                 1.008      0.146      6.901      0.000
    X3                 0.632      0.101      6.254      0.000
    M1                 1.044      0.149      7.017      0.000
    M2                 1.022      0.132      7.770      0.000
    M3                 0.743      0.094      7.911      0.000
    Y                  0.672      0.075      8.977      0.000


QUALITY OF NUMERICAL RESULTS

     Condition Number for the Information Matrix              0.525E-03
       (ratio of smallest to largest eigenvalue)


STANDARDIZED MODEL RESULTS


STDYX Standardization

                                                    Two-Tailed
                    Estimate       S.E.  Est./S.E.    P-Value

 ETA1     BY
    X1                 0.633      0.057     11.131      0.000
    X2                 0.690      0.056     12.346      0.000
    X3                 0.701      0.056     12.497      0.000

 ETA2     BY
    M1                 0.745      0.043     17.122      0.000
    M2                 0.691      0.050     13.908      0.000
    M3                 0.679      0.048     14.090      0.000

 Y          ON
    ETA1               0.254      0.061      4.180      0.000
    ETA2               0.438      0.057      7.733      0.000
    ETA3               0.220      0.061      3.612      0.000

 ETA2     WITH
    ETA1               0.026      0.084      0.310      0.757

 Intercepts
    X1                -0.004      0.063     -0.065      0.948
    X2                 0.016      0.063      0.257      0.797
    X3                -0.001      0.063     -0.017      0.987
    M1                -0.054      0.063     -0.857      0.391
    M2                -0.060      0.063     -0.948      0.343
    M3                -0.101      0.064     -1.582      0.114
    Y                 -0.057      0.063     -0.896      0.370

 Variances
    ETA1               1.000      0.000    999.000    999.000
    ETA2               1.000      0.000    999.000    999.000

 Residual Variances
    X1                 0.599      0.072      8.305      0.000
    X2                 0.524      0.077      6.797      0.000
    X3                 0.508      0.079      6.463      0.000
    M1                 0.446      0.065      6.881      0.000
    M2                 0.522      0.069      7.590      0.000
    M3                 0.539      0.065      8.243      0.000
    Y                  0.689      0.064     10.836      0.000


STDY Standardization

                                                    Two-Tailed
                    Estimate       S.E.  Est./S.E.    P-Value

 ETA1     BY
    X1                 0.633      0.057     11.131      0.000
    X2                 0.690      0.056     12.346      0.000
    X3                 0.701      0.056     12.497      0.000

 ETA2     BY
    M1                 0.745      0.043     17.122      0.000
    M2                 0.691      0.050     13.908      0.000
    M3                 0.679      0.048     14.090      0.000

 Y          ON
    ETA1               0.254      0.061      4.180      0.000
    ETA2               0.438      0.057      7.733      0.000
    ETA3               0.220      0.061      3.612      0.000

 ETA2     WITH
    ETA1               0.026      0.084      0.310      0.757

 Intercepts
    X1                -0.004      0.063     -0.065      0.948
    X2                 0.016      0.063      0.257      0.797
    X3                -0.001      0.063     -0.017      0.987
    M1                -0.054      0.063     -0.857      0.391
    M2                -0.060      0.063     -0.948      0.343
    M3                -0.101      0.064     -1.582      0.114
    Y                 -0.057      0.063     -0.896      0.370

 Variances
    ETA1               1.000      0.000    999.000    999.000
    ETA2               1.000      0.000    999.000    999.000

 Residual Variances
    X1                 0.599      0.072      8.305      0.000
    X2                 0.524      0.077      6.797      0.000
    X3                 0.508      0.079      6.463      0.000
    M1                 0.446      0.065      6.881      0.000
    M2                 0.522      0.069      7.590      0.000
    M3                 0.539      0.065      8.243      0.000
    Y                  0.689      0.064     10.836      0.000


STD Standardization

                                                    Two-Tailed
                    Estimate       S.E.  Est./S.E.    P-Value

 ETA1     BY
    X1                 0.887      0.107      8.302      0.000
    X2                 0.957      0.101      9.479      0.000
    X3                 0.782      0.077     10.213      0.000

 ETA2     BY
    M1                 1.140      0.093     12.318      0.000
    M2                 0.968      0.093     10.451      0.000
    M3                 0.797      0.076     10.479      0.000

 Y          ON
    ETA1               0.251      0.061      4.090      0.000
    ETA2               0.433      0.065      6.633      0.000
    ETA3               0.217      0.062      3.499      0.000

 ETA2     WITH
    ETA1               0.026      0.084      0.310      0.757

 Intercepts
    X1                -0.006      0.089     -0.065      0.948
    X2                 0.022      0.088      0.256      0.798
    X3                -0.001      0.071     -0.017      0.987
    M1                -0.083      0.097     -0.853      0.393
    M2                -0.084      0.088     -0.951      0.342
    M3                -0.119      0.074     -1.604      0.109
    Y                 -0.056      0.062     -0.895      0.371

 Variances
    ETA1               1.000      0.000    999.000    999.000
    ETA2               1.000      0.000    999.000    999.000

 Residual Variances
    X1                 1.173      0.126      9.278      0.000
    X2                 1.008      0.146      6.901      0.000
    X3                 0.632      0.101      6.254      0.000
    M1                 1.044      0.149      7.017      0.000
    M2                 1.022      0.132      7.770      0.000
    M3                 0.743      0.094      7.911      0.000
    Y                  0.672      0.075      8.977      0.000


R-SQUARE

    Observed                                        Two-Tailed
    Variable        Estimate       S.E.  Est./S.E.    P-Value

    X1                 0.401      0.072      5.565      0.000
    X2                 0.476      0.077      6.173      0.000
    X3                 0.492      0.079      6.249      0.000
    M1                 0.554      0.065      8.561      0.000
    M2                 0.478      0.069      6.954      0.000
    M3                 0.461      0.065      7.045      0.000
    Y                  0.311      0.064      4.889      0.000


TECHNICAL 1 OUTPUT


     PARAMETER SPECIFICATION


           NU
              X1            X2            X3            M1            M2
              ________      ________      ________      ________      ________
                    1             2             3             4             5


           NU
              M3            Y
              ________      ________
                    6             0


           LAMBDA
              ETA1          ETA2          ETA3          Y
              ________      ________      ________      ________
 X1                 0             0             0             0
 X2                 7             0             0             0
 X3                 8             0             0             0
 M1                 0             0             0             0
 M2                 0             9             0             0
 M3                 0            10             0             0
 Y                  0             0             0             0


           THETA
              X1            X2            X3            M1            M2
              ________      ________      ________      ________      ________
 X1                11
 X2                 0            12
 X3                 0             0            13
 M1                 0             0             0            14
 M2                 0             0             0             0            15
 M3                 0             0             0             0             0
 Y                  0             0             0             0             0


           THETA
              M3            Y
              ________      ________
 M3                16
 Y                  0             0


           ALPHA
              ETA1          ETA2          ETA3          Y
              ________      ________      ________      ________
                    0             0             0            17


           BETA
              ETA1          ETA2          ETA3          Y
              ________      ________      ________      ________
 ETA1               0             0             0             0
 ETA2               0             0             0             0
 ETA3               0             0             0             0
 Y                 18            19            20             0


           PSI
              ETA1          ETA2          ETA3          Y
              ________      ________      ________      ________
 ETA1              21
 ETA2              22            23
 ETA3               0             0             0
 Y                  0             0             0            24


     STARTING VALUES


           NU
              X1            X2            X3            M1            M2
              ________      ________      ________      ________      ________
               -0.006         0.022        -0.001        -0.083        -0.085


           NU
              M3            Y
              ________      ________
               -0.119         0.000


           LAMBDA
              ETA1          ETA2          ETA3          Y
              ________      ________      ________      ________
 X1             1.000         0.000         0.000         0.000
 X2             1.000         0.000         0.000         0.000
 X3             1.000         0.000         0.000         0.000
 M1             0.000         1.000         0.000         0.000
 M2             0.000         1.000         0.000         0.000
 M3             0.000         1.000         0.000         0.000
 Y              0.000         0.000         0.000         1.000


           THETA
              X1            X2            X3            M1            M2
              ________      ________      ________      ________      ________
 X1             0.983
 X2             0.000         0.962
 X3             0.000         0.000         0.622
 M1             0.000         0.000         0.000         1.173
 M2             0.000         0.000         0.000         0.000         0.979
 M3             0.000         0.000         0.000         0.000         0.000
 Y              0.000         0.000         0.000         0.000         0.000


           THETA
              M3            Y
              ________      ________
 M3             0.689
 Y              0.000         0.000


           ALPHA
              ETA1          ETA2          ETA3          Y
              ________      ________      ________      ________
                0.000         0.000         0.000        -0.051


           BETA
              ETA1          ETA2          ETA3          Y
              ________      ________      ________      ________
 ETA1           0.000         0.000         0.000         0.000
 ETA2           0.000         0.000         0.000         0.000
 ETA3           0.000         0.000         0.000         0.000
 Y              0.000         0.000         0.000         0.000


           PSI
              ETA1          ETA2          ETA3          Y
              ________      ________      ________      ________
 ETA1           0.050
 ETA2           0.000         0.050
 ETA3           0.000         0.000         0.000
 Y              0.000         0.000         0.000         0.482


TECHNICAL 4 OUTPUT


     ESTIMATES DERIVED FROM THE MODEL


           ESTIMATED MEANS FOR THE LATENT VARIABLES
              ETA1          ETA2          ETA3          Y
              ________      ________      ________      ________
                0.000         0.000         0.026        -0.050


           S.E. FOR ESTIMATED MEANS FOR THE LATENT VARIABLES
              ETA1          ETA2          ETA3          Y
              ________      ________      ________      ________
                0.000         0.000         0.087         0.062


           EST./S.E. FOR ESTIMATED MEANS FOR THE LATENT VARIABLES
              ETA1          ETA2          ETA3          Y
              ________      ________      ________      ________
                0.000         0.000         0.304        -0.811


           TWO-TAILED P-VALUE FOR ESTIMATED MEANS FOR THE LATENT VARIABLES
              ETA1          ETA2          ETA3          Y
              ________      ________      ________      ________
                1.000         1.000         0.761         0.418


           ESTIMATED COVARIANCE MATRIX FOR THE LATENT VARIABLES
              ETA1          ETA2          ETA3          Y
              ________      ________      ________      ________
 ETA1           0.786
 ETA2           0.026         1.300
 ETA3           0.000         0.000         1.022
 Y              0.232         0.501         0.220         0.976


           S.E. FOR ESTIMATED COVARIANCE MATRIX FOR THE LATENT VARIABLES
              ETA1          ETA2          ETA3          Y
              ________      ________      ________      ________
 ETA1           0.189
 ETA2           0.087         0.211
 ETA3           0.000         0.000         0.306
 Y              0.063         0.088         0.073         0.097


           EST./S.E. FOR ESTIMATED COVARIANCE MATRIX FOR THE LATENT VARIABLES
              ETA1          ETA2          ETA3          Y
              ________      ________      ________      ________
 ETA1           4.151
 ETA2           0.304         6.159
 ETA3           0.000         0.000         3.339
 Y              3.675         5.677         3.008        10.105


           TWO-TAILED P-VALUE FOR ESTIMATED COVARIANCE MATRIX FOR THE LATENT VARIABLES
              ETA1          ETA2          ETA3          Y
              ________      ________      ________      ________
 ETA1           0.000
 ETA2           0.761         0.000
 ETA3           1.000         1.000         0.001
 Y              0.000         0.000         0.003         0.000


           ESTIMATED CORRELATION MATRIX FOR THE LATENT VARIABLES
              ETA1          ETA2          ETA3          Y
              ________      ________      ________      ________
 ETA1           1.000
 ETA2           0.026         1.000
 ETA3           0.000         0.000         1.000
 Y              0.265         0.445         0.220         1.000


           S.E. FOR ESTIMATED CORRELATION MATRIX FOR THE LATENT VARIABLES
              ETA1          ETA2          ETA3          Y
              ________      ________      ________      ________
 ETA1           0.000
 ETA2           0.084         0.000
 ETA3           0.000         0.000         0.000
 Y              0.061         0.057         0.061         0.000


           EST./S.E. FOR ESTIMATED CORRELATION MATRIX FOR THE LATENT VARIABLES
              ETA1          ETA2          ETA3          Y
              ________      ________      ________      ________
 ETA1         999.000
 ETA2           0.310       999.000
 ETA3           0.000         0.000       999.000
 Y              4.330         7.767         3.606       999.000


           TWO-TAILED P-VALUE FOR ESTIMATED CORRELATION MATRIX FOR THE LATENT VARIABLES
              ETA1          ETA2          ETA3          Y
              ________      ________      ________      ________
 ETA1           0.000
 ETA2           0.757         0.000
 ETA3           1.000         1.000         0.000
 Y              0.000         0.000         0.000         0.000


     Beginning Time:  23:13:34
        Ending Time:  23:14:26
       Elapsed Time:  00:00:52



MUTHEN & MUTHEN
3463 Stoner Ave.
Los Angeles, CA  90066

Tel: (310) 391-9971
Fax: (310) 391-8971
Web: www.StatModel.com
Support: Support@StatModel.com

Copyright (c) 1998-2022 Muthen & Muthen
