Mplus VERSION 8.8 (Mac)
MUTHEN & MUTHEN
08/20/2024  10:38 PM

INPUT INSTRUCTIONS

  TITLE: Data Analysis for SEM with Latent Interaction

  DATA:
    FILE = /Users/jimmy_z/desktop/Temp_Data/temp_data_241.dat;
    FORMAT = FREE;

  VARIABLE:
    NAMES ARE x1 x2 x3 m1 m2 m3 y;
    USEVARIABLES ARE x1 x2 x3 m1 m2 m3 y;

  ANALYSIS:
    TYPE = RANDOM;
    ESTIMATOR = MLR;
    ALGORITHM = INTEGRATION;
    INTEGRATION = MONTECARLO;

  MODEL:
    eta1 BY x1 x2 x3;
    eta2 BY m1 m2 m3;
    eta3 | eta1 XWITH eta2;
    y ON eta1 eta2 eta3;

  OUTPUT:
    STANDARDIZED;
    TECH1;
    TECH4;





INPUT READING TERMINATED NORMALLY



Data Analysis for SEM with Latent Interaction

SUMMARY OF ANALYSIS

Number of groups                                                 1
Number of observations                                         250

Number of dependent variables                                    7
Number of independent variables                                  0
Number of continuous latent variables                            3

Observed dependent variables

  Continuous
   X1          X2          X3          M1          M2          M3
   Y

Continuous latent variables
   ETA1        ETA2        ETA3


Estimator                                                      MLR
Information matrix                                        OBSERVED
Optimization Specifications for the Quasi-Newton Algorithm for
Continuous Outcomes
  Maximum number of iterations                                 100
  Convergence criterion                                  0.100D-05
Optimization Specifications for the EM Algorithm
  Maximum number of iterations                                 500
  Convergence criteria
    Loglikelihood change                                 0.100D-02
    Relative loglikelihood change                        0.100D-05
    Derivative                                           0.100D-02
Optimization Specifications for the M step of the EM Algorithm for
Categorical Latent variables
  Number of M step iterations                                    1
  M step convergence criterion                           0.100D-02
  Basis for M step termination                           ITERATION
Optimization Specifications for the M step of the EM Algorithm for
Censored, Binary or Ordered Categorical (Ordinal), Unordered
Categorical (Nominal) and Count Outcomes
  Number of M step iterations                                    1
  M step convergence criterion                           0.100D-02
  Basis for M step termination                           ITERATION
  Maximum value for logit thresholds                            15
  Minimum value for logit thresholds                           -15
  Minimum expected cell size for chi-square              0.100D-01
Optimization algorithm                                         EMA
Integration Specifications
  Type                                                  MONTECARLO
  Number of integration points                                2000
  Dimensions of numerical integration                            2
  Adaptive quadrature                                           ON
  Monte Carlo integration seed                                   0
Cholesky                                                       OFF

Input data file(s)
  /Users/jimmy_z/desktop/Temp_Data/temp_data_241.dat
Input data format  FREE



UNIVARIATE SAMPLE STATISTICS


     UNIVARIATE HIGHER-ORDER MOMENT DESCRIPTIVE STATISTICS

         Variable/         Mean/     Skewness/   Minimum/ % with                Percentiles
        Sample Size      Variance    Kurtosis    Maximum  Min/Max      20%/60%    40%/80%    Median

     X1                   -0.044      -0.107      -4.571    0.40%      -1.290     -0.459     -0.033
             250.000       2.296      -0.115       4.143    0.40%       0.295      1.257
     X2                    0.022      -0.094      -4.019    0.40%      -1.133     -0.294      0.107
             250.000       1.732       0.208       4.899    0.40%       0.394      1.158
     X3                    0.078      -0.126      -2.899    0.40%      -0.940     -0.118      0.197
             250.000       1.251      -0.382       3.029    0.40%       0.451      0.980
     M1                    0.016       0.005      -4.638    0.40%      -1.168     -0.350     -0.009
             250.000       1.934       0.241       4.030    0.40%       0.328      1.191
     M2                    0.059       0.080      -3.504    0.40%      -1.034     -0.197      0.009
             250.000       1.675       0.038       3.403    0.40%       0.330      1.027
     M3                    0.035      -0.052      -3.015    0.40%      -0.867     -0.173      0.095
             250.000       1.209      -0.047       3.053    0.40%       0.314      0.903
     Y                     0.037       0.064      -2.731    0.40%      -0.691     -0.157      0.053
             250.000       0.876       0.278       2.843    0.40%       0.272      0.776


THE MODEL ESTIMATION TERMINATED NORMALLY



MODEL FIT INFORMATION

Number of Free Parameters                       24

Loglikelihood

          H0 Value                       -2690.987
          H0 Scaling Correction Factor      1.0185
            for MLR

Information Criteria

          Akaike (AIC)                    5429.974
          Bayesian (BIC)                  5514.489
          Sample-Size Adjusted BIC        5438.407
            (n* = (n + 2) / 24)



MODEL RESULTS

                                                    Two-Tailed
                    Estimate       S.E.  Est./S.E.    P-Value

 ETA1     BY
    X1                 1.000      0.000    999.000    999.000
    X2                 0.913      0.121      7.538      0.000
    X3                 0.664      0.101      6.585      0.000

 ETA2     BY
    M1                 1.000      0.000    999.000    999.000
    M2                 0.650      0.106      6.113      0.000
    M3                 0.781      0.125      6.235      0.000

 Y          ON
    ETA1               0.187      0.072      2.616      0.009
    ETA2               0.248      0.077      3.208      0.001
    ETA3               0.442      0.141      3.131      0.002

 ETA2     WITH
    ETA1               0.043      0.083      0.520      0.603

 Intercepts
    X1                -0.045      0.096     -0.471      0.638
    X2                 0.021      0.083      0.252      0.801
    X3                 0.077      0.071      1.083      0.279
    M1                 0.016      0.088      0.185      0.853
    M2                 0.059      0.082      0.725      0.469
    M3                 0.035      0.069      0.500      0.617
    Y                  0.018      0.061      0.290      0.772

 Variances
    ETA1               1.040      0.227      4.585      0.000
    ETA2               0.972      0.215      4.524      0.000

 Residual Variances
    X1                 1.258      0.169      7.435      0.000
    X2                 0.865      0.129      6.704      0.000
    X3                 0.792      0.090      8.823      0.000
    M1                 0.961      0.157      6.132      0.000
    M2                 1.265      0.140      9.005      0.000
    M3                 0.616      0.096      6.432      0.000
    Y                  0.602      0.082      7.308      0.000


QUALITY OF NUMERICAL RESULTS

     Condition Number for the Information Matrix              0.242E-01
       (ratio of smallest to largest eigenvalue)


STANDARDIZED MODEL RESULTS


STDYX Standardization

                                                    Two-Tailed
                    Estimate       S.E.  Est./S.E.    P-Value

 ETA1     BY
    X1                 0.673      0.057     11.757      0.000
    X2                 0.707      0.058     12.283      0.000
    X3                 0.606      0.052     11.652      0.000

 ETA2     BY
    M1                 0.709      0.060     11.855      0.000
    M2                 0.495      0.061      8.129      0.000
    M3                 0.700      0.059     11.920      0.000

 Y          ON
    ETA1               0.201      0.077      2.627      0.009
    ETA2               0.257      0.079      3.251      0.001
    ETA3               0.469      0.110      4.261      0.000

 ETA2     WITH
    ETA1               0.043      0.085      0.504      0.614

 Intercepts
    X1                -0.030      0.063     -0.472      0.637
    X2                 0.016      0.063      0.252      0.801
    X3                 0.068      0.064      1.077      0.281
    M1                 0.012      0.063      0.185      0.853
    M2                 0.046      0.063      0.726      0.468
    M3                 0.032      0.063      0.499      0.618
    Y                  0.019      0.064      0.291      0.771

 Variances
    ETA1               1.000      0.000    999.000    999.000
    ETA2               1.000      0.000    999.000    999.000

 Residual Variances
    X1                 0.547      0.077      7.109      0.000
    X2                 0.500      0.081      6.132      0.000
    X3                 0.633      0.063     10.058      0.000
    M1                 0.497      0.085      5.861      0.000
    M2                 0.755      0.060     12.520      0.000
    M3                 0.509      0.082      6.188      0.000
    Y                  0.669      0.100      6.683      0.000


STDY Standardization

                                                    Two-Tailed
                    Estimate       S.E.  Est./S.E.    P-Value

 ETA1     BY
    X1                 0.673      0.057     11.757      0.000
    X2                 0.707      0.058     12.283      0.000
    X3                 0.606      0.052     11.652      0.000

 ETA2     BY
    M1                 0.709      0.060     11.855      0.000
    M2                 0.495      0.061      8.129      0.000
    M3                 0.700      0.059     11.920      0.000

 Y          ON
    ETA1               0.201      0.077      2.627      0.009
    ETA2               0.257      0.079      3.251      0.001
    ETA3               0.469      0.110      4.261      0.000

 ETA2     WITH
    ETA1               0.043      0.085      0.504      0.614

 Intercepts
    X1                -0.030      0.063     -0.472      0.637
    X2                 0.016      0.063      0.252      0.801
    X3                 0.068      0.064      1.077      0.281
    M1                 0.012      0.063      0.185      0.853
    M2                 0.046      0.063      0.726      0.468
    M3                 0.032      0.063      0.499      0.618
    Y                  0.019      0.064      0.291      0.771

 Variances
    ETA1               1.000      0.000    999.000    999.000
    ETA2               1.000      0.000    999.000    999.000

 Residual Variances
    X1                 0.547      0.077      7.109      0.000
    X2                 0.500      0.081      6.132      0.000
    X3                 0.633      0.063     10.058      0.000
    M1                 0.497      0.085      5.861      0.000
    M2                 0.755      0.060     12.520      0.000
    M3                 0.509      0.082      6.188      0.000
    Y                  0.669      0.100      6.683      0.000


STD Standardization

                                                    Two-Tailed
                    Estimate       S.E.  Est./S.E.    P-Value

 ETA1     BY
    X1                 1.020      0.111      9.170      0.000
    X2                 0.931      0.103      9.078      0.000
    X3                 0.677      0.069      9.759      0.000

 ETA2     BY
    M1                 0.986      0.109      9.048      0.000
    M2                 0.641      0.088      7.280      0.000
    M3                 0.770      0.083      9.314      0.000

 Y          ON
    ETA1               0.191      0.075      2.555      0.011
    ETA2               0.244      0.078      3.141      0.002
    ETA3               0.445      0.114      3.891      0.000

 ETA2     WITH
    ETA1               0.043      0.085      0.504      0.614

 Intercepts
    X1                -0.045      0.096     -0.471      0.638
    X2                 0.021      0.083      0.252      0.801
    X3                 0.077      0.071      1.083      0.279
    M1                 0.016      0.088      0.185      0.853
    M2                 0.059      0.082      0.725      0.469
    M3                 0.035      0.069      0.500      0.617
    Y                  0.018      0.061      0.290      0.772

 Variances
    ETA1               1.000      0.000    999.000    999.000
    ETA2               1.000      0.000    999.000    999.000

 Residual Variances
    X1                 1.258      0.169      7.435      0.000
    X2                 0.865      0.129      6.704      0.000
    X3                 0.792      0.090      8.823      0.000
    M1                 0.961      0.157      6.132      0.000
    M2                 1.265      0.140      9.005      0.000
    M3                 0.616      0.096      6.432      0.000
    Y                  0.602      0.082      7.308      0.000


R-SQUARE

    Observed                                        Two-Tailed
    Variable        Estimate       S.E.  Est./S.E.    P-Value

    X1                 0.453      0.077      5.878      0.000
    X2                 0.500      0.081      6.141      0.000
    X3                 0.367      0.063      5.826      0.000
    M1                 0.503      0.085      5.928      0.000
    M2                 0.245      0.060      4.064      0.000
    M3                 0.491      0.082      5.960      0.000
    Y                  0.331      0.100      3.310      0.001


TECHNICAL 1 OUTPUT


     PARAMETER SPECIFICATION


           NU
              X1            X2            X3            M1            M2
              ________      ________      ________      ________      ________
                    1             2             3             4             5


           NU
              M3            Y
              ________      ________
                    6             0


           LAMBDA
              ETA1          ETA2          ETA3          Y
              ________      ________      ________      ________
 X1                 0             0             0             0
 X2                 7             0             0             0
 X3                 8             0             0             0
 M1                 0             0             0             0
 M2                 0             9             0             0
 M3                 0            10             0             0
 Y                  0             0             0             0


           THETA
              X1            X2            X3            M1            M2
              ________      ________      ________      ________      ________
 X1                11
 X2                 0            12
 X3                 0             0            13
 M1                 0             0             0            14
 M2                 0             0             0             0            15
 M3                 0             0             0             0             0
 Y                  0             0             0             0             0


           THETA
              M3            Y
              ________      ________
 M3                16
 Y                  0             0


           ALPHA
              ETA1          ETA2          ETA3          Y
              ________      ________      ________      ________
                    0             0             0            17


           BETA
              ETA1          ETA2          ETA3          Y
              ________      ________      ________      ________
 ETA1               0             0             0             0
 ETA2               0             0             0             0
 ETA3               0             0             0             0
 Y                 18            19            20             0


           PSI
              ETA1          ETA2          ETA3          Y
              ________      ________      ________      ________
 ETA1              21
 ETA2              22            23
 ETA3               0             0             0
 Y                  0             0             0            24


     STARTING VALUES


           NU
              X1            X2            X3            M1            M2
              ________      ________      ________      ________      ________
               -0.044         0.022         0.078         0.016         0.059


           NU
              M3            Y
              ________      ________
                0.035         0.000


           LAMBDA
              ETA1          ETA2          ETA3          Y
              ________      ________      ________      ________
 X1             1.000         0.000         0.000         0.000
 X2             1.000         0.000         0.000         0.000
 X3             1.000         0.000         0.000         0.000
 M1             0.000         1.000         0.000         0.000
 M2             0.000         1.000         0.000         0.000
 M3             0.000         1.000         0.000         0.000
 Y              0.000         0.000         0.000         1.000


           THETA
              X1            X2            X3            M1            M2
              ________      ________      ________      ________      ________
 X1             1.148
 X2             0.000         0.866
 X3             0.000         0.000         0.625
 M1             0.000         0.000         0.000         0.967
 M2             0.000         0.000         0.000         0.000         0.838
 M3             0.000         0.000         0.000         0.000         0.000
 Y              0.000         0.000         0.000         0.000         0.000


           THETA
              M3            Y
              ________      ________
 M3             0.605
 Y              0.000         0.000


           ALPHA
              ETA1          ETA2          ETA3          Y
              ________      ________      ________      ________
                0.000         0.000         0.000         0.037


           BETA
              ETA1          ETA2          ETA3          Y
              ________      ________      ________      ________
 ETA1           0.000         0.000         0.000         0.000
 ETA2           0.000         0.000         0.000         0.000
 ETA3           0.000         0.000         0.000         0.000
 Y              0.000         0.000         0.000         0.000


           PSI
              ETA1          ETA2          ETA3          Y
              ________      ________      ________      ________
 ETA1           0.050
 ETA2           0.000         0.050
 ETA3           0.000         0.000         0.000
 Y              0.000         0.000         0.000         0.438


TECHNICAL 4 OUTPUT


     ESTIMATES DERIVED FROM THE MODEL


           ESTIMATED MEANS FOR THE LATENT VARIABLES
              ETA1          ETA2          ETA3          Y
              ________      ________      ________      ________
                0.000         0.000         0.043         0.037


           S.E. FOR ESTIMATED MEANS FOR THE LATENT VARIABLES
              ETA1          ETA2          ETA3          Y
              ________      ________      ________      ________
                0.000         0.000         0.083         0.059


           EST./S.E. FOR ESTIMATED MEANS FOR THE LATENT VARIABLES
              ETA1          ETA2          ETA3          Y
              ________      ________      ________      ________
                0.000         0.000         0.520         0.620


           TWO-TAILED P-VALUE FOR ESTIMATED MEANS FOR THE LATENT VARIABLES
              ETA1          ETA2          ETA3          Y
              ________      ________      ________      ________
                1.000         1.000         0.603         0.536


           ESTIMATED COVARIANCE MATRIX FOR THE LATENT VARIABLES
              ETA1          ETA2          ETA3          Y
              ________      ________      ________      ________
 ETA1           1.040
 ETA2           0.043         0.972
 ETA3           0.000         0.000         1.013
 Y              0.206         0.249         0.448         0.901


           S.E. FOR ESTIMATED COVARIANCE MATRIX FOR THE LATENT VARIABLES
              ETA1          ETA2          ETA3          Y
              ________      ________      ________      ________
 ETA1           0.227
 ETA2           0.083         0.215
 ETA3           0.000         0.000         0.315
 Y              0.081         0.085         0.126         0.092


           EST./S.E. FOR ESTIMATED COVARIANCE MATRIX FOR THE LATENT VARIABLES
              ETA1          ETA2          ETA3          Y
              ________      ________      ________      ________
 ETA1           4.585
 ETA2           0.520         4.524
 ETA3           0.000         0.000         3.210
 Y              2.523         2.943         3.567         9.828


           TWO-TAILED P-VALUE FOR ESTIMATED COVARIANCE MATRIX FOR THE LATENT VARIABLES
              ETA1          ETA2          ETA3          Y
              ________      ________      ________      ________
 ETA1           0.000
 ETA2           0.603         0.000
 ETA3           1.000         1.000         0.001
 Y              0.012         0.003         0.000         0.000


           ESTIMATED CORRELATION MATRIX FOR THE LATENT VARIABLES
              ETA1          ETA2          ETA3          Y
              ________      ________      ________      ________
 ETA1           1.000
 ETA2           0.043         1.000
 ETA3           0.000         0.000         1.000
 Y              0.212         0.266         0.469         1.000


           S.E. FOR ESTIMATED CORRELATION MATRIX FOR THE LATENT VARIABLES
              ETA1          ETA2          ETA3          Y
              ________      ________      ________      ________
 ETA1           0.000
 ETA2           0.085         0.000
 ETA3           0.000         0.000         0.000
 Y              0.076         0.077         0.110         0.000


           EST./S.E. FOR ESTIMATED CORRELATION MATRIX FOR THE LATENT VARIABLES
              ETA1          ETA2          ETA3          Y
              ________      ________      ________      ________
 ETA1         999.000
 ETA2           0.504       999.000
 ETA3           0.000         0.000       999.000
 Y              2.780         3.468         4.260       999.000


           TWO-TAILED P-VALUE FOR ESTIMATED CORRELATION MATRIX FOR THE LATENT VARIABLES
              ETA1          ETA2          ETA3          Y
              ________      ________      ________      ________
 ETA1           0.000
 ETA2           0.614         0.000
 ETA3           1.000         1.000         0.000
 Y              0.005         0.001         0.000         0.000


     Beginning Time:  22:38:29
        Ending Time:  22:39:46
       Elapsed Time:  00:01:17



MUTHEN & MUTHEN
3463 Stoner Ave.
Los Angeles, CA  90066

Tel: (310) 391-9971
Fax: (310) 391-8971
Web: www.StatModel.com
Support: Support@StatModel.com

Copyright (c) 1998-2022 Muthen & Muthen
