Mplus VERSION 8.8 (Mac)
MUTHEN & MUTHEN
08/20/2024  10:39 PM

INPUT INSTRUCTIONS

  TITLE: Data Analysis for SEM with Latent Interaction

  DATA:
    FILE = /Users/jimmy_z/desktop/Temp_Data/temp_data_247.dat;
    FORMAT = FREE;

  VARIABLE:
    NAMES ARE x1 x2 x3 m1 m2 m3 y;
    USEVARIABLES ARE x1 x2 x3 m1 m2 m3 y;

  ANALYSIS:
    TYPE = RANDOM;
    ESTIMATOR = MLR;
    ALGORITHM = INTEGRATION;
    INTEGRATION = MONTECARLO;

  MODEL:
    eta1 BY x1 x2 x3;
    eta2 BY m1 m2 m3;
    eta3 | eta1 XWITH eta2;
    y ON eta1 eta2 eta3;

  OUTPUT:
    STANDARDIZED;
    TECH1;
    TECH4;





INPUT READING TERMINATED NORMALLY



Data Analysis for SEM with Latent Interaction

SUMMARY OF ANALYSIS

Number of groups                                                 1
Number of observations                                         250

Number of dependent variables                                    7
Number of independent variables                                  0
Number of continuous latent variables                            3

Observed dependent variables

  Continuous
   X1          X2          X3          M1          M2          M3
   Y

Continuous latent variables
   ETA1        ETA2        ETA3


Estimator                                                      MLR
Information matrix                                        OBSERVED
Optimization Specifications for the Quasi-Newton Algorithm for
Continuous Outcomes
  Maximum number of iterations                                 100
  Convergence criterion                                  0.100D-05
Optimization Specifications for the EM Algorithm
  Maximum number of iterations                                 500
  Convergence criteria
    Loglikelihood change                                 0.100D-02
    Relative loglikelihood change                        0.100D-05
    Derivative                                           0.100D-02
Optimization Specifications for the M step of the EM Algorithm for
Categorical Latent variables
  Number of M step iterations                                    1
  M step convergence criterion                           0.100D-02
  Basis for M step termination                           ITERATION
Optimization Specifications for the M step of the EM Algorithm for
Censored, Binary or Ordered Categorical (Ordinal), Unordered
Categorical (Nominal) and Count Outcomes
  Number of M step iterations                                    1
  M step convergence criterion                           0.100D-02
  Basis for M step termination                           ITERATION
  Maximum value for logit thresholds                            15
  Minimum value for logit thresholds                           -15
  Minimum expected cell size for chi-square              0.100D-01
Optimization algorithm                                         EMA
Integration Specifications
  Type                                                  MONTECARLO
  Number of integration points                                2000
  Dimensions of numerical integration                            2
  Adaptive quadrature                                           ON
  Monte Carlo integration seed                                   0
Cholesky                                                       OFF

Input data file(s)
  /Users/jimmy_z/desktop/Temp_Data/temp_data_247.dat
Input data format  FREE



UNIVARIATE SAMPLE STATISTICS


     UNIVARIATE HIGHER-ORDER MOMENT DESCRIPTIVE STATISTICS

         Variable/         Mean/     Skewness/   Minimum/ % with                Percentiles
        Sample Size      Variance    Kurtosis    Maximum  Min/Max      20%/60%    40%/80%    Median

     X1                    0.076       0.210      -4.119    0.40%      -1.283     -0.419     -0.033
             250.000       2.577      -0.255       4.222    0.40%       0.273      1.427
     X2                    0.127       0.060      -4.292    0.40%      -0.908     -0.144      0.146
             250.000       1.812       0.930       4.842    0.40%       0.420      1.116
     X3                    0.059       0.191      -3.453    0.40%      -1.032     -0.348      0.025
             250.000       1.408      -0.023       3.551    0.40%       0.343      1.106
     M1                   -0.040       0.173      -4.363    0.40%      -1.258     -0.549     -0.097
             250.000       2.240       0.655       5.191    0.40%       0.286      1.148
     M2                   -0.013       0.471      -2.768    0.40%      -1.242     -0.494     -0.088
             250.000       1.997       0.142       4.451    0.40%       0.249      1.118
     M3                    0.002      -0.267      -4.413    0.40%      -0.876     -0.362     -0.015
             250.000       1.211       0.363       2.735    0.40%       0.262      1.010
     Y                     0.154       0.345      -2.422    0.40%      -0.669     -0.208      0.025
             250.000       1.105       0.154       3.032    0.40%       0.345      0.946


THE MODEL ESTIMATION TERMINATED NORMALLY



MODEL FIT INFORMATION

Number of Free Parameters                       24

Loglikelihood

          H0 Value                       -2742.126
          H0 Scaling Correction Factor      1.0099
            for MLR

Information Criteria

          Akaike (AIC)                    5532.252
          Bayesian (BIC)                  5616.767
          Sample-Size Adjusted BIC        5540.685
            (n* = (n + 2) / 24)



MODEL RESULTS

                                                    Two-Tailed
                    Estimate       S.E.  Est./S.E.    P-Value

 ETA1     BY
    X1                 1.000      0.000    999.000    999.000
    X2                 0.926      0.121      7.652      0.000
    X3                 0.795      0.091      8.689      0.000

 ETA2     BY
    M1                 1.000      0.000    999.000    999.000
    M2                 0.915      0.120      7.613      0.000
    M3                 0.633      0.086      7.366      0.000

 Y          ON
    ETA1               0.236      0.068      3.465      0.001
    ETA2               0.358      0.069      5.213      0.000
    ETA3               0.300      0.071      4.208      0.000

 ETA2     WITH
    ETA1               0.088      0.098      0.891      0.373

 Intercepts
    X1                 0.073      0.102      0.714      0.475
    X2                 0.124      0.085      1.451      0.147
    X3                 0.056      0.075      0.749      0.454
    M1                -0.041      0.095     -0.430      0.667
    M2                -0.014      0.089     -0.154      0.877
    M3                 0.001      0.070      0.013      0.990
    Y                  0.126      0.066      1.926      0.054

 Variances
    ETA1               1.180      0.203      5.810      0.000
    ETA2               1.160      0.224      5.178      0.000

 Residual Variances
    X1                 1.404      0.170      8.267      0.000
    X2                 0.801      0.122      6.549      0.000
    X3                 0.663      0.098      6.779      0.000
    M1                 1.079      0.167      6.455      0.000
    M2                 1.025      0.135      7.583      0.000
    M3                 0.746      0.085      8.789      0.000
    Y                  0.734      0.080      9.118      0.000


QUALITY OF NUMERICAL RESULTS

     Condition Number for the Information Matrix              0.954E-03
       (ratio of smallest to largest eigenvalue)


STANDARDIZED MODEL RESULTS


STDYX Standardization

                                                    Two-Tailed
                    Estimate       S.E.  Est./S.E.    P-Value

 ETA1     BY
    X1                 0.676      0.044     15.186      0.000
    X2                 0.747      0.048     15.409      0.000
    X3                 0.727      0.046     15.987      0.000

 ETA2     BY
    M1                 0.720      0.049     14.543      0.000
    M2                 0.698      0.049     14.293      0.000
    M3                 0.619      0.049     12.581      0.000

 Y          ON
    ETA1               0.246      0.066      3.705      0.000
    ETA2               0.370      0.063      5.913      0.000
    ETA3               0.336      0.069      4.895      0.000

 ETA2     WITH
    ETA1               0.075      0.083      0.899      0.369

 Intercepts
    X1                 0.045      0.063      0.717      0.473
    X2                 0.092      0.063      1.450      0.147
    X3                 0.047      0.063      0.752      0.452
    M1                -0.027      0.063     -0.429      0.668
    M2                -0.010      0.063     -0.154      0.878
    M3                 0.001      0.063      0.013      0.990
    Y                  0.121      0.062      1.951      0.051

 Variances
    ETA1               1.000      0.000    999.000    999.000
    ETA2               1.000      0.000    999.000    999.000

 Residual Variances
    X1                 0.543      0.060      9.037      0.000
    X2                 0.442      0.072      6.101      0.000
    X3                 0.471      0.066      7.112      0.000
    M1                 0.482      0.071      6.765      0.000
    M2                 0.513      0.068      7.538      0.000
    M3                 0.616      0.061     10.103      0.000
    Y                  0.675      0.065     10.374      0.000


STDY Standardization

                                                    Two-Tailed
                    Estimate       S.E.  Est./S.E.    P-Value

 ETA1     BY
    X1                 0.676      0.044     15.186      0.000
    X2                 0.747      0.048     15.409      0.000
    X3                 0.727      0.046     15.987      0.000

 ETA2     BY
    M1                 0.720      0.049     14.543      0.000
    M2                 0.698      0.049     14.293      0.000
    M3                 0.619      0.049     12.581      0.000

 Y          ON
    ETA1               0.246      0.066      3.705      0.000
    ETA2               0.370      0.063      5.913      0.000
    ETA3               0.336      0.069      4.895      0.000

 ETA2     WITH
    ETA1               0.075      0.083      0.899      0.369

 Intercepts
    X1                 0.045      0.063      0.717      0.473
    X2                 0.092      0.063      1.450      0.147
    X3                 0.047      0.063      0.752      0.452
    M1                -0.027      0.063     -0.429      0.668
    M2                -0.010      0.063     -0.154      0.878
    M3                 0.001      0.063      0.013      0.990
    Y                  0.121      0.062      1.951      0.051

 Variances
    ETA1               1.000      0.000    999.000    999.000
    ETA2               1.000      0.000    999.000    999.000

 Residual Variances
    X1                 0.543      0.060      9.037      0.000
    X2                 0.442      0.072      6.101      0.000
    X3                 0.471      0.066      7.112      0.000
    M1                 0.482      0.071      6.765      0.000
    M2                 0.513      0.068      7.538      0.000
    M3                 0.616      0.061     10.103      0.000
    Y                  0.675      0.065     10.374      0.000


STD Standardization

                                                    Two-Tailed
                    Estimate       S.E.  Est./S.E.    P-Value

 ETA1     BY
    X1                 1.086      0.093     11.619      0.000
    X2                 1.006      0.101      9.917      0.000
    X3                 0.863      0.073     11.781      0.000

 ETA2     BY
    M1                 1.077      0.104     10.357      0.000
    M2                 0.986      0.095     10.341      0.000
    M3                 0.682      0.072      9.444      0.000

 Y          ON
    ETA1               0.256      0.073      3.520      0.000
    ETA2               0.386      0.072      5.383      0.000
    ETA3               0.350      0.073      4.778      0.000

 ETA2     WITH
    ETA1               0.075      0.083      0.899      0.369

 Intercepts
    X1                 0.073      0.102      0.714      0.475
    X2                 0.124      0.085      1.451      0.147
    X3                 0.056      0.075      0.749      0.454
    M1                -0.041      0.095     -0.430      0.667
    M2                -0.014      0.089     -0.154      0.877
    M3                 0.001      0.070      0.013      0.990
    Y                  0.126      0.066      1.926      0.054

 Variances
    ETA1               1.000      0.000    999.000    999.000
    ETA2               1.000      0.000    999.000    999.000

 Residual Variances
    X1                 1.404      0.170      8.267      0.000
    X2                 0.801      0.122      6.549      0.000
    X3                 0.663      0.098      6.779      0.000
    M1                 1.079      0.167      6.455      0.000
    M2                 1.025      0.135      7.583      0.000
    M3                 0.746      0.085      8.789      0.000
    Y                  0.734      0.080      9.118      0.000


R-SQUARE

    Observed                                        Two-Tailed
    Variable        Estimate       S.E.  Est./S.E.    P-Value

    X1                 0.457      0.060      7.593      0.000
    X2                 0.558      0.072      7.704      0.000
    X3                 0.529      0.066      7.994      0.000
    M1                 0.518      0.071      7.272      0.000
    M2                 0.487      0.068      7.147      0.000
    M3                 0.384      0.061      6.291      0.000
    Y                  0.325      0.065      4.984      0.000


TECHNICAL 1 OUTPUT


     PARAMETER SPECIFICATION


           NU
              X1            X2            X3            M1            M2
              ________      ________      ________      ________      ________
                    1             2             3             4             5


           NU
              M3            Y
              ________      ________
                    6             0


           LAMBDA
              ETA1          ETA2          ETA3          Y
              ________      ________      ________      ________
 X1                 0             0             0             0
 X2                 7             0             0             0
 X3                 8             0             0             0
 M1                 0             0             0             0
 M2                 0             9             0             0
 M3                 0            10             0             0
 Y                  0             0             0             0


           THETA
              X1            X2            X3            M1            M2
              ________      ________      ________      ________      ________
 X1                11
 X2                 0            12
 X3                 0             0            13
 M1                 0             0             0            14
 M2                 0             0             0             0            15
 M3                 0             0             0             0             0
 Y                  0             0             0             0             0


           THETA
              M3            Y
              ________      ________
 M3                16
 Y                  0             0


           ALPHA
              ETA1          ETA2          ETA3          Y
              ________      ________      ________      ________
                    0             0             0            17


           BETA
              ETA1          ETA2          ETA3          Y
              ________      ________      ________      ________
 ETA1               0             0             0             0
 ETA2               0             0             0             0
 ETA3               0             0             0             0
 Y                 18            19            20             0


           PSI
              ETA1          ETA2          ETA3          Y
              ________      ________      ________      ________
 ETA1              21
 ETA2              22            23
 ETA3               0             0             0
 Y                  0             0             0            24


     STARTING VALUES


           NU
              X1            X2            X3            M1            M2
              ________      ________      ________      ________      ________
                0.076         0.127         0.059        -0.040        -0.013


           NU
              M3            Y
              ________      ________
                0.002         0.000


           LAMBDA
              ETA1          ETA2          ETA3          Y
              ________      ________      ________      ________
 X1             1.000         0.000         0.000         0.000
 X2             1.000         0.000         0.000         0.000
 X3             1.000         0.000         0.000         0.000
 M1             0.000         1.000         0.000         0.000
 M2             0.000         1.000         0.000         0.000
 M3             0.000         1.000         0.000         0.000
 Y              0.000         0.000         0.000         1.000


           THETA
              X1            X2            X3            M1            M2
              ________      ________      ________      ________      ________
 X1             1.289
 X2             0.000         0.906
 X3             0.000         0.000         0.704
 M1             0.000         0.000         0.000         1.120
 M2             0.000         0.000         0.000         0.000         0.998
 M3             0.000         0.000         0.000         0.000         0.000
 Y              0.000         0.000         0.000         0.000         0.000


           THETA
              M3            Y
              ________      ________
 M3             0.606
 Y              0.000         0.000


           ALPHA
              ETA1          ETA2          ETA3          Y
              ________      ________      ________      ________
                0.000         0.000         0.000         0.154


           BETA
              ETA1          ETA2          ETA3          Y
              ________      ________      ________      ________
 ETA1           0.000         0.000         0.000         0.000
 ETA2           0.000         0.000         0.000         0.000
 ETA3           0.000         0.000         0.000         0.000
 Y              0.000         0.000         0.000         0.000


           PSI
              ETA1          ETA2          ETA3          Y
              ________      ________      ________      ________
 ETA1           0.050
 ETA2           0.000         0.050
 ETA3           0.000         0.000         0.000
 Y              0.000         0.000         0.000         0.553


TECHNICAL 4 OUTPUT


     ESTIMATES DERIVED FROM THE MODEL


           ESTIMATED MEANS FOR THE LATENT VARIABLES
              ETA1          ETA2          ETA3          Y
              ________      ________      ________      ________
                0.000         0.000         0.088         0.153


           S.E. FOR ESTIMATED MEANS FOR THE LATENT VARIABLES
              ETA1          ETA2          ETA3          Y
              ________      ________      ________      ________
                0.000         0.000         0.098         0.067


           EST./S.E. FOR ESTIMATED MEANS FOR THE LATENT VARIABLES
              ETA1          ETA2          ETA3          Y
              ________      ________      ________      ________
                0.000         0.000         0.891         2.294


           TWO-TAILED P-VALUE FOR ESTIMATED MEANS FOR THE LATENT VARIABLES
              ETA1          ETA2          ETA3          Y
              ________      ________      ________      ________
                1.000         1.000         0.373         0.022


           ESTIMATED COVARIANCE MATRIX FOR THE LATENT VARIABLES
              ETA1          ETA2          ETA3          Y
              ________      ________      ________      ________
 ETA1           1.180
 ETA2           0.088         1.160
 ETA3           0.000         0.000         1.376
 Y              0.309         0.436         0.412         1.086


           S.E. FOR ESTIMATED COVARIANCE MATRIX FOR THE LATENT VARIABLES
              ETA1          ETA2          ETA3          Y
              ________      ________      ________      ________
 ETA1           0.203
 ETA2           0.098         0.224
 ETA3           0.000         0.000         0.356
 Y              0.083         0.101         0.105         0.100


           EST./S.E. FOR ESTIMATED COVARIANCE MATRIX FOR THE LATENT VARIABLES
              ETA1          ETA2          ETA3          Y
              ________      ________      ________      ________
 ETA1           5.810
 ETA2           0.891         5.178
 ETA3           0.000         0.000         3.863
 Y              3.737         4.315         3.935        10.846


           TWO-TAILED P-VALUE FOR ESTIMATED COVARIANCE MATRIX FOR THE LATENT VARIABLES
              ETA1          ETA2          ETA3          Y
              ________      ________      ________      ________
 ETA1           0.000
 ETA2           0.373         0.000
 ETA3           1.000         1.000         0.000
 Y              0.000         0.000         0.000         0.000


           ESTIMATED CORRELATION MATRIX FOR THE LATENT VARIABLES
              ETA1          ETA2          ETA3          Y
              ________      ________      ________      ________
 ETA1           1.000
 ETA2           0.075         1.000
 ETA3           0.000         0.000         1.000
 Y              0.273         0.388         0.337         1.000


           S.E. FOR ESTIMATED CORRELATION MATRIX FOR THE LATENT VARIABLES
              ETA1          ETA2          ETA3          Y
              ________      ________      ________      ________
 ETA1           0.000
 ETA2           0.083         0.000
 ETA3           0.000         0.000         0.000
 Y              0.063         0.067         0.069         0.000


           EST./S.E. FOR ESTIMATED CORRELATION MATRIX FOR THE LATENT VARIABLES
              ETA1          ETA2          ETA3          Y
              ________      ________      ________      ________
 ETA1         999.000
 ETA2           0.899       999.000
 ETA3           0.000         0.000       999.000
 Y              4.317         5.805         4.899       999.000


           TWO-TAILED P-VALUE FOR ESTIMATED CORRELATION MATRIX FOR THE LATENT VARIABLES
              ETA1          ETA2          ETA3          Y
              ________      ________      ________      ________
 ETA1           0.000
 ETA2           0.369         0.000
 ETA3           1.000         1.000         0.000
 Y              0.000         0.000         0.000         0.000


     Beginning Time:  22:39:19
        Ending Time:  22:40:20
       Elapsed Time:  00:01:01



MUTHEN & MUTHEN
3463 Stoner Ave.
Los Angeles, CA  90066

Tel: (310) 391-9971
Fax: (310) 391-8971
Web: www.StatModel.com
Support: Support@StatModel.com

Copyright (c) 1998-2022 Muthen & Muthen
