Mplus VERSION 8.8 (Mac)
MUTHEN & MUTHEN
08/20/2024  10:33 PM

INPUT INSTRUCTIONS

  TITLE: Data Analysis for SEM with Latent Interaction

  DATA:
    FILE = /Users/jimmy_z/desktop/Temp_Data/temp_data_209.dat;
    FORMAT = FREE;

  VARIABLE:
    NAMES ARE x1 x2 x3 m1 m2 m3 y;
    USEVARIABLES ARE x1 x2 x3 m1 m2 m3 y;

  ANALYSIS:
    TYPE = RANDOM;
    ESTIMATOR = MLR;
    ALGORITHM = INTEGRATION;
    INTEGRATION = MONTECARLO;

  MODEL:
    eta1 BY x1 x2 x3;
    eta2 BY m1 m2 m3;
    eta3 | eta1 XWITH eta2;
    y ON eta1 eta2 eta3;

  OUTPUT:
    STANDARDIZED;
    TECH1;
    TECH4;





INPUT READING TERMINATED NORMALLY



Data Analysis for SEM with Latent Interaction

SUMMARY OF ANALYSIS

Number of groups                                                 1
Number of observations                                         250

Number of dependent variables                                    7
Number of independent variables                                  0
Number of continuous latent variables                            3

Observed dependent variables

  Continuous
   X1          X2          X3          M1          M2          M3
   Y

Continuous latent variables
   ETA1        ETA2        ETA3


Estimator                                                      MLR
Information matrix                                        OBSERVED
Optimization Specifications for the Quasi-Newton Algorithm for
Continuous Outcomes
  Maximum number of iterations                                 100
  Convergence criterion                                  0.100D-05
Optimization Specifications for the EM Algorithm
  Maximum number of iterations                                 500
  Convergence criteria
    Loglikelihood change                                 0.100D-02
    Relative loglikelihood change                        0.100D-05
    Derivative                                           0.100D-02
Optimization Specifications for the M step of the EM Algorithm for
Categorical Latent variables
  Number of M step iterations                                    1
  M step convergence criterion                           0.100D-02
  Basis for M step termination                           ITERATION
Optimization Specifications for the M step of the EM Algorithm for
Censored, Binary or Ordered Categorical (Ordinal), Unordered
Categorical (Nominal) and Count Outcomes
  Number of M step iterations                                    1
  M step convergence criterion                           0.100D-02
  Basis for M step termination                           ITERATION
  Maximum value for logit thresholds                            15
  Minimum value for logit thresholds                           -15
  Minimum expected cell size for chi-square              0.100D-01
Optimization algorithm                                         EMA
Integration Specifications
  Type                                                  MONTECARLO
  Number of integration points                                2000
  Dimensions of numerical integration                            2
  Adaptive quadrature                                           ON
  Monte Carlo integration seed                                   0
Cholesky                                                       OFF

Input data file(s)
  /Users/jimmy_z/desktop/Temp_Data/temp_data_209.dat
Input data format  FREE



UNIVARIATE SAMPLE STATISTICS


     UNIVARIATE HIGHER-ORDER MOMENT DESCRIPTIVE STATISTICS

         Variable/         Mean/     Skewness/   Minimum/ % with                Percentiles
        Sample Size      Variance    Kurtosis    Maximum  Min/Max      20%/60%    40%/80%    Median

     X1                    0.144      -0.050      -3.935    0.40%      -1.125     -0.283      0.253
             250.000       2.400      -0.107       5.250    0.40%       0.572      1.404
     X2                   -0.037       0.033      -4.282    0.40%      -1.176     -0.412     -0.078
             250.000       1.977       0.017       3.931    0.40%       0.252      1.126
     X3                    0.082       0.021      -3.330    0.40%      -0.829     -0.298      0.062
             250.000       1.383       0.013       2.990    0.40%       0.394      0.971
     M1                    0.000      -0.361      -5.827    0.40%      -1.239     -0.212      0.094
             250.000       1.939       0.796       4.106    0.40%       0.421      1.067
     M2                   -0.079       0.181      -3.579    0.40%      -1.205     -0.379     -0.073
             250.000       1.790       0.441       4.916    0.40%       0.238      0.890
     M3                   -0.045       0.138      -2.563    0.40%      -0.943     -0.341     -0.108
             250.000       1.176      -0.167       3.016    0.40%       0.170      0.848
     Y                    -0.069       0.051      -2.918    0.40%      -0.871     -0.305     -0.124
             250.000       0.958       0.663       3.772    0.40%       0.127      0.748


THE MODEL ESTIMATION TERMINATED NORMALLY



MODEL FIT INFORMATION

Number of Free Parameters                       24

Loglikelihood

          H0 Value                       -2700.546
          H0 Scaling Correction Factor      1.0056
            for MLR

Information Criteria

          Akaike (AIC)                    5449.092
          Bayesian (BIC)                  5533.607
          Sample-Size Adjusted BIC        5457.525
            (n* = (n + 2) / 24)



MODEL RESULTS

                                                    Two-Tailed
                    Estimate       S.E.  Est./S.E.    P-Value

 ETA1     BY
    X1                 1.000      0.000    999.000    999.000
    X2                 1.025      0.115      8.881      0.000
    X3                 0.847      0.090      9.403      0.000

 ETA2     BY
    M1                 1.000      0.000    999.000    999.000
    M2                 1.088      0.159      6.848      0.000
    M3                 0.751      0.108      6.954      0.000

 Y          ON
    ETA1               0.275      0.076      3.644      0.000
    ETA2               0.337      0.083      4.041      0.000
    ETA3               0.366      0.106      3.444      0.001

 ETA2     WITH
    ETA1              -0.015      0.075     -0.199      0.842

 Intercepts
    X1                 0.144      0.098      1.466      0.143
    X2                -0.037      0.089     -0.414      0.679
    X3                 0.082      0.074      1.100      0.271
    M1                 0.000      0.088     -0.004      0.996
    M2                -0.080      0.085     -0.941      0.347
    M3                -0.045      0.069     -0.660      0.509
    Y                 -0.064      0.062     -1.032      0.302

 Variances
    ETA1               1.078      0.196      5.485      0.000
    ETA2               0.793      0.176      4.497      0.000

 Residual Variances
    X1                 1.323      0.146      9.038      0.000
    X2                 0.845      0.122      6.915      0.000
    X3                 0.610      0.091      6.721      0.000
    M1                 1.145      0.142      8.053      0.000
    M2                 0.851      0.143      5.947      0.000
    M3                 0.728      0.091      7.994      0.000
    Y                  0.688      0.071      9.703      0.000


QUALITY OF NUMERICAL RESULTS

     Condition Number for the Information Matrix              0.644E-03
       (ratio of smallest to largest eigenvalue)


STANDARDIZED MODEL RESULTS


STDYX Standardization

                                                    Two-Tailed
                    Estimate       S.E.  Est./S.E.    P-Value

 ETA1     BY
    X1                 0.670      0.044     15.149      0.000
    X2                 0.757      0.040     18.737      0.000
    X3                 0.747      0.045     16.789      0.000

 ETA2     BY
    M1                 0.640      0.052     12.211      0.000
    M2                 0.724      0.056     12.973      0.000
    M3                 0.617      0.052     11.799      0.000

 Y          ON
    ETA1               0.290      0.067      4.358      0.000
    ETA2               0.305      0.067      4.574      0.000
    ETA3               0.343      0.078      4.379      0.000

 ETA2     WITH
    ETA1              -0.016      0.081     -0.199      0.842

 Intercepts
    X1                 0.093      0.064      1.458      0.145
    X2                -0.026      0.063     -0.413      0.679
    X3                 0.070      0.063      1.099      0.272
    M1                 0.000      0.063     -0.004      0.996
    M2                -0.060      0.064     -0.935      0.350
    M3                -0.042      0.063     -0.658      0.510
    Y                 -0.065      0.063     -1.030      0.303

 Variances
    ETA1               1.000      0.000    999.000    999.000
    ETA2               1.000      0.000    999.000    999.000

 Residual Variances
    X1                 0.551      0.059      9.297      0.000
    X2                 0.427      0.061      6.987      0.000
    X3                 0.441      0.067      6.633      0.000
    M1                 0.591      0.067      8.815      0.000
    M2                 0.475      0.081      5.878      0.000
    M3                 0.620      0.064      9.614      0.000
    Y                  0.708      0.073      9.733      0.000


STDY Standardization

                                                    Two-Tailed
                    Estimate       S.E.  Est./S.E.    P-Value

 ETA1     BY
    X1                 0.670      0.044     15.149      0.000
    X2                 0.757      0.040     18.737      0.000
    X3                 0.747      0.045     16.789      0.000

 ETA2     BY
    M1                 0.640      0.052     12.211      0.000
    M2                 0.724      0.056     12.973      0.000
    M3                 0.617      0.052     11.799      0.000

 Y          ON
    ETA1               0.290      0.067      4.358      0.000
    ETA2               0.305      0.067      4.574      0.000
    ETA3               0.343      0.078      4.379      0.000

 ETA2     WITH
    ETA1              -0.016      0.081     -0.199      0.842

 Intercepts
    X1                 0.093      0.064      1.458      0.145
    X2                -0.026      0.063     -0.413      0.679
    X3                 0.070      0.063      1.099      0.272
    M1                 0.000      0.063     -0.004      0.996
    M2                -0.060      0.064     -0.935      0.350
    M3                -0.042      0.063     -0.658      0.510
    Y                 -0.065      0.063     -1.030      0.303

 Variances
    ETA1               1.000      0.000    999.000    999.000
    ETA2               1.000      0.000    999.000    999.000

 Residual Variances
    X1                 0.551      0.059      9.297      0.000
    X2                 0.427      0.061      6.987      0.000
    X3                 0.441      0.067      6.633      0.000
    M1                 0.591      0.067      8.815      0.000
    M2                 0.475      0.081      5.878      0.000
    M3                 0.620      0.064      9.614      0.000
    Y                  0.708      0.073      9.733      0.000


STD Standardization

                                                    Two-Tailed
                    Estimate       S.E.  Est./S.E.    P-Value

 ETA1     BY
    X1                 1.038      0.095     10.970      0.000
    X2                 1.064      0.084     12.609      0.000
    X3                 0.879      0.075     11.731      0.000

 ETA2     BY
    M1                 0.890      0.099      8.994      0.000
    M2                 0.969      0.100      9.648      0.000
    M3                 0.669      0.067      9.981      0.000

 Y          ON
    ETA1               0.286      0.072      3.984      0.000
    ETA2               0.300      0.069      4.380      0.000
    ETA3               0.338      0.086      3.951      0.000

 ETA2     WITH
    ETA1              -0.016      0.081     -0.199      0.842

 Intercepts
    X1                 0.144      0.098      1.466      0.143
    X2                -0.037      0.089     -0.414      0.679
    X3                 0.082      0.074      1.100      0.271
    M1                 0.000      0.088     -0.004      0.996
    M2                -0.080      0.085     -0.941      0.347
    M3                -0.045      0.069     -0.660      0.509
    Y                 -0.064      0.062     -1.032      0.302

 Variances
    ETA1               1.000      0.000    999.000    999.000
    ETA2               1.000      0.000    999.000    999.000

 Residual Variances
    X1                 1.323      0.146      9.038      0.000
    X2                 0.845      0.122      6.915      0.000
    X3                 0.610      0.091      6.721      0.000
    M1                 1.145      0.142      8.053      0.000
    M2                 0.851      0.143      5.947      0.000
    M3                 0.728      0.091      7.994      0.000
    Y                  0.688      0.071      9.703      0.000


R-SQUARE

    Observed                                        Two-Tailed
    Variable        Estimate       S.E.  Est./S.E.    P-Value

    X1                 0.449      0.059      7.575      0.000
    X2                 0.573      0.061      9.368      0.000
    X3                 0.559      0.067      8.394      0.000
    M1                 0.409      0.067      6.105      0.000
    M2                 0.525      0.081      6.486      0.000
    M3                 0.380      0.064      5.899      0.000
    Y                  0.292      0.073      4.006      0.000


TECHNICAL 1 OUTPUT


     PARAMETER SPECIFICATION


           NU
              X1            X2            X3            M1            M2
              ________      ________      ________      ________      ________
                    1             2             3             4             5


           NU
              M3            Y
              ________      ________
                    6             0


           LAMBDA
              ETA1          ETA2          ETA3          Y
              ________      ________      ________      ________
 X1                 0             0             0             0
 X2                 7             0             0             0
 X3                 8             0             0             0
 M1                 0             0             0             0
 M2                 0             9             0             0
 M3                 0            10             0             0
 Y                  0             0             0             0


           THETA
              X1            X2            X3            M1            M2
              ________      ________      ________      ________      ________
 X1                11
 X2                 0            12
 X3                 0             0            13
 M1                 0             0             0            14
 M2                 0             0             0             0            15
 M3                 0             0             0             0             0
 Y                  0             0             0             0             0


           THETA
              M3            Y
              ________      ________
 M3                16
 Y                  0             0


           ALPHA
              ETA1          ETA2          ETA3          Y
              ________      ________      ________      ________
                    0             0             0            17


           BETA
              ETA1          ETA2          ETA3          Y
              ________      ________      ________      ________
 ETA1               0             0             0             0
 ETA2               0             0             0             0
 ETA3               0             0             0             0
 Y                 18            19            20             0


           PSI
              ETA1          ETA2          ETA3          Y
              ________      ________      ________      ________
 ETA1              21
 ETA2              22            23
 ETA3               0             0             0
 Y                  0             0             0            24


     STARTING VALUES


           NU
              X1            X2            X3            M1            M2
              ________      ________      ________      ________      ________
                0.144        -0.037         0.082         0.000        -0.079


           NU
              M3            Y
              ________      ________
               -0.045         0.000


           LAMBDA
              ETA1          ETA2          ETA3          Y
              ________      ________      ________      ________
 X1             1.000         0.000         0.000         0.000
 X2             1.000         0.000         0.000         0.000
 X3             1.000         0.000         0.000         0.000
 M1             0.000         1.000         0.000         0.000
 M2             0.000         1.000         0.000         0.000
 M3             0.000         1.000         0.000         0.000
 Y              0.000         0.000         0.000         1.000


           THETA
              X1            X2            X3            M1            M2
              ________      ________      ________      ________      ________
 X1             1.200
 X2             0.000         0.989
 X3             0.000         0.000         0.691
 M1             0.000         0.000         0.000         0.970
 M2             0.000         0.000         0.000         0.000         0.895
 M3             0.000         0.000         0.000         0.000         0.000
 Y              0.000         0.000         0.000         0.000         0.000


           THETA
              M3            Y
              ________      ________
 M3             0.588
 Y              0.000         0.000


           ALPHA
              ETA1          ETA2          ETA3          Y
              ________      ________      ________      ________
                0.000         0.000         0.000        -0.069


           BETA
              ETA1          ETA2          ETA3          Y
              ________      ________      ________      ________
 ETA1           0.000         0.000         0.000         0.000
 ETA2           0.000         0.000         0.000         0.000
 ETA3           0.000         0.000         0.000         0.000
 Y              0.000         0.000         0.000         0.000


           PSI
              ETA1          ETA2          ETA3          Y
              ________      ________      ________      ________
 ETA1           0.050
 ETA2           0.000         0.050
 ETA3           0.000         0.000         0.000
 Y              0.000         0.000         0.000         0.479


TECHNICAL 4 OUTPUT


     ESTIMATES DERIVED FROM THE MODEL


           ESTIMATED MEANS FOR THE LATENT VARIABLES
              ETA1          ETA2          ETA3          Y
              ________      ________      ________      ________
                0.000         0.000        -0.015        -0.069


           S.E. FOR ESTIMATED MEANS FOR THE LATENT VARIABLES
              ETA1          ETA2          ETA3          Y
              ________      ________      ________      ________
                0.000         0.000         0.075         0.062


           EST./S.E. FOR ESTIMATED MEANS FOR THE LATENT VARIABLES
              ETA1          ETA2          ETA3          Y
              ________      ________      ________      ________
                0.000         0.000        -0.199        -1.118


           TWO-TAILED P-VALUE FOR ESTIMATED MEANS FOR THE LATENT VARIABLES
              ETA1          ETA2          ETA3          Y
              ________      ________      ________      ________
                1.000         1.000         0.842         0.264


           ESTIMATED COVARIANCE MATRIX FOR THE LATENT VARIABLES
              ETA1          ETA2          ETA3          Y
              ________      ________      ________      ________
 ETA1           1.078
 ETA2          -0.015         0.793
 ETA3           0.000         0.000         0.855
 Y              0.292         0.263         0.312         0.972


           S.E. FOR ESTIMATED COVARIANCE MATRIX FOR THE LATENT VARIABLES
              ETA1          ETA2          ETA3          Y
              ________      ________      ________      ________
 ETA1           0.196
 ETA2           0.075         0.176
 ETA3           0.000         0.000         0.252
 Y              0.078         0.072         0.092         0.101


           EST./S.E. FOR ESTIMATED COVARIANCE MATRIX FOR THE LATENT VARIABLES
              ETA1          ETA2          ETA3          Y
              ________      ________      ________      ________
 ETA1           5.485
 ETA2          -0.199         4.497
 ETA3           0.000         0.000         3.390
 Y              3.744         3.634         3.386         9.597


           TWO-TAILED P-VALUE FOR ESTIMATED COVARIANCE MATRIX FOR THE LATENT VARIABLES
              ETA1          ETA2          ETA3          Y
              ________      ________      ________      ________
 ETA1           0.000
 ETA2           0.842         0.000
 ETA3           1.000         1.000         0.001
 Y              0.000         0.000         0.001         0.000


           ESTIMATED CORRELATION MATRIX FOR THE LATENT VARIABLES
              ETA1          ETA2          ETA3          Y
              ________      ________      ________      ________
 ETA1           1.000
 ETA2          -0.016         1.000
 ETA3           0.000         0.000         1.000
 Y              0.285         0.300         0.343         1.000


           S.E. FOR ESTIMATED CORRELATION MATRIX FOR THE LATENT VARIABLES
              ETA1          ETA2          ETA3          Y
              ________      ________      ________      ________
 ETA1           0.000
 ETA2           0.081         0.000
 ETA3           0.000         0.000         0.000
 Y              0.067         0.070         0.078         0.000


           EST./S.E. FOR ESTIMATED CORRELATION MATRIX FOR THE LATENT VARIABLES
              ETA1          ETA2          ETA3          Y
              ________      ________      ________      ________
 ETA1         999.000
 ETA2          -0.199       999.000
 ETA3           0.000         0.000       999.000
 Y              4.231         4.273         4.380       999.000


           TWO-TAILED P-VALUE FOR ESTIMATED CORRELATION MATRIX FOR THE LATENT VARIABLES
              ETA1          ETA2          ETA3          Y
              ________      ________      ________      ________
 ETA1           0.000
 ETA2           0.842         0.000
 ETA3           1.000         1.000         0.000
 Y              0.000         0.000         0.000         0.000


     Beginning Time:  22:33:28
        Ending Time:  22:34:41
       Elapsed Time:  00:01:13



MUTHEN & MUTHEN
3463 Stoner Ave.
Los Angeles, CA  90066

Tel: (310) 391-9971
Fax: (310) 391-8971
Web: www.StatModel.com
Support: Support@StatModel.com

Copyright (c) 1998-2022 Muthen & Muthen
