Mplus VERSION 8.8 (Mac)
MUTHEN & MUTHEN
08/20/2024  10:37 PM

INPUT INSTRUCTIONS

  TITLE: Data Analysis for SEM with Latent Interaction

  DATA:
    FILE = /Users/jimmy_z/desktop/Temp_Data/temp_data_231.dat;
    FORMAT = FREE;

  VARIABLE:
    NAMES ARE x1 x2 x3 m1 m2 m3 y;
    USEVARIABLES ARE x1 x2 x3 m1 m2 m3 y;

  ANALYSIS:
    TYPE = RANDOM;
    ESTIMATOR = MLR;
    ALGORITHM = INTEGRATION;
    INTEGRATION = MONTECARLO;

  MODEL:
    eta1 BY x1 x2 x3;
    eta2 BY m1 m2 m3;
    eta3 | eta1 XWITH eta2;
    y ON eta1 eta2 eta3;

  OUTPUT:
    STANDARDIZED;
    TECH1;
    TECH4;





INPUT READING TERMINATED NORMALLY



Data Analysis for SEM with Latent Interaction

SUMMARY OF ANALYSIS

Number of groups                                                 1
Number of observations                                         250

Number of dependent variables                                    7
Number of independent variables                                  0
Number of continuous latent variables                            3

Observed dependent variables

  Continuous
   X1          X2          X3          M1          M2          M3
   Y

Continuous latent variables
   ETA1        ETA2        ETA3


Estimator                                                      MLR
Information matrix                                        OBSERVED
Optimization Specifications for the Quasi-Newton Algorithm for
Continuous Outcomes
  Maximum number of iterations                                 100
  Convergence criterion                                  0.100D-05
Optimization Specifications for the EM Algorithm
  Maximum number of iterations                                 500
  Convergence criteria
    Loglikelihood change                                 0.100D-02
    Relative loglikelihood change                        0.100D-05
    Derivative                                           0.100D-02
Optimization Specifications for the M step of the EM Algorithm for
Categorical Latent variables
  Number of M step iterations                                    1
  M step convergence criterion                           0.100D-02
  Basis for M step termination                           ITERATION
Optimization Specifications for the M step of the EM Algorithm for
Censored, Binary or Ordered Categorical (Ordinal), Unordered
Categorical (Nominal) and Count Outcomes
  Number of M step iterations                                    1
  M step convergence criterion                           0.100D-02
  Basis for M step termination                           ITERATION
  Maximum value for logit thresholds                            15
  Minimum value for logit thresholds                           -15
  Minimum expected cell size for chi-square              0.100D-01
Optimization algorithm                                         EMA
Integration Specifications
  Type                                                  MONTECARLO
  Number of integration points                                2000
  Dimensions of numerical integration                            2
  Adaptive quadrature                                           ON
  Monte Carlo integration seed                                   0
Cholesky                                                       OFF

Input data file(s)
  /Users/jimmy_z/desktop/Temp_Data/temp_data_231.dat
Input data format  FREE



UNIVARIATE SAMPLE STATISTICS


     UNIVARIATE HIGHER-ORDER MOMENT DESCRIPTIVE STATISTICS

         Variable/         Mean/     Skewness/   Minimum/ % with                Percentiles
        Sample Size      Variance    Kurtosis    Maximum  Min/Max      20%/60%    40%/80%    Median

     X1                    0.047       0.133      -4.239    0.40%      -1.079     -0.326     -0.055
             250.000       2.108       0.401       4.775    0.40%       0.194      1.298
     X2                    0.198      -0.051      -3.936    0.40%      -0.938     -0.175      0.313
             250.000       1.762      -0.116       3.408    0.40%       0.544      1.239
     X3                   -0.010      -0.032      -3.161    0.40%      -0.980     -0.323     -0.095
             250.000       1.202      -0.318       2.591    0.40%       0.317      0.955
     M1                    0.107       0.160      -3.976    0.40%      -1.194     -0.302      0.098
             250.000       2.501       0.044       4.040    0.40%       0.432      1.303
     M2                    0.100       0.086      -2.863    0.40%      -1.072     -0.286      0.077
             250.000       1.779      -0.657       3.348    0.40%       0.474      1.339
     M3                    0.016       0.333      -3.217    0.40%      -0.904     -0.337     -0.046
             250.000       1.273       0.265       3.248    0.40%       0.213      0.874
     Y                     0.038      -0.144      -2.533    0.40%      -0.798     -0.174      0.057
             250.000       0.910      -0.359       2.450    0.40%       0.322      0.844


THE MODEL ESTIMATION TERMINATED NORMALLY



MODEL FIT INFORMATION

Number of Free Parameters                       24

Loglikelihood

          H0 Value                       -2741.161
          H0 Scaling Correction Factor      0.9896
            for MLR

Information Criteria

          Akaike (AIC)                    5530.321
          Bayesian (BIC)                  5614.836
          Sample-Size Adjusted BIC        5538.754
            (n* = (n + 2) / 24)



MODEL RESULTS

                                                    Two-Tailed
                    Estimate       S.E.  Est./S.E.    P-Value

 ETA1     BY
    X1                 1.000      0.000    999.000    999.000
    X2                 0.976      0.210      4.658      0.000
    X3                 0.769      0.158      4.882      0.000

 ETA2     BY
    M1                 1.000      0.000    999.000    999.000
    M2                 0.872      0.144      6.049      0.000
    M3                 0.698      0.113      6.194      0.000

 Y          ON
    ETA1               0.291      0.098      2.958      0.003
    ETA2               0.261      0.064      4.045      0.000
    ETA3               0.342      0.088      3.868      0.000

 ETA2     WITH
    ETA1               0.030      0.093      0.325      0.745

 Intercepts
    X1                 0.045      0.092      0.492      0.623
    X2                 0.197      0.084      2.343      0.019
    X3                -0.011      0.069     -0.159      0.874
    M1                 0.107      0.100      1.068      0.285
    M2                 0.100      0.084      1.184      0.236
    M3                 0.015      0.071      0.216      0.829
    Y                  0.027      0.060      0.452      0.651

 Variances
    ETA1               0.740      0.217      3.410      0.001
    ETA2               1.085      0.245      4.436      0.000

 Residual Variances
    X1                 1.372      0.190      7.227      0.000
    X2                 1.057      0.147      7.203      0.000
    X3                 0.764      0.096      7.969      0.000
    M1                 1.419      0.214      6.646      0.000
    M2                 0.954      0.148      6.463      0.000
    M3                 0.745      0.091      8.181      0.000
    Y                  0.667      0.070      9.468      0.000


QUALITY OF NUMERICAL RESULTS

     Condition Number for the Information Matrix              0.231E-01
       (ratio of smallest to largest eigenvalue)


STANDARDIZED MODEL RESULTS


STDYX Standardization

                                                    Two-Tailed
                    Estimate       S.E.  Est./S.E.    P-Value

 ETA1     BY
    X1                 0.592      0.073      8.103      0.000
    X2                 0.633      0.068      9.306      0.000
    X3                 0.604      0.068      8.914      0.000

 ETA2     BY
    M1                 0.658      0.061     10.711      0.000
    M2                 0.681      0.062     10.899      0.000
    M3                 0.644      0.055     11.776      0.000

 Y          ON
    ETA1               0.263      0.077      3.437      0.001
    ETA2               0.286      0.072      3.994      0.000
    ETA3               0.322      0.084      3.820      0.000

 ETA2     WITH
    ETA1               0.034      0.104      0.323      0.747

 Intercepts
    X1                 0.031      0.063      0.493      0.622
    X2                 0.148      0.064      2.322      0.020
    X3                -0.010      0.063     -0.159      0.874
    M1                 0.068      0.063      1.073      0.283
    M2                 0.075      0.063      1.187      0.235
    M3                 0.014      0.063      0.217      0.828
    Y                  0.029      0.063      0.452      0.652

 Variances
    ETA1               1.000      0.000    999.000    999.000
    ETA2               1.000      0.000    999.000    999.000

 Residual Variances
    X1                 0.650      0.086      7.514      0.000
    X2                 0.600      0.086      6.970      0.000
    X3                 0.636      0.082      7.773      0.000
    M1                 0.567      0.081      7.006      0.000
    M2                 0.537      0.085      6.309      0.000
    M3                 0.585      0.070      8.309      0.000
    Y                  0.740      0.058     12.787      0.000


STDY Standardization

                                                    Two-Tailed
                    Estimate       S.E.  Est./S.E.    P-Value

 ETA1     BY
    X1                 0.592      0.073      8.103      0.000
    X2                 0.633      0.068      9.306      0.000
    X3                 0.604      0.068      8.914      0.000

 ETA2     BY
    M1                 0.658      0.061     10.711      0.000
    M2                 0.681      0.062     10.899      0.000
    M3                 0.644      0.055     11.776      0.000

 Y          ON
    ETA1               0.263      0.077      3.437      0.001
    ETA2               0.286      0.072      3.994      0.000
    ETA3               0.322      0.084      3.820      0.000

 ETA2     WITH
    ETA1               0.034      0.104      0.323      0.747

 Intercepts
    X1                 0.031      0.063      0.493      0.622
    X2                 0.148      0.064      2.322      0.020
    X3                -0.010      0.063     -0.159      0.874
    M1                 0.068      0.063      1.073      0.283
    M2                 0.075      0.063      1.187      0.235
    M3                 0.014      0.063      0.217      0.828
    Y                  0.029      0.063      0.452      0.652

 Variances
    ETA1               1.000      0.000    999.000    999.000
    ETA2               1.000      0.000    999.000    999.000

 Residual Variances
    X1                 0.650      0.086      7.514      0.000
    X2                 0.600      0.086      6.970      0.000
    X3                 0.636      0.082      7.773      0.000
    M1                 0.567      0.081      7.006      0.000
    M2                 0.537      0.085      6.309      0.000
    M3                 0.585      0.070      8.309      0.000
    Y                  0.740      0.058     12.787      0.000


STD Standardization

                                                    Two-Tailed
                    Estimate       S.E.  Est./S.E.    P-Value

 ETA1     BY
    X1                 0.860      0.126      6.820      0.000
    X2                 0.840      0.109      7.727      0.000
    X3                 0.662      0.088      7.548      0.000

 ETA2     BY
    M1                 1.041      0.117      8.872      0.000
    M2                 0.908      0.098      9.261      0.000
    M3                 0.727      0.081      8.938      0.000

 Y          ON
    ETA1               0.250      0.073      3.410      0.001
    ETA2               0.271      0.069      3.929      0.000
    ETA3               0.306      0.082      3.713      0.000

 ETA2     WITH
    ETA1               0.034      0.104      0.323      0.747

 Intercepts
    X1                 0.045      0.092      0.492      0.623
    X2                 0.197      0.084      2.343      0.019
    X3                -0.011      0.069     -0.159      0.874
    M1                 0.107      0.100      1.068      0.285
    M2                 0.100      0.084      1.184      0.236
    M3                 0.015      0.071      0.216      0.829
    Y                  0.027      0.060      0.452      0.651

 Variances
    ETA1               1.000      0.000    999.000    999.000
    ETA2               1.000      0.000    999.000    999.000

 Residual Variances
    X1                 1.372      0.190      7.227      0.000
    X2                 1.057      0.147      7.203      0.000
    X3                 0.764      0.096      7.969      0.000
    M1                 1.419      0.214      6.646      0.000
    M2                 0.954      0.148      6.463      0.000
    M3                 0.745      0.091      8.181      0.000
    Y                  0.667      0.070      9.468      0.000


R-SQUARE

    Observed                                        Two-Tailed
    Variable        Estimate       S.E.  Est./S.E.    P-Value

    X1                 0.350      0.086      4.051      0.000
    X2                 0.400      0.086      4.653      0.000
    X3                 0.364      0.082      4.457      0.000
    M1                 0.433      0.081      5.356      0.000
    M2                 0.463      0.085      5.450      0.000
    M3                 0.415      0.070      5.888      0.000
    Y                  0.260      0.058      4.498      0.000


TECHNICAL 1 OUTPUT


     PARAMETER SPECIFICATION


           NU
              X1            X2            X3            M1            M2
              ________      ________      ________      ________      ________
                    1             2             3             4             5


           NU
              M3            Y
              ________      ________
                    6             0


           LAMBDA
              ETA1          ETA2          ETA3          Y
              ________      ________      ________      ________
 X1                 0             0             0             0
 X2                 7             0             0             0
 X3                 8             0             0             0
 M1                 0             0             0             0
 M2                 0             9             0             0
 M3                 0            10             0             0
 Y                  0             0             0             0


           THETA
              X1            X2            X3            M1            M2
              ________      ________      ________      ________      ________
 X1                11
 X2                 0            12
 X3                 0             0            13
 M1                 0             0             0            14
 M2                 0             0             0             0            15
 M3                 0             0             0             0             0
 Y                  0             0             0             0             0


           THETA
              M3            Y
              ________      ________
 M3                16
 Y                  0             0


           ALPHA
              ETA1          ETA2          ETA3          Y
              ________      ________      ________      ________
                    0             0             0            17


           BETA
              ETA1          ETA2          ETA3          Y
              ________      ________      ________      ________
 ETA1               0             0             0             0
 ETA2               0             0             0             0
 ETA3               0             0             0             0
 Y                 18            19            20             0


           PSI
              ETA1          ETA2          ETA3          Y
              ________      ________      ________      ________
 ETA1              21
 ETA2              22            23
 ETA3               0             0             0
 Y                  0             0             0            24


     STARTING VALUES


           NU
              X1            X2            X3            M1            M2
              ________      ________      ________      ________      ________
                0.047         0.198        -0.010         0.107         0.100


           NU
              M3            Y
              ________      ________
                0.016         0.000


           LAMBDA
              ETA1          ETA2          ETA3          Y
              ________      ________      ________      ________
 X1             1.000         0.000         0.000         0.000
 X2             1.000         0.000         0.000         0.000
 X3             1.000         0.000         0.000         0.000
 M1             0.000         1.000         0.000         0.000
 M2             0.000         1.000         0.000         0.000
 M3             0.000         1.000         0.000         0.000
 Y              0.000         0.000         0.000         1.000


           THETA
              X1            X2            X3            M1            M2
              ________      ________      ________      ________      ________
 X1             1.054
 X2             0.000         0.881
 X3             0.000         0.000         0.601
 M1             0.000         0.000         0.000         1.250
 M2             0.000         0.000         0.000         0.000         0.889
 M3             0.000         0.000         0.000         0.000         0.000
 Y              0.000         0.000         0.000         0.000         0.000


           THETA
              M3            Y
              ________      ________
 M3             0.636
 Y              0.000         0.000


           ALPHA
              ETA1          ETA2          ETA3          Y
              ________      ________      ________      ________
                0.000         0.000         0.000         0.038


           BETA
              ETA1          ETA2          ETA3          Y
              ________      ________      ________      ________
 ETA1           0.000         0.000         0.000         0.000
 ETA2           0.000         0.000         0.000         0.000
 ETA3           0.000         0.000         0.000         0.000
 Y              0.000         0.000         0.000         0.000


           PSI
              ETA1          ETA2          ETA3          Y
              ________      ________      ________      ________
 ETA1           0.050
 ETA2           0.000         0.050
 ETA3           0.000         0.000         0.000
 Y              0.000         0.000         0.000         0.455


TECHNICAL 4 OUTPUT


     ESTIMATES DERIVED FROM THE MODEL


           ESTIMATED MEANS FOR THE LATENT VARIABLES
              ETA1          ETA2          ETA3          Y
              ________      ________      ________      ________
                0.000         0.000         0.030         0.037


           S.E. FOR ESTIMATED MEANS FOR THE LATENT VARIABLES
              ETA1          ETA2          ETA3          Y
              ________      ________      ________      ________
                0.000         0.000         0.093         0.060


           EST./S.E. FOR ESTIMATED MEANS FOR THE LATENT VARIABLES
              ETA1          ETA2          ETA3          Y
              ________      ________      ________      ________
                0.000         0.000         0.325         0.621


           TWO-TAILED P-VALUE FOR ESTIMATED MEANS FOR THE LATENT VARIABLES
              ETA1          ETA2          ETA3          Y
              ________      ________      ________      ________
                1.000         1.000         0.745         0.535


           ESTIMATED COVARIANCE MATRIX FOR THE LATENT VARIABLES
              ETA1          ETA2          ETA3          Y
              ________      ________      ________      ________
 ETA1           0.740
 ETA2           0.030         1.085
 ETA3           0.000         0.000         0.803
 Y              0.223         0.291         0.275         0.901


           S.E. FOR ESTIMATED COVARIANCE MATRIX FOR THE LATENT VARIABLES
              ETA1          ETA2          ETA3          Y
              ________      ________      ________      ________
 ETA1           0.217
 ETA2           0.093         0.245
 ETA3           0.000         0.000         0.300
 Y              0.067         0.089         0.105         0.072


           EST./S.E. FOR ESTIMATED COVARIANCE MATRIX FOR THE LATENT VARIABLES
              ETA1          ETA2          ETA3          Y
              ________      ________      ________      ________
 ETA1           3.410
 ETA2           0.325         4.436
 ETA3           0.000         0.000         2.682
 Y              3.306         3.261         2.613        12.593


           TWO-TAILED P-VALUE FOR ESTIMATED COVARIANCE MATRIX FOR THE LATENT VARIABLES
              ETA1          ETA2          ETA3          Y
              ________      ________      ________      ________
 ETA1           0.001
 ETA2           0.745         0.000
 ETA3           1.000         1.000         0.007
 Y              0.001         0.001         0.009         0.000


           ESTIMATED CORRELATION MATRIX FOR THE LATENT VARIABLES
              ETA1          ETA2          ETA3          Y
              ________      ________      ________      ________
 ETA1           1.000
 ETA2           0.034         1.000
 ETA3           0.000         0.000         1.000
 Y              0.273         0.295         0.323         1.000


           S.E. FOR ESTIMATED CORRELATION MATRIX FOR THE LATENT VARIABLES
              ETA1          ETA2          ETA3          Y
              ________      ________      ________      ________
 ETA1           0.000
 ETA2           0.104         0.000
 ETA3           0.000         0.000         0.000
 Y              0.079         0.074         0.084         0.000


           EST./S.E. FOR ESTIMATED CORRELATION MATRIX FOR THE LATENT VARIABLES
              ETA1          ETA2          ETA3          Y
              ________      ________      ________      ________
 ETA1         999.000
 ETA2           0.323       999.000
 ETA3           0.000         0.000       999.000
 Y              3.467         3.993         3.838       999.000


           TWO-TAILED P-VALUE FOR ESTIMATED CORRELATION MATRIX FOR THE LATENT VARIABLES
              ETA1          ETA2          ETA3          Y
              ________      ________      ________      ________
 ETA1           0.000
 ETA2           0.747         0.000
 ETA3           1.000         1.000         0.000
 Y              0.001         0.000         0.000         0.000


     Beginning Time:  22:37:20
        Ending Time:  22:38:21
       Elapsed Time:  00:01:01



MUTHEN & MUTHEN
3463 Stoner Ave.
Los Angeles, CA  90066

Tel: (310) 391-9971
Fax: (310) 391-8971
Web: www.StatModel.com
Support: Support@StatModel.com

Copyright (c) 1998-2022 Muthen & Muthen
