Mplus VERSION 8.8 (Mac)
MUTHEN & MUTHEN
08/20/2024  11:12 PM

INPUT INSTRUCTIONS

  TITLE: Data Analysis for SEM with Latent Interaction

  DATA:
    FILE = /Users/jimmy_z/desktop/Temp_Data/temp_data_420.dat;
    FORMAT = FREE;

  VARIABLE:
    NAMES ARE x1 x2 x3 m1 m2 m3 y;
    USEVARIABLES ARE x1 x2 x3 m1 m2 m3 y;

  ANALYSIS:
    TYPE = RANDOM;
    ESTIMATOR = MLR;
    ALGORITHM = INTEGRATION;
    INTEGRATION = MONTECARLO;

  MODEL:
    eta1 BY x1 x2 x3;
    eta2 BY m1 m2 m3;
    eta3 | eta1 XWITH eta2;
    y ON eta1 eta2 eta3;

  OUTPUT:
    STANDARDIZED;
    TECH1;
    TECH4;





INPUT READING TERMINATED NORMALLY



Data Analysis for SEM with Latent Interaction

SUMMARY OF ANALYSIS

Number of groups                                                 1
Number of observations                                         250

Number of dependent variables                                    7
Number of independent variables                                  0
Number of continuous latent variables                            3

Observed dependent variables

  Continuous
   X1          X2          X3          M1          M2          M3
   Y

Continuous latent variables
   ETA1        ETA2        ETA3


Estimator                                                      MLR
Information matrix                                        OBSERVED
Optimization Specifications for the Quasi-Newton Algorithm for
Continuous Outcomes
  Maximum number of iterations                                 100
  Convergence criterion                                  0.100D-05
Optimization Specifications for the EM Algorithm
  Maximum number of iterations                                 500
  Convergence criteria
    Loglikelihood change                                 0.100D-02
    Relative loglikelihood change                        0.100D-05
    Derivative                                           0.100D-02
Optimization Specifications for the M step of the EM Algorithm for
Categorical Latent variables
  Number of M step iterations                                    1
  M step convergence criterion                           0.100D-02
  Basis for M step termination                           ITERATION
Optimization Specifications for the M step of the EM Algorithm for
Censored, Binary or Ordered Categorical (Ordinal), Unordered
Categorical (Nominal) and Count Outcomes
  Number of M step iterations                                    1
  M step convergence criterion                           0.100D-02
  Basis for M step termination                           ITERATION
  Maximum value for logit thresholds                            15
  Minimum value for logit thresholds                           -15
  Minimum expected cell size for chi-square              0.100D-01
Optimization algorithm                                         EMA
Integration Specifications
  Type                                                  MONTECARLO
  Number of integration points                                2000
  Dimensions of numerical integration                            2
  Adaptive quadrature                                           ON
  Monte Carlo integration seed                                   0
Cholesky                                                       OFF

Input data file(s)
  /Users/jimmy_z/desktop/Temp_Data/temp_data_420.dat
Input data format  FREE



UNIVARIATE SAMPLE STATISTICS


     UNIVARIATE HIGHER-ORDER MOMENT DESCRIPTIVE STATISTICS

         Variable/         Mean/     Skewness/   Minimum/ % with                Percentiles
        Sample Size      Variance    Kurtosis    Maximum  Min/Max      20%/60%    40%/80%    Median

     X1                    0.011      -0.023      -5.509    0.40%      -1.168     -0.319      0.014
             250.000       2.385       0.465       4.497    0.40%       0.369      1.151
     X2                    0.028      -0.175      -4.108    0.40%      -1.219     -0.207      0.038
             250.000       1.923      -0.312       3.100    0.40%       0.460      1.209
     X3                   -0.006      -0.092      -3.316    0.40%      -0.947     -0.285      0.037
             250.000       1.233       0.016       3.329    0.40%       0.341      0.925
     M1                   -0.009       0.285      -4.040    0.40%      -1.434     -0.379     -0.024
             250.000       2.605       0.373       5.866    0.40%       0.295      1.315
     M2                    0.024      -0.199      -3.611    0.40%      -1.192     -0.363      0.114
             250.000       2.016      -0.395       3.045    0.40%       0.382      1.256
     M3                    0.012      -0.022      -3.139    0.40%      -0.933     -0.243      0.001
             250.000       1.265       0.031       3.270    0.40%       0.288      0.902
     Y                     0.044       0.141      -2.300    0.40%      -0.733     -0.340      0.002
             250.000       0.910      -0.475       2.503    0.40%       0.265      0.954


THE MODEL ESTIMATION TERMINATED NORMALLY



MODEL FIT INFORMATION

Number of Free Parameters                       24

Loglikelihood

          H0 Value                       -2735.753
          H0 Scaling Correction Factor      1.0040
            for MLR

Information Criteria

          Akaike (AIC)                    5519.507
          Bayesian (BIC)                  5604.022
          Sample-Size Adjusted BIC        5527.940
            (n* = (n + 2) / 24)



MODEL RESULTS

                                                    Two-Tailed
                    Estimate       S.E.  Est./S.E.    P-Value

 ETA1     BY
    X1                 1.000      0.000    999.000    999.000
    X2                 0.928      0.117      7.919      0.000
    X3                 0.800      0.100      7.969      0.000

 ETA2     BY
    M1                 1.000      0.000    999.000    999.000
    M2                 1.097      0.144      7.597      0.000
    M3                 0.747      0.110      6.805      0.000

 Y          ON
    ETA1               0.281      0.068      4.119      0.000
    ETA2               0.318      0.076      4.210      0.000
    ETA3               0.280      0.079      3.526      0.000

 ETA2     WITH
    ETA1               0.106      0.089      1.187      0.235

 Intercepts
    X1                 0.011      0.098      0.117      0.907
    X2                 0.028      0.088      0.324      0.746
    X3                -0.006      0.070     -0.083      0.934
    M1                -0.008      0.102     -0.080      0.936
    M2                 0.025      0.090      0.277      0.782
    M3                 0.012      0.071      0.168      0.867
    Y                  0.015      0.060      0.242      0.808

 Variances
    ETA1               1.102      0.206      5.358      0.000
    ETA2               0.945      0.220      4.300      0.000

 Residual Variances
    X1                 1.286      0.161      7.982      0.000
    X2                 0.973      0.136      7.177      0.000
    X3                 0.528      0.074      7.168      0.000
    M1                 1.649      0.209      7.882      0.000
    M2                 0.878      0.150      5.850      0.000
    M3                 0.737      0.088      8.348      0.000
    Y                  0.636      0.070      9.029      0.000


QUALITY OF NUMERICAL RESULTS

     Condition Number for the Information Matrix              0.494E-03
       (ratio of smallest to largest eigenvalue)


STANDARDIZED MODEL RESULTS


STDYX Standardization

                                                    Two-Tailed
                    Estimate       S.E.  Est./S.E.    P-Value

 ETA1     BY
    X1                 0.679      0.045     15.230      0.000
    X2                 0.703      0.052     13.434      0.000
    X3                 0.756      0.045     16.747      0.000

 ETA2     BY
    M1                 0.604      0.057     10.568      0.000
    M2                 0.751      0.049     15.293      0.000
    M3                 0.646      0.053     12.078      0.000

 Y          ON
    ETA1               0.308      0.069      4.487      0.000
    ETA2               0.322      0.069      4.700      0.000
    ETA3               0.298      0.069      4.291      0.000

 ETA2     WITH
    ETA1               0.104      0.087      1.186      0.235

 Intercepts
    X1                 0.007      0.063      0.117      0.907
    X2                 0.020      0.063      0.323      0.747
    X3                -0.005      0.063     -0.083      0.934
    M1                -0.005      0.063     -0.080      0.936
    M2                 0.017      0.063      0.276      0.782
    M3                 0.011      0.063      0.168      0.867
    Y                  0.015      0.062      0.243      0.808

 Variances
    ETA1               1.000      0.000    999.000    999.000
    ETA2               1.000      0.000    999.000    999.000

 Residual Variances
    X1                 0.538      0.061      8.883      0.000
    X2                 0.506      0.074      6.879      0.000
    X3                 0.428      0.068      6.271      0.000
    M1                 0.636      0.069      9.218      0.000
    M2                 0.435      0.074      5.897      0.000
    M3                 0.583      0.069      8.433      0.000
    Y                  0.691      0.069      9.945      0.000


STDY Standardization

                                                    Two-Tailed
                    Estimate       S.E.  Est./S.E.    P-Value

 ETA1     BY
    X1                 0.679      0.045     15.230      0.000
    X2                 0.703      0.052     13.434      0.000
    X3                 0.756      0.045     16.747      0.000

 ETA2     BY
    M1                 0.604      0.057     10.568      0.000
    M2                 0.751      0.049     15.293      0.000
    M3                 0.646      0.053     12.078      0.000

 Y          ON
    ETA1               0.308      0.069      4.487      0.000
    ETA2               0.322      0.069      4.700      0.000
    ETA3               0.298      0.069      4.291      0.000

 ETA2     WITH
    ETA1               0.104      0.087      1.186      0.235

 Intercepts
    X1                 0.007      0.063      0.117      0.907
    X2                 0.020      0.063      0.323      0.747
    X3                -0.005      0.063     -0.083      0.934
    M1                -0.005      0.063     -0.080      0.936
    M2                 0.017      0.063      0.276      0.782
    M3                 0.011      0.063      0.168      0.867
    Y                  0.015      0.062      0.243      0.808

 Variances
    ETA1               1.000      0.000    999.000    999.000
    ETA2               1.000      0.000    999.000    999.000

 Residual Variances
    X1                 0.538      0.061      8.883      0.000
    X2                 0.506      0.074      6.879      0.000
    X3                 0.428      0.068      6.271      0.000
    M1                 0.636      0.069      9.218      0.000
    M2                 0.435      0.074      5.897      0.000
    M3                 0.583      0.069      8.433      0.000
    Y                  0.691      0.069      9.945      0.000


STD Standardization

                                                    Two-Tailed
                    Estimate       S.E.  Est./S.E.    P-Value

 ETA1     BY
    X1                 1.050      0.098     10.715      0.000
    X2                 0.975      0.094     10.314      0.000
    X3                 0.840      0.076     11.036      0.000

 ETA2     BY
    M1                 0.972      0.113      8.600      0.000
    M2                 1.067      0.089     11.933      0.000
    M3                 0.727      0.078      9.278      0.000

 Y          ON
    ETA1               0.295      0.070      4.233      0.000
    ETA2               0.309      0.067      4.590      0.000
    ETA3               0.286      0.069      4.153      0.000

 ETA2     WITH
    ETA1               0.104      0.087      1.186      0.235

 Intercepts
    X1                 0.011      0.098      0.117      0.907
    X2                 0.028      0.088      0.324      0.746
    X3                -0.006      0.070     -0.083      0.934
    M1                -0.008      0.102     -0.080      0.936
    M2                 0.025      0.090      0.277      0.782
    M3                 0.012      0.071      0.168      0.867
    Y                  0.015      0.060      0.242      0.808

 Variances
    ETA1               1.000      0.000    999.000    999.000
    ETA2               1.000      0.000    999.000    999.000

 Residual Variances
    X1                 1.286      0.161      7.982      0.000
    X2                 0.973      0.136      7.177      0.000
    X3                 0.528      0.074      7.168      0.000
    M1                 1.649      0.209      7.882      0.000
    M2                 0.878      0.150      5.850      0.000
    M3                 0.737      0.088      8.348      0.000
    Y                  0.636      0.070      9.029      0.000


R-SQUARE

    Observed                                        Two-Tailed
    Variable        Estimate       S.E.  Est./S.E.    P-Value

    X1                 0.462      0.061      7.615      0.000
    X2                 0.494      0.074      6.717      0.000
    X3                 0.572      0.068      8.373      0.000
    M1                 0.364      0.069      5.284      0.000
    M2                 0.565      0.074      7.646      0.000
    M3                 0.417      0.069      6.039      0.000
    Y                  0.309      0.069      4.446      0.000


TECHNICAL 1 OUTPUT


     PARAMETER SPECIFICATION


           NU
              X1            X2            X3            M1            M2
              ________      ________      ________      ________      ________
                    1             2             3             4             5


           NU
              M3            Y
              ________      ________
                    6             0


           LAMBDA
              ETA1          ETA2          ETA3          Y
              ________      ________      ________      ________
 X1                 0             0             0             0
 X2                 7             0             0             0
 X3                 8             0             0             0
 M1                 0             0             0             0
 M2                 0             9             0             0
 M3                 0            10             0             0
 Y                  0             0             0             0


           THETA
              X1            X2            X3            M1            M2
              ________      ________      ________      ________      ________
 X1                11
 X2                 0            12
 X3                 0             0            13
 M1                 0             0             0            14
 M2                 0             0             0             0            15
 M3                 0             0             0             0             0
 Y                  0             0             0             0             0


           THETA
              M3            Y
              ________      ________
 M3                16
 Y                  0             0


           ALPHA
              ETA1          ETA2          ETA3          Y
              ________      ________      ________      ________
                    0             0             0            17


           BETA
              ETA1          ETA2          ETA3          Y
              ________      ________      ________      ________
 ETA1               0             0             0             0
 ETA2               0             0             0             0
 ETA3               0             0             0             0
 Y                 18            19            20             0


           PSI
              ETA1          ETA2          ETA3          Y
              ________      ________      ________      ________
 ETA1              21
 ETA2              22            23
 ETA3               0             0             0
 Y                  0             0             0            24


     STARTING VALUES


           NU
              X1            X2            X3            M1            M2
              ________      ________      ________      ________      ________
                0.011         0.028        -0.006        -0.009         0.024


           NU
              M3            Y
              ________      ________
                0.012         0.000


           LAMBDA
              ETA1          ETA2          ETA3          Y
              ________      ________      ________      ________
 X1             1.000         0.000         0.000         0.000
 X2             1.000         0.000         0.000         0.000
 X3             1.000         0.000         0.000         0.000
 M1             0.000         1.000         0.000         0.000
 M2             0.000         1.000         0.000         0.000
 M3             0.000         1.000         0.000         0.000
 Y              0.000         0.000         0.000         1.000


           THETA
              X1            X2            X3            M1            M2
              ________      ________      ________      ________      ________
 X1             1.192
 X2             0.000         0.961
 X3             0.000         0.000         0.616
 M1             0.000         0.000         0.000         1.302
 M2             0.000         0.000         0.000         0.000         1.008
 M3             0.000         0.000         0.000         0.000         0.000
 Y              0.000         0.000         0.000         0.000         0.000


           THETA
              M3            Y
              ________      ________
 M3             0.633
 Y              0.000         0.000


           ALPHA
              ETA1          ETA2          ETA3          Y
              ________      ________      ________      ________
                0.000         0.000         0.000         0.044


           BETA
              ETA1          ETA2          ETA3          Y
              ________      ________      ________      ________
 ETA1           0.000         0.000         0.000         0.000
 ETA2           0.000         0.000         0.000         0.000
 ETA3           0.000         0.000         0.000         0.000
 Y              0.000         0.000         0.000         0.000


           PSI
              ETA1          ETA2          ETA3          Y
              ________      ________      ________      ________
 ETA1           0.050
 ETA2           0.000         0.050
 ETA3           0.000         0.000         0.000
 Y              0.000         0.000         0.000         0.455


TECHNICAL 4 OUTPUT


     ESTIMATES DERIVED FROM THE MODEL


           ESTIMATED MEANS FOR THE LATENT VARIABLES
              ETA1          ETA2          ETA3          Y
              ________      ________      ________      ________
                0.000         0.000         0.106         0.044


           S.E. FOR ESTIMATED MEANS FOR THE LATENT VARIABLES
              ETA1          ETA2          ETA3          Y
              ________      ________      ________      ________
                0.000         0.000         0.089         0.060


           EST./S.E. FOR ESTIMATED MEANS FOR THE LATENT VARIABLES
              ETA1          ETA2          ETA3          Y
              ________      ________      ________      ________
                0.000         0.000         1.187         0.732


           TWO-TAILED P-VALUE FOR ESTIMATED MEANS FOR THE LATENT VARIABLES
              ETA1          ETA2          ETA3          Y
              ________      ________      ________      ________
                1.000         1.000         0.235         0.464


           ESTIMATED COVARIANCE MATRIX FOR THE LATENT VARIABLES
              ETA1          ETA2          ETA3          Y
              ________      ________      ________      ________
 ETA1           1.102
 ETA2           0.106         0.945
 ETA3           0.000         0.000         1.053
 Y              0.344         0.331         0.295         0.921


           S.E. FOR ESTIMATED COVARIANCE MATRIX FOR THE LATENT VARIABLES
              ETA1          ETA2          ETA3          Y
              ________      ________      ________      ________
 ETA1           0.206
 ETA2           0.089         0.220
 ETA3           0.000         0.000         0.324
 Y              0.084         0.081         0.083         0.074


           EST./S.E. FOR ESTIMATED COVARIANCE MATRIX FOR THE LATENT VARIABLES
              ETA1          ETA2          ETA3          Y
              ________      ________      ________      ________
 ETA1           5.358
 ETA2           1.187         4.300
 ETA3           0.000         0.000         3.246
 Y              4.106         4.084         3.552        12.411


           TWO-TAILED P-VALUE FOR ESTIMATED COVARIANCE MATRIX FOR THE LATENT VARIABLES
              ETA1          ETA2          ETA3          Y
              ________      ________      ________      ________
 ETA1           0.000
 ETA2           0.235         0.000
 ETA3           1.000         1.000         0.001
 Y              0.000         0.000         0.000         0.000


           ESTIMATED CORRELATION MATRIX FOR THE LATENT VARIABLES
              ETA1          ETA2          ETA3          Y
              ________      ________      ________      ________
 ETA1           1.000
 ETA2           0.104         1.000
 ETA3           0.000         0.000         1.000
 Y              0.341         0.354         0.299         1.000


           S.E. FOR ESTIMATED CORRELATION MATRIX FOR THE LATENT VARIABLES
              ETA1          ETA2          ETA3          Y
              ________      ________      ________      ________
 ETA1           0.000
 ETA2           0.087         0.000
 ETA3           0.000         0.000         0.000
 Y              0.069         0.071         0.069         0.000


           EST./S.E. FOR ESTIMATED CORRELATION MATRIX FOR THE LATENT VARIABLES
              ETA1          ETA2          ETA3          Y
              ________      ________      ________      ________
 ETA1         999.000
 ETA2           1.186       999.000
 ETA3           0.000         0.000       999.000
 Y              4.951         5.006         4.367       999.000


           TWO-TAILED P-VALUE FOR ESTIMATED CORRELATION MATRIX FOR THE LATENT VARIABLES
              ETA1          ETA2          ETA3          Y
              ________      ________      ________      ________
 ETA1           0.000
 ETA2           0.235         0.000
 ETA3           1.000         1.000         0.000
 Y              0.000         0.000         0.000         0.000


     Beginning Time:  23:12:02
        Ending Time:  23:13:32
       Elapsed Time:  00:01:30



MUTHEN & MUTHEN
3463 Stoner Ave.
Los Angeles, CA  90066

Tel: (310) 391-9971
Fax: (310) 391-8971
Web: www.StatModel.com
Support: Support@StatModel.com

Copyright (c) 1998-2022 Muthen & Muthen
