Mplus VERSION 8.8 (Mac)
MUTHEN & MUTHEN
08/20/2024  11:40 PM

INPUT INSTRUCTIONS

  TITLE: Data Analysis for SEM with Latent Interaction

  DATA:
    FILE = /Users/jimmy_z/desktop/Temp_Data/temp_data_106.dat;
    FORMAT = FREE;

  VARIABLE:
    NAMES ARE x1 x2 x3 m1 m2 m3 y;
    USEVARIABLES ARE x1 x2 x3 m1 m2 m3 y;

  ANALYSIS:
    TYPE = RANDOM;
    ESTIMATOR = MLR;
    ALGORITHM = INTEGRATION;
    INTEGRATION = MONTECARLO;

  MODEL:
    eta1 BY x1 x2 x3;
    eta2 BY m1 m2 m3;
    eta3 | eta1 XWITH eta2;
    y ON eta1 eta2 eta3;

  OUTPUT:
    STANDARDIZED;
    TECH1;
    TECH4;





INPUT READING TERMINATED NORMALLY



Data Analysis for SEM with Latent Interaction

SUMMARY OF ANALYSIS

Number of groups                                                 1
Number of observations                                         250

Number of dependent variables                                    7
Number of independent variables                                  0
Number of continuous latent variables                            3

Observed dependent variables

  Continuous
   X1          X2          X3          M1          M2          M3
   Y

Continuous latent variables
   ETA1        ETA2        ETA3


Estimator                                                      MLR
Information matrix                                        OBSERVED
Optimization Specifications for the Quasi-Newton Algorithm for
Continuous Outcomes
  Maximum number of iterations                                 100
  Convergence criterion                                  0.100D-05
Optimization Specifications for the EM Algorithm
  Maximum number of iterations                                 500
  Convergence criteria
    Loglikelihood change                                 0.100D-02
    Relative loglikelihood change                        0.100D-05
    Derivative                                           0.100D-02
Optimization Specifications for the M step of the EM Algorithm for
Categorical Latent variables
  Number of M step iterations                                    1
  M step convergence criterion                           0.100D-02
  Basis for M step termination                           ITERATION
Optimization Specifications for the M step of the EM Algorithm for
Censored, Binary or Ordered Categorical (Ordinal), Unordered
Categorical (Nominal) and Count Outcomes
  Number of M step iterations                                    1
  M step convergence criterion                           0.100D-02
  Basis for M step termination                           ITERATION
  Maximum value for logit thresholds                            15
  Minimum value for logit thresholds                           -15
  Minimum expected cell size for chi-square              0.100D-01
Optimization algorithm                                         EMA
Integration Specifications
  Type                                                  MONTECARLO
  Number of integration points                                2000
  Dimensions of numerical integration                            2
  Adaptive quadrature                                           ON
  Monte Carlo integration seed                                   0
Cholesky                                                       OFF

Input data file(s)
  /Users/jimmy_z/desktop/Temp_Data/temp_data_106.dat
Input data format  FREE



UNIVARIATE SAMPLE STATISTICS


     UNIVARIATE HIGHER-ORDER MOMENT DESCRIPTIVE STATISTICS

         Variable/         Mean/     Skewness/   Minimum/ % with                Percentiles
        Sample Size      Variance    Kurtosis    Maximum  Min/Max      20%/60%    40%/80%    Median

     X1                    0.056      -0.213      -3.496    0.40%      -0.931     -0.159      0.092
             250.000       1.602       0.088       3.779    0.40%       0.391      1.145
     X2                    0.063      -0.138      -4.037    0.40%      -0.935     -0.310      0.071
             250.000       1.387      -0.139       2.780    0.40%       0.382      1.133
     X3                    0.041       0.293      -2.335    0.40%      -0.696     -0.237     -0.012
             250.000       0.817       0.310       2.769    0.40%       0.209      0.757
     M1                    0.084       0.068      -3.920    0.40%      -1.078     -0.259      0.019
             250.000       1.740      -0.082       3.517    0.40%       0.337      1.252
     M2                   -0.036       0.000      -3.641    0.40%      -1.140     -0.458     -0.067
             250.000       1.475      -0.107       2.941    0.40%       0.303      1.021
     M3                    0.014       0.154      -2.555    0.40%      -0.855     -0.271     -0.027
             250.000       1.029      -0.053       2.967    0.40%       0.271      0.867
     Y                    -0.001       0.131      -2.690    0.40%      -0.906     -0.326      0.020
             250.000       1.035      -0.211       3.404    0.40%       0.286      0.941


THE MODEL ESTIMATION TERMINATED NORMALLY



MODEL FIT INFORMATION

Number of Free Parameters                       24

Loglikelihood

          H0 Value                       -2379.264
          H0 Scaling Correction Factor      0.9731
            for MLR

Information Criteria

          Akaike (AIC)                    4806.528
          Bayesian (BIC)                  4891.043
          Sample-Size Adjusted BIC        4814.961
            (n* = (n + 2) / 24)



MODEL RESULTS

                                                    Two-Tailed
                    Estimate       S.E.  Est./S.E.    P-Value

 ETA1     BY
    X1                 1.000      0.000    999.000    999.000
    X2                 0.922      0.083     11.101      0.000
    X3                 0.662      0.065     10.141      0.000

 ETA2     BY
    M1                 1.000      0.000    999.000    999.000
    M2                 0.932      0.082     11.356      0.000
    M3                 0.754      0.065     11.622      0.000

 Y          ON
    ETA1               0.346      0.064      5.372      0.000
    ETA2               0.294      0.056      5.278      0.000
    ETA3               0.295      0.049      6.086      0.000

 ETA2     WITH
    ETA1              -0.158      0.093     -1.701      0.089

 Intercepts
    X1                 0.056      0.080      0.704      0.481
    X2                 0.063      0.075      0.848      0.396
    X3                 0.041      0.057      0.716      0.474
    M1                 0.084      0.084      0.997      0.319
    M2                -0.037      0.077     -0.477      0.633
    M3                 0.013      0.064      0.203      0.839
    Y                  0.046      0.061      0.750      0.453

 Variances
    ETA1               0.974      0.152      6.396      0.000
    ETA2               1.103      0.167      6.620      0.000

 Residual Variances
    X1                 0.622      0.088      7.047      0.000
    X2                 0.559      0.076      7.341      0.000
    X3                 0.390      0.048      8.107      0.000
    M1                 0.633      0.090      7.007      0.000
    M2                 0.517      0.083      6.201      0.000
    M3                 0.403      0.047      8.485      0.000
    Y                  0.714      0.067     10.730      0.000


QUALITY OF NUMERICAL RESULTS

     Condition Number for the Information Matrix              0.324E-01
       (ratio of smallest to largest eigenvalue)


STANDARDIZED MODEL RESULTS


STDYX Standardization

                                                    Two-Tailed
                    Estimate       S.E.  Est./S.E.    P-Value

 ETA1     BY
    X1                 0.781      0.038     20.737      0.000
    X2                 0.772      0.036     21.575      0.000
    X3                 0.722      0.041     17.508      0.000

 ETA2     BY
    M1                 0.797      0.036     22.099      0.000
    M2                 0.806      0.038     21.118      0.000
    M3                 0.780      0.032     24.263      0.000

 Y          ON
    ETA1               0.343      0.061      5.611      0.000
    ETA2               0.310      0.058      5.319      0.000
    ETA3               0.308      0.049      6.270      0.000

 ETA2     WITH
    ETA1              -0.153      0.084     -1.817      0.069

 Intercepts
    X1                 0.045      0.064      0.700      0.484
    X2                 0.054      0.064      0.844      0.398
    X3                 0.045      0.063      0.720      0.471
    M1                 0.063      0.064      0.998      0.318
    M2                -0.030      0.064     -0.477      0.633
    M3                 0.013      0.063      0.204      0.839
    Y                  0.046      0.062      0.751      0.452

 Variances
    ETA1               1.000      0.000    999.000    999.000
    ETA2               1.000      0.000    999.000    999.000

 Residual Variances
    X1                 0.390      0.059      6.628      0.000
    X2                 0.403      0.055      7.292      0.000
    X3                 0.478      0.060      8.022      0.000
    M1                 0.365      0.057      6.345      0.000
    M2                 0.350      0.062      5.691      0.000
    M3                 0.391      0.050      7.799      0.000
    Y                  0.722      0.049     14.817      0.000


STDY Standardization

                                                    Two-Tailed
                    Estimate       S.E.  Est./S.E.    P-Value

 ETA1     BY
    X1                 0.781      0.038     20.737      0.000
    X2                 0.772      0.036     21.575      0.000
    X3                 0.722      0.041     17.508      0.000

 ETA2     BY
    M1                 0.797      0.036     22.099      0.000
    M2                 0.806      0.038     21.118      0.000
    M3                 0.780      0.032     24.263      0.000

 Y          ON
    ETA1               0.343      0.061      5.611      0.000
    ETA2               0.310      0.058      5.319      0.000
    ETA3               0.308      0.049      6.270      0.000

 ETA2     WITH
    ETA1              -0.153      0.084     -1.817      0.069

 Intercepts
    X1                 0.045      0.064      0.700      0.484
    X2                 0.054      0.064      0.844      0.398
    X3                 0.045      0.063      0.720      0.471
    M1                 0.063      0.064      0.998      0.318
    M2                -0.030      0.064     -0.477      0.633
    M3                 0.013      0.063      0.204      0.839
    Y                  0.046      0.062      0.751      0.452

 Variances
    ETA1               1.000      0.000    999.000    999.000
    ETA2               1.000      0.000    999.000    999.000

 Residual Variances
    X1                 0.390      0.059      6.628      0.000
    X2                 0.403      0.055      7.292      0.000
    X3                 0.478      0.060      8.022      0.000
    M1                 0.365      0.057      6.345      0.000
    M2                 0.350      0.062      5.691      0.000
    M3                 0.391      0.050      7.799      0.000
    Y                  0.722      0.049     14.817      0.000


STD Standardization

                                                    Two-Tailed
                    Estimate       S.E.  Est./S.E.    P-Value

 ETA1     BY
    X1                 0.987      0.077     12.792      0.000
    X2                 0.910      0.066     13.730      0.000
    X3                 0.653      0.058     11.352      0.000

 ETA2     BY
    M1                 1.050      0.079     13.239      0.000
    M2                 0.979      0.075     13.123      0.000
    M3                 0.791      0.058     13.731      0.000

 Y          ON
    ETA1               0.341      0.065      5.287      0.000
    ETA2               0.309      0.061      5.088      0.000
    ETA3               0.306      0.049      6.305      0.000

 ETA2     WITH
    ETA1              -0.153      0.084     -1.817      0.069

 Intercepts
    X1                 0.056      0.080      0.704      0.481
    X2                 0.063      0.075      0.848      0.396
    X3                 0.041      0.057      0.716      0.474
    M1                 0.084      0.084      0.997      0.319
    M2                -0.037      0.077     -0.477      0.633
    M3                 0.013      0.064      0.203      0.839
    Y                  0.046      0.061      0.750      0.453

 Variances
    ETA1               1.000      0.000    999.000    999.000
    ETA2               1.000      0.000    999.000    999.000

 Residual Variances
    X1                 0.622      0.088      7.047      0.000
    X2                 0.559      0.076      7.341      0.000
    X3                 0.390      0.048      8.107      0.000
    M1                 0.633      0.090      7.007      0.000
    M2                 0.517      0.083      6.201      0.000
    M3                 0.403      0.047      8.485      0.000
    Y                  0.714      0.067     10.730      0.000


R-SQUARE

    Observed                                        Two-Tailed
    Variable        Estimate       S.E.  Est./S.E.    P-Value

    X1                 0.610      0.059     10.368      0.000
    X2                 0.597      0.055     10.787      0.000
    X3                 0.522      0.060      8.754      0.000
    M1                 0.635      0.057     11.049      0.000
    M2                 0.650      0.062     10.559      0.000
    M3                 0.609      0.050     12.131      0.000
    Y                  0.278      0.049      5.715      0.000


TECHNICAL 1 OUTPUT


     PARAMETER SPECIFICATION


           NU
              X1            X2            X3            M1            M2
              ________      ________      ________      ________      ________
                    1             2             3             4             5


           NU
              M3            Y
              ________      ________
                    6             0


           LAMBDA
              ETA1          ETA2          ETA3          Y
              ________      ________      ________      ________
 X1                 0             0             0             0
 X2                 7             0             0             0
 X3                 8             0             0             0
 M1                 0             0             0             0
 M2                 0             9             0             0
 M3                 0            10             0             0
 Y                  0             0             0             0


           THETA
              X1            X2            X3            M1            M2
              ________      ________      ________      ________      ________
 X1                11
 X2                 0            12
 X3                 0             0            13
 M1                 0             0             0            14
 M2                 0             0             0             0            15
 M3                 0             0             0             0             0
 Y                  0             0             0             0             0


           THETA
              M3            Y
              ________      ________
 M3                16
 Y                  0             0


           ALPHA
              ETA1          ETA2          ETA3          Y
              ________      ________      ________      ________
                    0             0             0            17


           BETA
              ETA1          ETA2          ETA3          Y
              ________      ________      ________      ________
 ETA1               0             0             0             0
 ETA2               0             0             0             0
 ETA3               0             0             0             0
 Y                 18            19            20             0


           PSI
              ETA1          ETA2          ETA3          Y
              ________      ________      ________      ________
 ETA1              21
 ETA2              22            23
 ETA3               0             0             0
 Y                  0             0             0            24


     STARTING VALUES


           NU
              X1            X2            X3            M1            M2
              ________      ________      ________      ________      ________
                0.056         0.063         0.041         0.084        -0.036


           NU
              M3            Y
              ________      ________
                0.014         0.000


           LAMBDA
              ETA1          ETA2          ETA3          Y
              ________      ________      ________      ________
 X1             1.000         0.000         0.000         0.000
 X2             1.000         0.000         0.000         0.000
 X3             1.000         0.000         0.000         0.000
 M1             0.000         1.000         0.000         0.000
 M2             0.000         1.000         0.000         0.000
 M3             0.000         1.000         0.000         0.000
 Y              0.000         0.000         0.000         1.000


           THETA
              X1            X2            X3            M1            M2
              ________      ________      ________      ________      ________
 X1             0.801
 X2             0.000         0.693
 X3             0.000         0.000         0.408
 M1             0.000         0.000         0.000         0.870
 M2             0.000         0.000         0.000         0.000         0.738
 M3             0.000         0.000         0.000         0.000         0.000
 Y              0.000         0.000         0.000         0.000         0.000


           THETA
              M3            Y
              ________      ________
 M3             0.514
 Y              0.000         0.000


           ALPHA
              ETA1          ETA2          ETA3          Y
              ________      ________      ________      ________
                0.000         0.000         0.000        -0.001


           BETA
              ETA1          ETA2          ETA3          Y
              ________      ________      ________      ________
 ETA1           0.000         0.000         0.000         0.000
 ETA2           0.000         0.000         0.000         0.000
 ETA3           0.000         0.000         0.000         0.000
 Y              0.000         0.000         0.000         0.000


           PSI
              ETA1          ETA2          ETA3          Y
              ________      ________      ________      ________
 ETA1           0.050
 ETA2           0.000         0.050
 ETA3           0.000         0.000         0.000
 Y              0.000         0.000         0.000         0.517


TECHNICAL 4 OUTPUT


     ESTIMATES DERIVED FROM THE MODEL


           ESTIMATED MEANS FOR THE LATENT VARIABLES
              ETA1          ETA2          ETA3          Y
              ________      ________      ________      ________
                0.000         0.000        -0.158        -0.001


           S.E. FOR ESTIMATED MEANS FOR THE LATENT VARIABLES
              ETA1          ETA2          ETA3          Y
              ________      ________      ________      ________
                0.000         0.000         0.093         0.064


           EST./S.E. FOR ESTIMATED MEANS FOR THE LATENT VARIABLES
              ETA1          ETA2          ETA3          Y
              ________      ________      ________      ________
                0.000         0.000        -1.701        -0.011


           TWO-TAILED P-VALUE FOR ESTIMATED MEANS FOR THE LATENT VARIABLES
              ETA1          ETA2          ETA3          Y
              ________      ________      ________      ________
                1.000         1.000         0.089         0.991


           ESTIMATED COVARIANCE MATRIX FOR THE LATENT VARIABLES
              ETA1          ETA2          ETA3          Y
              ________      ________      ________      ________
 ETA1           0.974
 ETA2          -0.158         1.103
 ETA3           0.000         0.000         1.099
 Y              0.290         0.270         0.324         0.990


           S.E. FOR ESTIMATED COVARIANCE MATRIX FOR THE LATENT VARIABLES
              ETA1          ETA2          ETA3          Y
              ________      ________      ________      ________
 ETA1           0.152
 ETA2           0.093         0.167
 ETA3           0.000         0.000         0.258
 Y              0.072         0.074         0.074         0.075


           EST./S.E. FOR ESTIMATED COVARIANCE MATRIX FOR THE LATENT VARIABLES
              ETA1          ETA2          ETA3          Y
              ________      ________      ________      ________
 ETA1           6.396
 ETA2          -1.701         6.620
 ETA3           0.000         0.000         4.264
 Y              4.039         3.632         4.405        13.141


           TWO-TAILED P-VALUE FOR ESTIMATED COVARIANCE MATRIX FOR THE LATENT VARIABLES
              ETA1          ETA2          ETA3          Y
              ________      ________      ________      ________
 ETA1           0.000
 ETA2           0.089         0.000
 ETA3           1.000         1.000         0.000
 Y              0.000         0.000         0.000         0.000


           ESTIMATED CORRELATION MATRIX FOR THE LATENT VARIABLES
              ETA1          ETA2          ETA3          Y
              ________      ________      ________      ________
 ETA1           1.000
 ETA2          -0.153         1.000
 ETA3           0.000         0.000         1.000
 Y              0.296         0.258         0.311         1.000


           S.E. FOR ESTIMATED CORRELATION MATRIX FOR THE LATENT VARIABLES
              ETA1          ETA2          ETA3          Y
              ________      ________      ________      ________
 ETA1           0.000
 ETA2           0.084         0.000
 ETA3           0.000         0.000         0.000
 Y              0.063         0.062         0.050         0.000


           EST./S.E. FOR ESTIMATED CORRELATION MATRIX FOR THE LATENT VARIABLES
              ETA1          ETA2          ETA3          Y
              ________      ________      ________      ________
 ETA1         999.000
 ETA2          -1.817       999.000
 ETA3           0.000         0.000       999.000
 Y              4.706         4.151         6.215       999.000


           TWO-TAILED P-VALUE FOR ESTIMATED CORRELATION MATRIX FOR THE LATENT VARIABLES
              ETA1          ETA2          ETA3          Y
              ________      ________      ________      ________
 ETA1           0.000
 ETA2           0.069         0.000
 ETA3           1.000         1.000         0.000
 Y              0.000         0.000         0.000         0.000


     Beginning Time:  23:40:27
        Ending Time:  23:41:00
       Elapsed Time:  00:00:33



MUTHEN & MUTHEN
3463 Stoner Ave.
Los Angeles, CA  90066

Tel: (310) 391-9971
Fax: (310) 391-8971
Web: www.StatModel.com
Support: Support@StatModel.com

Copyright (c) 1998-2022 Muthen & Muthen
