Mplus VERSION 8.8 (Mac)
MUTHEN & MUTHEN
08/20/2024  11:03 PM

INPUT INSTRUCTIONS

  TITLE: Data Analysis for SEM with Latent Interaction

  DATA:
    FILE = /Users/jimmy_z/desktop/Temp_Data/temp_data_372.dat;
    FORMAT = FREE;

  VARIABLE:
    NAMES ARE x1 x2 x3 m1 m2 m3 y;
    USEVARIABLES ARE x1 x2 x3 m1 m2 m3 y;

  ANALYSIS:
    TYPE = RANDOM;
    ESTIMATOR = MLR;
    ALGORITHM = INTEGRATION;
    INTEGRATION = MONTECARLO;

  MODEL:
    eta1 BY x1 x2 x3;
    eta2 BY m1 m2 m3;
    eta3 | eta1 XWITH eta2;
    y ON eta1 eta2 eta3;

  OUTPUT:
    STANDARDIZED;
    TECH1;
    TECH4;





INPUT READING TERMINATED NORMALLY



Data Analysis for SEM with Latent Interaction

SUMMARY OF ANALYSIS

Number of groups                                                 1
Number of observations                                         250

Number of dependent variables                                    7
Number of independent variables                                  0
Number of continuous latent variables                            3

Observed dependent variables

  Continuous
   X1          X2          X3          M1          M2          M3
   Y

Continuous latent variables
   ETA1        ETA2        ETA3


Estimator                                                      MLR
Information matrix                                        OBSERVED
Optimization Specifications for the Quasi-Newton Algorithm for
Continuous Outcomes
  Maximum number of iterations                                 100
  Convergence criterion                                  0.100D-05
Optimization Specifications for the EM Algorithm
  Maximum number of iterations                                 500
  Convergence criteria
    Loglikelihood change                                 0.100D-02
    Relative loglikelihood change                        0.100D-05
    Derivative                                           0.100D-02
Optimization Specifications for the M step of the EM Algorithm for
Categorical Latent variables
  Number of M step iterations                                    1
  M step convergence criterion                           0.100D-02
  Basis for M step termination                           ITERATION
Optimization Specifications for the M step of the EM Algorithm for
Censored, Binary or Ordered Categorical (Ordinal), Unordered
Categorical (Nominal) and Count Outcomes
  Number of M step iterations                                    1
  M step convergence criterion                           0.100D-02
  Basis for M step termination                           ITERATION
  Maximum value for logit thresholds                            15
  Minimum value for logit thresholds                           -15
  Minimum expected cell size for chi-square              0.100D-01
Optimization algorithm                                         EMA
Integration Specifications
  Type                                                  MONTECARLO
  Number of integration points                                2000
  Dimensions of numerical integration                            2
  Adaptive quadrature                                           ON
  Monte Carlo integration seed                                   0
Cholesky                                                       OFF

Input data file(s)
  /Users/jimmy_z/desktop/Temp_Data/temp_data_372.dat
Input data format  FREE



UNIVARIATE SAMPLE STATISTICS


     UNIVARIATE HIGHER-ORDER MOMENT DESCRIPTIVE STATISTICS

         Variable/         Mean/     Skewness/   Minimum/ % with                Percentiles
        Sample Size      Variance    Kurtosis    Maximum  Min/Max      20%/60%    40%/80%    Median

     X1                    0.159      -0.014      -4.458    0.40%      -1.254     -0.310      0.110
             250.000       2.517      -0.258       3.886    0.40%       0.452      1.607
     X2                    0.063      -0.061      -3.570    0.40%      -1.075     -0.319      0.068
             250.000       1.842      -0.108       3.601    0.40%       0.406      1.171
     X3                    0.143       0.122      -2.468    0.40%      -0.769     -0.081      0.114
             250.000       1.031      -0.192       3.117    0.40%       0.395      0.974
     M1                   -0.106      -0.051      -3.960    0.40%      -1.188     -0.540     -0.104
             250.000       2.072      -0.208       3.526    0.40%       0.188      1.193
     M2                   -0.041       0.094      -3.607    0.40%      -1.204     -0.493     -0.075
             250.000       1.908      -0.146       3.782    0.40%       0.248      1.177
     M3                   -0.110       0.236      -2.967    0.40%      -1.075     -0.447     -0.160
             250.000       1.338      -0.218       3.027    0.40%       0.088      0.910
     Y                     0.050       0.268      -2.492    0.40%      -0.780     -0.266     -0.041
             250.000       1.012      -0.076       2.931    0.40%       0.199      0.891


THE MODEL ESTIMATION TERMINATED NORMALLY



MODEL FIT INFORMATION

Number of Free Parameters                       24

Loglikelihood

          H0 Value                       -2749.552
          H0 Scaling Correction Factor      1.0012
            for MLR

Information Criteria

          Akaike (AIC)                    5547.105
          Bayesian (BIC)                  5631.620
          Sample-Size Adjusted BIC        5555.538
            (n* = (n + 2) / 24)



MODEL RESULTS

                                                    Two-Tailed
                    Estimate       S.E.  Est./S.E.    P-Value

 ETA1     BY
    X1                 1.000      0.000    999.000    999.000
    X2                 0.760      0.130      5.861      0.000
    X3                 0.555      0.093      5.947      0.000

 ETA2     BY
    M1                 1.000      0.000    999.000    999.000
    M2                 1.143      0.178      6.423      0.000
    M3                 0.872      0.150      5.803      0.000

 Y          ON
    ETA1               0.280      0.078      3.576      0.000
    ETA2               0.396      0.101      3.921      0.000
    ETA3               0.361      0.112      3.229      0.001

 ETA2     WITH
    ETA1              -0.039      0.085     -0.465      0.642

 Intercepts
    X1                 0.159      0.100      1.589      0.112
    X2                 0.063      0.086      0.736      0.462
    X3                 0.143      0.064      2.228      0.026
    M1                -0.107      0.091     -1.173      0.241
    M2                -0.041      0.088     -0.473      0.636
    M3                -0.111      0.073     -1.513      0.130
    Y                  0.064      0.066      0.966      0.334

 Variances
    ETA1               1.163      0.244      4.775      0.000
    ETA2               0.761      0.179      4.247      0.000

 Residual Variances
    X1                 1.361      0.193      7.052      0.000
    X2                 1.171      0.157      7.436      0.000
    X3                 0.674      0.086      7.873      0.000
    M1                 1.312      0.158      8.280      0.000
    M2                 0.913      0.166      5.507      0.000
    M3                 0.760      0.106      7.174      0.000
    Y                  0.728      0.096      7.625      0.000


QUALITY OF NUMERICAL RESULTS

     Condition Number for the Information Matrix              0.163E-01
       (ratio of smallest to largest eigenvalue)


STANDARDIZED MODEL RESULTS


STDYX Standardization

                                                    Two-Tailed
                    Estimate       S.E.  Est./S.E.    P-Value

 ETA1     BY
    X1                 0.679      0.057     11.940      0.000
    X2                 0.604      0.062      9.740      0.000
    X3                 0.589      0.066      8.914      0.000

 ETA2     BY
    M1                 0.606      0.060     10.180      0.000
    M2                 0.722      0.060     11.970      0.000
    M3                 0.657      0.058     11.335      0.000

 Y          ON
    ETA1               0.295      0.076      3.864      0.000
    ETA2               0.337      0.072      4.676      0.000
    ETA3               0.332      0.078      4.268      0.000

 ETA2     WITH
    ETA1              -0.042      0.089     -0.471      0.637

 Intercepts
    X1                 0.100      0.063      1.582      0.114
    X2                 0.047      0.063      0.734      0.463
    X3                 0.141      0.063      2.237      0.025
    M1                -0.074      0.063     -1.174      0.240
    M2                -0.030      0.063     -0.473      0.636
    M3                -0.096      0.064     -1.493      0.135
    Y                  0.063      0.064      0.974      0.330

 Variances
    ETA1               1.000      0.000    999.000    999.000
    ETA2               1.000      0.000    999.000    999.000

 Residual Variances
    X1                 0.539      0.077      6.984      0.000
    X2                 0.636      0.075      8.494      0.000
    X3                 0.653      0.078      8.396      0.000
    M1                 0.633      0.072      8.779      0.000
    M2                 0.479      0.087      5.495      0.000
    M3                 0.568      0.076      7.456      0.000
    Y                  0.697      0.090      7.744      0.000


STDY Standardization

                                                    Two-Tailed
                    Estimate       S.E.  Est./S.E.    P-Value

 ETA1     BY
    X1                 0.679      0.057     11.940      0.000
    X2                 0.604      0.062      9.740      0.000
    X3                 0.589      0.066      8.914      0.000

 ETA2     BY
    M1                 0.606      0.060     10.180      0.000
    M2                 0.722      0.060     11.970      0.000
    M3                 0.657      0.058     11.335      0.000

 Y          ON
    ETA1               0.295      0.076      3.864      0.000
    ETA2               0.337      0.072      4.676      0.000
    ETA3               0.332      0.078      4.268      0.000

 ETA2     WITH
    ETA1              -0.042      0.089     -0.471      0.637

 Intercepts
    X1                 0.100      0.063      1.582      0.114
    X2                 0.047      0.063      0.734      0.463
    X3                 0.141      0.063      2.237      0.025
    M1                -0.074      0.063     -1.174      0.240
    M2                -0.030      0.063     -0.473      0.636
    M3                -0.096      0.064     -1.493      0.135
    Y                  0.063      0.064      0.974      0.330

 Variances
    ETA1               1.000      0.000    999.000    999.000
    ETA2               1.000      0.000    999.000    999.000

 Residual Variances
    X1                 0.539      0.077      6.984      0.000
    X2                 0.636      0.075      8.494      0.000
    X3                 0.653      0.078      8.396      0.000
    M1                 0.633      0.072      8.779      0.000
    M2                 0.479      0.087      5.495      0.000
    M3                 0.568      0.076      7.456      0.000
    Y                  0.697      0.090      7.744      0.000


STD Standardization

                                                    Two-Tailed
                    Estimate       S.E.  Est./S.E.    P-Value

 ETA1     BY
    X1                 1.078      0.113      9.551      0.000
    X2                 0.819      0.097      8.485      0.000
    X3                 0.598      0.078      7.696      0.000

 ETA2     BY
    M1                 0.872      0.103      8.494      0.000
    M2                 0.997      0.103      9.729      0.000
    M3                 0.760      0.081      9.351      0.000

 Y          ON
    ETA1               0.302      0.080      3.763      0.000
    ETA2               0.345      0.079      4.356      0.000
    ETA3               0.340      0.086      3.960      0.000

 ETA2     WITH
    ETA1              -0.042      0.089     -0.471      0.637

 Intercepts
    X1                 0.159      0.100      1.589      0.112
    X2                 0.063      0.086      0.736      0.462
    X3                 0.143      0.064      2.228      0.026
    M1                -0.107      0.091     -1.173      0.241
    M2                -0.041      0.088     -0.473      0.636
    M3                -0.111      0.073     -1.513      0.130
    Y                  0.064      0.066      0.966      0.334

 Variances
    ETA1               1.000      0.000    999.000    999.000
    ETA2               1.000      0.000    999.000    999.000

 Residual Variances
    X1                 1.361      0.193      7.052      0.000
    X2                 1.171      0.157      7.436      0.000
    X3                 0.674      0.086      7.873      0.000
    M1                 1.312      0.158      8.280      0.000
    M2                 0.913      0.166      5.507      0.000
    M3                 0.760      0.106      7.174      0.000
    Y                  0.728      0.096      7.625      0.000


R-SQUARE

    Observed                                        Two-Tailed
    Variable        Estimate       S.E.  Est./S.E.    P-Value

    X1                 0.461      0.077      5.970      0.000
    X2                 0.364      0.075      4.870      0.000
    X3                 0.347      0.078      4.457      0.000
    M1                 0.367      0.072      5.090      0.000
    M2                 0.521      0.087      5.985      0.000
    M3                 0.432      0.076      5.668      0.000
    Y                  0.303      0.090      3.370      0.001


TECHNICAL 1 OUTPUT


     PARAMETER SPECIFICATION


           NU
              X1            X2            X3            M1            M2
              ________      ________      ________      ________      ________
                    1             2             3             4             5


           NU
              M3            Y
              ________      ________
                    6             0


           LAMBDA
              ETA1          ETA2          ETA3          Y
              ________      ________      ________      ________
 X1                 0             0             0             0
 X2                 7             0             0             0
 X3                 8             0             0             0
 M1                 0             0             0             0
 M2                 0             9             0             0
 M3                 0            10             0             0
 Y                  0             0             0             0


           THETA
              X1            X2            X3            M1            M2
              ________      ________      ________      ________      ________
 X1                11
 X2                 0            12
 X3                 0             0            13
 M1                 0             0             0            14
 M2                 0             0             0             0            15
 M3                 0             0             0             0             0
 Y                  0             0             0             0             0


           THETA
              M3            Y
              ________      ________
 M3                16
 Y                  0             0


           ALPHA
              ETA1          ETA2          ETA3          Y
              ________      ________      ________      ________
                    0             0             0            17


           BETA
              ETA1          ETA2          ETA3          Y
              ________      ________      ________      ________
 ETA1               0             0             0             0
 ETA2               0             0             0             0
 ETA3               0             0             0             0
 Y                 18            19            20             0


           PSI
              ETA1          ETA2          ETA3          Y
              ________      ________      ________      ________
 ETA1              21
 ETA2              22            23
 ETA3               0             0             0
 Y                  0             0             0            24


     STARTING VALUES


           NU
              X1            X2            X3            M1            M2
              ________      ________      ________      ________      ________
                0.159         0.063         0.143        -0.106        -0.041


           NU
              M3            Y
              ________      ________
               -0.110         0.000


           LAMBDA
              ETA1          ETA2          ETA3          Y
              ________      ________      ________      ________
 X1             1.000         0.000         0.000         0.000
 X2             1.000         0.000         0.000         0.000
 X3             1.000         0.000         0.000         0.000
 M1             0.000         1.000         0.000         0.000
 M2             0.000         1.000         0.000         0.000
 M3             0.000         1.000         0.000         0.000
 Y              0.000         0.000         0.000         1.000


           THETA
              X1            X2            X3            M1            M2
              ________      ________      ________      ________      ________
 X1             1.259
 X2             0.000         0.921
 X3             0.000         0.000         0.516
 M1             0.000         0.000         0.000         1.036
 M2             0.000         0.000         0.000         0.000         0.954
 M3             0.000         0.000         0.000         0.000         0.000
 Y              0.000         0.000         0.000         0.000         0.000


           THETA
              M3            Y
              ________      ________
 M3             0.669
 Y              0.000         0.000


           ALPHA
              ETA1          ETA2          ETA3          Y
              ________      ________      ________      ________
                0.000         0.000         0.000         0.050


           BETA
              ETA1          ETA2          ETA3          Y
              ________      ________      ________      ________
 ETA1           0.000         0.000         0.000         0.000
 ETA2           0.000         0.000         0.000         0.000
 ETA3           0.000         0.000         0.000         0.000
 Y              0.000         0.000         0.000         0.000


           PSI
              ETA1          ETA2          ETA3          Y
              ________      ________      ________      ________
 ETA1           0.050
 ETA2           0.000         0.050
 ETA3           0.000         0.000         0.000
 Y              0.000         0.000         0.000         0.506


TECHNICAL 4 OUTPUT


     ESTIMATES DERIVED FROM THE MODEL


           ESTIMATED MEANS FOR THE LATENT VARIABLES
              ETA1          ETA2          ETA3          Y
              ________      ________      ________      ________
                0.000         0.000        -0.039         0.050


           S.E. FOR ESTIMATED MEANS FOR THE LATENT VARIABLES
              ETA1          ETA2          ETA3          Y
              ________      ________      ________      ________
                0.000         0.000         0.085         0.064


           EST./S.E. FOR ESTIMATED MEANS FOR THE LATENT VARIABLES
              ETA1          ETA2          ETA3          Y
              ________      ________      ________      ________
                0.000         0.000        -0.465         0.783


           TWO-TAILED P-VALUE FOR ESTIMATED MEANS FOR THE LATENT VARIABLES
              ETA1          ETA2          ETA3          Y
              ________      ________      ________      ________
                1.000         1.000         0.642         0.434


           ESTIMATED COVARIANCE MATRIX FOR THE LATENT VARIABLES
              ETA1          ETA2          ETA3          Y
              ________      ________      ________      ________
 ETA1           1.163
 ETA2          -0.039         0.761
 ETA3           0.000         0.000         0.886
 Y              0.310         0.290         0.320         1.045


           S.E. FOR ESTIMATED COVARIANCE MATRIX FOR THE LATENT VARIABLES
              ETA1          ETA2          ETA3          Y
              ________      ________      ________      ________
 ETA1           0.244
 ETA2           0.085         0.179
 ETA3           0.000         0.000         0.275
 Y              0.094         0.077         0.090         0.097


           EST./S.E. FOR ESTIMATED COVARIANCE MATRIX FOR THE LATENT VARIABLES
              ETA1          ETA2          ETA3          Y
              ________      ________      ________      ________
 ETA1           4.775
 ETA2          -0.465         4.247
 ETA3           0.000         0.000         3.218
 Y              3.302         3.760         3.537        10.765


           TWO-TAILED P-VALUE FOR ESTIMATED COVARIANCE MATRIX FOR THE LATENT VARIABLES
              ETA1          ETA2          ETA3          Y
              ________      ________      ________      ________
 ETA1           0.000
 ETA2           0.642         0.000
 ETA3           1.000         1.000         0.001
 Y              0.001         0.000         0.000         0.000


           ESTIMATED CORRELATION MATRIX FOR THE LATENT VARIABLES
              ETA1          ETA2          ETA3          Y
              ________      ________      ________      ________
 ETA1           1.000
 ETA2          -0.042         1.000
 ETA3           0.000         0.000         1.000
 Y              0.281         0.325         0.333         1.000


           S.E. FOR ESTIMATED CORRELATION MATRIX FOR THE LATENT VARIABLES
              ETA1          ETA2          ETA3          Y
              ________      ________      ________      ________
 ETA1           0.000
 ETA2           0.089         0.000
 ETA3           0.000         0.000         0.000
 Y              0.076         0.074         0.078         0.000


           EST./S.E. FOR ESTIMATED CORRELATION MATRIX FOR THE LATENT VARIABLES
              ETA1          ETA2          ETA3          Y
              ________      ________      ________      ________
 ETA1         999.000
 ETA2          -0.471       999.000
 ETA3           0.000         0.000       999.000
 Y              3.702         4.386         4.267       999.000


           TWO-TAILED P-VALUE FOR ESTIMATED CORRELATION MATRIX FOR THE LATENT VARIABLES
              ETA1          ETA2          ETA3          Y
              ________      ________      ________      ________
 ETA1           0.000
 ETA2           0.637         0.000
 ETA3           1.000         1.000         0.000
 Y              0.000         0.000         0.000         0.000


     Beginning Time:  23:03:11
        Ending Time:  23:04:26
       Elapsed Time:  00:01:15



MUTHEN & MUTHEN
3463 Stoner Ave.
Los Angeles, CA  90066

Tel: (310) 391-9971
Fax: (310) 391-8971
Web: www.StatModel.com
Support: Support@StatModel.com

Copyright (c) 1998-2022 Muthen & Muthen
