Mplus VERSION 8.8 (Mac)
MUTHEN & MUTHEN
08/20/2024  11:40 PM

INPUT INSTRUCTIONS

  TITLE: Data Analysis for SEM with Latent Interaction

  DATA:
    FILE = /Users/jimmy_z/desktop/Temp_Data/temp_data_101.dat;
    FORMAT = FREE;

  VARIABLE:
    NAMES ARE x1 x2 x3 m1 m2 m3 y;
    USEVARIABLES ARE x1 x2 x3 m1 m2 m3 y;

  ANALYSIS:
    TYPE = RANDOM;
    ESTIMATOR = MLR;
    ALGORITHM = INTEGRATION;
    INTEGRATION = MONTECARLO;

  MODEL:
    eta1 BY x1 x2 x3;
    eta2 BY m1 m2 m3;
    eta3 | eta1 XWITH eta2;
    y ON eta1 eta2 eta3;

  OUTPUT:
    STANDARDIZED;
    TECH1;
    TECH4;





INPUT READING TERMINATED NORMALLY



Data Analysis for SEM with Latent Interaction

SUMMARY OF ANALYSIS

Number of groups                                                 1
Number of observations                                         250

Number of dependent variables                                    7
Number of independent variables                                  0
Number of continuous latent variables                            3

Observed dependent variables

  Continuous
   X1          X2          X3          M1          M2          M3
   Y

Continuous latent variables
   ETA1        ETA2        ETA3


Estimator                                                      MLR
Information matrix                                        OBSERVED
Optimization Specifications for the Quasi-Newton Algorithm for
Continuous Outcomes
  Maximum number of iterations                                 100
  Convergence criterion                                  0.100D-05
Optimization Specifications for the EM Algorithm
  Maximum number of iterations                                 500
  Convergence criteria
    Loglikelihood change                                 0.100D-02
    Relative loglikelihood change                        0.100D-05
    Derivative                                           0.100D-02
Optimization Specifications for the M step of the EM Algorithm for
Categorical Latent variables
  Number of M step iterations                                    1
  M step convergence criterion                           0.100D-02
  Basis for M step termination                           ITERATION
Optimization Specifications for the M step of the EM Algorithm for
Censored, Binary or Ordered Categorical (Ordinal), Unordered
Categorical (Nominal) and Count Outcomes
  Number of M step iterations                                    1
  M step convergence criterion                           0.100D-02
  Basis for M step termination                           ITERATION
  Maximum value for logit thresholds                            15
  Minimum value for logit thresholds                           -15
  Minimum expected cell size for chi-square              0.100D-01
Optimization algorithm                                         EMA
Integration Specifications
  Type                                                  MONTECARLO
  Number of integration points                                2000
  Dimensions of numerical integration                            2
  Adaptive quadrature                                           ON
  Monte Carlo integration seed                                   0
Cholesky                                                       OFF

Input data file(s)
  /Users/jimmy_z/desktop/Temp_Data/temp_data_101.dat
Input data format  FREE



UNIVARIATE SAMPLE STATISTICS


     UNIVARIATE HIGHER-ORDER MOMENT DESCRIPTIVE STATISTICS

         Variable/         Mean/     Skewness/   Minimum/ % with                Percentiles
        Sample Size      Variance    Kurtosis    Maximum  Min/Max      20%/60%    40%/80%    Median

     X1                   -0.049      -0.070      -3.142    0.40%      -1.139     -0.344      0.002
             250.000       1.595      -0.203       4.060    0.40%       0.401      0.957
     X2                   -0.023       0.084      -3.471    0.40%      -0.941     -0.291     -0.016
             250.000       1.432       0.665       4.489    0.40%       0.303      0.866
     X3                   -0.035      -0.146      -2.880    0.40%      -0.838     -0.262      0.008
             250.000       0.915      -0.165       2.311    0.40%       0.242      0.788
     M1                   -0.238       0.234      -3.634    0.40%      -1.429     -0.568     -0.255
             250.000       1.649       0.152       3.544    0.40%       0.082      0.754
     M2                   -0.211       0.016      -2.848    0.40%      -1.107     -0.449     -0.159
             250.000       1.204       0.102       3.174    0.40%       0.062      0.695
     M3                   -0.086      -0.190      -2.983    0.40%      -0.934     -0.253     -0.011
             250.000       0.873      -0.027       2.333    0.40%       0.265      0.612
     Y                    -0.039       0.467      -2.387    0.40%      -0.900     -0.286     -0.087
             250.000       0.921       1.131       4.126    0.40%       0.164      0.748


THE MODEL ESTIMATION TERMINATED NORMALLY



MODEL FIT INFORMATION

Number of Free Parameters                       24

Loglikelihood

          H0 Value                       -2380.164
          H0 Scaling Correction Factor      0.9925
            for MLR

Information Criteria

          Akaike (AIC)                    4808.327
          Bayesian (BIC)                  4892.842
          Sample-Size Adjusted BIC        4816.760
            (n* = (n + 2) / 24)



MODEL RESULTS

                                                    Two-Tailed
                    Estimate       S.E.  Est./S.E.    P-Value

 ETA1     BY
    X1                 1.000      0.000    999.000    999.000
    X2                 0.999      0.093     10.719      0.000
    X3                 0.785      0.073     10.748      0.000

 ETA2     BY
    M1                 1.000      0.000    999.000    999.000
    M2                 0.840      0.088      9.507      0.000
    M3                 0.756      0.080      9.454      0.000

 Y          ON
    ETA1               0.328      0.080      4.111      0.000
    ETA2               0.326      0.069      4.725      0.000
    ETA3               0.303      0.090      3.352      0.001

 ETA2     WITH
    ETA1               0.088      0.071      1.246      0.213

 Intercepts
    X1                -0.049      0.080     -0.615      0.538
    X2                -0.023      0.076     -0.297      0.766
    X3                -0.035      0.061     -0.581      0.561
    M1                -0.238      0.081     -2.941      0.003
    M2                -0.211      0.069     -3.049      0.002
    M3                -0.086      0.059     -1.456      0.145
    Y                 -0.066      0.060     -1.102      0.271

 Variances
    ETA1               0.867      0.137      6.334      0.000
    ETA2               0.866      0.156      5.553      0.000

 Residual Variances
    X1                 0.726      0.079      9.177      0.000
    X2                 0.568      0.079      7.156      0.000
    X3                 0.381      0.050      7.653      0.000
    M1                 0.777      0.109      7.155      0.000
    M2                 0.592      0.077      7.650      0.000
    M3                 0.378      0.053      7.127      0.000
    Y                  0.643      0.062     10.432      0.000


QUALITY OF NUMERICAL RESULTS

     Condition Number for the Information Matrix              0.357E-01
       (ratio of smallest to largest eigenvalue)


STANDARDIZED MODEL RESULTS


STDYX Standardization

                                                    Two-Tailed
                    Estimate       S.E.  Est./S.E.    P-Value

 ETA1     BY
    X1                 0.738      0.037     20.031      0.000
    X2                 0.777      0.036     21.810      0.000
    X3                 0.764      0.039     19.477      0.000

 ETA2     BY
    M1                 0.726      0.046     15.809      0.000
    M2                 0.713      0.046     15.346      0.000
    M3                 0.753      0.044     17.307      0.000

 Y          ON
    ETA1               0.319      0.069      4.614      0.000
    ETA2               0.317      0.060      5.254      0.000
    ETA3               0.274      0.071      3.854      0.000

 ETA2     WITH
    ETA1               0.102      0.079      1.293      0.196

 Intercepts
    X1                -0.039      0.063     -0.616      0.538
    X2                -0.019      0.063     -0.297      0.766
    X3                -0.037      0.063     -0.582      0.561
    M1                -0.186      0.065     -2.852      0.004
    M2                -0.192      0.064     -3.014      0.003
    M3                -0.092      0.063     -1.466      0.143
    Y                 -0.069      0.063     -1.094      0.274

 Variances
    ETA1               1.000      0.000    999.000    999.000
    ETA2               1.000      0.000    999.000    999.000

 Residual Variances
    X1                 0.456      0.054      8.388      0.000
    X2                 0.396      0.055      7.164      0.000
    X3                 0.417      0.060      6.952      0.000
    M1                 0.473      0.067      7.091      0.000
    M2                 0.492      0.066      7.427      0.000
    M3                 0.433      0.066      6.606      0.000
    Y                  0.702      0.074      9.489      0.000


STDY Standardization

                                                    Two-Tailed
                    Estimate       S.E.  Est./S.E.    P-Value

 ETA1     BY
    X1                 0.738      0.037     20.031      0.000
    X2                 0.777      0.036     21.810      0.000
    X3                 0.764      0.039     19.477      0.000

 ETA2     BY
    M1                 0.726      0.046     15.809      0.000
    M2                 0.713      0.046     15.346      0.000
    M3                 0.753      0.044     17.307      0.000

 Y          ON
    ETA1               0.319      0.069      4.614      0.000
    ETA2               0.317      0.060      5.254      0.000
    ETA3               0.274      0.071      3.854      0.000

 ETA2     WITH
    ETA1               0.102      0.079      1.293      0.196

 Intercepts
    X1                -0.039      0.063     -0.616      0.538
    X2                -0.019      0.063     -0.297      0.766
    X3                -0.037      0.063     -0.582      0.561
    M1                -0.186      0.065     -2.852      0.004
    M2                -0.192      0.064     -3.014      0.003
    M3                -0.092      0.063     -1.466      0.143
    Y                 -0.069      0.063     -1.094      0.274

 Variances
    ETA1               1.000      0.000    999.000    999.000
    ETA2               1.000      0.000    999.000    999.000

 Residual Variances
    X1                 0.456      0.054      8.388      0.000
    X2                 0.396      0.055      7.164      0.000
    X3                 0.417      0.060      6.952      0.000
    M1                 0.473      0.067      7.091      0.000
    M2                 0.492      0.066      7.427      0.000
    M3                 0.433      0.066      6.606      0.000
    Y                  0.702      0.074      9.489      0.000


STD Standardization

                                                    Two-Tailed
                    Estimate       S.E.  Est./S.E.    P-Value

 ETA1     BY
    X1                 0.931      0.073     12.668      0.000
    X2                 0.930      0.075     12.397      0.000
    X3                 0.731      0.059     12.478      0.000

 ETA2     BY
    M1                 0.931      0.084     11.105      0.000
    M2                 0.782      0.073     10.766      0.000
    M3                 0.704      0.061     11.604      0.000

 Y          ON
    ETA1               0.305      0.073      4.178      0.000
    ETA2               0.303      0.062      4.873      0.000
    ETA3               0.262      0.074      3.548      0.000

 ETA2     WITH
    ETA1               0.102      0.079      1.293      0.196

 Intercepts
    X1                -0.049      0.080     -0.615      0.538
    X2                -0.023      0.076     -0.297      0.766
    X3                -0.035      0.061     -0.581      0.561
    M1                -0.238      0.081     -2.941      0.003
    M2                -0.211      0.069     -3.049      0.002
    M3                -0.086      0.059     -1.456      0.145
    Y                 -0.066      0.060     -1.102      0.271

 Variances
    ETA1               1.000      0.000    999.000    999.000
    ETA2               1.000      0.000    999.000    999.000

 Residual Variances
    X1                 0.726      0.079      9.177      0.000
    X2                 0.568      0.079      7.156      0.000
    X3                 0.381      0.050      7.653      0.000
    M1                 0.777      0.109      7.155      0.000
    M2                 0.592      0.077      7.650      0.000
    M3                 0.378      0.053      7.127      0.000
    Y                  0.643      0.062     10.432      0.000


R-SQUARE

    Observed                                        Two-Tailed
    Variable        Estimate       S.E.  Est./S.E.    P-Value

    X1                 0.544      0.054     10.016      0.000
    X2                 0.604      0.055     10.905      0.000
    X3                 0.583      0.060      9.738      0.000
    M1                 0.527      0.067      7.904      0.000
    M2                 0.508      0.066      7.673      0.000
    M3                 0.567      0.066      8.654      0.000
    Y                  0.298      0.074      4.031      0.000


TECHNICAL 1 OUTPUT


     PARAMETER SPECIFICATION


           NU
              X1            X2            X3            M1            M2
              ________      ________      ________      ________      ________
                    1             2             3             4             5


           NU
              M3            Y
              ________      ________
                    6             0


           LAMBDA
              ETA1          ETA2          ETA3          Y
              ________      ________      ________      ________
 X1                 0             0             0             0
 X2                 7             0             0             0
 X3                 8             0             0             0
 M1                 0             0             0             0
 M2                 0             9             0             0
 M3                 0            10             0             0
 Y                  0             0             0             0


           THETA
              X1            X2            X3            M1            M2
              ________      ________      ________      ________      ________
 X1                11
 X2                 0            12
 X3                 0             0            13
 M1                 0             0             0            14
 M2                 0             0             0             0            15
 M3                 0             0             0             0             0
 Y                  0             0             0             0             0


           THETA
              M3            Y
              ________      ________
 M3                16
 Y                  0             0


           ALPHA
              ETA1          ETA2          ETA3          Y
              ________      ________      ________      ________
                    0             0             0            17


           BETA
              ETA1          ETA2          ETA3          Y
              ________      ________      ________      ________
 ETA1               0             0             0             0
 ETA2               0             0             0             0
 ETA3               0             0             0             0
 Y                 18            19            20             0


           PSI
              ETA1          ETA2          ETA3          Y
              ________      ________      ________      ________
 ETA1              21
 ETA2              22            23
 ETA3               0             0             0
 Y                  0             0             0            24


     STARTING VALUES


           NU
              X1            X2            X3            M1            M2
              ________      ________      ________      ________      ________
               -0.049        -0.023        -0.035        -0.238        -0.211


           NU
              M3            Y
              ________      ________
               -0.086         0.000


           LAMBDA
              ETA1          ETA2          ETA3          Y
              ________      ________      ________      ________
 X1             1.000         0.000         0.000         0.000
 X2             1.000         0.000         0.000         0.000
 X3             1.000         0.000         0.000         0.000
 M1             0.000         1.000         0.000         0.000
 M2             0.000         1.000         0.000         0.000
 M3             0.000         1.000         0.000         0.000
 Y              0.000         0.000         0.000         1.000


           THETA
              X1            X2            X3            M1            M2
              ________      ________      ________      ________      ________
 X1             0.797
 X2             0.000         0.716
 X3             0.000         0.000         0.457
 M1             0.000         0.000         0.000         0.824
 M2             0.000         0.000         0.000         0.000         0.602
 M3             0.000         0.000         0.000         0.000         0.000
 Y              0.000         0.000         0.000         0.000         0.000


           THETA
              M3            Y
              ________      ________
 M3             0.437
 Y              0.000         0.000


           ALPHA
              ETA1          ETA2          ETA3          Y
              ________      ________      ________      ________
                0.000         0.000         0.000        -0.039


           BETA
              ETA1          ETA2          ETA3          Y
              ________      ________      ________      ________
 ETA1           0.000         0.000         0.000         0.000
 ETA2           0.000         0.000         0.000         0.000
 ETA3           0.000         0.000         0.000         0.000
 Y              0.000         0.000         0.000         0.000


           PSI
              ETA1          ETA2          ETA3          Y
              ________      ________      ________      ________
 ETA1           0.050
 ETA2           0.000         0.050
 ETA3           0.000         0.000         0.000
 Y              0.000         0.000         0.000         0.460


TECHNICAL 4 OUTPUT


     ESTIMATES DERIVED FROM THE MODEL


           ESTIMATED MEANS FOR THE LATENT VARIABLES
              ETA1          ETA2          ETA3          Y
              ________      ________      ________      ________
                0.000         0.000         0.088        -0.039


           S.E. FOR ESTIMATED MEANS FOR THE LATENT VARIABLES
              ETA1          ETA2          ETA3          Y
              ________      ________      ________      ________
                0.000         0.000         0.071         0.061


           EST./S.E. FOR ESTIMATED MEANS FOR THE LATENT VARIABLES
              ETA1          ETA2          ETA3          Y
              ________      ________      ________      ________
                0.000         0.000         1.246        -0.649


           TWO-TAILED P-VALUE FOR ESTIMATED MEANS FOR THE LATENT VARIABLES
              ETA1          ETA2          ETA3          Y
              ________      ________      ________      ________
                1.000         1.000         0.213         0.516


           ESTIMATED COVARIANCE MATRIX FOR THE LATENT VARIABLES
              ETA1          ETA2          ETA3          Y
              ________      ________      ________      ________
 ETA1           0.867
 ETA2           0.088         0.866
 ETA3           0.000         0.000         0.759
 Y              0.313         0.311         0.230         0.917


           S.E. FOR ESTIMATED COVARIANCE MATRIX FOR THE LATENT VARIABLES
              ETA1          ETA2          ETA3          Y
              ________      ________      ________      ________
 ETA1           0.137
 ETA2           0.071         0.156
 ETA3           0.000         0.000         0.181
 Y              0.078         0.075         0.073         0.094


           EST./S.E. FOR ESTIMATED COVARIANCE MATRIX FOR THE LATENT VARIABLES
              ETA1          ETA2          ETA3          Y
              ________      ________      ________      ________
 ETA1           6.334
 ETA2           1.246         5.553
 ETA3           0.000         0.000         4.181
 Y              4.018         4.159         3.152         9.760


           TWO-TAILED P-VALUE FOR ESTIMATED COVARIANCE MATRIX FOR THE LATENT VARIABLES
              ETA1          ETA2          ETA3          Y
              ________      ________      ________      ________
 ETA1           0.000
 ETA2           0.213         0.000
 ETA3           1.000         1.000         0.000
 Y              0.000         0.000         0.002         0.000


           ESTIMATED CORRELATION MATRIX FOR THE LATENT VARIABLES
              ETA1          ETA2          ETA3          Y
              ________      ________      ________      ________
 ETA1           1.000
 ETA2           0.102         1.000
 ETA3           0.000         0.000         1.000
 Y              0.351         0.349         0.276         1.000


           S.E. FOR ESTIMATED CORRELATION MATRIX FOR THE LATENT VARIABLES
              ETA1          ETA2          ETA3          Y
              ________      ________      ________      ________
 ETA1           0.000
 ETA2           0.079         0.000
 ETA3           0.000         0.000         0.000
 Y              0.070         0.064         0.072         0.000


           EST./S.E. FOR ESTIMATED CORRELATION MATRIX FOR THE LATENT VARIABLES
              ETA1          ETA2          ETA3          Y
              ________      ________      ________      ________
 ETA1         999.000
 ETA2           1.293       999.000
 ETA3           0.000         0.000       999.000
 Y              5.000         5.454         3.829       999.000


           TWO-TAILED P-VALUE FOR ESTIMATED CORRELATION MATRIX FOR THE LATENT VARIABLES
              ETA1          ETA2          ETA3          Y
              ________      ________      ________      ________
 ETA1           0.000
 ETA2           0.196         0.000
 ETA3           1.000         1.000         0.000
 Y              0.000         0.000         0.000         0.000


     Beginning Time:  23:40:27
        Ending Time:  23:41:02
       Elapsed Time:  00:00:35



MUTHEN & MUTHEN
3463 Stoner Ave.
Los Angeles, CA  90066

Tel: (310) 391-9971
Fax: (310) 391-8971
Web: www.StatModel.com
Support: Support@StatModel.com

Copyright (c) 1998-2022 Muthen & Muthen
