Mplus VERSION 8.8 (Mac)
MUTHEN & MUTHEN
08/20/2024  11:04 PM

INPUT INSTRUCTIONS

  TITLE: Data Analysis for SEM with Latent Interaction

  DATA:
    FILE = /Users/jimmy_z/desktop/Temp_Data/temp_data_384.dat;
    FORMAT = FREE;

  VARIABLE:
    NAMES ARE x1 x2 x3 m1 m2 m3 y;
    USEVARIABLES ARE x1 x2 x3 m1 m2 m3 y;

  ANALYSIS:
    TYPE = RANDOM;
    ESTIMATOR = MLR;
    ALGORITHM = INTEGRATION;
    INTEGRATION = MONTECARLO;

  MODEL:
    eta1 BY x1 x2 x3;
    eta2 BY m1 m2 m3;
    eta3 | eta1 XWITH eta2;
    y ON eta1 eta2 eta3;

  OUTPUT:
    STANDARDIZED;
    TECH1;
    TECH4;





INPUT READING TERMINATED NORMALLY



Data Analysis for SEM with Latent Interaction

SUMMARY OF ANALYSIS

Number of groups                                                 1
Number of observations                                         250

Number of dependent variables                                    7
Number of independent variables                                  0
Number of continuous latent variables                            3

Observed dependent variables

  Continuous
   X1          X2          X3          M1          M2          M3
   Y

Continuous latent variables
   ETA1        ETA2        ETA3


Estimator                                                      MLR
Information matrix                                        OBSERVED
Optimization Specifications for the Quasi-Newton Algorithm for
Continuous Outcomes
  Maximum number of iterations                                 100
  Convergence criterion                                  0.100D-05
Optimization Specifications for the EM Algorithm
  Maximum number of iterations                                 500
  Convergence criteria
    Loglikelihood change                                 0.100D-02
    Relative loglikelihood change                        0.100D-05
    Derivative                                           0.100D-02
Optimization Specifications for the M step of the EM Algorithm for
Categorical Latent variables
  Number of M step iterations                                    1
  M step convergence criterion                           0.100D-02
  Basis for M step termination                           ITERATION
Optimization Specifications for the M step of the EM Algorithm for
Censored, Binary or Ordered Categorical (Ordinal), Unordered
Categorical (Nominal) and Count Outcomes
  Number of M step iterations                                    1
  M step convergence criterion                           0.100D-02
  Basis for M step termination                           ITERATION
  Maximum value for logit thresholds                            15
  Minimum value for logit thresholds                           -15
  Minimum expected cell size for chi-square              0.100D-01
Optimization algorithm                                         EMA
Integration Specifications
  Type                                                  MONTECARLO
  Number of integration points                                2000
  Dimensions of numerical integration                            2
  Adaptive quadrature                                           ON
  Monte Carlo integration seed                                   0
Cholesky                                                       OFF

Input data file(s)
  /Users/jimmy_z/desktop/Temp_Data/temp_data_384.dat
Input data format  FREE



UNIVARIATE SAMPLE STATISTICS


     UNIVARIATE HIGHER-ORDER MOMENT DESCRIPTIVE STATISTICS

         Variable/         Mean/     Skewness/   Minimum/ % with                Percentiles
        Sample Size      Variance    Kurtosis    Maximum  Min/Max      20%/60%    40%/80%    Median

     X1                    0.123      -0.062      -3.793    0.40%      -1.149     -0.297      0.207
             250.000       2.502      -0.218       4.242    0.40%       0.535      1.475
     X2                    0.015       0.102      -3.590    0.40%      -1.170     -0.363     -0.004
             250.000       1.917      -0.268       3.683    0.40%       0.349      1.188
     X3                    0.029       0.323      -2.648    0.40%      -1.006     -0.299     -0.025
             250.000       1.426       0.551       4.906    0.40%       0.320      1.007
     M1                   -0.207       0.032      -4.588    0.40%      -1.283     -0.606     -0.248
             250.000       2.049       0.493       5.085    0.40%       0.182      0.966
     M2                   -0.120      -0.051      -4.450    0.40%      -1.128     -0.441     -0.157
             250.000       1.540       0.662       3.955    0.40%       0.172      0.768
     M3                   -0.184       0.079      -3.200    0.40%      -1.067     -0.493     -0.203
             250.000       1.172      -0.050       2.647    0.40%       0.043      0.641
     Y                     0.037       0.350      -2.703    0.40%      -0.860     -0.240      0.013
             250.000       1.165       1.141       4.768    0.40%       0.242      0.928


THE MODEL ESTIMATION TERMINATED NORMALLY



MODEL FIT INFORMATION

Number of Free Parameters                       24

Loglikelihood

          H0 Value                       -2748.539
          H0 Scaling Correction Factor      1.0166
            for MLR

Information Criteria

          Akaike (AIC)                    5545.078
          Bayesian (BIC)                  5629.593
          Sample-Size Adjusted BIC        5553.511
            (n* = (n + 2) / 24)



MODEL RESULTS

                                                    Two-Tailed
                    Estimate       S.E.  Est./S.E.    P-Value

 ETA1     BY
    X1                 1.000      0.000    999.000    999.000
    X2                 0.762      0.096      7.974      0.000
    X3                 0.665      0.101      6.607      0.000

 ETA2     BY
    M1                 1.000      0.000    999.000    999.000
    M2                 0.729      0.135      5.382      0.000
    M3                 0.799      0.134      5.947      0.000

 Y          ON
    ETA1               0.263      0.068      3.879      0.000
    ETA2               0.437      0.100      4.363      0.000
    ETA3               0.363      0.100      3.645      0.000

 ETA2     WITH
    ETA1               0.071      0.091      0.781      0.435

 Intercepts
    X1                 0.125      0.100      1.244      0.214
    X2                 0.016      0.088      0.187      0.852
    X3                 0.030      0.076      0.392      0.695
    M1                -0.206      0.090     -2.281      0.023
    M2                -0.119      0.078     -1.517      0.129
    M3                -0.183      0.068     -2.678      0.007
    Y                  0.012      0.070      0.174      0.862

 Variances
    ETA1               1.413      0.245      5.756      0.000
    ETA2               0.842      0.186      4.517      0.000

 Residual Variances
    X1                 1.092      0.172      6.336      0.000
    X2                 1.097      0.132      8.331      0.000
    X3                 0.801      0.096      8.324      0.000
    M1                 1.215      0.155      7.842      0.000
    M2                 1.093      0.118      9.289      0.000
    M3                 0.634      0.105      6.018      0.000
    Y                  0.767      0.080      9.634      0.000


QUALITY OF NUMERICAL RESULTS

     Condition Number for the Information Matrix              0.159E-01
       (ratio of smallest to largest eigenvalue)


STANDARDIZED MODEL RESULTS


STDYX Standardization

                                                    Two-Tailed
                    Estimate       S.E.  Est./S.E.    P-Value

 ETA1     BY
    X1                 0.751      0.048     15.810      0.000
    X2                 0.654      0.050     13.165      0.000
    X3                 0.662      0.050     13.265      0.000

 ETA2     BY
    M1                 0.640      0.054     11.852      0.000
    M2                 0.539      0.070      7.645      0.000
    M3                 0.678      0.067     10.188      0.000

 Y          ON
    ETA1               0.286      0.065      4.368      0.000
    ETA2               0.366      0.061      6.039      0.000
    ETA3               0.361      0.079      4.588      0.000

 ETA2     WITH
    ETA1               0.065      0.085      0.767      0.443

 Intercepts
    X1                 0.079      0.064      1.238      0.216
    X2                 0.012      0.063      0.187      0.852
    X3                 0.025      0.063      0.394      0.694
    M1                -0.144      0.064     -2.259      0.024
    M2                -0.096      0.063     -1.516      0.130
    M3                -0.169      0.064     -2.642      0.008
    Y                  0.011      0.063      0.174      0.862

 Variances
    ETA1               1.000      0.000    999.000    999.000
    ETA2               1.000      0.000    999.000    999.000

 Residual Variances
    X1                 0.436      0.071      6.110      0.000
    X2                 0.572      0.065      8.797      0.000
    X3                 0.561      0.066      8.486      0.000
    M1                 0.591      0.069      8.555      0.000
    M2                 0.710      0.076      9.351      0.000
    M3                 0.541      0.090      6.001      0.000
    Y                  0.640      0.085      7.569      0.000


STDY Standardization

                                                    Two-Tailed
                    Estimate       S.E.  Est./S.E.    P-Value

 ETA1     BY
    X1                 0.751      0.048     15.810      0.000
    X2                 0.654      0.050     13.165      0.000
    X3                 0.662      0.050     13.265      0.000

 ETA2     BY
    M1                 0.640      0.054     11.852      0.000
    M2                 0.539      0.070      7.645      0.000
    M3                 0.678      0.067     10.188      0.000

 Y          ON
    ETA1               0.286      0.065      4.368      0.000
    ETA2               0.366      0.061      6.039      0.000
    ETA3               0.361      0.079      4.588      0.000

 ETA2     WITH
    ETA1               0.065      0.085      0.767      0.443

 Intercepts
    X1                 0.079      0.064      1.238      0.216
    X2                 0.012      0.063      0.187      0.852
    X3                 0.025      0.063      0.394      0.694
    M1                -0.144      0.064     -2.259      0.024
    M2                -0.096      0.063     -1.516      0.130
    M3                -0.169      0.064     -2.642      0.008
    Y                  0.011      0.063      0.174      0.862

 Variances
    ETA1               1.000      0.000    999.000    999.000
    ETA2               1.000      0.000    999.000    999.000

 Residual Variances
    X1                 0.436      0.071      6.110      0.000
    X2                 0.572      0.065      8.797      0.000
    X3                 0.561      0.066      8.486      0.000
    M1                 0.591      0.069      8.555      0.000
    M2                 0.710      0.076      9.351      0.000
    M3                 0.541      0.090      6.001      0.000
    Y                  0.640      0.085      7.569      0.000


STD Standardization

                                                    Two-Tailed
                    Estimate       S.E.  Est./S.E.    P-Value

 ETA1     BY
    X1                 1.189      0.103     11.512      0.000
    X2                 0.906      0.087     10.359      0.000
    X3                 0.791      0.084      9.398      0.000

 ETA2     BY
    M1                 0.917      0.102      9.035      0.000
    M2                 0.668      0.108      6.178      0.000
    M3                 0.733      0.087      8.473      0.000

 Y          ON
    ETA1               0.313      0.077      4.036      0.000
    ETA2               0.401      0.077      5.184      0.000
    ETA3               0.396      0.099      4.013      0.000

 ETA2     WITH
    ETA1               0.065      0.085      0.767      0.443

 Intercepts
    X1                 0.125      0.100      1.244      0.214
    X2                 0.016      0.088      0.187      0.852
    X3                 0.030      0.076      0.392      0.695
    M1                -0.206      0.090     -2.281      0.023
    M2                -0.119      0.078     -1.517      0.129
    M3                -0.183      0.068     -2.678      0.007
    Y                  0.012      0.070      0.174      0.862

 Variances
    ETA1               1.000      0.000    999.000    999.000
    ETA2               1.000      0.000    999.000    999.000

 Residual Variances
    X1                 1.092      0.172      6.336      0.000
    X2                 1.097      0.132      8.331      0.000
    X3                 0.801      0.096      8.324      0.000
    M1                 1.215      0.155      7.842      0.000
    M2                 1.093      0.118      9.289      0.000
    M3                 0.634      0.105      6.018      0.000
    Y                  0.767      0.080      9.634      0.000


R-SQUARE

    Observed                                        Two-Tailed
    Variable        Estimate       S.E.  Est./S.E.    P-Value

    X1                 0.564      0.071      7.905      0.000
    X2                 0.428      0.065      6.582      0.000
    X3                 0.439      0.066      6.633      0.000
    M1                 0.409      0.069      5.926      0.000
    M2                 0.290      0.076      3.822      0.000
    M3                 0.459      0.090      5.094      0.000
    Y                  0.360      0.085      4.263      0.000


TECHNICAL 1 OUTPUT


     PARAMETER SPECIFICATION


           NU
              X1            X2            X3            M1            M2
              ________      ________      ________      ________      ________
                    1             2             3             4             5


           NU
              M3            Y
              ________      ________
                    6             0


           LAMBDA
              ETA1          ETA2          ETA3          Y
              ________      ________      ________      ________
 X1                 0             0             0             0
 X2                 7             0             0             0
 X3                 8             0             0             0
 M1                 0             0             0             0
 M2                 0             9             0             0
 M3                 0            10             0             0
 Y                  0             0             0             0


           THETA
              X1            X2            X3            M1            M2
              ________      ________      ________      ________      ________
 X1                11
 X2                 0            12
 X3                 0             0            13
 M1                 0             0             0            14
 M2                 0             0             0             0            15
 M3                 0             0             0             0             0
 Y                  0             0             0             0             0


           THETA
              M3            Y
              ________      ________
 M3                16
 Y                  0             0


           ALPHA
              ETA1          ETA2          ETA3          Y
              ________      ________      ________      ________
                    0             0             0            17


           BETA
              ETA1          ETA2          ETA3          Y
              ________      ________      ________      ________
 ETA1               0             0             0             0
 ETA2               0             0             0             0
 ETA3               0             0             0             0
 Y                 18            19            20             0


           PSI
              ETA1          ETA2          ETA3          Y
              ________      ________      ________      ________
 ETA1              21
 ETA2              22            23
 ETA3               0             0             0
 Y                  0             0             0            24


     STARTING VALUES


           NU
              X1            X2            X3            M1            M2
              ________      ________      ________      ________      ________
                0.123         0.015         0.029        -0.207        -0.120


           NU
              M3            Y
              ________      ________
               -0.184         0.000


           LAMBDA
              ETA1          ETA2          ETA3          Y
              ________      ________      ________      ________
 X1             1.000         0.000         0.000         0.000
 X2             1.000         0.000         0.000         0.000
 X3             1.000         0.000         0.000         0.000
 M1             0.000         1.000         0.000         0.000
 M2             0.000         1.000         0.000         0.000
 M3             0.000         1.000         0.000         0.000
 Y              0.000         0.000         0.000         1.000


           THETA
              X1            X2            X3            M1            M2
              ________      ________      ________      ________      ________
 X1             1.251
 X2             0.000         0.958
 X3             0.000         0.000         0.713
 M1             0.000         0.000         0.000         1.024
 M2             0.000         0.000         0.000         0.000         0.770
 M3             0.000         0.000         0.000         0.000         0.000
 Y              0.000         0.000         0.000         0.000         0.000


           THETA
              M3            Y
              ________      ________
 M3             0.586
 Y              0.000         0.000


           ALPHA
              ETA1          ETA2          ETA3          Y
              ________      ________      ________      ________
                0.000         0.000         0.000         0.037


           BETA
              ETA1          ETA2          ETA3          Y
              ________      ________      ________      ________
 ETA1           0.000         0.000         0.000         0.000
 ETA2           0.000         0.000         0.000         0.000
 ETA3           0.000         0.000         0.000         0.000
 Y              0.000         0.000         0.000         0.000


           PSI
              ETA1          ETA2          ETA3          Y
              ________      ________      ________      ________
 ETA1           0.050
 ETA2           0.000         0.050
 ETA3           0.000         0.000         0.000
 Y              0.000         0.000         0.000         0.582


TECHNICAL 4 OUTPUT


     ESTIMATES DERIVED FROM THE MODEL


           ESTIMATED MEANS FOR THE LATENT VARIABLES
              ETA1          ETA2          ETA3          Y
              ________      ________      ________      ________
                0.000         0.000         0.071         0.038


           S.E. FOR ESTIMATED MEANS FOR THE LATENT VARIABLES
              ETA1          ETA2          ETA3          Y
              ________      ________      ________      ________
                0.000         0.000         0.091         0.068


           EST./S.E. FOR ESTIMATED MEANS FOR THE LATENT VARIABLES
              ETA1          ETA2          ETA3          Y
              ________      ________      ________      ________
                0.000         0.000         0.781         0.556


           TWO-TAILED P-VALUE FOR ESTIMATED MEANS FOR THE LATENT VARIABLES
              ETA1          ETA2          ETA3          Y
              ________      ________      ________      ________
                1.000         1.000         0.435         0.578


           ESTIMATED COVARIANCE MATRIX FOR THE LATENT VARIABLES
              ETA1          ETA2          ETA3          Y
              ________      ________      ________      ________
 ETA1           1.413
 ETA2           0.071         0.842
 ETA3           0.000         0.000         1.194
 Y              0.403         0.386         0.434         1.199


           S.E. FOR ESTIMATED COVARIANCE MATRIX FOR THE LATENT VARIABLES
              ETA1          ETA2          ETA3          Y
              ________      ________      ________      ________
 ETA1           0.245
 ETA2           0.091         0.186
 ETA3           0.000         0.000         0.341
 Y              0.103         0.081         0.131         0.136


           EST./S.E. FOR ESTIMATED COVARIANCE MATRIX FOR THE LATENT VARIABLES
              ETA1          ETA2          ETA3          Y
              ________      ________      ________      ________
 ETA1           5.756
 ETA2           0.781         4.517
 ETA3           0.000         0.000         3.504
 Y              3.915         4.769         3.323         8.820


           TWO-TAILED P-VALUE FOR ESTIMATED COVARIANCE MATRIX FOR THE LATENT VARIABLES
              ETA1          ETA2          ETA3          Y
              ________      ________      ________      ________
 ETA1           0.000
 ETA2           0.435         0.000
 ETA3           1.000         1.000         0.000
 Y              0.000         0.000         0.001         0.000


           ESTIMATED CORRELATION MATRIX FOR THE LATENT VARIABLES
              ETA1          ETA2          ETA3          Y
              ________      ________      ________      ________
 ETA1           1.000
 ETA2           0.065         1.000
 ETA3           0.000         0.000         1.000
 Y              0.309         0.385         0.362         1.000


           S.E. FOR ESTIMATED CORRELATION MATRIX FOR THE LATENT VARIABLES
              ETA1          ETA2          ETA3          Y
              ________      ________      ________      ________
 ETA1           0.000
 ETA2           0.085         0.000
 ETA3           0.000         0.000         0.000
 Y              0.067         0.062         0.079         0.000


           EST./S.E. FOR ESTIMATED CORRELATION MATRIX FOR THE LATENT VARIABLES
              ETA1          ETA2          ETA3          Y
              ________      ________      ________      ________
 ETA1         999.000
 ETA2           0.767       999.000
 ETA3           0.000         0.000       999.000
 Y              4.636         6.202         4.571       999.000


           TWO-TAILED P-VALUE FOR ESTIMATED CORRELATION MATRIX FOR THE LATENT VARIABLES
              ETA1          ETA2          ETA3          Y
              ________      ________      ________      ________
 ETA1           0.000
 ETA2           0.443         0.000
 ETA3           1.000         1.000         0.000
 Y              0.000         0.000         0.000         0.000


     Beginning Time:  23:04:27
        Ending Time:  23:05:44
       Elapsed Time:  00:01:17



MUTHEN & MUTHEN
3463 Stoner Ave.
Los Angeles, CA  90066

Tel: (310) 391-9971
Fax: (310) 391-8971
Web: www.StatModel.com
Support: Support@StatModel.com

Copyright (c) 1998-2022 Muthen & Muthen
