Mplus VERSION 8.8 (Mac)
MUTHEN & MUTHEN
08/20/2024  10:50 PM

INPUT INSTRUCTIONS

  TITLE: Data Analysis for SEM with Latent Interaction

  DATA:
    FILE = /Users/jimmy_z/desktop/Temp_Data/temp_data_310.dat;
    FORMAT = FREE;

  VARIABLE:
    NAMES ARE x1 x2 x3 m1 m2 m3 y;
    USEVARIABLES ARE x1 x2 x3 m1 m2 m3 y;

  ANALYSIS:
    TYPE = RANDOM;
    ESTIMATOR = MLR;
    ALGORITHM = INTEGRATION;
    INTEGRATION = MONTECARLO;

  MODEL:
    eta1 BY x1 x2 x3;
    eta2 BY m1 m2 m3;
    eta3 | eta1 XWITH eta2;
    y ON eta1 eta2 eta3;

  OUTPUT:
    STANDARDIZED;
    TECH1;
    TECH4;





INPUT READING TERMINATED NORMALLY



Data Analysis for SEM with Latent Interaction

SUMMARY OF ANALYSIS

Number of groups                                                 1
Number of observations                                         250

Number of dependent variables                                    7
Number of independent variables                                  0
Number of continuous latent variables                            3

Observed dependent variables

  Continuous
   X1          X2          X3          M1          M2          M3
   Y

Continuous latent variables
   ETA1        ETA2        ETA3


Estimator                                                      MLR
Information matrix                                        OBSERVED
Optimization Specifications for the Quasi-Newton Algorithm for
Continuous Outcomes
  Maximum number of iterations                                 100
  Convergence criterion                                  0.100D-05
Optimization Specifications for the EM Algorithm
  Maximum number of iterations                                 500
  Convergence criteria
    Loglikelihood change                                 0.100D-02
    Relative loglikelihood change                        0.100D-05
    Derivative                                           0.100D-02
Optimization Specifications for the M step of the EM Algorithm for
Categorical Latent variables
  Number of M step iterations                                    1
  M step convergence criterion                           0.100D-02
  Basis for M step termination                           ITERATION
Optimization Specifications for the M step of the EM Algorithm for
Censored, Binary or Ordered Categorical (Ordinal), Unordered
Categorical (Nominal) and Count Outcomes
  Number of M step iterations                                    1
  M step convergence criterion                           0.100D-02
  Basis for M step termination                           ITERATION
  Maximum value for logit thresholds                            15
  Minimum value for logit thresholds                           -15
  Minimum expected cell size for chi-square              0.100D-01
Optimization algorithm                                         EMA
Integration Specifications
  Type                                                  MONTECARLO
  Number of integration points                                2000
  Dimensions of numerical integration                            2
  Adaptive quadrature                                           ON
  Monte Carlo integration seed                                   0
Cholesky                                                       OFF

Input data file(s)
  /Users/jimmy_z/desktop/Temp_Data/temp_data_310.dat
Input data format  FREE



UNIVARIATE SAMPLE STATISTICS


     UNIVARIATE HIGHER-ORDER MOMENT DESCRIPTIVE STATISTICS

         Variable/         Mean/     Skewness/   Minimum/ % with                Percentiles
        Sample Size      Variance    Kurtosis    Maximum  Min/Max      20%/60%    40%/80%    Median

     X1                    0.011      -0.279      -4.944    0.40%      -1.040     -0.263      0.037
             250.000       2.055       0.561       3.732    0.40%       0.397      1.104
     X2                    0.096      -0.048      -3.666    0.40%      -0.972     -0.137      0.088
             250.000       1.710       0.052       3.818    0.40%       0.361      1.187
     X3                    0.059      -0.046      -3.053    0.40%      -0.871     -0.256     -0.058
             250.000       1.163      -0.219       2.480    0.40%       0.255      1.061
     M1                    0.099      -0.103      -4.202    0.40%      -1.180     -0.248      0.176
             250.000       2.333      -0.200       3.642    0.40%       0.526      1.376
     M2                    0.080       0.228      -3.699    0.40%      -1.098     -0.300      0.009
             250.000       1.883       0.004       4.222    0.40%       0.430      1.123
     M3                    0.092      -0.025      -3.469    0.40%      -0.879     -0.144      0.118
             250.000       1.214       0.128       3.668    0.40%       0.412      0.977
     Y                    -0.051       0.187      -2.605    0.40%      -0.932     -0.345     -0.044
             250.000       1.042       0.016       2.913    0.40%       0.160      0.812


THE MODEL ESTIMATION TERMINATED NORMALLY



MODEL FIT INFORMATION

Number of Free Parameters                       24

Loglikelihood

          H0 Value                       -2729.684
          H0 Scaling Correction Factor      0.9783
            for MLR

Information Criteria

          Akaike (AIC)                    5507.369
          Bayesian (BIC)                  5591.884
          Sample-Size Adjusted BIC        5515.802
            (n* = (n + 2) / 24)



MODEL RESULTS

                                                    Two-Tailed
                    Estimate       S.E.  Est./S.E.    P-Value

 ETA1     BY
    X1                 1.000      0.000    999.000    999.000
    X2                 0.988      0.136      7.291      0.000
    X3                 0.808      0.106      7.640      0.000

 ETA2     BY
    M1                 1.000      0.000    999.000    999.000
    M2                 0.957      0.121      7.886      0.000
    M3                 0.589      0.099      5.935      0.000

 Y          ON
    ETA1               0.357      0.098      3.646      0.000
    ETA2               0.303      0.091      3.333      0.001
    ETA3               0.289      0.097      2.971      0.003

 ETA2     WITH
    ETA1              -0.220      0.093     -2.355      0.019

 Intercepts
    X1                 0.012      0.091      0.128      0.898
    X2                 0.097      0.083      1.170      0.242
    X3                 0.059      0.068      0.869      0.385
    M1                 0.098      0.097      1.015      0.310
    M2                 0.080      0.087      0.919      0.358
    M3                 0.091      0.070      1.311      0.190
    Y                  0.013      0.066      0.198      0.843

 Variances
    ETA1               0.802      0.178      4.504      0.000
    ETA2               1.044      0.201      5.205      0.000

 Residual Variances
    X1                 1.249      0.157      7.974      0.000
    X2                 0.926      0.123      7.520      0.000
    X3                 0.640      0.073      8.747      0.000
    M1                 1.293      0.171      7.545      0.000
    M2                 0.927      0.141      6.572      0.000
    M3                 0.852      0.095      8.931      0.000
    Y                  0.815      0.095      8.551      0.000


QUALITY OF NUMERICAL RESULTS

     Condition Number for the Information Matrix              0.223E-01
       (ratio of smallest to largest eigenvalue)


STANDARDIZED MODEL RESULTS


STDYX Standardization

                                                    Two-Tailed
                    Estimate       S.E.  Est./S.E.    P-Value

 ETA1     BY
    X1                 0.625      0.053     11.698      0.000
    X2                 0.677      0.054     12.568      0.000
    X3                 0.671      0.049     13.561      0.000

 ETA2     BY
    M1                 0.668      0.051     12.986      0.000
    M2                 0.713      0.052     13.675      0.000
    M3                 0.546      0.058      9.503      0.000

 Y          ON
    ETA1               0.314      0.076      4.154      0.000
    ETA2               0.304      0.082      3.683      0.000
    ETA3               0.260      0.077      3.395      0.001

 ETA2     WITH
    ETA1              -0.241      0.092     -2.610      0.009

 Intercepts
    X1                 0.008      0.063      0.128      0.898
    X2                 0.074      0.063      1.167      0.243
    X3                 0.055      0.063      0.867      0.386
    M1                 0.064      0.064      1.011      0.312
    M2                 0.058      0.063      0.924      0.355
    M3                 0.083      0.064      1.307      0.191
    Y                  0.013      0.065      0.198      0.843

 Variances
    ETA1               1.000      0.000    999.000    999.000
    ETA2               1.000      0.000    999.000    999.000

 Residual Variances
    X1                 0.609      0.067      9.107      0.000
    X2                 0.541      0.073      7.419      0.000
    X3                 0.550      0.066      8.295      0.000
    M1                 0.553      0.069      8.044      0.000
    M2                 0.492      0.074      6.630      0.000
    M3                 0.701      0.063     11.161      0.000
    Y                  0.784      0.069     11.333      0.000


STDY Standardization

                                                    Two-Tailed
                    Estimate       S.E.  Est./S.E.    P-Value

 ETA1     BY
    X1                 0.625      0.053     11.698      0.000
    X2                 0.677      0.054     12.568      0.000
    X3                 0.671      0.049     13.561      0.000

 ETA2     BY
    M1                 0.668      0.051     12.986      0.000
    M2                 0.713      0.052     13.675      0.000
    M3                 0.546      0.058      9.503      0.000

 Y          ON
    ETA1               0.314      0.076      4.154      0.000
    ETA2               0.304      0.082      3.683      0.000
    ETA3               0.260      0.077      3.395      0.001

 ETA2     WITH
    ETA1              -0.241      0.092     -2.610      0.009

 Intercepts
    X1                 0.008      0.063      0.128      0.898
    X2                 0.074      0.063      1.167      0.243
    X3                 0.055      0.063      0.867      0.386
    M1                 0.064      0.064      1.011      0.312
    M2                 0.058      0.063      0.924      0.355
    M3                 0.083      0.064      1.307      0.191
    Y                  0.013      0.065      0.198      0.843

 Variances
    ETA1               1.000      0.000    999.000    999.000
    ETA2               1.000      0.000    999.000    999.000

 Residual Variances
    X1                 0.609      0.067      9.107      0.000
    X2                 0.541      0.073      7.419      0.000
    X3                 0.550      0.066      8.295      0.000
    M1                 0.553      0.069      8.044      0.000
    M2                 0.492      0.074      6.630      0.000
    M3                 0.701      0.063     11.161      0.000
    Y                  0.784      0.069     11.333      0.000


STD Standardization

                                                    Two-Tailed
                    Estimate       S.E.  Est./S.E.    P-Value

 ETA1     BY
    X1                 0.896      0.099      9.007      0.000
    X2                 0.885      0.093      9.556      0.000
    X3                 0.723      0.072     10.078      0.000

 ETA2     BY
    M1                 1.022      0.098     10.410      0.000
    M2                 0.978      0.094     10.426      0.000
    M3                 0.602      0.075      8.019      0.000

 Y          ON
    ETA1               0.320      0.080      4.009      0.000
    ETA2               0.310      0.085      3.641      0.000
    ETA3               0.265      0.080      3.301      0.001

 ETA2     WITH
    ETA1              -0.241      0.092     -2.610      0.009

 Intercepts
    X1                 0.012      0.091      0.128      0.898
    X2                 0.097      0.083      1.170      0.242
    X3                 0.059      0.068      0.869      0.385
    M1                 0.098      0.097      1.015      0.310
    M2                 0.080      0.087      0.919      0.358
    M3                 0.091      0.070      1.311      0.190
    Y                  0.013      0.066      0.198      0.843

 Variances
    ETA1               1.000      0.000    999.000    999.000
    ETA2               1.000      0.000    999.000    999.000

 Residual Variances
    X1                 1.249      0.157      7.974      0.000
    X2                 0.926      0.123      7.520      0.000
    X3                 0.640      0.073      8.747      0.000
    M1                 1.293      0.171      7.545      0.000
    M2                 0.927      0.141      6.572      0.000
    M3                 0.852      0.095      8.931      0.000
    Y                  0.815      0.095      8.551      0.000


R-SQUARE

    Observed                                        Two-Tailed
    Variable        Estimate       S.E.  Est./S.E.    P-Value

    X1                 0.391      0.067      5.849      0.000
    X2                 0.459      0.073      6.284      0.000
    X3                 0.450      0.066      6.780      0.000
    M1                 0.447      0.069      6.493      0.000
    M2                 0.508      0.074      6.838      0.000
    M3                 0.299      0.063      4.752      0.000
    Y                  0.216      0.069      3.128      0.002


TECHNICAL 1 OUTPUT


     PARAMETER SPECIFICATION


           NU
              X1            X2            X3            M1            M2
              ________      ________      ________      ________      ________
                    1             2             3             4             5


           NU
              M3            Y
              ________      ________
                    6             0


           LAMBDA
              ETA1          ETA2          ETA3          Y
              ________      ________      ________      ________
 X1                 0             0             0             0
 X2                 7             0             0             0
 X3                 8             0             0             0
 M1                 0             0             0             0
 M2                 0             9             0             0
 M3                 0            10             0             0
 Y                  0             0             0             0


           THETA
              X1            X2            X3            M1            M2
              ________      ________      ________      ________      ________
 X1                11
 X2                 0            12
 X3                 0             0            13
 M1                 0             0             0            14
 M2                 0             0             0             0            15
 M3                 0             0             0             0             0
 Y                  0             0             0             0             0


           THETA
              M3            Y
              ________      ________
 M3                16
 Y                  0             0


           ALPHA
              ETA1          ETA2          ETA3          Y
              ________      ________      ________      ________
                    0             0             0            17


           BETA
              ETA1          ETA2          ETA3          Y
              ________      ________      ________      ________
 ETA1               0             0             0             0
 ETA2               0             0             0             0
 ETA3               0             0             0             0
 Y                 18            19            20             0


           PSI
              ETA1          ETA2          ETA3          Y
              ________      ________      ________      ________
 ETA1              21
 ETA2              22            23
 ETA3               0             0             0
 Y                  0             0             0            24


     STARTING VALUES


           NU
              X1            X2            X3            M1            M2
              ________      ________      ________      ________      ________
                0.011         0.096         0.059         0.099         0.080


           NU
              M3            Y
              ________      ________
                0.092         0.000


           LAMBDA
              ETA1          ETA2          ETA3          Y
              ________      ________      ________      ________
 X1             1.000         0.000         0.000         0.000
 X2             1.000         0.000         0.000         0.000
 X3             1.000         0.000         0.000         0.000
 M1             0.000         1.000         0.000         0.000
 M2             0.000         1.000         0.000         0.000
 M3             0.000         1.000         0.000         0.000
 Y              0.000         0.000         0.000         1.000


           THETA
              X1            X2            X3            M1            M2
              ________      ________      ________      ________      ________
 X1             1.027
 X2             0.000         0.855
 X3             0.000         0.000         0.582
 M1             0.000         0.000         0.000         1.166
 M2             0.000         0.000         0.000         0.000         0.941
 M3             0.000         0.000         0.000         0.000         0.000
 Y              0.000         0.000         0.000         0.000         0.000


           THETA
              M3            Y
              ________      ________
 M3             0.607
 Y              0.000         0.000


           ALPHA
              ETA1          ETA2          ETA3          Y
              ________      ________      ________      ________
                0.000         0.000         0.000        -0.051


           BETA
              ETA1          ETA2          ETA3          Y
              ________      ________      ________      ________
 ETA1           0.000         0.000         0.000         0.000
 ETA2           0.000         0.000         0.000         0.000
 ETA3           0.000         0.000         0.000         0.000
 Y              0.000         0.000         0.000         0.000


           PSI
              ETA1          ETA2          ETA3          Y
              ________      ________      ________      ________
 ETA1           0.050
 ETA2           0.000         0.050
 ETA3           0.000         0.000         0.000
 Y              0.000         0.000         0.000         0.521


TECHNICAL 4 OUTPUT


     ESTIMATES DERIVED FROM THE MODEL


           ESTIMATED MEANS FOR THE LATENT VARIABLES
              ETA1          ETA2          ETA3          Y
              ________      ________      ________      ________
                0.000         0.000        -0.220        -0.051


           S.E. FOR ESTIMATED MEANS FOR THE LATENT VARIABLES
              ETA1          ETA2          ETA3          Y
              ________      ________      ________      ________
                0.000         0.000         0.093         0.065


           EST./S.E. FOR ESTIMATED MEANS FOR THE LATENT VARIABLES
              ETA1          ETA2          ETA3          Y
              ________      ________      ________      ________
                0.000         0.000        -2.355        -0.786


           TWO-TAILED P-VALUE FOR ESTIMATED MEANS FOR THE LATENT VARIABLES
              ETA1          ETA2          ETA3          Y
              ________      ________      ________      ________
                1.000         1.000         0.019         0.432


           ESTIMATED COVARIANCE MATRIX FOR THE LATENT VARIABLES
              ETA1          ETA2          ETA3          Y
              ________      ________      ________      ________
 ETA1           0.802
 ETA2          -0.220         1.044
 ETA3           0.000         0.000         0.886
 Y              0.220         0.238         0.256         1.041


           S.E. FOR ESTIMATED COVARIANCE MATRIX FOR THE LATENT VARIABLES
              ETA1          ETA2          ETA3          Y
              ________      ________      ________      ________
 ETA1           0.178
 ETA2           0.093         0.201
 ETA3           0.000         0.000         0.274
 Y              0.072         0.084         0.087         0.093


           EST./S.E. FOR ESTIMATED COVARIANCE MATRIX FOR THE LATENT VARIABLES
              ETA1          ETA2          ETA3          Y
              ________      ________      ________      ________
 ETA1           4.504
 ETA2          -2.355         5.205
 ETA3           0.000         0.000         3.229
 Y              3.076         2.837         2.959        11.180


           TWO-TAILED P-VALUE FOR ESTIMATED COVARIANCE MATRIX FOR THE LATENT VARIABLES
              ETA1          ETA2          ETA3          Y
              ________      ________      ________      ________
 ETA1           0.000
 ETA2           0.019         0.000
 ETA3           1.000         1.000         0.001
 Y              0.002         0.005         0.003         0.000


           ESTIMATED CORRELATION MATRIX FOR THE LATENT VARIABLES
              ETA1          ETA2          ETA3          Y
              ________      ________      ________      ________
 ETA1           1.000
 ETA2          -0.241         1.000
 ETA3           0.000         0.000         1.000
 Y              0.241         0.228         0.267         1.000


           S.E. FOR ESTIMATED CORRELATION MATRIX FOR THE LATENT VARIABLES
              ETA1          ETA2          ETA3          Y
              ________      ________      ________      ________
 ETA1           0.000
 ETA2           0.092         0.000
 ETA3           0.000         0.000         0.000
 Y              0.072         0.080         0.078         0.000


           EST./S.E. FOR ESTIMATED CORRELATION MATRIX FOR THE LATENT VARIABLES
              ETA1          ETA2          ETA3          Y
              ________      ________      ________      ________
 ETA1         999.000
 ETA2          -2.610       999.000
 ETA3           0.000         0.000       999.000
 Y              3.363         2.866         3.432       999.000


           TWO-TAILED P-VALUE FOR ESTIMATED CORRELATION MATRIX FOR THE LATENT VARIABLES
              ETA1          ETA2          ETA3          Y
              ________      ________      ________      ________
 ETA1           0.000
 ETA2           0.009         0.000
 ETA3           1.000         1.000         0.000
 Y              0.001         0.004         0.001         0.000


     Beginning Time:  22:50:27
        Ending Time:  22:51:36
       Elapsed Time:  00:01:09



MUTHEN & MUTHEN
3463 Stoner Ave.
Los Angeles, CA  90066

Tel: (310) 391-9971
Fax: (310) 391-8971
Web: www.StatModel.com
Support: Support@StatModel.com

Copyright (c) 1998-2022 Muthen & Muthen
