Mplus VERSION 8.8 (Mac)
MUTHEN & MUTHEN
08/21/2024  12:07 AM

INPUT INSTRUCTIONS

  TITLE: Data Analysis for SEM with Latent Interaction

  DATA:
    FILE = /Users/jimmy_z/desktop/Temp_Data/temp_data_191.dat;
    FORMAT = FREE;

  VARIABLE:
    NAMES ARE x1 x2 x3 m1 m2 m3 y;
    USEVARIABLES ARE x1 x2 x3 m1 m2 m3 y;

  ANALYSIS:
    TYPE = RANDOM;
    ESTIMATOR = MLR;
    ALGORITHM = INTEGRATION;
    INTEGRATION = MONTECARLO;

  MODEL:
    eta1 BY x1 x2 x3;
    eta2 BY m1 m2 m3;
    eta3 | eta1 XWITH eta2;
    y ON eta1 eta2 eta3;

  OUTPUT:
    STANDARDIZED;
    TECH1;
    TECH4;





INPUT READING TERMINATED NORMALLY



Data Analysis for SEM with Latent Interaction

SUMMARY OF ANALYSIS

Number of groups                                                 1
Number of observations                                         250

Number of dependent variables                                    7
Number of independent variables                                  0
Number of continuous latent variables                            3

Observed dependent variables

  Continuous
   X1          X2          X3          M1          M2          M3
   Y

Continuous latent variables
   ETA1        ETA2        ETA3


Estimator                                                      MLR
Information matrix                                        OBSERVED
Optimization Specifications for the Quasi-Newton Algorithm for
Continuous Outcomes
  Maximum number of iterations                                 100
  Convergence criterion                                  0.100D-05
Optimization Specifications for the EM Algorithm
  Maximum number of iterations                                 500
  Convergence criteria
    Loglikelihood change                                 0.100D-02
    Relative loglikelihood change                        0.100D-05
    Derivative                                           0.100D-02
Optimization Specifications for the M step of the EM Algorithm for
Categorical Latent variables
  Number of M step iterations                                    1
  M step convergence criterion                           0.100D-02
  Basis for M step termination                           ITERATION
Optimization Specifications for the M step of the EM Algorithm for
Censored, Binary or Ordered Categorical (Ordinal), Unordered
Categorical (Nominal) and Count Outcomes
  Number of M step iterations                                    1
  M step convergence criterion                           0.100D-02
  Basis for M step termination                           ITERATION
  Maximum value for logit thresholds                            15
  Minimum value for logit thresholds                           -15
  Minimum expected cell size for chi-square              0.100D-01
Optimization algorithm                                         EMA
Integration Specifications
  Type                                                  MONTECARLO
  Number of integration points                                2000
  Dimensions of numerical integration                            2
  Adaptive quadrature                                           ON
  Monte Carlo integration seed                                   0
Cholesky                                                       OFF

Input data file(s)
  /Users/jimmy_z/desktop/Temp_Data/temp_data_191.dat
Input data format  FREE



UNIVARIATE SAMPLE STATISTICS


     UNIVARIATE HIGHER-ORDER MOMENT DESCRIPTIVE STATISTICS

         Variable/         Mean/     Skewness/   Minimum/ % with                Percentiles
        Sample Size      Variance    Kurtosis    Maximum  Min/Max      20%/60%    40%/80%    Median

     X1                   -0.028       0.279      -3.696    0.40%      -1.074     -0.546     -0.118
             250.000       1.671      -0.114       3.939    0.40%       0.245      1.063
     X2                   -0.060      -0.096      -3.429    0.40%      -0.916     -0.281     -0.094
             250.000       1.211       0.101       2.842    0.40%       0.172      0.791
     X3                   -0.104      -0.215      -4.094    0.40%      -0.986     -0.388     -0.082
             250.000       1.200       0.204       2.357    0.40%       0.200      0.836
     M1                    0.048      -0.124      -4.051    0.40%      -1.095     -0.145      0.173
             250.000       1.715      -0.211       3.269    0.40%       0.390      1.133
     M2                   -0.031      -0.094      -3.264    0.40%      -1.147     -0.312      0.026
             250.000       1.335      -0.254       3.191    0.40%       0.324      0.934
     M3                    0.058      -0.038      -2.841    0.40%      -0.768     -0.153      0.030
             250.000       0.869      -0.068       2.617    0.40%       0.305      0.830
     Y                    -0.042       0.341      -2.682    0.40%      -0.934     -0.388     -0.137
             250.000       1.083       0.230       3.044    0.40%       0.119      0.772


THE MODEL ESTIMATION TERMINATED NORMALLY



MODEL FIT INFORMATION

Number of Free Parameters                       24

Loglikelihood

          H0 Value                       -2435.117
          H0 Scaling Correction Factor      0.9902
            for MLR

Information Criteria

          Akaike (AIC)                    4918.235
          Bayesian (BIC)                  5002.750
          Sample-Size Adjusted BIC        4926.668
            (n* = (n + 2) / 24)



MODEL RESULTS

                                                    Two-Tailed
                    Estimate       S.E.  Est./S.E.    P-Value

 ETA1     BY
    X1                 1.000      0.000    999.000    999.000
    X2                 0.870      0.087      9.991      0.000
    X3                 0.978      0.089     10.979      0.000

 ETA2     BY
    M1                 1.000      0.000    999.000    999.000
    M2                 0.908      0.107      8.497      0.000
    M3                 0.781      0.082      9.566      0.000

 Y          ON
    ETA1               0.300      0.079      3.809      0.000
    ETA2               0.287      0.080      3.580      0.000
    ETA3               0.376      0.094      3.983      0.000

 ETA2     WITH
    ETA1               0.061      0.061      0.998      0.318

 Intercepts
    X1                -0.027      0.082     -0.331      0.741
    X2                -0.059      0.070     -0.849      0.396
    X3                -0.104      0.069     -1.492      0.136
    M1                 0.049      0.083      0.586      0.558
    M2                -0.031      0.073     -0.421      0.674
    M3                 0.059      0.059      0.995      0.320
    Y                 -0.064      0.064     -1.001      0.317

 Variances
    ETA1               0.859      0.147      5.829      0.000
    ETA2               0.875      0.148      5.932      0.000

 Residual Variances
    X1                 0.809      0.096      8.415      0.000
    X2                 0.562      0.083      6.736      0.000
    X3                 0.379      0.062      6.075      0.000
    M1                 0.837      0.104      8.074      0.000
    M2                 0.613      0.081      7.523      0.000
    M3                 0.335      0.051      6.606      0.000
    Y                  0.824      0.091      9.007      0.000


QUALITY OF NUMERICAL RESULTS

     Condition Number for the Information Matrix              0.284E-01
       (ratio of smallest to largest eigenvalue)


STANDARDIZED MODEL RESULTS


STDYX Standardization

                                                    Two-Tailed
                    Estimate       S.E.  Est./S.E.    P-Value

 ETA1     BY
    X1                 0.718      0.042     17.099      0.000
    X2                 0.732      0.041     17.952      0.000
    X3                 0.827      0.033     24.794      0.000

 ETA2     BY
    M1                 0.715      0.043     16.673      0.000
    M2                 0.736      0.045     16.477      0.000
    M3                 0.784      0.038     20.420      0.000

 Y          ON
    ETA1               0.266      0.062      4.308      0.000
    ETA2               0.257      0.061      4.221      0.000
    ETA3               0.312      0.073      4.261      0.000

 ETA2     WITH
    ETA1               0.070      0.070      0.998      0.318

 Intercepts
    X1                -0.021      0.063     -0.330      0.742
    X2                -0.054      0.063     -0.850      0.395
    X3                -0.095      0.063     -1.504      0.133
    M1                 0.037      0.063      0.585      0.559
    M2                -0.027      0.063     -0.421      0.674
    M3                 0.063      0.063      0.993      0.321
    Y                 -0.061      0.062     -0.991      0.322

 Variances
    ETA1               1.000      0.000    999.000    999.000
    ETA2               1.000      0.000    999.000    999.000

 Residual Variances
    X1                 0.485      0.060      8.048      0.000
    X2                 0.464      0.060      7.765      0.000
    X3                 0.316      0.055      5.718      0.000
    M1                 0.489      0.061      7.968      0.000
    M2                 0.459      0.066      6.989      0.000
    M3                 0.386      0.060      6.406      0.000
    Y                  0.756      0.062     12.104      0.000


STDY Standardization

                                                    Two-Tailed
                    Estimate       S.E.  Est./S.E.    P-Value

 ETA1     BY
    X1                 0.718      0.042     17.099      0.000
    X2                 0.732      0.041     17.952      0.000
    X3                 0.827      0.033     24.794      0.000

 ETA2     BY
    M1                 0.715      0.043     16.673      0.000
    M2                 0.736      0.045     16.477      0.000
    M3                 0.784      0.038     20.420      0.000

 Y          ON
    ETA1               0.266      0.062      4.308      0.000
    ETA2               0.257      0.061      4.221      0.000
    ETA3               0.312      0.073      4.261      0.000

 ETA2     WITH
    ETA1               0.070      0.070      0.998      0.318

 Intercepts
    X1                -0.021      0.063     -0.330      0.742
    X2                -0.054      0.063     -0.850      0.395
    X3                -0.095      0.063     -1.504      0.133
    M1                 0.037      0.063      0.585      0.559
    M2                -0.027      0.063     -0.421      0.674
    M3                 0.063      0.063      0.993      0.321
    Y                 -0.061      0.062     -0.991      0.322

 Variances
    ETA1               1.000      0.000    999.000    999.000
    ETA2               1.000      0.000    999.000    999.000

 Residual Variances
    X1                 0.485      0.060      8.048      0.000
    X2                 0.464      0.060      7.765      0.000
    X3                 0.316      0.055      5.718      0.000
    M1                 0.489      0.061      7.968      0.000
    M2                 0.459      0.066      6.989      0.000
    M3                 0.386      0.060      6.406      0.000
    Y                  0.756      0.062     12.104      0.000


STD Standardization

                                                    Two-Tailed
                    Estimate       S.E.  Est./S.E.    P-Value

 ETA1     BY
    X1                 0.927      0.079     11.658      0.000
    X2                 0.806      0.062     13.084      0.000
    X3                 0.906      0.066     13.808      0.000

 ETA2     BY
    M1                 0.936      0.079     11.864      0.000
    M2                 0.850      0.074     11.545      0.000
    M3                 0.731      0.055     13.166      0.000

 Y          ON
    ETA1               0.278      0.067      4.125      0.000
    ETA2               0.268      0.068      3.967      0.000
    ETA3               0.326      0.078      4.150      0.000

 ETA2     WITH
    ETA1               0.070      0.070      0.998      0.318

 Intercepts
    X1                -0.027      0.082     -0.331      0.741
    X2                -0.059      0.070     -0.849      0.396
    X3                -0.104      0.069     -1.492      0.136
    M1                 0.049      0.083      0.586      0.558
    M2                -0.031      0.073     -0.421      0.674
    M3                 0.059      0.059      0.995      0.320
    Y                 -0.064      0.064     -1.001      0.317

 Variances
    ETA1               1.000      0.000    999.000    999.000
    ETA2               1.000      0.000    999.000    999.000

 Residual Variances
    X1                 0.809      0.096      8.415      0.000
    X2                 0.562      0.083      6.736      0.000
    X3                 0.379      0.062      6.075      0.000
    M1                 0.837      0.104      8.074      0.000
    M2                 0.613      0.081      7.523      0.000
    M3                 0.335      0.051      6.606      0.000
    Y                  0.824      0.091      9.007      0.000


R-SQUARE

    Observed                                        Two-Tailed
    Variable        Estimate       S.E.  Est./S.E.    P-Value

    X1                 0.515      0.060      8.549      0.000
    X2                 0.536      0.060      8.976      0.000
    X3                 0.684      0.055     12.397      0.000
    M1                 0.511      0.061      8.336      0.000
    M2                 0.541      0.066      8.239      0.000
    M3                 0.614      0.060     10.210      0.000
    Y                  0.244      0.062      3.910      0.000


TECHNICAL 1 OUTPUT


     PARAMETER SPECIFICATION


           NU
              X1            X2            X3            M1            M2
              ________      ________      ________      ________      ________
                    1             2             3             4             5


           NU
              M3            Y
              ________      ________
                    6             0


           LAMBDA
              ETA1          ETA2          ETA3          Y
              ________      ________      ________      ________
 X1                 0             0             0             0
 X2                 7             0             0             0
 X3                 8             0             0             0
 M1                 0             0             0             0
 M2                 0             9             0             0
 M3                 0            10             0             0
 Y                  0             0             0             0


           THETA
              X1            X2            X3            M1            M2
              ________      ________      ________      ________      ________
 X1                11
 X2                 0            12
 X3                 0             0            13
 M1                 0             0             0            14
 M2                 0             0             0             0            15
 M3                 0             0             0             0             0
 Y                  0             0             0             0             0


           THETA
              M3            Y
              ________      ________
 M3                16
 Y                  0             0


           ALPHA
              ETA1          ETA2          ETA3          Y
              ________      ________      ________      ________
                    0             0             0            17


           BETA
              ETA1          ETA2          ETA3          Y
              ________      ________      ________      ________
 ETA1               0             0             0             0
 ETA2               0             0             0             0
 ETA3               0             0             0             0
 Y                 18            19            20             0


           PSI
              ETA1          ETA2          ETA3          Y
              ________      ________      ________      ________
 ETA1              21
 ETA2              22            23
 ETA3               0             0             0
 Y                  0             0             0            24


     STARTING VALUES


           NU
              X1            X2            X3            M1            M2
              ________      ________      ________      ________      ________
               -0.028        -0.060        -0.104         0.048        -0.031


           NU
              M3            Y
              ________      ________
                0.058         0.000


           LAMBDA
              ETA1          ETA2          ETA3          Y
              ________      ________      ________      ________
 X1             1.000         0.000         0.000         0.000
 X2             1.000         0.000         0.000         0.000
 X3             1.000         0.000         0.000         0.000
 M1             0.000         1.000         0.000         0.000
 M2             0.000         1.000         0.000         0.000
 M3             0.000         1.000         0.000         0.000
 Y              0.000         0.000         0.000         1.000


           THETA
              X1            X2            X3            M1            M2
              ________      ________      ________      ________      ________
 X1             0.835
 X2             0.000         0.606
 X3             0.000         0.000         0.600
 M1             0.000         0.000         0.000         0.858
 M2             0.000         0.000         0.000         0.000         0.668
 M3             0.000         0.000         0.000         0.000         0.000
 Y              0.000         0.000         0.000         0.000         0.000


           THETA
              M3            Y
              ________      ________
 M3             0.434
 Y              0.000         0.000


           ALPHA
              ETA1          ETA2          ETA3          Y
              ________      ________      ________      ________
                0.000         0.000         0.000        -0.042


           BETA
              ETA1          ETA2          ETA3          Y
              ________      ________      ________      ________
 ETA1           0.000         0.000         0.000         0.000
 ETA2           0.000         0.000         0.000         0.000
 ETA3           0.000         0.000         0.000         0.000
 Y              0.000         0.000         0.000         0.000


           PSI
              ETA1          ETA2          ETA3          Y
              ________      ________      ________      ________
 ETA1           0.050
 ETA2           0.000         0.050
 ETA3           0.000         0.000         0.000
 Y              0.000         0.000         0.000         0.541


TECHNICAL 4 OUTPUT


     ESTIMATES DERIVED FROM THE MODEL


           ESTIMATED MEANS FOR THE LATENT VARIABLES
              ETA1          ETA2          ETA3          Y
              ________      ________      ________      ________
                0.000         0.000         0.061        -0.041


           S.E. FOR ESTIMATED MEANS FOR THE LATENT VARIABLES
              ETA1          ETA2          ETA3          Y
              ________      ________      ________      ________
                0.000         0.000         0.061         0.066


           EST./S.E. FOR ESTIMATED MEANS FOR THE LATENT VARIABLES
              ETA1          ETA2          ETA3          Y
              ________      ________      ________      ________
                0.000         0.000         0.998        -0.626


           TWO-TAILED P-VALUE FOR ESTIMATED MEANS FOR THE LATENT VARIABLES
              ETA1          ETA2          ETA3          Y
              ________      ________      ________      ________
                1.000         1.000         0.318         0.531


           ESTIMATED COVARIANCE MATRIX FOR THE LATENT VARIABLES
              ETA1          ETA2          ETA3          Y
              ________      ________      ________      ________
 ETA1           0.859
 ETA2           0.061         0.875
 ETA3           0.000         0.000         0.756
 Y              0.275         0.269         0.284         1.090


           S.E. FOR ESTIMATED COVARIANCE MATRIX FOR THE LATENT VARIABLES
              ETA1          ETA2          ETA3          Y
              ________      ________      ________      ________
 ETA1           0.147
 ETA2           0.061         0.148
 ETA3           0.000         0.000         0.170
 Y              0.068         0.067         0.079         0.104


           EST./S.E. FOR ESTIMATED COVARIANCE MATRIX FOR THE LATENT VARIABLES
              ETA1          ETA2          ETA3          Y
              ________      ________      ________      ________
 ETA1           5.829
 ETA2           0.998         5.932
 ETA3           0.000         0.000         4.450
 Y              4.053         4.040         3.592        10.479


           TWO-TAILED P-VALUE FOR ESTIMATED COVARIANCE MATRIX FOR THE LATENT VARIABLES
              ETA1          ETA2          ETA3          Y
              ________      ________      ________      ________
 ETA1           0.000
 ETA2           0.318         0.000
 ETA3           1.000         1.000         0.000
 Y              0.000         0.000         0.000         0.000


           ESTIMATED CORRELATION MATRIX FOR THE LATENT VARIABLES
              ETA1          ETA2          ETA3          Y
              ________      ________      ________      ________
 ETA1           1.000
 ETA2           0.070         1.000
 ETA3           0.000         0.000         1.000
 Y              0.284         0.276         0.313         1.000


           S.E. FOR ESTIMATED CORRELATION MATRIX FOR THE LATENT VARIABLES
              ETA1          ETA2          ETA3          Y
              ________      ________      ________      ________
 ETA1           0.000
 ETA2           0.070         0.000
 ETA3           0.000         0.000         0.000
 Y              0.063         0.065         0.073         0.000


           EST./S.E. FOR ESTIMATED CORRELATION MATRIX FOR THE LATENT VARIABLES
              ETA1          ETA2          ETA3          Y
              ________      ________      ________      ________
 ETA1         999.000
 ETA2           0.998       999.000
 ETA3           0.000         0.000       999.000
 Y              4.474         4.268         4.280       999.000


           TWO-TAILED P-VALUE FOR ESTIMATED CORRELATION MATRIX FOR THE LATENT VARIABLES
              ETA1          ETA2          ETA3          Y
              ________      ________      ________      ________
 ETA1           0.000
 ETA2           0.318         0.000
 ETA3           1.000         1.000         0.000
 Y              0.000         0.000         0.000         0.000


     Beginning Time:  00:07:28
        Ending Time:  00:22:31
       Elapsed Time:  00:15:03



MUTHEN & MUTHEN
3463 Stoner Ave.
Los Angeles, CA  90066

Tel: (310) 391-9971
Fax: (310) 391-8971
Web: www.StatModel.com
Support: Support@StatModel.com

Copyright (c) 1998-2022 Muthen & Muthen
