Mplus VERSION 8.8 (Mac)
MUTHEN & MUTHEN
08/20/2024  10:45 PM

INPUT INSTRUCTIONS

  TITLE: Data Analysis for SEM with Latent Interaction

  DATA:
    FILE = /Users/jimmy_z/desktop/Temp_Data/temp_data_284.dat;
    FORMAT = FREE;

  VARIABLE:
    NAMES ARE x1 x2 x3 m1 m2 m3 y;
    USEVARIABLES ARE x1 x2 x3 m1 m2 m3 y;

  ANALYSIS:
    TYPE = RANDOM;
    ESTIMATOR = MLR;
    ALGORITHM = INTEGRATION;
    INTEGRATION = MONTECARLO;

  MODEL:
    eta1 BY x1 x2 x3;
    eta2 BY m1 m2 m3;
    eta3 | eta1 XWITH eta2;
    y ON eta1 eta2 eta3;

  OUTPUT:
    STANDARDIZED;
    TECH1;
    TECH4;





INPUT READING TERMINATED NORMALLY



Data Analysis for SEM with Latent Interaction

SUMMARY OF ANALYSIS

Number of groups                                                 1
Number of observations                                         250

Number of dependent variables                                    7
Number of independent variables                                  0
Number of continuous latent variables                            3

Observed dependent variables

  Continuous
   X1          X2          X3          M1          M2          M3
   Y

Continuous latent variables
   ETA1        ETA2        ETA3


Estimator                                                      MLR
Information matrix                                        OBSERVED
Optimization Specifications for the Quasi-Newton Algorithm for
Continuous Outcomes
  Maximum number of iterations                                 100
  Convergence criterion                                  0.100D-05
Optimization Specifications for the EM Algorithm
  Maximum number of iterations                                 500
  Convergence criteria
    Loglikelihood change                                 0.100D-02
    Relative loglikelihood change                        0.100D-05
    Derivative                                           0.100D-02
Optimization Specifications for the M step of the EM Algorithm for
Categorical Latent variables
  Number of M step iterations                                    1
  M step convergence criterion                           0.100D-02
  Basis for M step termination                           ITERATION
Optimization Specifications for the M step of the EM Algorithm for
Censored, Binary or Ordered Categorical (Ordinal), Unordered
Categorical (Nominal) and Count Outcomes
  Number of M step iterations                                    1
  M step convergence criterion                           0.100D-02
  Basis for M step termination                           ITERATION
  Maximum value for logit thresholds                            15
  Minimum value for logit thresholds                           -15
  Minimum expected cell size for chi-square              0.100D-01
Optimization algorithm                                         EMA
Integration Specifications
  Type                                                  MONTECARLO
  Number of integration points                                2000
  Dimensions of numerical integration                            2
  Adaptive quadrature                                           ON
  Monte Carlo integration seed                                   0
Cholesky                                                       OFF

Input data file(s)
  /Users/jimmy_z/desktop/Temp_Data/temp_data_284.dat
Input data format  FREE



UNIVARIATE SAMPLE STATISTICS


     UNIVARIATE HIGHER-ORDER MOMENT DESCRIPTIVE STATISTICS

         Variable/         Mean/     Skewness/   Minimum/ % with                Percentiles
        Sample Size      Variance    Kurtosis    Maximum  Min/Max      20%/60%    40%/80%    Median

     X1                    0.186       0.022      -4.190    0.40%      -0.991     -0.176      0.217
             250.000       2.097       0.242       4.419    0.40%       0.534      1.297
     X2                   -0.061      -0.270      -5.739    0.40%      -1.128     -0.423     -0.015
             250.000       1.838       0.716       4.001    0.40%       0.315      1.089
     X3                    0.024      -0.194      -2.840    0.40%      -0.762     -0.206      0.036
             250.000       1.052       0.053       2.817    0.40%       0.356      0.898
     M1                    0.108       0.046      -3.666    0.40%      -1.060     -0.309      0.098
             250.000       2.297       0.093       4.366    0.40%       0.484      1.297
     M2                    0.012      -0.051      -3.833    0.40%      -1.239     -0.338      0.044
             250.000       2.083      -0.170       4.239    0.40%       0.402      1.277
     M3                   -0.027       0.070      -3.750    0.40%      -0.989     -0.346     -0.040
             250.000       1.500      -0.025       3.140    0.40%       0.214      0.978
     Y                     0.035       0.092      -2.417    0.40%      -0.820     -0.228      0.056
             250.000       0.971      -0.299       2.867    0.40%       0.266      0.831


THE MODEL ESTIMATION TERMINATED NORMALLY



MODEL FIT INFORMATION

Number of Free Parameters                       24

Loglikelihood

          H0 Value                       -2743.302
          H0 Scaling Correction Factor      0.9719
            for MLR

Information Criteria

          Akaike (AIC)                    5534.605
          Bayesian (BIC)                  5619.120
          Sample-Size Adjusted BIC        5543.038
            (n* = (n + 2) / 24)



MODEL RESULTS

                                                    Two-Tailed
                    Estimate       S.E.  Est./S.E.    P-Value

 ETA1     BY
    X1                 1.000      0.000    999.000    999.000
    X2                 0.943      0.150      6.303      0.000
    X3                 0.633      0.097      6.547      0.000

 ETA2     BY
    M1                 1.000      0.000    999.000    999.000
    M2                 1.110      0.131      8.492      0.000
    M3                 0.942      0.131      7.191      0.000

 Y          ON
    ETA1               0.317      0.078      4.084      0.000
    ETA2               0.326      0.076      4.309      0.000
    ETA3               0.292      0.084      3.499      0.000

 ETA2     WITH
    ETA1               0.001      0.082      0.010      0.992

 Intercepts
    X1                 0.185      0.092      2.019      0.043
    X2                -0.061      0.086     -0.714      0.475
    X3                 0.023      0.065      0.356      0.722
    M1                 0.109      0.096      1.136      0.256
    M2                 0.013      0.091      0.139      0.889
    M3                -0.026      0.077     -0.342      0.732
    Y                  0.035      0.063      0.550      0.582

 Variances
    ETA1               0.909      0.176      5.157      0.000
    ETA2               0.890      0.177      5.016      0.000

 Residual Variances
    X1                 1.189      0.168      7.056      0.000
    X2                 1.029      0.146      7.057      0.000
    X3                 0.688      0.075      9.121      0.000
    M1                 1.408      0.156      9.016      0.000
    M2                 0.986      0.142      6.922      0.000
    M3                 0.709      0.101      7.005      0.000
    Y                  0.726      0.073      9.991      0.000


QUALITY OF NUMERICAL RESULTS

     Condition Number for the Information Matrix              0.905E-03
       (ratio of smallest to largest eigenvalue)


STANDARDIZED MODEL RESULTS


STDYX Standardization

                                                    Two-Tailed
                    Estimate       S.E.  Est./S.E.    P-Value

 ETA1     BY
    X1                 0.658      0.052     12.742      0.000
    X2                 0.664      0.056     11.905      0.000
    X3                 0.589      0.058     10.219      0.000

 ETA2     BY
    M1                 0.622      0.048     12.991      0.000
    M2                 0.726      0.050     14.518      0.000
    M3                 0.726      0.047     15.364      0.000

 Y          ON
    ETA1               0.305      0.066      4.630      0.000
    ETA2               0.310      0.064      4.812      0.000
    ETA3               0.266      0.070      3.812      0.000

 ETA2     WITH
    ETA1               0.001      0.091      0.010      0.992

 Intercepts
    X1                 0.128      0.063      2.011      0.044
    X2                -0.045      0.063     -0.718      0.473
    X3                 0.023      0.063      0.355      0.723
    M1                 0.072      0.063      1.136      0.256
    M2                 0.009      0.063      0.139      0.889
    M3                -0.022      0.063     -0.342      0.732
    Y                  0.035      0.064      0.551      0.582

 Variances
    ETA1               1.000      0.000    999.000    999.000
    ETA2               1.000      0.000    999.000    999.000

 Residual Variances
    X1                 0.567      0.068      8.329      0.000
    X2                 0.560      0.074      7.568      0.000
    X3                 0.654      0.068      9.639      0.000
    M1                 0.613      0.060     10.270      0.000
    M2                 0.473      0.073      6.519      0.000
    M3                 0.473      0.069      6.896      0.000
    Y                  0.740      0.067     11.098      0.000


STDY Standardization

                                                    Two-Tailed
                    Estimate       S.E.  Est./S.E.    P-Value

 ETA1     BY
    X1                 0.658      0.052     12.742      0.000
    X2                 0.664      0.056     11.905      0.000
    X3                 0.589      0.058     10.219      0.000

 ETA2     BY
    M1                 0.622      0.048     12.991      0.000
    M2                 0.726      0.050     14.518      0.000
    M3                 0.726      0.047     15.364      0.000

 Y          ON
    ETA1               0.305      0.066      4.630      0.000
    ETA2               0.310      0.064      4.812      0.000
    ETA3               0.266      0.070      3.812      0.000

 ETA2     WITH
    ETA1               0.001      0.091      0.010      0.992

 Intercepts
    X1                 0.128      0.063      2.011      0.044
    X2                -0.045      0.063     -0.718      0.473
    X3                 0.023      0.063      0.355      0.723
    M1                 0.072      0.063      1.136      0.256
    M2                 0.009      0.063      0.139      0.889
    M3                -0.022      0.063     -0.342      0.732
    Y                  0.035      0.064      0.551      0.582

 Variances
    ETA1               1.000      0.000    999.000    999.000
    ETA2               1.000      0.000    999.000    999.000

 Residual Variances
    X1                 0.567      0.068      8.329      0.000
    X2                 0.560      0.074      7.568      0.000
    X3                 0.654      0.068      9.639      0.000
    M1                 0.613      0.060     10.270      0.000
    M2                 0.473      0.073      6.519      0.000
    M3                 0.473      0.069      6.896      0.000
    Y                  0.740      0.067     11.098      0.000


STD Standardization

                                                    Two-Tailed
                    Estimate       S.E.  Est./S.E.    P-Value

 ETA1     BY
    X1                 0.954      0.092     10.314      0.000
    X2                 0.900      0.100      8.983      0.000
    X3                 0.604      0.074      8.190      0.000

 ETA2     BY
    M1                 0.944      0.094     10.033      0.000
    M2                 1.048      0.098     10.649      0.000
    M3                 0.889      0.080     11.090      0.000

 Y          ON
    ETA1               0.302      0.069      4.406      0.000
    ETA2               0.307      0.067      4.582      0.000
    ETA3               0.263      0.072      3.631      0.000

 ETA2     WITH
    ETA1               0.001      0.091      0.010      0.992

 Intercepts
    X1                 0.185      0.092      2.019      0.043
    X2                -0.061      0.086     -0.714      0.475
    X3                 0.023      0.065      0.356      0.722
    M1                 0.109      0.096      1.136      0.256
    M2                 0.013      0.091      0.139      0.889
    M3                -0.026      0.077     -0.342      0.732
    Y                  0.035      0.063      0.550      0.582

 Variances
    ETA1               1.000      0.000    999.000    999.000
    ETA2               1.000      0.000    999.000    999.000

 Residual Variances
    X1                 1.189      0.168      7.056      0.000
    X2                 1.029      0.146      7.057      0.000
    X3                 0.688      0.075      9.121      0.000
    M1                 1.408      0.156      9.016      0.000
    M2                 0.986      0.142      6.922      0.000
    M3                 0.709      0.101      7.005      0.000
    Y                  0.726      0.073      9.991      0.000


R-SQUARE

    Observed                                        Two-Tailed
    Variable        Estimate       S.E.  Est./S.E.    P-Value

    X1                 0.433      0.068      6.371      0.000
    X2                 0.440      0.074      5.952      0.000
    X3                 0.346      0.068      5.110      0.000
    M1                 0.387      0.060      6.495      0.000
    M2                 0.527      0.073      7.259      0.000
    M3                 0.527      0.069      7.682      0.000
    Y                  0.260      0.067      3.897      0.000


TECHNICAL 1 OUTPUT


     PARAMETER SPECIFICATION


           NU
              X1            X2            X3            M1            M2
              ________      ________      ________      ________      ________
                    1             2             3             4             5


           NU
              M3            Y
              ________      ________
                    6             0


           LAMBDA
              ETA1          ETA2          ETA3          Y
              ________      ________      ________      ________
 X1                 0             0             0             0
 X2                 7             0             0             0
 X3                 8             0             0             0
 M1                 0             0             0             0
 M2                 0             9             0             0
 M3                 0            10             0             0
 Y                  0             0             0             0


           THETA
              X1            X2            X3            M1            M2
              ________      ________      ________      ________      ________
 X1                11
 X2                 0            12
 X3                 0             0            13
 M1                 0             0             0            14
 M2                 0             0             0             0            15
 M3                 0             0             0             0             0
 Y                  0             0             0             0             0


           THETA
              M3            Y
              ________      ________
 M3                16
 Y                  0             0


           ALPHA
              ETA1          ETA2          ETA3          Y
              ________      ________      ________      ________
                    0             0             0            17


           BETA
              ETA1          ETA2          ETA3          Y
              ________      ________      ________      ________
 ETA1               0             0             0             0
 ETA2               0             0             0             0
 ETA3               0             0             0             0
 Y                 18            19            20             0


           PSI
              ETA1          ETA2          ETA3          Y
              ________      ________      ________      ________
 ETA1              21
 ETA2              22            23
 ETA3               0             0             0
 Y                  0             0             0            24


     STARTING VALUES


           NU
              X1            X2            X3            M1            M2
              ________      ________      ________      ________      ________
                0.186        -0.061         0.024         0.108         0.012


           NU
              M3            Y
              ________      ________
               -0.027         0.000


           LAMBDA
              ETA1          ETA2          ETA3          Y
              ________      ________      ________      ________
 X1             1.000         0.000         0.000         0.000
 X2             1.000         0.000         0.000         0.000
 X3             1.000         0.000         0.000         0.000
 M1             0.000         1.000         0.000         0.000
 M2             0.000         1.000         0.000         0.000
 M3             0.000         1.000         0.000         0.000
 Y              0.000         0.000         0.000         1.000


           THETA
              X1            X2            X3            M1            M2
              ________      ________      ________      ________      ________
 X1             1.048
 X2             0.000         0.919
 X3             0.000         0.000         0.526
 M1             0.000         0.000         0.000         1.149
 M2             0.000         0.000         0.000         0.000         1.042
 M3             0.000         0.000         0.000         0.000         0.000
 Y              0.000         0.000         0.000         0.000         0.000


           THETA
              M3            Y
              ________      ________
 M3             0.750
 Y              0.000         0.000


           ALPHA
              ETA1          ETA2          ETA3          Y
              ________      ________      ________      ________
                0.000         0.000         0.000         0.035


           BETA
              ETA1          ETA2          ETA3          Y
              ________      ________      ________      ________
 ETA1           0.000         0.000         0.000         0.000
 ETA2           0.000         0.000         0.000         0.000
 ETA3           0.000         0.000         0.000         0.000
 Y              0.000         0.000         0.000         0.000


           PSI
              ETA1          ETA2          ETA3          Y
              ________      ________      ________      ________
 ETA1           0.050
 ETA2           0.000         0.050
 ETA3           0.000         0.000         0.000
 Y              0.000         0.000         0.000         0.486


TECHNICAL 4 OUTPUT


     ESTIMATES DERIVED FROM THE MODEL


           ESTIMATED MEANS FOR THE LATENT VARIABLES
              ETA1          ETA2          ETA3          Y
              ________      ________      ________      ________
                0.000         0.000         0.001         0.035


           S.E. FOR ESTIMATED MEANS FOR THE LATENT VARIABLES
              ETA1          ETA2          ETA3          Y
              ________      ________      ________      ________
                0.000         0.000         0.082         0.062


           EST./S.E. FOR ESTIMATED MEANS FOR THE LATENT VARIABLES
              ETA1          ETA2          ETA3          Y
              ________      ________      ________      ________
                0.000         0.000         0.010         0.563


           TWO-TAILED P-VALUE FOR ESTIMATED MEANS FOR THE LATENT VARIABLES
              ETA1          ETA2          ETA3          Y
              ________      ________      ________      ________
                1.000         1.000         0.992         0.573


           ESTIMATED COVARIANCE MATRIX FOR THE LATENT VARIABLES
              ETA1          ETA2          ETA3          Y
              ________      ________      ________      ________
 ETA1           0.909
 ETA2           0.001         0.890
 ETA3           0.000         0.000         0.810
 Y              0.288         0.290         0.237         0.981


           S.E. FOR ESTIMATED COVARIANCE MATRIX FOR THE LATENT VARIABLES
              ETA1          ETA2          ETA3          Y
              ________      ________      ________      ________
 ETA1           0.176
 ETA2           0.082         0.177
 ETA3           0.000         0.000         0.217
 Y              0.072         0.072         0.077         0.082


           EST./S.E. FOR ESTIMATED COVARIANCE MATRIX FOR THE LATENT VARIABLES
              ETA1          ETA2          ETA3          Y
              ________      ________      ________      ________
 ETA1           5.157
 ETA2           0.010         5.016
 ETA3           0.000         0.000         3.722
 Y              3.998         4.028         3.070        12.000


           TWO-TAILED P-VALUE FOR ESTIMATED COVARIANCE MATRIX FOR THE LATENT VARIABLES
              ETA1          ETA2          ETA3          Y
              ________      ________      ________      ________
 ETA1           0.000
 ETA2           0.992         0.000
 ETA3           1.000         1.000         0.000
 Y              0.000         0.000         0.002         0.000


           ESTIMATED CORRELATION MATRIX FOR THE LATENT VARIABLES
              ETA1          ETA2          ETA3          Y
              ________      ________      ________      ________
 ETA1           1.000
 ETA2           0.001         1.000
 ETA3           0.000         0.000         1.000
 Y              0.305         0.310         0.266         1.000


           S.E. FOR ESTIMATED CORRELATION MATRIX FOR THE LATENT VARIABLES
              ETA1          ETA2          ETA3          Y
              ________      ________      ________      ________
 ETA1           0.000
 ETA2           0.091         0.000
 ETA3           0.000         0.000         0.000
 Y              0.067         0.065         0.070         0.000


           EST./S.E. FOR ESTIMATED CORRELATION MATRIX FOR THE LATENT VARIABLES
              ETA1          ETA2          ETA3          Y
              ________      ________      ________      ________
 ETA1         999.000
 ETA2           0.010       999.000
 ETA3           0.000         0.000       999.000
 Y              4.524         4.808         3.812       999.000


           TWO-TAILED P-VALUE FOR ESTIMATED CORRELATION MATRIX FOR THE LATENT VARIABLES
              ETA1          ETA2          ETA3          Y
              ________      ________      ________      ________
 ETA1           0.000
 ETA2           0.992         0.000
 ETA3           1.000         1.000         0.000
 Y              0.000         0.000         0.000         0.000


     Beginning Time:  22:45:56
        Ending Time:  22:47:17
       Elapsed Time:  00:01:21



MUTHEN & MUTHEN
3463 Stoner Ave.
Los Angeles, CA  90066

Tel: (310) 391-9971
Fax: (310) 391-8971
Web: www.StatModel.com
Support: Support@StatModel.com

Copyright (c) 1998-2022 Muthen & Muthen
