Mplus VERSION 8.8 (Mac)
MUTHEN & MUTHEN
08/20/2024  11:38 PM

INPUT INSTRUCTIONS

  TITLE: Data Analysis for SEM with Latent Interaction

  DATA:
    FILE = /Users/jimmy_z/desktop/Temp_Data/temp_data_84.dat;
    FORMAT = FREE;

  VARIABLE:
    NAMES ARE x1 x2 x3 m1 m2 m3 y;
    USEVARIABLES ARE x1 x2 x3 m1 m2 m3 y;

  ANALYSIS:
    TYPE = RANDOM;
    ESTIMATOR = MLR;
    ALGORITHM = INTEGRATION;
    INTEGRATION = MONTECARLO;

  MODEL:
    eta1 BY x1 x2 x3;
    eta2 BY m1 m2 m3;
    eta3 | eta1 XWITH eta2;
    y ON eta1 eta2 eta3;

  OUTPUT:
    STANDARDIZED;
    TECH1;
    TECH4;





INPUT READING TERMINATED NORMALLY



Data Analysis for SEM with Latent Interaction

SUMMARY OF ANALYSIS

Number of groups                                                 1
Number of observations                                         250

Number of dependent variables                                    7
Number of independent variables                                  0
Number of continuous latent variables                            3

Observed dependent variables

  Continuous
   X1          X2          X3          M1          M2          M3
   Y

Continuous latent variables
   ETA1        ETA2        ETA3


Estimator                                                      MLR
Information matrix                                        OBSERVED
Optimization Specifications for the Quasi-Newton Algorithm for
Continuous Outcomes
  Maximum number of iterations                                 100
  Convergence criterion                                  0.100D-05
Optimization Specifications for the EM Algorithm
  Maximum number of iterations                                 500
  Convergence criteria
    Loglikelihood change                                 0.100D-02
    Relative loglikelihood change                        0.100D-05
    Derivative                                           0.100D-02
Optimization Specifications for the M step of the EM Algorithm for
Categorical Latent variables
  Number of M step iterations                                    1
  M step convergence criterion                           0.100D-02
  Basis for M step termination                           ITERATION
Optimization Specifications for the M step of the EM Algorithm for
Censored, Binary or Ordered Categorical (Ordinal), Unordered
Categorical (Nominal) and Count Outcomes
  Number of M step iterations                                    1
  M step convergence criterion                           0.100D-02
  Basis for M step termination                           ITERATION
  Maximum value for logit thresholds                            15
  Minimum value for logit thresholds                           -15
  Minimum expected cell size for chi-square              0.100D-01
Optimization algorithm                                         EMA
Integration Specifications
  Type                                                  MONTECARLO
  Number of integration points                                2000
  Dimensions of numerical integration                            2
  Adaptive quadrature                                           ON
  Monte Carlo integration seed                                   0
Cholesky                                                       OFF

Input data file(s)
  /Users/jimmy_z/desktop/Temp_Data/temp_data_84.dat
Input data format  FREE



UNIVARIATE SAMPLE STATISTICS


     UNIVARIATE HIGHER-ORDER MOMENT DESCRIPTIVE STATISTICS

         Variable/         Mean/     Skewness/   Minimum/ % with                Percentiles
        Sample Size      Variance    Kurtosis    Maximum  Min/Max      20%/60%    40%/80%    Median

     X1                    0.077       0.036      -3.710    0.40%      -1.009     -0.295      0.007
             250.000       1.610       0.109       4.151    0.40%       0.425      1.142
     X2                    0.038      -0.014      -3.753    0.40%      -0.890     -0.169      0.058
             250.000       1.445       0.598       3.457    0.40%       0.322      0.864
     X3                    0.020      -0.055      -2.203    0.40%      -0.789     -0.163      0.022
             250.000       0.857      -0.174       2.375    0.40%       0.266      0.787
     M1                   -0.031       0.146      -3.218    0.40%      -1.182     -0.440     -0.054
             250.000       1.854      -0.343       3.638    0.40%       0.333      1.155
     M2                    0.005       0.197      -2.787    0.40%      -0.968     -0.364     -0.071
             250.000       1.387      -0.223       3.405    0.40%       0.247      1.004
     M3                   -0.025       0.057      -3.035    0.40%      -0.880     -0.290      0.043
             250.000       0.856       0.148       3.523    0.40%       0.335      0.752
     Y                    -0.064       0.257      -2.713    0.40%      -0.816     -0.319     -0.102
             250.000       0.884       0.383       3.005    0.40%       0.087      0.657


THE MODEL ESTIMATION TERMINATED NORMALLY



MODEL FIT INFORMATION

Number of Free Parameters                       24

Loglikelihood

          H0 Value                       -2394.585
          H0 Scaling Correction Factor      1.0199
            for MLR

Information Criteria

          Akaike (AIC)                    4837.170
          Bayesian (BIC)                  4921.685
          Sample-Size Adjusted BIC        4845.603
            (n* = (n + 2) / 24)



MODEL RESULTS

                                                    Two-Tailed
                    Estimate       S.E.  Est./S.E.    P-Value

 ETA1     BY
    X1                 1.000      0.000    999.000    999.000
    X2                 1.082      0.114      9.512      0.000
    X3                 0.784      0.079      9.982      0.000

 ETA2     BY
    M1                 1.000      0.000    999.000    999.000
    M2                 0.968      0.093     10.446      0.000
    M3                 0.647      0.064     10.140      0.000

 Y          ON
    ETA1               0.300      0.079      3.819      0.000
    ETA2               0.320      0.068      4.719      0.000
    ETA3               0.314      0.073      4.294      0.000

 ETA2     WITH
    ETA1              -0.021      0.080     -0.267      0.789

 Intercepts
    X1                 0.077      0.080      0.966      0.334
    X2                 0.038      0.076      0.501      0.616
    X3                 0.020      0.058      0.348      0.728
    M1                -0.031      0.086     -0.360      0.719
    M2                 0.004      0.075      0.059      0.953
    M3                -0.025      0.059     -0.434      0.664
    Y                 -0.057      0.057     -0.998      0.318

 Variances
    ETA1               0.801      0.134      5.992      0.000
    ETA2               0.960      0.157      6.108      0.000

 Residual Variances
    X1                 0.807      0.099      8.176      0.000
    X2                 0.508      0.082      6.230      0.000
    X3                 0.364      0.047      7.728      0.000
    M1                 0.890      0.109      8.145      0.000
    M2                 0.487      0.083      5.869      0.000
    M3                 0.454      0.057      8.011      0.000
    Y                  0.610      0.060     10.160      0.000


QUALITY OF NUMERICAL RESULTS

     Condition Number for the Information Matrix              0.553E-03
       (ratio of smallest to largest eigenvalue)


STANDARDIZED MODEL RESULTS


STDYX Standardization

                                                    Two-Tailed
                    Estimate       S.E.  Est./S.E.    P-Value

 ETA1     BY
    X1                 0.706      0.041     17.398      0.000
    X2                 0.805      0.039     20.618      0.000
    X3                 0.758      0.039     19.570      0.000

 ETA2     BY
    M1                 0.720      0.042     17.130      0.000
    M2                 0.806      0.037     21.782      0.000
    M3                 0.685      0.045     15.370      0.000

 Y          ON
    ETA1               0.291      0.069      4.195      0.000
    ETA2               0.340      0.062      5.482      0.000
    ETA3               0.299      0.060      5.018      0.000

 ETA2     WITH
    ETA1              -0.024      0.092     -0.267      0.790

 Intercepts
    X1                 0.061      0.063      0.965      0.334
    X2                 0.032      0.063      0.501      0.616
    X3                 0.022      0.063      0.348      0.728
    M1                -0.023      0.063     -0.360      0.719
    M2                 0.004      0.063      0.059      0.953
    M3                -0.027      0.063     -0.434      0.664
    Y                 -0.062      0.062     -0.992      0.321

 Variances
    ETA1               1.000      0.000    999.000    999.000
    ETA2               1.000      0.000    999.000    999.000

 Residual Variances
    X1                 0.502      0.057      8.770      0.000
    X2                 0.352      0.063      5.595      0.000
    X3                 0.425      0.059      7.237      0.000
    M1                 0.481      0.061      7.942      0.000
    M2                 0.351      0.060      5.888      0.000
    M3                 0.530      0.061      8.680      0.000
    Y                  0.715      0.056     12.885      0.000


STDY Standardization

                                                    Two-Tailed
                    Estimate       S.E.  Est./S.E.    P-Value

 ETA1     BY
    X1                 0.706      0.041     17.398      0.000
    X2                 0.805      0.039     20.618      0.000
    X3                 0.758      0.039     19.570      0.000

 ETA2     BY
    M1                 0.720      0.042     17.130      0.000
    M2                 0.806      0.037     21.782      0.000
    M3                 0.685      0.045     15.370      0.000

 Y          ON
    ETA1               0.291      0.069      4.195      0.000
    ETA2               0.340      0.062      5.482      0.000
    ETA3               0.299      0.060      5.018      0.000

 ETA2     WITH
    ETA1              -0.024      0.092     -0.267      0.790

 Intercepts
    X1                 0.061      0.063      0.965      0.334
    X2                 0.032      0.063      0.501      0.616
    X3                 0.022      0.063      0.348      0.728
    M1                -0.023      0.063     -0.360      0.719
    M2                 0.004      0.063      0.059      0.953
    M3                -0.027      0.063     -0.434      0.664
    Y                 -0.062      0.062     -0.992      0.321

 Variances
    ETA1               1.000      0.000    999.000    999.000
    ETA2               1.000      0.000    999.000    999.000

 Residual Variances
    X1                 0.502      0.057      8.770      0.000
    X2                 0.352      0.063      5.595      0.000
    X3                 0.425      0.059      7.237      0.000
    M1                 0.481      0.061      7.942      0.000
    M2                 0.351      0.060      5.888      0.000
    M3                 0.530      0.061      8.680      0.000
    Y                  0.715      0.056     12.885      0.000


STD Standardization

                                                    Two-Tailed
                    Estimate       S.E.  Est./S.E.    P-Value

 ETA1     BY
    X1                 0.895      0.075     11.984      0.000
    X2                 0.968      0.082     11.789      0.000
    X3                 0.702      0.055     12.679      0.000

 ETA2     BY
    M1                 0.980      0.080     12.217      0.000
    M2                 0.949      0.066     14.409      0.000
    M3                 0.634      0.057     11.075      0.000

 Y          ON
    ETA1               0.269      0.065      4.113      0.000
    ETA2               0.314      0.062      5.060      0.000
    ETA3               0.276      0.059      4.691      0.000

 ETA2     WITH
    ETA1              -0.024      0.092     -0.267      0.790

 Intercepts
    X1                 0.077      0.080      0.966      0.334
    X2                 0.038      0.076      0.501      0.616
    X3                 0.020      0.058      0.348      0.728
    M1                -0.031      0.086     -0.360      0.719
    M2                 0.004      0.075      0.059      0.953
    M3                -0.025      0.059     -0.434      0.664
    Y                 -0.057      0.057     -0.998      0.318

 Variances
    ETA1               1.000      0.000    999.000    999.000
    ETA2               1.000      0.000    999.000    999.000

 Residual Variances
    X1                 0.807      0.099      8.176      0.000
    X2                 0.508      0.082      6.230      0.000
    X3                 0.364      0.047      7.728      0.000
    M1                 0.890      0.109      8.145      0.000
    M2                 0.487      0.083      5.869      0.000
    M3                 0.454      0.057      8.011      0.000
    Y                  0.610      0.060     10.160      0.000


R-SQUARE

    Observed                                        Two-Tailed
    Variable        Estimate       S.E.  Est./S.E.    P-Value

    X1                 0.498      0.057      8.699      0.000
    X2                 0.648      0.063     10.309      0.000
    X3                 0.575      0.059      9.785      0.000
    M1                 0.519      0.061      8.565      0.000
    M2                 0.649      0.060     10.891      0.000
    M3                 0.470      0.061      7.685      0.000
    Y                  0.285      0.056      5.125      0.000


TECHNICAL 1 OUTPUT


     PARAMETER SPECIFICATION


           NU
              X1            X2            X3            M1            M2
              ________      ________      ________      ________      ________
                    1             2             3             4             5


           NU
              M3            Y
              ________      ________
                    6             0


           LAMBDA
              ETA1          ETA2          ETA3          Y
              ________      ________      ________      ________
 X1                 0             0             0             0
 X2                 7             0             0             0
 X3                 8             0             0             0
 M1                 0             0             0             0
 M2                 0             9             0             0
 M3                 0            10             0             0
 Y                  0             0             0             0


           THETA
              X1            X2            X3            M1            M2
              ________      ________      ________      ________      ________
 X1                11
 X2                 0            12
 X3                 0             0            13
 M1                 0             0             0            14
 M2                 0             0             0             0            15
 M3                 0             0             0             0             0
 Y                  0             0             0             0             0


           THETA
              M3            Y
              ________      ________
 M3                16
 Y                  0             0


           ALPHA
              ETA1          ETA2          ETA3          Y
              ________      ________      ________      ________
                    0             0             0            17


           BETA
              ETA1          ETA2          ETA3          Y
              ________      ________      ________      ________
 ETA1               0             0             0             0
 ETA2               0             0             0             0
 ETA3               0             0             0             0
 Y                 18            19            20             0


           PSI
              ETA1          ETA2          ETA3          Y
              ________      ________      ________      ________
 ETA1              21
 ETA2              22            23
 ETA3               0             0             0
 Y                  0             0             0            24


     STARTING VALUES


           NU
              X1            X2            X3            M1            M2
              ________      ________      ________      ________      ________
                0.077         0.038         0.020        -0.031         0.005


           NU
              M3            Y
              ________      ________
               -0.025         0.000


           LAMBDA
              ETA1          ETA2          ETA3          Y
              ________      ________      ________      ________
 X1             1.000         0.000         0.000         0.000
 X2             1.000         0.000         0.000         0.000
 X3             1.000         0.000         0.000         0.000
 M1             0.000         1.000         0.000         0.000
 M2             0.000         1.000         0.000         0.000
 M3             0.000         1.000         0.000         0.000
 Y              0.000         0.000         0.000         1.000


           THETA
              X1            X2            X3            M1            M2
              ________      ________      ________      ________      ________
 X1             0.805
 X2             0.000         0.723
 X3             0.000         0.000         0.428
 M1             0.000         0.000         0.000         0.927
 M2             0.000         0.000         0.000         0.000         0.693
 M3             0.000         0.000         0.000         0.000         0.000
 Y              0.000         0.000         0.000         0.000         0.000


           THETA
              M3            Y
              ________      ________
 M3             0.428
 Y              0.000         0.000


           ALPHA
              ETA1          ETA2          ETA3          Y
              ________      ________      ________      ________
                0.000         0.000         0.000        -0.064


           BETA
              ETA1          ETA2          ETA3          Y
              ________      ________      ________      ________
 ETA1           0.000         0.000         0.000         0.000
 ETA2           0.000         0.000         0.000         0.000
 ETA3           0.000         0.000         0.000         0.000
 Y              0.000         0.000         0.000         0.000


           PSI
              ETA1          ETA2          ETA3          Y
              ________      ________      ________      ________
 ETA1           0.050
 ETA2           0.000         0.050
 ETA3           0.000         0.000         0.000
 Y              0.000         0.000         0.000         0.442


TECHNICAL 4 OUTPUT


     ESTIMATES DERIVED FROM THE MODEL


           ESTIMATED MEANS FOR THE LATENT VARIABLES
              ETA1          ETA2          ETA3          Y
              ________      ________      ________      ________
                0.000         0.000        -0.021        -0.064


           S.E. FOR ESTIMATED MEANS FOR THE LATENT VARIABLES
              ETA1          ETA2          ETA3          Y
              ________      ________      ________      ________
                0.000         0.000         0.080         0.059


           EST./S.E. FOR ESTIMATED MEANS FOR THE LATENT VARIABLES
              ETA1          ETA2          ETA3          Y
              ________      ________      ________      ________
                0.000         0.000        -0.267        -1.072


           TWO-TAILED P-VALUE FOR ESTIMATED MEANS FOR THE LATENT VARIABLES
              ETA1          ETA2          ETA3          Y
              ________      ________      ________      ________
                1.000         1.000         0.789         0.284


           ESTIMATED COVARIANCE MATRIX FOR THE LATENT VARIABLES
              ETA1          ETA2          ETA3          Y
              ________      ________      ________      ________
 ETA1           0.801
 ETA2          -0.021         0.960
 ETA3           0.000         0.000         0.769
 Y              0.234         0.301         0.242         0.852


           S.E. FOR ESTIMATED COVARIANCE MATRIX FOR THE LATENT VARIABLES
              ETA1          ETA2          ETA3          Y
              ________      ________      ________      ________
 ETA1           0.134
 ETA2           0.080         0.157
 ETA3           0.000         0.000         0.189
 Y              0.067         0.070         0.063         0.077


           EST./S.E. FOR ESTIMATED COVARIANCE MATRIX FOR THE LATENT VARIABLES
              ETA1          ETA2          ETA3          Y
              ________      ________      ________      ________
 ETA1           5.992
 ETA2          -0.267         6.108
 ETA3           0.000         0.000         4.069
 Y              3.509         4.325         3.860        11.068


           TWO-TAILED P-VALUE FOR ESTIMATED COVARIANCE MATRIX FOR THE LATENT VARIABLES
              ETA1          ETA2          ETA3          Y
              ________      ________      ________      ________
 ETA1           0.000
 ETA2           0.789         0.000
 ETA3           1.000         1.000         0.000
 Y              0.000         0.000         0.000         0.000


           ESTIMATED CORRELATION MATRIX FOR THE LATENT VARIABLES
              ETA1          ETA2          ETA3          Y
              ________      ________      ________      ________
 ETA1           1.000
 ETA2          -0.024         1.000
 ETA3           0.000         0.000         1.000
 Y              0.283         0.333         0.299         1.000


           S.E. FOR ESTIMATED CORRELATION MATRIX FOR THE LATENT VARIABLES
              ETA1          ETA2          ETA3          Y
              ________      ________      ________      ________
 ETA1           0.000
 ETA2           0.092         0.000
 ETA3           0.000         0.000         0.000
 Y              0.077         0.066         0.060         0.000


           EST./S.E. FOR ESTIMATED CORRELATION MATRIX FOR THE LATENT VARIABLES
              ETA1          ETA2          ETA3          Y
              ________      ________      ________      ________
 ETA1         999.000
 ETA2          -0.267       999.000
 ETA3           0.000         0.000       999.000
 Y              3.694         5.047         5.009       999.000


           TWO-TAILED P-VALUE FOR ESTIMATED CORRELATION MATRIX FOR THE LATENT VARIABLES
              ETA1          ETA2          ETA3          Y
              ________      ________      ________      ________
 ETA1           0.000
 ETA2           0.790         0.000
 ETA3           1.000         1.000         0.000
 Y              0.000         0.000         0.000         0.000


     Beginning Time:  23:38:27
        Ending Time:  23:39:15
       Elapsed Time:  00:00:48



MUTHEN & MUTHEN
3463 Stoner Ave.
Los Angeles, CA  90066

Tel: (310) 391-9971
Fax: (310) 391-8971
Web: www.StatModel.com
Support: Support@StatModel.com

Copyright (c) 1998-2022 Muthen & Muthen
