Mplus VERSION 8.8 (Mac)
MUTHEN & MUTHEN
08/20/2024  11:32 PM

INPUT INSTRUCTIONS

  TITLE: Data Analysis for SEM with Latent Interaction

  DATA:
    FILE = /Users/jimmy_z/desktop/Temp_Data/temp_data_48.dat;
    FORMAT = FREE;

  VARIABLE:
    NAMES ARE x1 x2 x3 m1 m2 m3 y;
    USEVARIABLES ARE x1 x2 x3 m1 m2 m3 y;

  ANALYSIS:
    TYPE = RANDOM;
    ESTIMATOR = MLR;
    ALGORITHM = INTEGRATION;
    INTEGRATION = MONTECARLO;

  MODEL:
    eta1 BY x1 x2 x3;
    eta2 BY m1 m2 m3;
    eta3 | eta1 XWITH eta2;
    y ON eta1 eta2 eta3;

  OUTPUT:
    STANDARDIZED;
    TECH1;
    TECH4;





INPUT READING TERMINATED NORMALLY



Data Analysis for SEM with Latent Interaction

SUMMARY OF ANALYSIS

Number of groups                                                 1
Number of observations                                         250

Number of dependent variables                                    7
Number of independent variables                                  0
Number of continuous latent variables                            3

Observed dependent variables

  Continuous
   X1          X2          X3          M1          M2          M3
   Y

Continuous latent variables
   ETA1        ETA2        ETA3


Estimator                                                      MLR
Information matrix                                        OBSERVED
Optimization Specifications for the Quasi-Newton Algorithm for
Continuous Outcomes
  Maximum number of iterations                                 100
  Convergence criterion                                  0.100D-05
Optimization Specifications for the EM Algorithm
  Maximum number of iterations                                 500
  Convergence criteria
    Loglikelihood change                                 0.100D-02
    Relative loglikelihood change                        0.100D-05
    Derivative                                           0.100D-02
Optimization Specifications for the M step of the EM Algorithm for
Categorical Latent variables
  Number of M step iterations                                    1
  M step convergence criterion                           0.100D-02
  Basis for M step termination                           ITERATION
Optimization Specifications for the M step of the EM Algorithm for
Censored, Binary or Ordered Categorical (Ordinal), Unordered
Categorical (Nominal) and Count Outcomes
  Number of M step iterations                                    1
  M step convergence criterion                           0.100D-02
  Basis for M step termination                           ITERATION
  Maximum value for logit thresholds                            15
  Minimum value for logit thresholds                           -15
  Minimum expected cell size for chi-square              0.100D-01
Optimization algorithm                                         EMA
Integration Specifications
  Type                                                  MONTECARLO
  Number of integration points                                2000
  Dimensions of numerical integration                            2
  Adaptive quadrature                                           ON
  Monte Carlo integration seed                                   0
Cholesky                                                       OFF

Input data file(s)
  /Users/jimmy_z/desktop/Temp_Data/temp_data_48.dat
Input data format  FREE



UNIVARIATE SAMPLE STATISTICS


     UNIVARIATE HIGHER-ORDER MOMENT DESCRIPTIVE STATISTICS

         Variable/         Mean/     Skewness/   Minimum/ % with                Percentiles
        Sample Size      Variance    Kurtosis    Maximum  Min/Max      20%/60%    40%/80%    Median

     X1                    0.126      -0.104      -4.014    0.40%      -1.079     -0.232      0.110
             250.000       2.009      -0.171       3.698    0.40%       0.564      1.325
     X2                    0.083       0.188      -3.820    0.40%      -0.903     -0.253      0.037
             250.000       1.439       0.262       3.925    0.40%       0.314      0.971
     X3                    0.066       0.045      -2.687    0.40%      -0.867     -0.216      0.047
             250.000       1.074      -0.186       2.792    0.40%       0.345      0.855
     M1                   -0.002      -0.174      -3.484    0.40%      -1.162     -0.174      0.073
             250.000       1.870      -0.191       3.749    0.40%       0.329      1.153
     M2                    0.107       0.021      -3.250    0.40%      -0.743     -0.252      0.098
             250.000       1.370       0.358       3.747    0.40%       0.385      1.026
     M3                   -0.017       0.001      -2.628    0.40%      -0.876     -0.243     -0.048
             250.000       0.923      -0.123       2.668    0.40%       0.230      0.876
     Y                     0.030       0.130      -2.426    0.40%      -0.730     -0.293      0.029
             250.000       0.926      -0.108       2.744    0.40%       0.266      0.839


THE MODEL ESTIMATION TERMINATED NORMALLY



MODEL FIT INFORMATION

Number of Free Parameters                       24

Loglikelihood

          H0 Value                       -2445.722
          H0 Scaling Correction Factor      0.9366
            for MLR

Information Criteria

          Akaike (AIC)                    4939.443
          Bayesian (BIC)                  5023.958
          Sample-Size Adjusted BIC        4947.876
            (n* = (n + 2) / 24)



MODEL RESULTS

                                                    Two-Tailed
                    Estimate       S.E.  Est./S.E.    P-Value

 ETA1     BY
    X1                 1.000      0.000    999.000    999.000
    X2                 0.869      0.076     11.371      0.000
    X3                 0.720      0.058     12.365      0.000

 ETA2     BY
    M1                 1.000      0.000    999.000    999.000
    M2                 0.877      0.084     10.410      0.000
    M3                 0.703      0.065     10.759      0.000

 Y          ON
    ETA1               0.251      0.055      4.538      0.000
    ETA2               0.234      0.063      3.693      0.000
    ETA3               0.325      0.062      5.273      0.000

 ETA2     WITH
    ETA1               0.075      0.089      0.852      0.394

 Intercepts
    X1                 0.127      0.090      1.412      0.158
    X2                 0.083      0.076      1.094      0.274
    X3                 0.066      0.066      1.010      0.313
    M1                -0.002      0.086     -0.027      0.978
    M2                 0.107      0.074      1.446      0.148
    M3                -0.017      0.061     -0.286      0.775
    Y                  0.006      0.058      0.100      0.920

 Variances
    ETA1               1.181      0.170      6.966      0.000
    ETA2               1.045      0.158      6.610      0.000

 Residual Variances
    X1                 0.824      0.109      7.588      0.000
    X2                 0.546      0.075      7.235      0.000
    X3                 0.462      0.054      8.534      0.000
    M1                 0.819      0.099      8.264      0.000
    M2                 0.567      0.075      7.546      0.000
    M3                 0.406      0.052      7.764      0.000
    Y                  0.639      0.057     11.134      0.000


QUALITY OF NUMERICAL RESULTS

     Condition Number for the Information Matrix              0.363E-03
       (ratio of smallest to largest eigenvalue)


STANDARDIZED MODEL RESULTS


STDYX Standardization

                                                    Two-Tailed
                    Estimate       S.E.  Est./S.E.    P-Value

 ETA1     BY
    X1                 0.768      0.035     21.858      0.000
    X2                 0.788      0.036     21.821      0.000
    X3                 0.755      0.033     23.188      0.000

 ETA2     BY
    M1                 0.749      0.037     20.506      0.000
    M2                 0.766      0.036     21.104      0.000
    M3                 0.748      0.036     20.794      0.000

 Y          ON
    ETA1               0.286      0.062      4.644      0.000
    ETA2               0.251      0.062      4.022      0.000
    ETA3               0.378      0.056      6.739      0.000

 ETA2     WITH
    ETA1               0.068      0.080      0.850      0.396

 Intercepts
    X1                 0.090      0.064      1.402      0.161
    X2                 0.069      0.063      1.099      0.272
    X3                 0.064      0.063      1.010      0.312
    M1                -0.002      0.063     -0.027      0.978
    M2                 0.091      0.063      1.444      0.149
    M3                -0.018      0.063     -0.286      0.775
    Y                  0.006      0.061      0.100      0.920

 Variances
    ETA1               1.000      0.000    999.000    999.000
    ETA2               1.000      0.000    999.000    999.000

 Residual Variances
    X1                 0.411      0.054      7.624      0.000
    X2                 0.380      0.057      6.677      0.000
    X3                 0.430      0.049      8.764      0.000
    M1                 0.439      0.055      8.033      0.000
    M2                 0.414      0.056      7.441      0.000
    M3                 0.440      0.054      8.162      0.000
    Y                  0.702      0.053     13.187      0.000


STDY Standardization

                                                    Two-Tailed
                    Estimate       S.E.  Est./S.E.    P-Value

 ETA1     BY
    X1                 0.768      0.035     21.858      0.000
    X2                 0.788      0.036     21.821      0.000
    X3                 0.755      0.033     23.188      0.000

 ETA2     BY
    M1                 0.749      0.037     20.506      0.000
    M2                 0.766      0.036     21.104      0.000
    M3                 0.748      0.036     20.794      0.000

 Y          ON
    ETA1               0.286      0.062      4.644      0.000
    ETA2               0.251      0.062      4.022      0.000
    ETA3               0.378      0.056      6.739      0.000

 ETA2     WITH
    ETA1               0.068      0.080      0.850      0.396

 Intercepts
    X1                 0.090      0.064      1.402      0.161
    X2                 0.069      0.063      1.099      0.272
    X3                 0.064      0.063      1.010      0.312
    M1                -0.002      0.063     -0.027      0.978
    M2                 0.091      0.063      1.444      0.149
    M3                -0.018      0.063     -0.286      0.775
    Y                  0.006      0.061      0.100      0.920

 Variances
    ETA1               1.000      0.000    999.000    999.000
    ETA2               1.000      0.000    999.000    999.000

 Residual Variances
    X1                 0.411      0.054      7.624      0.000
    X2                 0.380      0.057      6.677      0.000
    X3                 0.430      0.049      8.764      0.000
    M1                 0.439      0.055      8.033      0.000
    M2                 0.414      0.056      7.441      0.000
    M3                 0.440      0.054      8.162      0.000
    Y                  0.702      0.053     13.187      0.000


STD Standardization

                                                    Two-Tailed
                    Estimate       S.E.  Est./S.E.    P-Value

 ETA1     BY
    X1                 1.087      0.078     13.932      0.000
    X2                 0.945      0.075     12.649      0.000
    X3                 0.782      0.055     14.272      0.000

 ETA2     BY
    M1                 1.022      0.077     13.219      0.000
    M2                 0.896      0.071     12.550      0.000
    M3                 0.719      0.053     13.671      0.000

 Y          ON
    ETA1               0.273      0.062      4.429      0.000
    ETA2               0.239      0.062      3.840      0.000
    ETA3               0.361      0.058      6.262      0.000

 ETA2     WITH
    ETA1               0.068      0.080      0.850      0.396

 Intercepts
    X1                 0.127      0.090      1.412      0.158
    X2                 0.083      0.076      1.094      0.274
    X3                 0.066      0.066      1.010      0.313
    M1                -0.002      0.086     -0.027      0.978
    M2                 0.107      0.074      1.446      0.148
    M3                -0.017      0.061     -0.286      0.775
    Y                  0.006      0.058      0.100      0.920

 Variances
    ETA1               1.000      0.000    999.000    999.000
    ETA2               1.000      0.000    999.000    999.000

 Residual Variances
    X1                 0.824      0.109      7.588      0.000
    X2                 0.546      0.075      7.235      0.000
    X3                 0.462      0.054      8.534      0.000
    M1                 0.819      0.099      8.264      0.000
    M2                 0.567      0.075      7.546      0.000
    M3                 0.406      0.052      7.764      0.000
    Y                  0.639      0.057     11.134      0.000


R-SQUARE

    Observed                                        Two-Tailed
    Variable        Estimate       S.E.  Est./S.E.    P-Value

    X1                 0.589      0.054     10.929      0.000
    X2                 0.620      0.057     10.910      0.000
    X3                 0.570      0.049     11.594      0.000
    M1                 0.561      0.055     10.253      0.000
    M2                 0.586      0.056     10.552      0.000
    M3                 0.560      0.054     10.397      0.000
    Y                  0.298      0.053      5.598      0.000


TECHNICAL 1 OUTPUT


     PARAMETER SPECIFICATION


           NU
              X1            X2            X3            M1            M2
              ________      ________      ________      ________      ________
                    1             2             3             4             5


           NU
              M3            Y
              ________      ________
                    6             0


           LAMBDA
              ETA1          ETA2          ETA3          Y
              ________      ________      ________      ________
 X1                 0             0             0             0
 X2                 7             0             0             0
 X3                 8             0             0             0
 M1                 0             0             0             0
 M2                 0             9             0             0
 M3                 0            10             0             0
 Y                  0             0             0             0


           THETA
              X1            X2            X3            M1            M2
              ________      ________      ________      ________      ________
 X1                11
 X2                 0            12
 X3                 0             0            13
 M1                 0             0             0            14
 M2                 0             0             0             0            15
 M3                 0             0             0             0             0
 Y                  0             0             0             0             0


           THETA
              M3            Y
              ________      ________
 M3                16
 Y                  0             0


           ALPHA
              ETA1          ETA2          ETA3          Y
              ________      ________      ________      ________
                    0             0             0            17


           BETA
              ETA1          ETA2          ETA3          Y
              ________      ________      ________      ________
 ETA1               0             0             0             0
 ETA2               0             0             0             0
 ETA3               0             0             0             0
 Y                 18            19            20             0


           PSI
              ETA1          ETA2          ETA3          Y
              ________      ________      ________      ________
 ETA1              21
 ETA2              22            23
 ETA3               0             0             0
 Y                  0             0             0            24


     STARTING VALUES


           NU
              X1            X2            X3            M1            M2
              ________      ________      ________      ________      ________
                0.126         0.083         0.066        -0.002         0.107


           NU
              M3            Y
              ________      ________
               -0.017         0.000


           LAMBDA
              ETA1          ETA2          ETA3          Y
              ________      ________      ________      ________
 X1             1.000         0.000         0.000         0.000
 X2             1.000         0.000         0.000         0.000
 X3             1.000         0.000         0.000         0.000
 M1             0.000         1.000         0.000         0.000
 M2             0.000         1.000         0.000         0.000
 M3             0.000         1.000         0.000         0.000
 Y              0.000         0.000         0.000         1.000


           THETA
              X1            X2            X3            M1            M2
              ________      ________      ________      ________      ________
 X1             1.005
 X2             0.000         0.719
 X3             0.000         0.000         0.537
 M1             0.000         0.000         0.000         0.935
 M2             0.000         0.000         0.000         0.000         0.685
 M3             0.000         0.000         0.000         0.000         0.000
 Y              0.000         0.000         0.000         0.000         0.000


           THETA
              M3            Y
              ________      ________
 M3             0.462
 Y              0.000         0.000


           ALPHA
              ETA1          ETA2          ETA3          Y
              ________      ________      ________      ________
                0.000         0.000         0.000         0.030


           BETA
              ETA1          ETA2          ETA3          Y
              ________      ________      ________      ________
 ETA1           0.000         0.000         0.000         0.000
 ETA2           0.000         0.000         0.000         0.000
 ETA3           0.000         0.000         0.000         0.000
 Y              0.000         0.000         0.000         0.000


           PSI
              ETA1          ETA2          ETA3          Y
              ________      ________      ________      ________
 ETA1           0.050
 ETA2           0.000         0.050
 ETA3           0.000         0.000         0.000
 Y              0.000         0.000         0.000         0.463


TECHNICAL 4 OUTPUT


     ESTIMATES DERIVED FROM THE MODEL


           ESTIMATED MEANS FOR THE LATENT VARIABLES
              ETA1          ETA2          ETA3          Y
              ________      ________      ________      ________
                0.000         0.000         0.075         0.030


           S.E. FOR ESTIMATED MEANS FOR THE LATENT VARIABLES
              ETA1          ETA2          ETA3          Y
              ________      ________      ________      ________
                0.000         0.000         0.089         0.061


           EST./S.E. FOR ESTIMATED MEANS FOR THE LATENT VARIABLES
              ETA1          ETA2          ETA3          Y
              ________      ________      ________      ________
                0.000         0.000         0.852         0.498


           TWO-TAILED P-VALUE FOR ESTIMATED MEANS FOR THE LATENT VARIABLES
              ETA1          ETA2          ETA3          Y
              ________      ________      ________      ________
                1.000         1.000         0.394         0.618


           ESTIMATED COVARIANCE MATRIX FOR THE LATENT VARIABLES
              ETA1          ETA2          ETA3          Y
              ________      ________      ________      ________
 ETA1           1.181
 ETA2           0.075         1.045
 ETA3           0.000         0.000         1.240
 Y              0.314         0.264         0.403         0.910


           S.E. FOR ESTIMATED COVARIANCE MATRIX FOR THE LATENT VARIABLES
              ETA1          ETA2          ETA3          Y
              ________      ________      ________      ________
 ETA1           0.170
 ETA2           0.089         0.158
 ETA3           0.000         0.000         0.273
 Y              0.077         0.067         0.080         0.076


           EST./S.E. FOR ESTIMATED COVARIANCE MATRIX FOR THE LATENT VARIABLES
              ETA1          ETA2          ETA3          Y
              ________      ________      ________      ________
 ETA1           6.966
 ETA2           0.852         6.610
 ETA3           0.000         0.000         4.537
 Y              4.064         3.954         5.037        11.951


           TWO-TAILED P-VALUE FOR ESTIMATED COVARIANCE MATRIX FOR THE LATENT VARIABLES
              ETA1          ETA2          ETA3          Y
              ________      ________      ________      ________
 ETA1           0.000
 ETA2           0.394         0.000
 ETA3           1.000         1.000         0.000
 Y              0.000         0.000         0.000         0.000


           ESTIMATED CORRELATION MATRIX FOR THE LATENT VARIABLES
              ETA1          ETA2          ETA3          Y
              ________      ________      ________      ________
 ETA1           1.000
 ETA2           0.068         1.000
 ETA3           0.000         0.000         1.000
 Y              0.303         0.270         0.379         1.000


           S.E. FOR ESTIMATED CORRELATION MATRIX FOR THE LATENT VARIABLES
              ETA1          ETA2          ETA3          Y
              ________      ________      ________      ________
 ETA1           0.000
 ETA2           0.080         0.000
 ETA3           0.000         0.000         0.000
 Y              0.063         0.062         0.056         0.000


           EST./S.E. FOR ESTIMATED CORRELATION MATRIX FOR THE LATENT VARIABLES
              ETA1          ETA2          ETA3          Y
              ________      ________      ________      ________
 ETA1         999.000
 ETA2           0.850       999.000
 ETA3           0.000         0.000       999.000
 Y              4.777         4.380         6.737       999.000


           TWO-TAILED P-VALUE FOR ESTIMATED CORRELATION MATRIX FOR THE LATENT VARIABLES
              ETA1          ETA2          ETA3          Y
              ________      ________      ________      ________
 ETA1           0.000
 ETA2           0.396         0.000
 ETA3           1.000         1.000         0.000
 Y              0.000         0.000         0.000         0.000


     Beginning Time:  23:32:22
        Ending Time:  23:33:03
       Elapsed Time:  00:00:41



MUTHEN & MUTHEN
3463 Stoner Ave.
Los Angeles, CA  90066

Tel: (310) 391-9971
Fax: (310) 391-8971
Web: www.StatModel.com
Support: Support@StatModel.com

Copyright (c) 1998-2022 Muthen & Muthen
