Mplus VERSION 8.8 (Mac)
MUTHEN & MUTHEN
08/21/2024  12:21 AM

INPUT INSTRUCTIONS

  TITLE: Data Analysis for SEM with Latent Interaction

  DATA:
    FILE = /Users/jimmy_z/desktop/Temp_Data/temp_data_190.dat;
    FORMAT = FREE;

  VARIABLE:
    NAMES ARE x1 x2 x3 m1 m2 m3 y;
    USEVARIABLES ARE x1 x2 x3 m1 m2 m3 y;

  ANALYSIS:
    TYPE = RANDOM;
    ESTIMATOR = MLR;
    ALGORITHM = INTEGRATION;
    INTEGRATION = MONTECARLO;

  MODEL:
    eta1 BY x1 x2 x3;
    eta2 BY m1 m2 m3;
    eta3 | eta1 XWITH eta2;
    y ON eta1 eta2 eta3;

  OUTPUT:
    STANDARDIZED;
    TECH1;
    TECH4;





INPUT READING TERMINATED NORMALLY



Data Analysis for SEM with Latent Interaction

SUMMARY OF ANALYSIS

Number of groups                                                 1
Number of observations                                         250

Number of dependent variables                                    7
Number of independent variables                                  0
Number of continuous latent variables                            3

Observed dependent variables

  Continuous
   X1          X2          X3          M1          M2          M3
   Y

Continuous latent variables
   ETA1        ETA2        ETA3


Estimator                                                      MLR
Information matrix                                        OBSERVED
Optimization Specifications for the Quasi-Newton Algorithm for
Continuous Outcomes
  Maximum number of iterations                                 100
  Convergence criterion                                  0.100D-05
Optimization Specifications for the EM Algorithm
  Maximum number of iterations                                 500
  Convergence criteria
    Loglikelihood change                                 0.100D-02
    Relative loglikelihood change                        0.100D-05
    Derivative                                           0.100D-02
Optimization Specifications for the M step of the EM Algorithm for
Categorical Latent variables
  Number of M step iterations                                    1
  M step convergence criterion                           0.100D-02
  Basis for M step termination                           ITERATION
Optimization Specifications for the M step of the EM Algorithm for
Censored, Binary or Ordered Categorical (Ordinal), Unordered
Categorical (Nominal) and Count Outcomes
  Number of M step iterations                                    1
  M step convergence criterion                           0.100D-02
  Basis for M step termination                           ITERATION
  Maximum value for logit thresholds                            15
  Minimum value for logit thresholds                           -15
  Minimum expected cell size for chi-square              0.100D-01
Optimization algorithm                                         EMA
Integration Specifications
  Type                                                  MONTECARLO
  Number of integration points                                2000
  Dimensions of numerical integration                            2
  Adaptive quadrature                                           ON
  Monte Carlo integration seed                                   0
Cholesky                                                       OFF

Input data file(s)
  /Users/jimmy_z/desktop/Temp_Data/temp_data_190.dat
Input data format  FREE



UNIVARIATE SAMPLE STATISTICS


     UNIVARIATE HIGHER-ORDER MOMENT DESCRIPTIVE STATISTICS

         Variable/         Mean/     Skewness/   Minimum/ % with                Percentiles
        Sample Size      Variance    Kurtosis    Maximum  Min/Max      20%/60%    40%/80%    Median

     X1                   -0.016       0.094      -3.367    0.40%      -1.346     -0.295     -0.013
             250.000       1.894      -0.389       3.642    0.40%       0.327      1.127
     X2                   -0.048       0.032      -4.182    0.40%      -0.905     -0.404     -0.125
             250.000       1.422       0.312       3.018    0.40%       0.100      0.957
     X3                   -0.054      -0.125      -2.759    0.40%      -0.904     -0.268     -0.033
             250.000       0.881      -0.072       2.536    0.40%       0.201      0.735
     M1                    0.222       0.010      -3.770    0.40%      -0.704     -0.044      0.167
             250.000       1.545       0.336       4.286    0.40%       0.511      1.170
     M2                    0.126       0.068      -2.874    0.40%      -0.851     -0.086      0.118
             250.000       1.278       0.056       3.615    0.40%       0.381      1.124
     M3                    0.063      -0.079      -3.074    0.40%      -0.723     -0.106      0.114
             250.000       0.841       0.287       2.497    0.40%       0.273      0.817
     Y                     0.008       0.077      -3.094    0.40%      -0.839     -0.194     -0.031
             250.000       1.120       0.566       3.173    0.40%       0.201      0.697


THE MODEL ESTIMATION TERMINATED NORMALLY



MODEL FIT INFORMATION

Number of Free Parameters                       24

Loglikelihood

          H0 Value                       -2380.236
          H0 Scaling Correction Factor      1.0161
            for MLR

Information Criteria

          Akaike (AIC)                    4808.473
          Bayesian (BIC)                  4892.988
          Sample-Size Adjusted BIC        4816.906
            (n* = (n + 2) / 24)



MODEL RESULTS

                                                    Two-Tailed
                    Estimate       S.E.  Est./S.E.    P-Value

 ETA1     BY
    X1                 1.000      0.000    999.000    999.000
    X2                 0.872      0.082     10.593      0.000
    X3                 0.707      0.063     11.178      0.000

 ETA2     BY
    M1                 1.000      0.000    999.000    999.000
    M2                 0.893      0.083     10.789      0.000
    M3                 0.771      0.079      9.802      0.000

 Y          ON
    ETA1               0.418      0.065      6.461      0.000
    ETA2               0.263      0.078      3.392      0.001
    ETA3               0.403      0.083      4.847      0.000

 ETA2     WITH
    ETA1               0.014      0.076      0.183      0.855

 Intercepts
    X1                -0.017      0.087     -0.192      0.848
    X2                -0.048      0.075     -0.639      0.523
    X3                -0.054      0.059     -0.915      0.360
    M1                 0.223      0.079      2.831      0.005
    M2                 0.127      0.071      1.778      0.075
    M3                 0.063      0.058      1.090      0.276
    Y                  0.002      0.065      0.036      0.971

 Variances
    ETA1               1.086      0.166      6.534      0.000
    ETA2               0.889      0.145      6.118      0.000

 Residual Variances
    X1                 0.802      0.107      7.468      0.000
    X2                 0.596      0.070      8.505      0.000
    X3                 0.339      0.046      7.414      0.000
    M1                 0.652      0.084      7.734      0.000
    M2                 0.569      0.079      7.219      0.000
    M3                 0.312      0.047      6.673      0.000
    Y                  0.729      0.080      9.120      0.000


QUALITY OF NUMERICAL RESULTS

     Condition Number for the Information Matrix              0.525E-03
       (ratio of smallest to largest eigenvalue)


STANDARDIZED MODEL RESULTS


STDYX Standardization

                                                    Two-Tailed
                    Estimate       S.E.  Est./S.E.    P-Value

 ETA1     BY
    X1                 0.758      0.040     19.136      0.000
    X2                 0.762      0.037     20.684      0.000
    X3                 0.785      0.033     23.896      0.000

 ETA2     BY
    M1                 0.759      0.038     20.183      0.000
    M2                 0.745      0.044     16.984      0.000
    M3                 0.793      0.035     22.591      0.000

 Y          ON
    ETA1               0.408      0.059      6.918      0.000
    ETA2               0.232      0.061      3.797      0.000
    ETA3               0.371      0.073      5.071      0.000

 ETA2     WITH
    ETA1               0.014      0.077      0.182      0.855

 Intercepts
    X1                -0.012      0.063     -0.192      0.848
    X2                -0.040      0.063     -0.639      0.523
    X3                -0.058      0.063     -0.917      0.359
    M1                 0.179      0.064      2.811      0.005
    M2                 0.112      0.063      1.779      0.075
    M3                 0.069      0.063      1.085      0.278
    Y                  0.002      0.061      0.036      0.971

 Variances
    ETA1               1.000      0.000    999.000    999.000
    ETA2               1.000      0.000    999.000    999.000

 Residual Variances
    X1                 0.425      0.060      7.063      0.000
    X2                 0.419      0.056      7.453      0.000
    X3                 0.384      0.052      7.463      0.000
    M1                 0.423      0.057      7.403      0.000
    M2                 0.445      0.065      6.818      0.000
    M3                 0.371      0.056      6.665      0.000
    Y                  0.639      0.068      9.359      0.000


STDY Standardization

                                                    Two-Tailed
                    Estimate       S.E.  Est./S.E.    P-Value

 ETA1     BY
    X1                 0.758      0.040     19.136      0.000
    X2                 0.762      0.037     20.684      0.000
    X3                 0.785      0.033     23.896      0.000

 ETA2     BY
    M1                 0.759      0.038     20.183      0.000
    M2                 0.745      0.044     16.984      0.000
    M3                 0.793      0.035     22.591      0.000

 Y          ON
    ETA1               0.408      0.059      6.918      0.000
    ETA2               0.232      0.061      3.797      0.000
    ETA3               0.371      0.073      5.071      0.000

 ETA2     WITH
    ETA1               0.014      0.077      0.182      0.855

 Intercepts
    X1                -0.012      0.063     -0.192      0.848
    X2                -0.040      0.063     -0.639      0.523
    X3                -0.058      0.063     -0.917      0.359
    M1                 0.179      0.064      2.811      0.005
    M2                 0.112      0.063      1.779      0.075
    M3                 0.069      0.063      1.085      0.278
    Y                  0.002      0.061      0.036      0.971

 Variances
    ETA1               1.000      0.000    999.000    999.000
    ETA2               1.000      0.000    999.000    999.000

 Residual Variances
    X1                 0.425      0.060      7.063      0.000
    X2                 0.419      0.056      7.453      0.000
    X3                 0.384      0.052      7.463      0.000
    M1                 0.423      0.057      7.403      0.000
    M2                 0.445      0.065      6.818      0.000
    M3                 0.371      0.056      6.665      0.000
    Y                  0.639      0.068      9.359      0.000


STD Standardization

                                                    Two-Tailed
                    Estimate       S.E.  Est./S.E.    P-Value

 ETA1     BY
    X1                 1.042      0.080     13.067      0.000
    X2                 0.909      0.076     11.900      0.000
    X3                 0.736      0.051     14.371      0.000

 ETA2     BY
    M1                 0.943      0.077     12.235      0.000
    M2                 0.842      0.074     11.444      0.000
    M3                 0.727      0.054     13.360      0.000

 Y          ON
    ETA1               0.435      0.074      5.921      0.000
    ETA2               0.248      0.070      3.552      0.000
    ETA3               0.396      0.083      4.748      0.000

 ETA2     WITH
    ETA1               0.014      0.077      0.182      0.855

 Intercepts
    X1                -0.017      0.087     -0.192      0.848
    X2                -0.048      0.075     -0.639      0.523
    X3                -0.054      0.059     -0.915      0.360
    M1                 0.223      0.079      2.831      0.005
    M2                 0.127      0.071      1.778      0.075
    M3                 0.063      0.058      1.090      0.276
    Y                  0.002      0.065      0.036      0.971

 Variances
    ETA1               1.000      0.000    999.000    999.000
    ETA2               1.000      0.000    999.000    999.000

 Residual Variances
    X1                 0.802      0.107      7.468      0.000
    X2                 0.596      0.070      8.505      0.000
    X3                 0.339      0.046      7.414      0.000
    M1                 0.652      0.084      7.734      0.000
    M2                 0.569      0.079      7.219      0.000
    M3                 0.312      0.047      6.673      0.000
    Y                  0.729      0.080      9.120      0.000


R-SQUARE

    Observed                                        Two-Tailed
    Variable        Estimate       S.E.  Est./S.E.    P-Value

    X1                 0.575      0.060      9.568      0.000
    X2                 0.581      0.056     10.342      0.000
    X3                 0.616      0.052     11.948      0.000
    M1                 0.577      0.057     10.092      0.000
    M2                 0.555      0.065      8.492      0.000
    M3                 0.629      0.056     11.295      0.000
    Y                  0.361      0.068      5.280      0.000


TECHNICAL 1 OUTPUT


     PARAMETER SPECIFICATION


           NU
              X1            X2            X3            M1            M2
              ________      ________      ________      ________      ________
                    1             2             3             4             5


           NU
              M3            Y
              ________      ________
                    6             0


           LAMBDA
              ETA1          ETA2          ETA3          Y
              ________      ________      ________      ________
 X1                 0             0             0             0
 X2                 7             0             0             0
 X3                 8             0             0             0
 M1                 0             0             0             0
 M2                 0             9             0             0
 M3                 0            10             0             0
 Y                  0             0             0             0


           THETA
              X1            X2            X3            M1            M2
              ________      ________      ________      ________      ________
 X1                11
 X2                 0            12
 X3                 0             0            13
 M1                 0             0             0            14
 M2                 0             0             0             0            15
 M3                 0             0             0             0             0
 Y                  0             0             0             0             0


           THETA
              M3            Y
              ________      ________
 M3                16
 Y                  0             0


           ALPHA
              ETA1          ETA2          ETA3          Y
              ________      ________      ________      ________
                    0             0             0            17


           BETA
              ETA1          ETA2          ETA3          Y
              ________      ________      ________      ________
 ETA1               0             0             0             0
 ETA2               0             0             0             0
 ETA3               0             0             0             0
 Y                 18            19            20             0


           PSI
              ETA1          ETA2          ETA3          Y
              ________      ________      ________      ________
 ETA1              21
 ETA2              22            23
 ETA3               0             0             0
 Y                  0             0             0            24


     STARTING VALUES


           NU
              X1            X2            X3            M1            M2
              ________      ________      ________      ________      ________
               -0.016        -0.048        -0.054         0.222         0.126


           NU
              M3            Y
              ________      ________
                0.063         0.000


           LAMBDA
              ETA1          ETA2          ETA3          Y
              ________      ________      ________      ________
 X1             1.000         0.000         0.000         0.000
 X2             1.000         0.000         0.000         0.000
 X3             1.000         0.000         0.000         0.000
 M1             0.000         1.000         0.000         0.000
 M2             0.000         1.000         0.000         0.000
 M3             0.000         1.000         0.000         0.000
 Y              0.000         0.000         0.000         1.000


           THETA
              X1            X2            X3            M1            M2
              ________      ________      ________      ________      ________
 X1             0.947
 X2             0.000         0.711
 X3             0.000         0.000         0.440
 M1             0.000         0.000         0.000         0.772
 M2             0.000         0.000         0.000         0.000         0.639
 M3             0.000         0.000         0.000         0.000         0.000
 Y              0.000         0.000         0.000         0.000         0.000


           THETA
              M3            Y
              ________      ________
 M3             0.420
 Y              0.000         0.000


           ALPHA
              ETA1          ETA2          ETA3          Y
              ________      ________      ________      ________
                0.000         0.000         0.000         0.008


           BETA
              ETA1          ETA2          ETA3          Y
              ________      ________      ________      ________
 ETA1           0.000         0.000         0.000         0.000
 ETA2           0.000         0.000         0.000         0.000
 ETA3           0.000         0.000         0.000         0.000
 Y              0.000         0.000         0.000         0.000


           PSI
              ETA1          ETA2          ETA3          Y
              ________      ________      ________      ________
 ETA1           0.050
 ETA2           0.000         0.050
 ETA3           0.000         0.000         0.000
 Y              0.000         0.000         0.000         0.560


TECHNICAL 4 OUTPUT


     ESTIMATES DERIVED FROM THE MODEL


           ESTIMATED MEANS FOR THE LATENT VARIABLES
              ETA1          ETA2          ETA3          Y
              ________      ________      ________      ________
                0.000         0.000         0.014         0.008


           S.E. FOR ESTIMATED MEANS FOR THE LATENT VARIABLES
              ETA1          ETA2          ETA3          Y
              ________      ________      ________      ________
                0.000         0.000         0.076         0.067


           EST./S.E. FOR ESTIMATED MEANS FOR THE LATENT VARIABLES
              ETA1          ETA2          ETA3          Y
              ________      ________      ________      ________
                0.000         0.000         0.183         0.119


           TWO-TAILED P-VALUE FOR ESTIMATED MEANS FOR THE LATENT VARIABLES
              ETA1          ETA2          ETA3          Y
              ________      ________      ________      ________
                1.000         1.000         0.855         0.905


           ESTIMATED COVARIANCE MATRIX FOR THE LATENT VARIABLES
              ETA1          ETA2          ETA3          Y
              ________      ________      ________      ________
 ETA1           1.086
 ETA2           0.014         0.889
 ETA3           0.000         0.000         0.966
 Y              0.457         0.240         0.390         1.140


           S.E. FOR ESTIMATED COVARIANCE MATRIX FOR THE LATENT VARIABLES
              ETA1          ETA2          ETA3          Y
              ________      ________      ________      ________
 ETA1           0.166
 ETA2           0.076         0.145
 ETA3           0.000         0.000         0.215
 Y              0.095         0.072         0.104         0.117


           EST./S.E. FOR ESTIMATED COVARIANCE MATRIX FOR THE LATENT VARIABLES
              ETA1          ETA2          ETA3          Y
              ________      ________      ________      ________
 ETA1           6.534
 ETA2           0.183         6.118
 ETA3           0.000         0.000         4.487
 Y              4.797         3.315         3.761         9.759


           TWO-TAILED P-VALUE FOR ESTIMATED COVARIANCE MATRIX FOR THE LATENT VARIABLES
              ETA1          ETA2          ETA3          Y
              ________      ________      ________      ________
 ETA1           0.000
 ETA2           0.855         0.000
 ETA3           1.000         1.000         0.000
 Y              0.000         0.001         0.000         0.000


           ESTIMATED CORRELATION MATRIX FOR THE LATENT VARIABLES
              ETA1          ETA2          ETA3          Y
              ________      ________      ________      ________
 ETA1           1.000
 ETA2           0.014         1.000
 ETA3           0.000         0.000         1.000
 Y              0.411         0.238         0.371         1.000


           S.E. FOR ESTIMATED CORRELATION MATRIX FOR THE LATENT VARIABLES
              ETA1          ETA2          ETA3          Y
              ________      ________      ________      ________
 ETA1           0.000
 ETA2           0.077         0.000
 ETA3           0.000         0.000         0.000
 Y              0.060         0.065         0.073         0.000


           EST./S.E. FOR ESTIMATED CORRELATION MATRIX FOR THE LATENT VARIABLES
              ETA1          ETA2          ETA3          Y
              ________      ________      ________      ________
 ETA1         999.000
 ETA2           0.182       999.000
 ETA3           0.000         0.000       999.000
 Y              6.824         3.666         5.081       999.000


           TWO-TAILED P-VALUE FOR ESTIMATED CORRELATION MATRIX FOR THE LATENT VARIABLES
              ETA1          ETA2          ETA3          Y
              ________      ________      ________      ________
 ETA1           0.000
 ETA2           0.855         0.000
 ETA3           1.000         1.000         0.000
 Y              0.000         0.000         0.000         0.000


     Beginning Time:  00:21:22
        Ending Time:  00:22:45
       Elapsed Time:  00:01:23



MUTHEN & MUTHEN
3463 Stoner Ave.
Los Angeles, CA  90066

Tel: (310) 391-9971
Fax: (310) 391-8971
Web: www.StatModel.com
Support: Support@StatModel.com

Copyright (c) 1998-2022 Muthen & Muthen
