Mplus VERSION 8.8 (Mac)
MUTHEN & MUTHEN
08/20/2024  11:04 PM

INPUT INSTRUCTIONS

  TITLE: Data Analysis for SEM with Latent Interaction

  DATA:
    FILE = /Users/jimmy_z/desktop/Temp_Data/temp_data_374.dat;
    FORMAT = FREE;

  VARIABLE:
    NAMES ARE x1 x2 x3 m1 m2 m3 y;
    USEVARIABLES ARE x1 x2 x3 m1 m2 m3 y;

  ANALYSIS:
    TYPE = RANDOM;
    ESTIMATOR = MLR;
    ALGORITHM = INTEGRATION;
    INTEGRATION = MONTECARLO;

  MODEL:
    eta1 BY x1 x2 x3;
    eta2 BY m1 m2 m3;
    eta3 | eta1 XWITH eta2;
    y ON eta1 eta2 eta3;

  OUTPUT:
    STANDARDIZED;
    TECH1;
    TECH4;





INPUT READING TERMINATED NORMALLY



Data Analysis for SEM with Latent Interaction

SUMMARY OF ANALYSIS

Number of groups                                                 1
Number of observations                                         250

Number of dependent variables                                    7
Number of independent variables                                  0
Number of continuous latent variables                            3

Observed dependent variables

  Continuous
   X1          X2          X3          M1          M2          M3
   Y

Continuous latent variables
   ETA1        ETA2        ETA3


Estimator                                                      MLR
Information matrix                                        OBSERVED
Optimization Specifications for the Quasi-Newton Algorithm for
Continuous Outcomes
  Maximum number of iterations                                 100
  Convergence criterion                                  0.100D-05
Optimization Specifications for the EM Algorithm
  Maximum number of iterations                                 500
  Convergence criteria
    Loglikelihood change                                 0.100D-02
    Relative loglikelihood change                        0.100D-05
    Derivative                                           0.100D-02
Optimization Specifications for the M step of the EM Algorithm for
Categorical Latent variables
  Number of M step iterations                                    1
  M step convergence criterion                           0.100D-02
  Basis for M step termination                           ITERATION
Optimization Specifications for the M step of the EM Algorithm for
Censored, Binary or Ordered Categorical (Ordinal), Unordered
Categorical (Nominal) and Count Outcomes
  Number of M step iterations                                    1
  M step convergence criterion                           0.100D-02
  Basis for M step termination                           ITERATION
  Maximum value for logit thresholds                            15
  Minimum value for logit thresholds                           -15
  Minimum expected cell size for chi-square              0.100D-01
Optimization algorithm                                         EMA
Integration Specifications
  Type                                                  MONTECARLO
  Number of integration points                                2000
  Dimensions of numerical integration                            2
  Adaptive quadrature                                           ON
  Monte Carlo integration seed                                   0
Cholesky                                                       OFF

Input data file(s)
  /Users/jimmy_z/desktop/Temp_Data/temp_data_374.dat
Input data format  FREE



UNIVARIATE SAMPLE STATISTICS


     UNIVARIATE HIGHER-ORDER MOMENT DESCRIPTIVE STATISTICS

         Variable/         Mean/     Skewness/   Minimum/ % with                Percentiles
        Sample Size      Variance    Kurtosis    Maximum  Min/Max      20%/60%    40%/80%    Median

     X1                    0.113       0.008      -4.665    0.40%      -1.077     -0.279      0.089
             250.000       2.422       0.570       5.853    0.40%       0.463      1.288
     X2                    0.078       0.178      -3.243    0.40%      -1.135     -0.392      0.010
             250.000       2.015      -0.383       4.290    0.40%       0.439      1.349
     X3                    0.141       0.032      -2.869    0.40%      -0.905     -0.077      0.164
             250.000       1.300       0.192       3.633    0.40%       0.370      1.060
     M1                    0.022      -0.110      -3.546    0.40%      -1.292     -0.224      0.099
             250.000       2.219      -0.327       3.809    0.40%       0.414      1.277
     M2                    0.039       0.162      -3.701    0.40%      -1.072     -0.383      0.017
             250.000       1.659       0.108       3.656    0.40%       0.255      1.117
     M3                    0.076       0.058      -2.976    0.40%      -0.892     -0.154      0.088
             250.000       1.190      -0.070       3.601    0.40%       0.422      0.912
     Y                     0.021       0.434      -2.215    0.40%      -0.875     -0.273     -0.018
             250.000       0.983       0.362       3.779    0.40%       0.281      0.777


THE MODEL ESTIMATION TERMINATED NORMALLY



MODEL FIT INFORMATION

Number of Free Parameters                       24

Loglikelihood

          H0 Value                       -2723.678
          H0 Scaling Correction Factor      1.0277
            for MLR

Information Criteria

          Akaike (AIC)                    5495.357
          Bayesian (BIC)                  5579.872
          Sample-Size Adjusted BIC        5503.790
            (n* = (n + 2) / 24)



MODEL RESULTS

                                                    Two-Tailed
                    Estimate       S.E.  Est./S.E.    P-Value

 ETA1     BY
    X1                 1.000      0.000    999.000    999.000
    X2                 0.977      0.117      8.319      0.000
    X3                 0.718      0.108      6.646      0.000

 ETA2     BY
    M1                 1.000      0.000    999.000    999.000
    M2                 0.902      0.112      8.055      0.000
    M3                 0.561      0.074      7.606      0.000

 Y          ON
    ETA1               0.301      0.090      3.330      0.001
    ETA2               0.250      0.075      3.356      0.001
    ETA3               0.195      0.100      1.951      0.051

 ETA2     WITH
    ETA1               0.010      0.091      0.107      0.915

 Intercepts
    X1                 0.113      0.098      1.143      0.253
    X2                 0.078      0.090      0.867      0.386
    X3                 0.141      0.072      1.951      0.051
    M1                 0.023      0.094      0.240      0.811
    M2                 0.039      0.082      0.481      0.630
    M3                 0.076      0.069      1.100      0.272
    Y                  0.019      0.063      0.309      0.757

 Variances
    ETA1               1.135      0.234      4.855      0.000
    ETA2               1.126      0.217      5.185      0.000

 Residual Variances
    X1                 1.282      0.150      8.548      0.000
    X2                 0.931      0.153      6.075      0.000
    X3                 0.714      0.100      7.120      0.000
    M1                 1.088      0.161      6.746      0.000
    M2                 0.743      0.152      4.879      0.000
    M3                 0.837      0.087      9.630      0.000
    Y                  0.764      0.084      9.106      0.000


QUALITY OF NUMERICAL RESULTS

     Condition Number for the Information Matrix              0.452E-03
       (ratio of smallest to largest eigenvalue)


STANDARDIZED MODEL RESULTS


STDYX Standardization

                                                    Two-Tailed
                    Estimate       S.E.  Est./S.E.    P-Value

 ETA1     BY
    X1                 0.685      0.047     14.434      0.000
    X2                 0.733      0.055     13.453      0.000
    X3                 0.671      0.058     11.541      0.000

 ETA2     BY
    M1                 0.713      0.053     13.375      0.000
    M2                 0.743      0.058     12.887      0.000
    M3                 0.545      0.056      9.709      0.000

 Y          ON
    ETA1               0.323      0.077      4.216      0.000
    ETA2               0.267      0.067      4.004      0.000
    ETA3               0.222      0.099      2.231      0.026

 ETA2     WITH
    ETA1               0.009      0.081      0.107      0.915

 Intercepts
    X1                 0.072      0.063      1.141      0.254
    X2                 0.055      0.063      0.871      0.384
    X3                 0.123      0.063      1.947      0.052
    M1                 0.015      0.063      0.240      0.811
    M2                 0.030      0.063      0.482      0.630
    M3                 0.070      0.063      1.101      0.271
    Y                  0.020      0.063      0.310      0.756

 Variances
    ETA1               1.000      0.000    999.000    999.000
    ETA2               1.000      0.000    999.000    999.000

 Residual Variances
    X1                 0.530      0.065      8.152      0.000
    X2                 0.462      0.080      5.780      0.000
    X3                 0.549      0.078      7.030      0.000
    M1                 0.492      0.076      6.465      0.000
    M2                 0.448      0.086      5.225      0.000
    M3                 0.703      0.061     11.483      0.000
    Y                  0.774      0.081      9.501      0.000


STDY Standardization

                                                    Two-Tailed
                    Estimate       S.E.  Est./S.E.    P-Value

 ETA1     BY
    X1                 0.685      0.047     14.434      0.000
    X2                 0.733      0.055     13.453      0.000
    X3                 0.671      0.058     11.541      0.000

 ETA2     BY
    M1                 0.713      0.053     13.375      0.000
    M2                 0.743      0.058     12.887      0.000
    M3                 0.545      0.056      9.709      0.000

 Y          ON
    ETA1               0.323      0.077      4.216      0.000
    ETA2               0.267      0.067      4.004      0.000
    ETA3               0.222      0.099      2.231      0.026

 ETA2     WITH
    ETA1               0.009      0.081      0.107      0.915

 Intercepts
    X1                 0.072      0.063      1.141      0.254
    X2                 0.055      0.063      0.871      0.384
    X3                 0.123      0.063      1.947      0.052
    M1                 0.015      0.063      0.240      0.811
    M2                 0.030      0.063      0.482      0.630
    M3                 0.070      0.063      1.101      0.271
    Y                  0.020      0.063      0.310      0.756

 Variances
    ETA1               1.000      0.000    999.000    999.000
    ETA2               1.000      0.000    999.000    999.000

 Residual Variances
    X1                 0.530      0.065      8.152      0.000
    X2                 0.462      0.080      5.780      0.000
    X3                 0.549      0.078      7.030      0.000
    M1                 0.492      0.076      6.465      0.000
    M2                 0.448      0.086      5.225      0.000
    M3                 0.703      0.061     11.483      0.000
    Y                  0.774      0.081      9.501      0.000


STD Standardization

                                                    Two-Tailed
                    Estimate       S.E.  Est./S.E.    P-Value

 ETA1     BY
    X1                 1.066      0.110      9.710      0.000
    X2                 1.041      0.100     10.463      0.000
    X3                 0.765      0.086      8.937      0.000

 ETA2     BY
    M1                 1.061      0.102     10.369      0.000
    M2                 0.957      0.089     10.697      0.000
    M3                 0.595      0.073      8.109      0.000

 Y          ON
    ETA1               0.321      0.081      3.955      0.000
    ETA2               0.266      0.072      3.712      0.000
    ETA3               0.220      0.102      2.154      0.031

 ETA2     WITH
    ETA1               0.009      0.081      0.107      0.915

 Intercepts
    X1                 0.113      0.098      1.143      0.253
    X2                 0.078      0.090      0.867      0.386
    X3                 0.141      0.072      1.951      0.051
    M1                 0.023      0.094      0.240      0.811
    M2                 0.039      0.082      0.481      0.630
    M3                 0.076      0.069      1.100      0.272
    Y                  0.019      0.063      0.309      0.757

 Variances
    ETA1               1.000      0.000    999.000    999.000
    ETA2               1.000      0.000    999.000    999.000

 Residual Variances
    X1                 1.282      0.150      8.548      0.000
    X2                 0.931      0.153      6.075      0.000
    X3                 0.714      0.100      7.120      0.000
    M1                 1.088      0.161      6.746      0.000
    M2                 0.743      0.152      4.879      0.000
    M3                 0.837      0.087      9.630      0.000
    Y                  0.764      0.084      9.106      0.000


R-SQUARE

    Observed                                        Two-Tailed
    Variable        Estimate       S.E.  Est./S.E.    P-Value

    X1                 0.470      0.065      7.217      0.000
    X2                 0.538      0.080      6.727      0.000
    X3                 0.451      0.078      5.771      0.000
    M1                 0.508      0.076      6.687      0.000
    M2                 0.552      0.086      6.443      0.000
    M3                 0.297      0.061      4.855      0.000
    Y                  0.226      0.081      2.777      0.005


TECHNICAL 1 OUTPUT


     PARAMETER SPECIFICATION


           NU
              X1            X2            X3            M1            M2
              ________      ________      ________      ________      ________
                    1             2             3             4             5


           NU
              M3            Y
              ________      ________
                    6             0


           LAMBDA
              ETA1          ETA2          ETA3          Y
              ________      ________      ________      ________
 X1                 0             0             0             0
 X2                 7             0             0             0
 X3                 8             0             0             0
 M1                 0             0             0             0
 M2                 0             9             0             0
 M3                 0            10             0             0
 Y                  0             0             0             0


           THETA
              X1            X2            X3            M1            M2
              ________      ________      ________      ________      ________
 X1                11
 X2                 0            12
 X3                 0             0            13
 M1                 0             0             0            14
 M2                 0             0             0             0            15
 M3                 0             0             0             0             0
 Y                  0             0             0             0             0


           THETA
              M3            Y
              ________      ________
 M3                16
 Y                  0             0


           ALPHA
              ETA1          ETA2          ETA3          Y
              ________      ________      ________      ________
                    0             0             0            17


           BETA
              ETA1          ETA2          ETA3          Y
              ________      ________      ________      ________
 ETA1               0             0             0             0
 ETA2               0             0             0             0
 ETA3               0             0             0             0
 Y                 18            19            20             0


           PSI
              ETA1          ETA2          ETA3          Y
              ________      ________      ________      ________
 ETA1              21
 ETA2              22            23
 ETA3               0             0             0
 Y                  0             0             0            24


     STARTING VALUES


           NU
              X1            X2            X3            M1            M2
              ________      ________      ________      ________      ________
                0.113         0.078         0.141         0.022         0.039


           NU
              M3            Y
              ________      ________
                0.076         0.000


           LAMBDA
              ETA1          ETA2          ETA3          Y
              ________      ________      ________      ________
 X1             1.000         0.000         0.000         0.000
 X2             1.000         0.000         0.000         0.000
 X3             1.000         0.000         0.000         0.000
 M1             0.000         1.000         0.000         0.000
 M2             0.000         1.000         0.000         0.000
 M3             0.000         1.000         0.000         0.000
 Y              0.000         0.000         0.000         1.000


           THETA
              X1            X2            X3            M1            M2
              ________      ________      ________      ________      ________
 X1             1.211
 X2             0.000         1.008
 X3             0.000         0.000         0.650
 M1             0.000         0.000         0.000         1.109
 M2             0.000         0.000         0.000         0.000         0.830
 M3             0.000         0.000         0.000         0.000         0.000
 Y              0.000         0.000         0.000         0.000         0.000


           THETA
              M3            Y
              ________      ________
 M3             0.595
 Y              0.000         0.000


           ALPHA
              ETA1          ETA2          ETA3          Y
              ________      ________      ________      ________
                0.000         0.000         0.000         0.021


           BETA
              ETA1          ETA2          ETA3          Y
              ________      ________      ________      ________
 ETA1           0.000         0.000         0.000         0.000
 ETA2           0.000         0.000         0.000         0.000
 ETA3           0.000         0.000         0.000         0.000
 Y              0.000         0.000         0.000         0.000


           PSI
              ETA1          ETA2          ETA3          Y
              ________      ________      ________      ________
 ETA1           0.050
 ETA2           0.000         0.050
 ETA3           0.000         0.000         0.000
 Y              0.000         0.000         0.000         0.492


TECHNICAL 4 OUTPUT


     ESTIMATES DERIVED FROM THE MODEL


           ESTIMATED MEANS FOR THE LATENT VARIABLES
              ETA1          ETA2          ETA3          Y
              ________      ________      ________      ________
                0.000         0.000         0.010         0.021


           S.E. FOR ESTIMATED MEANS FOR THE LATENT VARIABLES
              ETA1          ETA2          ETA3          Y
              ________      ________      ________      ________
                0.000         0.000         0.091         0.063


           EST./S.E. FOR ESTIMATED MEANS FOR THE LATENT VARIABLES
              ETA1          ETA2          ETA3          Y
              ________      ________      ________      ________
                0.000         0.000         0.107         0.339


           TWO-TAILED P-VALUE FOR ESTIMATED MEANS FOR THE LATENT VARIABLES
              ETA1          ETA2          ETA3          Y
              ________      ________      ________      ________
                1.000         1.000         0.915         0.735


           ESTIMATED COVARIANCE MATRIX FOR THE LATENT VARIABLES
              ETA1          ETA2          ETA3          Y
              ________      ________      ________      ________
 ETA1           1.135
 ETA2           0.010         1.126
 ETA3           0.000         0.000         1.278
 Y              0.344         0.285         0.249         0.987


           S.E. FOR ESTIMATED COVARIANCE MATRIX FOR THE LATENT VARIABLES
              ETA1          ETA2          ETA3          Y
              ________      ________      ________      ________
 ETA1           0.234
 ETA2           0.091         0.217
 ETA3           0.000         0.000         0.348
 Y              0.083         0.078         0.113         0.098


           EST./S.E. FOR ESTIMATED COVARIANCE MATRIX FOR THE LATENT VARIABLES
              ETA1          ETA2          ETA3          Y
              ________      ________      ________      ________
 ETA1           4.855
 ETA2           0.107         5.185
 ETA3           0.000         0.000         3.670
 Y              4.123         3.666         2.206        10.048


           TWO-TAILED P-VALUE FOR ESTIMATED COVARIANCE MATRIX FOR THE LATENT VARIABLES
              ETA1          ETA2          ETA3          Y
              ________      ________      ________      ________
 ETA1           0.000
 ETA2           0.915         0.000
 ETA3           1.000         1.000         0.000
 Y              0.000         0.000         0.027         0.000


           ESTIMATED CORRELATION MATRIX FOR THE LATENT VARIABLES
              ETA1          ETA2          ETA3          Y
              ________      ________      ________      ________
 ETA1           1.000
 ETA2           0.009         1.000
 ETA3           0.000         0.000         1.000
 Y              0.325         0.270         0.222         1.000


           S.E. FOR ESTIMATED CORRELATION MATRIX FOR THE LATENT VARIABLES
              ETA1          ETA2          ETA3          Y
              ________      ________      ________      ________
 ETA1           0.000
 ETA2           0.081         0.000
 ETA3           0.000         0.000         0.000
 Y              0.077         0.067         0.099         0.000


           EST./S.E. FOR ESTIMATED CORRELATION MATRIX FOR THE LATENT VARIABLES
              ETA1          ETA2          ETA3          Y
              ________      ________      ________      ________
 ETA1         999.000
 ETA2           0.107       999.000
 ETA3           0.000         0.000       999.000
 Y              4.200         4.043         2.232       999.000


           TWO-TAILED P-VALUE FOR ESTIMATED CORRELATION MATRIX FOR THE LATENT VARIABLES
              ETA1          ETA2          ETA3          Y
              ________      ________      ________      ________
 ETA1           0.000
 ETA2           0.915         0.000
 ETA3           1.000         1.000         0.000
 Y              0.000         0.000         0.026         0.000


     Beginning Time:  23:04:23
        Ending Time:  23:05:45
       Elapsed Time:  00:01:22



MUTHEN & MUTHEN
3463 Stoner Ave.
Los Angeles, CA  90066

Tel: (310) 391-9971
Fax: (310) 391-8971
Web: www.StatModel.com
Support: Support@StatModel.com

Copyright (c) 1998-2022 Muthen & Muthen
